05-12-2023 19:25:37.306Z;functions.bot_text_art;      ____   
05-12-2023 19:25:37.308Z;functions.bot_text_art;     [____]    
05-12-2023 19:25:37.308Z;functions.bot_text_art;   |=]()()[=|  
05-12-2023 19:25:37.309Z;functions.bot_text_art;     _\==/__    _____    ____     _        _____    ___   _  __
05-12-2023 19:25:37.310Z;functions.bot_text_art;   |__|   |_|  |  _  \  / ___|   | |      |_   _| / ___| | |/ /
05-12-2023 19:25:37.310Z;functions.bot_text_art;   |_|_/\_|_|  | |  | | | |      | |        | |   | |    | ' / 
05-12-2023 19:25:37.311Z;functions.bot_text_art;   | | __ | |  | |  | | | |      | |        | |   | |    |  <  
05-12-2023 19:25:37.312Z;functions.bot_text_art;   |_|[  ]|_|  | |__| | | |____  | |____   _| |_  | |__  | . \ 
05-12-2023 19:25:37.315Z;functions.bot_text_art;   \_|_||_|_/  |_____/   \_____| |______| |_____| \ ___| |_|\_\
05-12-2023 19:25:37.316Z;functions.bot_text_art;     |_||_|                                                     
05-12-2023 19:25:37.318Z;functions.bot_text_art;     | ||_|_   
05-12-2023 19:25:37.318Z;functions.bot_text_art;   |___||___|  
05-12-2023 19:25:37.319Z;functions.bot_text_art;               
05-12-2023 19:25:37.329Z;functions.open_RM;  OPEN PROGRAM RM
05-12-2023 19:25:53.016Z;functions.loggin_RM;  ENTER USER_NAME
05-12-2023 19:25:54.492Z;functions.loggin_RM;  ENTER PASSWORD
05-12-2023 19:25:55.529Z;functions.loggin_RM;  ENTER RM
05-12-2023 19:26:32.976Z;functions.enter_coligada;  CLICK CONTEXTO
05-12-2023 19:26:38.278Z;functions.enter_coligada;  CLICK COLIGADA 2
05-12-2023 19:26:42.435Z;functions.enter_coligada;  INSERE O COLIGADA CODE = 2
05-12-2023 19:26:42.721Z;functions.enter_coligada;  APERTA TAB PARA PREENCHER O CAMPO COM A STRING: OCEANICA ENGENHARIA E CONSULTORIA S.A.
05-12-2023 19:26:44.282Z;functions.enter_coligada;  CLICK AVANÇAR NOVAMENTE
05-12-2023 19:26:45.627Z;functions.enter_coligada;  CLICK CONCLUIR
05-12-2023 19:27:11.602Z;functions.enter_coligada;  POP UP COLIGADA DESAPARECER
05-12-2023 19:27:12.483Z;functions.enter_contas_a_pagar;  CLICK - TOTVS - LINHA RM
05-12-2023 19:27:14.412Z;functions.enter_contas_a_pagar;  CLICK - BACK OFFICE
05-12-2023 19:27:17.225Z;functions.enter_contas_a_pagar;  CLICK - GESTAO FINANCEIRA
05-12-2023 19:27:24.783Z;functions.enter_contas_a_pagar;  CLICK - CONTAS A PAGAR
05-12-2023 19:27:25.727Z;functions.waitForImage;  LANÇAMENTOS image found.
05-12-2023 19:27:27.869Z;functions.enter_contas_a_pagar;  CLICA EM LANÇAMENTOS
05-12-2023 19:27:39.101Z;functions.filter_lancamento;  ESCREVE Histórico NO FILTRO
05-12-2023 19:27:39.951Z;functions.filter_lancamento;  CLICK - BUTÃO DE SELECAO DE FILTRO
05-12-2023 19:27:42.177Z;functions.filter_lancamento;  CLICK - BUTÃO DE SELECAO DE FILTRO
05-12-2023 19:27:43.122Z;functions.filter_lancamento;  CLICK - BUTÃO DE EXECUTAR O FILTRO
05-12-2023 19:28:09.941Z;functions.desmark_filter;  CLICK CHECKBOX LANÇAMENTOS A RECEBER
05-12-2023 19:28:11.942Z;functions.desmark_filter;  CLICK CHECKBOX LANÇAMENTOS BAIXADOS
05-12-2023 19:28:14.116Z;functions.desmark_filter;  CLICK CHECKBOX LANÇAMENTOS CANCELADOS
05-12-2023 19:28:16.502Z;functions.desmark_filter;  CLICK CHECKBOX LANÇAMENTOS FATURADOS
05-12-2023 19:28:18.928Z;functions.desmark_filter;  ATUALIZA O FILTRO
05-12-2023 19:28:19.136Z;functions.waitForImage;  FILTER CLEAN image found.
05-12-2023 19:28:22.242Z;functions.filter_clean;  CLICA NO BOTÃO X DO LIMPA FILTRO
05-12-2023 19:28:26.010Z;functions.select_tipo_documento;  NOME DA COLUNA: Tipo de Documento
05-12-2023 19:28:27.800Z;functions.select_tipo_documento;  HOVER NOME DA COLUNA: Tipo de Documento
05-12-2023 19:28:27.934Z;functions.select_tipo_documento;  CLICA PARA APARECER O FILTRO PERSONALIZAR
05-12-2023 19:28:28.455Z;functions.select_tipo_documento;  CLICA NO FILTRO PERSONALIZAR
05-12-2023 19:28:30.871Z;functions.select_tipo_documento;  CLICA PARA SELECIONAR OPÇÕES DO FILTRO
05-12-2023 19:28:38.182Z;functions.select_tipo_documento;  CLICK BUTTON CONFIRMAR FILTRO
05-12-2023 19:28:38.186Z;functions.check_table_record;  VERIFICANDO SE A TABELA ESTÁ VAZIA
05-12-2023 19:28:51.151Z;functions.check_table_record;  ATENÇÃO: 

Este processo exige que seja selecionado ao menos um registro para sua execução.
Como não foi feita nenhuma seleção, você deseja executá-lo para TODOS os 54 registros?
05-12-2023 19:28:53.155Z;functions.check_table_record;  NUMERO DE TUPLAS: 54
05-12-2023 19:28:53.156Z;functions.check_table_record;  TABELA CONTÉM REGISTROS
05-12-2023 19:29:02.343Z;functions.check_table_record;  CLICK NÃO
05-12-2023 19:29:06.978Z;functions.show_exception_and_exit;  
Traceback (most recent call last):
  File "c:\Projetos\Remessa_Pix - Copia\main.py", line 25, in <module>
    check_pix()
  File "c:\Projetos\Remessa_Pix - Copia\SUBPROGRAMS\functions.py", line 370, in check_pix
    time.sleep(5)
KeyboardInterrupt
