20-11-2023 14:07:40.244Z;functions.bot_text_art;      ____   
20-11-2023 14:07:40.245Z;functions.bot_text_art;     [____]    
20-11-2023 14:07:40.246Z;functions.bot_text_art;   |=]()()[=|  
20-11-2023 14:07:40.246Z;functions.bot_text_art;     _\==/__    _____    ____     _        _____    ___   _  __
20-11-2023 14:07:40.247Z;functions.bot_text_art;   |__|   |_|  |  _  \  / ___|   | |      |_   _| / ___| | |/ /
20-11-2023 14:07:40.247Z;functions.bot_text_art;   |_|_/\_|_|  | |  | | | |      | |        | |   | |    | ' / 
20-11-2023 14:07:40.248Z;functions.bot_text_art;   | | __ | |  | |  | | | |      | |        | |   | |    |  <  
20-11-2023 14:07:40.249Z;functions.bot_text_art;   |_|[  ]|_|  | |__| | | |____  | |____   _| |_  | |__  | . \ 
20-11-2023 14:07:40.251Z;functions.bot_text_art;   \_|_||_|_/  |_____/   \_____| |______| |_____| \ ___| |_|\_\
20-11-2023 14:07:40.252Z;functions.bot_text_art;     |_||_|                                                     
20-11-2023 14:07:40.253Z;functions.bot_text_art;     | ||_|_   
20-11-2023 14:07:40.254Z;functions.bot_text_art;   |___||___|  
20-11-2023 14:07:40.255Z;functions.bot_text_art;               
20-11-2023 14:07:40.269Z;functions.open_RM;  OPEN PROGRAM RM
20-11-2023 14:07:52.719Z;functions.loggin_RM;  ENTER USER_NAME
20-11-2023 14:07:54.183Z;functions.loggin_RM;  ENTER PASSWORD
20-11-2023 14:07:55.331Z;functions.loggin_RM;  ENTER RM
20-11-2023 14:08:31.093Z;functions.enter_coligada;  CLICK CONTEXTO
20-11-2023 14:08:36.527Z;functions.enter_coligada;  CLICK COLIGADA 1
20-11-2023 14:08:38.805Z;functions.enter_coligada;  CLICK AVANÇAR
20-11-2023 14:08:41.358Z;functions.enter_coligada;  INSERE O COLIGADA CODE = 1
20-11-2023 14:08:41.583Z;functions.enter_coligada;  APERTA TAB PARA PREENCHER O CAMPO COM A STRING: OCEANICA ENGENHARIA E CONSULTORIA S.A.
20-11-2023 14:08:43.002Z;functions.enter_coligada;  CLICK AVANÇAR NOVAMENTE
20-11-2023 14:08:44.283Z;functions.enter_coligada;  CLICK CONCLUIR
20-11-2023 14:09:07.492Z;functions.enter_coligada;  POP UP COLIGADA DESAPARECER
20-11-2023 14:09:08.335Z;functions.enter_contas_a_pagar;  CLICK - TOTVS - LINHA RM
20-11-2023 14:09:10.139Z;functions.enter_contas_a_pagar;  CLICK - BACK OFFICE
20-11-2023 14:09:12.953Z;functions.enter_contas_a_pagar;  CLICK - GESTAO FINANCEIRA
20-11-2023 14:09:19.934Z;functions.enter_contas_a_pagar;  CLICK - CONTAS A PAGAR
20-11-2023 14:09:20.880Z;functions.waitForImage;  LANÇAMENTOS image found.
20-11-2023 14:09:23.004Z;functions.enter_contas_a_pagar;  CLICA EM LANÇAMENTOS
20-11-2023 14:09:25.005Z;functions.data_filter;  DATA INICIO 15-11-2023
20-11-2023 14:09:25.006Z;functions.data_filter;  DATA FIM 21-11-2023
20-11-2023 14:09:25.007Z;functions.data_filter;  CLICK - SELECIONA A DATA DE QUARTA FEIRA E DA PROXIMA TERÇA
20-11-2023 14:09:25.009Z;functions.data_filter;  QUARTA-FEIRA: 15-11-2023
20-11-2023 14:09:25.010Z;functions.data_filter;  TERCA-FEIRA: 21-11-2023
20-11-2023 14:09:34.070Z;functions.data_filter;  ESCREVE REMESSA PAGAMENTO PIX NO FILTRO
20-11-2023 14:09:34.908Z;functions.data_filter;  CLICK - BUTÃO DE SELECAO DE FILTRO
20-11-2023 14:09:38.118Z;functions.data_filter;  INSERE - DATA DE QUARTA-FEIRA: 15-11-2023
20-11-2023 14:09:40.422Z;functions.data_filter;  INSERE - DATA DA PROX TERCA-FEIRA: 21-11-2023
20-11-2023 14:09:41.348Z;functions.data_filter;  CLICK - BUTÃO DE EXECUTAR O FILTRO
20-11-2023 14:09:49.122Z;functions.waitForImage;  FILTER CLEAN image found.
20-11-2023 14:09:51.257Z;functions.filter_clean;  CLICA NO BOTÃO X DO LIMPA FILTRO
20-11-2023 14:09:54.997Z;functions.select_tipo_documento;  NOME DA COLUNA: Tipo de Documento
20-11-2023 14:09:56.759Z;functions.select_tipo_documento;  HOVER NOME DA COLUNA: Tipo de Documento
20-11-2023 14:09:56.902Z;functions.select_tipo_documento;  CLICA PARA APARECER O FILTRO PERSONALIZAR
20-11-2023 14:09:57.352Z;functions.select_tipo_documento;  CLICA NO FILTRO PERSONALIZAR
20-11-2023 14:09:59.532Z;functions.select_tipo_documento;  CLICA PARA SELECIONAR OPÇÕES DO FILTRO
20-11-2023 14:10:06.818Z;functions.select_tipo_documento;  CLICK BUTTON CONFIRMAR FILTRO
20-11-2023 14:10:06.820Z;functions.check_table_record;  VERIFICANDO SE A TABELA ESTÁ VAZIA
20-11-2023 14:10:19.836Z;functions.check_table_record;  ATENÇÃO: 

Este processo exige que seja selecionado ao menos um registro para sua execução.
Como não foi feita nenhuma seleção, você deseja executá-lo para TODOS os 8 registros?
20-11-2023 14:10:21.942Z;functions.check_table_record;  CLICK ENTER
20-11-2023 14:10:21.945Z;functions.show_exception_and_exit;  int() argument must be a string, a bytes-like object or a real number, not 're.Match'
Traceback (most recent call last):
  File "c:\Projetos\Remessas_Pix\main.py", line 17, in <module>
    result = check_table_record()
             ^^^^^^^^^^^^^^^^^^^^
  File "c:\Projetos\Remessas_Pix\SUBPROGRAMS\functions.py", line 271, in check_table_record
    rows_int = int(number_rows)
               ^^^^^^^^^^^^^^^^
TypeError: int() argument must be a string, a bytes-like object or a real number, not 're.Match'
