20-11-2023 16:48:11.823Z;functions.bot_text_art;      ____   
20-11-2023 16:48:11.824Z;functions.bot_text_art;     [____]    
20-11-2023 16:48:11.825Z;functions.bot_text_art;   |=]()()[=|  
20-11-2023 16:48:11.826Z;functions.bot_text_art;     _\==/__    _____    ____     _        _____    ___   _  __
20-11-2023 16:48:11.827Z;functions.bot_text_art;   |__|   |_|  |  _  \  / ___|   | |      |_   _| / ___| | |/ /
20-11-2023 16:48:11.828Z;functions.bot_text_art;   |_|_/\_|_|  | |  | | | |      | |        | |   | |    | ' / 
20-11-2023 16:48:11.830Z;functions.bot_text_art;   | | __ | |  | |  | | | |      | |        | |   | |    |  <  
20-11-2023 16:48:11.831Z;functions.bot_text_art;   |_|[  ]|_|  | |__| | | |____  | |____   _| |_  | |__  | . \ 
20-11-2023 16:48:11.833Z;functions.bot_text_art;   \_|_||_|_/  |_____/   \_____| |______| |_____| \ ___| |_|\_\
20-11-2023 16:48:11.834Z;functions.bot_text_art;     |_||_|                                                     
20-11-2023 16:48:11.835Z;functions.bot_text_art;     | ||_|_   
20-11-2023 16:48:11.836Z;functions.bot_text_art;   |___||___|  
20-11-2023 16:48:11.836Z;functions.bot_text_art;               
20-11-2023 16:48:11.845Z;functions.open_RM;  OPEN PROGRAM RM
20-11-2023 16:48:24.502Z;functions.loggin_RM;  ENTER USER_NAME
20-11-2023 16:48:25.911Z;functions.loggin_RM;  ENTER PASSWORD
20-11-2023 16:48:27.080Z;functions.loggin_RM;  ENTER RM
20-11-2023 16:49:03.138Z;functions.enter_coligada;  CLICK CONTEXTO
20-11-2023 16:49:08.201Z;functions.enter_coligada;  CLICK COLIGADA 1
20-11-2023 16:49:10.400Z;functions.enter_coligada;  CLICK AVANÇAR
20-11-2023 16:49:12.938Z;functions.enter_coligada;  INSERE O COLIGADA CODE = 1
20-11-2023 16:49:13.066Z;functions.enter_coligada;  APERTA TAB PARA PREENCHER O CAMPO COM A STRING: OCEANICA ENGENHARIA E CONSULTORIA S.A.
20-11-2023 16:49:14.502Z;functions.enter_coligada;  CLICK AVANÇAR NOVAMENTE
20-11-2023 16:49:15.786Z;functions.enter_coligada;  CLICK CONCLUIR
20-11-2023 16:49:40.032Z;functions.enter_coligada;  POP UP COLIGADA DESAPARECER
20-11-2023 16:49:40.876Z;functions.enter_contas_a_pagar;  CLICK - TOTVS - LINHA RM
20-11-2023 16:49:42.722Z;functions.enter_contas_a_pagar;  CLICK - BACK OFFICE
20-11-2023 16:49:45.547Z;functions.enter_contas_a_pagar;  CLICK - GESTAO FINANCEIRA
20-11-2023 16:49:52.391Z;functions.enter_contas_a_pagar;  CLICK - CONTAS A PAGAR
20-11-2023 16:49:53.312Z;functions.waitForImage;  LANÇAMENTOS image found.
20-11-2023 16:49:55.438Z;functions.enter_contas_a_pagar;  CLICA EM LANÇAMENTOS
20-11-2023 16:49:57.440Z;functions.data_filter;  DATA INICIO 15-11-2023
20-11-2023 16:49:57.441Z;functions.data_filter;  DATA FIM 21-11-2023
20-11-2023 16:49:57.442Z;functions.data_filter;  CLICK - SELECIONA A DATA DE QUARTA FEIRA E DA PROXIMA TERÇA
20-11-2023 16:49:57.444Z;functions.data_filter;  QUARTA-FEIRA: 15-11-2023
20-11-2023 16:49:57.445Z;functions.data_filter;  TERCA-FEIRA: 21-11-2023
20-11-2023 16:50:07.583Z;functions.data_filter;  ESCREVE REMESSA PAGAMENTO PIX NO FILTRO
20-11-2023 16:50:08.433Z;functions.data_filter;  CLICK - BUTÃO DE SELECAO DE FILTRO
20-11-2023 16:50:11.645Z;functions.data_filter;  INSERE - DATA DE QUARTA-FEIRA: 15-11-2023
20-11-2023 16:50:13.928Z;functions.data_filter;  INSERE - DATA DA PROX TERCA-FEIRA: 21-11-2023
20-11-2023 16:50:14.844Z;functions.data_filter;  CLICK - BUTÃO DE EXECUTAR O FILTRO
20-11-2023 16:50:23.501Z;functions.waitForImage;  FILTER CLEAN image found.
20-11-2023 16:50:25.630Z;functions.filter_clean;  CLICA NO BOTÃO X DO LIMPA FILTRO
20-11-2023 16:50:29.381Z;functions.select_tipo_documento;  NOME DA COLUNA: Tipo de Documento
20-11-2023 16:50:31.129Z;functions.select_tipo_documento;  HOVER NOME DA COLUNA: Tipo de Documento
20-11-2023 16:50:31.281Z;functions.select_tipo_documento;  CLICA PARA APARECER O FILTRO PERSONALIZAR
20-11-2023 16:50:31.873Z;functions.select_tipo_documento;  CLICA NO FILTRO PERSONALIZAR
20-11-2023 16:50:33.392Z;functions.select_tipo_documento;  CLICA PARA SELECIONAR OPÇÕES DO FILTRO
20-11-2023 16:50:40.683Z;functions.select_tipo_documento;  CLICK BUTTON CONFIRMAR FILTRO
20-11-2023 16:50:40.686Z;functions.check_table_record;  VERIFICANDO SE A TABELA ESTÁ VAZIA
20-11-2023 16:51:08.800Z;functions.show_exception_and_exit;  'NoneType' object has no attribute 'get_text'
Traceback (most recent call last):
  File "c:\Projetos\Remessas_Pix\main.py", line 17, in <module>
    result = check_table_record()
             ^^^^^^^^^^^^^^^^^^^^
  File "c:\Projetos\Remessas_Pix\SUBPROGRAMS\functions.py", line 264, in check_table_record
    txt_table = numero_registros.get_text()
                ^^^^^^^^^^^^^^^^^^^^^^^^^
AttributeError: 'NoneType' object has no attribute 'get_text'
