2024-04-01 17:17:23,977; INFO; parameters.<module>.102: Pasta local: \\Riofs\dados\Documentos Financeiro\Extratos bancarios\Ebury\2024\04 - Abril
2024-04-01 17:17:23,977; INFO; functions.getPid.1011: Dentro função GetPid

2024-04-01 17:17:24,945; INFO; functions.bot_text_art.7:     ____   
2024-04-01 17:17:24,945; INFO; functions.bot_text_art.8:    [____]    
2024-04-01 17:17:24,945; INFO; functions.bot_text_art.9:  |=]()()[=|  
2024-04-01 17:17:24,945; INFO; functions.bot_text_art.10:    _\==/__    _____    ____     _        _____    ___   _  __
2024-04-01 17:17:24,945; INFO; functions.bot_text_art.11:  |__|   |_|  |  _  \  / ___|   | |      |_   _| / ___| | |/ /
2024-04-01 17:17:24,945; INFO; functions.bot_text_art.12:  |_|_/\_|_|  | |  | | | |      | |        | |   | |    | ' / 
2024-04-01 17:17:24,963; INFO; functions.bot_text_art.13:  | | __ | |  | |  | | | |      | |        | |   | |    |  <  
2024-04-01 17:17:24,964; INFO; functions.bot_text_art.14:  |_|[  ]|_|  | |__| | | |____  | |____   _| |_  | |__  | . \ 
2024-04-01 17:17:24,965; INFO; functions.bot_text_art.15:  \_|_||_|_/  |_____/   \_____| |______| |_____| \ ___| |_|\_\
2024-04-01 17:17:24,966; INFO; functions.bot_text_art.16:    |_||_|                                                     
2024-04-01 17:17:24,979; INFO; functions.bot_text_art.17:    | ||_|_   
2024-04-01 17:17:24,981; INFO; functions.bot_text_art.18:  |___||___|  
2024-04-01 17:17:24,982; INFO; functions.bot_text_art.19:              
2024-04-01 17:17:24,985; INFO; functions.headerExcel.944: Criando EXCEL
2024-04-01 17:17:24,994; INFO; functions.headerExcel.964: EXCEL iniciado
2024-04-01 17:17:24,997; INFO; main.process.15: TODOS ARQUIVOS NA PASTA [].
2024-04-01 17:17:24,998; INFO; main.process.23: SERÃO TRATADOS 0 ARQUIVOS.
2024-04-01 17:17:24,999; INFO; main.process.24: ARQUIVOS: []
2024-04-01 17:17:25,000; INFO; main.process.28: NENHUM PDF "PARCIAL" DISPONÍVEL
2024-04-01 17:17:25,001; INFO; functions.encerra_prog.368: Fechando Excel...
2024-04-01 17:17:25,185; INFO; functions.getPid.1011: Dentro função GetPid

2024-04-01 17:17:26,148; INFO; functions.encerra_prog.374: RM ENCERRADO
2024-04-01 17:17:28,197; WARNING; errorhandler.__handle.104: Property: Unknown Property name. [1:203: -ms-interpolation-mode]
2024-04-01 17:17:28,243; WARNING; errorhandler.__handle.104: Property: Unknown Property name. [1:353: -webkit-font-smoothing]
2024-04-01 17:17:28,261; WARNING; errorhandler.__handle.104: Property: Unknown Property name. [1:483: -ms-text-size-adjust]
2024-04-01 17:17:28,264; WARNING; errorhandler.__handle.104: Property: Unknown Property name. [1:518: -webkit-text-size-adjust]
2024-04-01 17:17:28,271; WARNING; errorhandler.__handle.104: Property: Unknown Property name. [1:612: mso-table-lspace]
2024-04-01 17:17:28,274; WARNING; errorhandler.__handle.104: Property: Unknown Property name. [1:642: mso-table-rspace]
2024-04-01 17:17:28,528; WARNING; errorhandler.__handle.104: Property: Unknown Property name. [1:4734: mso-hide]
2024-04-01 17:17:28,647; WARNING; errorhandler.__handle.104: Property: Unknown Property name. [1:13: -ms-interpolation-mode]
2024-04-01 17:17:28,653; WARNING; errorhandler.__handle.104: Property: Unknown Property name. [1:49: -webkit-font-smoothing]
2024-04-01 17:17:28,660; WARNING; errorhandler.__handle.104: Property: Unknown Property name. [1:134: -ms-text-size-adjust]
2024-04-01 17:17:28,666; WARNING; errorhandler.__handle.104: Property: Unknown Property name. [1:160: -webkit-text-size-adjust]
2024-04-01 17:17:28,722; WARNING; errorhandler.__handle.104: Property: Unknown Property name. [1:26: mso-table-lspace]
2024-04-01 17:17:28,880; WARNING; errorhandler.__handle.104: Property: Unknown Property name. [1:45: mso-table-rspace]
2024-04-01 17:17:28,988; WARNING; errorhandler.__handle.104: Property: Unknown Property name. [1:92: mso-hide]
2024-04-01 17:17:29,005; ERROR; errorhandler.__handle.104: Property: No ":" after name found: align-center [1:1: align-center]
2024-04-01 17:17:29,010; ERROR; errorhandler.__handle.104: Property: No property value found: align-center [1:1: align-center]
2024-04-01 17:17:29,014; ERROR; errorhandler.__handle.104: CSSStyleDeclaration: Syntax Error in Property: align-center
2024-04-01 17:17:29,019; WARNING; errorhandler.__handle.104: Property: Unknown Property name. [1:14: -ms-interpolation-mode]
2024-04-01 17:17:30,931; INFO; functions.emailErro.934: Warning e-mail sent.
