10-10-2023 17:40:20.863Z;functions.bot_text_art;      ____   
10-10-2023 17:40:20.865Z;functions.bot_text_art;     [____]    
10-10-2023 17:40:20.866Z;functions.bot_text_art;   |=]()()[=|  
10-10-2023 17:40:20.866Z;functions.bot_text_art;     _\==/__    _____    ____     _        _____    ___   _  __
10-10-2023 17:40:20.867Z;functions.bot_text_art;   |__|   |_|  |  _  \  / ___|   | |      |_   _| / ___| | |/ /
10-10-2023 17:40:20.868Z;functions.bot_text_art;   |_|_/\_|_|  | |  | | | |      | |        | |   | |    | ' / 
10-10-2023 17:40:20.869Z;functions.bot_text_art;   | | __ | |  | |  | | | |      | |        | |   | |    |  <  
10-10-2023 17:40:20.869Z;functions.bot_text_art;   |_|[  ]|_|  | |__| | | |____  | |____   _| |_  | |__  | . \ 
10-10-2023 17:40:20.871Z;functions.bot_text_art;   \_|_||_|_/  |_____/   \_____| |______| |_____| \ ___| |_|\_\
10-10-2023 17:40:20.872Z;functions.bot_text_art;     |_||_|                                                     
10-10-2023 17:40:20.872Z;functions.bot_text_art;     | ||_|_   
10-10-2023 17:40:20.873Z;functions.bot_text_art;   |___||___|  
10-10-2023 17:40:20.873Z;functions.bot_text_art;               
10-10-2023 17:40:21.252Z;functions.open_RM;  OPEN PROGRAM RM
10-10-2023 17:40:33.607Z;functions.loggin_RM;  ENTER USER_NAME
10-10-2023 17:40:34.845Z;functions.loggin_RM;  ENTER PASSWORD
10-10-2023 17:40:35.954Z;functions.loggin_RM;  ENTER RM
10-10-2023 17:41:13.530Z;functions.enter_coligada;  CLICK CONTEXTO
10-10-2023 17:41:18.001Z;functions.enter_coligada;  CLICK COLIGADA 1
10-10-2023 17:41:19.830Z;functions.enter_coligada;  CLICK AVANÇAR
10-10-2023 17:41:22.081Z;functions.enter_coligada;  INSERE O COLIGADA CODE = 1
10-10-2023 17:41:22.188Z;functions.enter_coligada;  APERTA TAB PARA PREENCHER O CAMPO COM A STRING: OCEANICA ENGENHARIA E CONSULTORIA S.A.
10-10-2023 17:41:23.486Z;functions.enter_coligada;  CLICK AVANÇAR NOVAMENTE
10-10-2023 17:41:24.497Z;functions.enter_coligada;  CLICK CONCLUIR
10-10-2023 17:41:40.303Z;functions.enter_coligada;  POP UP COLIGADA DESAPARECER
10-10-2023 17:41:41.071Z;functions.enter_contas_a_pagar;  CLICK - TOTVS - LINHA RM
10-10-2023 17:41:42.470Z;functions.enter_contas_a_pagar;  CLICK - BACK OFFICE
10-10-2023 17:41:43.325Z;functions.enter_contas_a_pagar;  CLICK - GESTAO FINANCEIRA
10-10-2023 17:41:48.826Z;functions.enter_contas_a_pagar;  CLICK - CONTAS A PAGAR
10-10-2023 17:41:49.536Z;functions.waitForImage;  LANÇAMENTOS image found.
10-10-2023 17:41:51.660Z;functions.enter_contas_a_pagar;  CLICA EM LANÇAMENTOS
10-10-2023 17:41:53.664Z;functions.data_filter;  CLICK - SELECIONA A DATA DE QUARTA FEIRA E DA PROXIMA TERÇA
10-10-2023 17:41:53.665Z;functions.data_filter;  QUARTA-FEIRA: 11-10-2023
10-10-2023 17:41:53.665Z;functions.data_filter;  TERCA-FEIRA: 17-10-2023
10-10-2023 17:42:02.779Z;functions.data_filter;  ESCREVE REMESSA BANCÁRIA NO FILTRO
10-10-2023 17:42:03.560Z;functions.data_filter;  CLICK - BUTÃO DE SELECAO DE FILTRO
10-10-2023 17:42:06.104Z;functions.data_filter;  INSERE - DATA DE QUARTA-FEIRA: 11-10-2023
10-10-2023 17:42:08.135Z;functions.data_filter;  INSERE - DATA DA PROX TERCA-FEIRA: 17-10-2023
10-10-2023 17:42:08.940Z;functions.data_filter;  CLICK - BUTÃO DE EXECUTAR O FILTRO
10-10-2023 17:42:24.331Z;functions.waitForImage;  FILTER CLEAN image not found.
10-10-2023 17:42:43.279Z;functions.select_tipo_documento;  NOME DA COLUNA: Tipo de Documento
10-10-2023 17:42:44.859Z;functions.select_tipo_documento;  HOVER NOME DA COLUNA: Tipo de Documento
10-10-2023 17:42:44.994Z;functions.select_tipo_documento;  CLICA PARA APARECER O FILTRO PERSONALIZAR
10-10-2023 17:42:45.315Z;functions.select_tipo_documento;  CLICA NO FILTRO PERSONALIZAR
10-10-2023 17:42:46.990Z;functions.select_tipo_documento;  CLICA PARA SELECIONAR OPÇÕES DO FILTRO
10-10-2023 17:42:54.309Z;functions.select_tipo_documento;  CLICK BUTTON CONFIRMAR FILTRO
10-10-2023 17:42:56.393Z;functions.desmark_filter;  CLICK CHECKBOX LANÇAMENTOS A RECEBER
10-10-2023 17:42:57.767Z;functions.desmark_filter;  CLICK CHECKBOX LANÇAMENTOS BAIXADOS
10-10-2023 17:42:59.061Z;functions.desmark_filter;  CLICK CHECKBOX LANÇAMENTOS CANCELADOS
10-10-2023 17:43:00.416Z;functions.desmark_filter;  CLICK CHECKBOX LANÇAMENTOS FATURADOS
10-10-2023 17:43:01.777Z;functions.desmark_filter;  CLICK CHECKBOX LANÇAMENTOS FATURADOS
10-10-2023 17:43:03.082Z;functions.filter_IPTE;  CLICK NA PRIMEIRA LINHA E COLUNA DA TABELA
10-10-2023 17:43:18.189Z;functions.filter_IPTE;  147 PASSOS PARA DIREITA NA TABELA >>
10-10-2023 17:43:22.203Z;functions.filter_IPTE;  HOVER FILTER
10-10-2023 17:43:22.336Z;functions.filter_IPTE;  CLICK FILTER
10-10-2023 17:43:26.704Z;functions.filter_IPTE;  CLICA NO FILTRO PERSONALIZAR
10-10-2023 17:43:33.771Z;functions.check_table_record;  APERTA NÃO
10-10-2023 17:43:35.258Z;functions.check_table_record;  ABRE A NOTA
10-10-2023 17:43:48.273Z;functions.waitForImage;  INTEGRAÇÃO BANCÁRIA image found.
10-10-2023 17:43:50.406Z;functions.check_payment_type;  CLICA EM INTEGRAÇÃO BANCÁRIA
10-10-2023 17:44:02.767Z;functions.waitForImage;  BOLETO image not found.
10-10-2023 17:44:13.122Z;functions.waitForImage;  BOLETO MINUSCULO image not found.
10-10-2023 17:44:13.215Z;functions.waitForImage;  BOLETO MINUSCULO HABILITADO image found.
10-10-2023 17:44:15.336Z;functions.check_payment_type;  CLICA NO BOLETO EM MINUSCULO HABILITADO
10-10-2023 17:44:17.445Z;functions.waitForImage;  PRESS BUTTON OK image found.
10-10-2023 17:44:19.446Z;functions.check_payment_type;  FORMA DE PAGAMENTO BOLETO - OK
10-10-2023 17:44:21.543Z;functions.waitForImage;  PRESS BUTTON OK image found.
10-10-2023 17:44:23.656Z;functions.check_payment_type;  PRESS BUTTON OK
10-10-2023 17:44:25.792Z;functions.waitForImage;  PRESS BUTTON OK 2 image found.
10-10-2023 17:44:27.909Z;functions.check_payment_type;  PRESS BUTTON OK 2
10-10-2023 17:44:36.019Z;functions.check_table_record;  PRESS BUTTON DOWN
10-10-2023 17:44:38.124Z;functions.check_table_record;  ENTRANDO NO PRÓXIMO BOLETO
10-10-2023 17:44:45.233Z;functions.waitForImage;  INTEGRAÇÃO BANCÁRIA image found.
10-10-2023 17:44:47.345Z;functions.check_payment_type;  CLICA EM INTEGRAÇÃO BANCÁRIA
10-10-2023 17:44:49.458Z;functions.waitForImage;  BOLETO image found.
10-10-2023 17:44:51.568Z;functions.check_payment_type;  CLICA NO BOLETO
10-10-2023 17:44:53.673Z;functions.waitForImage;  PRESS BUTTON OK image found.
10-10-2023 17:44:55.674Z;functions.check_payment_type;  FORMA DE PAGAMENTO BOLETO - OK
10-10-2023 17:44:57.800Z;functions.waitForImage;  PRESS BUTTON OK image found.
10-10-2023 17:44:59.930Z;functions.check_payment_type;  PRESS BUTTON OK
10-10-2023 17:45:02.078Z;functions.waitForImage;  PRESS BUTTON OK 2 image found.
10-10-2023 17:45:04.196Z;functions.check_payment_type;  PRESS BUTTON OK 2
10-10-2023 17:45:12.304Z;functions.check_table_record;  PRESS BUTTON DOWN
10-10-2023 17:45:14.411Z;functions.check_table_record;  ENTRANDO NO PRÓXIMO BOLETO
10-10-2023 17:45:21.496Z;functions.waitForImage;  INTEGRAÇÃO BANCÁRIA image found.
10-10-2023 17:45:23.620Z;functions.check_payment_type;  CLICA EM INTEGRAÇÃO BANCÁRIA
10-10-2023 17:45:25.731Z;functions.waitForImage;  BOLETO image found.
10-10-2023 17:45:27.861Z;functions.check_payment_type;  CLICA NO BOLETO
10-10-2023 17:45:29.959Z;functions.waitForImage;  PRESS BUTTON OK image found.
10-10-2023 17:45:31.961Z;functions.check_payment_type;  FORMA DE PAGAMENTO BOLETO - OK
10-10-2023 17:45:34.085Z;functions.waitForImage;  PRESS BUTTON OK image found.
10-10-2023 17:45:36.232Z;functions.check_payment_type;  PRESS BUTTON OK
10-10-2023 17:45:38.312Z;functions.waitForImage;  PRESS BUTTON OK 2 image found.
10-10-2023 17:45:40.432Z;functions.check_payment_type;  PRESS BUTTON OK 2
10-10-2023 17:45:48.538Z;functions.check_table_record;  PRESS BUTTON DOWN
10-10-2023 17:45:50.644Z;functions.check_table_record;  ENTRANDO NO PRÓXIMO BOLETO
10-10-2023 17:45:57.758Z;functions.waitForImage;  INTEGRAÇÃO BANCÁRIA image found.
10-10-2023 17:45:59.890Z;functions.check_payment_type;  CLICA EM INTEGRAÇÃO BANCÁRIA
10-10-2023 17:46:01.999Z;functions.waitForImage;  BOLETO image found.
10-10-2023 17:46:04.113Z;functions.check_payment_type;  CLICA NO BOLETO
10-10-2023 17:46:06.229Z;functions.waitForImage;  PRESS BUTTON OK image found.
10-10-2023 17:46:08.231Z;functions.check_payment_type;  FORMA DE PAGAMENTO BOLETO - OK
10-10-2023 17:46:10.327Z;functions.waitForImage;  PRESS BUTTON OK image found.
10-10-2023 17:46:12.463Z;functions.check_payment_type;  PRESS BUTTON OK
10-10-2023 17:46:14.592Z;functions.waitForImage;  PRESS BUTTON OK 2 image found.
10-10-2023 17:46:16.706Z;functions.check_payment_type;  PRESS BUTTON OK 2
10-10-2023 17:46:22.742Z;functions.process_lancamentos;  SELECIONA TODOS OS LANÇAMENTOS PARA SEREM PROCESSADOS
10-10-2023 17:46:27.853Z;functions.process_lancamentos;  CLICA PARA APARECER CONTA/CAIXA
10-10-2023 17:46:29.200Z;functions.process_lancamentos;  SELECIONA CONTA/CAIXA
10-10-2023 17:46:30.430Z;functions.process_lancamentos;  CLICA NO BOTÃO [...]
10-10-2023 17:46:32.187Z;functions.process_lancamentos;  CLICA NO CAMPO PESQUISA E DIGITA: %3212
10-10-2023 17:46:33.334Z;functions.process_lancamentos;  CLICA NO BOTÃO DO FILTRO
10-10-2023 17:46:34.342Z;functions.process_lancamentos;  CLICA NO BOTÃO OK
10-10-2023 17:46:35.363Z;functions.process_lancamentos;  CLICA NO BOTÃO EXECUTAR
10-10-2023 17:46:52.095Z;functions.process_lancamentos;  EXECUÇÃO FINALIZADA
10-10-2023 17:46:52.281Z;functions.waitForImage;  PRESS BUTTON OK image found.
10-10-2023 17:46:54.282Z;functions.process_lancamentos;  O PROCESSAMENTO FOI EXECUTADO COM SUCESSO.
10-10-2023 17:46:57.123Z;functions.process_lancamentos;  CLICK EM FECHAR.
10-10-2023 17:47:31.924Z;functions.proccess_bordero;  CLICA EM BORDERO DE PAGAMENTO
10-10-2023 17:47:32.608Z;functions.proccess_bordero;  CLICA EM INCLUSAO DE BORDERO
10-10-2023 17:47:35.376Z;functions.proccess_bordero;  CLICA EM CONVÊNIO TRÊS PONTINHOS
10-10-2023 17:47:37.049Z;functions.proccess_bordero;  CLICA EM COMBOBOX PARA SELECIONAR O ID DO CONVÊNIO
10-10-2023 17:47:38.597Z;functions.proccess_bordero;  CLICA EM ID DO CONVÊNIO
10-10-2023 17:47:40.702Z;functions.proccess_bordero;  APERTA TAB PARA ESCREVER O ID
10-10-2023 17:47:42.805Z;functions.proccess_bordero;  ESCREVE O ID 7
10-10-2023 17:47:44.909Z;functions.proccess_bordero;  APERTA ENTER PARA SELECIONAR O ID 7 - SISPAG FORNECEDOR
10-10-2023 17:47:47.015Z;functions.proccess_bordero;  APERTA ENTER PARA ESCOLHER O ID 7 - SISPAG FORNECEDOR
10-10-2023 17:47:50.025Z;functions.proccess_bordero;  CLICA EM EXECUTAR NA INCLUSÃO DO BORDÊRO
10-10-2023 17:48:09.705Z;functions.waitForImage;  PRESS BUTTON OK image found.
10-10-2023 17:48:11.706Z;functions.proccess_bordero;  O PROCESSAMENTO DO BORDERO FOI EXECUTADO COM SUCESSO.
10-10-2023 17:48:14.634Z;functions.proccess_bordero;  CLICK EM FECHAR.
10-10-2023 17:48:16.766Z;functions.waitForImage;  FILTER CLEAN image found.
10-10-2023 17:48:18.873Z;functions.filter_clean;  CLICA NO BOTÃO X DO LIMPA FILTRO
10-10-2023 17:48:36.431Z;functions.show_exception_and_exit;  'NoneType' object has no attribute 'click'
Traceback (most recent call last):
  File "c:\projetos\remessas\main.py", line 24, in <module>
    movimentacao_bancaria()
  File "c:\projetos\remessas\SUBPROGRAMS\functions.py", line 551, in movimentacao_bancaria
    movi_bancaria.click()
    ^^^^^^^^^^^^^^^^^^^
AttributeError: 'NoneType' object has no attribute 'click'
