2024-02-19 11:41:18,004; INFO; functions.bot_text_art.16:     ____   
2024-02-19 11:41:18,004; INFO; functions.bot_text_art.17:    [____]    
2024-02-19 11:41:18,004; INFO; functions.bot_text_art.18:  |=]()()[=|  
2024-02-19 11:41:18,004; INFO; functions.bot_text_art.19:    _\==/__    _____    ____     _        _____    ___   _  __
2024-02-19 11:41:18,004; INFO; functions.bot_text_art.20:  |__|   |_|  |  _  \  / ___|   | |      |_   _| / ___| | |/ /
2024-02-19 11:41:18,004; INFO; functions.bot_text_art.21:  |_|_/\_|_|  | |  | | | |      | |        | |   | |    | ' / 
2024-02-19 11:41:18,004; INFO; functions.bot_text_art.22:  | | __ | |  | |  | | | |      | |        | |   | |    |  <  
2024-02-19 11:41:18,004; INFO; functions.bot_text_art.23:  |_|[  ]|_|  | |__| | | |____  | |____   _| |_  | |__  | . \ 
2024-02-19 11:41:18,020; INFO; functions.bot_text_art.24:  \_|_||_|_/  |_____/   \_____| |______| |_____| \ ___| |_|\_\
2024-02-19 11:41:18,020; INFO; functions.bot_text_art.25:    |_||_|                                                     
2024-02-19 11:41:18,020; INFO; functions.bot_text_art.26:    | ||_|_   
2024-02-19 11:41:18,020; INFO; functions.bot_text_art.27:  |___||___|  
2024-02-19 11:41:18,020; INFO; functions.bot_text_art.28:              
2024-02-19 11:41:18,020; DEBUG; functions.headerExcel.712: Criando EXCEL
2024-02-19 11:41:18,020; DEBUG; functions.headerExcel.730: EXCEL iniciado
2024-02-19 11:41:18,026; DEBUG; functions.open_RM.48: OPEN PROGRAM RM
2024-02-19 11:41:24,926; DEBUG; functions.loggin_RM.58: ENTER USER_NAME
2024-02-19 11:41:25,843; DEBUG; functions.loggin_RM.63: ENTER PASSWORD
2024-02-19 11:41:26,582; DEBUG; functions.loggin_RM.67: ENTER RM
2024-02-19 11:43:06,020; DEBUG; functions.enter_coligada.73: CLICK CONTEXTO
2024-02-19 11:43:09,895; DEBUG; functions.enter_coligada.76: CLICK COLIGADA 2
2024-02-19 11:43:12,551; DEBUG; functions.enter_coligada.80: INSERE O COLIGADA CODE = 2
2024-02-19 11:43:12,653; DEBUG; functions.enter_coligada.82: APERTA TAB PARA PREENCHER O CAMPO COM A STRING: OCEANICA ENGENHARIA E CONSULTORIA S.A.
2024-02-19 11:43:14,207; DEBUG; functions.enter_coligada.85: CLICK AVANÇAR NOVAMENTE
2024-02-19 11:43:17,177; DEBUG; functions.enter_coligada.89: CLICK CONCLUIR
2024-02-19 11:43:41,179; DEBUG; functions.enter_coligada.92: POP UP COLIGADA CLICADO PARA DESAPARECER
2024-02-19 11:43:41,832; DEBUG; functions.enter_contas_a_pagar.103: CLICK - TOTVS - LINHA RM
2024-02-19 11:43:44,801; DEBUG; functions.enter_contas_a_pagar.108: CLICK - BACK OFFICE
2024-02-19 11:43:47,426; DEBUG; functions.enter_contas_a_pagar.113: CLICK - GESTAO FINANCEIRA
2024-02-19 11:43:51,145; DEBUG; functions.enter_contas_a_pagar.118: CLICK - CONTAS A PAGAR
2024-02-19 11:43:51,247; INFO; functions.waitForImage.651: LANÇAMENTOS image found.
2024-02-19 11:43:51,350; DEBUG; functions.enter_contas_a_pagar.124: CLICA EM LANÇAMENTOS
2024-02-19 11:43:55,223; DEBUG; functions.filter_lancamento.152: ESCREVE Histórico NO FILTRO
2024-02-19 11:43:56,364; DEBUG; functions.filter_lancamento.158: CLICK - BOTÃO DE SELECAO DE FILTRO
2024-02-19 11:43:58,051; DEBUG; functions.filter_lancamento.165: VALOR DE 3.571,51 FILTRO
2024-02-19 11:43:58,926; DEBUG; functions.filter_lancamento.170: CLICK - BOTÃO DE EXECUTAR O FILTRO
2024-02-19 11:44:04,801; DEBUG; functions.desmark_filter.230: CLICK CHECKBOX LANÇAMENTOS A RECEBER
2024-02-19 11:44:05,739; DEBUG; functions.desmark_filter.234: CLICK CHECKBOX LANÇAMENTOS BAIXADOS
2024-02-19 11:44:06,731; DEBUG; functions.desmark_filter.238: CLICK CHECKBOX LANÇAMENTOS CANCELADOS
2024-02-19 11:44:07,758; DEBUG; functions.desmark_filter.242: CLICK CHECKBOX LANÇAMENTOS FATURADOS
2024-02-19 11:44:09,051; DEBUG; functions.desmark_filter.246: ATUALIZA O FILTRO
2024-02-19 11:44:19,160; INFO; functions.waitForImage.682: FILTER CLEAN image not found.
2024-02-19 11:44:19,160; DEBUG; functions.filter_clean.182: BOTÃO X DO LIMPA FILTRO NÃO ENCONTRADO - TENTATIVA 1
2024-02-19 11:44:29,285; INFO; functions.waitForImage.682: FILTER CLEAN image not found.
2024-02-19 11:44:29,285; DEBUG; functions.filter_clean.182: BOTÃO X DO LIMPA FILTRO NÃO ENCONTRADO - TENTATIVA 2
2024-02-19 11:44:39,379; INFO; functions.waitForImage.682: FILTER CLEAN image not found.
2024-02-19 11:44:39,379; DEBUG; functions.filter_clean.182: BOTÃO X DO LIMPA FILTRO NÃO ENCONTRADO - TENTATIVA 3
2024-02-19 11:44:40,332; DEBUG; functions.select_tipo_documento.189: NOME DA COLUNA: Tipo de Documento
2024-02-19 11:44:41,645; DEBUG; functions.select_tipo_documento.193: HOVER NOME DA COLUNA: Tipo de Documento
2024-02-19 11:44:42,240; DEBUG; functions.select_tipo_documento.208: CLICA NO FILTRO PERSONALIZAR
