2024-02-19 18:11:35,504; INFO; functions.getPid.848: Dentro função GetPid

2024-02-19 18:11:35,754; INFO; functions.getPid.858: Process RM.exe / PID: 12820 found.
2024-02-19 18:11:35,882; INFO; functions.pidKillFinish.869: Process RM.exe / PID: 12820 killed.
2024-02-19 18:11:35,923; INFO; functions.bot_text_art.16:     ____   
2024-02-19 18:11:35,931; INFO; functions.bot_text_art.17:    [____]    
2024-02-19 18:11:35,932; INFO; functions.bot_text_art.18:  |=]()()[=|  
2024-02-19 18:11:35,934; INFO; functions.bot_text_art.19:    _\==/__    _____    ____     _        _____    ___   _  __
2024-02-19 18:11:35,934; INFO; functions.bot_text_art.20:  |__|   |_|  |  _  \  / ___|   | |      |_   _| / ___| | |/ /
2024-02-19 18:11:35,935; INFO; functions.bot_text_art.21:  |_|_/\_|_|  | |  | | | |      | |        | |   | |    | ' / 
2024-02-19 18:11:35,935; INFO; functions.bot_text_art.22:  | | __ | |  | |  | | | |      | |        | |   | |    |  <  
2024-02-19 18:11:35,936; INFO; functions.bot_text_art.23:  |_|[  ]|_|  | |__| | | |____  | |____   _| |_  | |__  | . \ 
2024-02-19 18:11:35,936; INFO; functions.bot_text_art.24:  \_|_||_|_/  |_____/   \_____| |______| |_____| \ ___| |_|\_\
2024-02-19 18:11:35,936; INFO; functions.bot_text_art.25:    |_||_|                                                     
2024-02-19 18:11:35,937; INFO; functions.bot_text_art.26:    | ||_|_   
2024-02-19 18:11:35,937; INFO; functions.bot_text_art.27:  |___||___|  
2024-02-19 18:11:35,938; INFO; functions.bot_text_art.28:              
2024-02-19 18:11:35,938; INFO; functions.headerExcel.806: Criando EXCEL
2024-02-19 18:11:35,940; INFO; functions.headerExcel.824: EXCEL iniciado
2024-02-19 18:11:35,940; INFO; main.process.15: PROCESSOS EXTRAIDOS COM ERRO: 0
2024-02-19 18:11:35,940; INFO; main.process.16: PROCESSOS COM ERRO: 
2024-02-19 18:11:35,941; INFO; main.process.18: PROCESSOS EXTRAIDOS CORRETAMENTE: 1
2024-02-19 18:11:35,942; INFO; main.process.19: PROCESSOS A SEREM TRATADOS: [{'pi': 'teste', 'inv': '020558915', 'moeda': 'NOK', 'montante': '59.488,90', 'saldo': '59.488,90', 'nome': 'KONGSBERG MARITIME AS', 'cod': 'teste2'}]
2024-02-19 18:11:35,952; INFO; functions.open_RM.48: OPEN PROGRAM RM
2024-02-19 18:11:42,707; INFO; functions.loggin_RM.58: ENTER USER_NAME
2024-02-19 18:11:43,625; INFO; functions.loggin_RM.63: ENTER PASSWORD
2024-02-19 18:11:44,364; INFO; functions.loggin_RM.67: ENTER RM
2024-02-19 18:12:10,207; INFO; functions.enter_coligada.73: CLICK CONTEXTO
2024-02-19 18:12:14,207; INFO; functions.enter_coligada.76: CLICK COLIGADA 2
2024-02-19 18:12:16,661; INFO; functions.enter_coligada.80: INSERE O COLIGADA CODE = 2
2024-02-19 18:12:16,762; INFO; functions.enter_coligada.82: APERTA TAB PARA PREENCHER O CAMPO COM A STRING: OCEANICA ENGENHARIA E CONSULTORIA S.A.
2024-02-19 18:12:17,895; INFO; functions.enter_coligada.85: CLICK AVANÇAR NOVAMENTE
2024-02-19 18:12:20,942; INFO; functions.enter_coligada.89: CLICK CONCLUIR
2024-02-19 18:12:31,192; INFO; functions.enter_coligada.92: POP UP COLIGADA CLICADO PARA DESAPARECER
2024-02-19 18:12:31,832; INFO; functions.enter_contas_a_pagar.103: CLICK - TOTVS - LINHA RM
2024-02-19 18:12:34,551; INFO; functions.enter_contas_a_pagar.108: CLICK - BACK OFFICE
2024-02-19 18:12:37,176; INFO; functions.enter_contas_a_pagar.113: CLICK - GESTAO FINANCEIRA
2024-02-19 18:12:43,114; INFO; functions.enter_contas_a_pagar.118: CLICK - CONTAS A PAGAR
2024-02-19 18:12:43,212; INFO; functions.waitForImage.745: LANÇAMENTOS image found.
2024-02-19 18:12:43,314; INFO; functions.enter_contas_a_pagar.124: CLICA EM LANÇAMENTOS
2024-02-19 18:12:45,315; INFO; main.process.28: PROCESSO 1 A SER TRATADO: {'pi': 'teste', 'inv': '020558915', 'moeda': 'NOK', 'montante': '59.488,90', 'saldo': '59.488,90', 'nome': 'KONGSBERG MARITIME AS', 'cod': 'teste2'}
2024-02-19 18:12:45,315; INFO; main.process.38: pi: teste <class 'str'>

                    inv: 020558915 <class 'str'>

                    moeda: NOK <class 'str'>

                    montante: 59.488,90 <class 'str'>

                    saldo: 59.488,90 <class 'str'>

                    nome: KONGSBERG MARITIME AS <class 'str'>

                    cod: teste2 <class 'str'>
2024-02-19 18:12:50,285; INFO; functions.filter_lancamento.152: ESCREVE Histórico NO FILTRO
2024-02-19 18:12:51,395; INFO; functions.filter_lancamento.158: CLICK - BOTÃO DE SELECAO DE FILTRO
2024-02-19 18:12:53,374; INFO; functions.filter_lancamento.180: VALOR DE 020558915 FILTRO
2024-02-19 18:12:54,051; INFO; functions.filter_lancamento.185: CLICK - BOTÃO DE EXECUTAR O FILTRO
2024-02-19 18:12:57,957; INFO; functions.desmark_filter.244: CLICK CHECKBOX LANÇAMENTOS A RECEBER
2024-02-19 18:12:58,892; INFO; functions.desmark_filter.248: CLICK CHECKBOX LANÇAMENTOS BAIXADOS
2024-02-19 18:12:59,850; INFO; functions.desmark_filter.252: CLICK CHECKBOX LANÇAMENTOS CANCELADOS
2024-02-19 18:13:00,863; INFO; functions.desmark_filter.256: CLICK CHECKBOX LANÇAMENTOS FATURADOS
2024-02-19 18:13:01,895; INFO; functions.desmark_filter.260: ATUALIZA O FILTRO
2024-02-19 18:13:01,987; INFO; functions.waitForImage.745: FILTER CLEAN image found.
2024-02-19 18:13:02,089; INFO; functions.filter_clean.193: CLICA NO BOTÃO X DO LIMPA FILTRO - TENTATIVA 1
2024-02-19 18:13:14,192; INFO; functions.waitForImage.776: FILTER CLEAN image not found.
2024-02-19 18:13:14,192; INFO; functions.filter_clean.196: BOTÃO X DO LIMPA FILTRO NÃO ENCONTRADO - TENTATIVA 2
2024-02-19 18:13:24,254; INFO; functions.waitForImage.776: FILTER CLEAN image not found.
2024-02-19 18:13:24,254; INFO; functions.filter_clean.196: BOTÃO X DO LIMPA FILTRO NÃO ENCONTRADO - TENTATIVA 3
2024-02-19 18:13:25,207; INFO; functions.select_tipo_documento.203: NOME DA COLUNA: Tipo de Documento
2024-02-19 18:13:26,473; INFO; functions.select_tipo_documento.207: HOVER NOME DA COLUNA: Tipo de Documento
2024-02-19 18:13:27,090; INFO; functions.select_tipo_documento.222: CLICA NO FILTRO PERSONALIZAR
2024-02-19 18:13:28,051; INFO; functions.select_tipo_documento.226: CLICA PARA SELECIONAR OPÇÕES DO FILTRO
2024-02-19 18:13:35,114; INFO; functions.select_tipo_documento.238: CLICK BUTTON CONFIRMAR FILTRO
2024-02-19 18:13:35,114; INFO; functions.check_table_record.264: VERIFICANDO SE A TABELA ESTÁ VAZIA
2024-02-19 18:13:36,004; INFO; functions.check_table_record.268: VERIFICAdo
2024-02-19 18:13:44,206; INFO; functions.check_table_record.274: CTRL+G
2024-02-19 18:13:44,834; INFO; functions.check_table_record.278: Para este processo é necessário que existam registros na visão.
2024-02-19 18:13:47,836; INFO; functions.check_table_record.285: SEM REGISTROS ENCONTRADOS
2024-02-19 18:13:47,937; INFO; main.process.59: SEM RETORNO BAIXA MOEDA ESTRANGEIRA
2024-02-19 18:13:47,937; INFO; functions.createRowExcel.828: Criando linha do EXCEL teste - 020558915 - NOK - 59.488,90 - KONGSBERG MARITIME AS - teste2 - SEM RETORNO BAIXA MOEDA ESTRANGEIRA - NÃO FINALIZADO
2024-02-19 18:13:49,504; WARNING; errorhandler.__handle.104: Property: Unknown Property name. [1:203: -ms-interpolation-mode]
2024-02-19 18:13:49,504; WARNING; errorhandler.__handle.104: Property: Unknown Property name. [1:353: -webkit-font-smoothing]
2024-02-19 18:13:49,517; WARNING; errorhandler.__handle.104: Property: Unknown Property name. [1:483: -ms-text-size-adjust]
2024-02-19 18:13:49,518; WARNING; errorhandler.__handle.104: Property: Unknown Property name. [1:518: -webkit-text-size-adjust]
2024-02-19 18:13:49,519; WARNING; errorhandler.__handle.104: Property: Unknown Property name. [1:612: mso-table-lspace]
2024-02-19 18:13:49,520; WARNING; errorhandler.__handle.104: Property: Unknown Property name. [1:642: mso-table-rspace]
2024-02-19 18:13:49,571; WARNING; errorhandler.__handle.104: Property: Unknown Property name. [1:4734: mso-hide]
2024-02-19 18:13:49,597; WARNING; errorhandler.__handle.104: Property: Unknown Property name. [1:13: -ms-interpolation-mode]
2024-02-19 18:13:49,599; WARNING; errorhandler.__handle.104: Property: Unknown Property name. [1:49: -webkit-font-smoothing]
2024-02-19 18:13:49,600; WARNING; errorhandler.__handle.104: Property: Unknown Property name. [1:134: -ms-text-size-adjust]
2024-02-19 18:13:49,601; WARNING; errorhandler.__handle.104: Property: Unknown Property name. [1:160: -webkit-text-size-adjust]
2024-02-19 18:13:49,602; WARNING; errorhandler.__handle.104: Property: Unknown Property name. [1:26: mso-table-lspace]
2024-02-19 18:13:49,603; WARNING; errorhandler.__handle.104: Property: Unknown Property name. [1:45: mso-table-rspace]
2024-02-19 18:13:49,614; WARNING; errorhandler.__handle.104: Property: Unknown Property name. [1:92: mso-hide]
2024-02-19 18:13:49,619; ERROR; errorhandler.__handle.104: Property: No ":" after name found: align-center [1:1: align-center]
2024-02-19 18:13:49,620; ERROR; errorhandler.__handle.104: Property: No property value found: align-center [1:1: align-center]
2024-02-19 18:13:49,621; ERROR; errorhandler.__handle.104: CSSStyleDeclaration: Syntax Error in Property: align-center
2024-02-19 18:13:49,622; WARNING; errorhandler.__handle.104: Property: Unknown Property name. [1:14: -ms-interpolation-mode]
2024-02-19 18:13:51,629; INFO; functions.emailSuccess.790: Success e-mail sent.
2024-02-19 18:13:51,629; INFO; functions.encerra_prog.311: Fechando Excel...
2024-02-19 18:13:51,645; INFO; functions.getPid.848: Dentro função GetPid

2024-02-19 18:13:51,895; INFO; functions.getPid.858: Process RM.exe / PID: 14160 found.
2024-02-19 18:13:51,918; INFO; functions.pidKillFinish.869: Process RM.exe / PID: 14160 killed.
2024-02-19 18:13:51,919; INFO; functions.encerra_prog.316: RM ENCERRADO
