2024-02-19 18:47:04,707; INFO; functions.getPid.854: Dentro função GetPid

2024-02-19 18:47:04,989; INFO; functions.bot_text_art.16:     ____   
2024-02-19 18:47:04,989; INFO; functions.bot_text_art.17:    [____]    
2024-02-19 18:47:04,989; INFO; functions.bot_text_art.18:  |=]()()[=|  
2024-02-19 18:47:04,989; INFO; functions.bot_text_art.19:    _\==/__    _____    ____     _        _____    ___   _  __
2024-02-19 18:47:05,005; INFO; functions.bot_text_art.20:  |__|   |_|  |  _  \  / ___|   | |      |_   _| / ___| | |/ /
2024-02-19 18:47:05,005; INFO; functions.bot_text_art.21:  |_|_/\_|_|  | |  | | | |      | |        | |   | |    | ' / 
2024-02-19 18:47:05,005; INFO; functions.bot_text_art.22:  | | __ | |  | |  | | | |      | |        | |   | |    |  <  
2024-02-19 18:47:05,007; INFO; functions.bot_text_art.23:  |_|[  ]|_|  | |__| | | |____  | |____   _| |_  | |__  | . \ 
2024-02-19 18:47:05,007; INFO; functions.bot_text_art.24:  \_|_||_|_/  |_____/   \_____| |______| |_____| \ ___| |_|\_\
2024-02-19 18:47:05,007; INFO; functions.bot_text_art.25:    |_||_|                                                     
2024-02-19 18:47:05,008; INFO; functions.bot_text_art.26:    | ||_|_   
2024-02-19 18:47:05,008; INFO; functions.bot_text_art.27:  |___||___|  
2024-02-19 18:47:05,008; INFO; functions.bot_text_art.28:              
2024-02-19 18:47:05,008; INFO; functions.headerExcel.812: Criando EXCEL
2024-02-19 18:47:05,010; INFO; functions.headerExcel.830: EXCEL iniciado
2024-02-19 18:47:05,011; INFO; main.process.16: PROCESSOS EXTRAIDOS COM ERRO: 0
2024-02-19 18:47:05,011; INFO; main.process.17: PROCESSOS COM ERRO: 
2024-02-19 18:47:05,011; INFO; main.process.19: PROCESSOS EXTRAIDOS CORRETAMENTE: 1
2024-02-19 18:47:05,012; INFO; main.process.20: PROCESSOS A SEREM TRATADOS: [{'data': '28-01-2024', 'pi': 'teste', 'inv': '020558915', 'moeda': 'NOK', 'montante': '59.488,90', 'saldo': '59.488,90', 'nome': 'KONGSBERG MARITIME AS', 'cod': 'teste2'}]
2024-02-19 18:47:05,016; INFO; functions.open_RM.48: OPEN PROGRAM RM
2024-02-19 18:47:12,020; INFO; functions.loggin_RM.58: ENTER USER_NAME
2024-02-19 18:47:12,942; INFO; functions.loggin_RM.63: ENTER PASSWORD
2024-02-19 18:47:13,697; INFO; functions.loggin_RM.67: ENTER RM
2024-02-19 18:47:39,457; INFO; functions.enter_coligada.73: CLICK CONTEXTO
2024-02-19 18:47:43,426; INFO; functions.enter_coligada.76: CLICK COLIGADA 2
2024-02-19 18:47:46,113; INFO; functions.enter_coligada.80: INSERE O COLIGADA CODE = 2
2024-02-19 18:47:46,215; INFO; functions.enter_coligada.82: APERTA TAB PARA PREENCHER O CAMPO COM A STRING: OCEANICA ENGENHARIA E CONSULTORIA S.A.
2024-02-19 18:47:47,364; INFO; functions.enter_coligada.85: CLICK AVANÇAR NOVAMENTE
2024-02-19 18:47:50,365; INFO; functions.enter_coligada.89: CLICK CONCLUIR
2024-02-19 18:48:00,614; INFO; functions.enter_coligada.92: POP UP COLIGADA CLICADO PARA DESAPARECER
2024-02-19 18:48:01,239; INFO; functions.enter_contas_a_pagar.103: CLICK - TOTVS - LINHA RM
2024-02-19 18:48:03,958; INFO; functions.enter_contas_a_pagar.108: CLICK - BACK OFFICE
2024-02-19 18:48:06,614; INFO; functions.enter_contas_a_pagar.113: CLICK - GESTAO FINANCEIRA
2024-02-19 18:48:12,613; INFO; functions.enter_contas_a_pagar.118: CLICK - CONTAS A PAGAR
2024-02-19 18:48:12,864; INFO; functions.waitForImage.773: LANÇAMENTOS image found.
2024-02-19 18:48:12,976; INFO; functions.enter_contas_a_pagar.124: CLICA EM LANÇAMENTOS
2024-02-19 18:48:14,976; INFO; main.process.29: PROCESSO 1 A SER TRATADO: {'data': '28-01-2024', 'pi': 'teste', 'inv': '020558915', 'moeda': 'NOK', 'montante': '59.488,90', 'saldo': '59.488,90', 'nome': 'KONGSBERG MARITIME AS', 'cod': 'teste2'}
2024-02-19 18:48:14,976; INFO; main.process.42: pi: teste <class 'str'>

                    inv: 020558915 <class 'str'>

                    moeda: NOK <class 'str'>

                    montante: 59.488,90 <class 'str'>

                    saldo: 59.488,90 <class 'str'>

                    nome: KONGSBERG MARITIME AS <class 'str'>

                    cod: teste2 <class 'str'>
2024-02-19 18:48:20,348; INFO; functions.filter_lancamento.153: ESCREVE Histórico NO FILTRO
2024-02-19 18:48:21,489; INFO; functions.filter_lancamento.159: CLICK - BOTÃO DE SELECAO DE FILTRO
2024-02-19 18:48:23,501; INFO; functions.filter_lancamento.181: VALOR DE 020558915 FILTRO
2024-02-19 18:48:24,176; INFO; functions.filter_lancamento.186: CLICK - BOTÃO DE EXECUTAR O FILTRO
2024-02-19 18:48:28,020; INFO; functions.desmark_filter.245: CLICK CHECKBOX LANÇAMENTOS A RECEBER
2024-02-19 18:48:28,954; INFO; functions.desmark_filter.249: CLICK CHECKBOX LANÇAMENTOS BAIXADOS
2024-02-19 18:48:29,911; INFO; functions.desmark_filter.253: CLICK CHECKBOX LANÇAMENTOS CANCELADOS
2024-02-19 18:48:30,926; INFO; functions.desmark_filter.257: CLICK CHECKBOX LANÇAMENTOS FATURADOS
2024-02-19 18:48:31,989; INFO; functions.desmark_filter.261: ATUALIZA O FILTRO
2024-02-19 18:48:42,161; INFO; functions.waitForImage.782: FILTER CLEAN image not found.
2024-02-19 18:48:42,161; INFO; functions.filter_clean.197: BOTÃO X DO LIMPA FILTRO NÃO ENCONTRADO - TENTATIVA 1
2024-02-19 18:48:52,223; INFO; functions.waitForImage.782: FILTER CLEAN image not found.
2024-02-19 18:48:52,223; INFO; functions.filter_clean.197: BOTÃO X DO LIMPA FILTRO NÃO ENCONTRADO - TENTATIVA 2
2024-02-19 18:49:02,286; INFO; functions.waitForImage.782: FILTER CLEAN image not found.
2024-02-19 18:49:02,286; INFO; functions.filter_clean.197: BOTÃO X DO LIMPA FILTRO NÃO ENCONTRADO - TENTATIVA 3
2024-02-19 18:49:03,223; INFO; functions.select_tipo_documento.204: NOME DA COLUNA: Tipo de Documento
2024-02-19 18:49:04,504; INFO; functions.select_tipo_documento.208: HOVER NOME DA COLUNA: Tipo de Documento
2024-02-19 18:49:05,111; INFO; functions.select_tipo_documento.223: CLICA NO FILTRO PERSONALIZAR
2024-02-19 18:49:06,082; INFO; functions.select_tipo_documento.227: CLICA PARA SELECIONAR OPÇÕES DO FILTRO
2024-02-19 18:49:13,145; INFO; functions.select_tipo_documento.239: CLICK BUTTON CONFIRMAR FILTRO
2024-02-19 18:49:13,145; INFO; functions.check_table_record.265: VERIFICANDO SE A TABELA ESTÁ VAZIA
2024-02-19 18:49:14,254; INFO; functions.check_table_record.269: VERIFICAdo
2024-02-19 18:49:15,079; INFO; functions.check_table_record.275: CTRL+G
2024-02-19 18:49:15,707; INFO; functions.check_table_record.279: ATENÇÃO: 

Este processo exige que seja selecionado ao menos um registro para sua execução.
Como não foi feita nenhuma seleção, você deseja executá-lo para TODOS os 1 registros?
2024-02-19 18:49:17,713; INFO; functions.check_table_record.293: NUMERO DE REGISTROS ENCONTRADOS: 1
2024-02-19 18:49:19,432; INFO; functions.check_table_record.299: CLICK NÃO
2024-02-19 18:49:21,535; INFO; functions.check_inv.396: MOVIDO PRA CIMA 1 VEZES
2024-02-19 18:49:22,528; INFO; functions.check_inv.403: PRIMEIRA CELULA CLICADA
2024-02-19 18:49:26,081; INFO; functions.check_inv.407: 35 PASSOS PARA ESQUERDA
2024-02-19 18:49:27,903; INFO; functions.check_inv.412: 18 PASSOS PARA DIREITA
2024-02-19 18:49:29,904; INFO; functions.check_inv.418: BUSCA NA LINHA: 1
2024-02-19 18:49:29,904; INFO; functions.check_inv.424: ctrl c
2024-02-19 18:49:30,507; INFO; functions.check_inv.428: Historico completo: INV - 020558915 - KONGSBERG MARITIME AS
2024-02-19 18:49:31,008; INFO; functions.check_inv.442: INV CORRETA ENCONTRADA: 020558915
2024-02-19 18:49:31,008; INFO; functions.check_inv.443: COLIGADA CORRETA ENCONTRADA: KONGSBERG MARITIME AS
2024-02-19 18:49:31,008; INFO; main.process.71: None
2024-02-19 18:49:38,848; INFO; functions.waitForImage.773: INTEGRAÇÃO BANCÁRIA image found.
2024-02-19 18:49:40,996; INFO; functions.define_moeda.468: CLICK EM VALOR
2024-02-19 18:49:41,398; INFO; functions.define_moeda.472: 4 TAB
2024-02-19 18:49:44,601; INFO; functions.define_moeda.477: MOEDA PREENCHIDA COM NOK
2024-02-19 18:49:48,879; INFO; functions.waitForImage.751: PRESS BUTTON OK image found.
2024-02-19 18:49:50,996; INFO; functions.define_moeda.488: APERTA OK
2024-02-19 18:49:53,097; INFO; functions.baixa_inv.597: CHECK LINHA
2024-02-19 18:49:55,113; INFO; functions.baixa_inv.601: SELECIONA BOTÃO BAIXA
2024-02-19 18:50:31,542; INFO; functions.baixa_inv.608: POPUP BOTÃO OK NÃO APARECEU
2024-02-19 18:50:32,207; INFO; functions.baixa_inv.613: CLICA AVANÇAR
2024-02-19 18:50:37,926; INFO; functions.baixa_inv.619: SELECIONA SIMPLIFICADA
2024-02-19 18:50:38,989; INFO; functions.baixa_inv.623: DATA AUTOMÁTICA: 26/02/2023
2024-02-19 18:50:50,398; INFO; functions.baixa_inv.642: ERRO ENVOLVENDO MOEDA OU DATA
