2024-02-19 18:58:50,739; INFO; functions.getPid.859: Dentro função GetPid

2024-02-19 18:58:50,935; INFO; functions.getPid.869: Process RM.exe / PID: 6748 found.
2024-02-19 18:58:51,052; INFO; functions.pidKillFinish.880: Process RM.exe / PID: 6748 killed.
2024-02-19 18:58:51,064; INFO; functions.bot_text_art.16:     ____   
2024-02-19 18:58:51,066; INFO; functions.bot_text_art.17:    [____]    
2024-02-19 18:58:51,066; INFO; functions.bot_text_art.18:  |=]()()[=|  
2024-02-19 18:58:51,069; INFO; functions.bot_text_art.19:    _\==/__    _____    ____     _        _____    ___   _  __
2024-02-19 18:58:51,074; INFO; functions.bot_text_art.20:  |__|   |_|  |  _  \  / ___|   | |      |_   _| / ___| | |/ /
2024-02-19 18:58:51,077; INFO; functions.bot_text_art.21:  |_|_/\_|_|  | |  | | | |      | |        | |   | |    | ' / 
2024-02-19 18:58:51,077; INFO; functions.bot_text_art.22:  | | __ | |  | |  | | | |      | |        | |   | |    |  <  
2024-02-19 18:58:51,078; INFO; functions.bot_text_art.23:  |_|[  ]|_|  | |__| | | |____  | |____   _| |_  | |__  | . \ 
2024-02-19 18:58:51,079; INFO; functions.bot_text_art.24:  \_|_||_|_/  |_____/   \_____| |______| |_____| \ ___| |_|\_\
2024-02-19 18:58:51,079; INFO; functions.bot_text_art.25:    |_||_|                                                     
2024-02-19 18:58:51,079; INFO; functions.bot_text_art.26:    | ||_|_   
2024-02-19 18:58:51,080; INFO; functions.bot_text_art.27:  |___||___|  
2024-02-19 18:58:51,080; INFO; functions.bot_text_art.28:              
2024-02-19 18:58:51,080; INFO; functions.headerExcel.817: Criando EXCEL
2024-02-19 18:58:51,088; INFO; functions.headerExcel.835: EXCEL iniciado
2024-02-19 18:58:51,096; INFO; main.process.16: PROCESSOS EXTRAIDOS COM ERRO: 0
2024-02-19 18:58:51,100; INFO; main.process.17: PROCESSOS COM ERRO: 
2024-02-19 18:58:51,101; INFO; main.process.19: PROCESSOS EXTRAIDOS CORRETAMENTE: 1
2024-02-19 18:58:51,102; INFO; main.process.20: PROCESSOS A SEREM TRATADOS: [{'data': '28-01-2024', 'pi': 'teste', 'inv': '020558915', 'moeda': 'NOK', 'montante': '59.488,90', 'saldo': '59.488,90', 'nome': 'KONGSBERG MARITIME AS', 'cod': 'teste2'}]
2024-02-19 18:58:51,106; INFO; functions.open_RM.48: OPEN PROGRAM RM
2024-02-19 18:58:58,192; INFO; functions.loggin_RM.58: ENTER USER_NAME
2024-02-19 18:58:59,093; INFO; functions.loggin_RM.63: ENTER PASSWORD
2024-02-19 18:58:59,832; INFO; functions.loggin_RM.67: ENTER RM
2024-02-19 18:59:26,489; INFO; functions.enter_coligada.73: CLICK CONTEXTO
2024-02-19 18:59:30,520; INFO; functions.enter_coligada.76: CLICK COLIGADA 2
2024-02-19 18:59:33,254; INFO; functions.enter_coligada.80: INSERE O COLIGADA CODE = 2
2024-02-19 18:59:33,356; INFO; functions.enter_coligada.82: APERTA TAB PARA PREENCHER O CAMPO COM A STRING: OCEANICA ENGENHARIA E CONSULTORIA S.A.
2024-02-19 18:59:34,489; INFO; functions.enter_coligada.85: CLICK AVANÇAR NOVAMENTE
2024-02-19 18:59:37,490; INFO; functions.enter_coligada.89: CLICK CONCLUIR
2024-02-19 18:59:47,832; INFO; functions.enter_coligada.92: POP UP COLIGADA CLICADO PARA DESAPARECER
2024-02-19 18:59:48,458; INFO; functions.enter_contas_a_pagar.103: CLICK - TOTVS - LINHA RM
2024-02-19 18:59:51,176; INFO; functions.enter_contas_a_pagar.108: CLICK - BACK OFFICE
2024-02-19 18:59:53,801; INFO; functions.enter_contas_a_pagar.113: CLICK - GESTAO FINANCEIRA
2024-02-19 18:59:59,801; INFO; functions.enter_contas_a_pagar.118: CLICK - CONTAS A PAGAR
2024-02-19 18:59:59,897; INFO; functions.waitForImage.756: LANÇAMENTOS image found.
2024-02-19 19:00:00,000; INFO; functions.enter_contas_a_pagar.124: CLICA EM LANÇAMENTOS
2024-02-19 19:00:02,001; INFO; main.process.29: PROCESSO 1 A SER TRATADO: {'data': '28-01-2024', 'pi': 'teste', 'inv': '020558915', 'moeda': 'NOK', 'montante': '59.488,90', 'saldo': '59.488,90', 'nome': 'KONGSBERG MARITIME AS', 'cod': 'teste2'}
2024-02-19 19:00:02,001; INFO; main.process.42: data: 28012024 <class 'str'>

                    pi: teste <class 'str'>

                    inv: 020558915 <class 'str'>

                    moeda: NOK <class 'str'>

                    montante: 59.488,90 <class 'str'>

                    saldo: 59.488,90 <class 'str'>

                    nome: KONGSBERG MARITIME AS <class 'str'>

                    cod: teste2 <class 'str'>
2024-02-19 19:00:08,290; INFO; functions.filter_lancamento.153: ESCREVE Histórico NO FILTRO
2024-02-19 19:00:09,426; INFO; functions.filter_lancamento.159: CLICK - BOTÃO DE SELECAO DE FILTRO
2024-02-19 19:00:11,437; INFO; functions.filter_lancamento.181: VALOR DE 020558915 FILTRO
2024-02-19 19:00:12,114; INFO; functions.filter_lancamento.186: CLICK - BOTÃO DE EXECUTAR O FILTRO
2024-02-19 19:00:16,020; INFO; functions.desmark_filter.245: CLICK CHECKBOX LANÇAMENTOS A RECEBER
2024-02-19 19:00:16,950; INFO; functions.desmark_filter.249: CLICK CHECKBOX LANÇAMENTOS BAIXADOS
2024-02-19 19:00:17,913; INFO; functions.desmark_filter.253: CLICK CHECKBOX LANÇAMENTOS CANCELADOS
2024-02-19 19:00:19,135; INFO; functions.desmark_filter.257: CLICK CHECKBOX LANÇAMENTOS FATURADOS
2024-02-19 19:00:20,176; INFO; functions.desmark_filter.261: ATUALIZA O FILTRO
2024-02-19 19:00:30,285; INFO; functions.waitForImage.787: FILTER CLEAN image not found.
2024-02-19 19:00:30,285; INFO; functions.filter_clean.197: BOTÃO X DO LIMPA FILTRO NÃO ENCONTRADO - TENTATIVA 1
2024-02-19 19:00:40,379; INFO; functions.waitForImage.787: FILTER CLEAN image not found.
2024-02-19 19:00:40,379; INFO; functions.filter_clean.197: BOTÃO X DO LIMPA FILTRO NÃO ENCONTRADO - TENTATIVA 2
2024-02-19 19:00:50,473; INFO; functions.waitForImage.787: FILTER CLEAN image not found.
2024-02-19 19:00:50,473; INFO; functions.filter_clean.197: BOTÃO X DO LIMPA FILTRO NÃO ENCONTRADO - TENTATIVA 3
2024-02-19 19:00:51,410; INFO; functions.select_tipo_documento.204: NOME DA COLUNA: Tipo de Documento
2024-02-19 19:00:52,676; INFO; functions.select_tipo_documento.208: HOVER NOME DA COLUNA: Tipo de Documento
2024-02-19 19:00:53,268; INFO; functions.select_tipo_documento.223: CLICA NO FILTRO PERSONALIZAR
2024-02-19 19:00:54,239; INFO; functions.select_tipo_documento.227: CLICA PARA SELECIONAR OPÇÕES DO FILTRO
2024-02-19 19:01:01,301; INFO; functions.select_tipo_documento.239: CLICK BUTTON CONFIRMAR FILTRO
2024-02-19 19:01:01,301; INFO; functions.check_table_record.265: VERIFICANDO SE A TABELA ESTÁ VAZIA
2024-02-19 19:01:02,395; INFO; functions.check_table_record.269: VERIFICAdo
2024-02-19 19:01:03,225; INFO; functions.check_table_record.275: CTRL+G
2024-02-19 19:01:03,864; INFO; functions.check_table_record.279: ATENÇÃO: 

Este processo exige que seja selecionado ao menos um registro para sua execução.
Como não foi feita nenhuma seleção, você deseja executá-lo para TODOS os 1 registros?
2024-02-19 19:01:05,871; INFO; functions.check_table_record.293: NUMERO DE REGISTROS ENCONTRADOS: 1
2024-02-19 19:01:07,837; INFO; functions.check_table_record.299: CLICK NÃO
2024-02-19 19:01:09,926; INFO; functions.check_inv.396: MOVIDO PRA CIMA 1 VEZES
2024-02-19 19:01:10,902; INFO; functions.check_inv.403: PRIMEIRA CELULA CLICADA
2024-02-19 19:01:14,442; INFO; functions.check_inv.407: 35 PASSOS PARA ESQUERDA
2024-02-19 19:01:16,268; INFO; functions.check_inv.412: 18 PASSOS PARA DIREITA
2024-02-19 19:01:18,269; INFO; functions.check_inv.418: BUSCA NA LINHA: 1
2024-02-19 19:01:18,269; INFO; functions.check_inv.424: ctrl c
2024-02-19 19:01:18,871; INFO; functions.check_inv.428: Historico completo: INV - 020558915 - KONGSBERG MARITIME AS
2024-02-19 19:01:19,378; INFO; functions.check_inv.442: INV CORRETA ENCONTRADA: 020558915
2024-02-19 19:01:19,378; INFO; functions.check_inv.443: COLIGADA CORRETA ENCONTRADA: KONGSBERG MARITIME AS
2024-02-19 19:01:19,378; INFO; main.process.72: None
2024-02-19 19:01:28,535; INFO; functions.waitForImage.778: INTEGRAÇÃO BANCÁRIA image found.
2024-02-19 19:01:30,652; INFO; functions.define_moeda.468: CLICK EM VALOR
2024-02-19 19:01:31,055; INFO; functions.define_moeda.472: 4 TAB
2024-02-19 19:01:34,284; INFO; functions.define_moeda.477: MOEDA PREENCHIDA COM NOK
2024-02-19 19:01:38,536; INFO; functions.waitForImage.756: PRESS BUTTON OK image found.
2024-02-19 19:01:40,652; INFO; functions.define_moeda.488: APERTA OK
2024-02-19 19:01:42,753; INFO; functions.baixa_inv.597: CHECK LINHA
2024-02-19 19:01:43,582; INFO; functions.baixa_inv.601: SELECIONA BOTÃO BAIXA
2024-02-19 19:02:19,947; INFO; functions.baixa_inv.608: POPUP BOTÃO OK NÃO APARECEU
2024-02-19 19:02:20,614; INFO; functions.baixa_inv.613: CLICA AVANÇAR
2024-02-19 19:02:26,333; INFO; functions.baixa_inv.619: SELECIONA SIMPLIFICADA
2024-02-19 19:02:27,488; INFO; functions.baixa_inv.623: DATA AUTOMÁTICA: 26/02/2023
2024-02-19 19:02:27,488; INFO; functions.baixa_inv.630: DATAS DIFERENTES, FAZENDO ALTERAÇÃO
2024-02-19 19:02:38,864; INFO; functions.baixa_inv.647: ERRO ENVOLVENDO MOEDA OU DATA
