30-11-2023 09:27:51.116Z;functions.bot_text_art;      ____   
30-11-2023 09:27:51.117Z;functions.bot_text_art;     [____]    
30-11-2023 09:27:51.119Z;functions.bot_text_art;   |=]()()[=|  
30-11-2023 09:27:51.120Z;functions.bot_text_art;     _\==/__    _____    ____     _        _____    ___   _  __
30-11-2023 09:27:51.120Z;functions.bot_text_art;   |__|   |_|  |  _  \  / ___|   | |      |_   _| / ___| | |/ /
30-11-2023 09:27:51.121Z;functions.bot_text_art;   |_|_/\_|_|  | |  | | | |      | |        | |   | |    | ' / 
30-11-2023 09:27:51.121Z;functions.bot_text_art;   | | __ | |  | |  | | | |      | |        | |   | |    |  <  
30-11-2023 09:27:51.122Z;functions.bot_text_art;   |_|[  ]|_|  | |__| | | |____  | |____   _| |_  | |__  | . \ 
30-11-2023 09:27:51.124Z;functions.bot_text_art;   \_|_||_|_/  |_____/   \_____| |______| |_____| \ ___| |_|\_\
30-11-2023 09:27:51.124Z;functions.bot_text_art;     |_||_|                                                     
30-11-2023 09:27:51.125Z;functions.bot_text_art;     | ||_|_   
30-11-2023 09:27:51.125Z;functions.bot_text_art;   |___||___|  
30-11-2023 09:27:51.125Z;functions.bot_text_art;               
30-11-2023 09:27:51.134Z;functions.open_RM;  OPEN PROGRAM RM
30-11-2023 09:28:04.716Z;functions.loggin_RM;  ENTER USER_NAME
30-11-2023 09:28:06.123Z;functions.loggin_RM;  ENTER PASSWORD
30-11-2023 09:28:07.324Z;functions.loggin_RM;  ENTER RM
30-11-2023 09:28:43.086Z;functions.enter_coligada;  CLICK CONTEXTO
30-11-2023 09:28:48.277Z;functions.enter_coligada;  CLICK COLIGADA 1
30-11-2023 09:28:50.372Z;functions.enter_coligada;  CLICK AVANÇAR
30-11-2023 09:28:52.914Z;functions.enter_coligada;  INSERE O COLIGADA CODE = 1
30-11-2023 09:28:53.038Z;functions.enter_coligada;  APERTA TAB PARA PREENCHER O CAMPO COM A STRING: OCEANICA ENGENHARIA E CONSULTORIA S.A.
30-11-2023 09:28:54.565Z;functions.enter_coligada;  CLICK AVANÇAR NOVAMENTE
30-11-2023 09:28:55.885Z;functions.enter_coligada;  CLICK CONCLUIR
30-11-2023 09:29:20.270Z;functions.enter_coligada;  POP UP COLIGADA DESAPARECER
30-11-2023 09:29:21.123Z;functions.enter_contas_a_pagar;  CLICK - TOTVS - LINHA RM
30-11-2023 09:29:22.938Z;functions.enter_contas_a_pagar;  CLICK - BACK OFFICE
30-11-2023 09:29:25.728Z;functions.enter_contas_a_pagar;  CLICK - GESTAO FINANCEIRA
30-11-2023 09:29:33.397Z;functions.enter_contas_a_pagar;  CLICK - CONTAS A PAGAR
30-11-2023 09:29:34.285Z;functions.waitForImage;  LANÇAMENTOS image found.
30-11-2023 09:29:36.424Z;functions.enter_contas_a_pagar;  CLICA EM LANÇAMENTOS
30-11-2023 09:29:38.426Z;functions.data_filter;  DATA INICIO 29-11-2023
30-11-2023 09:29:38.427Z;functions.data_filter;  DATA FIM 05-12-2023
30-11-2023 09:29:38.428Z;functions.data_filter;  CLICK - SELECIONA A DATA DE QUARTA FEIRA E DA PROXIMA TERÇA
30-11-2023 09:29:38.430Z;functions.data_filter;  QUARTA-FEIRA: 29-11-2023
30-11-2023 09:29:38.433Z;functions.data_filter;  TERCA-FEIRA: 05-12-2023
30-11-2023 09:29:49.144Z;functions.data_filter;  ESCREVE REMESSA PAGAMENTO PIX NO FILTRO
30-11-2023 09:29:49.970Z;functions.data_filter;  CLICK - BUTÃO DE SELECAO DE FILTRO
30-11-2023 09:29:53.163Z;functions.data_filter;  INSERE - DATA DE QUARTA-FEIRA: 29-11-2023
30-11-2023 09:29:55.451Z;functions.data_filter;  INSERE - DATA DA PROX TERCA-FEIRA: 05-12-2023
30-11-2023 09:29:56.361Z;functions.data_filter;  CLICK - BUTÃO DE EXECUTAR O FILTRO
30-11-2023 09:30:18.728Z;functions.desmark_filter;  CLICK CHECKBOX LANÇAMENTOS A RECEBER
30-11-2023 09:30:20.638Z;functions.desmark_filter;  CLICK CHECKBOX LANÇAMENTOS BAIXADOS
30-11-2023 09:30:22.652Z;functions.desmark_filter;  CLICK CHECKBOX LANÇAMENTOS CANCELADOS
30-11-2023 09:30:24.660Z;functions.desmark_filter;  CLICK CHECKBOX LANÇAMENTOS FATURADOS
30-11-2023 09:30:26.687Z;functions.desmark_filter;  ATUALIZA O FILTRO
30-11-2023 09:31:26.696Z;functions.waitForImage;  FILTER CLEAN image not found.
30-11-2023 09:31:28.461Z;functions.select_tipo_documento;  NOME DA COLUNA: Tipo de Documento
30-11-2023 09:31:30.221Z;functions.select_tipo_documento;  HOVER NOME DA COLUNA: Tipo de Documento
30-11-2023 09:31:30.354Z;functions.select_tipo_documento;  CLICA PARA APARECER O FILTRO PERSONALIZAR
30-11-2023 09:31:30.677Z;functions.select_tipo_documento;  CLICA NO FILTRO PERSONALIZAR
30-11-2023 09:31:33.167Z;functions.select_tipo_documento;  CLICA PARA SELECIONAR OPÇÕES DO FILTRO
30-11-2023 09:31:40.464Z;functions.select_tipo_documento;  CLICK BUTTON CONFIRMAR FILTRO
30-11-2023 09:31:40.467Z;functions.check_table_record;  VERIFICANDO SE A TABELA ESTÁ VAZIA
30-11-2023 09:31:53.425Z;functions.check_table_record;  ATENÇÃO: 

Este processo exige que seja selecionado ao menos um registro para sua execução.
Como não foi feita nenhuma seleção, você deseja executá-lo para TODOS os 54 registros?
30-11-2023 09:31:55.428Z;functions.check_table_record;  NUMERO DE TUPLAS: 54
30-11-2023 09:31:55.429Z;functions.check_table_record;  TABELA CONTÉM REGISTROS
30-11-2023 09:32:04.351Z;functions.check_table_record;  CLICK NÃO
30-11-2023 09:32:26.167Z;functions.check_pix;  CHECK TODOS OS LANÇAMENTOS PIX
30-11-2023 09:32:34.275Z;functions.check_pix;  REF. LANÇAMENTO: 858487
30-11-2023 09:32:34.276Z;functions.show_exception_and_exit;  name 'flag_num_ref' is not defined
Traceback (most recent call last):
  File "C:\Projetos\Remessa_Pix\main.py", line 25, in <module>
    check_pix()
  File "C:\Projetos\Remessa_Pix\SUBPROGRAMS\functions.py", line 464, in check_pix
    if flag_num_ref == False:
       ^^^^^^^^^^^^
NameError: name 'flag_num_ref' is not defined
30-11-2023 09:32:36.868Z;errorhandler.__handle;  Property: Unknown Property name. [1:203: -ms-interpolation-mode]
30-11-2023 09:32:36.911Z;errorhandler.__handle;  Property: Unknown Property name. [1:353: -webkit-font-smoothing]
30-11-2023 09:32:36.926Z;errorhandler.__handle;  Property: Unknown Property name. [1:483: -ms-text-size-adjust]
30-11-2023 09:32:36.929Z;errorhandler.__handle;  Property: Unknown Property name. [1:518: -webkit-text-size-adjust]
30-11-2023 09:32:36.935Z;errorhandler.__handle;  Property: Unknown Property name. [1:612: mso-table-lspace]
30-11-2023 09:32:36.938Z;errorhandler.__handle;  Property: Unknown Property name. [1:642: mso-table-rspace]
30-11-2023 09:32:37.183Z;errorhandler.__handle;  Property: Unknown Property name. [1:4734: mso-hide]
30-11-2023 09:32:37.294Z;errorhandler.__handle;  Property: Unknown Property name. [1:13: -ms-interpolation-mode]
30-11-2023 09:32:37.299Z;errorhandler.__handle;  Property: Unknown Property name. [1:49: -webkit-font-smoothing]
30-11-2023 09:32:37.304Z;errorhandler.__handle;  Property: Unknown Property name. [1:134: -ms-text-size-adjust]
30-11-2023 09:32:37.307Z;errorhandler.__handle;  Property: Unknown Property name. [1:160: -webkit-text-size-adjust]
30-11-2023 09:32:37.312Z;errorhandler.__handle;  Property: Unknown Property name. [1:26: mso-table-lspace]
30-11-2023 09:32:37.314Z;errorhandler.__handle;  Property: Unknown Property name. [1:45: mso-table-rspace]
30-11-2023 09:32:37.355Z;errorhandler.__handle;  Property: Unknown Property name. [1:92: mso-hide]
30-11-2023 09:32:37.369Z;errorhandler.__handle;  Property: No ":" after name found: align-center [1:1: align-center]
30-11-2023 09:32:37.372Z;errorhandler.__handle;  Property: No property value found: align-center [1:1: align-center]
30-11-2023 09:32:37.375Z;errorhandler.__handle;  CSSStyleDeclaration: Syntax Error in Property: align-center
30-11-2023 09:32:37.380Z;errorhandler.__handle;  Property: Unknown Property name. [1:14: -ms-interpolation-mode]
