30-11-2023 12:07:01.004Z;functions.bot_text_art;      ____   
30-11-2023 12:07:01.005Z;functions.bot_text_art;     [____]    
30-11-2023 12:07:01.006Z;functions.bot_text_art;   |=]()()[=|  
30-11-2023 12:07:01.007Z;functions.bot_text_art;     _\==/__    _____    ____     _        _____    ___   _  __
30-11-2023 12:07:01.007Z;functions.bot_text_art;   |__|   |_|  |  _  \  / ___|   | |      |_   _| / ___| | |/ /
30-11-2023 12:07:01.008Z;functions.bot_text_art;   |_|_/\_|_|  | |  | | | |      | |        | |   | |    | ' / 
30-11-2023 12:07:01.008Z;functions.bot_text_art;   | | __ | |  | |  | | | |      | |        | |   | |    |  <  
30-11-2023 12:07:01.009Z;functions.bot_text_art;   |_|[  ]|_|  | |__| | | |____  | |____   _| |_  | |__  | . \ 
30-11-2023 12:07:01.011Z;functions.bot_text_art;   \_|_||_|_/  |_____/   \_____| |______| |_____| \ ___| |_|\_\
30-11-2023 12:07:01.011Z;functions.bot_text_art;     |_||_|                                                     
30-11-2023 12:07:01.011Z;functions.bot_text_art;     | ||_|_   
30-11-2023 12:07:01.012Z;functions.bot_text_art;   |___||___|  
30-11-2023 12:07:01.012Z;functions.bot_text_art;               
30-11-2023 12:07:01.567Z;functions.open_RM;  OPEN PROGRAM RM
30-11-2023 12:10:56.924Z;functions.loggin_RM;  ENTER USER_NAME
30-11-2023 12:10:58.327Z;functions.loggin_RM;  ENTER PASSWORD
30-11-2023 12:10:59.475Z;functions.loggin_RM;  ENTER RM
30-11-2023 12:11:36.677Z;functions.enter_coligada;  CLICK CONTEXTO
30-11-2023 12:11:41.946Z;functions.enter_coligada;  CLICK COLIGADA 1
30-11-2023 12:11:44.234Z;functions.enter_coligada;  CLICK AVANÇAR
30-11-2023 12:11:46.857Z;functions.enter_coligada;  INSERE O COLIGADA CODE = 1
30-11-2023 12:11:47.031Z;functions.enter_coligada;  APERTA TAB PARA PREENCHER O CAMPO COM A STRING: OCEANICA ENGENHARIA E CONSULTORIA S.A.
30-11-2023 12:11:48.490Z;functions.enter_coligada;  CLICK AVANÇAR NOVAMENTE
30-11-2023 12:11:49.841Z;functions.enter_coligada;  CLICK CONCLUIR
30-11-2023 12:12:14.389Z;functions.enter_coligada;  POP UP COLIGADA DESAPARECER
30-11-2023 12:12:15.216Z;functions.enter_contas_a_pagar;  CLICK - TOTVS - LINHA RM
30-11-2023 12:12:17.041Z;functions.enter_contas_a_pagar;  CLICK - BACK OFFICE
30-11-2023 12:12:19.807Z;functions.enter_contas_a_pagar;  CLICK - GESTAO FINANCEIRA
30-11-2023 12:12:27.269Z;functions.enter_contas_a_pagar;  CLICK - CONTAS A PAGAR
30-11-2023 12:12:28.136Z;functions.waitForImage;  LANÇAMENTOS image found.
30-11-2023 12:12:30.256Z;functions.enter_contas_a_pagar;  CLICA EM LANÇAMENTOS
30-11-2023 12:12:32.257Z;functions.data_filter;  DATA INICIO 29-11-2023
30-11-2023 12:12:32.259Z;functions.data_filter;  DATA FIM 05-12-2023
30-11-2023 12:12:32.259Z;functions.data_filter;  CLICK - SELECIONA A DATA DE QUARTA FEIRA E DA PROXIMA TERÇA
30-11-2023 12:12:32.263Z;functions.data_filter;  QUARTA-FEIRA: 29-11-2023
30-11-2023 12:12:32.265Z;functions.data_filter;  TERCA-FEIRA: 05-12-2023
30-11-2023 12:12:42.723Z;functions.data_filter;  ESCREVE REMESSA PAGAMENTO PIX NO FILTRO
30-11-2023 12:12:43.544Z;functions.data_filter;  CLICK - BUTÃO DE SELECAO DE FILTRO
30-11-2023 12:12:46.851Z;functions.data_filter;  INSERE - DATA DE QUARTA-FEIRA: 29-11-2023
30-11-2023 12:12:49.125Z;functions.data_filter;  INSERE - DATA DA PROX TERCA-FEIRA: 05-12-2023
30-11-2023 12:12:50.017Z;functions.data_filter;  CLICK - BUTÃO DE EXECUTAR O FILTRO
30-11-2023 12:13:11.161Z;functions.desmark_filter;  CLICK CHECKBOX LANÇAMENTOS A RECEBER
30-11-2023 12:13:13.155Z;functions.desmark_filter;  CLICK CHECKBOX LANÇAMENTOS BAIXADOS
30-11-2023 12:13:15.313Z;functions.desmark_filter;  CLICK CHECKBOX LANÇAMENTOS CANCELADOS
30-11-2023 12:13:17.636Z;functions.desmark_filter;  CLICK CHECKBOX LANÇAMENTOS FATURADOS
30-11-2023 12:13:20.008Z;functions.desmark_filter;  ATUALIZA O FILTRO
30-11-2023 12:13:20.184Z;functions.waitForImage;  FILTER CLEAN image found.
30-11-2023 12:13:23.305Z;functions.filter_clean;  CLICA NO BOTÃO X DO LIMPA FILTRO
30-11-2023 12:13:27.026Z;functions.select_tipo_documento;  NOME DA COLUNA: Tipo de Documento
30-11-2023 12:13:28.738Z;functions.select_tipo_documento;  HOVER NOME DA COLUNA: Tipo de Documento
30-11-2023 12:13:28.857Z;functions.select_tipo_documento;  CLICA PARA APARECER O FILTRO PERSONALIZAR
30-11-2023 12:13:29.192Z;functions.select_tipo_documento;  CLICA NO FILTRO PERSONALIZAR
30-11-2023 12:13:31.540Z;functions.select_tipo_documento;  CLICA PARA SELECIONAR OPÇÕES DO FILTRO
30-11-2023 12:13:39.180Z;functions.select_tipo_documento;  CLICK BUTTON CONFIRMAR FILTRO
30-11-2023 12:13:39.183Z;functions.check_table_record;  VERIFICANDO SE A TABELA ESTÁ VAZIA
30-11-2023 12:13:52.145Z;functions.check_table_record;  ATENÇÃO: 

Este processo exige que seja selecionado ao menos um registro para sua execução.
Como não foi feita nenhuma seleção, você deseja executá-lo para TODOS os 53 registros?
30-11-2023 12:13:54.148Z;functions.check_table_record;  NUMERO DE TUPLAS: 53
30-11-2023 12:13:54.150Z;functions.check_table_record;  TABELA CONTÉM REGISTROS
30-11-2023 12:14:03.071Z;functions.check_table_record;  CLICK NÃO
30-11-2023 12:14:09.372Z;functions.check_pix;  SELECIONA TODOS OS LANÇAMENTOS PARA SEREM PROCESSADOS
30-11-2023 12:14:11.110Z;functions.check_pix;  CHECK TODOS OS LANÇAMENTOS PIX
30-11-2023 12:14:12.218Z;functions.check_pix;  REF. LANÇAMENTO: total_desmark
30-11-2023 12:14:12.219Z;functions.show_exception_and_exit;  invalid literal for int() with base 10: 'total_desmark'
Traceback (most recent call last):
  File "C:\Projetos\Remessa_Pix\main.py", line 25, in <module>
    check_pix()
  File "C:\Projetos\Remessa_Pix\SUBPROGRAMS\functions.py", line 426, in check_pix
    ref_atual_int = int(ref_atual_string)
                    ^^^^^^^^^^^^^^^^^^^^^
ValueError: invalid literal for int() with base 10: 'total_desmark'
30-11-2023 12:14:14.753Z;errorhandler.__handle;  Property: Unknown Property name. [1:203: -ms-interpolation-mode]
30-11-2023 12:14:14.801Z;errorhandler.__handle;  Property: Unknown Property name. [1:353: -webkit-font-smoothing]
30-11-2023 12:14:14.822Z;errorhandler.__handle;  Property: Unknown Property name. [1:483: -ms-text-size-adjust]
30-11-2023 12:14:14.826Z;errorhandler.__handle;  Property: Unknown Property name. [1:518: -webkit-text-size-adjust]
30-11-2023 12:14:14.837Z;errorhandler.__handle;  Property: Unknown Property name. [1:612: mso-table-lspace]
30-11-2023 12:14:14.841Z;errorhandler.__handle;  Property: Unknown Property name. [1:642: mso-table-rspace]
30-11-2023 12:14:15.099Z;errorhandler.__handle;  Property: Unknown Property name. [1:4734: mso-hide]
30-11-2023 12:14:15.215Z;errorhandler.__handle;  Property: Unknown Property name. [1:13: -ms-interpolation-mode]
30-11-2023 12:14:15.224Z;errorhandler.__handle;  Property: Unknown Property name. [1:49: -webkit-font-smoothing]
30-11-2023 12:14:15.232Z;errorhandler.__handle;  Property: Unknown Property name. [1:134: -ms-text-size-adjust]
30-11-2023 12:14:15.235Z;errorhandler.__handle;  Property: Unknown Property name. [1:160: -webkit-text-size-adjust]
30-11-2023 12:14:15.247Z;errorhandler.__handle;  Property: Unknown Property name. [1:26: mso-table-lspace]
30-11-2023 12:14:15.251Z;errorhandler.__handle;  Property: Unknown Property name. [1:45: mso-table-rspace]
30-11-2023 12:14:15.302Z;errorhandler.__handle;  Property: Unknown Property name. [1:92: mso-hide]
30-11-2023 12:14:15.321Z;errorhandler.__handle;  Property: No ":" after name found: align-center [1:1: align-center]
30-11-2023 12:14:15.324Z;errorhandler.__handle;  Property: No property value found: align-center [1:1: align-center]
30-11-2023 12:14:15.329Z;errorhandler.__handle;  CSSStyleDeclaration: Syntax Error in Property: align-center
30-11-2023 12:14:15.342Z;errorhandler.__handle;  Property: Unknown Property name. [1:14: -ms-interpolation-mode]
