2024-03-20 10:29:42,526; INFO; parameters.<module>.102: Pasta local: \\Riofs\dados\Documentos Financeiro\Extratos bancarios\Ebury\2024\03 - Março
2024-03-20 10:29:42,542; INFO; functions.getPid.975: Dentro função GetPid

2024-03-20 10:29:43,447; INFO; functions.bot_text_art.7:     ____   
2024-03-20 10:29:43,447; INFO; functions.bot_text_art.8:    [____]    
2024-03-20 10:29:43,447; INFO; functions.bot_text_art.9:  |=]()()[=|  
2024-03-20 10:29:43,447; INFO; functions.bot_text_art.10:    _\==/__    _____    ____     _        _____    ___   _  __
2024-03-20 10:29:43,447; INFO; functions.bot_text_art.11:  |__|   |_|  |  _  \  / ___|   | |      |_   _| / ___| | |/ /
2024-03-20 10:29:43,447; INFO; functions.bot_text_art.12:  |_|_/\_|_|  | |  | | | |      | |        | |   | |    | ' / 
2024-03-20 10:29:43,447; INFO; functions.bot_text_art.13:  | | __ | |  | |  | | | |      | |        | |   | |    |  <  
2024-03-20 10:29:43,447; INFO; functions.bot_text_art.14:  |_|[  ]|_|  | |__| | | |____  | |____   _| |_  | |__  | . \ 
2024-03-20 10:29:43,447; INFO; functions.bot_text_art.15:  \_|_||_|_/  |_____/   \_____| |______| |_____| \ ___| |_|\_\
2024-03-20 10:29:43,447; INFO; functions.bot_text_art.16:    |_||_|                                                     
2024-03-20 10:29:43,447; INFO; functions.bot_text_art.17:    | ||_|_   
2024-03-20 10:29:43,447; INFO; functions.bot_text_art.18:  |___||___|  
2024-03-20 10:29:43,465; INFO; functions.bot_text_art.19:              
2024-03-20 10:29:43,466; INFO; functions.headerExcel.908: Criando EXCEL
2024-03-20 10:29:43,476; INFO; functions.headerExcel.928: EXCEL iniciado
2024-03-20 10:29:43,492; INFO; main.process.15: TODOS ARQUIVOS NA PASTA ['\\\\Riofs\\dados\\Documentos Financeiro\\Extratos bancarios\\Ebury\\2024\\03 - Março\\202403-Extrato mensal-EBPCLI541626 (16).pdf', '\\\\Riofs\\dados\\Documentos Financeiro\\Extratos bancarios\\Ebury\\2024\\03 - Março\\PARCIAL.pdf'].
2024-03-20 10:29:43,495; INFO; main.process.23: SERÃO TRATADOS 1 ARQUIVOS.
2024-03-20 10:29:43,497; INFO; main.process.24: ARQUIVOS: ['\\\\Riofs\\dados\\Documentos Financeiro\\Extratos bancarios\\Ebury\\2024\\03 - Março\\PARCIAL.pdf']
2024-03-20 10:29:43,498; INFO; main.process.33: INICIO DO PROCESSAMENTO DO ARQUIVO: \\Riofs\dados\Documentos Financeiro\Extratos bancarios\Ebury\2024\03 - Março\PARCIAL.pdf
2024-03-20 10:29:49,526; INFO; functions.excelProcessoCompleto.1053: Adicionando aba de PROCESSOS EXTRAÍDOS ao EXCEL existente
2024-03-20 10:29:49,526; INFO; functions.excelProcessoCompleto.1067: Aba de ERRO adicionada ao EXCEL existente
2024-03-20 10:29:49,555; INFO; main.process.42: PROCESSOS EXTRAIDOS COM ERRO: 5
2024-03-20 10:29:49,558; INFO; main.process.43: PROCESSOS COM ERRO: [{'data': '03-03-2024', 'pi': '3905741', 'inv': None, 'moeda': 'USD', 'montante': '-33929.36', 'saldo': '466029.25', 'nome': 'INCHCAPE SHIPPING SERVICES', 'cod': None}, {'data': '01-03-2024', 'pi': '3904397', 'inv': None, 'moeda': 'ASP', 'montante': '-36300.00', 'saldo': '499958.61', 'nome': 'ASP Crew Management', 'cod': None}, {'data': '08-03-2024', 'pi': '3924566', 'inv': None, 'moeda': 'USD', 'montante': '-46437.69', 'saldo': '1152127.58', 'nome': 'INCHCAPE SHIPPING SERVICES', 'cod': None}, {'data': '03-03-2024', 'pi': '3905741', 'inv': None, 'moeda': 'USD', 'montante': '-33929.36', 'saldo': '466029.25', 'nome': 'INCHCAPE SHIPPING SERVICES', 'cod': None}, {'data': '01-03-2024', 'pi': '3904397', 'inv': None, 'moeda': 'ASP', 'montante': '-36300.00', 'saldo': '499958.61', 'nome': 'ASP Crew Management', 'cod': None}]
2024-03-20 10:29:49,564; INFO; functions.excelErro.1003: Adicionando aba de ERRO ao EXCEL existente
2024-03-20 10:29:49,567; INFO; functions.excelErro.1019: Aba de ERRO adicionada ao EXCEL existente
2024-03-20 10:29:49,570; INFO; main.process.46: PROCESSOS EXTRAIDOS CORRETAMENTE: 91
2024-03-20 10:29:49,572; INFO; main.process.47: PROCESSOS A SEREM TRATADOS: [{'data': '18-03-2024', 'pi': '3943751', 'inv': '2024013', 'moeda': 'USD', 'montante': '-253062.35', 'saldo': '97875.01', 'nome': 'ENAV Asia Pte. Ltd.', 'cod': None}, {'data': '17-03-2024', 'pi': '3941404', 'inv': '2024013', 'moeda': 'EUR', 'montante': '-12100.00', 'saldo': '2914.14', 'nome': 'Ayolt M. Zoer', 'cod': None}, {'data': '17-03-2024', 'pi': '3941402', 'inv': '3635', 'moeda': 'EUR', 'montante': '-6663.26', 'saldo': '15014.14', 'nome': 'Leonardo Duran', 'cod': None}, {'data': '17-03-2024', 'pi': '3937532', 'inv': '3635', 'moeda': 'NOK', 'montante': '-270473.47', 'saldo': '9796.62', 'nome': 'Motus Technology AS', 'cod': None}, {'data': '17-03-2024', 'pi': '3941406', 'inv': '90324394', 'moeda': 'USD', 'montante': '-101366.50', 'saldo': '350937.36', 'nome': 'KONGSBERG MARITIME AS', 'cod': None}, {'data': '14-03-2024', 'pi': '3937507', 'inv': '27574', 'moeda': 'USD', 'montante': '-2975.00', 'saldo': '496201.61', 'nome': 'Infrastructure Networks Inc.', 'cod': None}, {'data': '14-03-2024', 'pi': '3937496', 'inv': '3252024', 'moeda': 'CSS', 'montante': '-9308.00', 'saldo': '499176.61', 'nome': 'CSS Kingston Logistics FZC', 'cod': None}, {'data': '14-03-2024', 'pi': '3937258', 'inv': '500714', 'moeda': 'GBP', 'montante': '-27560.00', 'saldo': '2440.12', 'nome': 'European Management Marine Corp', 'cod': None}, {'data': '13-03-2024', 'pi': '3934484', 'inv': '10023', 'moeda': 'NOK', 'montante': '-225321.84', 'saldo': '30270.09', 'nome': 'Navatech AS', 'cod': None}, {'data': '13-03-2024', 'pi': '3934462', 'inv': '361904', 'moeda': 'NOK', 'montante': '-5500000.00', 'saldo': '255591.93', 'nome': 'Green Yard Kleven AS', 'cod': None}, {'data': '13-03-2024', 'pi': '3934791', 'inv': '3704', 'moeda': 'USD', 'montante': '-5000.00', 'saldo': '1104655.72', 'nome': 'ARGO COMMUNICATIONS', 'cod': None}, {'data': '13-03-2024', 'pi': '3934790', 'inv': '3705', 'moeda': 'USD', 'montante': '-2500.00', 'saldo': '1109655.72', 'nome': 'ARGO COMMUNICATIONS', 'cod': None}, {'data': '13-03-2024', 'pi': '3934743', 'inv': '27574', 'moeda': 'USD', 'montante': '-20000.00', 'saldo': '1112155.72', 'nome': 'INCHCAPE SHIPPING SERVICES', 'cod': None}, {'data': '13-03-2024', 'pi': '3934476', 'inv': '27574', 'moeda': 'USD', 'montante': '-8661.21', 'saldo': '1132155.72', 'nome': 'Infrastructure Networks Inc.', 'cod': None}, {'data': '12-03-2024', 'pi': '3931576', 'inv': '361911', 'moeda': 'NOK', 'montante': '-101893.00', 'saldo': '5591.93', 'nome': 'Green Yard Kleven AS', 'cod': None}, {'data': '12-03-2024', 'pi': '3931573', 'inv': '1000118', 'moeda': 'USD', 'montante': '-55.00', 'saldo': '37816.93', 'nome': 'PT. SNEPAC SHIPPING', 'cod': None}, {'data': '12-03-2024', 'pi': '3931572', 'inv': '1000119', 'moeda': 'USD', 'montante': '-4762.18', 'saldo': '37871.93', 'nome': 'PT. SNEPAC SHIPPING', 'cod': None}, {'data': '12-03-2024', 'pi': '3931566', 'inv': '22024', 'moeda': 'LLC', 'montante': '-404.25', 'saldo': '42634.11', 'nome': 'Winner LLC', 'cod': None}, {'data': '11-03-2024', 'pi': '3928507', 'inv': '2023825', 'moeda': 'EUR', 'montante': '-882735.55', 'saldo': '3677.40', 'nome': 'SISTAC B.V', 'cod': None}, {'data': '11-03-2024', 'pi': '3927938', 'inv': '2023825', 'moeda': 'EUR', 'montante': '-16955.00', 'saldo': '3412.95', 'nome': 'Tschudi Ship Management AS', 'cod': None}, {'data': '11-03-2024', 'pi': '3927933', 'inv': '2023875', 'moeda': 'EUR', 'montante': '-5057.50', 'saldo': '20367.95', 'nome': 'Tschudi Ship Management AS', 'cod': None}, {'data': '11-03-2024', 'pi': '3927929', 'inv': '2024012', 'moeda': 'EUR', 'montante': '-21898.55', 'saldo': '25425.45', 'nome': 'Tschudi Ship Management AS', 'cod': None}, {'data': '11-03-2024', 'pi': '3927874', 'inv': '2024087', 'moeda': 'EUR', 'montante': '-18840.00', 'saldo': '47324.00', 'nome': 'Tschudi Ship Management AS', 'cod': None}, {'data': '11-03-2024', 'pi': '3927855', 'inv': '2023746', 'moeda': 'EUR', 'montante': '-17590.00', 'saldo': '66164.00', 'nome': 'Tschudi Ship Management AS', 'cod': None}, {'data': '11-03-2024', 'pi': '3927845', 'inv': '10713472', 'moeda': 'DNV', 'montante': '-1650.00', 'saldo': '83754.00', 'nome': 'DNV AS', 'cod': None}, {'data': '11-03-2024', 'pi': '3927824', 'inv': '10702689', 'moeda': 'DNV', 'montante': '-7920.46', 'saldo': '85404.00', 'nome': 'DNV AS', 'cod': None}, {'data': '11-03-2024', 'pi': '3927817', 'inv': '10706379', 'moeda': 'DNV', 'montante': '-3073.15', 'saldo': '93324.46', 'nome': 'DNV AS', 'cod': None}, {'data': '11-03-2024', 'pi': '3927810', 'inv': '10691423', 'moeda': 'DNV', 'montante': '-2100.00', 'saldo': '96397.61', 'nome': 'DNV AS', 'cod': None}, {'data': '11-03-2024', 'pi': '3927800', 'inv': '10706682', 'moeda': 'DNV', 'montante': '-1142.60', 'saldo': '98497.61', 'nome': 'DNV AS', 'cod': None}, {'data': '11-03-2024', 'pi': '3927783', 'inv': '10706380', 'moeda': 'DNV', 'montante': '-3523.08', 'saldo': '99640.21', 'nome': 'DNV AS', 'cod': None}, {'data': '11-03-2024', 'pi': '3927731', 'inv': '1705', 'moeda': 'ASP', 'montante': '-5050.00', 'saldo': '1142875.32', 'nome': 'ASP Crew Management', 'cod': None}, {'data': '08-03-2024', 'pi': '3925171', 'inv': '22305981', 'moeda': 'USD', 'montante': '-1370.00', 'saldo': '1147925.32', 'nome': 'Fugro Norway AS', 'cod': None}, {'data': '08-03-2024', 'pi': '3925159', 'inv': '22306236', 'moeda': 'USD', 'montante': '-200.00', 'saldo': '1149295.32', 'nome': 'Fugro Norway AS', 'cod': None}, {'data': '08-03-2024', 'pi': '3925112', 'inv': '26766', 'moeda': 'USD', 'montante': '-2632.26', 'saldo': '1149495.32', 'nome': 'Infrastructure Networks Inc.', 'cod': None}, {'data': '08-03-2024', 'pi': '3924566', 'inv': '1625977', 'moeda': 'USD', 'montante': '-46437.69', 'saldo': '1152127.58', 'nome': 'INCHCAPE SHIPPING SERVICES', 'cod': None}, {'data': '08-03-2024', 'pi': '3924503', 'inv': '1625977', 'moeda': 'EUR', 'montante': '-49025.14', 'saldo': '3163.29', 'nome': 'Loyens and Loeff N.V', 'cod': None}, {'data': '07-03-2024', 'pi': '3920082', 'inv': '2342', 'moeda': 'NOK', 'montante': '-102850.10', 'saldo': '5484.93', 'nome': 'Tyrholm and Farstad AS', 'cod': None}, {'data': '07-03-2024', 'pi': '3920051', 'inv': '3555', 'moeda': 'NOK', 'montante': '-498030.00', 'saldo': '5335.03', 'nome': 'Motus Technology AS', 'cod': None}, {'data': '06-03-2024', 'pi': '3917990', 'inv': '1625975', 'moeda': 'EUR', 'montante': '-1165.00', 'saldo': '1188.43', 'nome': 'Tufton Corporate Services Limited', 'cod': None}, {'data': '05-03-2024', 'pi': '3913737', 'inv': '1625975', 'moeda': 'EUR', 'montante': '-13205.65', 'saldo': '2353.43', 'nome': 'Loyens and Loeff N.V', 'cod': None}, {'data': '05-03-2024', 'pi': '3913755', 'inv': '5233081', 'moeda': 'EUR', 'montante': '-1042.89', 'saldo': '559.08', 'nome': 'Meijers Vitaal B.V', 'cod': None}, {'data': '04-03-2024', 'pi': '3910113', 'inv': '20230507', 'moeda': 'EUR', 'montante': '-3501.74', 'saldo': '1601.97', 'nome': 'Vanolde', 'cod': None}, {'data': '04-03-2024', 'pi': '3910125', 'inv': '1028061', 'moeda': 'NOK', 'montante': '-36636.00', 'saldo': '3365.03', 'nome': 'DIMO', 'cod': None}, {'data': '04-03-2024', 'pi': '3910112', 'inv': '20230330', 'moeda': 'EUR', 'montante': '-11077.55', 'saldo': '5103.71', 'nome': 'Vanolde', 'cod': None}, {'data': '04-03-2024', 'pi': '3910103', 'inv': '10694228', 'moeda': 'DNV', 'montante': '-7950.00', 'saldo': '16181.26', 'nome': 'DNV AS', 'cod': None}, {'data': '04-03-2024', 'pi': '3910101', 'inv': '10703572', 'moeda': 'DNV', 'montante': '-75869.06', 'saldo': '24131.26', 'nome': 'DNV AS', 'cod': None}, {'data': '17-03-2024', 'pi': '3937532', 'inv': '3635', 'moeda': 'NOK', 'montante': '-270473.47', 'saldo': '9796.62', 'nome': 'Motus Technology AS', 'cod': None}, {'data': '13-03-2024', 'pi': '3934484', 'inv': '10023', 'moeda': 'NOK', 'montante': '-225321.84', 'saldo': '30270.09', 'nome': 'Navatech AS', 'cod': None}, {'data': '13-03-2024', 'pi': '3934462', 'inv': '361904', 'moeda': 'NOK', 'montante': '-5500000.00', 'saldo': '255591.93', 'nome': 'Green Yard Kleven AS', 'cod': None}, {'data': '12-03-2024', 'pi': '3931576', 'inv': '361911', 'moeda': 'NOK', 'montante': '-101893.00', 'saldo': '5591.93', 'nome': 'Green Yard Kleven AS', 'cod': None}, {'data': '07-03-2024', 'pi': '3920082', 'inv': '2342', 'moeda': 'NOK', 'montante': '-102850.10', 'saldo': '5484.93', 'nome': 'Tyrholm and Farstad AS', 'cod': None}, {'data': '07-03-2024', 'pi': '3920051', 'inv': '3555', 'moeda': 'NOK', 'montante': '-498030.00', 'saldo': '5335.03', 'nome': 'Motus Technology AS', 'cod': None}, {'data': '04-03-2024', 'pi': '3910125', 'inv': '1028061', 'moeda': 'NOK', 'montante': '-36636.00', 'saldo': '3365.03', 'nome': 'DIMO', 'cod': None}, {'data': '18-03-2024', 'pi': '3943751', 'inv': '90324394', 'moeda': 'USD', 'montante': '-253062.35', 'saldo': '97875.01', 'nome': 'ENAV Asia Pte. Ltd.', 'cod': None}, {'data': '17-03-2024', 'pi': '3941406', 'inv': '90324394', 'moeda': 'USD', 'montante': '-101366.50', 'saldo': '350937.36', 'nome': 'KONGSBERG MARITIME AS', 'cod': None}, {'data': '14-03-2024', 'pi': '3937507', 'inv': '27574', 'moeda': 'USD', 'montante': '-2975.00', 'saldo': '496201.61', 'nome': 'Infrastructure Networks Inc.', 'cod': None}, {'data': '14-03-2024', 'pi': '3937496', 'inv': '3252024', 'moeda': 'CSS', 'montante': '-9308.00', 'saldo': '499176.61', 'nome': 'CSS Kingston Logistics FZC', 'cod': None}, {'data': '13-03-2024', 'pi': '3934791', 'inv': '3704', 'moeda': 'USD', 'montante': '-5000.00', 'saldo': '1104655.72', 'nome': 'ARGO COMMUNICATIONS', 'cod': None}, {'data': '13-03-2024', 'pi': '3934790', 'inv': '3705', 'moeda': 'USD', 'montante': '-2500.00', 'saldo': '1109655.72', 'nome': 'ARGO COMMUNICATIONS', 'cod': None}, {'data': '13-03-2024', 'pi': '3934743', 'inv': '27574', 'moeda': 'USD', 'montante': '-20000.00', 'saldo': '1112155.72', 'nome': 'INCHCAPE SHIPPING SERVICES', 'cod': None}, {'data': '13-03-2024', 'pi': '3934476', 'inv': '27574', 'moeda': 'USD', 'montante': '-8661.21', 'saldo': '1132155.72', 'nome': 'Infrastructure Networks Inc.', 'cod': None}, {'data': '12-03-2024', 'pi': '3931573', 'inv': '1000118', 'moeda': 'USD', 'montante': '-55.00', 'saldo': '37816.93', 'nome': 'PT. SNEPAC SHIPPING', 'cod': None}, {'data': '12-03-2024', 'pi': '3931572', 'inv': '1000119', 'moeda': 'USD', 'montante': '-4762.18', 'saldo': '37871.93', 'nome': 'PT. SNEPAC SHIPPING', 'cod': None}, {'data': '12-03-2024', 'pi': '3931566', 'inv': '22024', 'moeda': 'LLC', 'montante': '-404.25', 'saldo': '42634.11', 'nome': 'Winner LLC', 'cod': None}, {'data': '11-03-2024', 'pi': '3927731', 'inv': '1705', 'moeda': 'ASP', 'montante': '-5050.00', 'saldo': '1142875.32', 'nome': 'ASP Crew Management', 'cod': None}, {'data': '08-03-2024', 'pi': '3925171', 'inv': '22305981', 'moeda': 'USD', 'montante': '-1370.00', 'saldo': '1147925.32', 'nome': 'Fugro Norway AS', 'cod': None}, {'data': '08-03-2024', 'pi': '3925159', 'inv': '22306236', 'moeda': 'USD', 'montante': '-200.00', 'saldo': '1149295.32', 'nome': 'Fugro Norway AS', 'cod': None}, {'data': '08-03-2024', 'pi': '3925112', 'inv': '26766', 'moeda': 'USD', 'montante': '-2632.26', 'saldo': '1149495.32', 'nome': 'Infrastructure Networks Inc.', 'cod': None}, {'data': '14-03-2024', 'pi': '3937258', 'inv': '500714', 'moeda': 'GBP', 'montante': '-27560.00', 'saldo': '2440.12', 'nome': 'European Management Marine Corp', 'cod': None}, {'data': '17-03-2024', 'pi': '3941404', 'inv': '2024013', 'moeda': 'EUR', 'montante': '-12100.00', 'saldo': '2914.14', 'nome': 'Ayolt M. Zoer', 'cod': None}, {'data': '17-03-2024', 'pi': '3941402', 'inv': '2023825', 'moeda': 'EUR', 'montante': '-6663.26', 'saldo': '15014.14', 'nome': 'Leonardo Duran', 'cod': None}, {'data': '11-03-2024', 'pi': '3928507', 'inv': '2023825', 'moeda': 'EUR', 'montante': '-882735.55', 'saldo': '3677.40', 'nome': 'SISTAC B.V', 'cod': None}, {'data': '11-03-2024', 'pi': '3927938', 'inv': '2023825', 'moeda': 'EUR', 'montante': '-16955.00', 'saldo': '3412.95', 'nome': 'Tschudi Ship Management AS', 'cod': None}, {'data': '11-03-2024', 'pi': '3927933', 'inv': '2023875', 'moeda': 'EUR', 'montante': '-5057.50', 'saldo': '20367.95', 'nome': 'Tschudi Ship Management AS', 'cod': None}, {'data': '11-03-2024', 'pi': '3927929', 'inv': '2024012', 'moeda': 'EUR', 'montante': '-21898.55', 'saldo': '25425.45', 'nome': 'Tschudi Ship Management AS', 'cod': None}, {'data': '11-03-2024', 'pi': '3927874', 'inv': '2024087', 'moeda': 'EUR', 'montante': '-18840.00', 'saldo': '47324.00', 'nome': 'Tschudi Ship Management AS', 'cod': None}, {'data': '11-03-2024', 'pi': '3927855', 'inv': '2023746', 'moeda': 'EUR', 'montante': '-17590.00', 'saldo': '66164.00', 'nome': 'Tschudi Ship Management AS', 'cod': None}, {'data': '11-03-2024', 'pi': '3927845', 'inv': '10713472', 'moeda': 'DNV', 'montante': '-1650.00', 'saldo': '83754.00', 'nome': 'DNV AS', 'cod': None}, {'data': '11-03-2024', 'pi': '3927824', 'inv': '10702689', 'moeda': 'DNV', 'montante': '-7920.46', 'saldo': '85404.00', 'nome': 'DNV AS', 'cod': None}, {'data': '11-03-2024', 'pi': '3927817', 'inv': '10706379', 'moeda': 'DNV', 'montante': '-3073.15', 'saldo': '93324.46', 'nome': 'DNV AS', 'cod': None}, {'data': '11-03-2024', 'pi': '3927810', 'inv': '10691423', 'moeda': 'DNV', 'montante': '-2100.00', 'saldo': '96397.61', 'nome': 'DNV AS', 'cod': None}, {'data': '11-03-2024', 'pi': '3927800', 'inv': '10706682', 'moeda': 'DNV', 'montante': '-1142.60', 'saldo': '98497.61', 'nome': 'DNV AS', 'cod': None}, {'data': '11-03-2024', 'pi': '3927783', 'inv': '10706380', 'moeda': 'DNV', 'montante': '-3523.08', 'saldo': '99640.21', 'nome': 'DNV AS', 'cod': None}, {'data': '08-03-2024', 'pi': '3924503', 'inv': '1625977', 'moeda': 'EUR', 'montante': '-49025.14', 'saldo': '3163.29', 'nome': 'Loyens and Loeff N.V', 'cod': None}, {'data': '06-03-2024', 'pi': '3917990', 'inv': '1625975', 'moeda': 'EUR', 'montante': '-1165.00', 'saldo': '1188.43', 'nome': 'Tufton Corporate Services Limited', 'cod': None}, {'data': '05-03-2024', 'pi': '3913737', 'inv': '1625975', 'moeda': 'EUR', 'montante': '-13205.65', 'saldo': '2353.43', 'nome': 'Loyens and Loeff N.V', 'cod': None}, {'data': '05-03-2024', 'pi': '3913755', 'inv': '5233081', 'moeda': 'EUR', 'montante': '-1042.89', 'saldo': '559.08', 'nome': 'Meijers Vitaal B.V', 'cod': None}, {'data': '04-03-2024', 'pi': '3910113', 'inv': '20230507', 'moeda': 'EUR', 'montante': '-3501.74', 'saldo': '1601.97', 'nome': 'Vanolde', 'cod': None}, {'data': '04-03-2024', 'pi': '3910112', 'inv': '20230330', 'moeda': 'EUR', 'montante': '-11077.55', 'saldo': '5103.71', 'nome': 'Vanolde', 'cod': None}, {'data': '04-03-2024', 'pi': '3910103', 'inv': '10694228', 'moeda': 'DNV', 'montante': '-7950.00', 'saldo': '16181.26', 'nome': 'DNV AS', 'cod': None}, {'data': '04-03-2024', 'pi': '3910101', 'inv': '10703572', 'moeda': 'DNV', 'montante': '-75869.06', 'saldo': '24131.26', 'nome': 'DNV AS', 'cod': None}]
2024-03-20 10:29:49,656; INFO; functions.mover_para_lidos.1119: MOVENDO ARQUIVO PARCIAL.pdf.
2024-03-20 10:29:49,663; INFO; functions.mover_para_lidos.1125: Criando pasta \\Riofs\dados\Documentos Financeiro\Extratos bancarios\Ebury\2024\03 - Março\Lidos
2024-03-20 10:29:49,688; INFO; functions.mover_para_lidos.1144: ARQUIVO PARCIAL.pdf MOVIDO PARA LIDOS.
2024-03-20 10:29:49,700; INFO; functions.open_RM.50: OPEN PROGRAM RM
2024-03-20 10:30:14,074; INFO; functions.loggin_RM.60: ENTER USER_NAME
2024-03-20 10:30:15,635; INFO; functions.loggin_RM.65: ENTER PASSWORD
2024-03-20 10:30:16,994; INFO; functions.loggin_RM.69: ENTER RM
2024-03-20 10:31:28,121; INFO; functions.enter_coligada.75: CLICK CONTEXTO
2024-03-20 10:31:33,559; INFO; functions.enter_coligada.78: CLICK COLIGADA 2
2024-03-20 10:31:38,221; INFO; functions.enter_coligada.82: INSERE O COLIGADA CODE = 2
2024-03-20 10:31:38,722; INFO; functions.enter_coligada.84: APERTA TAB PARA PREENCHER O CAMPO COM A STRING: OCEANICA ENGENHARIA E CONSULTORIA S.A.
2024-03-20 10:31:41,092; INFO; functions.enter_coligada.87: CLICK AVANÇAR NOVAMENTE
2024-03-20 10:31:44,591; INFO; functions.enter_coligada.91: CLICK CONCLUIR
2024-03-20 10:32:24,540; INFO; functions.enter_coligada.94: POP UP COLIGADA CLICADO PARA DESAPARECER
2024-03-20 10:32:25,434; INFO; functions.enter_contas_a_pagar.105: CLICK - TOTVS - LINHA RM
2024-03-20 10:32:28,435; INFO; functions.enter_contas_a_pagar.110: CLICK - BACK OFFICE
2024-03-20 10:32:31,280; INFO; functions.enter_contas_a_pagar.115: CLICK - GESTAO FINANCEIRA
2024-03-20 10:32:40,219; INFO; functions.enter_contas_a_pagar.120: CLICK - CONTAS A PAGAR
2024-03-20 10:32:40,812; INFO; functions.waitForImage.868: LANÇAMENTOS image found.
2024-03-20 10:32:46,142; INFO; functions.waitForImage.846: LICENCAS EXCEDIDAS image found.
2024-03-20 10:33:08,510; INFO; functions.waitForImage.846: LANÇAMENTOS image found.
2024-03-20 10:33:33,693; INFO; functions.waitForImage.877: LICENCAS EXCEDIDAS image not found.
2024-03-20 10:33:33,704; INFO; main.process.67: PROCESSO 1 de 91 A SER TRATADO: {'data': '18-03-2024', 'pi': '3943751', 'inv': '2024013', 'moeda': 'USD', 'montante': '-253062.35', 'saldo': '97875.01', 'nome': 'ENAV Asia Pte. Ltd.', 'cod': None}
2024-03-20 10:33:33,707; INFO; main.process.78: inv original 2024013. tamanho 7
2024-03-20 10:33:33,708; INFO; main.process.83: inv TRATADA 00202401301. tamanho 11
2024-03-20 10:33:33,709; INFO; main.process.95: data: 18032024 <class 'str'>

                        pi: 3943751 <class 'str'>

                        inv: 00202401301 <class 'str'>

                        moeda: USD <class 'str'>

                        montante: 253062,35 <class 'str'>

                        saldo: 97875.01 <class 'str'>

                        nome: ENAV Asia Pte. Ltd. <class 'str'>

                        cod: None <class 'NoneType'>
2024-03-20 10:33:39,542; INFO; functions.filter_lancamento.183: ESCREVE Número do documento NO FILTRO
2024-03-20 10:33:41,436; INFO; functions.filter_lancamento.189: CLICK - BOTÃO DE SELECAO DE FILTRO
2024-03-20 10:33:43,891; INFO; functions.filter_lancamento.213: VALOR DE 00202401301 FILTRO
2024-03-20 10:33:44,871; INFO; functions.filter_lancamento.218: CLICK - BOTÃO DE EXECUTAR O FILTRO
2024-03-20 10:33:55,373; INFO; functions.desmark_filter.274: CLICK CHECKBOX LANÇAMENTOS A RECEBER
2024-03-20 10:33:57,247; INFO; functions.desmark_filter.278: CLICK CHECKBOX LANÇAMENTOS BAIXADOS
2024-03-20 10:33:59,309; INFO; functions.desmark_filter.282: CLICK CHECKBOX LANÇAMENTOS CANCELADOS
2024-03-20 10:34:01,488; INFO; functions.desmark_filter.286: CLICK CHECKBOX LANÇAMENTOS FATURADOS
2024-03-20 10:34:03,751; INFO; functions.desmark_filter.290: ATUALIZA O FILTRO
2024-03-20 10:34:13,757; INFO; functions.waitForImage.877: FILTER CLEAN image not found.
2024-03-20 10:34:13,767; INFO; functions.filter_clean.228: BOTÃO X DO LIMPA FILTRO NÃO ENCONTRADO - TENTATIVA 1
2024-03-20 10:34:23,847; INFO; functions.waitForImage.877: FILTER CLEAN image not found.
2024-03-20 10:34:23,857; INFO; functions.filter_clean.228: BOTÃO X DO LIMPA FILTRO NÃO ENCONTRADO - TENTATIVA 2
2024-03-20 10:34:33,997; INFO; functions.waitForImage.877: FILTER CLEAN image not found.
2024-03-20 10:34:34,007; INFO; functions.filter_clean.228: BOTÃO X DO LIMPA FILTRO NÃO ENCONTRADO - TENTATIVA 3
2024-03-20 10:34:35,892; INFO; functions.select_tipo_documento.235: NOME DA COLUNA: Tipo de Documento
2024-03-20 10:34:37,766; INFO; functions.select_tipo_documento.239: HOVER NOME DA COLUNA: Tipo de Documento
2024-03-20 10:34:39,505; INFO; functions.select_tipo_documento.251: CLICA NO FILTRO PERSONALIZAR
2024-03-20 10:34:41,593; INFO; functions.select_tipo_documento.255: CLICA PARA SELECIONAR OPÇÕES DO FILTRO
2024-03-20 10:34:48,904; INFO; functions.select_tipo_documento.267: CLICK BUTTON CONFIRMAR FILTRO
2024-03-20 10:34:48,906; INFO; functions.check_table_record.295: VERIFICANDO SE A TABELA ESTÁ VAZIA
2024-03-20 10:34:50,966; INFO; functions.check_table_record.299: VERIFICAdo
2024-03-20 10:34:52,213; INFO; functions.check_table_record.305: CTRL+G
2024-03-20 10:34:53,334; INFO; functions.check_table_record.309: ATENÇÃO: 

Este processo exige que seja selecionado ao menos um registro para sua execução.
Como não foi feita nenhuma seleção, você deseja executá-lo para TODOS os 1 registros?
2024-03-20 10:34:55,339; INFO; functions.check_table_record.323: NUMERO DE REGISTROS ENCONTRADOS: 1
2024-03-20 10:34:57,342; INFO; functions.check_table_record.329: CLICK NÃO
2024-03-20 10:35:00,085; INFO; functions.check_inv.427: MOVIDO PRA CIMA 1 VEZES
2024-03-20 10:35:01,721; INFO; functions.check_inv.434: PRIMEIRA CELULA CLICADA
2024-03-20 10:35:05,268; INFO; functions.check_inv.438: 35 PASSOS PARA ESQUERDA
2024-03-20 10:35:07,093; INFO; functions.check_inv.443: 18 PASSOS PARA DIREITA
2024-03-20 10:35:09,095; INFO; functions.check_inv.449: BUSCA NA LINHA: 1
2024-03-20 10:35:09,097; INFO; functions.check_inv.455: ctrl c
2024-03-20 10:35:09,702; INFO; functions.check_inv.459: Historico completo: INV - 02024013 - AYOLT M. ZOER 
2024-03-20 10:35:09,703; INFO; functions.check_inv.496: ULTIMA INV, COLIGADA OU VALOR INCORRETAS ENCONTRADAS: 02024013 - AYOLT M. ZOER 
2024-03-20 10:35:09,704; INFO; functions.check_inv.499: PROCESSO NÃO ENCONTRADO EM LISTA DE RESULTADOS
2024-03-20 10:35:09,705; INFO; main.process.130: PROCESSO NÃO ENCONTRADO EM LISTA DE RESULTADOS
2024-03-20 10:35:09,707; INFO; main.process.64: PASSANDO PARA PROXIMO PROCESSO
2024-03-20 10:35:09,708; INFO; main.process.67: PROCESSO 2 de 91 A SER TRATADO: {'data': '17-03-2024', 'pi': '3941404', 'inv': '2024013', 'moeda': 'EUR', 'montante': '-12100.00', 'saldo': '2914.14', 'nome': 'Ayolt M. Zoer', 'cod': None}
2024-03-20 10:35:09,710; INFO; main.process.78: inv original 2024013. tamanho 7
2024-03-20 10:35:09,710; INFO; main.process.83: inv TRATADA 00202401301. tamanho 11
2024-03-20 10:35:09,711; INFO; main.process.95: data: 17032024 <class 'str'>

                        pi: 3941404 <class 'str'>

                        inv: 00202401301 <class 'str'>

                        moeda: EUR <class 'str'>

                        montante: 12100,00 <class 'str'>

                        saldo: 2914.14 <class 'str'>

                        nome: Ayolt M. Zoer <class 'str'>

                        cod: None <class 'NoneType'>
2024-03-20 10:35:12,346; INFO; functions.waitForImage.846: NOVO FILTRO image found.
2024-03-20 10:35:12,474; INFO; functions.filter_lancamento.200: CLICK - BOTÃO DE NOVA SELECAO DE FILTRO
2024-03-20 10:35:14,637; INFO; functions.filter_lancamento.213: VALOR DE 00202401301 FILTRO
2024-03-20 10:35:15,606; INFO; functions.filter_lancamento.218: CLICK - BOTÃO DE EXECUTAR O FILTRO
2024-03-20 10:35:15,608; INFO; functions.check_table_record.295: VERIFICANDO SE A TABELA ESTÁ VAZIA
2024-03-20 10:35:19,152; INFO; functions.check_table_record.299: VERIFICAdo
2024-03-20 10:35:20,345; INFO; functions.check_table_record.305: CTRL+G
2024-03-20 10:35:21,337; INFO; functions.check_table_record.309: ATENÇÃO: 

Este processo exige que seja selecionado ao menos um registro para sua execução.
Como não foi feita nenhuma seleção, você deseja executá-lo para TODOS os 1 registros?
2024-03-20 10:35:23,341; INFO; functions.check_table_record.323: NUMERO DE REGISTROS ENCONTRADOS: 1
2024-03-20 10:35:25,341; INFO; functions.check_table_record.329: CLICK NÃO
2024-03-20 10:35:28,082; INFO; functions.check_inv.427: MOVIDO PRA CIMA 1 VEZES
2024-03-20 10:35:29,690; INFO; functions.check_inv.434: PRIMEIRA CELULA CLICADA
2024-03-20 10:35:33,232; INFO; functions.check_inv.438: 35 PASSOS PARA ESQUERDA
2024-03-20 10:35:35,105; INFO; functions.check_inv.443: 18 PASSOS PARA DIREITA
2024-03-20 10:35:37,107; INFO; functions.check_inv.449: BUSCA NA LINHA: 1
2024-03-20 10:35:37,109; INFO; functions.check_inv.455: ctrl c
2024-03-20 10:35:37,714; INFO; functions.check_inv.459: Historico completo: INV - 02024013 - AYOLT M. ZOER 
2024-03-20 10:35:37,715; INFO; functions.check_inv.496: ULTIMA INV, COLIGADA OU VALOR INCORRETAS ENCONTRADAS: 02024013 - AYOLT M. ZOER 
2024-03-20 10:35:37,716; INFO; functions.check_inv.499: PROCESSO NÃO ENCONTRADO EM LISTA DE RESULTADOS
2024-03-20 10:35:37,717; INFO; main.process.130: PROCESSO NÃO ENCONTRADO EM LISTA DE RESULTADOS
2024-03-20 10:35:37,718; INFO; main.process.64: PASSANDO PARA PROXIMO PROCESSO
2024-03-20 10:35:37,719; INFO; main.process.67: PROCESSO 3 de 91 A SER TRATADO: {'data': '17-03-2024', 'pi': '3941402', 'inv': '3635', 'moeda': 'EUR', 'montante': '-6663.26', 'saldo': '15014.14', 'nome': 'Leonardo Duran', 'cod': None}
2024-03-20 10:35:37,720; INFO; main.process.78: inv original 3635. tamanho 4
2024-03-20 10:35:37,721; INFO; main.process.83: inv TRATADA 00000363501. tamanho 11
2024-03-20 10:35:37,722; INFO; main.process.95: data: 17032024 <class 'str'>

                        pi: 3941402 <class 'str'>

                        inv: 00000363501 <class 'str'>

                        moeda: EUR <class 'str'>

                        montante: 6663,26 <class 'str'>

                        saldo: 15014.14 <class 'str'>

                        nome: Leonardo Duran <class 'str'>

                        cod: None <class 'NoneType'>
2024-03-20 10:35:40,297; INFO; functions.waitForImage.846: NOVO FILTRO image found.
2024-03-20 10:35:40,411; INFO; functions.filter_lancamento.200: CLICK - BOTÃO DE NOVA SELECAO DE FILTRO
2024-03-20 10:35:42,543; INFO; functions.filter_lancamento.213: VALOR DE 00000363501 FILTRO
2024-03-20 10:35:43,520; INFO; functions.filter_lancamento.218: CLICK - BOTÃO DE EXECUTAR O FILTRO
2024-03-20 10:35:43,522; INFO; functions.check_table_record.295: VERIFICANDO SE A TABELA ESTÁ VAZIA
2024-03-20 10:35:47,010; INFO; functions.check_table_record.299: VERIFICAdo
2024-03-20 10:35:48,274; INFO; functions.check_table_record.305: CTRL+G
2024-03-20 10:35:49,259; INFO; functions.check_table_record.309: ATENÇÃO: 

Este processo exige que seja selecionado ao menos um registro para sua execução.
Como não foi feita nenhuma seleção, você deseja executá-lo para TODOS os 1 registros?
2024-03-20 10:35:51,264; INFO; functions.check_table_record.323: NUMERO DE REGISTROS ENCONTRADOS: 1
2024-03-20 10:35:53,245; INFO; functions.check_table_record.329: CLICK NÃO
2024-03-20 10:35:56,105; INFO; functions.check_inv.427: MOVIDO PRA CIMA 1 VEZES
2024-03-20 10:35:57,659; INFO; functions.check_inv.434: PRIMEIRA CELULA CLICADA
2024-03-20 10:36:01,216; INFO; functions.check_inv.438: 35 PASSOS PARA ESQUERDA
2024-03-20 10:36:03,043; INFO; functions.check_inv.443: 18 PASSOS PARA DIREITA
2024-03-20 10:36:05,045; INFO; functions.check_inv.449: BUSCA NA LINHA: 1
2024-03-20 10:36:05,046; INFO; functions.check_inv.455: ctrl c
2024-03-20 10:36:05,650; INFO; functions.check_inv.459: Historico completo: INV - 00003635 - Motus Technology AS 
2024-03-20 10:36:05,652; INFO; functions.check_inv.496: ULTIMA INV, COLIGADA OU VALOR INCORRETAS ENCONTRADAS: 00003635 - Motus Technology AS 
2024-03-20 10:36:05,653; INFO; functions.check_inv.499: PROCESSO NÃO ENCONTRADO EM LISTA DE RESULTADOS
2024-03-20 10:36:05,654; INFO; main.process.130: PROCESSO NÃO ENCONTRADO EM LISTA DE RESULTADOS
2024-03-20 10:36:05,655; INFO; main.process.64: PASSANDO PARA PROXIMO PROCESSO
2024-03-20 10:36:05,656; INFO; main.process.67: PROCESSO 4 de 91 A SER TRATADO: {'data': '17-03-2024', 'pi': '3937532', 'inv': '3635', 'moeda': 'NOK', 'montante': '-270473.47', 'saldo': '9796.62', 'nome': 'Motus Technology AS', 'cod': None}
2024-03-20 10:36:05,657; INFO; main.process.78: inv original 3635. tamanho 4
2024-03-20 10:36:05,658; INFO; main.process.83: inv TRATADA 00000363501. tamanho 11
2024-03-20 10:36:05,659; INFO; main.process.95: data: 17032024 <class 'str'>

                        pi: 3937532 <class 'str'>

                        inv: 00000363501 <class 'str'>

                        moeda: NOK <class 'str'>

                        montante: 270473,47 <class 'str'>

                        saldo: 9796.62 <class 'str'>

                        nome: Motus Technology AS <class 'str'>

                        cod: None <class 'NoneType'>
2024-03-20 10:36:08,213; INFO; functions.waitForImage.846: NOVO FILTRO image found.
2024-03-20 10:36:08,348; INFO; functions.filter_lancamento.200: CLICK - BOTÃO DE NOVA SELECAO DE FILTRO
2024-03-20 10:36:10,516; INFO; functions.filter_lancamento.213: VALOR DE 00000363501 FILTRO
2024-03-20 10:36:11,470; INFO; functions.filter_lancamento.218: CLICK - BOTÃO DE EXECUTAR O FILTRO
2024-03-20 10:36:11,472; INFO; functions.check_table_record.295: VERIFICANDO SE A TABELA ESTÁ VAZIA
2024-03-20 10:36:14,290; INFO; functions.check_table_record.299: VERIFICAdo
2024-03-20 10:36:15,549; INFO; functions.check_table_record.305: CTRL+G
2024-03-20 10:36:16,650; INFO; functions.check_table_record.309: ATENÇÃO: 

Este processo exige que seja selecionado ao menos um registro para sua execução.
Como não foi feita nenhuma seleção, você deseja executá-lo para TODOS os 1 registros?
2024-03-20 10:36:18,655; INFO; functions.check_table_record.323: NUMERO DE REGISTROS ENCONTRADOS: 1
2024-03-20 10:36:20,646; INFO; functions.check_table_record.329: CLICK NÃO
2024-03-20 10:36:23,357; INFO; functions.check_inv.427: MOVIDO PRA CIMA 1 VEZES
2024-03-20 10:36:24,913; INFO; functions.check_inv.434: PRIMEIRA CELULA CLICADA
2024-03-20 10:36:28,460; INFO; functions.check_inv.438: 35 PASSOS PARA ESQUERDA
2024-03-20 10:36:30,300; INFO; functions.check_inv.443: 18 PASSOS PARA DIREITA
2024-03-20 10:36:32,302; INFO; functions.check_inv.449: BUSCA NA LINHA: 1
2024-03-20 10:36:32,303; INFO; functions.check_inv.455: ctrl c
2024-03-20 10:36:32,908; INFO; functions.check_inv.459: Historico completo: INV - 00003635 - Motus Technology AS 
2024-03-20 10:36:33,411; INFO; functions.check_inv.474: INV E COLIGADA CORRETA ENCONTRADA: 00003635 - Motus Technology AS 
2024-03-20 10:36:33,831; INFO; functions.check_inv.478: 4 PASSOS PARA ESQUERDA
2024-03-20 10:36:33,935; INFO; functions.check_inv.481: ctrl c
2024-03-20 10:36:34,438; INFO; functions.check_inv.487: VALOR PROCESSO: 270473,47
2024-03-20 10:36:34,439; INFO; functions.check_inv.488: VALOR PROCESSO2: <class 'str'>
2024-03-20 10:36:34,441; INFO; functions.check_inv.491: VALOR CORRETO ENCONTRADO.
2024-03-20 10:36:34,441; INFO; main.process.130: None
2024-03-20 10:36:34,445; INFO; main.process.153: ARQUIVO FINALIZADO: \\Riofs\dados\Documentos Financeiro\Extratos bancarios\Ebury\2024\03 - Março\PARCIAL.pdf
2024-03-20 10:36:34,447; INFO; functions.encerra_prog.342: Fechando Excel...
2024-03-20 10:36:34,595; INFO; functions.getPid.975: Dentro função GetPid

2024-03-20 10:36:35,435; INFO; functions.getPid.985: Process RM.exe / PID: 17656 found.
2024-03-20 10:36:35,459; INFO; functions.pidKillFinish.996: Process RM.exe / PID: 17656 killed.
2024-03-20 10:36:35,473; INFO; functions.encerra_prog.348: RM ENCERRADO
2024-03-20 10:36:38,103; WARNING; errorhandler.__handle.104: Property: Unknown Property name. [1:203: -ms-interpolation-mode]
2024-03-20 10:36:38,146; WARNING; errorhandler.__handle.104: Property: Unknown Property name. [1:353: -webkit-font-smoothing]
2024-03-20 10:36:38,164; WARNING; errorhandler.__handle.104: Property: Unknown Property name. [1:483: -ms-text-size-adjust]
2024-03-20 10:36:38,167; WARNING; errorhandler.__handle.104: Property: Unknown Property name. [1:518: -webkit-text-size-adjust]
2024-03-20 10:36:38,172; WARNING; errorhandler.__handle.104: Property: Unknown Property name. [1:612: mso-table-lspace]
2024-03-20 10:36:38,177; WARNING; errorhandler.__handle.104: Property: Unknown Property name. [1:642: mso-table-rspace]
2024-03-20 10:36:38,598; WARNING; errorhandler.__handle.104: Property: Unknown Property name. [1:4734: mso-hide]
2024-03-20 10:36:38,716; WARNING; errorhandler.__handle.104: Property: Unknown Property name. [1:13: -ms-interpolation-mode]
2024-03-20 10:36:38,722; WARNING; errorhandler.__handle.104: Property: Unknown Property name. [1:49: -webkit-font-smoothing]
2024-03-20 10:36:38,729; WARNING; errorhandler.__handle.104: Property: Unknown Property name. [1:134: -ms-text-size-adjust]
2024-03-20 10:36:38,732; WARNING; errorhandler.__handle.104: Property: Unknown Property name. [1:160: -webkit-text-size-adjust]
2024-03-20 10:36:38,739; WARNING; errorhandler.__handle.104: Property: Unknown Property name. [1:26: mso-table-lspace]
2024-03-20 10:36:38,742; WARNING; errorhandler.__handle.104: Property: Unknown Property name. [1:45: mso-table-rspace]
2024-03-20 10:36:38,796; WARNING; errorhandler.__handle.104: Property: Unknown Property name. [1:92: mso-hide]
2024-03-20 10:36:38,818; ERROR; errorhandler.__handle.104: Property: No ":" after name found: align-center [1:1: align-center]
2024-03-20 10:36:38,821; ERROR; errorhandler.__handle.104: Property: No property value found: align-center [1:1: align-center]
2024-03-20 10:36:38,826; ERROR; errorhandler.__handle.104: CSSStyleDeclaration: Syntax Error in Property: align-center
2024-03-20 10:36:38,837; WARNING; errorhandler.__handle.104: Property: Unknown Property name. [1:14: -ms-interpolation-mode]
2024-03-20 10:36:41,213; INFO; functions.emailSuccess.892: Success e-mail sent.
