2024-03-20 11:09:55,747; INFO; parameters.<module>.102: Pasta local: \\Riofs\dados\Documentos Financeiro\Extratos bancarios\Ebury\2024\03 - Março
2024-03-20 11:09:55,747; INFO; functions.getPid.975: Dentro função GetPid

2024-03-20 11:09:56,061; INFO; functions.getPid.985: Process RM.exe / PID: 2972 found.
2024-03-20 11:09:56,452; INFO; functions.pidKillFinish.996: Process RM.exe / PID: 2972 killed.
2024-03-20 11:09:56,458; INFO; functions.bot_text_art.7:     ____   
2024-03-20 11:09:56,458; INFO; functions.bot_text_art.8:    [____]    
2024-03-20 11:09:56,458; INFO; functions.bot_text_art.9:  |=]()()[=|  
2024-03-20 11:09:56,458; INFO; functions.bot_text_art.10:    _\==/__    _____    ____     _        _____    ___   _  __
2024-03-20 11:09:56,458; INFO; functions.bot_text_art.11:  |__|   |_|  |  _  \  / ___|   | |      |_   _| / ___| | |/ /
2024-03-20 11:09:56,458; INFO; functions.bot_text_art.12:  |_|_/\_|_|  | |  | | | |      | |        | |   | |    | ' / 
2024-03-20 11:09:56,458; INFO; functions.bot_text_art.13:  | | __ | |  | |  | | | |      | |        | |   | |    |  <  
2024-03-20 11:09:56,458; INFO; functions.bot_text_art.14:  |_|[  ]|_|  | |__| | | |____  | |____   _| |_  | |__  | . \ 
2024-03-20 11:09:56,466; INFO; functions.bot_text_art.15:  \_|_||_|_/  |_____/   \_____| |______| |_____| \ ___| |_|\_\
2024-03-20 11:09:56,466; INFO; functions.bot_text_art.16:    |_||_|                                                     
2024-03-20 11:09:56,466; INFO; functions.bot_text_art.17:    | ||_|_   
2024-03-20 11:09:56,466; INFO; functions.bot_text_art.18:  |___||___|  
2024-03-20 11:09:56,482; INFO; functions.bot_text_art.19:              
2024-03-20 11:09:56,512; INFO; functions.headerExcel.908: Criando EXCEL
2024-03-20 11:09:56,544; INFO; functions.headerExcel.928: EXCEL iniciado
2024-03-20 11:09:56,576; INFO; main.process.15: TODOS ARQUIVOS NA PASTA ['\\\\Riofs\\dados\\Documentos Financeiro\\Extratos bancarios\\Ebury\\2024\\03 - Março\\202403-Extrato mensal-EBPCLI541626 (16).pdf'].
2024-03-20 11:09:56,622; INFO; main.process.23: SERÃO TRATADOS 0 ARQUIVOS.
2024-03-20 11:09:56,638; INFO; main.process.24: ARQUIVOS: []
2024-03-20 11:09:56,654; INFO; main.process.28: NENHUM ARQUIVO DISPONÍVEL
2024-03-20 11:09:56,654; INFO; functions.encerra_prog.342: Fechando Excel...
2024-03-20 11:09:56,700; INFO; functions.getPid.975: Dentro função GetPid

2024-03-20 11:09:57,294; INFO; functions.encerra_prog.348: RM ENCERRADO
2024-03-20 11:09:59,123; WARNING; errorhandler.__handle.104: Property: Unknown Property name. [1:203: -ms-interpolation-mode]
2024-03-20 11:09:59,167; WARNING; errorhandler.__handle.104: Property: Unknown Property name. [1:353: -webkit-font-smoothing]
2024-03-20 11:09:59,180; WARNING; errorhandler.__handle.104: Property: Unknown Property name. [1:483: -ms-text-size-adjust]
2024-03-20 11:09:59,183; WARNING; errorhandler.__handle.104: Property: Unknown Property name. [1:518: -webkit-text-size-adjust]
2024-03-20 11:09:59,188; WARNING; errorhandler.__handle.104: Property: Unknown Property name. [1:612: mso-table-lspace]
2024-03-20 11:09:59,190; WARNING; errorhandler.__handle.104: Property: Unknown Property name. [1:642: mso-table-rspace]
2024-03-20 11:09:59,420; WARNING; errorhandler.__handle.104: Property: Unknown Property name. [1:4734: mso-hide]
2024-03-20 11:09:59,527; WARNING; errorhandler.__handle.104: Property: Unknown Property name. [1:13: -ms-interpolation-mode]
2024-03-20 11:09:59,533; WARNING; errorhandler.__handle.104: Property: Unknown Property name. [1:49: -webkit-font-smoothing]
2024-03-20 11:09:59,539; WARNING; errorhandler.__handle.104: Property: Unknown Property name. [1:134: -ms-text-size-adjust]
2024-03-20 11:09:59,541; WARNING; errorhandler.__handle.104: Property: Unknown Property name. [1:160: -webkit-text-size-adjust]
2024-03-20 11:09:59,545; WARNING; errorhandler.__handle.104: Property: Unknown Property name. [1:26: mso-table-lspace]
2024-03-20 11:09:59,548; WARNING; errorhandler.__handle.104: Property: Unknown Property name. [1:45: mso-table-rspace]
2024-03-20 11:09:59,589; WARNING; errorhandler.__handle.104: Property: Unknown Property name. [1:92: mso-hide]
2024-03-20 11:09:59,606; ERROR; errorhandler.__handle.104: Property: No ":" after name found: align-center [1:1: align-center]
2024-03-20 11:09:59,607; ERROR; errorhandler.__handle.104: Property: No property value found: align-center [1:1: align-center]
2024-03-20 11:09:59,609; ERROR; errorhandler.__handle.104: CSSStyleDeclaration: Syntax Error in Property: align-center
2024-03-20 11:09:59,615; WARNING; errorhandler.__handle.104: Property: Unknown Property name. [1:14: -ms-interpolation-mode]
2024-03-20 11:10:01,763; INFO; functions.emailErro.901: Warning e-mail sent.
2024-03-20 11:10:01,779; INFO; functions.encerra_prog.342: Fechando Excel...
2024-03-20 11:10:01,803; INFO; functions.getPid.975: Dentro função GetPid

2024-03-20 11:10:02,666; INFO; functions.encerra_prog.348: RM ENCERRADO
2024-03-20 11:10:04,041; WARNING; errorhandler.__handle.104: Property: Unknown Property name. [1:14: -ms-interpolation-mode]
2024-03-20 11:10:06,249; INFO; functions.emailSuccess.892: Success e-mail sent.
