2024-03-20 11:28:44,891; INFO; parameters.<module>.102: Pasta local: \\Riofs\dados\Documentos Financeiro\Extratos bancarios\Ebury\2024\03 - Março
2024-03-20 11:28:44,907; INFO; functions.getPid.975: Dentro função GetPid

2024-03-20 11:28:45,629; INFO; functions.bot_text_art.7:     ____   
2024-03-20 11:28:45,629; INFO; functions.bot_text_art.8:    [____]    
2024-03-20 11:28:45,629; INFO; functions.bot_text_art.9:  |=]()()[=|  
2024-03-20 11:28:45,629; INFO; functions.bot_text_art.10:    _\==/__    _____    ____     _        _____    ___   _  __
2024-03-20 11:28:45,629; INFO; functions.bot_text_art.11:  |__|   |_|  |  _  \  / ___|   | |      |_   _| / ___| | |/ /
2024-03-20 11:28:45,629; INFO; functions.bot_text_art.12:  |_|_/\_|_|  | |  | | | |      | |        | |   | |    | ' / 
2024-03-20 11:28:45,629; INFO; functions.bot_text_art.13:  | | __ | |  | |  | | | |      | |        | |   | |    |  <  
2024-03-20 11:28:45,629; INFO; functions.bot_text_art.14:  |_|[  ]|_|  | |__| | | |____  | |____   _| |_  | |__  | . \ 
2024-03-20 11:28:45,640; INFO; functions.bot_text_art.15:  \_|_||_|_/  |_____/   \_____| |______| |_____| \ ___| |_|\_\
2024-03-20 11:28:45,641; INFO; functions.bot_text_art.16:    |_||_|                                                     
2024-03-20 11:28:45,642; INFO; functions.bot_text_art.17:    | ||_|_   
2024-03-20 11:28:45,643; INFO; functions.bot_text_art.18:  |___||___|  
2024-03-20 11:28:45,644; INFO; functions.bot_text_art.19:              
2024-03-20 11:28:45,645; INFO; functions.headerExcel.908: Criando EXCEL
2024-03-20 11:28:45,650; INFO; functions.headerExcel.928: EXCEL iniciado
2024-03-20 11:28:45,655; INFO; main.process.15: TODOS ARQUIVOS NA PASTA ['\\\\Riofs\\dados\\Documentos Financeiro\\Extratos bancarios\\Ebury\\2024\\03 - Março\\202403-Extrato mensal-EBPCLI541626 (16).pdf'].
2024-03-20 11:28:45,657; INFO; main.process.23: SERÃO TRATADOS 0 ARQUIVOS.
2024-03-20 11:28:45,658; INFO; main.process.24: ARQUIVOS: []
2024-03-20 11:28:45,659; INFO; main.process.28: NENHUM ARQUIVO DISPONÍVEL
2024-03-20 11:28:45,660; INFO; functions.encerra_prog.342: Fechando Excel...
2024-03-20 11:28:45,687; INFO; functions.getPid.975: Dentro função GetPid

2024-03-20 11:28:46,423; INFO; functions.encerra_prog.348: RM ENCERRADO
2024-03-20 11:28:48,066; WARNING; errorhandler.__handle.104: Property: Unknown Property name. [1:203: -ms-interpolation-mode]
2024-03-20 11:28:48,122; WARNING; errorhandler.__handle.104: Property: Unknown Property name. [1:353: -webkit-font-smoothing]
2024-03-20 11:28:48,137; WARNING; errorhandler.__handle.104: Property: Unknown Property name. [1:483: -ms-text-size-adjust]
2024-03-20 11:28:48,140; WARNING; errorhandler.__handle.104: Property: Unknown Property name. [1:518: -webkit-text-size-adjust]
2024-03-20 11:28:48,147; WARNING; errorhandler.__handle.104: Property: Unknown Property name. [1:612: mso-table-lspace]
2024-03-20 11:28:48,151; WARNING; errorhandler.__handle.104: Property: Unknown Property name. [1:642: mso-table-rspace]
2024-03-20 11:28:48,398; WARNING; errorhandler.__handle.104: Property: Unknown Property name. [1:4734: mso-hide]
2024-03-20 11:28:48,500; WARNING; errorhandler.__handle.104: Property: Unknown Property name. [1:13: -ms-interpolation-mode]
2024-03-20 11:28:48,506; WARNING; errorhandler.__handle.104: Property: Unknown Property name. [1:49: -webkit-font-smoothing]
2024-03-20 11:28:48,512; WARNING; errorhandler.__handle.104: Property: Unknown Property name. [1:134: -ms-text-size-adjust]
2024-03-20 11:28:48,515; WARNING; errorhandler.__handle.104: Property: Unknown Property name. [1:160: -webkit-text-size-adjust]
2024-03-20 11:28:48,522; WARNING; errorhandler.__handle.104: Property: Unknown Property name. [1:26: mso-table-lspace]
2024-03-20 11:28:48,524; WARNING; errorhandler.__handle.104: Property: Unknown Property name. [1:45: mso-table-rspace]
2024-03-20 11:28:48,567; WARNING; errorhandler.__handle.104: Property: Unknown Property name. [1:92: mso-hide]
2024-03-20 11:28:48,584; ERROR; errorhandler.__handle.104: Property: No ":" after name found: align-center [1:1: align-center]
2024-03-20 11:28:48,586; ERROR; errorhandler.__handle.104: Property: No property value found: align-center [1:1: align-center]
2024-03-20 11:28:48,588; ERROR; errorhandler.__handle.104: CSSStyleDeclaration: Syntax Error in Property: align-center
2024-03-20 11:28:48,594; WARNING; errorhandler.__handle.104: Property: Unknown Property name. [1:14: -ms-interpolation-mode]
2024-03-20 11:28:50,768; INFO; functions.emailErro.901: Warning e-mail sent.
2024-03-20 11:28:50,783; INFO; functions.encerra_prog.342: Fechando Excel...
2024-03-20 11:28:50,808; INFO; functions.getPid.975: Dentro função GetPid

2024-03-20 11:28:51,586; INFO; functions.encerra_prog.348: RM ENCERRADO
2024-03-20 11:28:52,574; WARNING; errorhandler.__handle.104: Property: Unknown Property name. [1:14: -ms-interpolation-mode]
2024-03-20 11:28:54,809; INFO; functions.emailSuccess.892: Success e-mail sent.
