2024-03-20 11:41:42,109; INFO; parameters.<module>.102: Pasta local: \\Riofs\dados\Documentos Financeiro\Extratos bancarios\Ebury\2024\03 - Março
2024-03-20 11:41:42,125; INFO; functions.getPid.975: Dentro função GetPid

2024-03-20 11:41:42,594; INFO; functions.getPid.985: Process RM.exe / PID: 18064 found.
2024-03-20 11:41:42,619; INFO; functions.pidKillFinish.996: Process RM.exe / PID: 18064 killed.
2024-03-20 11:41:42,619; INFO; functions.bot_text_art.7:     ____   
2024-03-20 11:41:42,620; INFO; functions.bot_text_art.8:    [____]    
2024-03-20 11:41:42,620; INFO; functions.bot_text_art.9:  |=]()()[=|  
2024-03-20 11:41:42,621; INFO; functions.bot_text_art.10:    _\==/__    _____    ____     _        _____    ___   _  __
2024-03-20 11:41:42,622; INFO; functions.bot_text_art.11:  |__|   |_|  |  _  \  / ___|   | |      |_   _| / ___| | |/ /
2024-03-20 11:41:42,622; INFO; functions.bot_text_art.12:  |_|_/\_|_|  | |  | | | |      | |        | |   | |    | ' / 
2024-03-20 11:41:42,623; INFO; functions.bot_text_art.13:  | | __ | |  | |  | | | |      | |        | |   | |    |  <  
2024-03-20 11:41:42,624; INFO; functions.bot_text_art.14:  |_|[  ]|_|  | |__| | | |____  | |____   _| |_  | |__  | . \ 
2024-03-20 11:41:42,626; INFO; functions.bot_text_art.15:  \_|_||_|_/  |_____/   \_____| |______| |_____| \ ___| |_|\_\
2024-03-20 11:41:42,628; INFO; functions.bot_text_art.16:    |_||_|                                                     
2024-03-20 11:41:42,631; INFO; functions.bot_text_art.17:    | ||_|_   
2024-03-20 11:41:42,631; INFO; functions.bot_text_art.18:  |___||___|  
2024-03-20 11:41:42,631; INFO; functions.bot_text_art.19:              
2024-03-20 11:41:42,631; INFO; functions.headerExcel.908: Criando EXCEL
2024-03-20 11:41:42,631; INFO; functions.headerExcel.928: EXCEL iniciado
2024-03-20 11:41:42,631; INFO; main.process.15: TODOS ARQUIVOS NA PASTA ['\\\\Riofs\\dados\\Documentos Financeiro\\Extratos bancarios\\Ebury\\2024\\03 - Março\\202403-Extrato mensal-EBPCLI541626 (16).pdf', '\\\\Riofs\\dados\\Documentos Financeiro\\Extratos bancarios\\Ebury\\2024\\03 - Março\\PARCIAL.pdf'].
2024-03-20 11:41:42,647; INFO; main.process.23: SERÃO TRATADOS 1 ARQUIVOS.
2024-03-20 11:41:42,682; INFO; main.process.24: ARQUIVOS: ['\\\\Riofs\\dados\\Documentos Financeiro\\Extratos bancarios\\Ebury\\2024\\03 - Março\\PARCIAL.pdf']
2024-03-20 11:41:42,719; INFO; main.process.33: INICIO DO PROCESSAMENTO DO ARQUIVO: \\Riofs\dados\Documentos Financeiro\Extratos bancarios\Ebury\2024\03 - Março\PARCIAL.pdf
2024-03-20 11:41:47,953; INFO; functions.excelProcessoCompleto.1053: Adicionando aba de PROCESSOS EXTRAÍDOS ao EXCEL existente
2024-03-20 11:41:47,953; INFO; functions.excelProcessoCompleto.1067: Aba de ERRO adicionada ao EXCEL existente
2024-03-20 11:41:47,977; INFO; main.process.42: PROCESSOS EXTRAIDOS COM ERRO: 5
2024-03-20 11:41:47,979; INFO; main.process.43: PROCESSOS COM ERRO: [{'data': '03-03-2024', 'pi': '3905741', 'inv': None, 'moeda': 'USD', 'montante': '-33929.36', 'saldo': '466029.25', 'nome': 'INCHCAPE SHIPPING SERVICES', 'cod': None}, {'data': '01-03-2024', 'pi': '3904397', 'inv': None, 'moeda': 'ASP', 'montante': '-36300.00', 'saldo': '499958.61', 'nome': 'ASP Crew Management', 'cod': None}, {'data': '08-03-2024', 'pi': '3924566', 'inv': None, 'moeda': 'USD', 'montante': '-46437.69', 'saldo': '1152127.58', 'nome': 'INCHCAPE SHIPPING SERVICES', 'cod': None}, {'data': '03-03-2024', 'pi': '3905741', 'inv': None, 'moeda': 'USD', 'montante': '-33929.36', 'saldo': '466029.25', 'nome': 'INCHCAPE SHIPPING SERVICES', 'cod': None}, {'data': '01-03-2024', 'pi': '3904397', 'inv': None, 'moeda': 'ASP', 'montante': '-36300.00', 'saldo': '499958.61', 'nome': 'ASP Crew Management', 'cod': None}]
2024-03-20 11:41:47,983; INFO; functions.excelErro.1003: Adicionando aba de ERRO ao EXCEL existente
2024-03-20 11:41:47,986; INFO; functions.excelErro.1019: Aba de ERRO adicionada ao EXCEL existente
2024-03-20 11:41:47,988; INFO; main.process.46: PROCESSOS EXTRAIDOS CORRETAMENTE: 91
2024-03-20 11:41:47,991; INFO; main.process.47: PROCESSOS A SEREM TRATADOS: [{'data': '18-03-2024', 'pi': '3943751', 'inv': '2024013', 'moeda': 'USD', 'montante': '-253062.35', 'saldo': '97875.01', 'nome': 'ENAV Asia Pte. Ltd.', 'cod': None}, {'data': '17-03-2024', 'pi': '3941404', 'inv': '2024013', 'moeda': 'EUR', 'montante': '-12100.00', 'saldo': '2914.14', 'nome': 'Ayolt M. Zoer', 'cod': None}, {'data': '17-03-2024', 'pi': '3941402', 'inv': '3635', 'moeda': 'EUR', 'montante': '-6663.26', 'saldo': '15014.14', 'nome': 'Leonardo Duran', 'cod': None}, {'data': '17-03-2024', 'pi': '3937532', 'inv': '3635', 'moeda': 'NOK', 'montante': '-270473.47', 'saldo': '9796.62', 'nome': 'Motus Technology AS', 'cod': None}, {'data': '17-03-2024', 'pi': '3941406', 'inv': '90324394', 'moeda': 'USD', 'montante': '-101366.50', 'saldo': '350937.36', 'nome': 'KONGSBERG MARITIME AS', 'cod': None}, {'data': '14-03-2024', 'pi': '3937507', 'inv': '27574', 'moeda': 'USD', 'montante': '-2975.00', 'saldo': '496201.61', 'nome': 'Infrastructure Networks Inc.', 'cod': None}, {'data': '14-03-2024', 'pi': '3937496', 'inv': '3252024', 'moeda': 'CSS', 'montante': '-9308.00', 'saldo': '499176.61', 'nome': 'CSS Kingston Logistics FZC', 'cod': None}, {'data': '14-03-2024', 'pi': '3937258', 'inv': '500714', 'moeda': 'GBP', 'montante': '-27560.00', 'saldo': '2440.12', 'nome': 'European Management Marine Corp', 'cod': None}, {'data': '13-03-2024', 'pi': '3934484', 'inv': '10023', 'moeda': 'NOK', 'montante': '-225321.84', 'saldo': '30270.09', 'nome': 'Navatech AS', 'cod': None}, {'data': '13-03-2024', 'pi': '3934462', 'inv': '361904', 'moeda': 'NOK', 'montante': '-5500000.00', 'saldo': '255591.93', 'nome': 'Green Yard Kleven AS', 'cod': None}, {'data': '13-03-2024', 'pi': '3934791', 'inv': '3704', 'moeda': 'USD', 'montante': '-5000.00', 'saldo': '1104655.72', 'nome': 'ARGO COMMUNICATIONS', 'cod': None}, {'data': '13-03-2024', 'pi': '3934790', 'inv': '3705', 'moeda': 'USD', 'montante': '-2500.00', 'saldo': '1109655.72', 'nome': 'ARGO COMMUNICATIONS', 'cod': None}, {'data': '13-03-2024', 'pi': '3934743', 'inv': '27574', 'moeda': 'USD', 'montante': '-20000.00', 'saldo': '1112155.72', 'nome': 'INCHCAPE SHIPPING SERVICES', 'cod': None}, {'data': '13-03-2024', 'pi': '3934476', 'inv': '27574', 'moeda': 'USD', 'montante': '-8661.21', 'saldo': '1132155.72', 'nome': 'Infrastructure Networks Inc.', 'cod': None}, {'data': '12-03-2024', 'pi': '3931576', 'inv': '361911', 'moeda': 'NOK', 'montante': '-101893.00', 'saldo': '5591.93', 'nome': 'Green Yard Kleven AS', 'cod': None}, {'data': '12-03-2024', 'pi': '3931573', 'inv': '1000118', 'moeda': 'USD', 'montante': '-55.00', 'saldo': '37816.93', 'nome': 'PT. SNEPAC SHIPPING', 'cod': None}, {'data': '12-03-2024', 'pi': '3931572', 'inv': '1000119', 'moeda': 'USD', 'montante': '-4762.18', 'saldo': '37871.93', 'nome': 'PT. SNEPAC SHIPPING', 'cod': None}, {'data': '12-03-2024', 'pi': '3931566', 'inv': '22024', 'moeda': 'LLC', 'montante': '-404.25', 'saldo': '42634.11', 'nome': 'Winner LLC', 'cod': None}, {'data': '11-03-2024', 'pi': '3928507', 'inv': '2023825', 'moeda': 'EUR', 'montante': '-882735.55', 'saldo': '3677.40', 'nome': 'SISTAC B.V', 'cod': None}, {'data': '11-03-2024', 'pi': '3927938', 'inv': '2023825', 'moeda': 'EUR', 'montante': '-16955.00', 'saldo': '3412.95', 'nome': 'Tschudi Ship Management AS', 'cod': None}, {'data': '11-03-2024', 'pi': '3927933', 'inv': '2023875', 'moeda': 'EUR', 'montante': '-5057.50', 'saldo': '20367.95', 'nome': 'Tschudi Ship Management AS', 'cod': None}, {'data': '11-03-2024', 'pi': '3927929', 'inv': '2024012', 'moeda': 'EUR', 'montante': '-21898.55', 'saldo': '25425.45', 'nome': 'Tschudi Ship Management AS', 'cod': None}, {'data': '11-03-2024', 'pi': '3927874', 'inv': '2024087', 'moeda': 'EUR', 'montante': '-18840.00', 'saldo': '47324.00', 'nome': 'Tschudi Ship Management AS', 'cod': None}, {'data': '11-03-2024', 'pi': '3927855', 'inv': '2023746', 'moeda': 'EUR', 'montante': '-17590.00', 'saldo': '66164.00', 'nome': 'Tschudi Ship Management AS', 'cod': None}, {'data': '11-03-2024', 'pi': '3927845', 'inv': '10713472', 'moeda': 'DNV', 'montante': '-1650.00', 'saldo': '83754.00', 'nome': 'DNV AS', 'cod': None}, {'data': '11-03-2024', 'pi': '3927824', 'inv': '10702689', 'moeda': 'DNV', 'montante': '-7920.46', 'saldo': '85404.00', 'nome': 'DNV AS', 'cod': None}, {'data': '11-03-2024', 'pi': '3927817', 'inv': '10706379', 'moeda': 'DNV', 'montante': '-3073.15', 'saldo': '93324.46', 'nome': 'DNV AS', 'cod': None}, {'data': '11-03-2024', 'pi': '3927810', 'inv': '10691423', 'moeda': 'DNV', 'montante': '-2100.00', 'saldo': '96397.61', 'nome': 'DNV AS', 'cod': None}, {'data': '11-03-2024', 'pi': '3927800', 'inv': '10706682', 'moeda': 'DNV', 'montante': '-1142.60', 'saldo': '98497.61', 'nome': 'DNV AS', 'cod': None}, {'data': '11-03-2024', 'pi': '3927783', 'inv': '10706380', 'moeda': 'DNV', 'montante': '-3523.08', 'saldo': '99640.21', 'nome': 'DNV AS', 'cod': None}, {'data': '11-03-2024', 'pi': '3927731', 'inv': '1705', 'moeda': 'ASP', 'montante': '-5050.00', 'saldo': '1142875.32', 'nome': 'ASP Crew Management', 'cod': None}, {'data': '08-03-2024', 'pi': '3925171', 'inv': '22305981', 'moeda': 'USD', 'montante': '-1370.00', 'saldo': '1147925.32', 'nome': 'Fugro Norway AS', 'cod': None}, {'data': '08-03-2024', 'pi': '3925159', 'inv': '22306236', 'moeda': 'USD', 'montante': '-200.00', 'saldo': '1149295.32', 'nome': 'Fugro Norway AS', 'cod': None}, {'data': '08-03-2024', 'pi': '3925112', 'inv': '26766', 'moeda': 'USD', 'montante': '-2632.26', 'saldo': '1149495.32', 'nome': 'Infrastructure Networks Inc.', 'cod': None}, {'data': '08-03-2024', 'pi': '3924566', 'inv': '1625977', 'moeda': 'USD', 'montante': '-46437.69', 'saldo': '1152127.58', 'nome': 'INCHCAPE SHIPPING SERVICES', 'cod': None}, {'data': '08-03-2024', 'pi': '3924503', 'inv': '1625977', 'moeda': 'EUR', 'montante': '-49025.14', 'saldo': '3163.29', 'nome': 'Loyens and Loeff N.V', 'cod': None}, {'data': '07-03-2024', 'pi': '3920082', 'inv': '2342', 'moeda': 'NOK', 'montante': '-102850.10', 'saldo': '5484.93', 'nome': 'Tyrholm and Farstad AS', 'cod': None}, {'data': '07-03-2024', 'pi': '3920051', 'inv': '3555', 'moeda': 'NOK', 'montante': '-498030.00', 'saldo': '5335.03', 'nome': 'Motus Technology AS', 'cod': None}, {'data': '06-03-2024', 'pi': '3917990', 'inv': '1625975', 'moeda': 'EUR', 'montante': '-1165.00', 'saldo': '1188.43', 'nome': 'Tufton Corporate Services Limited', 'cod': None}, {'data': '05-03-2024', 'pi': '3913737', 'inv': '1625975', 'moeda': 'EUR', 'montante': '-13205.65', 'saldo': '2353.43', 'nome': 'Loyens and Loeff N.V', 'cod': None}, {'data': '05-03-2024', 'pi': '3913755', 'inv': '5233081', 'moeda': 'EUR', 'montante': '-1042.89', 'saldo': '559.08', 'nome': 'Meijers Vitaal B.V', 'cod': None}, {'data': '04-03-2024', 'pi': '3910113', 'inv': '20230507', 'moeda': 'EUR', 'montante': '-3501.74', 'saldo': '1601.97', 'nome': 'Vanolde', 'cod': None}, {'data': '04-03-2024', 'pi': '3910125', 'inv': '1028061', 'moeda': 'NOK', 'montante': '-36636.00', 'saldo': '3365.03', 'nome': 'DIMO', 'cod': None}, {'data': '04-03-2024', 'pi': '3910112', 'inv': '20230330', 'moeda': 'EUR', 'montante': '-11077.55', 'saldo': '5103.71', 'nome': 'Vanolde', 'cod': None}, {'data': '04-03-2024', 'pi': '3910103', 'inv': '10694228', 'moeda': 'DNV', 'montante': '-7950.00', 'saldo': '16181.26', 'nome': 'DNV AS', 'cod': None}, {'data': '04-03-2024', 'pi': '3910101', 'inv': '10703572', 'moeda': 'DNV', 'montante': '-75869.06', 'saldo': '24131.26', 'nome': 'DNV AS', 'cod': None}, {'data': '17-03-2024', 'pi': '3937532', 'inv': '3635', 'moeda': 'NOK', 'montante': '-270473.47', 'saldo': '9796.62', 'nome': 'Motus Technology AS', 'cod': None}, {'data': '13-03-2024', 'pi': '3934484', 'inv': '10023', 'moeda': 'NOK', 'montante': '-225321.84', 'saldo': '30270.09', 'nome': 'Navatech AS', 'cod': None}, {'data': '13-03-2024', 'pi': '3934462', 'inv': '361904', 'moeda': 'NOK', 'montante': '-5500000.00', 'saldo': '255591.93', 'nome': 'Green Yard Kleven AS', 'cod': None}, {'data': '12-03-2024', 'pi': '3931576', 'inv': '361911', 'moeda': 'NOK', 'montante': '-101893.00', 'saldo': '5591.93', 'nome': 'Green Yard Kleven AS', 'cod': None}, {'data': '07-03-2024', 'pi': '3920082', 'inv': '2342', 'moeda': 'NOK', 'montante': '-102850.10', 'saldo': '5484.93', 'nome': 'Tyrholm and Farstad AS', 'cod': None}, {'data': '07-03-2024', 'pi': '3920051', 'inv': '3555', 'moeda': 'NOK', 'montante': '-498030.00', 'saldo': '5335.03', 'nome': 'Motus Technology AS', 'cod': None}, {'data': '04-03-2024', 'pi': '3910125', 'inv': '1028061', 'moeda': 'NOK', 'montante': '-36636.00', 'saldo': '3365.03', 'nome': 'DIMO', 'cod': None}, {'data': '18-03-2024', 'pi': '3943751', 'inv': '90324394', 'moeda': 'USD', 'montante': '-253062.35', 'saldo': '97875.01', 'nome': 'ENAV Asia Pte. Ltd.', 'cod': None}, {'data': '17-03-2024', 'pi': '3941406', 'inv': '90324394', 'moeda': 'USD', 'montante': '-101366.50', 'saldo': '350937.36', 'nome': 'KONGSBERG MARITIME AS', 'cod': None}, {'data': '14-03-2024', 'pi': '3937507', 'inv': '27574', 'moeda': 'USD', 'montante': '-2975.00', 'saldo': '496201.61', 'nome': 'Infrastructure Networks Inc.', 'cod': None}, {'data': '14-03-2024', 'pi': '3937496', 'inv': '3252024', 'moeda': 'CSS', 'montante': '-9308.00', 'saldo': '499176.61', 'nome': 'CSS Kingston Logistics FZC', 'cod': None}, {'data': '13-03-2024', 'pi': '3934791', 'inv': '3704', 'moeda': 'USD', 'montante': '-5000.00', 'saldo': '1104655.72', 'nome': 'ARGO COMMUNICATIONS', 'cod': None}, {'data': '13-03-2024', 'pi': '3934790', 'inv': '3705', 'moeda': 'USD', 'montante': '-2500.00', 'saldo': '1109655.72', 'nome': 'ARGO COMMUNICATIONS', 'cod': None}, {'data': '13-03-2024', 'pi': '3934743', 'inv': '27574', 'moeda': 'USD', 'montante': '-20000.00', 'saldo': '1112155.72', 'nome': 'INCHCAPE SHIPPING SERVICES', 'cod': None}, {'data': '13-03-2024', 'pi': '3934476', 'inv': '27574', 'moeda': 'USD', 'montante': '-8661.21', 'saldo': '1132155.72', 'nome': 'Infrastructure Networks Inc.', 'cod': None}, {'data': '12-03-2024', 'pi': '3931573', 'inv': '1000118', 'moeda': 'USD', 'montante': '-55.00', 'saldo': '37816.93', 'nome': 'PT. SNEPAC SHIPPING', 'cod': None}, {'data': '12-03-2024', 'pi': '3931572', 'inv': '1000119', 'moeda': 'USD', 'montante': '-4762.18', 'saldo': '37871.93', 'nome': 'PT. SNEPAC SHIPPING', 'cod': None}, {'data': '12-03-2024', 'pi': '3931566', 'inv': '22024', 'moeda': 'LLC', 'montante': '-404.25', 'saldo': '42634.11', 'nome': 'Winner LLC', 'cod': None}, {'data': '11-03-2024', 'pi': '3927731', 'inv': '1705', 'moeda': 'ASP', 'montante': '-5050.00', 'saldo': '1142875.32', 'nome': 'ASP Crew Management', 'cod': None}, {'data': '08-03-2024', 'pi': '3925171', 'inv': '22305981', 'moeda': 'USD', 'montante': '-1370.00', 'saldo': '1147925.32', 'nome': 'Fugro Norway AS', 'cod': None}, {'data': '08-03-2024', 'pi': '3925159', 'inv': '22306236', 'moeda': 'USD', 'montante': '-200.00', 'saldo': '1149295.32', 'nome': 'Fugro Norway AS', 'cod': None}, {'data': '08-03-2024', 'pi': '3925112', 'inv': '26766', 'moeda': 'USD', 'montante': '-2632.26', 'saldo': '1149495.32', 'nome': 'Infrastructure Networks Inc.', 'cod': None}, {'data': '14-03-2024', 'pi': '3937258', 'inv': '500714', 'moeda': 'GBP', 'montante': '-27560.00', 'saldo': '2440.12', 'nome': 'European Management Marine Corp', 'cod': None}, {'data': '17-03-2024', 'pi': '3941404', 'inv': '2024013', 'moeda': 'EUR', 'montante': '-12100.00', 'saldo': '2914.14', 'nome': 'Ayolt M. Zoer', 'cod': None}, {'data': '17-03-2024', 'pi': '3941402', 'inv': '2023825', 'moeda': 'EUR', 'montante': '-6663.26', 'saldo': '15014.14', 'nome': 'Leonardo Duran', 'cod': None}, {'data': '11-03-2024', 'pi': '3928507', 'inv': '2023825', 'moeda': 'EUR', 'montante': '-882735.55', 'saldo': '3677.40', 'nome': 'SISTAC B.V', 'cod': None}, {'data': '11-03-2024', 'pi': '3927938', 'inv': '2023825', 'moeda': 'EUR', 'montante': '-16955.00', 'saldo': '3412.95', 'nome': 'Tschudi Ship Management AS', 'cod': None}, {'data': '11-03-2024', 'pi': '3927933', 'inv': '2023875', 'moeda': 'EUR', 'montante': '-5057.50', 'saldo': '20367.95', 'nome': 'Tschudi Ship Management AS', 'cod': None}, {'data': '11-03-2024', 'pi': '3927929', 'inv': '2024012', 'moeda': 'EUR', 'montante': '-21898.55', 'saldo': '25425.45', 'nome': 'Tschudi Ship Management AS', 'cod': None}, {'data': '11-03-2024', 'pi': '3927874', 'inv': '2024087', 'moeda': 'EUR', 'montante': '-18840.00', 'saldo': '47324.00', 'nome': 'Tschudi Ship Management AS', 'cod': None}, {'data': '11-03-2024', 'pi': '3927855', 'inv': '2023746', 'moeda': 'EUR', 'montante': '-17590.00', 'saldo': '66164.00', 'nome': 'Tschudi Ship Management AS', 'cod': None}, {'data': '11-03-2024', 'pi': '3927845', 'inv': '10713472', 'moeda': 'DNV', 'montante': '-1650.00', 'saldo': '83754.00', 'nome': 'DNV AS', 'cod': None}, {'data': '11-03-2024', 'pi': '3927824', 'inv': '10702689', 'moeda': 'DNV', 'montante': '-7920.46', 'saldo': '85404.00', 'nome': 'DNV AS', 'cod': None}, {'data': '11-03-2024', 'pi': '3927817', 'inv': '10706379', 'moeda': 'DNV', 'montante': '-3073.15', 'saldo': '93324.46', 'nome': 'DNV AS', 'cod': None}, {'data': '11-03-2024', 'pi': '3927810', 'inv': '10691423', 'moeda': 'DNV', 'montante': '-2100.00', 'saldo': '96397.61', 'nome': 'DNV AS', 'cod': None}, {'data': '11-03-2024', 'pi': '3927800', 'inv': '10706682', 'moeda': 'DNV', 'montante': '-1142.60', 'saldo': '98497.61', 'nome': 'DNV AS', 'cod': None}, {'data': '11-03-2024', 'pi': '3927783', 'inv': '10706380', 'moeda': 'DNV', 'montante': '-3523.08', 'saldo': '99640.21', 'nome': 'DNV AS', 'cod': None}, {'data': '08-03-2024', 'pi': '3924503', 'inv': '1625977', 'moeda': 'EUR', 'montante': '-49025.14', 'saldo': '3163.29', 'nome': 'Loyens and Loeff N.V', 'cod': None}, {'data': '06-03-2024', 'pi': '3917990', 'inv': '1625975', 'moeda': 'EUR', 'montante': '-1165.00', 'saldo': '1188.43', 'nome': 'Tufton Corporate Services Limited', 'cod': None}, {'data': '05-03-2024', 'pi': '3913737', 'inv': '1625975', 'moeda': 'EUR', 'montante': '-13205.65', 'saldo': '2353.43', 'nome': 'Loyens and Loeff N.V', 'cod': None}, {'data': '05-03-2024', 'pi': '3913755', 'inv': '5233081', 'moeda': 'EUR', 'montante': '-1042.89', 'saldo': '559.08', 'nome': 'Meijers Vitaal B.V', 'cod': None}, {'data': '04-03-2024', 'pi': '3910113', 'inv': '20230507', 'moeda': 'EUR', 'montante': '-3501.74', 'saldo': '1601.97', 'nome': 'Vanolde', 'cod': None}, {'data': '04-03-2024', 'pi': '3910112', 'inv': '20230330', 'moeda': 'EUR', 'montante': '-11077.55', 'saldo': '5103.71', 'nome': 'Vanolde', 'cod': None}, {'data': '04-03-2024', 'pi': '3910103', 'inv': '10694228', 'moeda': 'DNV', 'montante': '-7950.00', 'saldo': '16181.26', 'nome': 'DNV AS', 'cod': None}, {'data': '04-03-2024', 'pi': '3910101', 'inv': '10703572', 'moeda': 'DNV', 'montante': '-75869.06', 'saldo': '24131.26', 'nome': 'DNV AS', 'cod': None}]
2024-03-20 11:41:48,029; INFO; functions.mover_para_lidos.1119: MOVENDO ARQUIVO PARCIAL.pdf.
2024-03-20 11:41:48,029; INFO; functions.mover_para_lidos.1127: Pasta "Lidos" já existe
2024-03-20 11:41:48,045; INFO; functions.mover_para_lidos.1138: Novo nome: PARCIAL_1.pdf
2024-03-20 11:41:48,045; INFO; functions.mover_para_lidos.1139: teste_caminho_destino: \\Riofs\dados\Documentos Financeiro\Extratos bancarios\Ebury\2024\03 - Março\Lidos\PARCIAL_1.pdf
2024-03-20 11:41:48,045; INFO; functions.mover_para_lidos.1138: Novo nome: PARCIAL_2.pdf
2024-03-20 11:41:48,045; INFO; functions.mover_para_lidos.1139: teste_caminho_destino: \\Riofs\dados\Documentos Financeiro\Extratos bancarios\Ebury\2024\03 - Março\Lidos\PARCIAL_2.pdf
2024-03-20 11:41:48,061; INFO; functions.mover_para_lidos.1144: ARQUIVO PARCIAL_2.pdf MOVIDO PARA LIDOS.
2024-03-20 11:41:48,076; INFO; functions.open_RM.50: OPEN PROGRAM RM
2024-03-20 11:42:01,243; INFO; functions.loggin_RM.60: ENTER USER_NAME
2024-03-20 11:42:02,834; INFO; functions.loggin_RM.65: ENTER PASSWORD
2024-03-20 11:42:04,116; INFO; functions.loggin_RM.69: ENTER RM
2024-03-20 11:42:47,032; INFO; functions.enter_coligada.75: CLICK CONTEXTO
2024-03-20 11:42:52,594; INFO; functions.enter_coligada.78: CLICK COLIGADA 2
2024-03-20 11:42:57,360; INFO; functions.enter_coligada.82: INSERE O COLIGADA CODE = 2
2024-03-20 11:42:57,520; INFO; functions.enter_coligada.84: APERTA TAB PARA PREENCHER O CAMPO COM A STRING: OCEANICA ENGENHARIA E CONSULTORIA S.A.
2024-03-20 11:42:59,407; INFO; functions.enter_coligada.87: CLICK AVANÇAR NOVAMENTE
2024-03-20 11:43:03,065; INFO; functions.enter_coligada.91: CLICK CONCLUIR
2024-03-20 11:43:29,360; INFO; functions.enter_coligada.94: POP UP COLIGADA CLICADO PARA DESAPARECER
2024-03-20 11:43:30,253; INFO; functions.enter_contas_a_pagar.105: CLICK - TOTVS - LINHA RM
2024-03-20 11:43:33,281; INFO; functions.enter_contas_a_pagar.110: CLICK - BACK OFFICE
2024-03-20 11:43:36,157; INFO; functions.enter_contas_a_pagar.115: CLICK - GESTAO FINANCEIRA
2024-03-20 11:43:45,750; INFO; functions.enter_contas_a_pagar.120: CLICK - CONTAS A PAGAR
2024-03-20 11:43:46,232; INFO; functions.waitForImage.868: LANÇAMENTOS image found.
2024-03-20 11:44:11,469; INFO; functions.waitForImage.877: LICENCAS EXCEDIDAS image not found.
2024-03-20 11:44:11,469; INFO; main.process.67: PROCESSO 1 de 91 A SER TRATADO: {'data': '18-03-2024', 'pi': '3943751', 'inv': '2024013', 'moeda': 'USD', 'montante': '-253062.35', 'saldo': '97875.01', 'nome': 'ENAV Asia Pte. Ltd.', 'cod': None}
2024-03-20 11:44:11,485; INFO; main.process.78: inv original 2024013. tamanho 7
2024-03-20 11:44:11,485; INFO; main.process.83: inv TRATADA 00202401301. tamanho 11
2024-03-20 11:44:11,485; INFO; main.process.95: data: 18032024 <class 'str'>

                        pi: 3943751 <class 'str'>

                        inv: 00202401301 <class 'str'>

                        moeda: USD <class 'str'>

                        montante: 253062,35 <class 'str'>

                        saldo: 97875.01 <class 'str'>

                        nome: ENAV Asia Pte. Ltd. <class 'str'>

                        cod: None <class 'NoneType'>
2024-03-20 11:45:14,838; ERROR; functions.show_exception_and_exit.24: 'NoneType' object has no attribute 'click'
Traceback (most recent call last):
  File "c:\Projetos_Retornos\Retorno_Pg_Moeda_Estrangeira\main.py", line 163, in <module>
    process()
  File "c:\Projetos_Retornos\Retorno_Pg_Moeda_Estrangeira\main.py", line 112, in process
    filter_lancamento(inv, i)
  File "c:\Projetos_Retornos\Retorno_Pg_Moeda_Estrangeira\SUBPROGRAMS\functions.py", line 176, in filter_lancamento
    select_filter.click()
    ^^^^^^^^^^^^^^^^^^^
AttributeError: 'NoneType' object has no attribute 'click'
