2024-03-20 12:39:50,623; INFO; parameters.<module>.102: Pasta local: \\Riofs\dados\Documentos Financeiro\Extratos bancarios\Ebury\2024\03 - Março
2024-03-20 12:39:50,627; INFO; functions.getPid.975: Dentro função GetPid

2024-03-20 12:39:51,916; INFO; functions.bot_text_art.7:     ____   
2024-03-20 12:39:51,935; INFO; functions.bot_text_art.8:    [____]    
2024-03-20 12:39:51,937; INFO; functions.bot_text_art.9:  |=]()()[=|  
2024-03-20 12:39:51,940; INFO; functions.bot_text_art.10:    _\==/__    _____    ____     _        _____    ___   _  __
2024-03-20 12:39:51,941; INFO; functions.bot_text_art.11:  |__|   |_|  |  _  \  / ___|   | |      |_   _| / ___| | |/ /
2024-03-20 12:39:51,941; INFO; functions.bot_text_art.12:  |_|_/\_|_|  | |  | | | |      | |        | |   | |    | ' / 
2024-03-20 12:39:51,942; INFO; functions.bot_text_art.13:  | | __ | |  | |  | | | |      | |        | |   | |    |  <  
2024-03-20 12:39:51,943; INFO; functions.bot_text_art.14:  |_|[  ]|_|  | |__| | | |____  | |____   _| |_  | |__  | . \ 
2024-03-20 12:39:51,943; INFO; functions.bot_text_art.15:  \_|_||_|_/  |_____/   \_____| |______| |_____| \ ___| |_|\_\
2024-03-20 12:39:51,943; INFO; functions.bot_text_art.16:    |_||_|                                                     
2024-03-20 12:39:51,943; INFO; functions.bot_text_art.17:    | ||_|_   
2024-03-20 12:39:51,944; INFO; functions.bot_text_art.18:  |___||___|  
2024-03-20 12:39:51,944; INFO; functions.bot_text_art.19:              
2024-03-20 12:39:51,944; INFO; functions.headerExcel.908: Criando EXCEL
2024-03-20 12:39:51,947; INFO; functions.headerExcel.928: EXCEL iniciado
2024-03-20 12:39:51,950; INFO; main.process.15: TODOS ARQUIVOS NA PASTA ['\\\\Riofs\\dados\\Documentos Financeiro\\Extratos bancarios\\Ebury\\2024\\03 - Março\\202403-Extrato mensal-EBPCLI541626 (16).pdf'].
2024-03-20 12:39:51,951; INFO; main.process.23: SERÃO TRATADOS 0 ARQUIVOS.
2024-03-20 12:39:51,951; INFO; main.process.24: ARQUIVOS: []
2024-03-20 12:39:51,951; INFO; main.process.28: NENHUM ARQUIVO DISPONÍVEL
2024-03-20 12:39:51,952; INFO; functions.encerra_prog.342: Fechando Excel...
2024-03-20 12:39:51,982; INFO; functions.getPid.975: Dentro função GetPid

2024-03-20 12:39:52,621; INFO; functions.encerra_prog.348: RM ENCERRADO
2024-03-20 12:39:55,529; WARNING; errorhandler.__handle.104: Property: Unknown Property name. [1:203: -ms-interpolation-mode]
2024-03-20 12:39:55,570; WARNING; errorhandler.__handle.104: Property: Unknown Property name. [1:353: -webkit-font-smoothing]
2024-03-20 12:39:55,584; WARNING; errorhandler.__handle.104: Property: Unknown Property name. [1:483: -ms-text-size-adjust]
2024-03-20 12:39:55,590; WARNING; errorhandler.__handle.104: Property: Unknown Property name. [1:518: -webkit-text-size-adjust]
2024-03-20 12:39:55,593; WARNING; errorhandler.__handle.104: Property: Unknown Property name. [1:612: mso-table-lspace]
2024-03-20 12:39:55,594; WARNING; errorhandler.__handle.104: Property: Unknown Property name. [1:642: mso-table-rspace]
2024-03-20 12:39:55,728; WARNING; errorhandler.__handle.104: Property: Unknown Property name. [1:4734: mso-hide]
2024-03-20 12:39:55,787; WARNING; errorhandler.__handle.104: Property: Unknown Property name. [1:13: -ms-interpolation-mode]
2024-03-20 12:39:55,792; WARNING; errorhandler.__handle.104: Property: Unknown Property name. [1:49: -webkit-font-smoothing]
2024-03-20 12:39:55,794; WARNING; errorhandler.__handle.104: Property: Unknown Property name. [1:134: -ms-text-size-adjust]
2024-03-20 12:39:55,796; WARNING; errorhandler.__handle.104: Property: Unknown Property name. [1:160: -webkit-text-size-adjust]
2024-03-20 12:39:55,800; WARNING; errorhandler.__handle.104: Property: Unknown Property name. [1:26: mso-table-lspace]
2024-03-20 12:39:55,802; WARNING; errorhandler.__handle.104: Property: Unknown Property name. [1:45: mso-table-rspace]
2024-03-20 12:39:55,833; WARNING; errorhandler.__handle.104: Property: Unknown Property name. [1:92: mso-hide]
2024-03-20 12:39:55,845; ERROR; errorhandler.__handle.104: Property: No ":" after name found: align-center [1:1: align-center]
2024-03-20 12:39:55,847; ERROR; errorhandler.__handle.104: Property: No property value found: align-center [1:1: align-center]
2024-03-20 12:39:55,849; ERROR; errorhandler.__handle.104: CSSStyleDeclaration: Syntax Error in Property: align-center
2024-03-20 12:39:55,855; WARNING; errorhandler.__handle.104: Property: Unknown Property name. [1:14: -ms-interpolation-mode]
