2024-03-20 12:40:11,073; INFO; parameters.<module>.102: Pasta local: \\Riofs\dados\Documentos Financeiro\Extratos bancarios\Ebury\2024\03 - Março
2024-03-20 12:40:11,083; INFO; functions.getPid.975: Dentro função GetPid

2024-03-20 12:40:11,778; INFO; functions.bot_text_art.7:     ____   
2024-03-20 12:40:11,780; INFO; functions.bot_text_art.8:    [____]    
2024-03-20 12:40:11,780; INFO; functions.bot_text_art.9:  |=]()()[=|  
2024-03-20 12:40:11,780; INFO; functions.bot_text_art.10:    _\==/__    _____    ____     _        _____    ___   _  __
2024-03-20 12:40:11,781; INFO; functions.bot_text_art.11:  |__|   |_|  |  _  \  / ___|   | |      |_   _| / ___| | |/ /
2024-03-20 12:40:11,781; INFO; functions.bot_text_art.12:  |_|_/\_|_|  | |  | | | |      | |        | |   | |    | ' / 
2024-03-20 12:40:11,783; INFO; functions.bot_text_art.13:  | | __ | |  | |  | | | |      | |        | |   | |    |  <  
2024-03-20 12:40:11,783; INFO; functions.bot_text_art.14:  |_|[  ]|_|  | |__| | | |____  | |____   _| |_  | |__  | . \ 
2024-03-20 12:40:11,783; INFO; functions.bot_text_art.15:  \_|_||_|_/  |_____/   \_____| |______| |_____| \ ___| |_|\_\
2024-03-20 12:40:11,784; INFO; functions.bot_text_art.16:    |_||_|                                                     
2024-03-20 12:40:11,784; INFO; functions.bot_text_art.17:    | ||_|_   
2024-03-20 12:40:11,784; INFO; functions.bot_text_art.18:  |___||___|  
2024-03-20 12:40:11,784; INFO; functions.bot_text_art.19:              
2024-03-20 12:40:11,784; INFO; functions.headerExcel.908: Criando EXCEL
2024-03-20 12:40:11,789; INFO; functions.headerExcel.928: EXCEL iniciado
2024-03-20 12:40:11,795; INFO; main.process.15: TODOS ARQUIVOS NA PASTA ['\\\\Riofs\\dados\\Documentos Financeiro\\Extratos bancarios\\Ebury\\2024\\03 - Março\\202403-Extrato mensal-EBPCLI541626 (16).pdf'].
2024-03-20 12:40:11,796; INFO; main.process.23: SERÃO TRATADOS 0 ARQUIVOS.
2024-03-20 12:40:11,796; INFO; main.process.24: ARQUIVOS: []
2024-03-20 12:40:11,796; INFO; main.process.28: NENHUM ARQUIVO DISPONÍVEL
2024-03-20 12:40:11,797; INFO; functions.encerra_prog.342: Fechando Excel...
2024-03-20 12:40:11,811; INFO; functions.getPid.975: Dentro função GetPid

2024-03-20 12:40:12,368; INFO; functions.encerra_prog.348: RM ENCERRADO
2024-03-20 12:40:14,455; WARNING; errorhandler.__handle.104: Property: Unknown Property name. [1:203: -ms-interpolation-mode]
2024-03-20 12:40:14,530; WARNING; errorhandler.__handle.104: Property: Unknown Property name. [1:353: -webkit-font-smoothing]
2024-03-20 12:40:14,542; WARNING; errorhandler.__handle.104: Property: Unknown Property name. [1:483: -ms-text-size-adjust]
2024-03-20 12:40:14,546; WARNING; errorhandler.__handle.104: Property: Unknown Property name. [1:518: -webkit-text-size-adjust]
2024-03-20 12:40:14,550; WARNING; errorhandler.__handle.104: Property: Unknown Property name. [1:612: mso-table-lspace]
2024-03-20 12:40:14,554; WARNING; errorhandler.__handle.104: Property: Unknown Property name. [1:642: mso-table-rspace]
2024-03-20 12:40:14,789; WARNING; errorhandler.__handle.104: Property: Unknown Property name. [1:4734: mso-hide]
2024-03-20 12:40:14,918; WARNING; errorhandler.__handle.104: Property: Unknown Property name. [1:13: -ms-interpolation-mode]
2024-03-20 12:40:14,931; WARNING; errorhandler.__handle.104: Property: Unknown Property name. [1:49: -webkit-font-smoothing]
2024-03-20 12:40:14,942; WARNING; errorhandler.__handle.104: Property: Unknown Property name. [1:134: -ms-text-size-adjust]
2024-03-20 12:40:14,944; WARNING; errorhandler.__handle.104: Property: Unknown Property name. [1:160: -webkit-text-size-adjust]
2024-03-20 12:40:14,953; WARNING; errorhandler.__handle.104: Property: Unknown Property name. [1:26: mso-table-lspace]
2024-03-20 12:40:14,958; WARNING; errorhandler.__handle.104: Property: Unknown Property name. [1:45: mso-table-rspace]
2024-03-20 12:40:15,002; WARNING; errorhandler.__handle.104: Property: Unknown Property name. [1:92: mso-hide]
2024-03-20 12:40:15,024; ERROR; errorhandler.__handle.104: Property: No ":" after name found: align-center [1:1: align-center]
2024-03-20 12:40:15,026; ERROR; errorhandler.__handle.104: Property: No property value found: align-center [1:1: align-center]
2024-03-20 12:40:15,028; ERROR; errorhandler.__handle.104: CSSStyleDeclaration: Syntax Error in Property: align-center
2024-03-20 12:40:15,033; WARNING; errorhandler.__handle.104: Property: Unknown Property name. [1:14: -ms-interpolation-mode]
