2024-03-20 16:57:34,971; INFO; parameters.<module>.102: Pasta local: \\Riofs\dados\Documentos Financeiro\Extratos bancarios\Ebury\2024\03 - Março
2024-03-20 16:57:35,007; INFO; functions.getPid.983: Dentro função GetPid

2024-03-20 16:57:35,738; INFO; functions.bot_text_art.7:     ____   
2024-03-20 16:57:35,739; INFO; functions.bot_text_art.8:    [____]    
2024-03-20 16:57:35,740; INFO; functions.bot_text_art.9:  |=]()()[=|  
2024-03-20 16:57:35,741; INFO; functions.bot_text_art.10:    _\==/__    _____    ____     _        _____    ___   _  __
2024-03-20 16:57:35,742; INFO; functions.bot_text_art.11:  |__|   |_|  |  _  \  / ___|   | |      |_   _| / ___| | |/ /
2024-03-20 16:57:35,743; INFO; functions.bot_text_art.12:  |_|_/\_|_|  | |  | | | |      | |        | |   | |    | ' / 
2024-03-20 16:57:35,745; INFO; functions.bot_text_art.13:  | | __ | |  | |  | | | |      | |        | |   | |    |  <  
2024-03-20 16:57:35,746; INFO; functions.bot_text_art.14:  |_|[  ]|_|  | |__| | | |____  | |____   _| |_  | |__  | . \ 
2024-03-20 16:57:35,747; INFO; functions.bot_text_art.15:  \_|_||_|_/  |_____/   \_____| |______| |_____| \ ___| |_|\_\
2024-03-20 16:57:35,748; INFO; functions.bot_text_art.16:    |_||_|                                                     
2024-03-20 16:57:35,748; INFO; functions.bot_text_art.17:    | ||_|_   
2024-03-20 16:57:35,750; INFO; functions.bot_text_art.18:  |___||___|  
2024-03-20 16:57:35,751; INFO; functions.bot_text_art.19:              
2024-03-20 16:57:35,752; INFO; functions.headerExcel.916: Criando EXCEL
2024-03-20 16:57:35,757; INFO; functions.headerExcel.936: EXCEL iniciado
2024-03-20 16:57:35,762; INFO; main.process.15: TODOS ARQUIVOS NA PASTA ['\\\\Riofs\\dados\\Documentos Financeiro\\Extratos bancarios\\Ebury\\2024\\03 - Março\\202403-Extrato mensal-EBPCLI541626 (16).pdf'].
2024-03-20 16:57:35,764; INFO; main.process.23: SERÃO TRATADOS 0 ARQUIVOS.
2024-03-20 16:57:35,764; INFO; main.process.24: ARQUIVOS: []
2024-03-20 16:57:35,766; INFO; main.process.28: NENHUM ARQUIVO DISPONÍVEL
2024-03-20 16:57:35,767; INFO; functions.encerra_prog.342: Fechando Excel...
2024-03-20 16:57:35,799; INFO; functions.getPid.983: Dentro função GetPid

2024-03-20 16:57:36,632; INFO; functions.encerra_prog.348: RM ENCERRADO
2024-03-20 16:57:39,397; WARNING; errorhandler.__handle.104: Property: Unknown Property name. [1:203: -ms-interpolation-mode]
2024-03-20 16:57:39,448; WARNING; errorhandler.__handle.104: Property: Unknown Property name. [1:353: -webkit-font-smoothing]
2024-03-20 16:57:39,464; WARNING; errorhandler.__handle.104: Property: Unknown Property name. [1:483: -ms-text-size-adjust]
2024-03-20 16:57:39,469; WARNING; errorhandler.__handle.104: Property: Unknown Property name. [1:518: -webkit-text-size-adjust]
2024-03-20 16:57:39,474; WARNING; errorhandler.__handle.104: Property: Unknown Property name. [1:612: mso-table-lspace]
2024-03-20 16:57:39,480; WARNING; errorhandler.__handle.104: Property: Unknown Property name. [1:642: mso-table-rspace]
2024-03-20 16:57:39,897; WARNING; errorhandler.__handle.104: Property: Unknown Property name. [1:4734: mso-hide]
2024-03-20 16:57:39,995; WARNING; errorhandler.__handle.104: Property: Unknown Property name. [1:13: -ms-interpolation-mode]
2024-03-20 16:57:40,050; WARNING; errorhandler.__handle.104: Property: Unknown Property name. [1:49: -webkit-font-smoothing]
2024-03-20 16:57:40,069; WARNING; errorhandler.__handle.104: Property: Unknown Property name. [1:134: -ms-text-size-adjust]
2024-03-20 16:57:40,073; WARNING; errorhandler.__handle.104: Property: Unknown Property name. [1:160: -webkit-text-size-adjust]
2024-03-20 16:57:40,078; WARNING; errorhandler.__handle.104: Property: Unknown Property name. [1:26: mso-table-lspace]
2024-03-20 16:57:40,086; WARNING; errorhandler.__handle.104: Property: Unknown Property name. [1:45: mso-table-rspace]
2024-03-20 16:57:40,133; WARNING; errorhandler.__handle.104: Property: Unknown Property name. [1:92: mso-hide]
2024-03-20 16:57:40,144; ERROR; errorhandler.__handle.104: Property: No ":" after name found: align-center [1:1: align-center]
2024-03-20 16:57:40,146; ERROR; errorhandler.__handle.104: Property: No property value found: align-center [1:1: align-center]
2024-03-20 16:57:40,148; ERROR; errorhandler.__handle.104: CSSStyleDeclaration: Syntax Error in Property: align-center
2024-03-20 16:57:40,152; WARNING; errorhandler.__handle.104: Property: Unknown Property name. [1:14: -ms-interpolation-mode]
2024-03-20 16:57:42,053; INFO; functions.emailErro.906: Warning e-mail sent.
