2024-03-20 16:59:05,428; INFO; parameters.<module>.102: Pasta local: \\Riofs\dados\Documentos Financeiro\Extratos bancarios\Ebury\2024\03 - Março
2024-03-20 16:59:05,438; INFO; functions.getPid.983: Dentro função GetPid

2024-03-20 16:59:06,037; INFO; functions.bot_text_art.7:     ____   
2024-03-20 16:59:06,037; INFO; functions.bot_text_art.8:    [____]    
2024-03-20 16:59:06,037; INFO; functions.bot_text_art.9:  |=]()()[=|  
2024-03-20 16:59:06,037; INFO; functions.bot_text_art.10:    _\==/__    _____    ____     _        _____    ___   _  __
2024-03-20 16:59:06,037; INFO; functions.bot_text_art.11:  |__|   |_|  |  _  \  / ___|   | |      |_   _| / ___| | |/ /
2024-03-20 16:59:06,037; INFO; functions.bot_text_art.12:  |_|_/\_|_|  | |  | | | |      | |        | |   | |    | ' / 
2024-03-20 16:59:06,037; INFO; functions.bot_text_art.13:  | | __ | |  | |  | | | |      | |        | |   | |    |  <  
2024-03-20 16:59:06,037; INFO; functions.bot_text_art.14:  |_|[  ]|_|  | |__| | | |____  | |____   _| |_  | |__  | . \ 
2024-03-20 16:59:06,037; INFO; functions.bot_text_art.15:  \_|_||_|_/  |_____/   \_____| |______| |_____| \ ___| |_|\_\
2024-03-20 16:59:06,053; INFO; functions.bot_text_art.16:    |_||_|                                                     
2024-03-20 16:59:06,056; INFO; functions.bot_text_art.17:    | ||_|_   
2024-03-20 16:59:06,057; INFO; functions.bot_text_art.18:  |___||___|  
2024-03-20 16:59:06,057; INFO; functions.bot_text_art.19:              
2024-03-20 16:59:06,058; INFO; functions.headerExcel.916: Criando EXCEL
2024-03-20 16:59:06,061; INFO; functions.headerExcel.936: EXCEL iniciado
2024-03-20 16:59:06,064; INFO; main.process.15: TODOS ARQUIVOS NA PASTA ['\\\\Riofs\\dados\\Documentos Financeiro\\Extratos bancarios\\Ebury\\2024\\03 - Março\\202403-Extrato mensal-EBPCLI541626 (16).pdf', '\\\\Riofs\\dados\\Documentos Financeiro\\Extratos bancarios\\Ebury\\2024\\03 - Março\\PARCIAL Teste.pdf'].
2024-03-20 16:59:06,066; INFO; main.process.23: SERÃO TRATADOS 1 ARQUIVOS.
2024-03-20 16:59:06,066; INFO; main.process.24: ARQUIVOS: ['\\\\Riofs\\dados\\Documentos Financeiro\\Extratos bancarios\\Ebury\\2024\\03 - Março\\PARCIAL Teste.pdf']
2024-03-20 16:59:06,067; INFO; main.process.33: INICIO DO PROCESSAMENTO DO ARQUIVO: \\Riofs\dados\Documentos Financeiro\Extratos bancarios\Ebury\2024\03 - Março\PARCIAL Teste.pdf
2024-03-20 16:59:06,426; INFO; functions.informacoes_extraidas.556: texto: Oceanica Netherlands B.V.
Mr. Andre Ponce de Leon Arruda
Apollolaan 151
Extracto de Conta
Período do extrato: 01-03-2024 00:00 - 31-03-2024 23:59
Registo de instrução: 18-03-2024 19:07
Moeda: Todos
Resumo
Conta de Moeda
Saldo Inicial Fundos recebidos A sair Saldo final
Estrangeira
NOK 1151.46 6745000.00 -6736354.84 9796.62
USD 9186.41 2608536.51 -2519847.91 97875.01
GBP 485.15 30000.00 -28045.03 2440.12
EUR 6757.82 1184980.00 -1188823.68 2914.14
Obrigado por escolher Ebury.
Se tiver alguma dúvida entre em contato com o seu gestor de conta através do +31 (0) 20 795 6690.
Página 1 de 18
2024-03-20 16:59:06,634; INFO; functions.informacoes_extraidas.556: texto: Movimentos: Todas as moedas
Registo de
Descrição Montante Saldo
operação
Pagamento PI3943751 ENAV Asia Pte. Ltd.
18-03-2024
Payment for identifiable services - Oceanica Netherlands B.V. USD -253062.35 USD 97875.01
11:21
PI3943751 PGTO. REF. ENAVE
Pagamento PI3941404 Ayolt M. Zoer
17-03-2024
Payment for identifiable services - Oceanica Netherlands B.V. EUR -12100.00 EUR 2914.14
21:23
PI3941404 2024013
Pagamento PI3941402 Leonardo Duran
17-03-2024
Custos de viagem - Oceanica Netherlands B.V. PI3941402 EUR -6663.26 EUR 15014.14
21:23
Reembolso de despesas em viagens Fevereiro 2024
17-03-2024 Comprado EUR EBPOTR3341264
EUR 18000.00 EUR 21677.40
21:23 EURUSD1.105485Compra/Venda de moeda
Pagamento PI3937532 Motus Technology AS
17-03-2024
Payment for identifiable services - Oceanica Netherlands B.V. NOK -270473.47 NOK 9796.62
21:22
PI3937532 3635
17-03-2024 Comprado NOK EBPOTR3340393
NOK 250000.00 NOK 280270.09
21:22 USDNOK10.417092Compra/Venda de moeda
Pagamento PI3941406 KONGSBERG MARITIME AS
17-03-2024
Payment for identifiable services - Oceanica Netherlands B.V. USD -101366.50 USD 350937.36
21:03
PI3941406 90324394
17-03-2024 Vendido USD EBPOTR3341264
USD -19898.73 USD 452303.86
21:03 EURUSD1.105485Compra/Venda de moeda
17-03-2024 Vendido USD EBPOTR3340393
USD -23999.02 USD 472202.59
21:03 USDNOK10.417092Compra/Venda de moeda
Pagamento PI3937507 Infrastructure Networks Inc.
14-03-2024
Payment for identifiable services - Oceanica Netherlands B.V. USD -2975.00 USD 496201.61
11:08
PI3937507 27574
Pagamento PI3937496 CSS Kingston Logistics FZC
14-03-2024
Payment for identifiable services - Oceanica Netherlands B.V. USD -9308.00 USD 499176.61
11:05
PI3937496 3252024
Pagamento PI3937258 European Management Marine Corp
14-03-2024
Payment for identifiable services - Oceanica Netherlands B.V. GBP -27560.00 GBP 2440.12
10:20
PI3937258 500714
Obrigado por escolher Ebury.
Se tiver alguma dúvida entre em contato com o seu gestor de conta através do +31 (0) 20 795 6690.
Página 2 de 18
2024-03-20 16:59:06,992; INFO; functions.informacoes_extraidas.556: texto: 14-03-2024 Comprado GBP EBPOTR3338270
GBP 30000.00 GBP 30000.12
10:20 GBPUSD1.298021Compra/Venda de moeda
14-03-2024 Vendido USD EBPOTR3338270
USD -38940.63 USD 508484.61
10:20 GBPUSD1.298021Compra/Venda de moeda
Pagamento PI3934484 Navatech AS
13-03-2024
Payment for identifiable services - Oceanica Netherlands B.V. NOK -225321.84 NOK 30270.09
21:23
PI3934484 10023
Pagamento PI3934462 Green Yard Kleven AS
13-03-2024
Payment for identifiable services - Oceanica Netherlands B.V. NOK -5500000.00 NOK 255591.93
21:23
PI3934462 361904 / 6 414 086,00 - CREDIT NOTE 914.086,00
13-03-2024 Comprado NOK EBPOTR3336552
NOK 5750000.00 NOK 5755591.93
21:23 USDNOK10.318890Compra/Venda de moeda
13-03-2024 Vendido USD EBPOTR3336552
USD -557230.48 USD 547425.24
21:04 USDNOK10.318890Compra/Venda de moeda
Pagamento PI3934791 ARGO COMMUNICATIONS
13-03-2024
Payment for identifiable services - Oceanica Netherlands B.V. USD -5000.00 USD 1104655.72
17:37
PI3934791 3704
Pagamento PI3934790 ARGO COMMUNICATIONS
13-03-2024
Payment for identifiable services - Oceanica Netherlands B.V. USD -2500.00 USD 1109655.72
17:35
PI3934790 3705
Pagamento PI3934743 INCHCAPE SHIPPING SERVICES
13-03-2024 Payment for identifiable services - Oceanica Netherlands B.V.
USD -20000.00 USD 1112155.72
15:42 PI3934743 CREW, DOCUMENTACAO DA EMBARCACAO E
TRIPULACAO TRANSFER E HOTEL DA TRIPULACAO
Pagamento PI3934476 Infrastructure Networks Inc.
13-03-2024
Payment for identifiable services - Oceanica Netherlands B.V. USD -8661.21 USD 1132155.72
13:44
PI3934476 27574
Fundos OCEANICA ENGENHARIA E CONSULTORIA
13-03-2024
BR0630306294000010001464585C1 - INVS: 62,63, 66,67 - USD 261000.00 USD 1140816.93
07:48
NL66EBUR2845860862 - FED013225073
Fundos OCEANICA ENGENHARIA E CONSULTORIA
13-03-2024
BR0630306294000010001464585C1 - INVS: 62,63, 66,67 - USD 58000.00 USD 879816.93
07:48
NL66EBUR2845860862 - FED013675073
Fundos OCEANICA ENGENHARIA E CONSULTORIA
13-03-2024
BR0630306294000010001464585C1 - INVS: 62,63, 66,67 - USD 174000.00 USD 821816.93
07:48
NL66EBUR2845860862 - FED014164073
Obrigado por escolher Ebury.
Se tiver alguma dúvida entre em contato com o seu gestor de conta através do +31 (0) 20 795 6690.
Página 3 de 18
2024-03-20 16:59:07,428; INFO; functions.informacoes_extraidas.556: texto: Fundos OCEANICA ENGENHARIA E CONSULTORIA
13-03-2024
BR0630306294000010001464585C1 - INVS: 62,63, 66,67 - USD 610000.00 USD 647816.93
07:48
NL66EBUR2845860862 - FED013217073
Pagamento PI3931576 Green Yard Kleven AS
12-03-2024
Payment for identifiable services - Oceanica Netherlands B.V. NOK -101893.00 NOK 5591.93
21:23
PI3931576 361911
12-03-2024 Comprado NOK EBPOTR3334490
NOK 102000.00 NOK 107484.93
21:23 USDNOK10.353701Compra/Venda de moeda
Pagamento PI3931573 PT. SNEPAC SHIPPING
12-03-2024
Payment for identifiable services - Oceanica Netherlands B.V. USD -55.00 USD 37816.93
21:04
PI3931573 1000118
Pagamento PI3931572 PT. SNEPAC SHIPPING
12-03-2024
Payment for identifiable services - Oceanica Netherlands B.V. USD -4762.18 USD 37871.93
21:04
PI3931572 1000119
Pagamento PI3931566 Winner LLC
12-03-2024
Payment for identifiable services - Oceanica Netherlands B.V. USD -404.25 USD 42634.11
21:04
PI3931566 22024
12-03-2024 Vendido USD EBPOTR3334490
USD -9851.55 USD 43038.36
21:04 USDNOK10.353701Compra/Venda de moeda
Pagamento PI3928507 SISTAC B.V
11-03-2024
Compra de propriedade - Oceanica Netherlands B.V. PI3928507 EUR -882735.55 EUR 3677.40
21:23
Compra de Embarcacao
11-03-2024 Comprado EUR EBPOTR3332282
EUR 883000.00 EUR 886412.95
21:23 EURUSD1.108917Compra/Venda de moeda
11-03-2024 Vendido USD EBPOTR3332282
USD -979173.71 USD 52889.91
21:03 EURUSD1.108917Compra/Venda de moeda
Pagamento PI3927938 Tschudi Ship Management AS
11-03-2024
Payment for identifiable services - Oceanica Netherlands B.V. EUR -16955.00 EUR 3412.95
11:33
PI3927938 2023825
Pagamento PI3927933 Tschudi Ship Management AS
11-03-2024
Payment for identifiable services - Oceanica Netherlands B.V. EUR -5057.50 EUR 20367.95
11:32
PI3927933 2023875
Pagamento PI3927929 Tschudi Ship Management AS
11-03-2024
Payment for identifiable services - Oceanica Netherlands B.V. EUR -21898.55 EUR 25425.45
11:31
PI3927929 2024012
Pagamento PI3927874 Tschudi Ship Management AS
11-03-2024
Payment for identifiable services - Oceanica Netherlands B.V. EUR -18840.00 EUR 47324.00
11:23
PI3927874 2024087
Obrigado por escolher Ebury.
Se tiver alguma dúvida entre em contato com o seu gestor de conta através do +31 (0) 20 795 6690.
Página 4 de 18
2024-03-20 16:59:07,850; INFO; functions.informacoes_extraidas.556: texto: Pagamento PI3927855 Tschudi Ship Management AS
11-03-2024
Payment for identifiable services - Oceanica Netherlands B.V. EUR -17590.00 EUR 66164.00
11:21
PI3927855 2023746
Pagamento PI3927845 DNV AS
11-03-2024
Payment for identifiable services - Oceanica Netherlands B.V. EUR -1650.00 EUR 83754.00
11:20
PI3927845 10713472
Pagamento PI3927824 DNV AS
11-03-2024
Payment for identifiable services - Oceanica Netherlands B.V. EUR -7920.46 EUR 85404.00
11:18
PI3927824 10702689
Pagamento PI3927817 DNV AS
11-03-2024
Payment for identifiable services - Oceanica Netherlands B.V. EUR -3073.15 EUR 93324.46
11:17
PI3927817 10706379
Pagamento PI3927810 DNV AS
11-03-2024
Payment for identifiable services - Oceanica Netherlands B.V. EUR -2100.00 EUR 96397.61
11:15
PI3927810 10691423
Pagamento PI3927800 DNV AS
11-03-2024
Payment for identifiable services - Oceanica Netherlands B.V. EUR -1142.60 EUR 98497.61
11:14
PI3927800 10706682
Pagamento PI3927783 DNV AS
11-03-2024
Payment for identifiable services - Oceanica Netherlands B.V. EUR -3523.08 EUR 99640.21
11:13
PI3927783 10706380
11-03-2024 Comprado EUR EBPOTR3331701
EUR 100000.00 EUR 103163.29
11:12 EURUSD1.108117Compra/Venda de moeda
11-03-2024 Vendido USD EBPOTR3331701
USD -110811.70 USD 1032063.62
11:12 EURUSD1.108117Compra/Venda de moeda
Pagamento PI3927731 ASP Crew Management
11-03-2024
Payment for identifiable services - Oceanica Netherlands B.V. USD -5050.00 USD 1142875.32
11:07
PI3927731 1705
Pagamento PI3925171 Fugro Norway AS
08-03-2024
Payment for identifiable services - Oceanica Netherlands B.V. USD -1370.00 USD 1147925.32
17:16
PI3925171 22305981
Pagamento PI3925159 Fugro Norway AS
08-03-2024
Payment for identifiable services - Oceanica Netherlands B.V. USD -200.00 USD 1149295.32
16:11
PI3925159 22306236
Pagamento PI3925112 Infrastructure Networks Inc.
08-03-2024
Payment for identifiable services - Oceanica Netherlands B.V. USD -2632.26 USD 1149495.32
14:46
PI3925112 26766
Obrigado por escolher Ebury.
Se tiver alguma dúvida entre em contato com o seu gestor de conta através do +31 (0) 20 795 6690.
Página 5 de 18
2024-03-20 16:59:08,288; INFO; functions.informacoes_extraidas.556: texto: Pagamento PI3924566 INCHCAPE SHIPPING SERVICES
08-03-2024 Payment for identifiable services - Oceanica Netherlands B.V.
USD -46437.69 USD 1152127.58
11:22 PI3924566 CREW, DOCUMENTACAO DA EMBARCACAO E
TRIPULACAO, TRANSFER E HOTEL DA TRIPULACAO
Pagamento PI3924503 Loyens and Loeff N.V
08-03-2024
Payment for identifiable services - Oceanica Netherlands B.V. EUR -49025.14 EUR 3163.29
11:07
PI3924503 1625977
08-03-2024 Comprado EUR EBPOTR3329290
EUR 51000.00 EUR 52188.43
11:02 EURUSD1.113033Compra/Venda de moeda
08-03-2024 Vendido USD EBPOTR3329290
USD -56764.68 USD 1198565.27
11:02 EURUSD1.113033Compra/Venda de moeda
Fundos WIKBORG REIN ADV.FIRMA KLIENTKONTO
07-03-2024
NO5812500467760 - IMO 9284324 - NL66EBUR2845860862 - USD 16390.09 USD 1255329.95
12:36
7906NOO32152877
Fundos WIKBORG REIN ADV.FIRMA KLIENTKONTO
07-03-2024
NO5812500467760 - IMO 9284324 - NL66EBUR2845860862 - USD 12074.22 USD 1238939.86
12:24
7906NOO32152878
Pagamento PI3920082 Tyrholm and Farstad AS
07-03-2024
Payment for identifiable services - Oceanica Netherlands B.V. NOK -102850.10 NOK 5484.93
08:14
PI3920082 2342
07-03-2024 Comprado NOK EBPOTR3326046
NOK 103000.00 NOK 108335.03
08:14 USDNOK10.299784Compra/Venda de moeda
07-03-2024 Vendido USD EBPOTR3326046
USD -10000.21 USD 1226865.64
08:14 USDNOK10.299784Compra/Venda de moeda
Pagamento PI3920051 Motus Technology AS
07-03-2024
Payment for identifiable services - Oceanica Netherlands B.V. NOK -498030.00 NOK 5335.03
08:10
PI3920051 3555
07-03-2024 Comprado NOK EBPOTR3326023
NOK 500000.00 NOK 503365.03
08:10 USDNOK10.299105Compra/Venda de moeda
07-03-2024 Vendido USD EBPOTR3326023
USD -48547.91 USD 1236865.85
08:10 USDNOK10.299105Compra/Venda de moeda
Pagamento PI3917990 Tufton Corporate Services Limited
06-03-2024
Payment for identifiable services - Oceanica Netherlands B.V. EUR -1165.00 EUR 1188.43
21:01
PI3917990 SIN0000934
Pagamento PI3913737 Loyens and Loeff N.V
05-03-2024
Payment for identifiable services - Oceanica Netherlands B.V. EUR -13205.65 EUR 2353.43
21:24
PI3913737 1625975
Obrigado por escolher Ebury.
Se tiver alguma dúvida entre em contato com o seu gestor de conta através do +31 (0) 20 795 6690.
Página 6 de 18
2024-03-20 16:59:08,616; INFO; functions.informacoes_extraidas.556: texto: 05-03-2024 Comprado EUR EBPOTR3322027
EUR 15000.00 EUR 15559.08
21:24 EURUSD1.101063Compra/Venda de moeda
05-03-2024 Vendido USD EBPOTR3322027
USD -16515.95 USD 1285413.76
21:04 EURUSD1.101063Compra/Venda de moeda
Pagamento PI3913755 Meijers Vitaal B.V
05-03-2024
Payment for identifiable services - Oceanica Netherlands B.V. EUR -1042.89 EUR 559.08
21:03
PI3913755 5233081
Pagamento devolvido PI3869241 SISTAC B.V
05-03-2024
Compra de propriedade - Oceanica Netherlands B.V. PI3869241 USD 950000.00 USD 1301929.71
09:06
Compra de embarcacao
Pagamento PI3910113 Vanolde
04-03-2024
Payment for identifiable services - Oceanica Netherlands B.V. EUR -3501.74 EUR 1601.97
21:23
PI3910113 20230507
Pagamento PI3910125 DIMO
04-03-2024
Payment for identifiable services - Oceanica Netherlands B.V. NOK -36636.00 NOK 3365.03
21:23
PI3910125 1028061
Pagamento PI3910112 Vanolde
04-03-2024
Payment for identifiable services - Oceanica Netherlands B.V. EUR -11077.55 EUR 5103.71
21:23
PI3910112 20230330
Pagamento PI3910103 DNV AS
04-03-2024
Payment for identifiable services - Oceanica Netherlands B.V. EUR -7950.00 EUR 16181.26
21:23
PI3910103 10694228
04-03-2024 Comprado NOK EBPOTR3320003
NOK 40000.00 NOK 40001.03
21:23 USDNOK10.397054Compra/Venda de moeda
Pagamento PI3910101 DNV AS
04-03-2024
Payment for identifiable services - Oceanica Netherlands B.V. EUR -75869.06 EUR 24131.26
21:23
PI3910101 10703572
04-03-2024 Comprado EUR EBPOTR3319989
EUR 100000.00 EUR 100000.32
21:23 EURUSD1.102523Compra/Venda de moeda
04-03-2024 Vendido USD EBPOTR3320003
USD -3847.24 USD 351929.71
21:04 USDNOK10.397054Compra/Venda de moeda
04-03-2024 Vendido USD EBPOTR3319989
USD -110252.30 USD 355776.95
21:04 EURUSD1.102523Compra/Venda de moeda
Pagamento PI3905741 INCHCAPE SHIPPING SERVICES
03-03-2024
Payment for identifiable services - Oceanica Netherlands B.V. USD -33929.36 USD 466029.25
21:03
PI3905741 ENAVE AGAVE - CREW, FEE, TRANSPORT, HOTEL
Obrigado por escolher Ebury.
Se tiver alguma dúvida entre em contato com o seu gestor de conta através do +31 (0) 20 795 6690.
Página 7 de 18
2024-03-20 16:59:08,882; INFO; functions.informacoes_extraidas.556: texto: Pagamento PI3904397 ASP Crew Management
01-03-2024 Payment for identifiable services - Oceanica Netherlands B.V.
USD -36300.00 USD 499958.61
12:49 PI3904397 PREFUNDING FOR VESSELS FAR SCIMITAR AND FAR
SOUND
Fundos OCEANICA ENGENHARIA E CONSULTO
01-03-2024
BR6960701190032120000026755C1 - - NL66EBUR2845860862 - USD 500000.00 USD 536258.61
12:49
2024030100383944
01-03-2024 Comprado USD EBPOTR3316852
USD 26361.00 USD 36258.61
09:14 EURUSD1.065629Compra/Venda de moeda
01-03-2024 Vendido EUR EBPOTR3316852
EUR -24737.50 EUR 0.32
09:14 EURUSD1.065629Compra/Venda de moeda
01-03-2024 Comprado USD EBPOTR3316744
USD 2.20 USD 9897.61
08:42 USDNOK10.730742Compra/Venda de moeda
01-03-2024 Vendido NOK EBPOTR3316744
NOK -23.61 NOK 1.03
08:42 USDNOK10.730742Compra/Venda de moeda
01-03-2024 Comprado USD EBPOTR3316734
USD 34.00 USD 9895.41
08:40 GBPUSD1.245415Compra/Venda de moeda
01-03-2024 Vendido GBP EBPOTR3316734
GBP -27.30 GBP 0.12
08:40 GBPUSD1.245415Compra/Venda de moeda
01-03-2024 Comprado USD EBPOTR3316725
USD 105.00 USD 9861.41
08:39 USDNOK10.731626Compra/Venda de moeda
01-03-2024 Vendido NOK EBPOTR3316725
NOK -1126.82 NOK 24.64
08:39 USDNOK10.731626Compra/Venda de moeda
01-03-2024 Comprado USD EBPOTR3316721
USD 570.00 USD 9756.41
08:37 GBPUSD1.245262Compra/Venda de moeda
01-03-2024 Vendido GBP EBPOTR3316721
GBP -457.73 GBP 27.42
08:37 GBPUSD1.245262Compra/Venda de moeda
Fundos BELASTINGDIENST
01-03-2024 NL36INGB0003445588 - TERUGGAAF NR. 862994457O013300
EUR 3460.00 EUR 24737.82
06:30 OB.4EKWART23 (OCEANICA ) - NL66EBUR2845860862 -
COAXX615626210202402271801094949578
Fundos BELASTINGDIENST
01-03-2024 NL36INGB0003445588 - TERUGGAAF NR. 862994457B013500 OB.
EUR 14520.00 EUR 21277.82
06:30 (OCEANICA ) - NL66EBUR2845860862 -
COAXX959383279202402271801094949572
Obrigado por escolher Ebury.
Se tiver alguma dúvida entre em contato com o seu gestor de conta através do +31 (0) 20 795 6690.
Página 8 de 18
2024-03-20 16:59:09,148; INFO; functions.informacoes_extraidas.556: texto: Movimentos: NOK Conta
Registo de
Descrição Montante Saldo
operação
Pagamento PI3937532 Motus Technology AS
17-03-2024
Payment for identifiable services - Oceanica Netherlands B.V. NOK -270473.47 NOK 9796.62
21:22
PI3937532 3635
17-03-2024 Comprado NOK EBPOTR3340393
NOK 250000.00 NOK 280270.09
21:22 USDNOK10.417092Compra/Venda de moeda
Pagamento PI3934484 Navatech AS
13-03-2024
Payment for identifiable services - Oceanica Netherlands B.V. NOK -225321.84 NOK 30270.09
21:23
PI3934484 10023
Pagamento PI3934462 Green Yard Kleven AS
13-03-2024
Payment for identifiable services - Oceanica Netherlands B.V. NOK -5500000.00 NOK 255591.93
21:23
PI3934462 361904 / 6 414 086,00 - CREDIT NOTE 914.086,00
13-03-2024 Comprado NOK EBPOTR3336552
NOK 5750000.00 NOK 5755591.93
21:23 USDNOK10.318890Compra/Venda de moeda
Pagamento PI3931576 Green Yard Kleven AS
12-03-2024
Payment for identifiable services - Oceanica Netherlands B.V. NOK -101893.00 NOK 5591.93
21:23
PI3931576 361911
12-03-2024 Comprado NOK EBPOTR3334490
NOK 102000.00 NOK 107484.93
21:23 USDNOK10.353701Compra/Venda de moeda
Pagamento PI3920082 Tyrholm and Farstad AS
07-03-2024
Payment for identifiable services - Oceanica Netherlands B.V. NOK -102850.10 NOK 5484.93
08:14
PI3920082 2342
07-03-2024 Comprado NOK EBPOTR3326046
NOK 103000.00 NOK 108335.03
08:14 USDNOK10.299784Compra/Venda de moeda
Pagamento PI3920051 Motus Technology AS
07-03-2024
Payment for identifiable services - Oceanica Netherlands B.V. NOK -498030.00 NOK 5335.03
08:10
PI3920051 3555
07-03-2024 Comprado NOK EBPOTR3326023
NOK 500000.00 NOK 503365.03
08:10 USDNOK10.299105Compra/Venda de moeda
Pagamento PI3910125 DIMO
04-03-2024
Payment for identifiable services - Oceanica Netherlands B.V. NOK -36636.00 NOK 3365.03
21:23
PI3910125 1028061
04-03-2024 Comprado NOK EBPOTR3320003
NOK 40000.00 NOK 40001.03
21:23 USDNOK10.397054Compra/Venda de moeda
Obrigado por escolher Ebury.
Se tiver alguma dúvida entre em contato com o seu gestor de conta através do +31 (0) 20 795 6690.
Página 9 de 18
2024-03-20 16:59:09,265; INFO; functions.informacoes_extraidas.556: texto: 01-03-2024 Vendido NOK EBPOTR3316744
NOK -23.61 NOK 1.03
08:42 USDNOK10.730742Compra/Venda de moeda
01-03-2024 Vendido NOK EBPOTR3316725
NOK -1126.82 NOK 24.64
08:39 USDNOK10.731626Compra/Venda de moeda
Obrigado por escolher Ebury.
Se tiver alguma dúvida entre em contato com o seu gestor de conta através do +31 (0) 20 795 6690.
Página 10 de 18
2024-03-20 16:59:09,648; INFO; functions.informacoes_extraidas.556: texto: Movimentos: USD Conta
Registo de
Descrição Montante Saldo
operação
Pagamento PI3943751 ENAV Asia Pte. Ltd.
18-03-2024
Payment for identifiable services - Oceanica Netherlands B.V. USD -253062.35 USD 97875.01
11:21
PI3943751 PGTO. REF. ENAVE
Pagamento PI3941406 KONGSBERG MARITIME AS
17-03-2024
Payment for identifiable services - Oceanica Netherlands B.V. USD -101366.50 USD 350937.36
21:03
PI3941406 90324394
17-03-2024 Vendido USD EBPOTR3341264
USD -19898.73 USD 452303.86
21:03 EURUSD1.105485Compra/Venda de moeda
17-03-2024 Vendido USD EBPOTR3340393
USD -23999.02 USD 472202.59
21:03 USDNOK10.417092Compra/Venda de moeda
Pagamento PI3937507 Infrastructure Networks Inc.
14-03-2024
Payment for identifiable services - Oceanica Netherlands B.V. USD -2975.00 USD 496201.61
11:08
PI3937507 27574
Pagamento PI3937496 CSS Kingston Logistics FZC
14-03-2024
Payment for identifiable services - Oceanica Netherlands B.V. USD -9308.00 USD 499176.61
11:05
PI3937496 3252024
14-03-2024 Vendido USD EBPOTR3338270
USD -38940.63 USD 508484.61
10:20 GBPUSD1.298021Compra/Venda de moeda
13-03-2024 Vendido USD EBPOTR3336552
USD -557230.48 USD 547425.24
21:04 USDNOK10.318890Compra/Venda de moeda
Pagamento PI3934791 ARGO COMMUNICATIONS
13-03-2024
Payment for identifiable services - Oceanica Netherlands B.V. USD -5000.00 USD 1104655.72
17:37
PI3934791 3704
Pagamento PI3934790 ARGO COMMUNICATIONS
13-03-2024
Payment for identifiable services - Oceanica Netherlands B.V. USD -2500.00 USD 1109655.72
17:35
PI3934790 3705
Pagamento PI3934743 INCHCAPE SHIPPING SERVICES
13-03-2024 Payment for identifiable services - Oceanica Netherlands B.V.
USD -20000.00 USD 1112155.72
15:42 PI3934743 CREW, DOCUMENTACAO DA EMBARCACAO E
TRIPULACAO TRANSFER E HOTEL DA TRIPULACAO
Pagamento PI3934476 Infrastructure Networks Inc.
13-03-2024
Payment for identifiable services - Oceanica Netherlands B.V. USD -8661.21 USD 1132155.72
13:44
PI3934476 27574
Obrigado por escolher Ebury.
Se tiver alguma dúvida entre em contato com o seu gestor de conta através do +31 (0) 20 795 6690.
Página 11 de 18
2024-03-20 16:59:10,084; INFO; functions.informacoes_extraidas.556: texto: Fundos OCEANICA ENGENHARIA E CONSULTORIA
13-03-2024
BR0630306294000010001464585C1 - INVS: 62,63, 66,67 - USD 261000.00 USD 1140816.93
07:48
NL66EBUR2845860862 - FED013225073
Fundos OCEANICA ENGENHARIA E CONSULTORIA
13-03-2024
BR0630306294000010001464585C1 - INVS: 62,63, 66,67 - USD 58000.00 USD 879816.93
07:48
NL66EBUR2845860862 - FED013675073
Fundos OCEANICA ENGENHARIA E CONSULTORIA
13-03-2024
BR0630306294000010001464585C1 - INVS: 62,63, 66,67 - USD 174000.00 USD 821816.93
07:48
NL66EBUR2845860862 - FED014164073
Fundos OCEANICA ENGENHARIA E CONSULTORIA
13-03-2024
BR0630306294000010001464585C1 - INVS: 62,63, 66,67 - USD 610000.00 USD 647816.93
07:48
NL66EBUR2845860862 - FED013217073
Pagamento PI3931573 PT. SNEPAC SHIPPING
12-03-2024
Payment for identifiable services - Oceanica Netherlands B.V. USD -55.00 USD 37816.93
21:04
PI3931573 1000118
Pagamento PI3931572 PT. SNEPAC SHIPPING
12-03-2024
Payment for identifiable services - Oceanica Netherlands B.V. USD -4762.18 USD 37871.93
21:04
PI3931572 1000119
Pagamento PI3931566 Winner LLC
12-03-2024
Payment for identifiable services - Oceanica Netherlands B.V. USD -404.25 USD 42634.11
21:04
PI3931566 22024
12-03-2024 Vendido USD EBPOTR3334490
USD -9851.55 USD 43038.36
21:04 USDNOK10.353701Compra/Venda de moeda
11-03-2024 Vendido USD EBPOTR3332282
USD -979173.71 USD 52889.91
21:03 EURUSD1.108917Compra/Venda de moeda
11-03-2024 Vendido USD EBPOTR3331701
USD -110811.70 USD 1032063.62
11:12 EURUSD1.108117Compra/Venda de moeda
Pagamento PI3927731 ASP Crew Management
11-03-2024
Payment for identifiable services - Oceanica Netherlands B.V. USD -5050.00 USD 1142875.32
11:07
PI3927731 1705
Pagamento PI3925171 Fugro Norway AS
08-03-2024
Payment for identifiable services - Oceanica Netherlands B.V. USD -1370.00 USD 1147925.32
17:16
PI3925171 22305981
Pagamento PI3925159 Fugro Norway AS
08-03-2024
Payment for identifiable services - Oceanica Netherlands B.V. USD -200.00 USD 1149295.32
16:11
PI3925159 22306236
Obrigado por escolher Ebury.
Se tiver alguma dúvida entre em contato com o seu gestor de conta através do +31 (0) 20 795 6690.
Página 12 de 18
2024-03-20 16:59:10,709; INFO; functions.informacoes_extraidas.556: texto: Pagamento PI3925112 Infrastructure Networks Inc.
08-03-2024
Payment for identifiable services - Oceanica Netherlands B.V. USD -2632.26 USD 1149495.32
14:46
PI3925112 26766
Pagamento PI3924566 INCHCAPE SHIPPING SERVICES
08-03-2024 Payment for identifiable services - Oceanica Netherlands B.V.
USD -46437.69 USD 1152127.58
11:22 PI3924566 CREW, DOCUMENTACAO DA EMBARCACAO E
TRIPULACAO, TRANSFER E HOTEL DA TRIPULACAO
08-03-2024 Vendido USD EBPOTR3329290
USD -56764.68 USD 1198565.27
11:02 EURUSD1.113033Compra/Venda de moeda
Fundos WIKBORG REIN ADV.FIRMA KLIENTKONTO
07-03-2024
NO5812500467760 - IMO 9284324 - NL66EBUR2845860862 - USD 16390.09 USD 1255329.95
12:36
7906NOO32152877
Fundos WIKBORG REIN ADV.FIRMA KLIENTKONTO
07-03-2024
NO5812500467760 - IMO 9284324 - NL66EBUR2845860862 - USD 12074.22 USD 1238939.86
12:24
7906NOO32152878
07-03-2024 Vendido USD EBPOTR3326046
USD -10000.21 USD 1226865.64
08:14 USDNOK10.299784Compra/Venda de moeda
07-03-2024 Vendido USD EBPOTR3326023
USD -48547.91 USD 1236865.85
08:10 USDNOK10.299105Compra/Venda de moeda
05-03-2024 Vendido USD EBPOTR3322027
USD -16515.95 USD 1285413.76
21:04 EURUSD1.101063Compra/Venda de moeda
Pagamento devolvido PI3869241 SISTAC B.V
05-03-2024
Compra de propriedade - Oceanica Netherlands B.V. PI3869241 USD 950000.00 USD 1301929.71
09:06
Compra de embarcacao
04-03-2024 Vendido USD EBPOTR3320003
USD -3847.24 USD 351929.71
21:04 USDNOK10.397054Compra/Venda de moeda
04-03-2024 Vendido USD EBPOTR3319989
USD -110252.30 USD 355776.95
21:04 EURUSD1.102523Compra/Venda de moeda
Pagamento PI3905741 INCHCAPE SHIPPING SERVICES
03-03-2024
Payment for identifiable services - Oceanica Netherlands B.V. USD -33929.36 USD 466029.25
21:03
PI3905741 ENAVE AGAVE - CREW, FEE, TRANSPORT, HOTEL
Pagamento PI3904397 ASP Crew Management
01-03-2024 Payment for identifiable services - Oceanica Netherlands B.V.
USD -36300.00 USD 499958.61
12:49 PI3904397 PREFUNDING FOR VESSELS FAR SCIMITAR AND FAR
SOUND
Fundos OCEANICA ENGENHARIA E CONSULTO
01-03-2024
BR6960701190032120000026755C1 - - NL66EBUR2845860862 - USD 500000.00 USD 536258.61
12:49
2024030100383944
Obrigado por escolher Ebury.
Se tiver alguma dúvida entre em contato com o seu gestor de conta através do +31 (0) 20 795 6690.
Página 13 de 18
2024-03-20 16:59:10,838; INFO; functions.informacoes_extraidas.556: texto: 01-03-2024 Comprado USD EBPOTR3316852
USD 26361.00 USD 36258.61
09:14 EURUSD1.065629Compra/Venda de moeda
01-03-2024 Comprado USD EBPOTR3316744
USD 2.20 USD 9897.61
08:42 USDNOK10.730742Compra/Venda de moeda
01-03-2024 Comprado USD EBPOTR3316734
USD 34.00 USD 9895.41
08:40 GBPUSD1.245415Compra/Venda de moeda
01-03-2024 Comprado USD EBPOTR3316725
USD 105.00 USD 9861.41
08:39 USDNOK10.731626Compra/Venda de moeda
01-03-2024 Comprado USD EBPOTR3316721
USD 570.00 USD 9756.41
08:37 GBPUSD1.245262Compra/Venda de moeda
Obrigado por escolher Ebury.
Se tiver alguma dúvida entre em contato com o seu gestor de conta através do +31 (0) 20 795 6690.
Página 14 de 18
2024-03-20 16:59:10,951; INFO; functions.informacoes_extraidas.556: texto: Movimentos: GBP Conta
Registo de
Descrição Montante Saldo
operação
Pagamento PI3937258 European Management Marine Corp
14-03-2024
Payment for identifiable services - Oceanica Netherlands B.V. GBP -27560.00 GBP 2440.12
10:20
PI3937258 500714
14-03-2024 Comprado GBP EBPOTR3338270
GBP 30000.00 GBP 30000.12
10:20 GBPUSD1.298021Compra/Venda de moeda
01-03-2024 Vendido GBP EBPOTR3316734
GBP -27.30 GBP 0.12
08:40 GBPUSD1.245415Compra/Venda de moeda
01-03-2024 Vendido GBP EBPOTR3316721
GBP -457.73 GBP 27.42
08:37 GBPUSD1.245262Compra/Venda de moeda
Obrigado por escolher Ebury.
Se tiver alguma dúvida entre em contato com o seu gestor de conta através do +31 (0) 20 795 6690.
Página 15 de 18
2024-03-20 16:59:11,242; INFO; functions.informacoes_extraidas.556: texto: Movimentos: EUR Conta
Registo de
Descrição Montante Saldo
operação
Pagamento PI3941404 Ayolt M. Zoer
17-03-2024
Payment for identifiable services - Oceanica Netherlands B.V. EUR -12100.00 EUR 2914.14
21:23
PI3941404 2024013
Pagamento PI3941402 Leonardo Duran
17-03-2024
Custos de viagem - Oceanica Netherlands B.V. PI3941402 EUR -6663.26 EUR 15014.14
21:23
Reembolso de despesas em viagens Fevereiro 2024
17-03-2024 Comprado EUR EBPOTR3341264
EUR 18000.00 EUR 21677.40
21:23 EURUSD1.105485Compra/Venda de moeda
Pagamento PI3928507 SISTAC B.V
11-03-2024
Compra de propriedade - Oceanica Netherlands B.V. PI3928507 EUR -882735.55 EUR 3677.40
21:23
Compra de Embarcacao
11-03-2024 Comprado EUR EBPOTR3332282
EUR 883000.00 EUR 886412.95
21:23 EURUSD1.108917Compra/Venda de moeda
Pagamento PI3927938 Tschudi Ship Management AS
11-03-2024
Payment for identifiable services - Oceanica Netherlands B.V. EUR -16955.00 EUR 3412.95
11:33
PI3927938 2023825
Pagamento PI3927933 Tschudi Ship Management AS
11-03-2024
Payment for identifiable services - Oceanica Netherlands B.V. EUR -5057.50 EUR 20367.95
11:32
PI3927933 2023875
Pagamento PI3927929 Tschudi Ship Management AS
11-03-2024
Payment for identifiable services - Oceanica Netherlands B.V. EUR -21898.55 EUR 25425.45
11:31
PI3927929 2024012
Pagamento PI3927874 Tschudi Ship Management AS
11-03-2024
Payment for identifiable services - Oceanica Netherlands B.V. EUR -18840.00 EUR 47324.00
11:23
PI3927874 2024087
Pagamento PI3927855 Tschudi Ship Management AS
11-03-2024
Payment for identifiable services - Oceanica Netherlands B.V. EUR -17590.00 EUR 66164.00
11:21
PI3927855 2023746
Pagamento PI3927845 DNV AS
11-03-2024
Payment for identifiable services - Oceanica Netherlands B.V. EUR -1650.00 EUR 83754.00
11:20
PI3927845 10713472
Pagamento PI3927824 DNV AS
11-03-2024
Payment for identifiable services - Oceanica Netherlands B.V. EUR -7920.46 EUR 85404.00
11:18
PI3927824 10702689
Obrigado por escolher Ebury.
Se tiver alguma dúvida entre em contato com o seu gestor de conta através do +31 (0) 20 795 6690.
Página 16 de 18
2024-03-20 16:59:11,600; INFO; functions.informacoes_extraidas.556: texto: Pagamento PI3927817 DNV AS
11-03-2024
Payment for identifiable services - Oceanica Netherlands B.V. EUR -3073.15 EUR 93324.46
11:17
PI3927817 10706379
Pagamento PI3927810 DNV AS
11-03-2024
Payment for identifiable services - Oceanica Netherlands B.V. EUR -2100.00 EUR 96397.61
11:15
PI3927810 10691423
Pagamento PI3927800 DNV AS
11-03-2024
Payment for identifiable services - Oceanica Netherlands B.V. EUR -1142.60 EUR 98497.61
11:14
PI3927800 10706682
Pagamento PI3927783 DNV AS
11-03-2024
Payment for identifiable services - Oceanica Netherlands B.V. EUR -3523.08 EUR 99640.21
11:13
PI3927783 10706380
11-03-2024 Comprado EUR EBPOTR3331701
EUR 100000.00 EUR 103163.29
11:12 EURUSD1.108117Compra/Venda de moeda
Pagamento PI3924503 Loyens and Loeff N.V
08-03-2024
Payment for identifiable services - Oceanica Netherlands B.V. EUR -49025.14 EUR 3163.29
11:07
PI3924503 1625977
08-03-2024 Comprado EUR EBPOTR3329290
EUR 51000.00 EUR 52188.43
11:02 EURUSD1.113033Compra/Venda de moeda
Pagamento PI3917990 Tufton Corporate Services Limited
06-03-2024
Payment for identifiable services - Oceanica Netherlands B.V. EUR -1165.00 EUR 1188.43
21:01
PI3917990 SIN0000934
Pagamento PI3913737 Loyens and Loeff N.V
05-03-2024
Payment for identifiable services - Oceanica Netherlands B.V. EUR -13205.65 EUR 2353.43
21:24
PI3913737 1625975
05-03-2024 Comprado EUR EBPOTR3322027
EUR 15000.00 EUR 15559.08
21:24 EURUSD1.101063Compra/Venda de moeda
Pagamento PI3913755 Meijers Vitaal B.V
05-03-2024
Payment for identifiable services - Oceanica Netherlands B.V. EUR -1042.89 EUR 559.08
21:03
PI3913755 5233081
Pagamento PI3910113 Vanolde
04-03-2024
Payment for identifiable services - Oceanica Netherlands B.V. EUR -3501.74 EUR 1601.97
21:23
PI3910113 20230507
Pagamento PI3910112 Vanolde
04-03-2024
Payment for identifiable services - Oceanica Netherlands B.V. EUR -11077.55 EUR 5103.71
21:23
PI3910112 20230330
Obrigado por escolher Ebury.
Se tiver alguma dúvida entre em contato com o seu gestor de conta através do +31 (0) 20 795 6690.
Página 17 de 18
2024-03-20 16:59:11,820; INFO; functions.informacoes_extraidas.556: texto: Pagamento PI3910103 DNV AS
04-03-2024
Payment for identifiable services - Oceanica Netherlands B.V. EUR -7950.00 EUR 16181.26
21:23
PI3910103 10694228
Pagamento PI3910101 DNV AS
04-03-2024
Payment for identifiable services - Oceanica Netherlands B.V. EUR -75869.06 EUR 24131.26
21:23
PI3910101 10703572
04-03-2024 Comprado EUR EBPOTR3319989
EUR 100000.00 EUR 100000.32
21:23 EURUSD1.102523Compra/Venda de moeda
01-03-2024 Vendido EUR EBPOTR3316852
EUR -24737.50 EUR 0.32
09:14 EURUSD1.065629Compra/Venda de moeda
Fundos BELASTINGDIENST
01-03-2024 NL36INGB0003445588 - TERUGGAAF NR. 862994457O013300
EUR 3460.00 EUR 24737.82
06:30 OB.4EKWART23 (OCEANICA ) - NL66EBUR2845860862 -
COAXX615626210202402271801094949578
Fundos BELASTINGDIENST
01-03-2024 NL36INGB0003445588 - TERUGGAAF NR. 862994457B013500 OB.
EUR 14520.00 EUR 21277.82
06:30 (OCEANICA ) - NL66EBUR2845860862 -
COAXX959383279202402271801094949572
Obrigado por escolher Ebury.
Se tiver alguma dúvida entre em contato com o seu gestor de conta através do +31 (0) 20 795 6690.
Página 18 de 18
2024-03-20 16:59:11,837; INFO; functions.excelProcessoCompleto.1061: Adicionando aba de PROCESSOS EXTRAÍDOS ao EXCEL existente
2024-03-20 16:59:11,840; INFO; functions.excelProcessoCompleto.1075: Aba de TODOS EXTRAÍDOS ao EXCEL existente
2024-03-20 16:59:11,866; INFO; main.process.42: PROCESSOS EXTRAIDOS COM ERRO: 5
2024-03-20 16:59:11,868; INFO; main.process.43: PROCESSOS COM ERRO: [{'data': '03-03-2024', 'pi': '3905741', 'inv': None, 'moeda': 'USD', 'montante': '-33929.36', 'saldo': '466029.25', 'nome': 'INCHCAPE SHIPPING SERVICES', 'cod': None}, {'data': '01-03-2024', 'pi': '3904397', 'inv': None, 'moeda': 'USD', 'montante': '-36300.00', 'saldo': '499958.61', 'nome': 'ASP Crew Management', 'cod': None}, {'data': '08-03-2024', 'pi': '3924566', 'inv': None, 'moeda': 'USD', 'montante': '-46437.69', 'saldo': '1152127.58', 'nome': 'INCHCAPE SHIPPING SERVICES', 'cod': None}, {'data': '03-03-2024', 'pi': '3905741', 'inv': None, 'moeda': 'USD', 'montante': '-33929.36', 'saldo': '466029.25', 'nome': 'INCHCAPE SHIPPING SERVICES', 'cod': None}, {'data': '01-03-2024', 'pi': '3904397', 'inv': None, 'moeda': 'USD', 'montante': '-36300.00', 'saldo': '499958.61', 'nome': 'ASP Crew Management', 'cod': None}]
2024-03-20 16:59:11,872; INFO; functions.excelErro.1011: Adicionando aba de ERRO ao EXCEL existente
2024-03-20 16:59:11,876; INFO; functions.excelErro.1027: Aba de ERRO adicionada ao EXCEL existente
2024-03-20 16:59:11,878; INFO; main.process.46: PROCESSOS EXTRAIDOS CORRETAMENTE: 91
2024-03-20 16:59:11,880; INFO; main.process.47: PROCESSOS A SEREM TRATADOS: [{'data': '18-03-2024', 'pi': '3943751', 'inv': '2024013', 'moeda': 'USD', 'montante': '-253062.35', 'saldo': '97875.01', 'nome': 'ENAV Asia Pte. Ltd.', 'cod': None}, {'data': '17-03-2024', 'pi': '3941404', 'inv': '2024013', 'moeda': 'EUR', 'montante': '-12100.00', 'saldo': '2914.14', 'nome': 'Ayolt M. Zoer', 'cod': None}, {'data': '17-03-2024', 'pi': '3941402', 'inv': '3635', 'moeda': 'EUR', 'montante': '-6663.26', 'saldo': '15014.14', 'nome': 'Leonardo Duran', 'cod': None}, {'data': '17-03-2024', 'pi': '3937532', 'inv': '3635', 'moeda': 'NOK', 'montante': '-270473.47', 'saldo': '9796.62', 'nome': 'Motus Technology AS', 'cod': None}, {'data': '17-03-2024', 'pi': '3941406', 'inv': '90324394', 'moeda': 'USD', 'montante': '-101366.50', 'saldo': '350937.36', 'nome': 'KONGSBERG MARITIME AS', 'cod': None}, {'data': '14-03-2024', 'pi': '3937507', 'inv': '27574', 'moeda': 'USD', 'montante': '-2975.00', 'saldo': '496201.61', 'nome': 'Infrastructure Networks Inc.', 'cod': None}, {'data': '14-03-2024', 'pi': '3937496', 'inv': '3252024', 'moeda': 'FZC', 'montante': '-9308.00', 'saldo': '499176.61', 'nome': 'CSS Kingston Logistics FZC', 'cod': None}, {'data': '14-03-2024', 'pi': '3937258', 'inv': '500714', 'moeda': 'GBP', 'montante': '-27560.00', 'saldo': '2440.12', 'nome': 'European Management Marine Corp', 'cod': None}, {'data': '13-03-2024', 'pi': '3934484', 'inv': '10023', 'moeda': 'NOK', 'montante': '-225321.84', 'saldo': '30270.09', 'nome': 'Navatech AS', 'cod': None}, {'data': '13-03-2024', 'pi': '3934462', 'inv': '361904', 'moeda': 'NOK', 'montante': '-5500000.00', 'saldo': '255591.93', 'nome': 'Green Yard Kleven AS', 'cod': None}, {'data': '13-03-2024', 'pi': '3934791', 'inv': '3704', 'moeda': 'USD', 'montante': '-5000.00', 'saldo': '1104655.72', 'nome': 'ARGO COMMUNICATIONS', 'cod': None}, {'data': '13-03-2024', 'pi': '3934790', 'inv': '3705', 'moeda': 'USD', 'montante': '-2500.00', 'saldo': '1109655.72', 'nome': 'ARGO COMMUNICATIONS', 'cod': None}, {'data': '13-03-2024', 'pi': '3934743', 'inv': '27574', 'moeda': 'USD', 'montante': '-20000.00', 'saldo': '1112155.72', 'nome': 'INCHCAPE SHIPPING SERVICES', 'cod': None}, {'data': '13-03-2024', 'pi': '3934476', 'inv': '27574', 'moeda': 'USD', 'montante': '-8661.21', 'saldo': '1132155.72', 'nome': 'Infrastructure Networks Inc.', 'cod': None}, {'data': '12-03-2024', 'pi': '3931576', 'inv': '361911', 'moeda': 'NOK', 'montante': '-101893.00', 'saldo': '5591.93', 'nome': 'Green Yard Kleven AS', 'cod': None}, {'data': '12-03-2024', 'pi': '3931573', 'inv': '1000118', 'moeda': 'USD', 'montante': '-55.00', 'saldo': '37816.93', 'nome': 'PT. SNEPAC SHIPPING', 'cod': None}, {'data': '12-03-2024', 'pi': '3931572', 'inv': '1000119', 'moeda': 'USD', 'montante': '-4762.18', 'saldo': '37871.93', 'nome': 'PT. SNEPAC SHIPPING', 'cod': None}, {'data': '12-03-2024', 'pi': '3931566', 'inv': '22024', 'moeda': 'LLC', 'montante': '-404.25', 'saldo': '42634.11', 'nome': 'Winner LLC', 'cod': None}, {'data': '11-03-2024', 'pi': '3928507', 'inv': '2023825', 'moeda': 'EUR', 'montante': '-882735.55', 'saldo': '3677.40', 'nome': 'SISTAC B.V', 'cod': None}, {'data': '11-03-2024', 'pi': '3927938', 'inv': '2023825', 'moeda': 'EUR', 'montante': '-16955.00', 'saldo': '3412.95', 'nome': 'Tschudi Ship Management AS', 'cod': None}, {'data': '11-03-2024', 'pi': '3927933', 'inv': '2023875', 'moeda': 'EUR', 'montante': '-5057.50', 'saldo': '20367.95', 'nome': 'Tschudi Ship Management AS', 'cod': None}, {'data': '11-03-2024', 'pi': '3927929', 'inv': '2024012', 'moeda': 'EUR', 'montante': '-21898.55', 'saldo': '25425.45', 'nome': 'Tschudi Ship Management AS', 'cod': None}, {'data': '11-03-2024', 'pi': '3927874', 'inv': '2024087', 'moeda': 'EUR', 'montante': '-18840.00', 'saldo': '47324.00', 'nome': 'Tschudi Ship Management AS', 'cod': None}, {'data': '11-03-2024', 'pi': '3927855', 'inv': '2023746', 'moeda': 'EUR', 'montante': '-17590.00', 'saldo': '66164.00', 'nome': 'Tschudi Ship Management AS', 'cod': None}, {'data': '11-03-2024', 'pi': '3927845', 'inv': '10713472', 'moeda': 'EUR', 'montante': '-1650.00', 'saldo': '83754.00', 'nome': 'DNV AS', 'cod': None}, {'data': '11-03-2024', 'pi': '3927824', 'inv': '10702689', 'moeda': 'EUR', 'montante': '-7920.46', 'saldo': '85404.00', 'nome': 'DNV AS', 'cod': None}, {'data': '11-03-2024', 'pi': '3927817', 'inv': '10706379', 'moeda': 'EUR', 'montante': '-3073.15', 'saldo': '93324.46', 'nome': 'DNV AS', 'cod': None}, {'data': '11-03-2024', 'pi': '3927810', 'inv': '10691423', 'moeda': 'EUR', 'montante': '-2100.00', 'saldo': '96397.61', 'nome': 'DNV AS', 'cod': None}, {'data': '11-03-2024', 'pi': '3927800', 'inv': '10706682', 'moeda': 'EUR', 'montante': '-1142.60', 'saldo': '98497.61', 'nome': 'DNV AS', 'cod': None}, {'data': '11-03-2024', 'pi': '3927783', 'inv': '10706380', 'moeda': 'EUR', 'montante': '-3523.08', 'saldo': '99640.21', 'nome': 'DNV AS', 'cod': None}, {'data': '11-03-2024', 'pi': '3927731', 'inv': '1705', 'moeda': 'USD', 'montante': '-5050.00', 'saldo': '1142875.32', 'nome': 'ASP Crew Management', 'cod': None}, {'data': '08-03-2024', 'pi': '3925171', 'inv': '22305981', 'moeda': 'USD', 'montante': '-1370.00', 'saldo': '1147925.32', 'nome': 'Fugro Norway AS', 'cod': None}, {'data': '08-03-2024', 'pi': '3925159', 'inv': '22306236', 'moeda': 'USD', 'montante': '-200.00', 'saldo': '1149295.32', 'nome': 'Fugro Norway AS', 'cod': None}, {'data': '08-03-2024', 'pi': '3925112', 'inv': '26766', 'moeda': 'USD', 'montante': '-2632.26', 'saldo': '1149495.32', 'nome': 'Infrastructure Networks Inc.', 'cod': None}, {'data': '08-03-2024', 'pi': '3924566', 'inv': '1625977', 'moeda': 'USD', 'montante': '-46437.69', 'saldo': '1152127.58', 'nome': 'INCHCAPE SHIPPING SERVICES', 'cod': None}, {'data': '08-03-2024', 'pi': '3924503', 'inv': '1625977', 'moeda': 'EUR', 'montante': '-49025.14', 'saldo': '3163.29', 'nome': 'Loyens and Loeff N.V', 'cod': None}, {'data': '07-03-2024', 'pi': '3920082', 'inv': '2342', 'moeda': 'NOK', 'montante': '-102850.10', 'saldo': '5484.93', 'nome': 'Tyrholm and Farstad AS', 'cod': None}, {'data': '07-03-2024', 'pi': '3920051', 'inv': '3555', 'moeda': 'NOK', 'montante': '-498030.00', 'saldo': '5335.03', 'nome': 'Motus Technology AS', 'cod': None}, {'data': '06-03-2024', 'pi': '3917990', 'inv': '1625975', 'moeda': 'EUR', 'montante': '-1165.00', 'saldo': '1188.43', 'nome': 'Tufton Corporate Services Limited', 'cod': None}, {'data': '05-03-2024', 'pi': '3913737', 'inv': '1625975', 'moeda': 'EUR', 'montante': '-13205.65', 'saldo': '2353.43', 'nome': 'Loyens and Loeff N.V', 'cod': None}, {'data': '05-03-2024', 'pi': '3913755', 'inv': '5233081', 'moeda': 'EUR', 'montante': '-1042.89', 'saldo': '559.08', 'nome': 'Meijers Vitaal B.V', 'cod': None}, {'data': '04-03-2024', 'pi': '3910113', 'inv': '20230507', 'moeda': 'EUR', 'montante': '-3501.74', 'saldo': '1601.97', 'nome': 'Vanolde', 'cod': None}, {'data': '04-03-2024', 'pi': '3910125', 'inv': '1028061', 'moeda': 'NOK', 'montante': '-36636.00', 'saldo': '3365.03', 'nome': 'DIMO', 'cod': None}, {'data': '04-03-2024', 'pi': '3910112', 'inv': '20230330', 'moeda': 'EUR', 'montante': '-11077.55', 'saldo': '5103.71', 'nome': 'Vanolde', 'cod': None}, {'data': '04-03-2024', 'pi': '3910103', 'inv': '10694228', 'moeda': 'EUR', 'montante': '-7950.00', 'saldo': '16181.26', 'nome': 'DNV AS', 'cod': None}, {'data': '04-03-2024', 'pi': '3910101', 'inv': '10703572', 'moeda': 'EUR', 'montante': '-75869.06', 'saldo': '24131.26', 'nome': 'DNV AS', 'cod': None}, {'data': '17-03-2024', 'pi': '3937532', 'inv': '3635', 'moeda': 'NOK', 'montante': '-270473.47', 'saldo': '9796.62', 'nome': 'Motus Technology AS', 'cod': None}, {'data': '13-03-2024', 'pi': '3934484', 'inv': '10023', 'moeda': 'NOK', 'montante': '-225321.84', 'saldo': '30270.09', 'nome': 'Navatech AS', 'cod': None}, {'data': '13-03-2024', 'pi': '3934462', 'inv': '361904', 'moeda': 'NOK', 'montante': '-5500000.00', 'saldo': '255591.93', 'nome': 'Green Yard Kleven AS', 'cod': None}, {'data': '12-03-2024', 'pi': '3931576', 'inv': '361911', 'moeda': 'NOK', 'montante': '-101893.00', 'saldo': '5591.93', 'nome': 'Green Yard Kleven AS', 'cod': None}, {'data': '07-03-2024', 'pi': '3920082', 'inv': '2342', 'moeda': 'NOK', 'montante': '-102850.10', 'saldo': '5484.93', 'nome': 'Tyrholm and Farstad AS', 'cod': None}, {'data': '07-03-2024', 'pi': '3920051', 'inv': '3555', 'moeda': 'NOK', 'montante': '-498030.00', 'saldo': '5335.03', 'nome': 'Motus Technology AS', 'cod': None}, {'data': '04-03-2024', 'pi': '3910125', 'inv': '1028061', 'moeda': 'NOK', 'montante': '-36636.00', 'saldo': '3365.03', 'nome': 'DIMO', 'cod': None}, {'data': '18-03-2024', 'pi': '3943751', 'inv': '90324394', 'moeda': 'USD', 'montante': '-253062.35', 'saldo': '97875.01', 'nome': 'ENAV Asia Pte. Ltd.', 'cod': None}, {'data': '17-03-2024', 'pi': '3941406', 'inv': '90324394', 'moeda': 'USD', 'montante': '-101366.50', 'saldo': '350937.36', 'nome': 'KONGSBERG MARITIME AS', 'cod': None}, {'data': '14-03-2024', 'pi': '3937507', 'inv': '27574', 'moeda': 'USD', 'montante': '-2975.00', 'saldo': '496201.61', 'nome': 'Infrastructure Networks Inc.', 'cod': None}, {'data': '14-03-2024', 'pi': '3937496', 'inv': '3252024', 'moeda': 'FZC', 'montante': '-9308.00', 'saldo': '499176.61', 'nome': 'CSS Kingston Logistics FZC', 'cod': None}, {'data': '13-03-2024', 'pi': '3934791', 'inv': '3704', 'moeda': 'USD', 'montante': '-5000.00', 'saldo': '1104655.72', 'nome': 'ARGO COMMUNICATIONS', 'cod': None}, {'data': '13-03-2024', 'pi': '3934790', 'inv': '3705', 'moeda': 'USD', 'montante': '-2500.00', 'saldo': '1109655.72', 'nome': 'ARGO COMMUNICATIONS', 'cod': None}, {'data': '13-03-2024', 'pi': '3934743', 'inv': '27574', 'moeda': 'USD', 'montante': '-20000.00', 'saldo': '1112155.72', 'nome': 'INCHCAPE SHIPPING SERVICES', 'cod': None}, {'data': '13-03-2024', 'pi': '3934476', 'inv': '27574', 'moeda': 'USD', 'montante': '-8661.21', 'saldo': '1132155.72', 'nome': 'Infrastructure Networks Inc.', 'cod': None}, {'data': '12-03-2024', 'pi': '3931573', 'inv': '1000118', 'moeda': 'USD', 'montante': '-55.00', 'saldo': '37816.93', 'nome': 'PT. SNEPAC SHIPPING', 'cod': None}, {'data': '12-03-2024', 'pi': '3931572', 'inv': '1000119', 'moeda': 'USD', 'montante': '-4762.18', 'saldo': '37871.93', 'nome': 'PT. SNEPAC SHIPPING', 'cod': None}, {'data': '12-03-2024', 'pi': '3931566', 'inv': '22024', 'moeda': 'LLC', 'montante': '-404.25', 'saldo': '42634.11', 'nome': 'Winner LLC', 'cod': None}, {'data': '11-03-2024', 'pi': '3927731', 'inv': '1705', 'moeda': 'USD', 'montante': '-5050.00', 'saldo': '1142875.32', 'nome': 'ASP Crew Management', 'cod': None}, {'data': '08-03-2024', 'pi': '3925171', 'inv': '22305981', 'moeda': 'USD', 'montante': '-1370.00', 'saldo': '1147925.32', 'nome': 'Fugro Norway AS', 'cod': None}, {'data': '08-03-2024', 'pi': '3925159', 'inv': '22306236', 'moeda': 'USD', 'montante': '-200.00', 'saldo': '1149295.32', 'nome': 'Fugro Norway AS', 'cod': None}, {'data': '08-03-2024', 'pi': '3925112', 'inv': '26766', 'moeda': 'USD', 'montante': '-2632.26', 'saldo': '1149495.32', 'nome': 'Infrastructure Networks Inc.', 'cod': None}, {'data': '14-03-2024', 'pi': '3937258', 'inv': '500714', 'moeda': 'GBP', 'montante': '-27560.00', 'saldo': '2440.12', 'nome': 'European Management Marine Corp', 'cod': None}, {'data': '17-03-2024', 'pi': '3941404', 'inv': '2024013', 'moeda': 'EUR', 'montante': '-12100.00', 'saldo': '2914.14', 'nome': 'Ayolt M. Zoer', 'cod': None}, {'data': '17-03-2024', 'pi': '3941402', 'inv': '2023825', 'moeda': 'EUR', 'montante': '-6663.26', 'saldo': '15014.14', 'nome': 'Leonardo Duran', 'cod': None}, {'data': '11-03-2024', 'pi': '3928507', 'inv': '2023825', 'moeda': 'EUR', 'montante': '-882735.55', 'saldo': '3677.40', 'nome': 'SISTAC B.V', 'cod': None}, {'data': '11-03-2024', 'pi': '3927938', 'inv': '2023825', 'moeda': 'EUR', 'montante': '-16955.00', 'saldo': '3412.95', 'nome': 'Tschudi Ship Management AS', 'cod': None}, {'data': '11-03-2024', 'pi': '3927933', 'inv': '2023875', 'moeda': 'EUR', 'montante': '-5057.50', 'saldo': '20367.95', 'nome': 'Tschudi Ship Management AS', 'cod': None}, {'data': '11-03-2024', 'pi': '3927929', 'inv': '2024012', 'moeda': 'EUR', 'montante': '-21898.55', 'saldo': '25425.45', 'nome': 'Tschudi Ship Management AS', 'cod': None}, {'data': '11-03-2024', 'pi': '3927874', 'inv': '2024087', 'moeda': 'EUR', 'montante': '-18840.00', 'saldo': '47324.00', 'nome': 'Tschudi Ship Management AS', 'cod': None}, {'data': '11-03-2024', 'pi': '3927855', 'inv': '2023746', 'moeda': 'EUR', 'montante': '-17590.00', 'saldo': '66164.00', 'nome': 'Tschudi Ship Management AS', 'cod': None}, {'data': '11-03-2024', 'pi': '3927845', 'inv': '10713472', 'moeda': 'EUR', 'montante': '-1650.00', 'saldo': '83754.00', 'nome': 'DNV AS', 'cod': None}, {'data': '11-03-2024', 'pi': '3927824', 'inv': '10702689', 'moeda': 'EUR', 'montante': '-7920.46', 'saldo': '85404.00', 'nome': 'DNV AS', 'cod': None}, {'data': '11-03-2024', 'pi': '3927817', 'inv': '10706379', 'moeda': 'EUR', 'montante': '-3073.15', 'saldo': '93324.46', 'nome': 'DNV AS', 'cod': None}, {'data': '11-03-2024', 'pi': '3927810', 'inv': '10691423', 'moeda': 'EUR', 'montante': '-2100.00', 'saldo': '96397.61', 'nome': 'DNV AS', 'cod': None}, {'data': '11-03-2024', 'pi': '3927800', 'inv': '10706682', 'moeda': 'EUR', 'montante': '-1142.60', 'saldo': '98497.61', 'nome': 'DNV AS', 'cod': None}, {'data': '11-03-2024', 'pi': '3927783', 'inv': '10706380', 'moeda': 'EUR', 'montante': '-3523.08', 'saldo': '99640.21', 'nome': 'DNV AS', 'cod': None}, {'data': '08-03-2024', 'pi': '3924503', 'inv': '1625977', 'moeda': 'EUR', 'montante': '-49025.14', 'saldo': '3163.29', 'nome': 'Loyens and Loeff N.V', 'cod': None}, {'data': '06-03-2024', 'pi': '3917990', 'inv': '1625975', 'moeda': 'EUR', 'montante': '-1165.00', 'saldo': '1188.43', 'nome': 'Tufton Corporate Services Limited', 'cod': None}, {'data': '05-03-2024', 'pi': '3913737', 'inv': '1625975', 'moeda': 'EUR', 'montante': '-13205.65', 'saldo': '2353.43', 'nome': 'Loyens and Loeff N.V', 'cod': None}, {'data': '05-03-2024', 'pi': '3913755', 'inv': '5233081', 'moeda': 'EUR', 'montante': '-1042.89', 'saldo': '559.08', 'nome': 'Meijers Vitaal B.V', 'cod': None}, {'data': '04-03-2024', 'pi': '3910113', 'inv': '20230507', 'moeda': 'EUR', 'montante': '-3501.74', 'saldo': '1601.97', 'nome': 'Vanolde', 'cod': None}, {'data': '04-03-2024', 'pi': '3910112', 'inv': '20230330', 'moeda': 'EUR', 'montante': '-11077.55', 'saldo': '5103.71', 'nome': 'Vanolde', 'cod': None}, {'data': '04-03-2024', 'pi': '3910103', 'inv': '10694228', 'moeda': 'EUR', 'montante': '-7950.00', 'saldo': '16181.26', 'nome': 'DNV AS', 'cod': None}, {'data': '04-03-2024', 'pi': '3910101', 'inv': '10703572', 'moeda': 'EUR', 'montante': '-75869.06', 'saldo': '24131.26', 'nome': 'DNV AS', 'cod': None}]
2024-03-20 16:59:11,913; INFO; functions.mover_para_lidos.1127: MOVENDO ARQUIVO PARCIAL Teste.pdf.
2024-03-20 16:59:11,916; INFO; functions.mover_para_lidos.1135: Pasta "Lidos" já existe
2024-03-20 16:59:11,920; INFO; functions.mover_para_lidos.1146: Novo nome: PARCIAL Teste_1.pdf
2024-03-20 16:59:11,920; INFO; functions.mover_para_lidos.1147: teste_caminho_destino: \\Riofs\dados\Documentos Financeiro\Extratos bancarios\Ebury\2024\03 - Março\Lidos\PARCIAL Teste_1.pdf
2024-03-20 16:59:11,924; INFO; functions.mover_para_lidos.1146: Novo nome: PARCIAL Teste_2.pdf
2024-03-20 16:59:11,925; INFO; functions.mover_para_lidos.1147: teste_caminho_destino: \\Riofs\dados\Documentos Financeiro\Extratos bancarios\Ebury\2024\03 - Março\Lidos\PARCIAL Teste_2.pdf
2024-03-20 16:59:11,929; INFO; functions.mover_para_lidos.1146: Novo nome: PARCIAL Teste_3.pdf
2024-03-20 16:59:11,930; INFO; functions.mover_para_lidos.1147: teste_caminho_destino: \\Riofs\dados\Documentos Financeiro\Extratos bancarios\Ebury\2024\03 - Março\Lidos\PARCIAL Teste_3.pdf
2024-03-20 16:59:11,934; INFO; functions.mover_para_lidos.1146: Novo nome: PARCIAL Teste_4.pdf
2024-03-20 16:59:11,935; INFO; functions.mover_para_lidos.1147: teste_caminho_destino: \\Riofs\dados\Documentos Financeiro\Extratos bancarios\Ebury\2024\03 - Março\Lidos\PARCIAL Teste_4.pdf
2024-03-20 16:59:11,938; INFO; functions.mover_para_lidos.1146: Novo nome: PARCIAL Teste_5.pdf
2024-03-20 16:59:11,939; INFO; functions.mover_para_lidos.1147: teste_caminho_destino: \\Riofs\dados\Documentos Financeiro\Extratos bancarios\Ebury\2024\03 - Março\Lidos\PARCIAL Teste_5.pdf
2024-03-20 16:59:11,943; INFO; functions.mover_para_lidos.1146: Novo nome: PARCIAL Teste_6.pdf
2024-03-20 16:59:11,943; INFO; functions.mover_para_lidos.1147: teste_caminho_destino: \\Riofs\dados\Documentos Financeiro\Extratos bancarios\Ebury\2024\03 - Março\Lidos\PARCIAL Teste_6.pdf
2024-03-20 16:59:11,946; INFO; functions.mover_para_lidos.1146: Novo nome: PARCIAL Teste_7.pdf
2024-03-20 16:59:11,947; INFO; functions.mover_para_lidos.1147: teste_caminho_destino: \\Riofs\dados\Documentos Financeiro\Extratos bancarios\Ebury\2024\03 - Março\Lidos\PARCIAL Teste_7.pdf
2024-03-20 16:59:11,951; INFO; functions.mover_para_lidos.1146: Novo nome: PARCIAL Teste_8.pdf
2024-03-20 16:59:11,952; INFO; functions.mover_para_lidos.1147: teste_caminho_destino: \\Riofs\dados\Documentos Financeiro\Extratos bancarios\Ebury\2024\03 - Março\Lidos\PARCIAL Teste_8.pdf
2024-03-20 16:59:11,976; INFO; functions.mover_para_lidos.1152: ARQUIVO PARCIAL Teste_8.pdf MOVIDO PARA LIDOS.
2024-03-20 16:59:11,977; ERROR; functions.show_exception_and_exit.24: division by zero
Traceback (most recent call last):
  File "c:\Projetos_Retornos\Retorno_Pg_Moeda_Estrangeira\main.py", line 163, in <module>
    process()
  File "c:\Projetos_Retornos\Retorno_Pg_Moeda_Estrangeira\main.py", line 54, in process
    a = 0/0
    ~^~
ZeroDivisionError: division by zero
2024-03-20 16:59:12,397; INFO; functions.show_exception_and_exit.31: PRINT SALVO
2024-03-20 16:59:13,407; INFO; functions.encerra_prog.342: Fechando Excel...
2024-03-20 16:59:13,671; INFO; functions.getPid.983: Dentro função GetPid

2024-03-20 16:59:15,078; INFO; functions.encerra_prog.348: RM ENCERRADO
2024-03-20 16:59:17,678; WARNING; errorhandler.__handle.104: Property: Unknown Property name. [1:203: -ms-interpolation-mode]
2024-03-20 16:59:17,723; WARNING; errorhandler.__handle.104: Property: Unknown Property name. [1:353: -webkit-font-smoothing]
2024-03-20 16:59:17,733; WARNING; errorhandler.__handle.104: Property: Unknown Property name. [1:483: -ms-text-size-adjust]
2024-03-20 16:59:17,734; WARNING; errorhandler.__handle.104: Property: Unknown Property name. [1:518: -webkit-text-size-adjust]
2024-03-20 16:59:17,738; WARNING; errorhandler.__handle.104: Property: Unknown Property name. [1:612: mso-table-lspace]
2024-03-20 16:59:17,743; WARNING; errorhandler.__handle.104: Property: Unknown Property name. [1:642: mso-table-rspace]
2024-03-20 16:59:18,006; WARNING; errorhandler.__handle.104: Property: Unknown Property name. [1:4734: mso-hide]
2024-03-20 16:59:18,126; WARNING; errorhandler.__handle.104: Property: Unknown Property name. [1:13: -ms-interpolation-mode]
2024-03-20 16:59:18,187; WARNING; errorhandler.__handle.104: Property: Unknown Property name. [1:49: -webkit-font-smoothing]
2024-03-20 16:59:18,190; WARNING; errorhandler.__handle.104: Property: Unknown Property name. [1:134: -ms-text-size-adjust]
2024-03-20 16:59:18,191; WARNING; errorhandler.__handle.104: Property: Unknown Property name. [1:160: -webkit-text-size-adjust]
2024-03-20 16:59:18,226; WARNING; errorhandler.__handle.104: Property: Unknown Property name. [1:26: mso-table-lspace]
2024-03-20 16:59:18,229; WARNING; errorhandler.__handle.104: Property: Unknown Property name. [1:45: mso-table-rspace]
2024-03-20 16:59:18,254; WARNING; errorhandler.__handle.104: Property: Unknown Property name. [1:92: mso-hide]
2024-03-20 16:59:18,262; ERROR; errorhandler.__handle.104: Property: No ":" after name found: align-center [1:1: align-center]
2024-03-20 16:59:18,263; ERROR; errorhandler.__handle.104: Property: No property value found: align-center [1:1: align-center]
2024-03-20 16:59:18,264; ERROR; errorhandler.__handle.104: CSSStyleDeclaration: Syntax Error in Property: align-center
2024-03-20 16:59:18,267; WARNING; errorhandler.__handle.104: Property: Unknown Property name. [1:14: -ms-interpolation-mode]
