20-10-2023 17:02:13.104Z;functions.bot_text_art;      ____   
20-10-2023 17:02:13.104Z;functions.bot_text_art;     [____]    
20-10-2023 17:02:13.105Z;functions.bot_text_art;   |=]()()[=|  
20-10-2023 17:02:13.105Z;functions.bot_text_art;     _\==/__    _____    ____     _        _____    ___   _  __
20-10-2023 17:02:13.105Z;functions.bot_text_art;   |__|   |_|  |  _  \  / ___|   | |      |_   _| / ___| | |/ /
20-10-2023 17:02:13.105Z;functions.bot_text_art;   |_|_/\_|_|  | |  | | | |      | |        | |   | |    | ' / 
20-10-2023 17:02:13.106Z;functions.bot_text_art;   | | __ | |  | |  | | | |      | |        | |   | |    |  <  
20-10-2023 17:02:13.106Z;functions.bot_text_art;   |_|[  ]|_|  | |__| | | |____  | |____   _| |_  | |__  | . \ 
20-10-2023 17:02:13.108Z;functions.bot_text_art;   \_|_||_|_/  |_____/   \_____| |______| |_____| \ ___| |_|\_\
20-10-2023 17:02:13.109Z;functions.bot_text_art;     |_||_|                                                     
20-10-2023 17:02:13.109Z;functions.bot_text_art;     | ||_|_   
20-10-2023 17:02:13.109Z;functions.bot_text_art;   |___||___|  
20-10-2023 17:02:13.109Z;functions.bot_text_art;               
20-10-2023 17:02:13.113Z;functions.open_RM;  OPEN PROGRAM RM
20-10-2023 17:02:18.337Z;functions.loggin_RM;  ENTER USER_NAME
20-10-2023 17:02:19.138Z;functions.loggin_RM;  ENTER PASSWORD
20-10-2023 17:02:19.789Z;functions.loggin_RM;  ENTER RM
20-10-2023 17:02:37.699Z;functions.enter_coligada;  CLICK CONTEXTO
20-10-2023 17:02:41.564Z;functions.enter_coligada;  CLICK COLIGADA 1
20-10-2023 17:02:42.860Z;functions.enter_coligada;  CLICK AVANÇAR
20-10-2023 17:02:44.072Z;functions.enter_coligada;  INSERE O COLIGADA CODE = 1
20-10-2023 17:02:44.175Z;functions.enter_coligada;  APERTA TAB PARA PREENCHER O CAMPO COM A STRING: OCEANICA ENGENHARIA E CONSULTORIA S.A.
20-10-2023 17:02:44.903Z;functions.enter_coligada;  CLICK AVANÇAR NOVAMENTE
20-10-2023 17:02:45.673Z;functions.enter_coligada;  CLICK CONCLUIR
20-10-2023 17:02:55.314Z;functions.enter_coligada;  POP UP COLIGADA DESAPARECER
20-10-2023 17:02:55.928Z;functions.enter_contas_a_pagar;  CLICK - TOTVS - LINHA RM
20-10-2023 17:02:56.959Z;functions.enter_contas_a_pagar;  CLICK - BACK OFFICE
20-10-2023 17:02:59.244Z;functions.enter_contas_a_pagar;  CLICK - GESTAO FINANCEIRA
20-10-2023 17:03:01.734Z;functions.enter_contas_a_pagar;  CLICK - CONTAS A PAGAR
20-10-2023 17:03:01.843Z;functions.waitForImage;  LANÇAMENTOS image found.
20-10-2023 17:03:03.946Z;functions.enter_contas_a_pagar;  CLICA EM LANÇAMENTOS
20-10-2023 17:03:05.947Z;functions.data_filter;  CLICK - SELECIONA A DATA DE QUARTA FEIRA E DA PROXIMA TERÇA
20-10-2023 17:03:05.947Z;functions.data_filter;  QUARTA-FEIRA: 18-10-2023
20-10-2023 17:03:05.948Z;functions.data_filter;  TERCA-FEIRA: 24-10-2023
20-10-2023 17:03:10.741Z;functions.data_filter;  ESCREVE REMESSA BANCÁRIA NO FILTRO
20-10-2023 17:03:11.345Z;functions.data_filter;  CLICK - BUTÃO DE SELECAO DE FILTRO
20-10-2023 17:03:13.048Z;functions.data_filter;  INSERE - DATA DE QUARTA-FEIRA: 18-10-2023
20-10-2023 17:03:14.445Z;functions.data_filter;  INSERE - DATA DA PROX TERCA-FEIRA: 24-10-2023
20-10-2023 17:03:15.090Z;functions.data_filter;  CLICK - BUTÃO DE EXECUTAR O FILTRO
20-10-2023 17:06:16.402Z;functions.select_tipo_documento;  NOME DA COLUNA: Tipo de Documento
20-10-2023 17:06:17.641Z;functions.select_tipo_documento;  HOVER NOME DA COLUNA: Tipo de Documento
20-10-2023 17:06:17.777Z;functions.select_tipo_documento;  CLICA PARA APARECER O FILTRO PERSONALIZAR
20-10-2023 17:06:18.084Z;functions.select_tipo_documento;  CLICA NO FILTRO PERSONALIZAR
20-10-2023 17:06:18.949Z;functions.select_tipo_documento;  CLICA PARA SELECIONAR OPÇÕES DO FILTRO
20-10-2023 17:06:25.962Z;functions.select_tipo_documento;  CLICK BUTTON CONFIRMAR FILTRO
20-10-2023 17:06:27.139Z;functions.desmark_filter;  CLICK CHECKBOX LANÇAMENTOS A RECEBER
20-10-2023 17:06:27.977Z;functions.desmark_filter;  CLICK CHECKBOX LANÇAMENTOS BAIXADOS
20-10-2023 17:06:28.819Z;functions.desmark_filter;  CLICK CHECKBOX LANÇAMENTOS CANCELADOS
20-10-2023 17:06:29.715Z;functions.desmark_filter;  CLICK CHECKBOX LANÇAMENTOS FATURADOS
20-10-2023 17:06:30.635Z;functions.desmark_filter;  CLICK CHECKBOX LANÇAMENTOS FATURADOS
20-10-2023 17:06:31.500Z;functions.filter_IPTE;  CLICK NA PRIMEIRA LINHA E COLUNA DA TABELA
20-10-2023 17:06:46.334Z;functions.filter_IPTE;  147 PASSOS PARA DIREITA NA TABELA >>
20-10-2023 17:06:48.554Z;functions.filter_IPTE;  HOVER FILTER
20-10-2023 17:06:48.686Z;functions.filter_IPTE;  CLICK FILTER
20-10-2023 17:06:52.997Z;functions.filter_IPTE;  CLICA NO FILTRO PERSONALIZAR
20-10-2023 17:06:59.736Z;functions.check_table_record;  APERTA NÃO
20-10-2023 17:07:00.666Z;functions.check_table_record;  ABRE A NOTA
20-10-2023 17:07:11.973Z;functions.waitForImage;  INTEGRAÇÃO BANCÁRIA image found.
20-10-2023 17:07:14.081Z;functions.check_payment_type;  CLICA EM INTEGRAÇÃO BANCÁRIA
20-10-2023 17:07:16.147Z;functions.waitForImage;  BOLETO image found.
20-10-2023 17:07:18.269Z;functions.check_payment_type;  CLICA NO BOLETO
20-10-2023 17:07:20.333Z;functions.waitForImage;  PRESS BUTTON OK image found.
20-10-2023 17:07:22.334Z;functions.check_payment_type;  FORMA DE PAGAMENTO BOLETO - OK
20-10-2023 17:07:24.397Z;functions.waitForImage;  PRESS BUTTON OK image found.
20-10-2023 17:07:26.517Z;functions.check_payment_type;  PRESS BUTTON OK
20-10-2023 17:07:28.577Z;functions.waitForImage;  PRESS BUTTON OK 2 image found.
20-10-2023 17:07:30.695Z;functions.check_payment_type;  PRESS BUTTON OK 2
20-10-2023 17:07:38.800Z;functions.check_table_record;  PRESS BUTTON DOWN
20-10-2023 17:07:40.902Z;functions.check_table_record;  ENTRANDO NO PRÓXIMO BOLETO
20-10-2023 17:07:47.969Z;functions.waitForImage;  INTEGRAÇÃO BANCÁRIA image found.
20-10-2023 17:07:50.100Z;functions.check_payment_type;  CLICA EM INTEGRAÇÃO BANCÁRIA
20-10-2023 17:07:52.171Z;functions.waitForImage;  BOLETO image found.
20-10-2023 17:07:54.298Z;functions.check_payment_type;  CLICA NO BOLETO
20-10-2023 17:07:56.363Z;functions.waitForImage;  PRESS BUTTON OK image found.
20-10-2023 17:07:58.364Z;functions.check_payment_type;  FORMA DE PAGAMENTO BOLETO - OK
20-10-2023 17:08:00.434Z;functions.waitForImage;  PRESS BUTTON OK image found.
20-10-2023 17:08:02.559Z;functions.check_payment_type;  PRESS BUTTON OK
20-10-2023 17:08:04.620Z;functions.waitForImage;  PRESS BUTTON OK 2 image found.
20-10-2023 17:08:06.755Z;functions.check_payment_type;  PRESS BUTTON OK 2
20-10-2023 17:08:14.873Z;functions.check_table_record;  PRESS BUTTON DOWN
20-10-2023 17:08:16.975Z;functions.check_table_record;  ENTRANDO NO PRÓXIMO BOLETO
20-10-2023 17:08:24.023Z;functions.waitForImage;  INTEGRAÇÃO BANCÁRIA image found.
20-10-2023 17:08:26.145Z;functions.check_payment_type;  CLICA EM INTEGRAÇÃO BANCÁRIA
20-10-2023 17:08:28.208Z;functions.waitForImage;  BOLETO image found.
20-10-2023 17:08:30.329Z;functions.check_payment_type;  CLICA NO BOLETO
20-10-2023 17:08:32.386Z;functions.waitForImage;  PRESS BUTTON OK image found.
20-10-2023 17:08:34.387Z;functions.check_payment_type;  FORMA DE PAGAMENTO BOLETO - OK
20-10-2023 17:08:36.446Z;functions.waitForImage;  PRESS BUTTON OK image found.
20-10-2023 17:08:38.571Z;functions.check_payment_type;  PRESS BUTTON OK
20-10-2023 17:08:40.633Z;functions.waitForImage;  PRESS BUTTON OK 2 image found.
20-10-2023 17:08:42.757Z;functions.check_payment_type;  PRESS BUTTON OK 2
20-10-2023 17:08:50.861Z;functions.check_table_record;  PRESS BUTTON DOWN
20-10-2023 17:08:52.964Z;functions.check_table_record;  ENTRANDO NO PRÓXIMO BOLETO
20-10-2023 17:09:00.033Z;functions.waitForImage;  INTEGRAÇÃO BANCÁRIA image found.
20-10-2023 17:09:02.160Z;functions.check_payment_type;  CLICA EM INTEGRAÇÃO BANCÁRIA
20-10-2023 17:09:04.222Z;functions.waitForImage;  BOLETO image found.
20-10-2023 17:09:06.342Z;functions.check_payment_type;  CLICA NO BOLETO
20-10-2023 17:09:08.412Z;functions.waitForImage;  PRESS BUTTON OK image found.
20-10-2023 17:09:10.413Z;functions.check_payment_type;  FORMA DE PAGAMENTO BOLETO - OK
20-10-2023 17:09:12.485Z;functions.waitForImage;  PRESS BUTTON OK image found.
20-10-2023 17:09:14.608Z;functions.check_payment_type;  PRESS BUTTON OK
20-10-2023 17:09:16.668Z;functions.waitForImage;  PRESS BUTTON OK 2 image found.
20-10-2023 17:09:18.794Z;functions.check_payment_type;  PRESS BUTTON OK 2
20-10-2023 17:09:26.900Z;functions.check_table_record;  PRESS BUTTON DOWN
20-10-2023 17:09:29.003Z;functions.check_table_record;  ENTRANDO NO PRÓXIMO BOLETO
20-10-2023 17:09:36.051Z;functions.waitForImage;  INTEGRAÇÃO BANCÁRIA image found.
20-10-2023 17:09:38.170Z;functions.check_payment_type;  CLICA EM INTEGRAÇÃO BANCÁRIA
20-10-2023 17:09:50.475Z;functions.waitForImage;  BOLETO image not found.
20-10-2023 17:10:00.813Z;functions.waitForImage;  BOLETO MINUSCULO image not found.
20-10-2023 17:10:11.163Z;functions.waitForImage;  BOLETO MINUSCULO HABILITADO image not found.
20-10-2023 17:10:21.329Z;functions.waitForImage;  BOLETO MINUSCULO DESABILITADO image not found.
20-10-2023 17:10:27.807Z;functions.show_exception_and_exit;  
Traceback (most recent call last):
  File "c:\projetos\remessas\main.py", line 19, in <module>
    check_table_record()
  File "c:\projetos\remessas\SUBPROGRAMS\functions.py", line 329, in check_table_record
    check_payment_type()
  File "c:\projetos\remessas\SUBPROGRAMS\functions.py", line 393, in check_payment_type
    time.sleep(2)
KeyboardInterrupt
