20-10-2023 17:43:24.815Z;functions.bot_text_art;      ____   
20-10-2023 17:43:24.816Z;functions.bot_text_art;     [____]    
20-10-2023 17:43:24.816Z;functions.bot_text_art;   |=]()()[=|  
20-10-2023 17:43:24.816Z;functions.bot_text_art;     _\==/__    _____    ____     _        _____    ___   _  __
20-10-2023 17:43:24.817Z;functions.bot_text_art;   |__|   |_|  |  _  \  / ___|   | |      |_   _| / ___| | |/ /
20-10-2023 17:43:24.817Z;functions.bot_text_art;   |_|_/\_|_|  | |  | | | |      | |        | |   | |    | ' / 
20-10-2023 17:43:24.818Z;functions.bot_text_art;   | | __ | |  | |  | | | |      | |        | |   | |    |  <  
20-10-2023 17:43:24.818Z;functions.bot_text_art;   |_|[  ]|_|  | |__| | | |____  | |____   _| |_  | |__  | . \ 
20-10-2023 17:43:24.819Z;functions.bot_text_art;   \_|_||_|_/  |_____/   \_____| |______| |_____| \ ___| |_|\_\
20-10-2023 17:43:24.819Z;functions.bot_text_art;     |_||_|                                                     
20-10-2023 17:43:24.820Z;functions.bot_text_art;     | ||_|_   
20-10-2023 17:43:24.820Z;functions.bot_text_art;   |___||___|  
20-10-2023 17:43:24.820Z;functions.bot_text_art;               
20-10-2023 17:43:24.824Z;functions.open_RM;  OPEN PROGRAM RM
20-10-2023 17:43:30.234Z;functions.loggin_RM;  ENTER USER_NAME
20-10-2023 17:43:31.034Z;functions.loggin_RM;  ENTER PASSWORD
20-10-2023 17:43:31.701Z;functions.loggin_RM;  ENTER RM
20-10-2023 17:43:49.189Z;functions.enter_coligada;  CLICK CONTEXTO
20-10-2023 17:43:53.081Z;functions.enter_coligada;  CLICK COLIGADA 1
20-10-2023 17:43:54.391Z;functions.enter_coligada;  CLICK AVANÇAR
20-10-2023 17:43:55.624Z;functions.enter_coligada;  INSERE O COLIGADA CODE = 1
20-10-2023 17:43:55.726Z;functions.enter_coligada;  APERTA TAB PARA PREENCHER O CAMPO COM A STRING: OCEANICA ENGENHARIA E CONSULTORIA S.A.
20-10-2023 17:43:56.500Z;functions.enter_coligada;  CLICK AVANÇAR NOVAMENTE
20-10-2023 17:43:57.284Z;functions.enter_coligada;  CLICK CONCLUIR
20-10-2023 17:44:07.109Z;functions.enter_coligada;  POP UP COLIGADA DESAPARECER
20-10-2023 17:44:07.726Z;functions.enter_contas_a_pagar;  CLICK - TOTVS - LINHA RM
20-10-2023 17:44:08.770Z;functions.enter_contas_a_pagar;  CLICK - BACK OFFICE
20-10-2023 17:44:11.063Z;functions.enter_contas_a_pagar;  CLICK - GESTAO FINANCEIRA
20-10-2023 17:44:13.680Z;functions.enter_contas_a_pagar;  CLICK - CONTAS A PAGAR
20-10-2023 17:44:13.770Z;functions.waitForImage;  LANÇAMENTOS image found.
20-10-2023 17:44:15.873Z;functions.enter_contas_a_pagar;  CLICA EM LANÇAMENTOS
20-10-2023 17:44:17.874Z;functions.data_filter;  CLICK - SELECIONA A DATA DE QUARTA FEIRA E DA PROXIMA TERÇA
20-10-2023 17:44:17.874Z;functions.data_filter;  QUARTA-FEIRA: 18-10-2023
20-10-2023 17:44:17.875Z;functions.data_filter;  TERCA-FEIRA: 24-10-2023
20-10-2023 17:44:22.680Z;functions.data_filter;  ESCREVE REMESSA BANCÁRIA NO FILTRO
20-10-2023 17:44:23.285Z;functions.data_filter;  CLICK - BUTÃO DE SELECAO DE FILTRO
20-10-2023 17:44:25.009Z;functions.data_filter;  INSERE - DATA DE QUARTA-FEIRA: 18-10-2023
20-10-2023 17:44:26.377Z;functions.data_filter;  INSERE - DATA DA PROX TERCA-FEIRA: 24-10-2023
20-10-2023 17:44:26.998Z;functions.data_filter;  CLICK - BUTÃO DE EXECUTAR O FILTRO
20-10-2023 17:47:22.785Z;functions.select_tipo_documento;  NOME DA COLUNA: Tipo de Documento
20-10-2023 17:47:24.023Z;functions.select_tipo_documento;  HOVER NOME DA COLUNA: Tipo de Documento
20-10-2023 17:47:24.154Z;functions.select_tipo_documento;  CLICA PARA APARECER O FILTRO PERSONALIZAR
20-10-2023 17:47:24.462Z;functions.select_tipo_documento;  CLICA NO FILTRO PERSONALIZAR
20-10-2023 17:47:25.368Z;functions.select_tipo_documento;  CLICA PARA SELECIONAR OPÇÕES DO FILTRO
20-10-2023 17:47:32.393Z;functions.select_tipo_documento;  CLICK BUTTON CONFIRMAR FILTRO
20-10-2023 17:47:33.564Z;functions.desmark_filter;  CLICK CHECKBOX LANÇAMENTOS A RECEBER
20-10-2023 17:47:34.402Z;functions.desmark_filter;  CLICK CHECKBOX LANÇAMENTOS BAIXADOS
20-10-2023 17:47:35.281Z;functions.desmark_filter;  CLICK CHECKBOX LANÇAMENTOS CANCELADOS
20-10-2023 17:47:36.189Z;functions.desmark_filter;  CLICK CHECKBOX LANÇAMENTOS FATURADOS
20-10-2023 17:47:37.127Z;functions.desmark_filter;  CLICK CHECKBOX LANÇAMENTOS FATURADOS
20-10-2023 17:47:37.977Z;functions.filter_IPTE;  CLICK NA PRIMEIRA LINHA E COLUNA DA TABELA
20-10-2023 17:47:52.817Z;functions.filter_IPTE;  147 PASSOS PARA DIREITA NA TABELA >>
20-10-2023 17:47:55.046Z;functions.filter_IPTE;  HOVER FILTER
20-10-2023 17:47:55.165Z;functions.filter_IPTE;  CLICK FILTER
20-10-2023 17:47:59.477Z;functions.filter_IPTE;  CLICA NO FILTRO PERSONALIZAR
20-10-2023 17:48:06.225Z;functions.check_table_record;  APERTA NÃO
20-10-2023 17:48:07.167Z;functions.check_table_record;  ABRE A NOTA
20-10-2023 17:48:12.242Z;functions.waitForImage;  INTEGRAÇÃO BANCÁRIA image found.
20-10-2023 17:48:14.347Z;functions.check_payment_type;  CLICA EM INTEGRAÇÃO BANCÁRIA
20-10-2023 17:48:16.411Z;functions.waitForImage;  BOLETO image found.
20-10-2023 17:48:18.537Z;functions.check_payment_type;  CLICA NO BOLETO
20-10-2023 17:48:20.598Z;functions.waitForImage;  PRESS BUTTON OK image found.
20-10-2023 17:48:22.599Z;functions.check_payment_type;  FORMA DE PAGAMENTO BOLETO - OK
20-10-2023 17:48:24.666Z;functions.waitForImage;  PRESS BUTTON OK image found.
20-10-2023 17:48:26.792Z;functions.check_payment_type;  PRESS BUTTON OK
20-10-2023 17:48:28.861Z;functions.waitForImage;  PRESS BUTTON OK 2 image found.
20-10-2023 17:48:30.972Z;functions.check_payment_type;  PRESS BUTTON OK 2
20-10-2023 17:48:39.088Z;functions.check_table_record;  PRESS BUTTON DOWN
20-10-2023 17:48:41.191Z;functions.check_table_record;  ENTRANDO NO PRÓXIMO BOLETO
20-10-2023 17:48:48.257Z;functions.waitForImage;  INTEGRAÇÃO BANCÁRIA image found.
20-10-2023 17:48:50.383Z;functions.check_payment_type;  CLICA EM INTEGRAÇÃO BANCÁRIA
20-10-2023 17:48:52.451Z;functions.waitForImage;  BOLETO image found.
20-10-2023 17:48:54.570Z;functions.check_payment_type;  CLICA NO BOLETO
20-10-2023 17:48:56.639Z;functions.waitForImage;  PRESS BUTTON OK image found.
20-10-2023 17:48:58.640Z;functions.check_payment_type;  FORMA DE PAGAMENTO BOLETO - OK
20-10-2023 17:49:00.701Z;functions.waitForImage;  PRESS BUTTON OK image found.
20-10-2023 17:49:02.822Z;functions.check_payment_type;  PRESS BUTTON OK
20-10-2023 17:49:04.869Z;functions.waitForImage;  PRESS BUTTON OK 2 image found.
20-10-2023 17:49:06.977Z;functions.check_payment_type;  PRESS BUTTON OK 2
20-10-2023 17:49:15.083Z;functions.check_table_record;  PRESS BUTTON DOWN
20-10-2023 17:49:17.186Z;functions.check_table_record;  ENTRANDO NO PRÓXIMO BOLETO
20-10-2023 17:49:24.261Z;functions.waitForImage;  INTEGRAÇÃO BANCÁRIA image found.
20-10-2023 17:49:26.387Z;functions.check_payment_type;  CLICA EM INTEGRAÇÃO BANCÁRIA
20-10-2023 17:49:28.454Z;functions.waitForImage;  BOLETO image found.
20-10-2023 17:49:30.573Z;functions.check_payment_type;  CLICA NO BOLETO
20-10-2023 17:49:32.641Z;functions.waitForImage;  PRESS BUTTON OK image found.
20-10-2023 17:49:34.643Z;functions.check_payment_type;  FORMA DE PAGAMENTO BOLETO - OK
20-10-2023 17:49:36.714Z;functions.waitForImage;  PRESS BUTTON OK image found.
20-10-2023 17:49:38.841Z;functions.check_payment_type;  PRESS BUTTON OK
20-10-2023 17:49:40.906Z;functions.waitForImage;  PRESS BUTTON OK 2 image found.
20-10-2023 17:49:43.013Z;functions.check_payment_type;  PRESS BUTTON OK 2
20-10-2023 17:49:51.121Z;functions.check_table_record;  PRESS BUTTON DOWN
20-10-2023 17:49:53.223Z;functions.check_table_record;  ENTRANDO NO PRÓXIMO BOLETO
20-10-2023 17:50:00.276Z;functions.waitForImage;  INTEGRAÇÃO BANCÁRIA image found.
20-10-2023 17:50:02.394Z;functions.check_payment_type;  CLICA EM INTEGRAÇÃO BANCÁRIA
20-10-2023 17:50:04.462Z;functions.waitForImage;  BOLETO image found.
20-10-2023 17:50:06.580Z;functions.check_payment_type;  CLICA NO BOLETO
20-10-2023 17:50:08.648Z;functions.waitForImage;  PRESS BUTTON OK image found.
20-10-2023 17:50:10.649Z;functions.check_payment_type;  FORMA DE PAGAMENTO BOLETO - OK
20-10-2023 17:50:12.717Z;functions.waitForImage;  PRESS BUTTON OK image found.
20-10-2023 17:50:14.836Z;functions.check_payment_type;  PRESS BUTTON OK
20-10-2023 17:50:16.883Z;functions.waitForImage;  PRESS BUTTON OK 2 image found.
20-10-2023 17:50:18.986Z;functions.check_payment_type;  PRESS BUTTON OK 2
20-10-2023 17:50:27.095Z;functions.check_table_record;  PRESS BUTTON DOWN
20-10-2023 17:50:29.197Z;functions.check_table_record;  ENTRANDO NO PRÓXIMO BOLETO
20-10-2023 17:50:36.280Z;functions.waitForImage;  INTEGRAÇÃO BANCÁRIA image found.
20-10-2023 17:50:38.401Z;functions.check_payment_type;  CLICA EM INTEGRAÇÃO BANCÁRIA
20-10-2023 17:50:50.694Z;functions.waitForImage;  BOLETO image not found.
20-10-2023 17:51:00.946Z;functions.waitForImage;  BOLETO MINUSCULO image not found.
20-10-2023 17:51:11.224Z;functions.waitForImage;  BOLETO MINUSCULO HABILITADO image not found.
20-10-2023 17:51:21.515Z;functions.waitForImage;  BOLETO MINUSCULO DESABILITADO image not found.
20-10-2023 17:51:21.600Z;functions.waitForImage;  BOLETO MINUSCULO DESABILITADO image found.
20-10-2023 17:51:23.725Z;functions.check_payment_type;  É CONCESSIONARIAS FLUXO ALTERNATIVO
20-10-2023 17:51:36.046Z;functions.waitForImage;  PRESS BUTTON OK image not found.
20-10-2023 17:51:36.115Z;functions.waitForImage;  PRESS BUTTON OK image found.
20-10-2023 17:51:38.239Z;functions.check_payment_type;  PRESS BUTTON OK
20-10-2023 17:51:40.313Z;functions.waitForImage;  PRESS BUTTON OK 2 image found.
20-10-2023 17:51:42.441Z;functions.check_payment_type;  PRESS BUTTON OK 2
20-10-2023 17:51:50.545Z;functions.check_table_record;  PRESS BUTTON DOWN
20-10-2023 17:51:52.648Z;functions.check_table_record;  ENTRANDO NO PRÓXIMO BOLETO
20-10-2023 17:51:59.721Z;functions.waitForImage;  INTEGRAÇÃO BANCÁRIA image found.
20-10-2023 17:52:01.853Z;functions.check_payment_type;  CLICA EM INTEGRAÇÃO BANCÁRIA
20-10-2023 17:52:03.923Z;functions.waitForImage;  BOLETO image found.
20-10-2023 17:52:06.041Z;functions.check_payment_type;  CLICA NO BOLETO
20-10-2023 17:52:08.111Z;functions.waitForImage;  PRESS BUTTON OK image found.
20-10-2023 17:52:10.113Z;functions.check_payment_type;  FORMA DE PAGAMENTO BOLETO - OK
20-10-2023 17:52:12.176Z;functions.waitForImage;  PRESS BUTTON OK image found.
20-10-2023 17:52:14.297Z;functions.check_payment_type;  PRESS BUTTON OK
20-10-2023 17:52:16.361Z;functions.waitForImage;  PRESS BUTTON OK 2 image found.
20-10-2023 17:52:18.490Z;functions.check_payment_type;  PRESS BUTTON OK 2
20-10-2023 17:52:26.597Z;functions.check_table_record;  PRESS BUTTON DOWN
20-10-2023 17:52:28.700Z;functions.check_table_record;  ENTRANDO NO PRÓXIMO BOLETO
20-10-2023 17:52:35.757Z;functions.waitForImage;  INTEGRAÇÃO BANCÁRIA image found.
20-10-2023 17:52:37.876Z;functions.check_payment_type;  CLICA EM INTEGRAÇÃO BANCÁRIA
20-10-2023 17:52:39.942Z;functions.waitForImage;  BOLETO image found.
20-10-2023 17:52:42.069Z;functions.check_payment_type;  CLICA NO BOLETO
20-10-2023 17:52:44.131Z;functions.waitForImage;  PRESS BUTTON OK image found.
20-10-2023 17:52:46.131Z;functions.check_payment_type;  FORMA DE PAGAMENTO BOLETO - OK
20-10-2023 17:52:48.202Z;functions.waitForImage;  PRESS BUTTON OK image found.
20-10-2023 17:52:50.334Z;functions.check_payment_type;  PRESS BUTTON OK
20-10-2023 17:52:52.398Z;functions.waitForImage;  PRESS BUTTON OK 2 image found.
20-10-2023 17:52:54.533Z;functions.check_payment_type;  PRESS BUTTON OK 2
20-10-2023 17:53:02.657Z;functions.check_table_record;  PRESS BUTTON DOWN
20-10-2023 17:53:04.760Z;functions.check_table_record;  ENTRANDO NO PRÓXIMO BOLETO
20-10-2023 17:53:11.819Z;functions.waitForImage;  INTEGRAÇÃO BANCÁRIA image found.
20-10-2023 17:53:13.949Z;functions.check_payment_type;  CLICA EM INTEGRAÇÃO BANCÁRIA
20-10-2023 17:53:26.239Z;functions.waitForImage;  BOLETO image not found.
20-10-2023 17:53:36.557Z;functions.waitForImage;  BOLETO MINUSCULO image not found.
20-10-2023 17:53:46.856Z;functions.waitForImage;  BOLETO MINUSCULO HABILITADO image not found.
20-10-2023 17:53:57.188Z;functions.waitForImage;  BOLETO MINUSCULO DESABILITADO image not found.
20-10-2023 17:53:57.296Z;functions.waitForImage;  BOLETO MINUSCULO DESABILITADO image found.
20-10-2023 17:53:59.414Z;functions.check_payment_type;  É CONCESSIONARIAS FLUXO ALTERNATIVO
20-10-2023 17:54:11.742Z;functions.waitForImage;  PRESS BUTTON OK image not found.
20-10-2023 17:54:11.788Z;functions.waitForImage;  PRESS BUTTON OK image found.
20-10-2023 17:54:13.921Z;functions.check_payment_type;  PRESS BUTTON OK
20-10-2023 17:54:18.266Z;functions.waitForImage;  PRESS BUTTON OK 2 image found.
20-10-2023 17:54:20.395Z;functions.check_payment_type;  PRESS BUTTON OK 2
20-10-2023 17:54:26.122Z;functions.process_lancamentos;  SELECIONA TODOS OS LANÇAMENTOS PARA SEREM PROCESSADOS
20-10-2023 17:54:30.868Z;functions.process_lancamentos;  CLICA PARA APARECER CONTA/CAIXA
20-10-2023 17:54:31.781Z;functions.process_lancamentos;  SELECIONA CONTA/CAIXA
20-10-2023 17:54:32.519Z;functions.process_lancamentos;  CLICA NO BOTÃO [...]
20-10-2023 17:54:33.670Z;functions.process_lancamentos;  CLICA NO CAMPO PESQUISA E DIGITA: %3212
20-10-2023 17:54:34.354Z;functions.process_lancamentos;  CLICA NO BOTÃO DO FILTRO
20-10-2023 17:54:35.118Z;functions.process_lancamentos;  CLICA NO BOTÃO OK
20-10-2023 17:54:35.828Z;functions.process_lancamentos;  CLICA NO BOTÃO EXECUTAR
20-10-2023 17:54:53.523Z;functions.process_lancamentos;  EXECUÇÃO FINALIZADA
20-10-2023 17:54:53.585Z;functions.waitForImage;  PRESS BUTTON OK image found.
20-10-2023 17:54:55.586Z;functions.process_lancamentos;  O PROCESSAMENTO FOI EXECUTADO COM SUCESSO.
20-10-2023 17:54:58.216Z;functions.process_lancamentos;  CLICK EM FECHAR.
20-10-2023 17:55:33.187Z;functions.show_exception_and_exit;  'NoneType' object has no attribute 'click'
Traceback (most recent call last):
  File "c:\projetos\remessas\main.py", line 20, in <module>
    proccess_bordero()
  File "c:\projetos\remessas\SUBPROGRAMS\functions.py", line 521, in proccess_bordero
    menuitem_inclusao_bordero.click()
    ^^^^^^^^^^^^^^^^^^^^^^^^^^^^^^^
AttributeError: 'NoneType' object has no attribute 'click'
