25-09-2023 15:07:51.896Z;functions.bot_text_art;      __     
25-09-2023 15:07:51.897Z;functions.bot_text_art;     [____]    
25-09-2023 15:07:51.897Z;functions.bot_text_art;   |=]()()[=|  
25-09-2023 15:07:51.898Z;functions.bot_text_art;     _\==/__    _____    ____              _____    ___   _  __
25-09-2023 15:07:51.898Z;functions.bot_text_art;   |__|   |_|  |  _  \  / ___|   | |      |_   _| / ___| | |/ /
25-09-2023 15:07:51.899Z;functions.bot_text_art;   |_|_/\_|_|  | |  | | | |      | |        | |   | |    | ' / 
25-09-2023 15:07:51.900Z;functions.bot_text_art;   | | __ | |  | |  | | | |      | |        | |   | |    |  <  
25-09-2023 15:07:51.901Z;functions.bot_text_art;   |_|[  ]|_|  | |__| | | |____  | |____   _| |_  | |__  | . \ 
25-09-2023 15:07:51.902Z;functions.bot_text_art;   \_|_||_|_/  |_____/   \_____| |______| |_____| \ ___| |_|\_\
25-09-2023 15:07:51.903Z;functions.bot_text_art;     |_||_|                                                     
25-09-2023 15:07:51.903Z;functions.bot_text_art;     | ||_|_   
25-09-2023 15:07:51.904Z;functions.bot_text_art;   |___||___|  
25-09-2023 15:07:51.904Z;functions.bot_text_art;               
25-09-2023 15:07:51.910Z;functions.open_RM;  OPEN PROGRAM RM
25-09-2023 15:08:00.394Z;functions.loggin_RM;  ENTER USER_NAME
25-09-2023 15:08:01.545Z;functions.loggin_RM;  ENTER PASSWORD
25-09-2023 15:08:02.466Z;functions.loggin_RM;  ENTER RM
25-09-2023 15:08:25.294Z;functions.enter_contas_a_pagar;  CLICK - TOTVS - LINHA RM
25-09-2023 15:08:29.514Z;functions.enter_contas_a_pagar;  CLICK - BACK OFFICE
25-09-2023 15:08:32.206Z;functions.enter_contas_a_pagar;  CLICK - GESTAO FINANCEIRA
25-09-2023 15:08:35.402Z;functions.enter_contas_a_pagar;  CLICK - CONTAS A PAGAR
25-09-2023 15:08:36.394Z;functions.enter_contas_a_pagar;  CLICK - LANCAMENTOS
25-09-2023 15:08:36.403Z;functions.data_filter;  CLICK - SELECIONA A DATA DE QUARTA FEIRA E DA PROXIMA TERÇA
25-09-2023 15:08:36.403Z;functions.data_filter;  QUARTA-FEIRA: 27-09-2023
25-09-2023 15:08:36.404Z;functions.data_filter;  TERCA-FEIRA: 03-10-2023
25-09-2023 15:08:42.653Z;functions.data_filter;  CLICK - SELECIONA FILTRO
25-09-2023 15:08:43.950Z;functions.data_filter;  CLICK - BUTÃO DE SELECAO DE FILTRO
25-09-2023 15:08:46.268Z;functions.data_filter;  INSERE - DATA DE QUARTA-FEIRA: 27-09-2023
25-09-2023 15:08:48.077Z;functions.data_filter;  INSERE - DATA DA PROX TERCA-FEIRA: 03-10-2023
25-09-2023 15:08:48.929Z;functions.data_filter;  CLICK - BUTÃO DE EXECUTAR O FILTRO
25-09-2023 15:08:55.029Z;functions.select_tipo_documento;  NOME DA COLUNA: Tipo de Documento
25-09-2023 15:08:56.592Z;functions.select_tipo_documento;  HOVER NOME DA COLUNA: Tipo de Documento
25-09-2023 15:08:56.726Z;functions.select_tipo_documento;  CLICA PARA APARECER O FILTRO PERSONALIZAR
25-09-2023 15:08:57.039Z;functions.select_tipo_documento;  CLICA NO FILTRO PERSONALIZAR
25-09-2023 15:09:11.318Z;functions.select_tipo_documento;  CLICA PARA SELECIONAR OPÇÕES DO FILTRO
25-09-2023 15:09:12.391Z;functions.select_tipo_documento;  CLICA NO FILTRO PERSONALIZAR: Não é igual a
25-09-2023 15:09:13.442Z;functions.select_tipo_documento;  ENVIAR A HOTKEY INV
25-09-2023 15:09:14.194Z;functions.select_tipo_documento;  CLICK BUTTON CONFIRMAR FILTRO
25-09-2023 15:09:15.613Z;functions.desmark_filter;  CLICK CHECKBOX LANÇAMENTOS A RECEBER
25-09-2023 15:09:16.804Z;functions.desmark_filter;  CLICK CHECKBOX LANÇAMENTOS BAIXADOS
25-09-2023 15:09:17.977Z;functions.desmark_filter;  CLICK CHECKBOX LANÇAMENTOS CANCELADOS
25-09-2023 15:09:19.215Z;functions.desmark_filter;  CLICK CHECKBOX LANÇAMENTOS FATURADOS
25-09-2023 15:09:20.579Z;functions.desmark_filter;  CLICK CHECKBOX LANÇAMENTOS FATURADOS
25-09-2023 15:09:21.750Z;functions.filter_IPTE;  CLICK NA PRIMEIRA LINHA E COLUNA DA TABELA
25-09-2023 15:09:36.794Z;functions.filter_IPTE;  147 PASSOS PARA DIREITA NA TABELA >>
25-09-2023 15:09:40.248Z;functions.filter_IPTE;  HOVER FILTER
25-09-2023 15:09:40.381Z;functions.filter_IPTE;  CLICK FILTER
25-09-2023 15:09:44.740Z;functions.filter_IPTE;  CLICA NO FILTRO PERSONALIZAR
25-09-2023 15:09:50.787Z;functions.check_payment_type;  ABRE A NOTA
25-09-2023 15:10:31.282Z;functions.show_exception_and_exit;  'NoneType' object has no attribute 'click'
Traceback (most recent call last):
  File "c:\projetos\remessas\main.py", line 20, in <module>
    check_payment_type()
  File "c:\projetos\remessas\SUBPROGRAMS\functions.py", line 264, in check_payment_type
    maximize.click()
    ^^^^^^^^^^^^^^
AttributeError: 'NoneType' object has no attribute 'click'
