27-09-2023 16:13:42.288Z;functions.bot_text_art;      __     
27-09-2023 16:13:42.289Z;functions.bot_text_art;     [____]    
27-09-2023 16:13:42.290Z;functions.bot_text_art;   |=]()()[=|  
27-09-2023 16:13:42.290Z;functions.bot_text_art;     _\==/__    _____    ____              _____    ___   _  __
27-09-2023 16:13:42.291Z;functions.bot_text_art;   |__|   |_|  |  _  \  / ___|   | |      |_   _| / ___| | |/ /
27-09-2023 16:13:42.291Z;functions.bot_text_art;   |_|_/\_|_|  | |  | | | |      | |        | |   | |    | ' / 
27-09-2023 16:13:42.292Z;functions.bot_text_art;   | | __ | |  | |  | | | |      | |        | |   | |    |  <  
27-09-2023 16:13:42.292Z;functions.bot_text_art;   |_|[  ]|_|  | |__| | | |____  | |____   _| |_  | |__  | . \ 
27-09-2023 16:13:42.294Z;functions.bot_text_art;   \_|_||_|_/  |_____/   \_____| |______| |_____| \ ___| |_|\_\
27-09-2023 16:13:42.295Z;functions.bot_text_art;     |_||_|                                                     
27-09-2023 16:13:42.295Z;functions.bot_text_art;     | ||_|_   
27-09-2023 16:13:42.296Z;functions.bot_text_art;   |___||___|  
27-09-2023 16:13:42.296Z;functions.bot_text_art;               
27-09-2023 16:13:42.667Z;functions.open_RM;  OPEN PROGRAM RM
27-09-2023 16:13:53.874Z;functions.loggin_RM;  ENTER USER_NAME
27-09-2023 16:13:54.939Z;functions.loggin_RM;  ENTER PASSWORD
27-09-2023 16:13:55.785Z;functions.loggin_RM;  ENTER RM
27-09-2023 16:14:33.193Z;functions.enter_contas_a_pagar;  CLICK - TOTVS - LINHA RM
27-09-2023 16:14:37.419Z;functions.enter_contas_a_pagar;  CLICK - BACK OFFICE
27-09-2023 16:14:40.087Z;functions.enter_contas_a_pagar;  CLICK - GESTAO FINANCEIRA
27-09-2023 16:14:44.120Z;functions.enter_contas_a_pagar;  CLICK - CONTAS A PAGAR
27-09-2023 16:14:45.157Z;functions.enter_contas_a_pagar;  CLICK - LANCAMENTOS
27-09-2023 16:14:45.161Z;functions.data_filter;  CLICK - SELECIONA A DATA DE QUARTA FEIRA E DA PROXIMA TERÇA
27-09-2023 16:14:45.162Z;functions.data_filter;  QUARTA-FEIRA: 27-09-2023
27-09-2023 16:14:45.163Z;functions.data_filter;  TERCA-FEIRA: 03-10-2023
27-09-2023 16:14:53.274Z;functions.data_filter;  CLICK - SELECIONA FILTRO
27-09-2023 16:14:54.686Z;functions.data_filter;  CLICK - BUTÃO DE SELECAO DE FILTRO
27-09-2023 16:14:57.096Z;functions.data_filter;  INSERE - DATA DE QUARTA-FEIRA: 27-09-2023
27-09-2023 16:14:59.145Z;functions.data_filter;  INSERE - DATA DA PROX TERCA-FEIRA: 03-10-2023
27-09-2023 16:15:00.011Z;functions.data_filter;  CLICK - BUTÃO DE EXECUTAR O FILTRO
27-09-2023 16:15:06.157Z;functions.select_tipo_documento;  NOME DA COLUNA: Tipo de Documento
27-09-2023 16:15:07.686Z;functions.select_tipo_documento;  HOVER NOME DA COLUNA: Tipo de Documento
27-09-2023 16:15:07.858Z;functions.select_tipo_documento;  CLICA PARA APARECER O FILTRO PERSONALIZAR
27-09-2023 16:15:08.204Z;functions.select_tipo_documento;  CLICA NO FILTRO PERSONALIZAR
27-09-2023 16:15:09.834Z;functions.select_tipo_documento;  CLICA PARA SELECIONAR OPÇÕES DO FILTRO
27-09-2023 16:15:17.245Z;functions.select_tipo_documento;  CLICK BUTTON CONFIRMAR FILTRO
27-09-2023 16:15:18.703Z;functions.desmark_filter;  CLICK CHECKBOX LANÇAMENTOS A RECEBER
27-09-2023 16:15:19.890Z;functions.desmark_filter;  CLICK CHECKBOX LANÇAMENTOS BAIXADOS
27-09-2023 16:15:21.281Z;functions.desmark_filter;  CLICK CHECKBOX LANÇAMENTOS CANCELADOS
27-09-2023 16:15:22.764Z;functions.desmark_filter;  CLICK CHECKBOX LANÇAMENTOS FATURADOS
27-09-2023 16:15:24.593Z;functions.desmark_filter;  CLICK CHECKBOX LANÇAMENTOS FATURADOS
27-09-2023 16:15:25.828Z;functions.filter_IPTE;  CLICK NA PRIMEIRA LINHA E COLUNA DA TABELA
27-09-2023 16:15:40.882Z;functions.filter_IPTE;  147 PASSOS PARA DIREITA NA TABELA >>
27-09-2023 16:15:44.822Z;functions.filter_IPTE;  HOVER FILTER
27-09-2023 16:15:44.940Z;functions.filter_IPTE;  CLICK FILTER
27-09-2023 16:15:49.305Z;functions.filter_IPTE;  CLICA NO FILTRO PERSONALIZAR
27-09-2023 16:16:08.853Z;functions.show_exception_and_exit;  'NoneType' object has no attribute 'double_click'
Traceback (most recent call last):
  File "c:\projetos\remessas\main.py", line 20, in <module>
    check_payment_type()
  File "c:\projetos\remessas\SUBPROGRAMS\functions.py", line 260, in check_payment_type
    row_IPTE.double_click()
    ^^^^^^^^^^^^^^^^^^^^^
AttributeError: 'NoneType' object has no attribute 'double_click'
