27-09-2023 18:06:04.527Z;functions.bot_text_art;      __     
27-09-2023 18:06:04.529Z;functions.bot_text_art;     [____]    
27-09-2023 18:06:04.529Z;functions.bot_text_art;   |=]()()[=|  
27-09-2023 18:06:04.530Z;functions.bot_text_art;     _\==/__    _____    ____              _____    ___   _  __
27-09-2023 18:06:04.530Z;functions.bot_text_art;   |__|   |_|  |  _  \  / ___|   | |      |_   _| / ___| | |/ /
27-09-2023 18:06:04.531Z;functions.bot_text_art;   |_|_/\_|_|  | |  | | | |      | |        | |   | |    | ' / 
27-09-2023 18:06:04.532Z;functions.bot_text_art;   | | __ | |  | |  | | | |      | |        | |   | |    |  <  
27-09-2023 18:06:04.532Z;functions.bot_text_art;   |_|[  ]|_|  | |__| | | |____  | |____   _| |_  | |__  | . \ 
27-09-2023 18:06:04.533Z;functions.bot_text_art;   \_|_||_|_/  |_____/   \_____| |______| |_____| \ ___| |_|\_\
27-09-2023 18:06:04.534Z;functions.bot_text_art;     |_||_|                                                     
27-09-2023 18:06:04.535Z;functions.bot_text_art;     | ||_|_   
27-09-2023 18:06:04.535Z;functions.bot_text_art;   |___||___|  
27-09-2023 18:06:04.535Z;functions.bot_text_art;               
27-09-2023 18:06:04.543Z;functions.open_RM;  OPEN PROGRAM RM
27-09-2023 18:06:13.356Z;functions.loggin_RM;  ENTER USER_NAME
27-09-2023 18:06:14.612Z;functions.loggin_RM;  ENTER PASSWORD
27-09-2023 18:06:15.656Z;functions.loggin_RM;  ENTER RM
27-09-2023 18:06:38.467Z;functions.enter_contas_a_pagar;  CLICK - TOTVS - LINHA RM
27-09-2023 18:06:42.842Z;functions.enter_contas_a_pagar;  CLICK - BACK OFFICE
27-09-2023 18:06:45.567Z;functions.enter_contas_a_pagar;  CLICK - GESTAO FINANCEIRA
27-09-2023 18:06:49.231Z;functions.enter_contas_a_pagar;  CLICK - CONTAS A PAGAR
27-09-2023 18:06:50.223Z;functions.enter_contas_a_pagar;  CLICK - LANCAMENTOS
27-09-2023 18:06:50.225Z;functions.data_filter;  CLICK - SELECIONA A DATA DE QUARTA FEIRA E DA PROXIMA TERÇA
27-09-2023 18:06:50.225Z;functions.data_filter;  QUARTA-FEIRA: 27-09-2023
27-09-2023 18:06:50.226Z;functions.data_filter;  TERCA-FEIRA: 03-10-2023
27-09-2023 18:06:56.531Z;functions.data_filter;  CLICK - SELECIONA FILTRO
27-09-2023 18:06:57.890Z;functions.data_filter;  CLICK - BUTÃO DE SELECAO DE FILTRO
27-09-2023 18:07:00.365Z;functions.data_filter;  INSERE - DATA DE QUARTA-FEIRA: 27-09-2023
27-09-2023 18:07:02.418Z;functions.data_filter;  INSERE - DATA DA PROX TERCA-FEIRA: 03-10-2023
27-09-2023 18:07:03.252Z;functions.data_filter;  CLICK - BUTÃO DE EXECUTAR O FILTRO
27-09-2023 18:07:09.133Z;functions.select_tipo_documento;  NOME DA COLUNA: Tipo de Documento
27-09-2023 18:07:10.751Z;functions.select_tipo_documento;  HOVER NOME DA COLUNA: Tipo de Documento
27-09-2023 18:07:10.871Z;functions.select_tipo_documento;  CLICA PARA APARECER O FILTRO PERSONALIZAR
27-09-2023 18:07:11.196Z;functions.select_tipo_documento;  CLICA NO FILTRO PERSONALIZAR
27-09-2023 18:07:12.694Z;functions.select_tipo_documento;  CLICA PARA SELECIONAR OPÇÕES DO FILTRO
27-09-2023 18:07:20.005Z;functions.select_tipo_documento;  CLICK BUTTON CONFIRMAR FILTRO
27-09-2023 18:07:21.486Z;functions.desmark_filter;  CLICK CHECKBOX LANÇAMENTOS A RECEBER
27-09-2023 18:07:22.812Z;functions.desmark_filter;  CLICK CHECKBOX LANÇAMENTOS BAIXADOS
27-09-2023 18:07:24.131Z;functions.desmark_filter;  CLICK CHECKBOX LANÇAMENTOS CANCELADOS
27-09-2023 18:07:25.635Z;functions.desmark_filter;  CLICK CHECKBOX LANÇAMENTOS FATURADOS
27-09-2023 18:07:27.152Z;functions.desmark_filter;  CLICK CHECKBOX LANÇAMENTOS FATURADOS
27-09-2023 18:07:28.577Z;functions.filter_IPTE;  CLICK NA PRIMEIRA LINHA E COLUNA DA TABELA
27-09-2023 18:07:43.649Z;functions.filter_IPTE;  147 PASSOS PARA DIREITA NA TABELA >>
27-09-2023 18:07:47.713Z;functions.filter_IPTE;  HOVER FILTER
27-09-2023 18:07:47.848Z;functions.filter_IPTE;  CLICK FILTER
27-09-2023 18:07:52.199Z;functions.filter_IPTE;  CLICA NO FILTRO PERSONALIZAR
