27-09-2023 18:20:10.234Z;functions.bot_text_art;      __     
27-09-2023 18:20:10.235Z;functions.bot_text_art;     [____]    
27-09-2023 18:20:10.236Z;functions.bot_text_art;   |=]()()[=|  
27-09-2023 18:20:10.237Z;functions.bot_text_art;     _\==/__    _____    ____              _____    ___   _  __
27-09-2023 18:20:10.237Z;functions.bot_text_art;   |__|   |_|  |  _  \  / ___|   | |      |_   _| / ___| | |/ /
27-09-2023 18:20:10.238Z;functions.bot_text_art;   |_|_/\_|_|  | |  | | | |      | |        | |   | |    | ' / 
27-09-2023 18:20:10.239Z;functions.bot_text_art;   | | __ | |  | |  | | | |      | |        | |   | |    |  <  
27-09-2023 18:20:10.240Z;functions.bot_text_art;   |_|[  ]|_|  | |__| | | |____  | |____   _| |_  | |__  | . \ 
27-09-2023 18:20:10.243Z;functions.bot_text_art;   \_|_||_|_/  |_____/   \_____| |______| |_____| \ ___| |_|\_\
27-09-2023 18:20:10.243Z;functions.bot_text_art;     |_||_|                                                     
27-09-2023 18:20:10.244Z;functions.bot_text_art;     | ||_|_   
27-09-2023 18:20:10.245Z;functions.bot_text_art;   |___||___|  
27-09-2023 18:20:10.246Z;functions.bot_text_art;               
27-09-2023 18:20:10.254Z;functions.open_RM;  OPEN PROGRAM RM
27-09-2023 18:20:18.847Z;functions.loggin_RM;  ENTER USER_NAME
27-09-2023 18:20:20.007Z;functions.loggin_RM;  ENTER PASSWORD
27-09-2023 18:20:21.083Z;functions.loggin_RM;  ENTER RM
27-09-2023 18:20:43.785Z;functions.enter_contas_a_pagar;  CLICK - TOTVS - LINHA RM
27-09-2023 18:20:48.119Z;functions.enter_contas_a_pagar;  CLICK - BACK OFFICE
27-09-2023 18:20:50.809Z;functions.enter_contas_a_pagar;  CLICK - GESTAO FINANCEIRA
27-09-2023 18:20:54.648Z;functions.enter_contas_a_pagar;  CLICK - CONTAS A PAGAR
27-09-2023 18:20:55.660Z;functions.enter_contas_a_pagar;  CLICK - LANCAMENTOS
27-09-2023 18:20:55.667Z;functions.data_filter;  CLICK - SELECIONA A DATA DE QUARTA FEIRA E DA PROXIMA TERÇA
27-09-2023 18:20:55.669Z;functions.data_filter;  QUARTA-FEIRA: 27-09-2023
27-09-2023 18:20:55.670Z;functions.data_filter;  TERCA-FEIRA: 03-10-2023
27-09-2023 18:21:02.353Z;functions.data_filter;  CLICK - SELECIONA FILTRO
27-09-2023 18:21:03.770Z;functions.data_filter;  CLICK - BUTÃO DE SELECAO DE FILTRO
27-09-2023 18:21:06.390Z;functions.data_filter;  INSERE - DATA DE QUARTA-FEIRA: 27-09-2023
27-09-2023 18:21:08.424Z;functions.data_filter;  INSERE - DATA DA PROX TERCA-FEIRA: 03-10-2023
27-09-2023 18:21:09.277Z;functions.data_filter;  CLICK - BUTÃO DE EXECUTAR O FILTRO
27-09-2023 18:21:14.332Z;functions.select_tipo_documento;  NOME DA COLUNA: Tipo de Documento
27-09-2023 18:21:15.955Z;functions.select_tipo_documento;  HOVER NOME DA COLUNA: Tipo de Documento
27-09-2023 18:21:16.115Z;functions.select_tipo_documento;  CLICA PARA APARECER O FILTRO PERSONALIZAR
27-09-2023 18:21:16.474Z;functions.select_tipo_documento;  CLICA NO FILTRO PERSONALIZAR
27-09-2023 18:21:18.069Z;functions.select_tipo_documento;  CLICA PARA SELECIONAR OPÇÕES DO FILTRO
27-09-2023 18:21:25.394Z;functions.select_tipo_documento;  CLICK BUTTON CONFIRMAR FILTRO
27-09-2023 18:21:27.351Z;functions.desmark_filter;  CLICK CHECKBOX LANÇAMENTOS A RECEBER
27-09-2023 18:21:28.799Z;functions.desmark_filter;  CLICK CHECKBOX LANÇAMENTOS BAIXADOS
27-09-2023 18:21:30.225Z;functions.desmark_filter;  CLICK CHECKBOX LANÇAMENTOS CANCELADOS
27-09-2023 18:21:31.675Z;functions.desmark_filter;  CLICK CHECKBOX LANÇAMENTOS FATURADOS
27-09-2023 18:21:33.236Z;functions.desmark_filter;  CLICK CHECKBOX LANÇAMENTOS FATURADOS
27-09-2023 18:21:34.873Z;functions.filter_IPTE;  CLICK NA PRIMEIRA LINHA E COLUNA DA TABELA
27-09-2023 18:21:49.960Z;functions.filter_IPTE;  147 PASSOS PARA DIREITA NA TABELA >>
27-09-2023 18:21:53.929Z;functions.filter_IPTE;  HOVER FILTER
27-09-2023 18:21:54.048Z;functions.filter_IPTE;  CLICK FILTER
27-09-2023 18:21:58.392Z;functions.filter_IPTE;  CLICA NO FILTRO PERSONALIZAR
