27-09-2023 18:27:14.881Z;functions.bot_text_art;      __     
27-09-2023 18:27:14.882Z;functions.bot_text_art;     [____]    
27-09-2023 18:27:14.883Z;functions.bot_text_art;   |=]()()[=|  
27-09-2023 18:27:14.883Z;functions.bot_text_art;     _\==/__    _____    ____              _____    ___   _  __
27-09-2023 18:27:14.883Z;functions.bot_text_art;   |__|   |_|  |  _  \  / ___|   | |      |_   _| / ___| | |/ /
27-09-2023 18:27:14.883Z;functions.bot_text_art;   |_|_/\_|_|  | |  | | | |      | |        | |   | |    | ' / 
27-09-2023 18:27:14.885Z;functions.bot_text_art;   | | __ | |  | |  | | | |      | |        | |   | |    |  <  
27-09-2023 18:27:14.885Z;functions.bot_text_art;   |_|[  ]|_|  | |__| | | |____  | |____   _| |_  | |__  | . \ 
27-09-2023 18:27:14.887Z;functions.bot_text_art;   \_|_||_|_/  |_____/   \_____| |______| |_____| \ ___| |_|\_\
27-09-2023 18:27:14.888Z;functions.bot_text_art;     |_||_|                                                     
27-09-2023 18:27:14.889Z;functions.bot_text_art;     | ||_|_   
27-09-2023 18:27:14.889Z;functions.bot_text_art;   |___||___|  
27-09-2023 18:27:14.890Z;functions.bot_text_art;               
27-09-2023 18:27:14.896Z;functions.open_RM;  OPEN PROGRAM RM
27-09-2023 18:27:23.603Z;functions.loggin_RM;  ENTER USER_NAME
27-09-2023 18:27:24.791Z;functions.loggin_RM;  ENTER PASSWORD
27-09-2023 18:27:25.734Z;functions.loggin_RM;  ENTER RM
27-09-2023 18:27:49.454Z;functions.enter_contas_a_pagar;  CLICK - TOTVS - LINHA RM
27-09-2023 18:27:53.743Z;functions.enter_contas_a_pagar;  CLICK - BACK OFFICE
27-09-2023 18:27:56.507Z;functions.enter_contas_a_pagar;  CLICK - GESTAO FINANCEIRA
27-09-2023 18:27:59.887Z;functions.enter_contas_a_pagar;  CLICK - CONTAS A PAGAR
27-09-2023 18:28:00.801Z;functions.enter_contas_a_pagar;  CLICK - LANCAMENTOS
27-09-2023 18:28:00.803Z;functions.data_filter;  CLICK - SELECIONA A DATA DE QUARTA FEIRA E DA PROXIMA TERÇA
27-09-2023 18:28:00.803Z;functions.data_filter;  QUARTA-FEIRA: 27-09-2023
27-09-2023 18:28:00.804Z;functions.data_filter;  TERCA-FEIRA: 03-10-2023
27-09-2023 18:28:08.243Z;functions.data_filter;  CLICK - SELECIONA FILTRO
27-09-2023 18:28:09.644Z;functions.data_filter;  CLICK - BUTÃO DE SELECAO DE FILTRO
27-09-2023 18:28:12.236Z;functions.data_filter;  INSERE - DATA DE QUARTA-FEIRA: 27-09-2023
27-09-2023 18:28:14.235Z;functions.data_filter;  INSERE - DATA DA PROX TERCA-FEIRA: 03-10-2023
27-09-2023 18:28:15.072Z;functions.data_filter;  CLICK - BUTÃO DE EXECUTAR O FILTRO
27-09-2023 18:28:20.280Z;functions.select_tipo_documento;  NOME DA COLUNA: Tipo de Documento
27-09-2023 18:28:21.849Z;functions.select_tipo_documento;  HOVER NOME DA COLUNA: Tipo de Documento
27-09-2023 18:28:21.982Z;functions.select_tipo_documento;  CLICA PARA APARECER O FILTRO PERSONALIZAR
27-09-2023 18:28:22.294Z;functions.select_tipo_documento;  CLICA NO FILTRO PERSONALIZAR
27-09-2023 18:28:23.911Z;functions.select_tipo_documento;  CLICA PARA SELECIONAR OPÇÕES DO FILTRO
27-09-2023 18:28:31.236Z;functions.select_tipo_documento;  CLICK BUTTON CONFIRMAR FILTRO
27-09-2023 18:28:33.259Z;functions.desmark_filter;  CLICK CHECKBOX LANÇAMENTOS A RECEBER
27-09-2023 18:28:34.579Z;functions.desmark_filter;  CLICK CHECKBOX LANÇAMENTOS BAIXADOS
27-09-2023 18:28:36.074Z;functions.desmark_filter;  CLICK CHECKBOX LANÇAMENTOS CANCELADOS
27-09-2023 18:28:37.670Z;functions.desmark_filter;  CLICK CHECKBOX LANÇAMENTOS FATURADOS
27-09-2023 18:28:39.294Z;functions.desmark_filter;  CLICK CHECKBOX LANÇAMENTOS FATURADOS
27-09-2023 18:28:40.618Z;functions.filter_IPTE;  CLICK NA PRIMEIRA LINHA E COLUNA DA TABELA
27-09-2023 18:28:55.644Z;functions.filter_IPTE;  147 PASSOS PARA DIREITA NA TABELA >>
27-09-2023 18:28:59.211Z;functions.filter_IPTE;  HOVER FILTER
27-09-2023 18:28:59.330Z;functions.filter_IPTE;  CLICK FILTER
27-09-2023 18:29:03.660Z;functions.filter_IPTE;  CLICA NO FILTRO PERSONALIZAR
