27-09-2023 18:47:50.209Z;functions.bot_text_art;      __     
27-09-2023 18:47:50.209Z;functions.bot_text_art;     [____]    
27-09-2023 18:47:50.210Z;functions.bot_text_art;   |=]()()[=|  
27-09-2023 18:47:50.210Z;functions.bot_text_art;     _\==/__    _____    ____              _____    ___   _  __
27-09-2023 18:47:50.210Z;functions.bot_text_art;   |__|   |_|  |  _  \  / ___|   | |      |_   _| / ___| | |/ /
27-09-2023 18:47:50.211Z;functions.bot_text_art;   |_|_/\_|_|  | |  | | | |      | |        | |   | |    | ' / 
27-09-2023 18:47:50.211Z;functions.bot_text_art;   | | __ | |  | |  | | | |      | |        | |   | |    |  <  
27-09-2023 18:47:50.212Z;functions.bot_text_art;   |_|[  ]|_|  | |__| | | |____  | |____   _| |_  | |__  | . \ 
27-09-2023 18:47:50.214Z;functions.bot_text_art;   \_|_||_|_/  |_____/   \_____| |______| |_____| \ ___| |_|\_\
27-09-2023 18:47:50.214Z;functions.bot_text_art;     |_||_|                                                     
27-09-2023 18:47:50.215Z;functions.bot_text_art;     | ||_|_   
27-09-2023 18:47:50.216Z;functions.bot_text_art;   |___||___|  
27-09-2023 18:47:50.216Z;functions.bot_text_art;               
27-09-2023 18:47:50.222Z;functions.open_RM;  OPEN PROGRAM RM
27-09-2023 18:47:58.027Z;functions.loggin_RM;  ENTER USER_NAME
27-09-2023 18:47:59.149Z;functions.loggin_RM;  ENTER PASSWORD
27-09-2023 18:48:00.044Z;functions.loggin_RM;  ENTER RM
27-09-2023 18:48:22.916Z;functions.enter_contas_a_pagar;  CLICK - TOTVS - LINHA RM
27-09-2023 18:48:27.151Z;functions.enter_contas_a_pagar;  CLICK - BACK OFFICE
27-09-2023 18:48:29.812Z;functions.enter_contas_a_pagar;  CLICK - GESTAO FINANCEIRA
27-09-2023 18:48:33.106Z;functions.enter_contas_a_pagar;  CLICK - CONTAS A PAGAR
27-09-2023 18:48:34.059Z;functions.enter_contas_a_pagar;  CLICK - LANCAMENTOS
27-09-2023 18:48:34.062Z;functions.data_filter;  CLICK - SELECIONA A DATA DE QUARTA FEIRA E DA PROXIMA TERÇA
27-09-2023 18:48:34.063Z;functions.data_filter;  QUARTA-FEIRA: 27-09-2023
27-09-2023 18:48:34.063Z;functions.data_filter;  TERCA-FEIRA: 03-10-2023
27-09-2023 18:48:40.410Z;functions.data_filter;  CLICK - SELECIONA FILTRO
27-09-2023 18:48:41.682Z;functions.data_filter;  CLICK - BUTÃO DE SELECAO DE FILTRO
27-09-2023 18:48:44.067Z;functions.data_filter;  INSERE - DATA DE QUARTA-FEIRA: 27-09-2023
27-09-2023 18:48:45.946Z;functions.data_filter;  INSERE - DATA DA PROX TERCA-FEIRA: 03-10-2023
27-09-2023 18:48:46.854Z;functions.data_filter;  CLICK - BUTÃO DE EXECUTAR O FILTRO
27-09-2023 18:48:51.502Z;functions.select_tipo_documento;  NOME DA COLUNA: Tipo de Documento
27-09-2023 18:48:53.002Z;functions.select_tipo_documento;  HOVER NOME DA COLUNA: Tipo de Documento
27-09-2023 18:48:53.120Z;functions.select_tipo_documento;  CLICA PARA APARECER O FILTRO PERSONALIZAR
27-09-2023 18:48:53.510Z;functions.select_tipo_documento;  CLICA NO FILTRO PERSONALIZAR
27-09-2023 18:48:54.978Z;functions.select_tipo_documento;  CLICA PARA SELECIONAR OPÇÕES DO FILTRO
27-09-2023 18:49:02.379Z;functions.select_tipo_documento;  CLICK BUTTON CONFIRMAR FILTRO
27-09-2023 18:49:04.255Z;functions.desmark_filter;  CLICK CHECKBOX LANÇAMENTOS A RECEBER
27-09-2023 18:49:05.545Z;functions.desmark_filter;  CLICK CHECKBOX LANÇAMENTOS BAIXADOS
27-09-2023 18:49:06.902Z;functions.desmark_filter;  CLICK CHECKBOX LANÇAMENTOS CANCELADOS
27-09-2023 18:49:08.357Z;functions.desmark_filter;  CLICK CHECKBOX LANÇAMENTOS FATURADOS
27-09-2023 18:49:09.955Z;functions.desmark_filter;  CLICK CHECKBOX LANÇAMENTOS FATURADOS
27-09-2023 18:49:11.313Z;functions.filter_IPTE;  CLICK NA PRIMEIRA LINHA E COLUNA DA TABELA
27-09-2023 18:49:26.394Z;functions.filter_IPTE;  147 PASSOS PARA DIREITA NA TABELA >>
27-09-2023 18:49:30.251Z;functions.filter_IPTE;  HOVER FILTER
27-09-2023 18:49:30.368Z;functions.filter_IPTE;  CLICK FILTER
27-09-2023 18:49:34.717Z;functions.filter_IPTE;  CLICA NO FILTRO PERSONALIZAR
