21-11-2023 08:58:57.782Z;functions.bot_text_art;      ____   
21-11-2023 08:58:57.783Z;functions.bot_text_art;     [____]    
21-11-2023 08:58:57.784Z;functions.bot_text_art;   |=]()()[=|  
21-11-2023 08:58:57.785Z;functions.bot_text_art;     _\==/__    _____    ____     _        _____    ___   _  __
21-11-2023 08:58:57.786Z;functions.bot_text_art;   |__|   |_|  |  _  \  / ___|   | |      |_   _| / ___| | |/ /
21-11-2023 08:58:57.787Z;functions.bot_text_art;   |_|_/\_|_|  | |  | | | |      | |        | |   | |    | ' / 
21-11-2023 08:58:57.788Z;functions.bot_text_art;   | | __ | |  | |  | | | |      | |        | |   | |    |  <  
21-11-2023 08:58:57.790Z;functions.bot_text_art;   |_|[  ]|_|  | |__| | | |____  | |____   _| |_  | |__  | . \ 
21-11-2023 08:58:57.792Z;functions.bot_text_art;   \_|_||_|_/  |_____/   \_____| |______| |_____| \ ___| |_|\_\
21-11-2023 08:58:57.793Z;functions.bot_text_art;     |_||_|                                                     
21-11-2023 08:58:57.794Z;functions.bot_text_art;     | ||_|_   
21-11-2023 08:58:57.794Z;functions.bot_text_art;   |___||___|  
21-11-2023 08:58:57.795Z;functions.bot_text_art;               
21-11-2023 08:58:57.806Z;functions.open_RM;  OPEN PROGRAM RM
21-11-2023 08:59:11.865Z;functions.loggin_RM;  ENTER USER_NAME
21-11-2023 08:59:13.268Z;functions.loggin_RM;  ENTER PASSWORD
21-11-2023 08:59:14.541Z;functions.loggin_RM;  ENTER RM
21-11-2023 09:00:19.698Z;functions.enter_coligada;  CLICK CONTEXTO
21-11-2023 09:00:22.218Z;functions.enter_coligada;  CLICK COLIGADA 1
21-11-2023 09:00:24.494Z;functions.enter_coligada;  CLICK AVANÇAR
21-11-2023 09:00:26.896Z;functions.enter_coligada;  INSERE O COLIGADA CODE = 1
21-11-2023 09:00:27.022Z;functions.enter_coligada;  APERTA TAB PARA PREENCHER O CAMPO COM A STRING: OCEANICA ENGENHARIA E CONSULTORIA S.A.
21-11-2023 09:00:28.404Z;functions.enter_coligada;  CLICK AVANÇAR NOVAMENTE
21-11-2023 09:00:29.695Z;functions.enter_coligada;  CLICK CONCLUIR
21-11-2023 09:01:03.340Z;functions.enter_coligada;  POP UP COLIGADA DESAPARECER
21-11-2023 09:01:04.188Z;functions.enter_contas_a_pagar;  CLICK - TOTVS - LINHA RM
21-11-2023 09:01:05.835Z;functions.enter_contas_a_pagar;  CLICK - BACK OFFICE
21-11-2023 09:01:08.574Z;functions.enter_contas_a_pagar;  CLICK - GESTAO FINANCEIRA
21-11-2023 09:01:15.469Z;functions.enter_contas_a_pagar;  CLICK - CONTAS A PAGAR
21-11-2023 09:01:16.357Z;functions.waitForImage;  LANÇAMENTOS image found.
21-11-2023 09:01:18.476Z;functions.enter_contas_a_pagar;  CLICA EM LANÇAMENTOS
21-11-2023 09:01:20.507Z;functions.data_filter;  DATA INICIO 15-11-2023
21-11-2023 09:01:20.524Z;functions.data_filter;  DATA FIM 21-11-2023
21-11-2023 09:01:20.527Z;functions.data_filter;  CLICK - SELECIONA A DATA DE QUARTA FEIRA E DA PROXIMA TERÇA
21-11-2023 09:01:20.529Z;functions.data_filter;  QUARTA-FEIRA: 15-11-2023
21-11-2023 09:01:20.539Z;functions.data_filter;  TERCA-FEIRA: 21-11-2023
21-11-2023 09:01:24.286Z;functions.data_filter;  ESCREVE REMESSA PAGAMENTO PIX NO FILTRO
21-11-2023 09:01:25.357Z;functions.data_filter;  CLICK - BUTÃO DE SELECAO DE FILTRO
21-11-2023 09:01:28.494Z;functions.data_filter;  INSERE - DATA DE QUARTA-FEIRA: 15-11-2023
21-11-2023 09:01:30.761Z;functions.data_filter;  INSERE - DATA DA PROX TERCA-FEIRA: 21-11-2023
21-11-2023 09:01:31.670Z;functions.data_filter;  CLICK - BUTÃO DE EXECUTAR O FILTRO
21-11-2023 09:01:40.235Z;functions.waitForImage;  FILTER CLEAN image found.
21-11-2023 09:01:42.361Z;functions.filter_clean;  CLICA NO BOTÃO X DO LIMPA FILTRO
21-11-2023 09:01:46.084Z;functions.select_tipo_documento;  NOME DA COLUNA: Tipo de Documento
21-11-2023 09:01:47.844Z;functions.select_tipo_documento;  HOVER NOME DA COLUNA: Tipo de Documento
21-11-2023 09:01:47.979Z;functions.select_tipo_documento;  CLICA PARA APARECER O FILTRO PERSONALIZAR
21-11-2023 09:01:48.318Z;functions.select_tipo_documento;  CLICA NO FILTRO PERSONALIZAR
21-11-2023 09:01:51.363Z;functions.select_tipo_documento;  CLICA PARA SELECIONAR OPÇÕES DO FILTRO
21-11-2023 09:01:58.637Z;functions.select_tipo_documento;  CLICK BUTTON CONFIRMAR FILTRO
21-11-2023 09:01:58.639Z;functions.check_table_record;  VERIFICANDO SE A TABELA ESTÁ VAZIA
21-11-2023 09:02:11.615Z;functions.check_table_record;  ATENÇÃO: 

Este processo exige que seja selecionado ao menos um registro para sua execução.
Como não foi feita nenhuma seleção, você deseja executá-lo para TODOS os 11 registros?
21-11-2023 09:02:13.725Z;functions.check_table_record;  CLICK ENTER
21-11-2023 09:02:13.733Z;functions.check_table_record;  NUMERO DE TUPLAS: 11
21-11-2023 09:02:13.734Z;functions.check_table_record;  TABELA CONTÉM REGISTROS
21-11-2023 09:02:35.207Z;functions.show_exception_and_exit;  'NoneType' object has no attribute 'click'
Traceback (most recent call last):
  File "c:\Projetos\Remessas_Pix\main.py", line 17, in <module>
    result = check_table_record()
             ^^^^^^^^^^^^^^^^^^^^
  File "c:\Projetos\Remessas_Pix\SUBPROGRAMS\functions.py", line 284, in check_table_record
    click_nao.click()
    ^^^^^^^^^^^^^^^
AttributeError: 'NoneType' object has no attribute 'click'
