21-11-2023 09:06:11.101Z;functions.bot_text_art;      ____   
21-11-2023 09:06:11.102Z;functions.bot_text_art;     [____]    
21-11-2023 09:06:11.103Z;functions.bot_text_art;   |=]()()[=|  
21-11-2023 09:06:11.103Z;functions.bot_text_art;     _\==/__    _____    ____     _        _____    ___   _  __
21-11-2023 09:06:11.105Z;functions.bot_text_art;   |__|   |_|  |  _  \  / ___|   | |      |_   _| / ___| | |/ /
21-11-2023 09:06:11.106Z;functions.bot_text_art;   |_|_/\_|_|  | |  | | | |      | |        | |   | |    | ' / 
21-11-2023 09:06:11.107Z;functions.bot_text_art;   | | __ | |  | |  | | | |      | |        | |   | |    |  <  
21-11-2023 09:06:11.108Z;functions.bot_text_art;   |_|[  ]|_|  | |__| | | |____  | |____   _| |_  | |__  | . \ 
21-11-2023 09:06:11.111Z;functions.bot_text_art;   \_|_||_|_/  |_____/   \_____| |______| |_____| \ ___| |_|\_\
21-11-2023 09:06:11.112Z;functions.bot_text_art;     |_||_|                                                     
21-11-2023 09:06:11.113Z;functions.bot_text_art;     | ||_|_   
21-11-2023 09:06:11.114Z;functions.bot_text_art;   |___||___|  
21-11-2023 09:06:11.114Z;functions.bot_text_art;               
21-11-2023 09:06:11.124Z;functions.open_RM;  OPEN PROGRAM RM
21-11-2023 09:06:23.878Z;functions.loggin_RM;  ENTER USER_NAME
21-11-2023 09:06:25.259Z;functions.loggin_RM;  ENTER PASSWORD
21-11-2023 09:06:26.445Z;functions.loggin_RM;  ENTER RM
21-11-2023 09:07:00.508Z;functions.enter_coligada;  CLICK CONTEXTO
21-11-2023 09:07:05.806Z;functions.enter_coligada;  CLICK COLIGADA 1
21-11-2023 09:07:07.995Z;functions.enter_coligada;  CLICK AVANÇAR
21-11-2023 09:07:10.479Z;functions.enter_coligada;  INSERE O COLIGADA CODE = 1
21-11-2023 09:07:10.636Z;functions.enter_coligada;  APERTA TAB PARA PREENCHER O CAMPO COM A STRING: OCEANICA ENGENHARIA E CONSULTORIA S.A.
21-11-2023 09:07:11.949Z;functions.enter_coligada;  CLICK AVANÇAR NOVAMENTE
21-11-2023 09:07:13.228Z;functions.enter_coligada;  CLICK CONCLUIR
21-11-2023 09:07:37.159Z;functions.enter_coligada;  POP UP COLIGADA DESAPARECER
21-11-2023 09:07:37.984Z;functions.enter_contas_a_pagar;  CLICK - TOTVS - LINHA RM
21-11-2023 09:07:39.752Z;functions.enter_contas_a_pagar;  CLICK - BACK OFFICE
21-11-2023 09:07:42.553Z;functions.enter_contas_a_pagar;  CLICK - GESTAO FINANCEIRA
21-11-2023 09:07:49.581Z;functions.enter_contas_a_pagar;  CLICK - CONTAS A PAGAR
21-11-2023 09:07:50.481Z;functions.waitForImage;  LANÇAMENTOS image found.
21-11-2023 09:07:52.592Z;functions.enter_contas_a_pagar;  CLICA EM LANÇAMENTOS
21-11-2023 09:07:54.594Z;functions.data_filter;  DATA INICIO 15-11-2023
21-11-2023 09:07:54.595Z;functions.data_filter;  DATA FIM 21-11-2023
21-11-2023 09:07:54.596Z;functions.data_filter;  CLICK - SELECIONA A DATA DE QUARTA FEIRA E DA PROXIMA TERÇA
21-11-2023 09:07:54.598Z;functions.data_filter;  QUARTA-FEIRA: 15-11-2023
21-11-2023 09:07:54.599Z;functions.data_filter;  TERCA-FEIRA: 21-11-2023
21-11-2023 09:08:04.758Z;functions.data_filter;  ESCREVE REMESSA PAGAMENTO PIX NO FILTRO
21-11-2023 09:08:05.598Z;functions.data_filter;  CLICK - BUTÃO DE SELECAO DE FILTRO
21-11-2023 09:08:08.778Z;functions.data_filter;  INSERE - DATA DE QUARTA-FEIRA: 15-11-2023
21-11-2023 09:08:11.027Z;functions.data_filter;  INSERE - DATA DA PROX TERCA-FEIRA: 21-11-2023
21-11-2023 09:08:11.913Z;functions.data_filter;  CLICK - BUTÃO DE EXECUTAR O FILTRO
21-11-2023 09:08:21.732Z;functions.waitForImage;  FILTER CLEAN image found.
21-11-2023 09:08:23.847Z;functions.filter_clean;  CLICA NO BOTÃO X DO LIMPA FILTRO
21-11-2023 09:08:27.625Z;functions.select_tipo_documento;  NOME DA COLUNA: Tipo de Documento
21-11-2023 09:08:29.389Z;functions.select_tipo_documento;  HOVER NOME DA COLUNA: Tipo de Documento
21-11-2023 09:08:29.550Z;functions.select_tipo_documento;  CLICA PARA APARECER O FILTRO PERSONALIZAR
21-11-2023 09:08:30.030Z;functions.select_tipo_documento;  CLICA NO FILTRO PERSONALIZAR
21-11-2023 09:08:32.826Z;functions.select_tipo_documento;  CLICA PARA SELECIONAR OPÇÕES DO FILTRO
21-11-2023 09:08:40.105Z;functions.select_tipo_documento;  CLICK BUTTON CONFIRMAR FILTRO
21-11-2023 09:08:40.109Z;functions.check_table_record;  VERIFICANDO SE A TABELA ESTÁ VAZIA
21-11-2023 09:08:53.056Z;functions.check_table_record;  ATENÇÃO: 

Este processo exige que seja selecionado ao menos um registro para sua execução.
Como não foi feita nenhuma seleção, você deseja executá-lo para TODOS os 11 registros?
21-11-2023 09:08:55.163Z;functions.check_table_record;  CLICK ENTER
21-11-2023 09:08:55.164Z;functions.check_table_record;  NUMERO DE TUPLAS: 11
21-11-2023 09:08:55.168Z;functions.check_table_record;  TABELA CONTÉM REGISTROS
21-11-2023 09:09:12.852Z;functions.show_exception_and_exit;  'NoneType' object has no attribute 'click'
Traceback (most recent call last):
  File "c:\Projetos\Remessas_Pix\main.py", line 17, in <module>
    result = check_table_record()
             ^^^^^^^^^^^^^^^^^^^^
  File "c:\Projetos\Remessas_Pix\SUBPROGRAMS\functions.py", line 284, in check_table_record
    click_nao.click()
    ^^^^^^^^^^^^^^^
AttributeError: 'NoneType' object has no attribute 'click'
21-11-2023 09:09:17.620Z;errorhandler.__handle;  Property: Unknown Property name. [1:203: -ms-interpolation-mode]
21-11-2023 09:09:17.685Z;errorhandler.__handle;  Property: Unknown Property name. [1:353: -webkit-font-smoothing]
21-11-2023 09:09:17.702Z;errorhandler.__handle;  Property: Unknown Property name. [1:483: -ms-text-size-adjust]
21-11-2023 09:09:17.707Z;errorhandler.__handle;  Property: Unknown Property name. [1:518: -webkit-text-size-adjust]
21-11-2023 09:09:17.712Z;errorhandler.__handle;  Property: Unknown Property name. [1:612: mso-table-lspace]
21-11-2023 09:09:17.716Z;errorhandler.__handle;  Property: Unknown Property name. [1:642: mso-table-rspace]
21-11-2023 09:09:17.979Z;errorhandler.__handle;  Property: Unknown Property name. [1:4734: mso-hide]
21-11-2023 09:09:18.162Z;errorhandler.__handle;  Property: Unknown Property name. [1:13: -ms-interpolation-mode]
21-11-2023 09:09:18.204Z;errorhandler.__handle;  Property: Unknown Property name. [1:49: -webkit-font-smoothing]
21-11-2023 09:09:18.224Z;errorhandler.__handle;  Property: Unknown Property name. [1:134: -ms-text-size-adjust]
21-11-2023 09:09:18.227Z;errorhandler.__handle;  Property: Unknown Property name. [1:160: -webkit-text-size-adjust]
21-11-2023 09:09:18.232Z;errorhandler.__handle;  Property: Unknown Property name. [1:26: mso-table-lspace]
21-11-2023 09:09:18.235Z;errorhandler.__handle;  Property: Unknown Property name. [1:45: mso-table-rspace]
21-11-2023 09:09:18.305Z;errorhandler.__handle;  Property: Unknown Property name. [1:92: mso-hide]
21-11-2023 09:09:18.320Z;errorhandler.__handle;  Property: No ":" after name found: align-center [1:1: align-center]
21-11-2023 09:09:18.324Z;errorhandler.__handle;  Property: No property value found: align-center [1:1: align-center]
21-11-2023 09:09:18.326Z;errorhandler.__handle;  CSSStyleDeclaration: Syntax Error in Property: align-center
21-11-2023 09:09:18.332Z;errorhandler.__handle;  Property: Unknown Property name. [1:14: -ms-interpolation-mode]
