21-11-2023 11:15:46.546Z;functions.bot_text_art;      ____   
21-11-2023 11:15:46.547Z;functions.bot_text_art;     [____]    
21-11-2023 11:15:46.547Z;functions.bot_text_art;   |=]()()[=|  
21-11-2023 11:15:46.547Z;functions.bot_text_art;     _\==/__    _____    ____     _        _____    ___   _  __
21-11-2023 11:15:46.548Z;functions.bot_text_art;   |__|   |_|  |  _  \  / ___|   | |      |_   _| / ___| | |/ /
21-11-2023 11:15:46.548Z;functions.bot_text_art;   |_|_/\_|_|  | |  | | | |      | |        | |   | |    | ' / 
21-11-2023 11:15:46.549Z;functions.bot_text_art;   | | __ | |  | |  | | | |      | |        | |   | |    |  <  
21-11-2023 11:15:46.549Z;functions.bot_text_art;   |_|[  ]|_|  | |__| | | |____  | |____   _| |_  | |__  | . \ 
21-11-2023 11:15:46.551Z;functions.bot_text_art;   \_|_||_|_/  |_____/   \_____| |______| |_____| \ ___| |_|\_\
21-11-2023 11:15:46.552Z;functions.bot_text_art;     |_||_|                                                     
21-11-2023 11:15:46.553Z;functions.bot_text_art;     | ||_|_   
21-11-2023 11:15:46.553Z;functions.bot_text_art;   |___||___|  
21-11-2023 11:15:46.554Z;functions.bot_text_art;               
21-11-2023 11:15:46.561Z;functions.open_RM;  OPEN PROGRAM RM
21-11-2023 11:15:59.347Z;functions.loggin_RM;  ENTER USER_NAME
21-11-2023 11:16:00.738Z;functions.loggin_RM;  ENTER PASSWORD
21-11-2023 11:16:01.951Z;functions.loggin_RM;  ENTER RM
21-11-2023 11:16:35.803Z;functions.enter_coligada;  CLICK CONTEXTO
21-11-2023 11:16:41.025Z;functions.enter_coligada;  CLICK COLIGADA 1
21-11-2023 11:16:43.334Z;functions.enter_coligada;  CLICK AVANÇAR
21-11-2023 11:16:45.842Z;functions.enter_coligada;  INSERE O COLIGADA CODE = 1
21-11-2023 11:16:46.126Z;functions.enter_coligada;  APERTA TAB PARA PREENCHER O CAMPO COM A STRING: OCEANICA ENGENHARIA E CONSULTORIA S.A.
21-11-2023 11:16:47.407Z;functions.enter_coligada;  CLICK AVANÇAR NOVAMENTE
21-11-2023 11:16:48.616Z;functions.enter_coligada;  CLICK CONCLUIR
21-11-2023 11:17:12.069Z;functions.enter_coligada;  POP UP COLIGADA DESAPARECER
21-11-2023 11:17:12.899Z;functions.enter_contas_a_pagar;  CLICK - TOTVS - LINHA RM
21-11-2023 11:17:14.715Z;functions.enter_contas_a_pagar;  CLICK - BACK OFFICE
21-11-2023 11:17:17.504Z;functions.enter_contas_a_pagar;  CLICK - GESTAO FINANCEIRA
21-11-2023 11:17:24.860Z;functions.enter_contas_a_pagar;  CLICK - CONTAS A PAGAR
21-11-2023 11:17:25.749Z;functions.waitForImage;  LANÇAMENTOS image found.
21-11-2023 11:17:27.870Z;functions.enter_contas_a_pagar;  CLICA EM LANÇAMENTOS
21-11-2023 11:17:29.872Z;functions.data_filter;  DATA INICIO 15-11-2023
21-11-2023 11:17:29.873Z;functions.data_filter;  DATA FIM 21-11-2023
21-11-2023 11:17:29.874Z;functions.data_filter;  CLICK - SELECIONA A DATA DE QUARTA FEIRA E DA PROXIMA TERÇA
21-11-2023 11:17:29.876Z;functions.data_filter;  QUARTA-FEIRA: 15-11-2023
21-11-2023 11:17:29.877Z;functions.data_filter;  TERCA-FEIRA: 21-11-2023
21-11-2023 11:17:39.880Z;functions.data_filter;  ESCREVE REMESSA PAGAMENTO PIX NO FILTRO
21-11-2023 11:17:40.694Z;functions.data_filter;  CLICK - BUTÃO DE SELECAO DE FILTRO
21-11-2023 11:17:43.524Z;functions.data_filter;  INSERE - DATA DE QUARTA-FEIRA: 15-11-2023
21-11-2023 11:17:45.555Z;functions.data_filter;  INSERE - DATA DA PROX TERCA-FEIRA: 21-11-2023
21-11-2023 11:17:46.458Z;functions.data_filter;  CLICK - BUTÃO DE EXECUTAR O FILTRO
21-11-2023 11:17:52.968Z;functions.waitForImage;  FILTER CLEAN image found.
21-11-2023 11:17:55.075Z;functions.filter_clean;  CLICA NO BOTÃO X DO LIMPA FILTRO
21-11-2023 11:17:58.833Z;functions.select_tipo_documento;  NOME DA COLUNA: Tipo de Documento
21-11-2023 11:18:00.558Z;functions.select_tipo_documento;  HOVER NOME DA COLUNA: Tipo de Documento
21-11-2023 11:18:00.691Z;functions.select_tipo_documento;  CLICA PARA APARECER O FILTRO PERSONALIZAR
21-11-2023 11:18:01.028Z;functions.select_tipo_documento;  CLICA NO FILTRO PERSONALIZAR
21-11-2023 11:18:03.087Z;functions.select_tipo_documento;  CLICA PARA SELECIONAR OPÇÕES DO FILTRO
21-11-2023 11:18:10.368Z;functions.select_tipo_documento;  CLICK BUTTON CONFIRMAR FILTRO
21-11-2023 11:18:10.371Z;functions.check_table_record;  VERIFICANDO SE A TABELA ESTÁ VAZIA
21-11-2023 11:18:23.311Z;functions.check_table_record;  ATENÇÃO: 

Este processo exige que seja selecionado ao menos um registro para sua execução.
Como não foi feita nenhuma seleção, você deseja executá-lo para TODOS os 1 registros?
21-11-2023 11:18:25.418Z;functions.check_table_record;  CLICK ENTER
21-11-2023 11:18:25.420Z;functions.check_table_record;  NUMERO DE TUPLAS: 1
21-11-2023 11:18:25.421Z;functions.check_table_record;  TABELA CONTÉM REGISTROS
21-11-2023 11:18:53.199Z;functions.show_exception_and_exit;  'NoneType' object has no attribute 'set_focus'
Traceback (most recent call last):
  File "c:\Projetos\Remessas_Pix\main.py", line 17, in <module>
    result = check_table_record()
             ^^^^^^^^^^^^^^^^^^^^
  File "c:\Projetos\Remessas_Pix\SUBPROGRAMS\functions.py", line 285, in check_table_record
    click_nao.set_focus()
    ^^^^^^^^^^^^^^^^^^^
AttributeError: 'NoneType' object has no attribute 'set_focus'
21-11-2023 11:18:55.386Z;errorhandler.__handle;  Property: Unknown Property name. [1:203: -ms-interpolation-mode]
21-11-2023 11:18:55.433Z;errorhandler.__handle;  Property: Unknown Property name. [1:353: -webkit-font-smoothing]
21-11-2023 11:18:55.450Z;errorhandler.__handle;  Property: Unknown Property name. [1:483: -ms-text-size-adjust]
21-11-2023 11:18:55.454Z;errorhandler.__handle;  Property: Unknown Property name. [1:518: -webkit-text-size-adjust]
21-11-2023 11:18:55.461Z;errorhandler.__handle;  Property: Unknown Property name. [1:612: mso-table-lspace]
21-11-2023 11:18:55.465Z;errorhandler.__handle;  Property: Unknown Property name. [1:642: mso-table-rspace]
21-11-2023 11:18:55.855Z;errorhandler.__handle;  Property: Unknown Property name. [1:4734: mso-hide]
21-11-2023 11:18:55.952Z;errorhandler.__handle;  Property: Unknown Property name. [1:13: -ms-interpolation-mode]
21-11-2023 11:18:55.959Z;errorhandler.__handle;  Property: Unknown Property name. [1:49: -webkit-font-smoothing]
21-11-2023 11:18:55.963Z;errorhandler.__handle;  Property: Unknown Property name. [1:134: -ms-text-size-adjust]
21-11-2023 11:18:55.969Z;errorhandler.__handle;  Property: Unknown Property name. [1:160: -webkit-text-size-adjust]
21-11-2023 11:18:55.976Z;errorhandler.__handle;  Property: Unknown Property name. [1:26: mso-table-lspace]
21-11-2023 11:18:55.980Z;errorhandler.__handle;  Property: Unknown Property name. [1:45: mso-table-rspace]
21-11-2023 11:18:56.027Z;errorhandler.__handle;  Property: Unknown Property name. [1:92: mso-hide]
21-11-2023 11:18:56.041Z;errorhandler.__handle;  Property: No ":" after name found: align-center [1:1: align-center]
21-11-2023 11:18:56.044Z;errorhandler.__handle;  Property: No property value found: align-center [1:1: align-center]
21-11-2023 11:18:56.049Z;errorhandler.__handle;  CSSStyleDeclaration: Syntax Error in Property: align-center
21-11-2023 11:18:56.054Z;errorhandler.__handle;  Property: Unknown Property name. [1:14: -ms-interpolation-mode]
