21-11-2023 11:19:52.593Z;functions.check_table_record;  VERIFICANDO SE A TABELA ESTÁ VAZIA
21-11-2023 11:20:07.027Z;functions.check_table_record;  ATENÇÃO: 

Este processo exige que seja selecionado ao menos um registro para sua execução.
Como não foi feita nenhuma seleção, você deseja executá-lo para TODOS os 1 registros?
21-11-2023 11:20:09.131Z;functions.check_table_record;  CLICK ENTER
21-11-2023 11:20:09.132Z;functions.check_table_record;  NUMERO DE TUPLAS: 1
21-11-2023 11:20:09.133Z;functions.check_table_record;  TABELA CONTÉM REGISTROS
21-11-2023 11:20:10.400Z;functions.check_table_record;  CLICK NÃO
21-11-2023 11:20:11.535Z;functions.process_lancamentos;  SELECIONA TODOS OS LANÇAMENTOS PARA SEREM PROCESSADOS
21-11-2023 11:20:17.762Z;functions.process_lancamentos;  CLICA PARA APARECER CONTA/CAIXA
21-11-2023 11:20:19.130Z;functions.process_lancamentos;  SELECIONA CONTA/CAIXA
21-11-2023 11:20:20.496Z;functions.process_lancamentos;  CLICA NO BOTÃO [...]
21-11-2023 11:20:22.868Z;functions.process_lancamentos;  CLICA NO CAMPO PESQUISA E DIGITA: %3212
21-11-2023 11:20:24.008Z;functions.process_lancamentos;  CLICA NO BOTÃO DO FILTRO
21-11-2023 11:20:25.274Z;functions.process_lancamentos;  CLICA NO BOTÃO OK
21-11-2023 11:20:26.414Z;functions.process_lancamentos;  CLICA NO BOTÃO EXECUTAR
21-11-2023 11:20:36.821Z;functions.waitForImage;  PRESS BUTTON OK image found.
21-11-2023 11:20:38.823Z;functions.process_lancamentos;  O PROCESSAMENTO FOI EXECUTADO COM SUCESSO.
21-11-2023 11:20:42.113Z;functions.process_lancamentos;  CLICK NO LOG.
21-11-2023 11:20:42.222Z;functions.process_lancamentos;  SELECIONA TODA A MSG DE LOG.
21-11-2023 11:20:42.326Z;functions.process_lancamentos;  COPIA A MSG DE LOG.
21-11-2023 11:20:42.327Z;functions.process_lancamentos;  LOG DE LANÇAMENTO REFERENCIA:
21-11-2023 11:20:42.329Z;functions.process_lancamentos;  Lançamento Ref. 864047: Convênio alterado para o convênio default '7' da conta Caixa '02675-5' .
Alteração Global de Lançamentos executada com sucesso

21-11-2023 11:20:43.141Z;functions.process_lancamentos;  CLICK EM FECHAR.
21-11-2023 11:20:46.462Z;functions.check_pix;  CHECK TODOS OS LANÇAMENTOS PIX
21-11-2023 11:20:46.567Z;functions.check_pix;  REF. LANÇAMENTO: Lançamento Ref. 864047: Convênio alterado para o convênio default '7' da conta Caixa '02675-5' .
Alteração Global de Lançamentos executada com sucesso

