21-11-2023 11:30:23.365Z;functions.check_table_record;  VERIFICANDO SE A TABELA ESTÁ VAZIA
21-11-2023 11:30:37.591Z;functions.check_table_record;  ATENÇÃO: 

Este processo exige que seja selecionado ao menos um registro para sua execução.
Como não foi feita nenhuma seleção, você deseja executá-lo para TODOS os 1 registros?
21-11-2023 11:30:39.695Z;functions.check_table_record;  CLICK ENTER
21-11-2023 11:30:39.695Z;functions.check_table_record;  NUMERO DE TUPLAS: 1
21-11-2023 11:30:39.695Z;functions.check_table_record;  TABELA CONTÉM REGISTROS
21-11-2023 11:30:40.970Z;functions.check_table_record;  CLICK NÃO
21-11-2023 11:30:42.145Z;functions.process_lancamentos;  SELECIONA TODOS OS LANÇAMENTOS PARA SEREM PROCESSADOS
21-11-2023 11:30:47.108Z;functions.process_lancamentos;  CLICA PARA APARECER CONTA/CAIXA
21-11-2023 11:30:48.467Z;functions.process_lancamentos;  SELECIONA CONTA/CAIXA
21-11-2023 11:30:49.742Z;functions.process_lancamentos;  CLICA NO BOTÃO [...]
21-11-2023 11:30:51.990Z;functions.process_lancamentos;  CLICA NO CAMPO PESQUISA E DIGITA: %3212
21-11-2023 11:30:53.108Z;functions.process_lancamentos;  CLICA NO BOTÃO DO FILTRO
21-11-2023 11:30:54.332Z;functions.process_lancamentos;  CLICA NO BOTÃO OK
21-11-2023 11:30:55.431Z;functions.process_lancamentos;  CLICA NO BOTÃO EXECUTAR
21-11-2023 11:31:01.682Z;functions.waitForImage;  PRESS BUTTON OK image found.
21-11-2023 11:31:03.685Z;functions.process_lancamentos;  O PROCESSAMENTO FOI EXECUTADO COM SUCESSO.
21-11-2023 11:31:06.967Z;functions.process_lancamentos;  CLICK NO LOG.
21-11-2023 11:31:07.077Z;functions.process_lancamentos;  SELECIONA TODA A MSG DE LOG.
21-11-2023 11:31:07.212Z;functions.process_lancamentos;  COPIA A MSG DE LOG.
21-11-2023 11:31:07.246Z;functions.process_lancamentos;  LOG DE LANÇAMENTO REFERENCIA:
21-11-2023 11:31:07.251Z;functions.process_lancamentos;  Lançamento Ref. 864047: Convênio alterado para o convênio default '7' da conta Caixa '02675-5' .
Alteração Global de Lançamentos executada com sucesso

21-11-2023 11:31:08.097Z;functions.process_lancamentos;  CLICK EM FECHAR.
21-11-2023 11:31:11.432Z;functions.check_pix;  CHECK TODOS OS LANÇAMENTOS PIX
21-11-2023 11:31:11.538Z;functions.check_pix;  REF. LANÇAMENTO: 864047
21-11-2023 11:31:11.645Z;functions.check_pix;  APERTA CRONTROL ENTER PARA ENTRAR NO LANÇAMENTO
21-11-2023 11:31:18.368Z;functions.waitForImage;  INTEGRAÇÃO BANCÁRIA image found.
21-11-2023 11:31:20.479Z;functions.check_pix;  CLICK EM INTEGRAÇÃO BANCÁRIA
21-11-2023 11:31:32.808Z;functions.waitForImage;  PIX image not found.
21-11-2023 11:31:32.809Z;functions.check_pix;  DADOS BANCÁRIOS NÃO É PIX PARA O REGISTRO: 864047
21-11-2023 11:31:32.989Z;functions.waitForImage;  PRESS BUTTON OK image found.
21-11-2023 11:31:35.115Z;functions.check_pix;  APERTA OK
21-11-2023 11:31:37.119Z;functions.check_pix;  LANÇAMENTO COM ERRO SERÁ RETIRADO DO PROCESSAMENTO 864047
21-11-2023 11:31:39.383Z;errorhandler.__handle;  CSSStyleDeclaration: Unexpected token, ignoring upto '{        border: none;'. [1:174: {]
21-11-2023 11:31:39.386Z;errorhandler.__handle;  Property: Unknown Property name. [1:204: -ms-interpolation-mode]
21-11-2023 11:31:39.391Z;errorhandler.__handle;  CSSStyleDeclaration: Unexpected token, ignoring upto '}'. [1:267: }]
21-11-2023 11:31:39.395Z;errorhandler.__handle;  CSSStyleDeclaration: Unexpected token, ignoring upto '{        background-color: #f6f6f6;'. [1:281: {]
21-11-2023 11:31:39.412Z;errorhandler.__handle;  Property: Unknown Property name. [1:356: -webkit-font-smoothing]
21-11-2023 11:31:39.429Z;errorhandler.__handle;  Property: Unknown Property name. [1:486: -ms-text-size-adjust]
21-11-2023 11:31:39.432Z;errorhandler.__handle;  Property: Unknown Property name. [1:521: -webkit-text-size-adjust]
21-11-2023 11:31:39.435Z;errorhandler.__handle;  CSSStyleDeclaration: Unexpected token, ignoring upto '}'. [1:559: }]
21-11-2023 11:31:39.438Z;errorhandler.__handle;  CSSStyleDeclaration: Unexpected token, ignoring upto '{        border-collapse: separate;'. [1:574: {]
21-11-2023 11:31:39.443Z;errorhandler.__handle;  Property: Unknown Property name. [1:617: mso-table-lspace]
21-11-2023 11:31:39.446Z;errorhandler.__handle;  Property: Unknown Property name. [1:647: mso-table-rspace]
21-11-2023 11:31:39.453Z;errorhandler.__handle;  CSSStyleDeclaration: Unexpected token, ignoring upto '}'. [1:690: }]
21-11-2023 11:31:39.461Z;errorhandler.__handle;  CSSStyleDeclaration: Unexpected token, ignoring upto '{          font-family: sans-serif;'. [1:710: {]
21-11-2023 11:31:39.468Z;errorhandler.__handle;  CSSStyleDeclaration: Unexpected token, ignoring upto '}'. [1:808: }]
21-11-2023 11:31:39.471Z;errorhandler.__handle;  CSSStyleDeclaration: Unexpected token, ignoring upto '{        background-color: #f6f6f6;'. [1:941: {]
21-11-2023 11:31:39.476Z;errorhandler.__handle;  CSSStyleDeclaration: Unexpected token, ignoring upto '}'. [1:1003: }]
21-11-2023 11:31:39.480Z;errorhandler.__handle;  CSSStyleDeclaration: Unexpected token, ignoring upto '{        display: block;'. [1:1178: {]
21-11-2023 11:31:39.486Z;errorhandler.__handle;  CSSStyleDeclaration: Unexpected token, ignoring upto '}'. [1:1342: }]
21-11-2023 11:31:39.490Z;errorhandler.__handle;  CSSStyleDeclaration: Unexpected token, ignoring upto '{        box-sizing: border-box;'. [1:1452: {]
21-11-2023 11:31:39.497Z;errorhandler.__handle;  CSSStyleDeclaration: Unexpected token, ignoring upto '}'. [1:1584: }]
21-11-2023 11:31:39.501Z;errorhandler.__handle;  CSSStyleDeclaration: Unexpected token, ignoring upto '{        background: #ffffff;'. [1:1721: {]
21-11-2023 11:31:39.510Z;errorhandler.__handle;  CSSStyleDeclaration: Unexpected token, ignoring upto '}'. [1:1804: }]
21-11-2023 11:31:39.513Z;errorhandler.__handle;  CSSStyleDeclaration: Unexpected token, ignoring upto '{        box-sizing: border-box;'. [1:1822: {]
21-11-2023 11:31:39.517Z;errorhandler.__handle;  CSSStyleDeclaration: Unexpected token, ignoring upto '}'. [1:1883: }]
21-11-2023 11:31:39.520Z;errorhandler.__handle;  CSSStyleDeclaration: Unexpected token, ignoring upto '{        padding-bottom: 10px;'. [1:1907: {]
21-11-2023 11:31:39.527Z;errorhandler.__handle;  CSSStyleDeclaration: Unexpected token, ignoring upto '}'. [1:1969: }]
21-11-2023 11:31:39.530Z;errorhandler.__handle;  CSSStyleDeclaration: Unexpected token, ignoring upto '{        clear: both;'. [1:1986: {]
21-11-2023 11:31:39.537Z;errorhandler.__handle;  CSSStyleDeclaration: Unexpected token, ignoring upto '}'. [1:2086: }]
21-11-2023 11:31:39.542Z;errorhandler.__handle;  CSSStyleDeclaration: Unexpected token, ignoring upto '{          color: #999999;'. [1:2165: {]
21-11-2023 11:31:39.546Z;errorhandler.__handle;  CSSStyleDeclaration: Unexpected token, ignoring upto '}'. [1:2253: }]
21-11-2023 11:31:39.551Z;errorhandler.__handle;  CSSStyleDeclaration: Unexpected token, ignoring upto '{        color: #000000;'. [1:2404: {]
21-11-2023 11:31:39.557Z;errorhandler.__handle;  CSSStyleDeclaration: Unexpected token, ignoring upto '}'. [1:2563: }]
21-11-2023 11:31:39.562Z;errorhandler.__handle;  CSSStyleDeclaration: Unexpected token, ignoring upto '{        font-size: 35px;'. [1:2575: {]
21-11-2023 11:31:39.567Z;errorhandler.__handle;  CSSStyleDeclaration: Unexpected token, ignoring upto '}'. [1:2694: }]
21-11-2023 11:31:39.574Z;errorhandler.__handle;  CSSStyleDeclaration: Unexpected token, ignoring upto '{        font-family: sans-serif;'. [1:2723: {]
21-11-2023 11:31:39.580Z;errorhandler.__handle;  CSSStyleDeclaration: Unexpected token, ignoring upto '}'. [1:2861: }]
21-11-2023 11:31:39.587Z;errorhandler.__handle;  CSSStyleDeclaration: Unexpected token, ignoring upto '{          list-style-position: inside;'. [1:2905: {]
21-11-2023 11:31:39.591Z;errorhandler.__handle;  CSSStyleDeclaration: Unexpected token, ignoring upto '}'. [1:2978: }]
21-11-2023 11:31:39.594Z;errorhandler.__handle;  CSSStyleDeclaration: Unexpected token, ignoring upto '{        color: #3498db;'. [1:2989: {]
21-11-2023 11:31:39.598Z;errorhandler.__handle;  CSSStyleDeclaration: Unexpected token, ignoring upto '}'. [1:3055: }]
21-11-2023 11:31:39.602Z;errorhandler.__handle;  CSSStyleDeclaration: Unexpected token, ignoring upto '{        box-sizing: border-box;'. [1:3178: {]
21-11-2023 11:31:39.608Z;errorhandler.__handle;  CSSStyleDeclaration: Unexpected token, ignoring upto '}'. [1:3231: }]
21-11-2023 11:31:39.615Z;errorhandler.__handle;  CSSStyleDeclaration: Unexpected token, ignoring upto '{          padding-bottom: 15px;'. [1:3265: {]
21-11-2023 11:31:39.620Z;errorhandler.__handle;  CSSStyleDeclaration: Unexpected token, ignoring upto '}'. [1:3298: }]
21-11-2023 11:31:39.625Z;errorhandler.__handle;  CSSStyleDeclaration: Unexpected token, ignoring upto '{          width: auto;'. [1:3320: {]
21-11-2023 11:31:39.628Z;errorhandler.__handle;  CSSStyleDeclaration: Unexpected token, ignoring upto '}'. [1:3350: }]
21-11-2023 11:31:39.633Z;errorhandler.__handle;  CSSStyleDeclaration: Unexpected token, ignoring upto '{          background-color: #ffffff;'. [1:3375: {]
21-11-2023 11:31:39.638Z;errorhandler.__handle;  CSSStyleDeclaration: Unexpected token, ignoring upto '}'. [1:3477: }]
21-11-2023 11:31:39.643Z;errorhandler.__handle;  CSSStyleDeclaration: Unexpected token, ignoring upto '{          background-color: #ffffff;'. [1:3495: {]
21-11-2023 11:31:39.873Z;errorhandler.__handle;  CSSStyleDeclaration: Unexpected token, ignoring upto '}'. [1:3892: }]
21-11-2023 11:31:39.879Z;errorhandler.__handle;  CSSStyleDeclaration: Unexpected token, ignoring upto '{        background-color: #3498db;'. [1:3923: {]
21-11-2023 11:31:39.916Z;errorhandler.__handle;  CSSStyleDeclaration: Unexpected token, ignoring upto '}'. [1:3965: }]
21-11-2023 11:31:39.924Z;errorhandler.__handle;  CSSStyleDeclaration: Unexpected token, ignoring upto '{        background-color: #3498db;'. [1:3989: {]
21-11-2023 11:31:39.977Z;errorhandler.__handle;  CSSStyleDeclaration: Unexpected token, ignoring upto '}'. [1:4084: }]
21-11-2023 11:31:39.981Z;errorhandler.__handle;  CSSStyleDeclaration: Unexpected token, ignoring upto '{        margin-bottom: 0;'. [1:4234: {]
21-11-2023 11:31:39.983Z;errorhandler.__handle;  CSSStyleDeclaration: Unexpected token, ignoring upto '}'. [1:4267: }]
21-11-2023 11:31:39.986Z;errorhandler.__handle;  CSSStyleDeclaration: Unexpected token, ignoring upto '{        margin-top: 0;'. [1:4283: {]
21-11-2023 11:31:39.989Z;errorhandler.__handle;  CSSStyleDeclaration: Unexpected token, ignoring upto '}'. [1:4313: }]
21-11-2023 11:31:39.992Z;errorhandler.__handle;  CSSStyleDeclaration: Unexpected token, ignoring upto '{        text-align: center;'. [1:4336: {]
21-11-2023 11:31:39.994Z;errorhandler.__handle;  CSSStyleDeclaration: Unexpected token, ignoring upto '}'. [1:4371: }]
21-11-2023 11:31:39.997Z;errorhandler.__handle;  CSSStyleDeclaration: Unexpected token, ignoring upto '{        text-align: right;'. [1:4393: {]
21-11-2023 11:31:40.000Z;errorhandler.__handle;  CSSStyleDeclaration: Unexpected token, ignoring upto '}'. [1:4427: }]
21-11-2023 11:31:40.003Z;errorhandler.__handle;  CSSStyleDeclaration: Unexpected token, ignoring upto '{        text-align: left;'. [1:4448: {]
21-11-2023 11:31:40.007Z;errorhandler.__handle;  CSSStyleDeclaration: Unexpected token, ignoring upto '}'. [1:4481: }]
21-11-2023 11:31:40.025Z;errorhandler.__handle;  CSSStyleDeclaration: Unexpected token, ignoring upto '{        clear: both;'. [1:4497: {]
21-11-2023 11:31:40.029Z;errorhandler.__handle;  CSSStyleDeclaration: Unexpected token, ignoring upto '}'. [1:4525: }]
21-11-2023 11:31:40.035Z;errorhandler.__handle;  CSSStyleDeclaration: Unexpected token, ignoring upto '{        margin-top: 0;'. [1:4539: {]
21-11-2023 11:31:40.037Z;errorhandler.__handle;  CSSStyleDeclaration: Unexpected token, ignoring upto '}'. [1:4569: }]
21-11-2023 11:31:40.041Z;errorhandler.__handle;  CSSStyleDeclaration: Unexpected token, ignoring upto '{        margin-bottom: 0;'. [1:4583: {]
21-11-2023 11:31:40.043Z;errorhandler.__handle;  CSSStyleDeclaration: Unexpected token, ignoring upto '}'. [1:4616: }]
21-11-2023 11:31:40.046Z;errorhandler.__handle;  CSSStyleDeclaration: Unexpected token, ignoring upto '{        color: transparent;'. [1:4636: {]
21-11-2023 11:31:40.056Z;errorhandler.__handle;  Property: Unknown Property name. [1:4799: mso-hide]
21-11-2023 11:31:40.060Z;errorhandler.__handle;  CSSStyleDeclaration: Unexpected token, ignoring upto '}'. [1:4864: }]
21-11-2023 11:31:40.063Z;errorhandler.__handle;  CSSStyleDeclaration: Unexpected token, ignoring upto '{        text-decoration: none;'. [1:4887: {]
21-11-2023 11:31:40.071Z;errorhandler.__handle;  CSSStyleDeclaration: Unexpected token, ignoring upto '}'. [1:4925: }]
21-11-2023 11:31:40.080Z;errorhandler.__handle;  CSSStyleDeclaration: Unexpected token, ignoring upto '{        border: 0;'. [1:4937: {]
21-11-2023 11:31:40.086Z;errorhandler.__handle;  CSSStyleDeclaration: Unexpected token, ignoring upto '}'. [1:5027: }]
21-11-2023 11:31:40.103Z;errorhandler.__handle;  CSSStyleRule: No selector found: '{        table.body h1 {{          font-size: 28px !important;          margin-bottom: 10px !important;         }}        table.body p,        table.body ul,        table.body ol,        table.body td,        table.body span,        table.body a {{          font-size: 16px !important;         }}        table.body .wrapper,        table.body .article {{          padding: 10px !important;         }}        table.body .content {{          padding: 0 !important;         }}        table.body .container {{          padding: 0 !important;          width: 100% !important;         }}        table.body .main {{          border-left-width: 0 !important;          border-radius: 0 !important;          border-right-width: 0 !important;         }}        table.body .btn table {{          width: 100% !important;         }}        table.body .btn a {{          width: 100% !important;         }}        table.body .img-responsive {{          height: auto !important;          max-width: 100% !important;          width: auto !important;         }}      }'. [1:5217: {]
21-11-2023 11:31:40.115Z;errorhandler.__handle;  SelectorList: Unknown Syntax: ''
21-11-2023 11:31:40.119Z;errorhandler.__handle;  Property: No ":" after name found: table.body h1 {{          font-size: 28px !important;          margin-bottom: 10px !important;         }}        table.body p,        table.body ul,        table.body ol,        table.body td,        table.body span,        table.body a {{          font-size: 16px !important;         }}        table.body .wrapper,        table.body .article {{          padding: 10px !important;         }}        table.body .content {{          padding: 0 !important;         }}        table.body .container {{          padding: 0 !important;          width: 100% !important;         }}        table.body .main {{          border-left-width: 0 !important;          border-radius: 0 !important;          border-right-width: 0 !important;         }}        table.body .btn table {{          width: 100% !important;         }}        table.body .btn a {{          width: 100% !important;         }}        table.body .img-responsive {{          height: auto !important;          max-width: 100% !important;          width: auto !important;         }}       [1:6259:       ]
21-11-2023 11:31:40.139Z;errorhandler.__handle;  Property: No property value found: table.body h1 {{          font-size: 28px !important;          margin-bottom: 10px !important;         }}        table.body p,        table.body ul,        table.body ol,        table.body td,        table.body span,        table.body a {{          font-size: 16px !important;         }}        table.body .wrapper,        table.body .article {{          padding: 10px !important;         }}        table.body .content {{          padding: 0 !important;         }}        table.body .container {{          padding: 0 !important;          width: 100% !important;         }}        table.body .main {{          border-left-width: 0 !important;          border-radius: 0 !important;          border-right-width: 0 !important;         }}        table.body .btn table {{          width: 100% !important;         }}        table.body .btn a {{          width: 100% !important;         }}        table.body .img-responsive {{          height: auto !important;          max-width: 100% !important;          width: auto !important;         }}       [1:6259:       ]
21-11-2023 11:31:40.152Z;errorhandler.__handle;  CSSStyleDeclaration: Syntax Error in Property: table.body h1 {{          font-size: 28px !important;          margin-bottom: 10px !important;         }}        table.body p,        table.body ul,        table.body ol,        table.body td,        table.body span,        table.body a {{          font-size: 16px !important;         }}        table.body .wrapper,        table.body .article {{          padding: 10px !important;         }}        table.body .content {{          padding: 0 !important;         }}        table.body .container {{          padding: 0 !important;          width: 100% !important;         }}        table.body .main {{          border-left-width: 0 !important;          border-radius: 0 !important;          border-right-width: 0 !important;         }}        table.body .btn table {{          width: 100% !important;         }}        table.body .btn a {{          width: 100% !important;         }}        table.body .img-responsive {{          height: auto !important;          max-width: 100% !important;          width: auto !important;         }}      
21-11-2023 11:31:40.174Z;errorhandler.__handle;  CSSStyleRule: No selector found: '{        .ExternalClass {{          width: 100%;         }}        .ExternalClass,        .ExternalClass p,        .ExternalClass span,        .ExternalClass font,        .ExternalClass td,        .ExternalClass div {{          line-height: 100%;         }}        .apple-link a {{          color: inherit !important;          font-family: inherit !important;          font-size: inherit !important;          font-weight: inherit !important;          line-height: inherit !important;          text-decoration: none !important;         }}        #MessageViewBody a {{          color: inherit;          text-decoration: none;          font-size: inherit;          font-family: inherit;          font-weight: inherit;          line-height: inherit;        }}        .btn-primary table td:hover {{          background-color: #34495e !important;         }}        .btn-primary a:hover {{          background-color: #34495e !important;          border-color: #34495e !important;         }}       }'. [1:6420: {]
21-11-2023 11:31:40.184Z;errorhandler.__handle;  SelectorList: Unknown Syntax: ''
21-11-2023 11:31:40.186Z;errorhandler.__handle;  CSSStyleDeclaration: Unexpected token, ignoring upto '.ExternalClass {{          width: 100%;         }}        .ExternalClass,        .ExternalClass p,        .ExternalClass span,        .ExternalClass font,        .ExternalClass td,        .ExternalClass div {{          line-height: 100%;         }}        .apple-link a {{          color: inherit !important;          font-family: inherit !important;          font-size: inherit !important;          font-weight: inherit !important;          line-height: inherit !important;          text-decoration: none !important;         }}        #MessageViewBody a {{          color: inherit;          text-decoration: none;          font-size: inherit;          font-family: inherit;          font-weight: inherit;          line-height: inherit;        }}        .btn-primary table td:hover {{          background-color: #34495e !important;         }}        .btn-primary a:hover {{          background-color: #34495e !important;          border-color: #34495e !important;         }}       '. [1:6429: .]
21-11-2023 11:31:40.204Z;errorhandler.__handle;  Property: Unknown Property name. [1:1: -ms-interpolation-mode]
21-11-2023 11:31:40.206Z;errorhandler.__handle;  Property: Unknown Property name. [1:24: -webkit-font-smoothing]
21-11-2023 11:31:40.210Z;errorhandler.__handle;  Property: Unknown Property name. [1:109: -ms-text-size-adjust]
21-11-2023 11:31:40.224Z;errorhandler.__handle;  Property: Unknown Property name. [1:135: -webkit-text-size-adjust]
21-11-2023 11:31:40.227Z;errorhandler.__handle;  Property: Unknown Property name. [1:1: mso-table-lspace]
21-11-2023 11:31:40.230Z;errorhandler.__handle;  Property: Unknown Property name. [1:20: mso-table-rspace]
21-11-2023 11:31:40.248Z;errorhandler.__handle;  Property: Unknown Property name. [1:74: mso-hide]
21-11-2023 11:31:40.257Z;errorhandler.__handle;  Property: No ":" after name found: align-center [1:1: align-center]
21-11-2023 11:31:40.259Z;errorhandler.__handle;  Property: No property value found: align-center [1:1: align-center]
21-11-2023 11:31:40.261Z;errorhandler.__handle;  CSSStyleDeclaration: Syntax Error in Property: align-center
21-11-2023 11:31:40.264Z;errorhandler.__handle;  Property: Unknown Property name. [1:1: -ms-interpolation-mode]
21-11-2023 11:31:42.159Z;functions.emailErro;  Success e-mail sent.
21-11-2023 11:31:42.161Z;functions.check_pix;  DESMARCA REGISTRO
21-11-2023 11:31:54.620Z;functions.waitForImage;  PRESS BUTTON OK image not found.
21-11-2023 11:32:05.056Z;functions.waitForImage;  PRESS BUTTON OK 2 image not found.
21-11-2023 11:32:05.159Z;functions.check_pix;  APERTA PARA BAIXO PARA VERIFICAR O PRÓXIMO REGISTRO
