21-11-2023 12:24:29.140Z;functions.bot_text_art;      ____   
21-11-2023 12:24:29.141Z;functions.bot_text_art;     [____]    
21-11-2023 12:24:29.141Z;functions.bot_text_art;   |=]()()[=|  
21-11-2023 12:24:29.142Z;functions.bot_text_art;     _\==/__    _____    ____     _        _____    ___   _  __
21-11-2023 12:24:29.142Z;functions.bot_text_art;   |__|   |_|  |  _  \  / ___|   | |      |_   _| / ___| | |/ /
21-11-2023 12:24:29.143Z;functions.bot_text_art;   |_|_/\_|_|  | |  | | | |      | |        | |   | |    | ' / 
21-11-2023 12:24:29.143Z;functions.bot_text_art;   | | __ | |  | |  | | | |      | |        | |   | |    |  <  
21-11-2023 12:24:29.144Z;functions.bot_text_art;   |_|[  ]|_|  | |__| | | |____  | |____   _| |_  | |__  | . \ 
21-11-2023 12:24:29.147Z;functions.bot_text_art;   \_|_||_|_/  |_____/   \_____| |______| |_____| \ ___| |_|\_\
21-11-2023 12:24:29.148Z;functions.bot_text_art;     |_||_|                                                     
21-11-2023 12:24:29.149Z;functions.bot_text_art;     | ||_|_   
21-11-2023 12:24:29.150Z;functions.bot_text_art;   |___||___|  
21-11-2023 12:24:29.150Z;functions.bot_text_art;               
21-11-2023 12:24:29.162Z;functions.open_RM;  OPEN PROGRAM RM
21-11-2023 12:24:42.726Z;functions.loggin_RM;  ENTER USER_NAME
21-11-2023 12:24:44.114Z;functions.loggin_RM;  ENTER PASSWORD
21-11-2023 12:24:45.326Z;functions.loggin_RM;  ENTER RM
21-11-2023 12:25:19.266Z;functions.enter_coligada;  CLICK CONTEXTO
21-11-2023 12:25:24.310Z;functions.enter_coligada;  CLICK COLIGADA 1
21-11-2023 12:25:26.128Z;functions.enter_coligada;  CLICK AVANÇAR
21-11-2023 12:25:28.638Z;functions.enter_coligada;  INSERE O COLIGADA CODE = 1
21-11-2023 12:25:28.809Z;functions.enter_coligada;  APERTA TAB PARA PREENCHER O CAMPO COM A STRING: OCEANICA ENGENHARIA E CONSULTORIA S.A.
21-11-2023 12:25:30.289Z;functions.enter_coligada;  CLICK AVANÇAR NOVAMENTE
21-11-2023 12:25:31.578Z;functions.enter_coligada;  CLICK CONCLUIR
21-11-2023 12:25:55.628Z;functions.enter_coligada;  POP UP COLIGADA DESAPARECER
21-11-2023 12:25:56.445Z;functions.enter_contas_a_pagar;  CLICK - TOTVS - LINHA RM
21-11-2023 12:25:58.255Z;functions.enter_contas_a_pagar;  CLICK - BACK OFFICE
21-11-2023 12:26:01.048Z;functions.enter_contas_a_pagar;  CLICK - GESTAO FINANCEIRA
21-11-2023 12:26:08.254Z;functions.enter_contas_a_pagar;  CLICK - CONTAS A PAGAR
21-11-2023 12:26:09.144Z;functions.waitForImage;  LANÇAMENTOS image found.
21-11-2023 12:26:11.278Z;functions.enter_contas_a_pagar;  CLICA EM LANÇAMENTOS
21-11-2023 12:26:13.279Z;functions.data_filter;  DATA INICIO 15-11-2023
21-11-2023 12:26:13.280Z;functions.data_filter;  DATA FIM 21-11-2023
21-11-2023 12:26:13.281Z;functions.data_filter;  CLICK - SELECIONA A DATA DE QUARTA FEIRA E DA PROXIMA TERÇA
21-11-2023 12:26:13.283Z;functions.data_filter;  QUARTA-FEIRA: 15-11-2023
21-11-2023 12:26:13.284Z;functions.data_filter;  TERCA-FEIRA: 21-11-2023
21-11-2023 12:26:23.176Z;functions.data_filter;  ESCREVE REMESSA PAGAMENTO PIX NO FILTRO
21-11-2023 12:26:23.995Z;functions.data_filter;  CLICK - BUTÃO DE SELECAO DE FILTRO
21-11-2023 12:26:26.862Z;functions.data_filter;  INSERE - DATA DE QUARTA-FEIRA: 15-11-2023
21-11-2023 12:26:28.910Z;functions.data_filter;  INSERE - DATA DA PROX TERCA-FEIRA: 21-11-2023
21-11-2023 12:26:29.825Z;functions.data_filter;  CLICK - BUTÃO DE EXECUTAR O FILTRO
21-11-2023 12:26:36.357Z;functions.waitForImage;  FILTER CLEAN image found.
21-11-2023 12:26:38.491Z;functions.filter_clean;  CLICA NO BOTÃO X DO LIMPA FILTRO
21-11-2023 12:26:42.255Z;functions.select_tipo_documento;  NOME DA COLUNA: Tipo de Documento
21-11-2023 12:26:44.022Z;functions.select_tipo_documento;  HOVER NOME DA COLUNA: Tipo de Documento
21-11-2023 12:26:44.156Z;functions.select_tipo_documento;  CLICA PARA APARECER O FILTRO PERSONALIZAR
21-11-2023 12:26:44.482Z;functions.select_tipo_documento;  CLICA NO FILTRO PERSONALIZAR
21-11-2023 12:26:46.842Z;functions.select_tipo_documento;  CLICA PARA SELECIONAR OPÇÕES DO FILTRO
21-11-2023 12:26:54.139Z;functions.select_tipo_documento;  CLICK BUTTON CONFIRMAR FILTRO
21-11-2023 12:26:54.142Z;functions.check_table_record;  VERIFICANDO SE A TABELA ESTÁ VAZIA
21-11-2023 12:27:07.089Z;functions.check_table_record;  ATENÇÃO: 

Este processo exige que seja selecionado ao menos um registro para sua execução.
Como não foi feita nenhuma seleção, você deseja executá-lo para TODOS os 1 registros?
21-11-2023 12:27:09.196Z;functions.check_table_record;  CLICK ENTER
21-11-2023 12:27:09.198Z;functions.check_table_record;  NUMERO DE TUPLAS: 1
21-11-2023 12:27:09.201Z;functions.check_table_record;  TABELA CONTÉM REGISTROS
21-11-2023 12:27:36.786Z;functions.show_exception_and_exit;  'NoneType' object has no attribute 'set_focus'
Traceback (most recent call last):
  File "c:\Projetos\Remessas_Pix\main.py", line 17, in <module>
    result = check_table_record()
             ^^^^^^^^^^^^^^^^^^^^
  File "c:\Projetos\Remessas_Pix\SUBPROGRAMS\functions.py", line 285, in check_table_record
    click_nao.set_focus()
    ^^^^^^^^^^^^^^^^^^^
AttributeError: 'NoneType' object has no attribute 'set_focus'
21-11-2023 12:27:39.437Z;errorhandler.__handle;  Property: Unknown Property name. [1:203: -ms-interpolation-mode]
21-11-2023 12:27:39.485Z;errorhandler.__handle;  Property: Unknown Property name. [1:353: -webkit-font-smoothing]
21-11-2023 12:27:39.507Z;errorhandler.__handle;  Property: Unknown Property name. [1:483: -ms-text-size-adjust]
21-11-2023 12:27:39.511Z;errorhandler.__handle;  Property: Unknown Property name. [1:518: -webkit-text-size-adjust]
21-11-2023 12:27:39.518Z;errorhandler.__handle;  Property: Unknown Property name. [1:612: mso-table-lspace]
21-11-2023 12:27:39.521Z;errorhandler.__handle;  Property: Unknown Property name. [1:642: mso-table-rspace]
21-11-2023 12:27:39.771Z;errorhandler.__handle;  Property: Unknown Property name. [1:4734: mso-hide]
21-11-2023 12:27:39.882Z;errorhandler.__handle;  Property: Unknown Property name. [1:13: -ms-interpolation-mode]
21-11-2023 12:27:39.888Z;errorhandler.__handle;  Property: Unknown Property name. [1:49: -webkit-font-smoothing]
21-11-2023 12:27:39.897Z;errorhandler.__handle;  Property: Unknown Property name. [1:134: -ms-text-size-adjust]
21-11-2023 12:27:39.901Z;errorhandler.__handle;  Property: Unknown Property name. [1:160: -webkit-text-size-adjust]
21-11-2023 12:27:39.906Z;errorhandler.__handle;  Property: Unknown Property name. [1:26: mso-table-lspace]
21-11-2023 12:27:39.909Z;errorhandler.__handle;  Property: Unknown Property name. [1:45: mso-table-rspace]
21-11-2023 12:27:39.961Z;errorhandler.__handle;  Property: Unknown Property name. [1:92: mso-hide]
21-11-2023 12:27:39.977Z;errorhandler.__handle;  Property: No ":" after name found: align-center [1:1: align-center]
21-11-2023 12:27:39.982Z;errorhandler.__handle;  Property: No property value found: align-center [1:1: align-center]
21-11-2023 12:27:39.985Z;errorhandler.__handle;  CSSStyleDeclaration: Syntax Error in Property: align-center
21-11-2023 12:27:39.992Z;errorhandler.__handle;  Property: Unknown Property name. [1:14: -ms-interpolation-mode]
