21-11-2023 12:31:08.145Z;functions.bot_text_art;      ____   
21-11-2023 12:31:08.146Z;functions.bot_text_art;     [____]    
21-11-2023 12:31:08.146Z;functions.bot_text_art;   |=]()()[=|  
21-11-2023 12:31:08.147Z;functions.bot_text_art;     _\==/__    _____    ____     _        _____    ___   _  __
21-11-2023 12:31:08.148Z;functions.bot_text_art;   |__|   |_|  |  _  \  / ___|   | |      |_   _| / ___| | |/ /
21-11-2023 12:31:08.148Z;functions.bot_text_art;   |_|_/\_|_|  | |  | | | |      | |        | |   | |    | ' / 
21-11-2023 12:31:08.148Z;functions.bot_text_art;   | | __ | |  | |  | | | |      | |        | |   | |    |  <  
21-11-2023 12:31:08.149Z;functions.bot_text_art;   |_|[  ]|_|  | |__| | | |____  | |____   _| |_  | |__  | . \ 
21-11-2023 12:31:08.152Z;functions.bot_text_art;   \_|_||_|_/  |_____/   \_____| |______| |_____| \ ___| |_|\_\
21-11-2023 12:31:08.153Z;functions.bot_text_art;     |_||_|                                                     
21-11-2023 12:31:08.154Z;functions.bot_text_art;     | ||_|_   
21-11-2023 12:31:08.154Z;functions.bot_text_art;   |___||___|  
21-11-2023 12:31:08.155Z;functions.bot_text_art;               
21-11-2023 12:31:08.166Z;functions.open_RM;  OPEN PROGRAM RM
21-11-2023 12:31:20.163Z;functions.loggin_RM;  ENTER USER_NAME
21-11-2023 12:31:21.527Z;functions.loggin_RM;  ENTER PASSWORD
21-11-2023 12:31:22.803Z;functions.loggin_RM;  ENTER RM
21-11-2023 12:31:56.529Z;functions.enter_coligada;  CLICK CONTEXTO
21-11-2023 12:32:01.739Z;functions.enter_coligada;  CLICK COLIGADA 1
21-11-2023 12:32:03.977Z;functions.enter_coligada;  CLICK AVANÇAR
21-11-2023 12:32:06.506Z;functions.enter_coligada;  INSERE O COLIGADA CODE = 1
21-11-2023 12:32:06.639Z;functions.enter_coligada;  APERTA TAB PARA PREENCHER O CAMPO COM A STRING: OCEANICA ENGENHARIA E CONSULTORIA S.A.
21-11-2023 12:32:08.022Z;functions.enter_coligada;  CLICK AVANÇAR NOVAMENTE
21-11-2023 12:32:09.319Z;functions.enter_coligada;  CLICK CONCLUIR
21-11-2023 12:32:32.922Z;functions.enter_coligada;  POP UP COLIGADA DESAPARECER
21-11-2023 12:32:33.774Z;functions.enter_contas_a_pagar;  CLICK - TOTVS - LINHA RM
21-11-2023 12:32:35.531Z;functions.enter_contas_a_pagar;  CLICK - BACK OFFICE
21-11-2023 12:32:38.303Z;functions.enter_contas_a_pagar;  CLICK - GESTAO FINANCEIRA
21-11-2023 12:32:45.271Z;functions.enter_contas_a_pagar;  CLICK - CONTAS A PAGAR
21-11-2023 12:32:46.166Z;functions.waitForImage;  LANÇAMENTOS image found.
21-11-2023 12:32:48.272Z;functions.enter_contas_a_pagar;  CLICA EM LANÇAMENTOS
21-11-2023 12:32:50.273Z;functions.data_filter;  DATA INICIO 15-11-2023
21-11-2023 12:32:50.274Z;functions.data_filter;  DATA FIM 21-11-2023
21-11-2023 12:32:50.275Z;functions.data_filter;  CLICK - SELECIONA A DATA DE QUARTA FEIRA E DA PROXIMA TERÇA
21-11-2023 12:32:50.277Z;functions.data_filter;  QUARTA-FEIRA: 15-11-2023
21-11-2023 12:32:50.278Z;functions.data_filter;  TERCA-FEIRA: 21-11-2023
21-11-2023 12:32:59.962Z;functions.data_filter;  ESCREVE REMESSA PAGAMENTO PIX NO FILTRO
21-11-2023 12:33:00.797Z;functions.data_filter;  CLICK - BUTÃO DE SELECAO DE FILTRO
21-11-2023 12:33:04.032Z;functions.data_filter;  INSERE - DATA DE QUARTA-FEIRA: 15-11-2023
21-11-2023 12:33:06.302Z;functions.data_filter;  INSERE - DATA DA PROX TERCA-FEIRA: 21-11-2023
21-11-2023 12:33:07.206Z;functions.data_filter;  CLICK - BUTÃO DE EXECUTAR O FILTRO
21-11-2023 12:33:13.643Z;functions.waitForImage;  FILTER CLEAN image found.
21-11-2023 12:33:15.755Z;functions.filter_clean;  CLICA NO BOTÃO X DO LIMPA FILTRO
21-11-2023 12:33:19.461Z;functions.select_tipo_documento;  NOME DA COLUNA: Tipo de Documento
21-11-2023 12:33:21.208Z;functions.select_tipo_documento;  HOVER NOME DA COLUNA: Tipo de Documento
21-11-2023 12:33:21.341Z;functions.select_tipo_documento;  CLICA PARA APARECER O FILTRO PERSONALIZAR
21-11-2023 12:33:21.668Z;functions.select_tipo_documento;  CLICA NO FILTRO PERSONALIZAR
21-11-2023 12:33:23.857Z;functions.select_tipo_documento;  CLICA PARA SELECIONAR OPÇÕES DO FILTRO
21-11-2023 12:33:31.138Z;functions.select_tipo_documento;  CLICK BUTTON CONFIRMAR FILTRO
21-11-2023 12:33:31.142Z;functions.check_table_record;  VERIFICANDO SE A TABELA ESTÁ VAZIA
21-11-2023 12:33:44.050Z;functions.check_table_record;  Para este processo é necessário que existam registros na visão.
21-11-2023 12:33:46.156Z;functions.check_table_record;  CLICK ENTER
21-11-2023 12:33:46.160Z;functions.show_exception_and_exit;  list index out of range
Traceback (most recent call last):
  File "c:\Projetos\Remessas_Pix\main.py", line 17, in <module>
    result = check_table_record()
             ^^^^^^^^^^^^^^^^^^^^
  File "c:\Projetos\Remessas_Pix\SUBPROGRAMS\functions.py", line 271, in check_table_record
    rows_int = int(number_rows[0])
                   ~~~~~~~~~~~^^^
IndexError: list index out of range
21-11-2023 12:33:48.441Z;errorhandler.__handle;  Property: Unknown Property name. [1:203: -ms-interpolation-mode]
21-11-2023 12:33:48.485Z;errorhandler.__handle;  Property: Unknown Property name. [1:353: -webkit-font-smoothing]
21-11-2023 12:33:48.501Z;errorhandler.__handle;  Property: Unknown Property name. [1:483: -ms-text-size-adjust]
21-11-2023 12:33:48.505Z;errorhandler.__handle;  Property: Unknown Property name. [1:518: -webkit-text-size-adjust]
21-11-2023 12:33:48.510Z;errorhandler.__handle;  Property: Unknown Property name. [1:612: mso-table-lspace]
21-11-2023 12:33:48.513Z;errorhandler.__handle;  Property: Unknown Property name. [1:642: mso-table-rspace]
21-11-2023 12:33:48.735Z;errorhandler.__handle;  Property: Unknown Property name. [1:4734: mso-hide]
21-11-2023 12:33:48.833Z;errorhandler.__handle;  Property: Unknown Property name. [1:13: -ms-interpolation-mode]
21-11-2023 12:33:48.839Z;errorhandler.__handle;  Property: Unknown Property name. [1:49: -webkit-font-smoothing]
21-11-2023 12:33:48.844Z;errorhandler.__handle;  Property: Unknown Property name. [1:134: -ms-text-size-adjust]
21-11-2023 12:33:48.847Z;errorhandler.__handle;  Property: Unknown Property name. [1:160: -webkit-text-size-adjust]
21-11-2023 12:33:48.853Z;errorhandler.__handle;  Property: Unknown Property name. [1:26: mso-table-lspace]
21-11-2023 12:33:48.857Z;errorhandler.__handle;  Property: Unknown Property name. [1:45: mso-table-rspace]
21-11-2023 12:33:48.899Z;errorhandler.__handle;  Property: Unknown Property name. [1:92: mso-hide]
21-11-2023 12:33:48.913Z;errorhandler.__handle;  Property: No ":" after name found: align-center [1:1: align-center]
21-11-2023 12:33:48.915Z;errorhandler.__handle;  Property: No property value found: align-center [1:1: align-center]
21-11-2023 12:33:48.917Z;errorhandler.__handle;  CSSStyleDeclaration: Syntax Error in Property: align-center
21-11-2023 12:33:48.925Z;errorhandler.__handle;  Property: Unknown Property name. [1:14: -ms-interpolation-mode]
