21-11-2023 12:47:59.162Z;functions.bot_text_art;      ____   
21-11-2023 12:47:59.163Z;functions.bot_text_art;     [____]    
21-11-2023 12:47:59.164Z;functions.bot_text_art;   |=]()()[=|  
21-11-2023 12:47:59.165Z;functions.bot_text_art;     _\==/__    _____    ____     _        _____    ___   _  __
21-11-2023 12:47:59.166Z;functions.bot_text_art;   |__|   |_|  |  _  \  / ___|   | |      |_   _| / ___| | |/ /
21-11-2023 12:47:59.167Z;functions.bot_text_art;   |_|_/\_|_|  | |  | | | |      | |        | |   | |    | ' / 
21-11-2023 12:47:59.168Z;functions.bot_text_art;   | | __ | |  | |  | | | |      | |        | |   | |    |  <  
21-11-2023 12:47:59.169Z;functions.bot_text_art;   |_|[  ]|_|  | |__| | | |____  | |____   _| |_  | |__  | . \ 
21-11-2023 12:47:59.172Z;functions.bot_text_art;   \_|_||_|_/  |_____/   \_____| |______| |_____| \ ___| |_|\_\
21-11-2023 12:47:59.173Z;functions.bot_text_art;     |_||_|                                                     
21-11-2023 12:47:59.174Z;functions.bot_text_art;     | ||_|_   
21-11-2023 12:47:59.174Z;functions.bot_text_art;   |___||___|  
21-11-2023 12:47:59.175Z;functions.bot_text_art;               
21-11-2023 12:47:59.183Z;functions.open_RM;  OPEN PROGRAM RM
21-11-2023 12:48:12.531Z;functions.loggin_RM;  ENTER USER_NAME
21-11-2023 12:48:13.937Z;functions.loggin_RM;  ENTER PASSWORD
21-11-2023 12:48:15.217Z;functions.loggin_RM;  ENTER RM
21-11-2023 12:48:48.795Z;functions.enter_coligada;  CLICK CONTEXTO
21-11-2023 12:48:53.803Z;functions.enter_coligada;  CLICK COLIGADA 1
21-11-2023 12:48:55.968Z;functions.enter_coligada;  CLICK AVANÇAR
21-11-2023 12:48:58.456Z;functions.enter_coligada;  INSERE O COLIGADA CODE = 1
21-11-2023 12:48:58.611Z;functions.enter_coligada;  APERTA TAB PARA PREENCHER O CAMPO COM A STRING: OCEANICA ENGENHARIA E CONSULTORIA S.A.
21-11-2023 12:49:00.014Z;functions.enter_coligada;  CLICK AVANÇAR NOVAMENTE
21-11-2023 12:49:01.305Z;functions.enter_coligada;  CLICK CONCLUIR
21-11-2023 12:49:24.198Z;functions.enter_coligada;  POP UP COLIGADA DESAPARECER
21-11-2023 12:49:25.048Z;functions.enter_contas_a_pagar;  CLICK - TOTVS - LINHA RM
21-11-2023 12:49:26.916Z;functions.enter_contas_a_pagar;  CLICK - BACK OFFICE
21-11-2023 12:49:29.716Z;functions.enter_contas_a_pagar;  CLICK - GESTAO FINANCEIRA
21-11-2023 12:49:36.670Z;functions.enter_contas_a_pagar;  CLICK - CONTAS A PAGAR
21-11-2023 12:49:37.552Z;functions.waitForImage;  LANÇAMENTOS image found.
21-11-2023 12:49:39.659Z;functions.enter_contas_a_pagar;  CLICA EM LANÇAMENTOS
21-11-2023 12:49:41.660Z;functions.data_filter;  DATA INICIO 15-11-2023
21-11-2023 12:49:41.661Z;functions.data_filter;  DATA FIM 21-11-2023
21-11-2023 12:49:41.662Z;functions.data_filter;  CLICK - SELECIONA A DATA DE QUARTA FEIRA E DA PROXIMA TERÇA
21-11-2023 12:49:41.664Z;functions.data_filter;  QUARTA-FEIRA: 15-11-2023
21-11-2023 12:49:41.665Z;functions.data_filter;  TERCA-FEIRA: 21-11-2023
21-11-2023 12:49:51.769Z;functions.data_filter;  ESCREVE REMESSA PAGAMENTO PIX NO FILTRO
21-11-2023 12:49:52.610Z;functions.data_filter;  CLICK - BUTÃO DE SELECAO DE FILTRO
21-11-2023 12:49:55.851Z;functions.data_filter;  INSERE - DATA DE QUARTA-FEIRA: 15-11-2023
21-11-2023 12:49:58.139Z;functions.data_filter;  INSERE - DATA DA PROX TERCA-FEIRA: 21-11-2023
21-11-2023 12:49:58.985Z;functions.data_filter;  CLICK - BUTÃO DE EXECUTAR O FILTRO
21-11-2023 12:50:08.218Z;functions.waitForImage;  FILTER CLEAN image found.
21-11-2023 12:50:10.351Z;functions.filter_clean;  CLICA NO BOTÃO X DO LIMPA FILTRO
21-11-2023 12:50:14.398Z;functions.select_tipo_documento;  NOME DA COLUNA: Tipo de Documento
21-11-2023 12:50:16.140Z;functions.select_tipo_documento;  HOVER NOME DA COLUNA: Tipo de Documento
21-11-2023 12:50:16.272Z;functions.select_tipo_documento;  CLICA PARA APARECER O FILTRO PERSONALIZAR
21-11-2023 12:50:16.600Z;functions.select_tipo_documento;  CLICA NO FILTRO PERSONALIZAR
21-11-2023 12:50:19.055Z;functions.select_tipo_documento;  CLICA PARA SELECIONAR OPÇÕES DO FILTRO
21-11-2023 12:50:26.325Z;functions.select_tipo_documento;  CLICK BUTTON CONFIRMAR FILTRO
21-11-2023 12:50:26.326Z;functions.check_table_record;  VERIFICANDO SE A TABELA ESTÁ VAZIA
21-11-2023 12:50:39.277Z;functions.check_table_record;  ATENÇÃO: 

Este processo exige que seja selecionado ao menos um registro para sua execução.
Como não foi feita nenhuma seleção, você deseja executá-lo para TODOS os 2 registros?
21-11-2023 12:50:41.383Z;functions.check_table_record;  CLICK ENTER
21-11-2023 12:50:41.385Z;functions.check_table_record;  NUMERO DE TUPLAS: 2
21-11-2023 12:50:41.388Z;functions.check_table_record;  TABELA CONTÉM REGISTROS
21-11-2023 12:51:04.224Z;functions.show_exception_and_exit;  'NoneType' object has no attribute 'set_focus'
Traceback (most recent call last):
  File "c:\Projetos\Remessas_Pix\main.py", line 17, in <module>
    result = check_table_record()
             ^^^^^^^^^^^^^^^^^^^^
  File "c:\Projetos\Remessas_Pix\SUBPROGRAMS\functions.py", line 285, in check_table_record
    click_nao.set_focus()
    ^^^^^^^^^^^^^^^^^^^
AttributeError: 'NoneType' object has no attribute 'set_focus'
21-11-2023 12:51:06.608Z;errorhandler.__handle;  Property: Unknown Property name. [1:203: -ms-interpolation-mode]
21-11-2023 12:51:06.656Z;errorhandler.__handle;  Property: Unknown Property name. [1:353: -webkit-font-smoothing]
21-11-2023 12:51:06.675Z;errorhandler.__handle;  Property: Unknown Property name. [1:483: -ms-text-size-adjust]
21-11-2023 12:51:06.679Z;errorhandler.__handle;  Property: Unknown Property name. [1:518: -webkit-text-size-adjust]
21-11-2023 12:51:06.686Z;errorhandler.__handle;  Property: Unknown Property name. [1:612: mso-table-lspace]
21-11-2023 12:51:06.689Z;errorhandler.__handle;  Property: Unknown Property name. [1:642: mso-table-rspace]
21-11-2023 12:51:06.940Z;errorhandler.__handle;  Property: Unknown Property name. [1:4734: mso-hide]
21-11-2023 12:51:07.056Z;errorhandler.__handle;  Property: Unknown Property name. [1:13: -ms-interpolation-mode]
21-11-2023 12:51:07.063Z;errorhandler.__handle;  Property: Unknown Property name. [1:49: -webkit-font-smoothing]
21-11-2023 12:51:07.070Z;errorhandler.__handle;  Property: Unknown Property name. [1:134: -ms-text-size-adjust]
21-11-2023 12:51:07.074Z;errorhandler.__handle;  Property: Unknown Property name. [1:160: -webkit-text-size-adjust]
21-11-2023 12:51:07.081Z;errorhandler.__handle;  Property: Unknown Property name. [1:26: mso-table-lspace]
21-11-2023 12:51:07.084Z;errorhandler.__handle;  Property: Unknown Property name. [1:45: mso-table-rspace]
21-11-2023 12:51:07.169Z;errorhandler.__handle;  Property: Unknown Property name. [1:92: mso-hide]
21-11-2023 12:51:07.227Z;errorhandler.__handle;  Property: No ":" after name found: align-center [1:1: align-center]
21-11-2023 12:51:07.277Z;errorhandler.__handle;  Property: No property value found: align-center [1:1: align-center]
21-11-2023 12:51:07.296Z;errorhandler.__handle;  CSSStyleDeclaration: Syntax Error in Property: align-center
21-11-2023 12:51:07.307Z;errorhandler.__handle;  Property: Unknown Property name. [1:14: -ms-interpolation-mode]
