21-11-2023 12:57:42.459Z;functions.bot_text_art;      ____   
21-11-2023 12:57:42.460Z;functions.bot_text_art;     [____]    
21-11-2023 12:57:42.460Z;functions.bot_text_art;   |=]()()[=|  
21-11-2023 12:57:42.461Z;functions.bot_text_art;     _\==/__    _____    ____     _        _____    ___   _  __
21-11-2023 12:57:42.462Z;functions.bot_text_art;   |__|   |_|  |  _  \  / ___|   | |      |_   _| / ___| | |/ /
21-11-2023 12:57:42.463Z;functions.bot_text_art;   |_|_/\_|_|  | |  | | | |      | |        | |   | |    | ' / 
21-11-2023 12:57:42.464Z;functions.bot_text_art;   | | __ | |  | |  | | | |      | |        | |   | |    |  <  
21-11-2023 12:57:42.465Z;functions.bot_text_art;   |_|[  ]|_|  | |__| | | |____  | |____   _| |_  | |__  | . \ 
21-11-2023 12:57:42.467Z;functions.bot_text_art;   \_|_||_|_/  |_____/   \_____| |______| |_____| \ ___| |_|\_\
21-11-2023 12:57:42.468Z;functions.bot_text_art;     |_||_|                                                     
21-11-2023 12:57:42.468Z;functions.bot_text_art;     | ||_|_   
21-11-2023 12:57:42.469Z;functions.bot_text_art;   |___||___|  
21-11-2023 12:57:42.469Z;functions.bot_text_art;               
21-11-2023 12:57:42.480Z;functions.open_RM;  OPEN PROGRAM RM
21-11-2023 12:57:54.900Z;functions.loggin_RM;  ENTER USER_NAME
21-11-2023 12:57:56.299Z;functions.loggin_RM;  ENTER PASSWORD
21-11-2023 12:57:57.514Z;functions.loggin_RM;  ENTER RM
21-11-2023 12:58:32.020Z;functions.enter_coligada;  CLICK CONTEXTO
21-11-2023 12:58:37.375Z;functions.enter_coligada;  CLICK COLIGADA 1
21-11-2023 12:58:39.432Z;functions.enter_coligada;  CLICK AVANÇAR
21-11-2023 12:58:41.932Z;functions.enter_coligada;  INSERE O COLIGADA CODE = 1
21-11-2023 12:58:42.137Z;functions.enter_coligada;  APERTA TAB PARA PREENCHER O CAMPO COM A STRING: OCEANICA ENGENHARIA E CONSULTORIA S.A.
21-11-2023 12:58:43.461Z;functions.enter_coligada;  CLICK AVANÇAR NOVAMENTE
21-11-2023 12:58:44.643Z;functions.enter_coligada;  CLICK CONCLUIR
21-11-2023 12:59:08.580Z;functions.enter_coligada;  POP UP COLIGADA DESAPARECER
21-11-2023 12:59:09.398Z;functions.enter_contas_a_pagar;  CLICK - TOTVS - LINHA RM
21-11-2023 12:59:11.239Z;functions.enter_contas_a_pagar;  CLICK - BACK OFFICE
21-11-2023 12:59:14.042Z;functions.enter_contas_a_pagar;  CLICK - GESTAO FINANCEIRA
21-11-2023 12:59:21.530Z;functions.enter_contas_a_pagar;  CLICK - CONTAS A PAGAR
21-11-2023 12:59:22.431Z;functions.waitForImage;  LANÇAMENTOS image found.
21-11-2023 12:59:24.557Z;functions.enter_contas_a_pagar;  CLICA EM LANÇAMENTOS
21-11-2023 12:59:26.559Z;functions.data_filter;  DATA INICIO 15-11-2023
21-11-2023 12:59:26.560Z;functions.data_filter;  DATA FIM 21-11-2023
21-11-2023 12:59:26.561Z;functions.data_filter;  CLICK - SELECIONA A DATA DE QUARTA FEIRA E DA PROXIMA TERÇA
21-11-2023 12:59:26.563Z;functions.data_filter;  QUARTA-FEIRA: 15-11-2023
21-11-2023 12:59:26.564Z;functions.data_filter;  TERCA-FEIRA: 21-11-2023
21-11-2023 12:59:37.991Z;functions.data_filter;  ESCREVE REMESSA PAGAMENTO PIX NO FILTRO
21-11-2023 12:59:38.808Z;functions.data_filter;  CLICK - BUTÃO DE SELECAO DE FILTRO
21-11-2023 12:59:41.879Z;functions.data_filter;  INSERE - DATA DE QUARTA-FEIRA: 15-11-2023
21-11-2023 12:59:44.157Z;functions.data_filter;  INSERE - DATA DA PROX TERCA-FEIRA: 21-11-2023
21-11-2023 12:59:45.051Z;functions.data_filter;  CLICK - BUTÃO DE EXECUTAR O FILTRO
21-11-2023 12:59:58.971Z;functions.waitForImage;  FILTER CLEAN image found.
21-11-2023 13:00:01.099Z;functions.filter_clean;  CLICA NO BOTÃO X DO LIMPA FILTRO
21-11-2023 13:00:04.857Z;functions.select_tipo_documento;  NOME DA COLUNA: Tipo de Documento
21-11-2023 13:00:06.603Z;functions.select_tipo_documento;  HOVER NOME DA COLUNA: Tipo de Documento
21-11-2023 13:00:06.736Z;functions.select_tipo_documento;  CLICA PARA APARECER O FILTRO PERSONALIZAR
21-11-2023 13:00:07.071Z;functions.select_tipo_documento;  CLICA NO FILTRO PERSONALIZAR
21-11-2023 13:00:09.317Z;functions.select_tipo_documento;  CLICA PARA SELECIONAR OPÇÕES DO FILTRO
21-11-2023 13:00:16.597Z;functions.select_tipo_documento;  CLICK BUTTON CONFIRMAR FILTRO
21-11-2023 13:00:16.601Z;functions.check_table_record;  VERIFICANDO SE A TABELA ESTÁ VAZIA
21-11-2023 13:00:29.563Z;functions.check_table_record;  ATENÇÃO: 

Este processo exige que seja selecionado ao menos um registro para sua execução.
Como não foi feita nenhuma seleção, você deseja executá-lo para TODOS os 2 registros?
21-11-2023 13:00:31.669Z;functions.check_table_record;  CLICK ENTER
21-11-2023 13:00:31.672Z;functions.check_table_record;  NUMERO DE TUPLAS: 2
21-11-2023 13:00:31.675Z;functions.check_table_record;  TABELA CONTÉM REGISTROS
21-11-2023 13:01:04.841Z;functions.show_exception_and_exit;  'NoneType' object has no attribute 'set_focus'
Traceback (most recent call last):
  File "c:\Projetos\Remessas_Pix\main.py", line 17, in <module>
    result = check_table_record()
             ^^^^^^^^^^^^^^^^^^^^
  File "c:\Projetos\Remessas_Pix\SUBPROGRAMS\functions.py", line 286, in check_table_record
    time.sleep(2)
AttributeError: 'NoneType' object has no attribute 'set_focus'
21-11-2023 13:01:06.824Z;errorhandler.__handle;  Property: Unknown Property name. [1:203: -ms-interpolation-mode]
21-11-2023 13:01:06.870Z;errorhandler.__handle;  Property: Unknown Property name. [1:353: -webkit-font-smoothing]
21-11-2023 13:01:06.885Z;errorhandler.__handle;  Property: Unknown Property name. [1:483: -ms-text-size-adjust]
21-11-2023 13:01:06.890Z;errorhandler.__handle;  Property: Unknown Property name. [1:518: -webkit-text-size-adjust]
21-11-2023 13:01:06.897Z;errorhandler.__handle;  Property: Unknown Property name. [1:612: mso-table-lspace]
21-11-2023 13:01:06.901Z;errorhandler.__handle;  Property: Unknown Property name. [1:642: mso-table-rspace]
21-11-2023 13:01:07.168Z;errorhandler.__handle;  Property: Unknown Property name. [1:4734: mso-hide]
21-11-2023 13:01:07.275Z;errorhandler.__handle;  Property: Unknown Property name. [1:13: -ms-interpolation-mode]
21-11-2023 13:01:07.282Z;errorhandler.__handle;  Property: Unknown Property name. [1:49: -webkit-font-smoothing]
21-11-2023 13:01:07.290Z;errorhandler.__handle;  Property: Unknown Property name. [1:134: -ms-text-size-adjust]
21-11-2023 13:01:07.295Z;errorhandler.__handle;  Property: Unknown Property name. [1:160: -webkit-text-size-adjust]
21-11-2023 13:01:07.300Z;errorhandler.__handle;  Property: Unknown Property name. [1:26: mso-table-lspace]
21-11-2023 13:01:07.308Z;errorhandler.__handle;  Property: Unknown Property name. [1:45: mso-table-rspace]
21-11-2023 13:01:07.360Z;errorhandler.__handle;  Property: Unknown Property name. [1:92: mso-hide]
21-11-2023 13:01:07.378Z;errorhandler.__handle;  Property: No ":" after name found: align-center [1:1: align-center]
21-11-2023 13:01:07.383Z;errorhandler.__handle;  Property: No property value found: align-center [1:1: align-center]
21-11-2023 13:01:07.387Z;errorhandler.__handle;  CSSStyleDeclaration: Syntax Error in Property: align-center
21-11-2023 13:01:07.392Z;errorhandler.__handle;  Property: Unknown Property name. [1:14: -ms-interpolation-mode]
