21-11-2023 12:53:36.774Z;functions.bot_text_art;      ____   
21-11-2023 12:53:36.775Z;functions.bot_text_art;     [____]    
21-11-2023 12:53:36.775Z;functions.bot_text_art;   |=]()()[=|  
21-11-2023 12:53:36.776Z;functions.bot_text_art;     _\==/__    _____    ____     _        _____    ___   _  __
21-11-2023 12:53:36.776Z;functions.bot_text_art;   |__|   |_|  |  _  \  / ___|   | |      |_   _| / ___| | |/ /
21-11-2023 12:53:36.777Z;functions.bot_text_art;   |_|_/\_|_|  | |  | | | |      | |        | |   | |    | ' / 
21-11-2023 12:53:36.777Z;functions.bot_text_art;   | | __ | |  | |  | | | |      | |        | |   | |    |  <  
21-11-2023 12:53:36.778Z;functions.bot_text_art;   |_|[  ]|_|  | |__| | | |____  | |____   _| |_  | |__  | . \ 
21-11-2023 12:53:36.781Z;functions.bot_text_art;   \_|_||_|_/  |_____/   \_____| |______| |_____| \ ___| |_|\_\
21-11-2023 12:53:36.782Z;functions.bot_text_art;     |_||_|                                                     
21-11-2023 12:53:36.784Z;functions.bot_text_art;     | ||_|_   
21-11-2023 12:53:36.784Z;functions.bot_text_art;   |___||___|  
21-11-2023 12:53:36.785Z;functions.bot_text_art;               
21-11-2023 12:53:36.797Z;functions.open_RM;  OPEN PROGRAM RM
21-11-2023 12:53:49.052Z;functions.loggin_RM;  ENTER USER_NAME
21-11-2023 12:53:50.453Z;functions.loggin_RM;  ENTER PASSWORD
21-11-2023 12:53:51.800Z;functions.loggin_RM;  ENTER RM
21-11-2023 12:54:26.422Z;functions.enter_coligada;  CLICK CONTEXTO
21-11-2023 12:54:31.515Z;functions.enter_coligada;  CLICK COLIGADA 1
21-11-2023 12:54:33.781Z;functions.enter_coligada;  CLICK AVANÇAR
21-11-2023 12:54:36.303Z;functions.enter_coligada;  INSERE O COLIGADA CODE = 1
21-11-2023 12:54:36.454Z;functions.enter_coligada;  APERTA TAB PARA PREENCHER O CAMPO COM A STRING: OCEANICA ENGENHARIA E CONSULTORIA S.A.
21-11-2023 12:54:37.752Z;functions.enter_coligada;  CLICK AVANÇAR NOVAMENTE
21-11-2023 12:54:39.014Z;functions.enter_coligada;  CLICK CONCLUIR
21-11-2023 12:55:03.607Z;functions.enter_coligada;  POP UP COLIGADA DESAPARECER
21-11-2023 12:55:04.445Z;functions.enter_contas_a_pagar;  CLICK - TOTVS - LINHA RM
21-11-2023 12:55:06.234Z;functions.enter_contas_a_pagar;  CLICK - BACK OFFICE
21-11-2023 12:55:08.996Z;functions.enter_contas_a_pagar;  CLICK - GESTAO FINANCEIRA
21-11-2023 12:55:16.192Z;functions.enter_contas_a_pagar;  CLICK - CONTAS A PAGAR
21-11-2023 12:55:17.096Z;functions.waitForImage;  LANÇAMENTOS image found.
21-11-2023 12:55:19.202Z;functions.enter_contas_a_pagar;  CLICA EM LANÇAMENTOS
21-11-2023 12:55:21.203Z;functions.data_filter;  DATA INICIO 15-11-2023
21-11-2023 12:55:21.205Z;functions.data_filter;  DATA FIM 21-11-2023
21-11-2023 12:55:21.206Z;functions.data_filter;  CLICK - SELECIONA A DATA DE QUARTA FEIRA E DA PROXIMA TERÇA
21-11-2023 12:55:21.208Z;functions.data_filter;  QUARTA-FEIRA: 15-11-2023
21-11-2023 12:55:21.209Z;functions.data_filter;  TERCA-FEIRA: 21-11-2023
21-11-2023 12:55:30.600Z;functions.data_filter;  ESCREVE REMESSA PAGAMENTO PIX NO FILTRO
21-11-2023 12:55:31.416Z;functions.data_filter;  CLICK - BUTÃO DE SELECAO DE FILTRO
21-11-2023 12:55:34.726Z;functions.data_filter;  INSERE - DATA DE QUARTA-FEIRA: 15-11-2023
21-11-2023 12:55:37.002Z;functions.data_filter;  INSERE - DATA DA PROX TERCA-FEIRA: 21-11-2023
21-11-2023 12:55:37.919Z;functions.data_filter;  CLICK - BUTÃO DE EXECUTAR O FILTRO
21-11-2023 12:55:51.928Z;functions.waitForImage;  FILTER CLEAN image found.
21-11-2023 12:55:54.056Z;functions.filter_clean;  CLICA NO BOTÃO X DO LIMPA FILTRO
21-11-2023 12:55:57.824Z;functions.select_tipo_documento;  NOME DA COLUNA: Tipo de Documento
21-11-2023 12:55:59.593Z;functions.select_tipo_documento;  HOVER NOME DA COLUNA: Tipo de Documento
21-11-2023 12:55:59.729Z;functions.select_tipo_documento;  CLICA PARA APARECER O FILTRO PERSONALIZAR
21-11-2023 12:56:00.058Z;functions.select_tipo_documento;  CLICA NO FILTRO PERSONALIZAR
21-11-2023 12:56:02.097Z;functions.select_tipo_documento;  CLICA PARA SELECIONAR OPÇÕES DO FILTRO
21-11-2023 12:56:09.384Z;functions.select_tipo_documento;  CLICK BUTTON CONFIRMAR FILTRO
21-11-2023 12:56:09.386Z;functions.check_table_record;  VERIFICANDO SE A TABELA ESTÁ VAZIA
21-11-2023 12:56:22.336Z;functions.check_table_record;  ATENÇÃO: 

Este processo exige que seja selecionado ao menos um registro para sua execução.
Como não foi feita nenhuma seleção, você deseja executá-lo para TODOS os 2 registros?
21-11-2023 12:56:24.442Z;functions.check_table_record;  CLICK ENTER
21-11-2023 12:56:24.443Z;functions.check_table_record;  NUMERO DE TUPLAS: 2
21-11-2023 12:56:24.444Z;functions.check_table_record;  TABELA CONTÉM REGISTROS
21-11-2023 12:56:53.827Z;functions.show_exception_and_exit;  'NoneType' object has no attribute 'set_focus'
Traceback (most recent call last):
  File "c:\Projetos\Remessas_Pix\main.py", line 17, in <module>
    result = check_table_record()
             ^^^^^^^^^^^^^^^^^^^^
  File "c:\Projetos\Remessas_Pix\SUBPROGRAMS\functions.py", line 285, in check_table_record
    click_nao.set_focus()
    ^^^^^^^^^^^^^^^^^^^
AttributeError: 'NoneType' object has no attribute 'set_focus'
21-11-2023 12:56:55.886Z;errorhandler.__handle;  Property: Unknown Property name. [1:203: -ms-interpolation-mode]
21-11-2023 12:56:55.935Z;errorhandler.__handle;  Property: Unknown Property name. [1:353: -webkit-font-smoothing]
21-11-2023 12:56:55.951Z;errorhandler.__handle;  Property: Unknown Property name. [1:483: -ms-text-size-adjust]
21-11-2023 12:56:55.953Z;errorhandler.__handle;  Property: Unknown Property name. [1:518: -webkit-text-size-adjust]
21-11-2023 12:56:55.958Z;errorhandler.__handle;  Property: Unknown Property name. [1:612: mso-table-lspace]
21-11-2023 12:56:55.965Z;errorhandler.__handle;  Property: Unknown Property name. [1:642: mso-table-rspace]
21-11-2023 12:56:56.193Z;errorhandler.__handle;  Property: Unknown Property name. [1:4734: mso-hide]
21-11-2023 12:56:56.289Z;errorhandler.__handle;  Property: Unknown Property name. [1:13: -ms-interpolation-mode]
21-11-2023 12:56:56.294Z;errorhandler.__handle;  Property: Unknown Property name. [1:49: -webkit-font-smoothing]
21-11-2023 12:56:56.299Z;errorhandler.__handle;  Property: Unknown Property name. [1:134: -ms-text-size-adjust]
21-11-2023 12:56:56.302Z;errorhandler.__handle;  Property: Unknown Property name. [1:160: -webkit-text-size-adjust]
21-11-2023 12:56:56.312Z;errorhandler.__handle;  Property: Unknown Property name. [1:26: mso-table-lspace]
21-11-2023 12:56:56.316Z;errorhandler.__handle;  Property: Unknown Property name. [1:45: mso-table-rspace]
21-11-2023 12:56:56.428Z;errorhandler.__handle;  Property: Unknown Property name. [1:92: mso-hide]
21-11-2023 12:56:56.448Z;errorhandler.__handle;  Property: No ":" after name found: align-center [1:1: align-center]
21-11-2023 12:56:56.452Z;errorhandler.__handle;  Property: No property value found: align-center [1:1: align-center]
21-11-2023 12:56:56.455Z;errorhandler.__handle;  CSSStyleDeclaration: Syntax Error in Property: align-center
21-11-2023 12:56:56.459Z;errorhandler.__handle;  Property: Unknown Property name. [1:14: -ms-interpolation-mode]
