21-11-2023 13:05:10.461Z;functions.check_table_record;  VERIFICANDO SE A TABELA ESTÁ VAZIA
21-11-2023 13:05:25.026Z;functions.check_table_record;  ATENÇÃO: 

Este processo exige que seja selecionado ao menos um registro para sua execução.
Como não foi feita nenhuma seleção, você deseja executá-lo para TODOS os 2 registros?
21-11-2023 13:05:27.130Z;functions.check_table_record;  CLICK ENTER
21-11-2023 13:05:27.130Z;functions.check_table_record;  NUMERO DE TUPLAS: 2
21-11-2023 13:05:27.131Z;functions.check_table_record;  TABELA CONTÉM REGISTROS
21-11-2023 13:05:30.404Z;functions.check_table_record;  CLICK NÃO
21-11-2023 13:05:36.570Z;functions.process_lancamentos;  SELECIONA TODOS OS LANÇAMENTOS PARA SEREM PROCESSADOS
21-11-2023 13:05:41.616Z;functions.process_lancamentos;  CLICA PARA APARECER CONTA/CAIXA
21-11-2023 13:05:42.981Z;functions.process_lancamentos;  SELECIONA CONTA/CAIXA
21-11-2023 13:05:44.250Z;functions.process_lancamentos;  CLICA NO BOTÃO [...]
21-11-2023 13:05:46.478Z;functions.process_lancamentos;  CLICA NO CAMPO PESQUISA E DIGITA: %3212
21-11-2023 13:05:47.602Z;functions.process_lancamentos;  CLICA NO BOTÃO DO FILTRO
21-11-2023 13:05:48.887Z;functions.process_lancamentos;  CLICA NO BOTÃO OK
21-11-2023 13:05:49.974Z;functions.process_lancamentos;  CLICA NO BOTÃO EXECUTAR
21-11-2023 13:05:59.654Z;functions.waitForImage;  PRESS BUTTON OK image found.
21-11-2023 13:06:01.656Z;functions.process_lancamentos;  O PROCESSAMENTO FOI EXECUTADO COM SUCESSO.
21-11-2023 13:06:04.945Z;functions.process_lancamentos;  CLICK NO LOG.
21-11-2023 13:06:05.052Z;functions.process_lancamentos;  SELECIONA TODA A MSG DE LOG.
21-11-2023 13:06:05.156Z;functions.process_lancamentos;  COPIA A MSG DE LOG.
21-11-2023 13:06:05.159Z;functions.process_lancamentos;  LOG DE LANÇAMENTO REFERENCIA:
21-11-2023 13:06:05.161Z;functions.process_lancamentos;  Lançamento Ref. 857531: Convênio alterado para o convênio default '7' da conta Caixa '02675-5' .
Lançamento Ref. 863732: Convênio alterado para o convênio default '7' da conta Caixa '02675-5' .
Alteração Global de Lançamentos executada com sucesso

21-11-2023 13:06:06.063Z;functions.process_lancamentos;  CLICK EM FECHAR.
21-11-2023 13:06:16.523Z;functions.check_pix;  CHECK TODOS OS LANÇAMENTOS PIX
21-11-2023 13:06:21.627Z;functions.check_pix;  REF. LANÇAMENTO: 857531
21-11-2023 13:06:21.732Z;functions.check_pix;  APERTA CRONTROL ENTER PARA ENTRAR NO LANÇAMENTO
21-11-2023 13:06:31.825Z;functions.waitForImage;  INTEGRAÇÃO BANCÁRIA image found.
21-11-2023 13:06:33.942Z;functions.check_pix;  CLICK EM INTEGRAÇÃO BANCÁRIA
21-11-2023 13:06:46.298Z;functions.waitForImage;  PIX image not found.
21-11-2023 13:06:46.299Z;functions.check_pix;  DADOS BANCÁRIOS NÃO É PIX PARA O REGISTRO: 857531
21-11-2023 13:06:46.650Z;functions.waitForImage;  PRESS BUTTON OK image found.
21-11-2023 13:06:48.783Z;functions.check_pix;  APERTA OK
21-11-2023 13:06:50.785Z;functions.check_pix;  LANÇAMENTO COM ERRO SERÁ RETIRADO DO PROCESSAMENTO 857531
21-11-2023 13:06:52.938Z;errorhandler.__handle;  CSSStyleDeclaration: Unexpected token, ignoring upto '{        border: none;'. [1:174: {]
21-11-2023 13:06:52.941Z;errorhandler.__handle;  Property: Unknown Property name. [1:204: -ms-interpolation-mode]
21-11-2023 13:06:52.950Z;errorhandler.__handle;  CSSStyleDeclaration: Unexpected token, ignoring upto '}'. [1:267: }]
21-11-2023 13:06:52.954Z;errorhandler.__handle;  CSSStyleDeclaration: Unexpected token, ignoring upto '{        background-color: #f6f6f6;'. [1:281: {]
21-11-2023 13:06:52.973Z;errorhandler.__handle;  Property: Unknown Property name. [1:356: -webkit-font-smoothing]
21-11-2023 13:06:52.993Z;errorhandler.__handle;  Property: Unknown Property name. [1:486: -ms-text-size-adjust]
21-11-2023 13:06:52.996Z;errorhandler.__handle;  Property: Unknown Property name. [1:521: -webkit-text-size-adjust]
21-11-2023 13:06:53.001Z;errorhandler.__handle;  CSSStyleDeclaration: Unexpected token, ignoring upto '}'. [1:559: }]
21-11-2023 13:06:53.008Z;errorhandler.__handle;  CSSStyleDeclaration: Unexpected token, ignoring upto '{        border-collapse: separate;'. [1:574: {]
21-11-2023 13:06:53.013Z;errorhandler.__handle;  Property: Unknown Property name. [1:617: mso-table-lspace]
21-11-2023 13:06:53.016Z;errorhandler.__handle;  Property: Unknown Property name. [1:647: mso-table-rspace]
21-11-2023 13:06:53.022Z;errorhandler.__handle;  CSSStyleDeclaration: Unexpected token, ignoring upto '}'. [1:690: }]
21-11-2023 13:06:53.026Z;errorhandler.__handle;  CSSStyleDeclaration: Unexpected token, ignoring upto '{          font-family: sans-serif;'. [1:710: {]
21-11-2023 13:06:53.033Z;errorhandler.__handle;  CSSStyleDeclaration: Unexpected token, ignoring upto '}'. [1:808: }]
21-11-2023 13:06:53.037Z;errorhandler.__handle;  CSSStyleDeclaration: Unexpected token, ignoring upto '{        background-color: #f6f6f6;'. [1:941: {]
21-11-2023 13:06:53.041Z;errorhandler.__handle;  CSSStyleDeclaration: Unexpected token, ignoring upto '}'. [1:1003: }]
21-11-2023 13:06:53.045Z;errorhandler.__handle;  CSSStyleDeclaration: Unexpected token, ignoring upto '{        display: block;'. [1:1178: {]
21-11-2023 13:06:53.051Z;errorhandler.__handle;  CSSStyleDeclaration: Unexpected token, ignoring upto '}'. [1:1342: }]
21-11-2023 13:06:53.054Z;errorhandler.__handle;  CSSStyleDeclaration: Unexpected token, ignoring upto '{        box-sizing: border-box;'. [1:1452: {]
21-11-2023 13:06:53.063Z;errorhandler.__handle;  CSSStyleDeclaration: Unexpected token, ignoring upto '}'. [1:1584: }]
21-11-2023 13:06:53.067Z;errorhandler.__handle;  CSSStyleDeclaration: Unexpected token, ignoring upto '{        background: #ffffff;'. [1:1721: {]
21-11-2023 13:06:53.074Z;errorhandler.__handle;  CSSStyleDeclaration: Unexpected token, ignoring upto '}'. [1:1804: }]
21-11-2023 13:06:53.078Z;errorhandler.__handle;  CSSStyleDeclaration: Unexpected token, ignoring upto '{        box-sizing: border-box;'. [1:1822: {]
21-11-2023 13:06:53.083Z;errorhandler.__handle;  CSSStyleDeclaration: Unexpected token, ignoring upto '}'. [1:1883: }]
21-11-2023 13:06:53.087Z;errorhandler.__handle;  CSSStyleDeclaration: Unexpected token, ignoring upto '{        padding-bottom: 10px;'. [1:1907: {]
21-11-2023 13:06:53.093Z;errorhandler.__handle;  CSSStyleDeclaration: Unexpected token, ignoring upto '}'. [1:1969: }]
21-11-2023 13:06:53.097Z;errorhandler.__handle;  CSSStyleDeclaration: Unexpected token, ignoring upto '{        clear: both;'. [1:1986: {]
21-11-2023 13:06:53.103Z;errorhandler.__handle;  CSSStyleDeclaration: Unexpected token, ignoring upto '}'. [1:2086: }]
21-11-2023 13:06:53.108Z;errorhandler.__handle;  CSSStyleDeclaration: Unexpected token, ignoring upto '{          color: #999999;'. [1:2165: {]
21-11-2023 13:06:53.112Z;errorhandler.__handle;  CSSStyleDeclaration: Unexpected token, ignoring upto '}'. [1:2253: }]
21-11-2023 13:06:53.116Z;errorhandler.__handle;  CSSStyleDeclaration: Unexpected token, ignoring upto '{        color: #000000;'. [1:2404: {]
21-11-2023 13:06:53.121Z;errorhandler.__handle;  CSSStyleDeclaration: Unexpected token, ignoring upto '}'. [1:2563: }]
21-11-2023 13:06:53.127Z;errorhandler.__handle;  CSSStyleDeclaration: Unexpected token, ignoring upto '{        font-size: 35px;'. [1:2575: {]
21-11-2023 13:06:53.133Z;errorhandler.__handle;  CSSStyleDeclaration: Unexpected token, ignoring upto '}'. [1:2694: }]
21-11-2023 13:06:53.137Z;errorhandler.__handle;  CSSStyleDeclaration: Unexpected token, ignoring upto '{        font-family: sans-serif;'. [1:2723: {]
21-11-2023 13:06:53.144Z;errorhandler.__handle;  CSSStyleDeclaration: Unexpected token, ignoring upto '}'. [1:2861: }]
21-11-2023 13:06:53.151Z;errorhandler.__handle;  CSSStyleDeclaration: Unexpected token, ignoring upto '{          list-style-position: inside;'. [1:2905: {]
21-11-2023 13:06:53.158Z;errorhandler.__handle;  CSSStyleDeclaration: Unexpected token, ignoring upto '}'. [1:2978: }]
21-11-2023 13:06:53.161Z;errorhandler.__handle;  CSSStyleDeclaration: Unexpected token, ignoring upto '{        color: #3498db;'. [1:2989: {]
21-11-2023 13:06:53.167Z;errorhandler.__handle;  CSSStyleDeclaration: Unexpected token, ignoring upto '}'. [1:3055: }]
21-11-2023 13:06:53.172Z;errorhandler.__handle;  CSSStyleDeclaration: Unexpected token, ignoring upto '{        box-sizing: border-box;'. [1:3178: {]
21-11-2023 13:06:53.179Z;errorhandler.__handle;  CSSStyleDeclaration: Unexpected token, ignoring upto '}'. [1:3231: }]
21-11-2023 13:06:53.183Z;errorhandler.__handle;  CSSStyleDeclaration: Unexpected token, ignoring upto '{          padding-bottom: 15px;'. [1:3265: {]
21-11-2023 13:06:53.188Z;errorhandler.__handle;  CSSStyleDeclaration: Unexpected token, ignoring upto '}'. [1:3298: }]
21-11-2023 13:06:53.191Z;errorhandler.__handle;  CSSStyleDeclaration: Unexpected token, ignoring upto '{          width: auto;'. [1:3320: {]
21-11-2023 13:06:53.194Z;errorhandler.__handle;  CSSStyleDeclaration: Unexpected token, ignoring upto '}'. [1:3350: }]
21-11-2023 13:06:53.197Z;errorhandler.__handle;  CSSStyleDeclaration: Unexpected token, ignoring upto '{          background-color: #ffffff;'. [1:3375: {]
21-11-2023 13:06:53.203Z;errorhandler.__handle;  CSSStyleDeclaration: Unexpected token, ignoring upto '}'. [1:3477: }]
21-11-2023 13:06:53.242Z;errorhandler.__handle;  CSSStyleDeclaration: Unexpected token, ignoring upto '{          background-color: #ffffff;'. [1:3495: {]
21-11-2023 13:06:53.533Z;errorhandler.__handle;  CSSStyleDeclaration: Unexpected token, ignoring upto '}'. [1:3892: }]
21-11-2023 13:06:53.536Z;errorhandler.__handle;  CSSStyleDeclaration: Unexpected token, ignoring upto '{        background-color: #3498db;'. [1:3923: {]
21-11-2023 13:06:53.538Z;errorhandler.__handle;  CSSStyleDeclaration: Unexpected token, ignoring upto '}'. [1:3965: }]
21-11-2023 13:06:53.542Z;errorhandler.__handle;  CSSStyleDeclaration: Unexpected token, ignoring upto '{        background-color: #3498db;'. [1:3989: {]
21-11-2023 13:06:53.586Z;errorhandler.__handle;  CSSStyleDeclaration: Unexpected token, ignoring upto '}'. [1:4084: }]
21-11-2023 13:06:53.589Z;errorhandler.__handle;  CSSStyleDeclaration: Unexpected token, ignoring upto '{        margin-bottom: 0;'. [1:4234: {]
21-11-2023 13:06:53.591Z;errorhandler.__handle;  CSSStyleDeclaration: Unexpected token, ignoring upto '}'. [1:4267: }]
21-11-2023 13:06:53.594Z;errorhandler.__handle;  CSSStyleDeclaration: Unexpected token, ignoring upto '{        margin-top: 0;'. [1:4283: {]
21-11-2023 13:06:53.596Z;errorhandler.__handle;  CSSStyleDeclaration: Unexpected token, ignoring upto '}'. [1:4313: }]
21-11-2023 13:06:53.599Z;errorhandler.__handle;  CSSStyleDeclaration: Unexpected token, ignoring upto '{        text-align: center;'. [1:4336: {]
21-11-2023 13:06:53.601Z;errorhandler.__handle;  CSSStyleDeclaration: Unexpected token, ignoring upto '}'. [1:4371: }]
21-11-2023 13:06:53.604Z;errorhandler.__handle;  CSSStyleDeclaration: Unexpected token, ignoring upto '{        text-align: right;'. [1:4393: {]
21-11-2023 13:06:53.606Z;errorhandler.__handle;  CSSStyleDeclaration: Unexpected token, ignoring upto '}'. [1:4427: }]
21-11-2023 13:06:53.609Z;errorhandler.__handle;  CSSStyleDeclaration: Unexpected token, ignoring upto '{        text-align: left;'. [1:4448: {]
21-11-2023 13:06:53.616Z;errorhandler.__handle;  CSSStyleDeclaration: Unexpected token, ignoring upto '}'. [1:4481: }]
21-11-2023 13:06:53.620Z;errorhandler.__handle;  CSSStyleDeclaration: Unexpected token, ignoring upto '{        clear: both;'. [1:4497: {]
21-11-2023 13:06:53.622Z;errorhandler.__handle;  CSSStyleDeclaration: Unexpected token, ignoring upto '}'. [1:4525: }]
21-11-2023 13:06:53.624Z;errorhandler.__handle;  CSSStyleDeclaration: Unexpected token, ignoring upto '{        margin-top: 0;'. [1:4539: {]
21-11-2023 13:06:53.626Z;errorhandler.__handle;  CSSStyleDeclaration: Unexpected token, ignoring upto '}'. [1:4569: }]
21-11-2023 13:06:53.629Z;errorhandler.__handle;  CSSStyleDeclaration: Unexpected token, ignoring upto '{        margin-bottom: 0;'. [1:4583: {]
21-11-2023 13:06:53.632Z;errorhandler.__handle;  CSSStyleDeclaration: Unexpected token, ignoring upto '}'. [1:4616: }]
21-11-2023 13:06:53.635Z;errorhandler.__handle;  CSSStyleDeclaration: Unexpected token, ignoring upto '{        color: transparent;'. [1:4636: {]
21-11-2023 13:06:53.643Z;errorhandler.__handle;  Property: Unknown Property name. [1:4799: mso-hide]
21-11-2023 13:06:53.648Z;errorhandler.__handle;  CSSStyleDeclaration: Unexpected token, ignoring upto '}'. [1:4864: }]
21-11-2023 13:06:53.651Z;errorhandler.__handle;  CSSStyleDeclaration: Unexpected token, ignoring upto '{        text-decoration: none;'. [1:4887: {]
21-11-2023 13:06:53.655Z;errorhandler.__handle;  CSSStyleDeclaration: Unexpected token, ignoring upto '}'. [1:4925: }]
21-11-2023 13:06:53.659Z;errorhandler.__handle;  CSSStyleDeclaration: Unexpected token, ignoring upto '{        border: 0;'. [1:4937: {]
21-11-2023 13:06:53.663Z;errorhandler.__handle;  CSSStyleDeclaration: Unexpected token, ignoring upto '}'. [1:5027: }]
21-11-2023 13:06:53.673Z;errorhandler.__handle;  CSSStyleRule: No selector found: '{        table.body h1 {{          font-size: 28px !important;          margin-bottom: 10px !important;         }}        table.body p,        table.body ul,        table.body ol,        table.body td,        table.body span,        table.body a {{          font-size: 16px !important;         }}        table.body .wrapper,        table.body .article {{          padding: 10px !important;         }}        table.body .content {{          padding: 0 !important;         }}        table.body .container {{          padding: 0 !important;          width: 100% !important;         }}        table.body .main {{          border-left-width: 0 !important;          border-radius: 0 !important;          border-right-width: 0 !important;         }}        table.body .btn table {{          width: 100% !important;         }}        table.body .btn a {{          width: 100% !important;         }}        table.body .img-responsive {{          height: auto !important;          max-width: 100% !important;          width: auto !important;         }}      }'. [1:5217: {]
21-11-2023 13:06:53.687Z;errorhandler.__handle;  SelectorList: Unknown Syntax: ''
21-11-2023 13:06:53.689Z;errorhandler.__handle;  Property: No ":" after name found: table.body h1 {{          font-size: 28px !important;          margin-bottom: 10px !important;         }}        table.body p,        table.body ul,        table.body ol,        table.body td,        table.body span,        table.body a {{          font-size: 16px !important;         }}        table.body .wrapper,        table.body .article {{          padding: 10px !important;         }}        table.body .content {{          padding: 0 !important;         }}        table.body .container {{          padding: 0 !important;          width: 100% !important;         }}        table.body .main {{          border-left-width: 0 !important;          border-radius: 0 !important;          border-right-width: 0 !important;         }}        table.body .btn table {{          width: 100% !important;         }}        table.body .btn a {{          width: 100% !important;         }}        table.body .img-responsive {{          height: auto !important;          max-width: 100% !important;          width: auto !important;         }}       [1:6259:       ]
21-11-2023 13:06:53.701Z;errorhandler.__handle;  Property: No property value found: table.body h1 {{          font-size: 28px !important;          margin-bottom: 10px !important;         }}        table.body p,        table.body ul,        table.body ol,        table.body td,        table.body span,        table.body a {{          font-size: 16px !important;         }}        table.body .wrapper,        table.body .article {{          padding: 10px !important;         }}        table.body .content {{          padding: 0 !important;         }}        table.body .container {{          padding: 0 !important;          width: 100% !important;         }}        table.body .main {{          border-left-width: 0 !important;          border-radius: 0 !important;          border-right-width: 0 !important;         }}        table.body .btn table {{          width: 100% !important;         }}        table.body .btn a {{          width: 100% !important;         }}        table.body .img-responsive {{          height: auto !important;          max-width: 100% !important;          width: auto !important;         }}       [1:6259:       ]
21-11-2023 13:06:53.713Z;errorhandler.__handle;  CSSStyleDeclaration: Syntax Error in Property: table.body h1 {{          font-size: 28px !important;          margin-bottom: 10px !important;         }}        table.body p,        table.body ul,        table.body ol,        table.body td,        table.body span,        table.body a {{          font-size: 16px !important;         }}        table.body .wrapper,        table.body .article {{          padding: 10px !important;         }}        table.body .content {{          padding: 0 !important;         }}        table.body .container {{          padding: 0 !important;          width: 100% !important;         }}        table.body .main {{          border-left-width: 0 !important;          border-radius: 0 !important;          border-right-width: 0 !important;         }}        table.body .btn table {{          width: 100% !important;         }}        table.body .btn a {{          width: 100% !important;         }}        table.body .img-responsive {{          height: auto !important;          max-width: 100% !important;          width: auto !important;         }}      
21-11-2023 13:06:53.724Z;errorhandler.__handle;  CSSStyleRule: No selector found: '{        .ExternalClass {{          width: 100%;         }}        .ExternalClass,        .ExternalClass p,        .ExternalClass span,        .ExternalClass font,        .ExternalClass td,        .ExternalClass div {{          line-height: 100%;         }}        .apple-link a {{          color: inherit !important;          font-family: inherit !important;          font-size: inherit !important;          font-weight: inherit !important;          line-height: inherit !important;          text-decoration: none !important;         }}        #MessageViewBody a {{          color: inherit;          text-decoration: none;          font-size: inherit;          font-family: inherit;          font-weight: inherit;          line-height: inherit;        }}        .btn-primary table td:hover {{          background-color: #34495e !important;         }}        .btn-primary a:hover {{          background-color: #34495e !important;          border-color: #34495e !important;         }}       }'. [1:6420: {]
21-11-2023 13:06:53.733Z;errorhandler.__handle;  SelectorList: Unknown Syntax: ''
21-11-2023 13:06:53.735Z;errorhandler.__handle;  CSSStyleDeclaration: Unexpected token, ignoring upto '.ExternalClass {{          width: 100%;         }}        .ExternalClass,        .ExternalClass p,        .ExternalClass span,        .ExternalClass font,        .ExternalClass td,        .ExternalClass div {{          line-height: 100%;         }}        .apple-link a {{          color: inherit !important;          font-family: inherit !important;          font-size: inherit !important;          font-weight: inherit !important;          line-height: inherit !important;          text-decoration: none !important;         }}        #MessageViewBody a {{          color: inherit;          text-decoration: none;          font-size: inherit;          font-family: inherit;          font-weight: inherit;          line-height: inherit;        }}        .btn-primary table td:hover {{          background-color: #34495e !important;         }}        .btn-primary a:hover {{          background-color: #34495e !important;          border-color: #34495e !important;         }}       '. [1:6429: .]
21-11-2023 13:06:53.764Z;errorhandler.__handle;  Property: Unknown Property name. [1:1: -ms-interpolation-mode]
21-11-2023 13:06:53.768Z;errorhandler.__handle;  Property: Unknown Property name. [1:24: -webkit-font-smoothing]
21-11-2023 13:06:53.771Z;errorhandler.__handle;  Property: Unknown Property name. [1:109: -ms-text-size-adjust]
21-11-2023 13:06:53.776Z;errorhandler.__handle;  Property: Unknown Property name. [1:135: -webkit-text-size-adjust]
21-11-2023 13:06:53.779Z;errorhandler.__handle;  Property: Unknown Property name. [1:1: mso-table-lspace]
21-11-2023 13:06:53.781Z;errorhandler.__handle;  Property: Unknown Property name. [1:20: mso-table-rspace]
21-11-2023 13:06:53.800Z;errorhandler.__handle;  Property: Unknown Property name. [1:74: mso-hide]
21-11-2023 13:06:53.808Z;errorhandler.__handle;  Property: No ":" after name found: align-center [1:1: align-center]
21-11-2023 13:06:53.811Z;errorhandler.__handle;  Property: No property value found: align-center [1:1: align-center]
21-11-2023 13:06:53.812Z;errorhandler.__handle;  CSSStyleDeclaration: Syntax Error in Property: align-center
21-11-2023 13:06:53.815Z;errorhandler.__handle;  Property: Unknown Property name. [1:1: -ms-interpolation-mode]
21-11-2023 13:06:55.682Z;functions.emailErro;  Success e-mail sent.
21-11-2023 13:06:55.683Z;functions.check_pix;  DESMARCA REGISTRO
21-11-2023 13:07:08.112Z;functions.waitForImage;  PRESS BUTTON OK image not found.
21-11-2023 13:07:18.504Z;functions.waitForImage;  PRESS BUTTON OK 2 image not found.
21-11-2023 13:07:18.607Z;functions.check_pix;  APERTA PARA BAIXO PARA VERIFICAR O PRÓXIMO REGISTRO
21-11-2023 13:07:25.712Z;functions.check_pix;  REF. LANÇAMENTO: 863732
21-11-2023 13:07:25.816Z;functions.check_pix;  APERTA CRONTROL ENTER PARA ENTRAR NO LANÇAMENTO
21-11-2023 13:07:32.605Z;functions.waitForImage;  INTEGRAÇÃO BANCÁRIA image found.
21-11-2023 13:07:34.723Z;functions.check_pix;  CLICK EM INTEGRAÇÃO BANCÁRIA
21-11-2023 13:07:36.908Z;functions.waitForImage;  PIX image found.
21-11-2023 13:07:39.030Z;functions.check_pix;  CLICK EM PIX
21-11-2023 13:07:39.032Z;functions.check_pix;  VERIFICANDO INFORMAÇÕES
21-11-2023 13:07:41.293Z;functions.waitForImage;  FORMA DE PAGAMENTO image found.
21-11-2023 13:07:43.295Z;functions.check_pix;  FORMA DE PAGAMENTO TRANSFERÊNCIA PIX
21-11-2023 13:07:43.296Z;functions.check_data_pix;  CHECANDO DADOS CHAVE PIX
21-11-2023 13:07:43.498Z;functions.waitForImage;  TIPO DE CHAVE PIX image found.
21-11-2023 13:07:45.501Z;functions.check_data_pix;  TIPO DE CHAVE PIX NÃO PREENCHIDA
21-11-2023 13:07:45.501Z;functions.check_data_pix;  CHECANDO A CHAVE PIX
21-11-2023 13:07:45.686Z;functions.waitForImage;  CHAVE PIX image found.
21-11-2023 13:07:47.688Z;functions.check_data_pix;  CHAVE NÃO PIX PREENCHIDA
21-11-2023 13:07:47.689Z;functions.check_data;  CHECANDO DADOS BANCÁRIOS
21-11-2023 13:07:47.690Z;functions.check_data_bank;  CHECANDO DADOS BANCÁRIOS
21-11-2023 13:07:52.754Z;functions.waitForImage;  BANCO image not found.
21-11-2023 13:07:52.757Z;functions.check_data_bank;  CAMPO BANCO PREENCHIDO
21-11-2023 13:07:52.758Z;functions.check_data_bank;  CHECANDO AGENCIA
21-11-2023 13:07:58.344Z;functions.waitForImage;  AGENCIA image not found.
21-11-2023 13:07:58.345Z;functions.check_data_bank;  CAMPO AGENCIA PREENCHIDO
21-11-2023 13:07:58.347Z;functions.check_data_bank;  CHECANDO DIGITO
21-11-2023 13:07:58.510Z;functions.waitForImage;  DIGITO AGENCIA image found.
21-11-2023 13:08:00.514Z;functions.check_data_bank;  CAMPO DIGITO NÃO PREENCHIDO
21-11-2023 13:08:00.515Z;functions.check_data_bank;  CHECANDO CONTA CORRENTE
21-11-2023 13:08:05.518Z;functions.waitForImage;  CONTA CORRENTE image not found.
21-11-2023 13:08:05.520Z;functions.check_data_bank;  CAMPO CONTA CORRENTE PREENCHIDO
21-11-2023 13:08:05.521Z;functions.check_data_bank;  RETORNA FALSE
21-11-2023 13:08:05.521Z;functions.check_data;  check_data RETORNA FALSE
21-11-2023 13:08:05.705Z;functions.waitForImage;  PRESS BUTTON OK image found.
21-11-2023 13:08:07.846Z;functions.check_pix;  PRESS BUTTON OK
21-11-2023 13:08:10.070Z;functions.waitForImage;  PRESS BUTTON OK 2 image found.
21-11-2023 13:08:12.185Z;functions.check_pix;  PRESS BUTTON OK 2
21-11-2023 13:08:17.188Z;functions.check_pix;  LANÇAMENTO COM ERRO SERÁ RETIRADO DO PROCESSAMENTO 863732
21-11-2023 13:08:18.250Z;errorhandler.__handle;  Property: Unknown Property name. [1:1: -ms-interpolation-mode]
21-11-2023 13:08:20.204Z;functions.emailErro;  Success e-mail sent.
21-11-2023 13:08:20.205Z;functions.check_pix;  DESMARCA REGISTRO
21-11-2023 13:08:32.697Z;functions.waitForImage;  PRESS BUTTON OK image not found.
21-11-2023 13:08:43.112Z;functions.waitForImage;  PRESS BUTTON OK 2 image not found.
21-11-2023 13:08:43.216Z;functions.check_pix;  APERTA PARA BAIXO PARA VERIFICAR O PRÓXIMO REGISTRO
