21-11-2023 13:13:37.160Z;functions.check_table_record;  VERIFICANDO SE A TABELA ESTÁ VAZIA
21-11-2023 13:13:51.681Z;functions.check_table_record;  ATENÇÃO: 

Este processo exige que seja selecionado ao menos um registro para sua execução.
Como não foi feita nenhuma seleção, você deseja executá-lo para TODOS os 2 registros?
21-11-2023 13:13:53.787Z;functions.check_table_record;  CLICK ENTER
21-11-2023 13:13:53.788Z;functions.check_table_record;  NUMERO DE TUPLAS: 2
21-11-2023 13:13:53.789Z;functions.check_table_record;  TABELA CONTÉM REGISTROS
21-11-2023 13:13:57.029Z;functions.check_table_record;  CLICK NÃO
21-11-2023 13:14:03.196Z;functions.process_lancamentos;  SELECIONA TODOS OS LANÇAMENTOS PARA SEREM PROCESSADOS
21-11-2023 13:14:08.216Z;functions.process_lancamentos;  CLICA PARA APARECER CONTA/CAIXA
21-11-2023 13:14:09.587Z;functions.process_lancamentos;  SELECIONA CONTA/CAIXA
21-11-2023 13:14:10.843Z;functions.process_lancamentos;  CLICA NO BOTÃO [...]
21-11-2023 13:14:12.946Z;functions.process_lancamentos;  CLICA NO CAMPO PESQUISA E DIGITA: %3212
21-11-2023 13:14:14.105Z;functions.process_lancamentos;  CLICA NO BOTÃO DO FILTRO
21-11-2023 13:14:15.375Z;functions.process_lancamentos;  CLICA NO BOTÃO OK
21-11-2023 13:14:16.470Z;functions.process_lancamentos;  CLICA NO BOTÃO EXECUTAR
21-11-2023 13:14:29.531Z;functions.waitForImage;  PRESS BUTTON OK image found.
21-11-2023 13:14:31.532Z;functions.process_lancamentos;  O PROCESSAMENTO FOI EXECUTADO COM SUCESSO.
21-11-2023 13:14:34.818Z;functions.process_lancamentos;  CLICK NO LOG.
21-11-2023 13:14:34.925Z;functions.process_lancamentos;  SELECIONA TODA A MSG DE LOG.
21-11-2023 13:14:35.029Z;functions.process_lancamentos;  COPIA A MSG DE LOG.
21-11-2023 13:14:35.031Z;functions.process_lancamentos;  LOG DE LANÇAMENTO REFERENCIA:
21-11-2023 13:14:35.033Z;functions.process_lancamentos;  Lançamento Ref. 857531: Convênio alterado para o convênio default '7' da conta Caixa '02675-5' .
Lançamento Ref. 863732: Convênio alterado para o convênio default '7' da conta Caixa '02675-5' .
Alteração Global de Lançamentos executada com sucesso

21-11-2023 13:14:35.954Z;functions.process_lancamentos;  CLICK EM FECHAR.
21-11-2023 13:14:45.872Z;functions.check_pix;  CHECK TODOS OS LANÇAMENTOS PIX
21-11-2023 13:14:50.978Z;functions.check_pix;  REF. LANÇAMENTO: 857531
21-11-2023 13:14:51.082Z;functions.check_pix;  APERTA CRONTROL ENTER PARA ENTRAR NO LANÇAMENTO
21-11-2023 13:14:58.121Z;functions.waitForImage;  INTEGRAÇÃO BANCÁRIA image found.
21-11-2023 13:15:00.251Z;functions.check_pix;  CLICK EM INTEGRAÇÃO BANCÁRIA
21-11-2023 13:15:12.556Z;functions.waitForImage;  PIX image not found.
21-11-2023 13:15:12.557Z;functions.check_pix;  DADOS BANCÁRIOS NÃO É PIX PARA O REGISTRO: 857531
21-11-2023 13:15:12.758Z;functions.waitForImage;  PRESS BUTTON OK image found.
21-11-2023 13:15:14.889Z;functions.check_pix;  APERTA OK
21-11-2023 13:15:16.891Z;functions.check_pix;  LANÇAMENTO COM ERRO SERÁ RETIRADO DO PROCESSAMENTO 857531
21-11-2023 13:15:19.110Z;errorhandler.__handle;  CSSStyleDeclaration: Unexpected token, ignoring upto '{        border: none;'. [1:174: {]
21-11-2023 13:15:19.113Z;errorhandler.__handle;  Property: Unknown Property name. [1:204: -ms-interpolation-mode]
21-11-2023 13:15:19.118Z;errorhandler.__handle;  CSSStyleDeclaration: Unexpected token, ignoring upto '}'. [1:267: }]
21-11-2023 13:15:19.123Z;errorhandler.__handle;  CSSStyleDeclaration: Unexpected token, ignoring upto '{        background-color: #f6f6f6;'. [1:281: {]
21-11-2023 13:15:19.141Z;errorhandler.__handle;  Property: Unknown Property name. [1:356: -webkit-font-smoothing]
21-11-2023 13:15:19.158Z;errorhandler.__handle;  Property: Unknown Property name. [1:486: -ms-text-size-adjust]
21-11-2023 13:15:19.162Z;errorhandler.__handle;  Property: Unknown Property name. [1:521: -webkit-text-size-adjust]
21-11-2023 13:15:19.166Z;errorhandler.__handle;  CSSStyleDeclaration: Unexpected token, ignoring upto '}'. [1:559: }]
21-11-2023 13:15:19.169Z;errorhandler.__handle;  CSSStyleDeclaration: Unexpected token, ignoring upto '{        border-collapse: separate;'. [1:574: {]
21-11-2023 13:15:19.174Z;errorhandler.__handle;  Property: Unknown Property name. [1:617: mso-table-lspace]
21-11-2023 13:15:19.177Z;errorhandler.__handle;  Property: Unknown Property name. [1:647: mso-table-rspace]
21-11-2023 13:15:19.183Z;errorhandler.__handle;  CSSStyleDeclaration: Unexpected token, ignoring upto '}'. [1:690: }]
21-11-2023 13:15:19.189Z;errorhandler.__handle;  CSSStyleDeclaration: Unexpected token, ignoring upto '{          font-family: sans-serif;'. [1:710: {]
21-11-2023 13:15:19.197Z;errorhandler.__handle;  CSSStyleDeclaration: Unexpected token, ignoring upto '}'. [1:808: }]
21-11-2023 13:15:19.202Z;errorhandler.__handle;  CSSStyleDeclaration: Unexpected token, ignoring upto '{        background-color: #f6f6f6;'. [1:941: {]
21-11-2023 13:15:19.207Z;errorhandler.__handle;  CSSStyleDeclaration: Unexpected token, ignoring upto '}'. [1:1003: }]
21-11-2023 13:15:19.212Z;errorhandler.__handle;  CSSStyleDeclaration: Unexpected token, ignoring upto '{        display: block;'. [1:1178: {]
21-11-2023 13:15:19.217Z;errorhandler.__handle;  CSSStyleDeclaration: Unexpected token, ignoring upto '}'. [1:1342: }]
21-11-2023 13:15:19.222Z;errorhandler.__handle;  CSSStyleDeclaration: Unexpected token, ignoring upto '{        box-sizing: border-box;'. [1:1452: {]
21-11-2023 13:15:19.229Z;errorhandler.__handle;  CSSStyleDeclaration: Unexpected token, ignoring upto '}'. [1:1584: }]
21-11-2023 13:15:19.233Z;errorhandler.__handle;  CSSStyleDeclaration: Unexpected token, ignoring upto '{        background: #ffffff;'. [1:1721: {]
21-11-2023 13:15:19.240Z;errorhandler.__handle;  CSSStyleDeclaration: Unexpected token, ignoring upto '}'. [1:1804: }]
21-11-2023 13:15:19.243Z;errorhandler.__handle;  CSSStyleDeclaration: Unexpected token, ignoring upto '{        box-sizing: border-box;'. [1:1822: {]
21-11-2023 13:15:19.251Z;errorhandler.__handle;  CSSStyleDeclaration: Unexpected token, ignoring upto '}'. [1:1883: }]
21-11-2023 13:15:19.255Z;errorhandler.__handle;  CSSStyleDeclaration: Unexpected token, ignoring upto '{        padding-bottom: 10px;'. [1:1907: {]
21-11-2023 13:15:19.261Z;errorhandler.__handle;  CSSStyleDeclaration: Unexpected token, ignoring upto '}'. [1:1969: }]
21-11-2023 13:15:19.265Z;errorhandler.__handle;  CSSStyleDeclaration: Unexpected token, ignoring upto '{        clear: both;'. [1:1986: {]
21-11-2023 13:15:19.273Z;errorhandler.__handle;  CSSStyleDeclaration: Unexpected token, ignoring upto '}'. [1:2086: }]
21-11-2023 13:15:19.278Z;errorhandler.__handle;  CSSStyleDeclaration: Unexpected token, ignoring upto '{          color: #999999;'. [1:2165: {]
21-11-2023 13:15:19.282Z;errorhandler.__handle;  CSSStyleDeclaration: Unexpected token, ignoring upto '}'. [1:2253: }]
21-11-2023 13:15:19.286Z;errorhandler.__handle;  CSSStyleDeclaration: Unexpected token, ignoring upto '{        color: #000000;'. [1:2404: {]
21-11-2023 13:15:19.292Z;errorhandler.__handle;  CSSStyleDeclaration: Unexpected token, ignoring upto '}'. [1:2563: }]
21-11-2023 13:15:19.295Z;errorhandler.__handle;  CSSStyleDeclaration: Unexpected token, ignoring upto '{        font-size: 35px;'. [1:2575: {]
21-11-2023 13:15:19.372Z;errorhandler.__handle;  CSSStyleDeclaration: Unexpected token, ignoring upto '}'. [1:2694: }]
21-11-2023 13:15:19.412Z;errorhandler.__handle;  CSSStyleDeclaration: Unexpected token, ignoring upto '{        font-family: sans-serif;'. [1:2723: {]
21-11-2023 13:15:19.437Z;errorhandler.__handle;  CSSStyleDeclaration: Unexpected token, ignoring upto '}'. [1:2861: }]
21-11-2023 13:15:19.486Z;errorhandler.__handle;  CSSStyleDeclaration: Unexpected token, ignoring upto '{          list-style-position: inside;'. [1:2905: {]
21-11-2023 13:15:19.499Z;errorhandler.__handle;  CSSStyleDeclaration: Unexpected token, ignoring upto '}'. [1:2978: }]
21-11-2023 13:15:19.512Z;errorhandler.__handle;  CSSStyleDeclaration: Unexpected token, ignoring upto '{        color: #3498db;'. [1:2989: {]
21-11-2023 13:15:19.543Z;errorhandler.__handle;  CSSStyleDeclaration: Unexpected token, ignoring upto '}'. [1:3055: }]
21-11-2023 13:15:19.547Z;errorhandler.__handle;  CSSStyleDeclaration: Unexpected token, ignoring upto '{        box-sizing: border-box;'. [1:3178: {]
21-11-2023 13:15:19.551Z;errorhandler.__handle;  CSSStyleDeclaration: Unexpected token, ignoring upto '}'. [1:3231: }]
21-11-2023 13:15:19.555Z;errorhandler.__handle;  CSSStyleDeclaration: Unexpected token, ignoring upto '{          padding-bottom: 15px;'. [1:3265: {]
21-11-2023 13:15:19.559Z;errorhandler.__handle;  CSSStyleDeclaration: Unexpected token, ignoring upto '}'. [1:3298: }]
21-11-2023 13:15:19.562Z;errorhandler.__handle;  CSSStyleDeclaration: Unexpected token, ignoring upto '{          width: auto;'. [1:3320: {]
21-11-2023 13:15:19.565Z;errorhandler.__handle;  CSSStyleDeclaration: Unexpected token, ignoring upto '}'. [1:3350: }]
21-11-2023 13:15:19.571Z;errorhandler.__handle;  CSSStyleDeclaration: Unexpected token, ignoring upto '{          background-color: #ffffff;'. [1:3375: {]
21-11-2023 13:15:19.577Z;errorhandler.__handle;  CSSStyleDeclaration: Unexpected token, ignoring upto '}'. [1:3477: }]
21-11-2023 13:15:19.581Z;errorhandler.__handle;  CSSStyleDeclaration: Unexpected token, ignoring upto '{          background-color: #ffffff;'. [1:3495: {]
21-11-2023 13:15:19.762Z;errorhandler.__handle;  CSSStyleDeclaration: Unexpected token, ignoring upto '}'. [1:3892: }]
21-11-2023 13:15:19.765Z;errorhandler.__handle;  CSSStyleDeclaration: Unexpected token, ignoring upto '{        background-color: #3498db;'. [1:3923: {]
21-11-2023 13:15:19.767Z;errorhandler.__handle;  CSSStyleDeclaration: Unexpected token, ignoring upto '}'. [1:3965: }]
21-11-2023 13:15:19.770Z;errorhandler.__handle;  CSSStyleDeclaration: Unexpected token, ignoring upto '{        background-color: #3498db;'. [1:3989: {]
21-11-2023 13:15:19.810Z;errorhandler.__handle;  CSSStyleDeclaration: Unexpected token, ignoring upto '}'. [1:4084: }]
21-11-2023 13:15:19.812Z;errorhandler.__handle;  CSSStyleDeclaration: Unexpected token, ignoring upto '{        margin-bottom: 0;'. [1:4234: {]
21-11-2023 13:15:19.814Z;errorhandler.__handle;  CSSStyleDeclaration: Unexpected token, ignoring upto '}'. [1:4267: }]
21-11-2023 13:15:19.816Z;errorhandler.__handle;  CSSStyleDeclaration: Unexpected token, ignoring upto '{        margin-top: 0;'. [1:4283: {]
21-11-2023 13:15:19.817Z;errorhandler.__handle;  CSSStyleDeclaration: Unexpected token, ignoring upto '}'. [1:4313: }]
21-11-2023 13:15:19.819Z;errorhandler.__handle;  CSSStyleDeclaration: Unexpected token, ignoring upto '{        text-align: center;'. [1:4336: {]
21-11-2023 13:15:19.822Z;errorhandler.__handle;  CSSStyleDeclaration: Unexpected token, ignoring upto '}'. [1:4371: }]
21-11-2023 13:15:19.825Z;errorhandler.__handle;  CSSStyleDeclaration: Unexpected token, ignoring upto '{        text-align: right;'. [1:4393: {]
21-11-2023 13:15:19.828Z;errorhandler.__handle;  CSSStyleDeclaration: Unexpected token, ignoring upto '}'. [1:4427: }]
21-11-2023 13:15:19.829Z;errorhandler.__handle;  CSSStyleDeclaration: Unexpected token, ignoring upto '{        text-align: left;'. [1:4448: {]
21-11-2023 13:15:19.832Z;errorhandler.__handle;  CSSStyleDeclaration: Unexpected token, ignoring upto '}'. [1:4481: }]
21-11-2023 13:15:19.833Z;errorhandler.__handle;  CSSStyleDeclaration: Unexpected token, ignoring upto '{        clear: both;'. [1:4497: {]
21-11-2023 13:15:19.835Z;errorhandler.__handle;  CSSStyleDeclaration: Unexpected token, ignoring upto '}'. [1:4525: }]
21-11-2023 13:15:19.838Z;errorhandler.__handle;  CSSStyleDeclaration: Unexpected token, ignoring upto '{        margin-top: 0;'. [1:4539: {]
21-11-2023 13:15:19.840Z;errorhandler.__handle;  CSSStyleDeclaration: Unexpected token, ignoring upto '}'. [1:4569: }]
21-11-2023 13:15:19.841Z;errorhandler.__handle;  CSSStyleDeclaration: Unexpected token, ignoring upto '{        margin-bottom: 0;'. [1:4583: {]
21-11-2023 13:15:19.843Z;errorhandler.__handle;  CSSStyleDeclaration: Unexpected token, ignoring upto '}'. [1:4616: }]
21-11-2023 13:15:19.846Z;errorhandler.__handle;  CSSStyleDeclaration: Unexpected token, ignoring upto '{        color: transparent;'. [1:4636: {]
21-11-2023 13:15:19.860Z;errorhandler.__handle;  Property: Unknown Property name. [1:4799: mso-hide]
21-11-2023 13:15:19.863Z;errorhandler.__handle;  CSSStyleDeclaration: Unexpected token, ignoring upto '}'. [1:4864: }]
21-11-2023 13:15:19.865Z;errorhandler.__handle;  CSSStyleDeclaration: Unexpected token, ignoring upto '{        text-decoration: none;'. [1:4887: {]
21-11-2023 13:15:19.867Z;errorhandler.__handle;  CSSStyleDeclaration: Unexpected token, ignoring upto '}'. [1:4925: }]
21-11-2023 13:15:19.870Z;errorhandler.__handle;  CSSStyleDeclaration: Unexpected token, ignoring upto '{        border: 0;'. [1:4937: {]
21-11-2023 13:15:19.873Z;errorhandler.__handle;  CSSStyleDeclaration: Unexpected token, ignoring upto '}'. [1:5027: }]
21-11-2023 13:15:19.880Z;errorhandler.__handle;  CSSStyleRule: No selector found: '{        table.body h1 {{          font-size: 28px !important;          margin-bottom: 10px !important;         }}        table.body p,        table.body ul,        table.body ol,        table.body td,        table.body span,        table.body a {{          font-size: 16px !important;         }}        table.body .wrapper,        table.body .article {{          padding: 10px !important;         }}        table.body .content {{          padding: 0 !important;         }}        table.body .container {{          padding: 0 !important;          width: 100% !important;         }}        table.body .main {{          border-left-width: 0 !important;          border-radius: 0 !important;          border-right-width: 0 !important;         }}        table.body .btn table {{          width: 100% !important;         }}        table.body .btn a {{          width: 100% !important;         }}        table.body .img-responsive {{          height: auto !important;          max-width: 100% !important;          width: auto !important;         }}      }'. [1:5217: {]
21-11-2023 13:15:19.892Z;errorhandler.__handle;  SelectorList: Unknown Syntax: ''
21-11-2023 13:15:19.893Z;errorhandler.__handle;  Property: No ":" after name found: table.body h1 {{          font-size: 28px !important;          margin-bottom: 10px !important;         }}        table.body p,        table.body ul,        table.body ol,        table.body td,        table.body span,        table.body a {{          font-size: 16px !important;         }}        table.body .wrapper,        table.body .article {{          padding: 10px !important;         }}        table.body .content {{          padding: 0 !important;         }}        table.body .container {{          padding: 0 !important;          width: 100% !important;         }}        table.body .main {{          border-left-width: 0 !important;          border-radius: 0 !important;          border-right-width: 0 !important;         }}        table.body .btn table {{          width: 100% !important;         }}        table.body .btn a {{          width: 100% !important;         }}        table.body .img-responsive {{          height: auto !important;          max-width: 100% !important;          width: auto !important;         }}       [1:6259:       ]
21-11-2023 13:15:19.900Z;errorhandler.__handle;  Property: No property value found: table.body h1 {{          font-size: 28px !important;          margin-bottom: 10px !important;         }}        table.body p,        table.body ul,        table.body ol,        table.body td,        table.body span,        table.body a {{          font-size: 16px !important;         }}        table.body .wrapper,        table.body .article {{          padding: 10px !important;         }}        table.body .content {{          padding: 0 !important;         }}        table.body .container {{          padding: 0 !important;          width: 100% !important;         }}        table.body .main {{          border-left-width: 0 !important;          border-radius: 0 !important;          border-right-width: 0 !important;         }}        table.body .btn table {{          width: 100% !important;         }}        table.body .btn a {{          width: 100% !important;         }}        table.body .img-responsive {{          height: auto !important;          max-width: 100% !important;          width: auto !important;         }}       [1:6259:       ]
21-11-2023 13:15:19.910Z;errorhandler.__handle;  CSSStyleDeclaration: Syntax Error in Property: table.body h1 {{          font-size: 28px !important;          margin-bottom: 10px !important;         }}        table.body p,        table.body ul,        table.body ol,        table.body td,        table.body span,        table.body a {{          font-size: 16px !important;         }}        table.body .wrapper,        table.body .article {{          padding: 10px !important;         }}        table.body .content {{          padding: 0 !important;         }}        table.body .container {{          padding: 0 !important;          width: 100% !important;         }}        table.body .main {{          border-left-width: 0 !important;          border-radius: 0 !important;          border-right-width: 0 !important;         }}        table.body .btn table {{          width: 100% !important;         }}        table.body .btn a {{          width: 100% !important;         }}        table.body .img-responsive {{          height: auto !important;          max-width: 100% !important;          width: auto !important;         }}      
21-11-2023 13:15:19.923Z;errorhandler.__handle;  CSSStyleRule: No selector found: '{        .ExternalClass {{          width: 100%;         }}        .ExternalClass,        .ExternalClass p,        .ExternalClass span,        .ExternalClass font,        .ExternalClass td,        .ExternalClass div {{          line-height: 100%;         }}        .apple-link a {{          color: inherit !important;          font-family: inherit !important;          font-size: inherit !important;          font-weight: inherit !important;          line-height: inherit !important;          text-decoration: none !important;         }}        #MessageViewBody a {{          color: inherit;          text-decoration: none;          font-size: inherit;          font-family: inherit;          font-weight: inherit;          line-height: inherit;        }}        .btn-primary table td:hover {{          background-color: #34495e !important;         }}        .btn-primary a:hover {{          background-color: #34495e !important;          border-color: #34495e !important;         }}       }'. [1:6420: {]
21-11-2023 13:15:19.932Z;errorhandler.__handle;  SelectorList: Unknown Syntax: ''
21-11-2023 13:15:19.934Z;errorhandler.__handle;  CSSStyleDeclaration: Unexpected token, ignoring upto '.ExternalClass {{          width: 100%;         }}        .ExternalClass,        .ExternalClass p,        .ExternalClass span,        .ExternalClass font,        .ExternalClass td,        .ExternalClass div {{          line-height: 100%;         }}        .apple-link a {{          color: inherit !important;          font-family: inherit !important;          font-size: inherit !important;          font-weight: inherit !important;          line-height: inherit !important;          text-decoration: none !important;         }}        #MessageViewBody a {{          color: inherit;          text-decoration: none;          font-size: inherit;          font-family: inherit;          font-weight: inherit;          line-height: inherit;        }}        .btn-primary table td:hover {{          background-color: #34495e !important;         }}        .btn-primary a:hover {{          background-color: #34495e !important;          border-color: #34495e !important;         }}       '. [1:6429: .]
21-11-2023 13:15:19.954Z;errorhandler.__handle;  Property: Unknown Property name. [1:1: -ms-interpolation-mode]
21-11-2023 13:15:19.957Z;errorhandler.__handle;  Property: Unknown Property name. [1:24: -webkit-font-smoothing]
21-11-2023 13:15:19.962Z;errorhandler.__handle;  Property: Unknown Property name. [1:109: -ms-text-size-adjust]
21-11-2023 13:15:19.966Z;errorhandler.__handle;  Property: Unknown Property name. [1:135: -webkit-text-size-adjust]
21-11-2023 13:15:19.970Z;errorhandler.__handle;  Property: Unknown Property name. [1:1: mso-table-lspace]
21-11-2023 13:15:19.972Z;errorhandler.__handle;  Property: Unknown Property name. [1:20: mso-table-rspace]
21-11-2023 13:15:19.991Z;errorhandler.__handle;  Property: Unknown Property name. [1:74: mso-hide]
21-11-2023 13:15:20.000Z;errorhandler.__handle;  Property: No ":" after name found: align-center [1:1: align-center]
21-11-2023 13:15:20.003Z;errorhandler.__handle;  Property: No property value found: align-center [1:1: align-center]
21-11-2023 13:15:20.005Z;errorhandler.__handle;  CSSStyleDeclaration: Syntax Error in Property: align-center
21-11-2023 13:15:20.008Z;errorhandler.__handle;  Property: Unknown Property name. [1:1: -ms-interpolation-mode]
21-11-2023 13:15:21.925Z;functions.emailErro;  Success e-mail sent.
21-11-2023 13:15:21.927Z;functions.check_pix;  DESMARCA REGISTRO
21-11-2023 13:15:34.443Z;functions.waitForImage;  PRESS BUTTON OK image not found.
21-11-2023 13:15:44.916Z;functions.waitForImage;  PRESS BUTTON OK 2 image not found.
21-11-2023 13:15:45.020Z;functions.check_pix;  APERTA PARA BAIXO PARA VERIFICAR O PRÓXIMO REGISTRO
21-11-2023 13:15:52.125Z;functions.check_pix;  REF. LANÇAMENTO: 863732
21-11-2023 13:15:52.229Z;functions.check_pix;  APERTA CRONTROL ENTER PARA ENTRAR NO LANÇAMENTO
21-11-2023 13:15:59.074Z;functions.waitForImage;  INTEGRAÇÃO BANCÁRIA image found.
21-11-2023 13:16:01.194Z;functions.check_pix;  CLICK EM INTEGRAÇÃO BANCÁRIA
21-11-2023 13:16:03.381Z;functions.waitForImage;  PIX image found.
21-11-2023 13:16:05.512Z;functions.check_pix;  CLICK EM PIX
21-11-2023 13:16:05.513Z;functions.check_pix;  VERIFICANDO INFORMAÇÕES
21-11-2023 13:16:07.859Z;functions.waitForImage;  FORMA DE PAGAMENTO image found.
21-11-2023 13:16:09.862Z;functions.check_pix;  FORMA DE PAGAMENTO TRANSFERÊNCIA PIX
21-11-2023 13:16:09.863Z;functions.check_data_pix;  CHECANDO DADOS CHAVE PIX
21-11-2023 13:16:10.123Z;functions.waitForImage;  TIPO DE CHAVE PIX image found.
21-11-2023 13:16:12.138Z;functions.check_data_pix;  TIPO DE CHAVE PIX NÃO PREENCHIDA
21-11-2023 13:16:12.139Z;functions.check_data_pix;  CHECANDO A CHAVE PIX
21-11-2023 13:16:12.341Z;functions.waitForImage;  CHAVE PIX image found.
21-11-2023 13:16:14.346Z;functions.check_data_pix;  CHAVE NÃO PIX PREENCHIDA
21-11-2023 13:16:14.347Z;functions.check_data;  CHECANDO DADOS BANCÁRIOS
21-11-2023 13:16:14.350Z;functions.check_data_bank;  CHECANDO DADOS BANCÁRIOS
21-11-2023 13:16:19.974Z;functions.waitForImage;  BANCO image not found.
21-11-2023 13:16:19.975Z;functions.check_data_bank;  CAMPO BANCO PREENCHIDO
21-11-2023 13:16:19.977Z;functions.check_data_bank;  CHECANDO AGENCIA
21-11-2023 13:16:25.601Z;functions.waitForImage;  AGENCIA image not found.
21-11-2023 13:16:25.603Z;functions.check_data_bank;  CAMPO AGENCIA PREENCHIDO
21-11-2023 13:16:25.604Z;functions.check_data_bank;  CHECANDO DIGITO
21-11-2023 13:16:25.800Z;functions.waitForImage;  DIGITO AGENCIA image found.
21-11-2023 13:16:27.802Z;functions.check_data_bank;  CAMPO DIGITO NÃO PREENCHIDO
21-11-2023 13:16:27.803Z;functions.check_data_bank;  CHECANDO CONTA CORRENTE
21-11-2023 13:16:32.829Z;functions.waitForImage;  CONTA CORRENTE image not found.
21-11-2023 13:16:32.831Z;functions.check_data_bank;  CAMPO CONTA CORRENTE PREENCHIDO
21-11-2023 13:16:32.832Z;functions.check_data_bank;  RETORNA FALSE
21-11-2023 13:16:32.833Z;functions.check_data;  check_data RETORNA FALSE
21-11-2023 13:16:33.043Z;functions.waitForImage;  PRESS BUTTON OK image found.
21-11-2023 13:16:35.181Z;functions.check_pix;  PRESS BUTTON OK
21-11-2023 13:16:37.387Z;functions.waitForImage;  PRESS BUTTON OK 2 image found.
21-11-2023 13:16:39.497Z;functions.check_pix;  PRESS BUTTON OK 2
21-11-2023 13:16:44.500Z;functions.check_pix;  LANÇAMENTO COM ERRO SERÁ RETIRADO DO PROCESSAMENTO 863732
21-11-2023 13:16:45.544Z;errorhandler.__handle;  Property: Unknown Property name. [1:1: -ms-interpolation-mode]
21-11-2023 13:16:47.510Z;functions.emailErro;  Success e-mail sent.
21-11-2023 13:16:47.511Z;functions.check_pix;  DESMARCA REGISTRO
21-11-2023 13:16:59.974Z;functions.waitForImage;  PRESS BUTTON OK image not found.
21-11-2023 13:17:10.414Z;functions.waitForImage;  PRESS BUTTON OK 2 image not found.
21-11-2023 13:17:10.518Z;functions.check_pix;  APERTA PARA BAIXO PARA VERIFICAR O PRÓXIMO REGISTRO
21-11-2023 13:17:12.519Z;functions.proccess_bordero;  VERIFICANDO SE A TA REMESSAS A SEREM LANÇADAS
21-11-2023 13:17:25.506Z;functions.proccess_bordero;  ATENÇÃO: 

Este processo exige que seja selecionado ao menos um registro para sua execução.
Como não foi feita nenhuma seleção, você deseja executá-lo para TODOS os 2 registros?
