21-11-2023 13:24:39.941Z;functions.bot_text_art;      ____   
21-11-2023 13:24:39.941Z;functions.bot_text_art;     [____]    
21-11-2023 13:24:39.942Z;functions.bot_text_art;   |=]()()[=|  
21-11-2023 13:24:39.942Z;functions.bot_text_art;     _\==/__    _____    ____     _        _____    ___   _  __
21-11-2023 13:24:39.943Z;functions.bot_text_art;   |__|   |_|  |  _  \  / ___|   | |      |_   _| / ___| | |/ /
21-11-2023 13:24:39.944Z;functions.bot_text_art;   |_|_/\_|_|  | |  | | | |      | |        | |   | |    | ' / 
21-11-2023 13:24:39.944Z;functions.bot_text_art;   | | __ | |  | |  | | | |      | |        | |   | |    |  <  
21-11-2023 13:24:39.945Z;functions.bot_text_art;   |_|[  ]|_|  | |__| | | |____  | |____   _| |_  | |__  | . \ 
21-11-2023 13:24:39.948Z;functions.bot_text_art;   \_|_||_|_/  |_____/   \_____| |______| |_____| \ ___| |_|\_\
21-11-2023 13:24:39.949Z;functions.bot_text_art;     |_||_|                                                     
21-11-2023 13:24:39.950Z;functions.bot_text_art;     | ||_|_   
21-11-2023 13:24:39.951Z;functions.bot_text_art;   |___||___|  
21-11-2023 13:24:39.951Z;functions.bot_text_art;               
21-11-2023 13:24:39.963Z;functions.open_RM;  OPEN PROGRAM RM
21-11-2023 13:24:52.503Z;functions.loggin_RM;  ENTER USER_NAME
21-11-2023 13:24:53.904Z;functions.loggin_RM;  ENTER PASSWORD
21-11-2023 13:24:55.086Z;functions.loggin_RM;  ENTER RM
21-11-2023 13:25:28.533Z;functions.enter_coligada;  CLICK CONTEXTO
21-11-2023 13:25:33.577Z;functions.enter_coligada;  CLICK COLIGADA 1
21-11-2023 13:25:35.894Z;functions.enter_coligada;  CLICK AVANÇAR
21-11-2023 13:25:38.407Z;functions.enter_coligada;  INSERE O COLIGADA CODE = 1
21-11-2023 13:25:38.555Z;functions.enter_coligada;  APERTA TAB PARA PREENCHER O CAMPO COM A STRING: OCEANICA ENGENHARIA E CONSULTORIA S.A.
21-11-2023 13:25:39.934Z;functions.enter_coligada;  CLICK AVANÇAR NOVAMENTE
21-11-2023 13:25:41.154Z;functions.enter_coligada;  CLICK CONCLUIR
21-11-2023 13:26:05.050Z;functions.enter_coligada;  POP UP COLIGADA DESAPARECER
21-11-2023 13:26:05.893Z;functions.enter_contas_a_pagar;  CLICK - TOTVS - LINHA RM
21-11-2023 13:26:07.621Z;functions.enter_contas_a_pagar;  CLICK - BACK OFFICE
21-11-2023 13:26:10.410Z;functions.enter_contas_a_pagar;  CLICK - GESTAO FINANCEIRA
21-11-2023 13:26:17.421Z;functions.enter_contas_a_pagar;  CLICK - CONTAS A PAGAR
21-11-2023 13:26:18.318Z;functions.waitForImage;  LANÇAMENTOS image found.
21-11-2023 13:26:20.430Z;functions.enter_contas_a_pagar;  CLICA EM LANÇAMENTOS
21-11-2023 13:26:22.431Z;functions.data_filter;  DATA INICIO 15-11-2023
21-11-2023 13:26:22.432Z;functions.data_filter;  DATA FIM 21-11-2023
21-11-2023 13:26:22.433Z;functions.data_filter;  CLICK - SELECIONA A DATA DE QUARTA FEIRA E DA PROXIMA TERÇA
21-11-2023 13:26:22.435Z;functions.data_filter;  QUARTA-FEIRA: 15-11-2023
21-11-2023 13:26:22.437Z;functions.data_filter;  TERCA-FEIRA: 21-11-2023
21-11-2023 13:26:32.354Z;functions.data_filter;  ESCREVE REMESSA PAGAMENTO PIX NO FILTRO
21-11-2023 13:26:33.175Z;functions.data_filter;  CLICK - BUTÃO DE SELECAO DE FILTRO
21-11-2023 13:26:36.193Z;functions.data_filter;  INSERE - DATA DE QUARTA-FEIRA: 15-11-2023
21-11-2023 13:26:38.513Z;functions.data_filter;  INSERE - DATA DA PROX TERCA-FEIRA: 21-11-2023
21-11-2023 13:26:39.451Z;functions.data_filter;  CLICK - BUTÃO DE EXECUTAR O FILTRO
21-11-2023 13:26:53.458Z;functions.waitForImage;  FILTER CLEAN image found.
21-11-2023 13:26:55.578Z;functions.filter_clean;  CLICA NO BOTÃO X DO LIMPA FILTRO
21-11-2023 13:26:59.363Z;functions.select_tipo_documento;  NOME DA COLUNA: Tipo de Documento
21-11-2023 13:27:01.128Z;functions.select_tipo_documento;  HOVER NOME DA COLUNA: Tipo de Documento
21-11-2023 13:27:01.250Z;functions.select_tipo_documento;  CLICA PARA APARECER O FILTRO PERSONALIZAR
21-11-2023 13:27:01.588Z;functions.select_tipo_documento;  CLICA NO FILTRO PERSONALIZAR
21-11-2023 13:27:04.339Z;functions.select_tipo_documento;  CLICA PARA SELECIONAR OPÇÕES DO FILTRO
21-11-2023 13:27:11.657Z;functions.select_tipo_documento;  CLICK BUTTON CONFIRMAR FILTRO
21-11-2023 13:27:11.661Z;functions.check_table_record;  VERIFICANDO SE A TABELA ESTÁ VAZIA
21-11-2023 13:27:24.613Z;functions.check_table_record;  ATENÇÃO: 

Este processo exige que seja selecionado ao menos um registro para sua execução.
Como não foi feita nenhuma seleção, você deseja executá-lo para TODOS os 2 registros?
21-11-2023 13:27:26.719Z;functions.check_table_record;  CLICK ENTER
21-11-2023 13:27:26.722Z;functions.check_table_record;  NUMERO DE TUPLAS: 2
21-11-2023 13:27:26.724Z;functions.check_table_record;  TABELA CONTÉM REGISTROS
