21-11-2023 13:40:49.795Z;functions.bot_text_art;      ____   
21-11-2023 13:40:49.797Z;functions.bot_text_art;     [____]    
21-11-2023 13:40:49.797Z;functions.bot_text_art;   |=]()()[=|  
21-11-2023 13:40:49.798Z;functions.bot_text_art;     _\==/__    _____    ____     _        _____    ___   _  __
21-11-2023 13:40:49.798Z;functions.bot_text_art;   |__|   |_|  |  _  \  / ___|   | |      |_   _| / ___| | |/ /
21-11-2023 13:40:49.799Z;functions.bot_text_art;   |_|_/\_|_|  | |  | | | |      | |        | |   | |    | ' / 
21-11-2023 13:40:49.799Z;functions.bot_text_art;   | | __ | |  | |  | | | |      | |        | |   | |    |  <  
21-11-2023 13:40:49.800Z;functions.bot_text_art;   |_|[  ]|_|  | |__| | | |____  | |____   _| |_  | |__  | . \ 
21-11-2023 13:40:49.802Z;functions.bot_text_art;   \_|_||_|_/  |_____/   \_____| |______| |_____| \ ___| |_|\_\
21-11-2023 13:40:49.803Z;functions.bot_text_art;     |_||_|                                                     
21-11-2023 13:40:49.805Z;functions.bot_text_art;     | ||_|_   
21-11-2023 13:40:49.805Z;functions.bot_text_art;   |___||___|  
21-11-2023 13:40:49.806Z;functions.bot_text_art;               
21-11-2023 13:40:49.816Z;functions.open_RM;  OPEN PROGRAM RM
21-11-2023 13:41:02.985Z;functions.loggin_RM;  ENTER USER_NAME
21-11-2023 13:41:04.390Z;functions.loggin_RM;  ENTER PASSWORD
21-11-2023 13:41:05.602Z;functions.loggin_RM;  ENTER RM
21-11-2023 13:41:38.783Z;functions.enter_coligada;  CLICK CONTEXTO
21-11-2023 13:41:44.033Z;functions.enter_coligada;  CLICK COLIGADA 1
21-11-2023 13:41:46.290Z;functions.enter_coligada;  CLICK AVANÇAR
21-11-2023 13:41:48.883Z;functions.enter_coligada;  INSERE O COLIGADA CODE = 1
21-11-2023 13:41:49.061Z;functions.enter_coligada;  APERTA TAB PARA PREENCHER O CAMPO COM A STRING: OCEANICA ENGENHARIA E CONSULTORIA S.A.
21-11-2023 13:41:50.392Z;functions.enter_coligada;  CLICK AVANÇAR NOVAMENTE
21-11-2023 13:41:51.689Z;functions.enter_coligada;  CLICK CONCLUIR
21-11-2023 13:42:15.211Z;functions.enter_coligada;  POP UP COLIGADA DESAPARECER
21-11-2023 13:42:16.058Z;functions.enter_contas_a_pagar;  CLICK - TOTVS - LINHA RM
21-11-2023 13:42:17.897Z;functions.enter_contas_a_pagar;  CLICK - BACK OFFICE
21-11-2023 13:42:20.695Z;functions.enter_contas_a_pagar;  CLICK - GESTAO FINANCEIRA
21-11-2023 13:42:27.692Z;functions.enter_contas_a_pagar;  CLICK - CONTAS A PAGAR
21-11-2023 13:42:28.588Z;functions.waitForImage;  LANÇAMENTOS image found.
21-11-2023 13:42:30.712Z;functions.enter_contas_a_pagar;  CLICA EM LANÇAMENTOS
21-11-2023 13:42:32.714Z;functions.data_filter;  DATA INICIO 15-11-2023
21-11-2023 13:42:32.715Z;functions.data_filter;  DATA FIM 21-11-2023
21-11-2023 13:42:32.716Z;functions.data_filter;  CLICK - SELECIONA A DATA DE QUARTA FEIRA E DA PROXIMA TERÇA
21-11-2023 13:42:32.717Z;functions.data_filter;  QUARTA-FEIRA: 15-11-2023
21-11-2023 13:42:32.718Z;functions.data_filter;  TERCA-FEIRA: 21-11-2023
21-11-2023 13:42:42.567Z;functions.data_filter;  ESCREVE REMESSA PAGAMENTO PIX NO FILTRO
21-11-2023 13:42:43.407Z;functions.data_filter;  CLICK - BUTÃO DE SELECAO DE FILTRO
21-11-2023 13:42:46.498Z;functions.data_filter;  INSERE - DATA DE QUARTA-FEIRA: 15-11-2023
21-11-2023 13:42:48.785Z;functions.data_filter;  INSERE - DATA DA PROX TERCA-FEIRA: 21-11-2023
21-11-2023 13:42:49.711Z;functions.data_filter;  CLICK - BUTÃO DE EXECUTAR O FILTRO
21-11-2023 13:43:03.540Z;functions.waitForImage;  FILTER CLEAN image found.
21-11-2023 13:43:05.654Z;functions.filter_clean;  CLICA NO BOTÃO X DO LIMPA FILTRO
21-11-2023 13:43:09.462Z;functions.select_tipo_documento;  NOME DA COLUNA: Tipo de Documento
21-11-2023 13:43:11.214Z;functions.select_tipo_documento;  HOVER NOME DA COLUNA: Tipo de Documento
21-11-2023 13:43:11.347Z;functions.select_tipo_documento;  CLICA PARA APARECER O FILTRO PERSONALIZAR
21-11-2023 13:43:11.678Z;functions.select_tipo_documento;  CLICA NO FILTRO PERSONALIZAR
21-11-2023 13:43:13.764Z;functions.select_tipo_documento;  CLICA PARA SELECIONAR OPÇÕES DO FILTRO
21-11-2023 13:43:21.060Z;functions.select_tipo_documento;  CLICK BUTTON CONFIRMAR FILTRO
21-11-2023 13:43:21.062Z;functions.check_table_record;  VERIFICANDO SE A TABELA ESTÁ VAZIA
21-11-2023 13:43:34.019Z;functions.check_table_record;  ATENÇÃO: 

Este processo exige que seja selecionado ao menos um registro para sua execução.
Como não foi feita nenhuma seleção, você deseja executá-lo para TODOS os 2 registros?
21-11-2023 13:43:36.125Z;functions.check_table_record;  CLICK ENTER
21-11-2023 13:43:36.140Z;functions.check_table_record;  NUMERO DE TUPLAS: 2
21-11-2023 13:43:36.150Z;functions.check_table_record;  TABELA CONTÉM REGISTROS
