21-11-2023 13:46:54.683Z;functions.bot_text_art;      ____   
21-11-2023 13:46:54.683Z;functions.bot_text_art;     [____]    
21-11-2023 13:46:54.684Z;functions.bot_text_art;   |=]()()[=|  
21-11-2023 13:46:54.685Z;functions.bot_text_art;     _\==/__    _____    ____     _        _____    ___   _  __
21-11-2023 13:46:54.685Z;functions.bot_text_art;   |__|   |_|  |  _  \  / ___|   | |      |_   _| / ___| | |/ /
21-11-2023 13:46:54.686Z;functions.bot_text_art;   |_|_/\_|_|  | |  | | | |      | |        | |   | |    | ' / 
21-11-2023 13:46:54.686Z;functions.bot_text_art;   | | __ | |  | |  | | | |      | |        | |   | |    |  <  
21-11-2023 13:46:54.687Z;functions.bot_text_art;   |_|[  ]|_|  | |__| | | |____  | |____   _| |_  | |__  | . \ 
21-11-2023 13:46:54.690Z;functions.bot_text_art;   \_|_||_|_/  |_____/   \_____| |______| |_____| \ ___| |_|\_\
21-11-2023 13:46:54.691Z;functions.bot_text_art;     |_||_|                                                     
21-11-2023 13:46:54.692Z;functions.bot_text_art;     | ||_|_   
21-11-2023 13:46:54.693Z;functions.bot_text_art;   |___||___|  
21-11-2023 13:46:54.693Z;functions.bot_text_art;               
21-11-2023 13:46:54.706Z;functions.open_RM;  OPEN PROGRAM RM
21-11-2023 13:47:08.039Z;functions.loggin_RM;  ENTER USER_NAME
21-11-2023 13:47:09.395Z;functions.loggin_RM;  ENTER PASSWORD
21-11-2023 13:47:10.687Z;functions.loggin_RM;  ENTER RM
21-11-2023 13:47:44.585Z;functions.enter_coligada;  CLICK CONTEXTO
21-11-2023 13:47:50.010Z;functions.enter_coligada;  CLICK COLIGADA 1
21-11-2023 13:47:52.192Z;functions.enter_coligada;  CLICK AVANÇAR
21-11-2023 13:47:54.761Z;functions.enter_coligada;  INSERE O COLIGADA CODE = 1
21-11-2023 13:47:55.007Z;functions.enter_coligada;  APERTA TAB PARA PREENCHER O CAMPO COM A STRING: OCEANICA ENGENHARIA E CONSULTORIA S.A.
21-11-2023 13:47:56.346Z;functions.enter_coligada;  CLICK AVANÇAR NOVAMENTE
21-11-2023 13:47:57.620Z;functions.enter_coligada;  CLICK CONCLUIR
21-11-2023 13:48:21.321Z;functions.enter_coligada;  POP UP COLIGADA DESAPARECER
21-11-2023 13:48:22.173Z;functions.enter_contas_a_pagar;  CLICK - TOTVS - LINHA RM
21-11-2023 13:48:23.972Z;functions.enter_contas_a_pagar;  CLICK - BACK OFFICE
21-11-2023 13:48:26.763Z;functions.enter_contas_a_pagar;  CLICK - GESTAO FINANCEIRA
21-11-2023 13:48:33.907Z;functions.enter_contas_a_pagar;  CLICK - CONTAS A PAGAR
21-11-2023 13:48:34.796Z;functions.waitForImage;  LANÇAMENTOS image found.
21-11-2023 13:48:36.910Z;functions.enter_contas_a_pagar;  CLICA EM LANÇAMENTOS
21-11-2023 13:48:38.911Z;functions.data_filter;  DATA INICIO 15-11-2023
21-11-2023 13:48:38.912Z;functions.data_filter;  DATA FIM 21-11-2023
21-11-2023 13:48:38.913Z;functions.data_filter;  CLICK - SELECIONA A DATA DE QUARTA FEIRA E DA PROXIMA TERÇA
21-11-2023 13:48:38.915Z;functions.data_filter;  QUARTA-FEIRA: 15-11-2023
21-11-2023 13:48:38.916Z;functions.data_filter;  TERCA-FEIRA: 21-11-2023
21-11-2023 13:48:49.538Z;functions.data_filter;  ESCREVE REMESSA PAGAMENTO PIX NO FILTRO
21-11-2023 13:48:50.352Z;functions.data_filter;  CLICK - BUTÃO DE SELECAO DE FILTRO
21-11-2023 13:48:53.441Z;functions.data_filter;  INSERE - DATA DE QUARTA-FEIRA: 15-11-2023
21-11-2023 13:48:55.723Z;functions.data_filter;  INSERE - DATA DA PROX TERCA-FEIRA: 21-11-2023
21-11-2023 13:48:56.629Z;functions.data_filter;  CLICK - BUTÃO DE EXECUTAR O FILTRO
21-11-2023 13:49:10.373Z;functions.waitForImage;  FILTER CLEAN image found.
21-11-2023 13:49:12.501Z;functions.filter_clean;  CLICA NO BOTÃO X DO LIMPA FILTRO
21-11-2023 13:49:16.297Z;functions.select_tipo_documento;  NOME DA COLUNA: Tipo de Documento
21-11-2023 13:49:18.030Z;functions.select_tipo_documento;  HOVER NOME DA COLUNA: Tipo de Documento
21-11-2023 13:49:18.163Z;functions.select_tipo_documento;  CLICA PARA APARECER O FILTRO PERSONALIZAR
21-11-2023 13:49:18.500Z;functions.select_tipo_documento;  CLICA NO FILTRO PERSONALIZAR
21-11-2023 13:49:20.807Z;functions.select_tipo_documento;  CLICA PARA SELECIONAR OPÇÕES DO FILTRO
21-11-2023 13:49:28.100Z;functions.select_tipo_documento;  CLICK BUTTON CONFIRMAR FILTRO
21-11-2023 13:49:28.103Z;functions.check_table_record;  VERIFICANDO SE A TABELA ESTÁ VAZIA
21-11-2023 13:49:41.053Z;functions.check_table_record;  ATENÇÃO: 

Este processo exige que seja selecionado ao menos um registro para sua execução.
Como não foi feita nenhuma seleção, você deseja executá-lo para TODOS os 2 registros?
21-11-2023 13:49:43.159Z;functions.check_table_record;  CLICK ENTER
21-11-2023 13:49:43.160Z;functions.check_table_record;  NUMERO DE TUPLAS: 2
21-11-2023 13:49:43.162Z;functions.check_table_record;  TABELA CONTÉM REGISTROS
