21-11-2023 14:06:30.349Z;functions.bot_text_art;      ____   
21-11-2023 14:06:30.350Z;functions.bot_text_art;     [____]    
21-11-2023 14:06:30.350Z;functions.bot_text_art;   |=]()()[=|  
21-11-2023 14:06:30.351Z;functions.bot_text_art;     _\==/__    _____    ____     _        _____    ___   _  __
21-11-2023 14:06:30.351Z;functions.bot_text_art;   |__|   |_|  |  _  \  / ___|   | |      |_   _| / ___| | |/ /
21-11-2023 14:06:30.352Z;functions.bot_text_art;   |_|_/\_|_|  | |  | | | |      | |        | |   | |    | ' / 
21-11-2023 14:06:30.352Z;functions.bot_text_art;   | | __ | |  | |  | | | |      | |        | |   | |    |  <  
21-11-2023 14:06:30.353Z;functions.bot_text_art;   |_|[  ]|_|  | |__| | | |____  | |____   _| |_  | |__  | . \ 
21-11-2023 14:06:30.356Z;functions.bot_text_art;   \_|_||_|_/  |_____/   \_____| |______| |_____| \ ___| |_|\_\
21-11-2023 14:06:30.357Z;functions.bot_text_art;     |_||_|                                                     
21-11-2023 14:06:30.358Z;functions.bot_text_art;     | ||_|_   
21-11-2023 14:06:30.358Z;functions.bot_text_art;   |___||___|  
21-11-2023 14:06:30.359Z;functions.bot_text_art;               
21-11-2023 14:06:30.370Z;functions.open_RM;  OPEN PROGRAM RM
21-11-2023 14:06:42.565Z;functions.loggin_RM;  ENTER USER_NAME
21-11-2023 14:06:43.952Z;functions.loggin_RM;  ENTER PASSWORD
21-11-2023 14:06:45.146Z;functions.loggin_RM;  ENTER RM
21-11-2023 14:07:19.173Z;functions.enter_coligada;  CLICK CONTEXTO
21-11-2023 14:07:24.226Z;functions.enter_coligada;  CLICK COLIGADA 1
21-11-2023 14:07:26.466Z;functions.enter_coligada;  CLICK AVANÇAR
21-11-2023 14:07:28.977Z;functions.enter_coligada;  INSERE O COLIGADA CODE = 1
21-11-2023 14:07:29.163Z;functions.enter_coligada;  APERTA TAB PARA PREENCHER O CAMPO COM A STRING: OCEANICA ENGENHARIA E CONSULTORIA S.A.
21-11-2023 14:07:30.672Z;functions.enter_coligada;  CLICK AVANÇAR NOVAMENTE
21-11-2023 14:07:31.953Z;functions.enter_coligada;  CLICK CONCLUIR
21-11-2023 14:07:55.288Z;functions.enter_coligada;  POP UP COLIGADA DESAPARECER
21-11-2023 14:07:56.140Z;functions.enter_contas_a_pagar;  CLICK - TOTVS - LINHA RM
21-11-2023 14:07:57.983Z;functions.enter_contas_a_pagar;  CLICK - BACK OFFICE
21-11-2023 14:08:00.776Z;functions.enter_contas_a_pagar;  CLICK - GESTAO FINANCEIRA
21-11-2023 14:08:07.598Z;functions.enter_contas_a_pagar;  CLICK - CONTAS A PAGAR
21-11-2023 14:08:08.503Z;functions.waitForImage;  LANÇAMENTOS image found.
21-11-2023 14:08:10.616Z;functions.enter_contas_a_pagar;  CLICA EM LANÇAMENTOS
21-11-2023 14:08:12.618Z;functions.data_filter;  DATA INICIO 15-11-2023
21-11-2023 14:08:12.619Z;functions.data_filter;  DATA FIM 21-11-2023
21-11-2023 14:08:12.621Z;functions.data_filter;  CLICK - SELECIONA A DATA DE QUARTA FEIRA E DA PROXIMA TERÇA
21-11-2023 14:08:12.622Z;functions.data_filter;  QUARTA-FEIRA: 15-11-2023
21-11-2023 14:08:12.623Z;functions.data_filter;  TERCA-FEIRA: 21-11-2023
21-11-2023 14:08:22.651Z;functions.data_filter;  ESCREVE REMESSA PAGAMENTO PIX NO FILTRO
21-11-2023 14:08:23.496Z;functions.data_filter;  CLICK - BUTÃO DE SELECAO DE FILTRO
21-11-2023 14:08:26.675Z;functions.data_filter;  INSERE - DATA DE QUARTA-FEIRA: 15-11-2023
21-11-2023 14:08:28.971Z;functions.data_filter;  INSERE - DATA DA PROX TERCA-FEIRA: 21-11-2023
21-11-2023 14:08:29.877Z;functions.data_filter;  CLICK - BUTÃO DE EXECUTAR O FILTRO
21-11-2023 14:08:43.902Z;functions.waitForImage;  FILTER CLEAN image found.
21-11-2023 14:08:46.017Z;functions.filter_clean;  CLICA NO BOTÃO X DO LIMPA FILTRO
21-11-2023 14:08:49.813Z;functions.select_tipo_documento;  NOME DA COLUNA: Tipo de Documento
21-11-2023 14:08:51.502Z;functions.select_tipo_documento;  HOVER NOME DA COLUNA: Tipo de Documento
21-11-2023 14:08:51.643Z;functions.select_tipo_documento;  CLICA PARA APARECER O FILTRO PERSONALIZAR
21-11-2023 14:08:51.975Z;functions.select_tipo_documento;  CLICA NO FILTRO PERSONALIZAR
21-11-2023 14:08:53.946Z;functions.select_tipo_documento;  CLICA PARA SELECIONAR OPÇÕES DO FILTRO
21-11-2023 14:09:01.245Z;functions.select_tipo_documento;  CLICK BUTTON CONFIRMAR FILTRO
21-11-2023 14:09:01.248Z;functions.check_table_record;  VERIFICANDO SE A TABELA ESTÁ VAZIA
21-11-2023 14:09:14.189Z;functions.check_table_record;  ATENÇÃO: 

Este processo exige que seja selecionado ao menos um registro para sua execução.
Como não foi feita nenhuma seleção, você deseja executá-lo para TODOS os 2 registros?
21-11-2023 14:09:16.296Z;functions.check_table_record;  CLICK ENTER
21-11-2023 14:09:16.297Z;functions.check_table_record;  NUMERO DE TUPLAS: 2
21-11-2023 14:09:16.298Z;functions.check_table_record;  TABELA CONTÉM REGISTROS
21-11-2023 14:09:51.565Z;functions.show_exception_and_exit;  'NoneType' object has no attribute 'set_focus'
Traceback (most recent call last):
  File "c:\Projetos\Remessas_Pix\main.py", line 17, in <module>
    result = check_table_record()
             ^^^^^^^^^^^^^^^^^^^^
  File "c:\Projetos\Remessas_Pix\SUBPROGRAMS\functions.py", line 286, in check_table_record
    click_nao.set_focus()
    ^^^^^^^^^^^^^^^^^^^
AttributeError: 'NoneType' object has no attribute 'set_focus'
21-11-2023 14:09:54.726Z;errorhandler.__handle;  Property: Unknown Property name. [1:203: -ms-interpolation-mode]
21-11-2023 14:09:54.789Z;errorhandler.__handle;  Property: Unknown Property name. [1:353: -webkit-font-smoothing]
21-11-2023 14:09:54.813Z;errorhandler.__handle;  Property: Unknown Property name. [1:483: -ms-text-size-adjust]
21-11-2023 14:09:54.821Z;errorhandler.__handle;  Property: Unknown Property name. [1:518: -webkit-text-size-adjust]
21-11-2023 14:09:54.827Z;errorhandler.__handle;  Property: Unknown Property name. [1:612: mso-table-lspace]
21-11-2023 14:09:54.831Z;errorhandler.__handle;  Property: Unknown Property name. [1:642: mso-table-rspace]
21-11-2023 14:09:55.124Z;errorhandler.__handle;  Property: Unknown Property name. [1:4734: mso-hide]
21-11-2023 14:09:55.242Z;errorhandler.__handle;  Property: Unknown Property name. [1:13: -ms-interpolation-mode]
21-11-2023 14:09:55.247Z;errorhandler.__handle;  Property: Unknown Property name. [1:49: -webkit-font-smoothing]
21-11-2023 14:09:55.251Z;errorhandler.__handle;  Property: Unknown Property name. [1:134: -ms-text-size-adjust]
21-11-2023 14:09:55.257Z;errorhandler.__handle;  Property: Unknown Property name. [1:160: -webkit-text-size-adjust]
21-11-2023 14:09:55.261Z;errorhandler.__handle;  Property: Unknown Property name. [1:26: mso-table-lspace]
21-11-2023 14:09:55.265Z;errorhandler.__handle;  Property: Unknown Property name. [1:45: mso-table-rspace]
21-11-2023 14:09:55.304Z;errorhandler.__handle;  Property: Unknown Property name. [1:92: mso-hide]
21-11-2023 14:09:55.358Z;errorhandler.__handle;  Property: No ":" after name found: align-center [1:1: align-center]
21-11-2023 14:09:55.398Z;errorhandler.__handle;  Property: No property value found: align-center [1:1: align-center]
21-11-2023 14:09:55.483Z;errorhandler.__handle;  CSSStyleDeclaration: Syntax Error in Property: align-center
21-11-2023 14:09:55.515Z;errorhandler.__handle;  Property: Unknown Property name. [1:14: -ms-interpolation-mode]
