21-11-2023 14:11:13.156Z;functions.bot_text_art;      ____   
21-11-2023 14:11:13.157Z;functions.bot_text_art;     [____]    
21-11-2023 14:11:13.157Z;functions.bot_text_art;   |=]()()[=|  
21-11-2023 14:11:13.158Z;functions.bot_text_art;     _\==/__    _____    ____     _        _____    ___   _  __
21-11-2023 14:11:13.158Z;functions.bot_text_art;   |__|   |_|  |  _  \  / ___|   | |      |_   _| / ___| | |/ /
21-11-2023 14:11:13.158Z;functions.bot_text_art;   |_|_/\_|_|  | |  | | | |      | |        | |   | |    | ' / 
21-11-2023 14:11:13.159Z;functions.bot_text_art;   | | __ | |  | |  | | | |      | |        | |   | |    |  <  
21-11-2023 14:11:13.160Z;functions.bot_text_art;   |_|[  ]|_|  | |__| | | |____  | |____   _| |_  | |__  | . \ 
21-11-2023 14:11:13.162Z;functions.bot_text_art;   \_|_||_|_/  |_____/   \_____| |______| |_____| \ ___| |_|\_\
21-11-2023 14:11:13.163Z;functions.bot_text_art;     |_||_|                                                     
21-11-2023 14:11:13.164Z;functions.bot_text_art;     | ||_|_   
21-11-2023 14:11:13.165Z;functions.bot_text_art;   |___||___|  
21-11-2023 14:11:13.165Z;functions.bot_text_art;               
21-11-2023 14:11:13.175Z;functions.open_RM;  OPEN PROGRAM RM
21-11-2023 14:11:25.760Z;functions.loggin_RM;  ENTER USER_NAME
21-11-2023 14:11:27.022Z;functions.loggin_RM;  ENTER PASSWORD
21-11-2023 14:11:28.222Z;functions.loggin_RM;  ENTER RM
21-11-2023 14:12:02.595Z;functions.enter_coligada;  CLICK CONTEXTO
21-11-2023 14:12:07.870Z;functions.enter_coligada;  CLICK COLIGADA 1
21-11-2023 14:12:09.915Z;functions.enter_coligada;  CLICK AVANÇAR
21-11-2023 14:12:12.324Z;functions.enter_coligada;  INSERE O COLIGADA CODE = 1
21-11-2023 14:12:12.469Z;functions.enter_coligada;  APERTA TAB PARA PREENCHER O CAMPO COM A STRING: OCEANICA ENGENHARIA E CONSULTORIA S.A.
21-11-2023 14:12:13.786Z;functions.enter_coligada;  CLICK AVANÇAR NOVAMENTE
21-11-2023 14:12:15.057Z;functions.enter_coligada;  CLICK CONCLUIR
21-11-2023 14:12:37.989Z;functions.enter_coligada;  POP UP COLIGADA DESAPARECER
21-11-2023 14:12:38.838Z;functions.enter_contas_a_pagar;  CLICK - TOTVS - LINHA RM
21-11-2023 14:12:40.621Z;functions.enter_contas_a_pagar;  CLICK - BACK OFFICE
21-11-2023 14:12:43.396Z;functions.enter_contas_a_pagar;  CLICK - GESTAO FINANCEIRA
21-11-2023 14:12:50.185Z;functions.enter_contas_a_pagar;  CLICK - CONTAS A PAGAR
21-11-2023 14:12:51.083Z;functions.waitForImage;  LANÇAMENTOS image found.
21-11-2023 14:12:53.189Z;functions.enter_contas_a_pagar;  CLICA EM LANÇAMENTOS
21-11-2023 14:12:55.191Z;functions.data_filter;  DATA INICIO 15-11-2023
21-11-2023 14:12:55.192Z;functions.data_filter;  DATA FIM 21-11-2023
21-11-2023 14:12:55.193Z;functions.data_filter;  CLICK - SELECIONA A DATA DE QUARTA FEIRA E DA PROXIMA TERÇA
21-11-2023 14:12:55.195Z;functions.data_filter;  QUARTA-FEIRA: 15-11-2023
21-11-2023 14:12:55.196Z;functions.data_filter;  TERCA-FEIRA: 21-11-2023
21-11-2023 14:13:05.045Z;functions.data_filter;  ESCREVE REMESSA PAGAMENTO PIX NO FILTRO
21-11-2023 14:13:05.880Z;functions.data_filter;  CLICK - BUTÃO DE SELECAO DE FILTRO
21-11-2023 14:13:08.932Z;functions.data_filter;  INSERE - DATA DE QUARTA-FEIRA: 15-11-2023
21-11-2023 14:13:11.203Z;functions.data_filter;  INSERE - DATA DA PROX TERCA-FEIRA: 21-11-2023
21-11-2023 14:13:12.091Z;functions.data_filter;  CLICK - BUTÃO DE EXECUTAR O FILTRO
21-11-2023 14:13:20.633Z;functions.waitForImage;  FILTER CLEAN image found.
21-11-2023 14:13:22.756Z;functions.filter_clean;  CLICA NO BOTÃO X DO LIMPA FILTRO
21-11-2023 14:13:26.648Z;functions.select_tipo_documento;  NOME DA COLUNA: Tipo de Documento
21-11-2023 14:13:28.389Z;functions.select_tipo_documento;  HOVER NOME DA COLUNA: Tipo de Documento
21-11-2023 14:13:28.523Z;functions.select_tipo_documento;  CLICA PARA APARECER O FILTRO PERSONALIZAR
21-11-2023 14:13:28.852Z;functions.select_tipo_documento;  CLICA NO FILTRO PERSONALIZAR
21-11-2023 14:13:31.080Z;functions.select_tipo_documento;  CLICA PARA SELECIONAR OPÇÕES DO FILTRO
21-11-2023 14:13:38.373Z;functions.select_tipo_documento;  CLICK BUTTON CONFIRMAR FILTRO
21-11-2023 14:13:38.376Z;functions.check_table_record;  VERIFICANDO SE A TABELA ESTÁ VAZIA
21-11-2023 14:13:51.325Z;functions.check_table_record;  ATENÇÃO: 

Este processo exige que seja selecionado ao menos um registro para sua execução.
Como não foi feita nenhuma seleção, você deseja executá-lo para TODOS os 2 registros?
21-11-2023 14:13:53.430Z;functions.check_table_record;  CLICK ENTER
21-11-2023 14:13:53.431Z;functions.check_table_record;  NUMERO DE TUPLAS: 2
21-11-2023 14:13:53.434Z;functions.check_table_record;  TABELA CONTÉM REGISTROS
21-11-2023 14:14:24.046Z;functions.show_exception_and_exit;  'NoneType' object has no attribute 'set_focus'
Traceback (most recent call last):
  File "c:\Projetos\Remessas_Pix\main.py", line 17, in <module>
    result = check_table_record()
             ^^^^^^^^^^^^^^^^^^^^
  File "c:\Projetos\Remessas_Pix\SUBPROGRAMS\functions.py", line 286, in check_table_record
    click_nao.set_focus()
    ^^^^^^^^^^^^^^^^^^^
AttributeError: 'NoneType' object has no attribute 'set_focus'
21-11-2023 14:14:26.475Z;errorhandler.__handle;  Property: Unknown Property name. [1:203: -ms-interpolation-mode]
21-11-2023 14:14:26.517Z;errorhandler.__handle;  Property: Unknown Property name. [1:353: -webkit-font-smoothing]
21-11-2023 14:14:26.530Z;errorhandler.__handle;  Property: Unknown Property name. [1:483: -ms-text-size-adjust]
21-11-2023 14:14:26.534Z;errorhandler.__handle;  Property: Unknown Property name. [1:518: -webkit-text-size-adjust]
21-11-2023 14:14:26.539Z;errorhandler.__handle;  Property: Unknown Property name. [1:612: mso-table-lspace]
21-11-2023 14:14:26.543Z;errorhandler.__handle;  Property: Unknown Property name. [1:642: mso-table-rspace]
21-11-2023 14:14:26.774Z;errorhandler.__handle;  Property: Unknown Property name. [1:4734: mso-hide]
21-11-2023 14:14:26.877Z;errorhandler.__handle;  Property: Unknown Property name. [1:13: -ms-interpolation-mode]
21-11-2023 14:14:26.883Z;errorhandler.__handle;  Property: Unknown Property name. [1:49: -webkit-font-smoothing]
21-11-2023 14:14:26.889Z;errorhandler.__handle;  Property: Unknown Property name. [1:134: -ms-text-size-adjust]
21-11-2023 14:14:26.893Z;errorhandler.__handle;  Property: Unknown Property name. [1:160: -webkit-text-size-adjust]
21-11-2023 14:14:26.899Z;errorhandler.__handle;  Property: Unknown Property name. [1:26: mso-table-lspace]
21-11-2023 14:14:26.903Z;errorhandler.__handle;  Property: Unknown Property name. [1:45: mso-table-rspace]
21-11-2023 14:14:26.947Z;errorhandler.__handle;  Property: Unknown Property name. [1:92: mso-hide]
21-11-2023 14:14:26.965Z;errorhandler.__handle;  Property: No ":" after name found: align-center [1:1: align-center]
21-11-2023 14:14:26.970Z;errorhandler.__handle;  Property: No property value found: align-center [1:1: align-center]
21-11-2023 14:14:26.972Z;errorhandler.__handle;  CSSStyleDeclaration: Syntax Error in Property: align-center
21-11-2023 14:14:26.979Z;errorhandler.__handle;  Property: Unknown Property name. [1:14: -ms-interpolation-mode]
