21-11-2023 14:28:33.302Z;functions.bot_text_art;      ____   
21-11-2023 14:28:33.303Z;functions.bot_text_art;     [____]    
21-11-2023 14:28:33.303Z;functions.bot_text_art;   |=]()()[=|  
21-11-2023 14:28:33.304Z;functions.bot_text_art;     _\==/__    _____    ____     _        _____    ___   _  __
21-11-2023 14:28:33.304Z;functions.bot_text_art;   |__|   |_|  |  _  \  / ___|   | |      |_   _| / ___| | |/ /
21-11-2023 14:28:33.305Z;functions.bot_text_art;   |_|_/\_|_|  | |  | | | |      | |        | |   | |    | ' / 
21-11-2023 14:28:33.305Z;functions.bot_text_art;   | | __ | |  | |  | | | |      | |        | |   | |    |  <  
21-11-2023 14:28:33.306Z;functions.bot_text_art;   |_|[  ]|_|  | |__| | | |____  | |____   _| |_  | |__  | . \ 
21-11-2023 14:28:33.308Z;functions.bot_text_art;   \_|_||_|_/  |_____/   \_____| |______| |_____| \ ___| |_|\_\
21-11-2023 14:28:33.309Z;functions.bot_text_art;     |_||_|                                                     
21-11-2023 14:28:33.310Z;functions.bot_text_art;     | ||_|_   
21-11-2023 14:28:33.310Z;functions.bot_text_art;   |___||___|  
21-11-2023 14:28:33.311Z;functions.bot_text_art;               
21-11-2023 14:28:33.332Z;functions.open_RM;  OPEN PROGRAM RM
21-11-2023 14:28:46.037Z;functions.loggin_RM;  ENTER USER_NAME
21-11-2023 14:28:47.385Z;functions.loggin_RM;  ENTER PASSWORD
21-11-2023 14:28:48.576Z;functions.loggin_RM;  ENTER RM
21-11-2023 14:29:23.783Z;functions.enter_coligada;  CLICK CONTEXTO
21-11-2023 14:29:29.002Z;functions.enter_coligada;  CLICK COLIGADA 1
21-11-2023 14:29:31.221Z;functions.enter_coligada;  CLICK AVANÇAR
21-11-2023 14:29:33.660Z;functions.enter_coligada;  INSERE O COLIGADA CODE = 1
21-11-2023 14:29:33.925Z;functions.enter_coligada;  APERTA TAB PARA PREENCHER O CAMPO COM A STRING: OCEANICA ENGENHARIA E CONSULTORIA S.A.
21-11-2023 14:29:35.201Z;functions.enter_coligada;  CLICK AVANÇAR NOVAMENTE
21-11-2023 14:29:36.483Z;functions.enter_coligada;  CLICK CONCLUIR
21-11-2023 14:30:01.716Z;functions.enter_coligada;  POP UP COLIGADA DESAPARECER
21-11-2023 14:30:02.547Z;functions.enter_contas_a_pagar;  CLICK - TOTVS - LINHA RM
21-11-2023 14:30:04.324Z;functions.enter_contas_a_pagar;  CLICK - BACK OFFICE
21-11-2023 14:30:07.094Z;functions.enter_contas_a_pagar;  CLICK - GESTAO FINANCEIRA
21-11-2023 14:30:14.442Z;functions.enter_contas_a_pagar;  CLICK - CONTAS A PAGAR
21-11-2023 14:30:15.485Z;functions.waitForImage;  LANÇAMENTOS image found.
21-11-2023 14:30:17.617Z;functions.enter_contas_a_pagar;  CLICA EM LANÇAMENTOS
21-11-2023 14:30:19.621Z;functions.data_filter;  DATA INICIO 15-11-2023
21-11-2023 14:30:19.622Z;functions.data_filter;  DATA FIM 21-11-2023
21-11-2023 14:30:19.623Z;functions.data_filter;  CLICK - SELECIONA A DATA DE QUARTA FEIRA E DA PROXIMA TERÇA
21-11-2023 14:30:19.625Z;functions.data_filter;  QUARTA-FEIRA: 15-11-2023
21-11-2023 14:30:19.626Z;functions.data_filter;  TERCA-FEIRA: 21-11-2023
21-11-2023 14:30:30.142Z;functions.data_filter;  ESCREVE REMESSA PAGAMENTO PIX NO FILTRO
21-11-2023 14:30:30.959Z;functions.data_filter;  CLICK - BUTÃO DE SELECAO DE FILTRO
21-11-2023 14:30:34.098Z;functions.data_filter;  INSERE - DATA DE QUARTA-FEIRA: 15-11-2023
21-11-2023 14:30:36.379Z;functions.data_filter;  INSERE - DATA DA PROX TERCA-FEIRA: 21-11-2023
21-11-2023 14:30:37.288Z;functions.data_filter;  CLICK - BUTÃO DE EXECUTAR O FILTRO
21-11-2023 14:30:46.519Z;functions.waitForImage;  FILTER CLEAN image found.
21-11-2023 14:30:48.646Z;functions.filter_clean;  CLICA NO BOTÃO X DO LIMPA FILTRO
21-11-2023 14:30:52.372Z;functions.select_tipo_documento;  NOME DA COLUNA: Tipo de Documento
21-11-2023 14:30:54.117Z;functions.select_tipo_documento;  HOVER NOME DA COLUNA: Tipo de Documento
21-11-2023 14:30:54.249Z;functions.select_tipo_documento;  CLICA PARA APARECER O FILTRO PERSONALIZAR
21-11-2023 14:30:54.570Z;functions.select_tipo_documento;  CLICA NO FILTRO PERSONALIZAR
21-11-2023 14:30:56.656Z;functions.select_tipo_documento;  CLICA PARA SELECIONAR OPÇÕES DO FILTRO
21-11-2023 14:31:03.943Z;functions.select_tipo_documento;  CLICK BUTTON CONFIRMAR FILTRO
21-11-2023 14:31:03.946Z;functions.check_table_record;  VERIFICANDO SE A TABELA ESTÁ VAZIA
21-11-2023 14:31:17.090Z;functions.check_table_record;  ATENÇÃO: 

Este processo exige que seja selecionado ao menos um registro para sua execução.
Como não foi feita nenhuma seleção, você deseja executá-lo para TODOS os 2 registros?
21-11-2023 14:31:19.195Z;functions.check_table_record;  CLICK ENTER
21-11-2023 14:31:19.197Z;functions.check_table_record;  NUMERO DE TUPLAS: 2
21-11-2023 14:31:19.200Z;functions.check_table_record;  TABELA CONTÉM REGISTROS
21-11-2023 14:31:44.859Z;functions.show_exception_and_exit;  'NoneType' object has no attribute 'set_focus'
Traceback (most recent call last):
  File "c:\Projetos\Remessas_Pix\main.py", line 17, in <module>
    result = check_table_record()
             ^^^^^^^^^^^^^^^^^^^^
  File "c:\Projetos\Remessas_Pix\SUBPROGRAMS\functions.py", line 291, in check_table_record
    click_nao.set_focus()
    ^^^^^^^^^^^^^^^^^^^
AttributeError: 'NoneType' object has no attribute 'set_focus'
21-11-2023 14:31:47.570Z;errorhandler.__handle;  Property: Unknown Property name. [1:203: -ms-interpolation-mode]
21-11-2023 14:31:47.620Z;errorhandler.__handle;  Property: Unknown Property name. [1:353: -webkit-font-smoothing]
21-11-2023 14:31:47.638Z;errorhandler.__handle;  Property: Unknown Property name. [1:483: -ms-text-size-adjust]
21-11-2023 14:31:47.642Z;errorhandler.__handle;  Property: Unknown Property name. [1:518: -webkit-text-size-adjust]
21-11-2023 14:31:47.648Z;errorhandler.__handle;  Property: Unknown Property name. [1:612: mso-table-lspace]
21-11-2023 14:31:47.652Z;errorhandler.__handle;  Property: Unknown Property name. [1:642: mso-table-rspace]
21-11-2023 14:31:47.918Z;errorhandler.__handle;  Property: Unknown Property name. [1:4734: mso-hide]
21-11-2023 14:31:48.039Z;errorhandler.__handle;  Property: Unknown Property name. [1:13: -ms-interpolation-mode]
21-11-2023 14:31:48.045Z;errorhandler.__handle;  Property: Unknown Property name. [1:49: -webkit-font-smoothing]
21-11-2023 14:31:48.086Z;errorhandler.__handle;  Property: Unknown Property name. [1:134: -ms-text-size-adjust]
21-11-2023 14:31:48.124Z;errorhandler.__handle;  Property: Unknown Property name. [1:160: -webkit-text-size-adjust]
21-11-2023 14:31:48.194Z;errorhandler.__handle;  Property: Unknown Property name. [1:26: mso-table-lspace]
21-11-2023 14:31:48.229Z;errorhandler.__handle;  Property: Unknown Property name. [1:45: mso-table-rspace]
21-11-2023 14:31:48.303Z;errorhandler.__handle;  Property: Unknown Property name. [1:92: mso-hide]
21-11-2023 14:31:48.346Z;errorhandler.__handle;  Property: No ":" after name found: align-center [1:1: align-center]
21-11-2023 14:31:48.348Z;errorhandler.__handle;  Property: No property value found: align-center [1:1: align-center]
21-11-2023 14:31:48.350Z;errorhandler.__handle;  CSSStyleDeclaration: Syntax Error in Property: align-center
21-11-2023 14:31:48.357Z;errorhandler.__handle;  Property: Unknown Property name. [1:14: -ms-interpolation-mode]
