21-11-2023 14:33:18.977Z;functions.bot_text_art;      ____   
21-11-2023 14:33:18.978Z;functions.bot_text_art;     [____]    
21-11-2023 14:33:18.978Z;functions.bot_text_art;   |=]()()[=|  
21-11-2023 14:33:18.978Z;functions.bot_text_art;     _\==/__    _____    ____     _        _____    ___   _  __
21-11-2023 14:33:18.979Z;functions.bot_text_art;   |__|   |_|  |  _  \  / ___|   | |      |_   _| / ___| | |/ /
21-11-2023 14:33:18.979Z;functions.bot_text_art;   |_|_/\_|_|  | |  | | | |      | |        | |   | |    | ' / 
21-11-2023 14:33:18.980Z;functions.bot_text_art;   | | __ | |  | |  | | | |      | |        | |   | |    |  <  
21-11-2023 14:33:18.981Z;functions.bot_text_art;   |_|[  ]|_|  | |__| | | |____  | |____   _| |_  | |__  | . \ 
21-11-2023 14:33:18.983Z;functions.bot_text_art;   \_|_||_|_/  |_____/   \_____| |______| |_____| \ ___| |_|\_\
21-11-2023 14:33:18.984Z;functions.bot_text_art;     |_||_|                                                     
21-11-2023 14:33:18.985Z;functions.bot_text_art;     | ||_|_   
21-11-2023 14:33:18.986Z;functions.bot_text_art;   |___||___|  
21-11-2023 14:33:18.987Z;functions.bot_text_art;               
21-11-2023 14:33:18.998Z;functions.open_RM;  OPEN PROGRAM RM
21-11-2023 14:33:32.031Z;functions.loggin_RM;  ENTER USER_NAME
21-11-2023 14:33:33.414Z;functions.loggin_RM;  ENTER PASSWORD
21-11-2023 14:33:34.617Z;functions.loggin_RM;  ENTER RM
21-11-2023 14:34:08.344Z;functions.enter_coligada;  CLICK CONTEXTO
21-11-2023 14:34:13.430Z;functions.enter_coligada;  CLICK COLIGADA 1
21-11-2023 14:34:15.648Z;functions.enter_coligada;  CLICK AVANÇAR
21-11-2023 14:34:18.128Z;functions.enter_coligada;  INSERE O COLIGADA CODE = 1
21-11-2023 14:34:18.272Z;functions.enter_coligada;  APERTA TAB PARA PREENCHER O CAMPO COM A STRING: OCEANICA ENGENHARIA E CONSULTORIA S.A.
21-11-2023 14:34:19.637Z;functions.enter_coligada;  CLICK AVANÇAR NOVAMENTE
21-11-2023 14:34:20.909Z;functions.enter_coligada;  CLICK CONCLUIR
21-11-2023 14:34:44.622Z;functions.enter_coligada;  POP UP COLIGADA DESAPARECER
21-11-2023 14:34:45.439Z;functions.enter_contas_a_pagar;  CLICK - TOTVS - LINHA RM
21-11-2023 14:34:47.234Z;functions.enter_contas_a_pagar;  CLICK - BACK OFFICE
21-11-2023 14:34:50.021Z;functions.enter_contas_a_pagar;  CLICK - GESTAO FINANCEIRA
21-11-2023 14:34:57.136Z;functions.enter_contas_a_pagar;  CLICK - CONTAS A PAGAR
21-11-2023 14:34:58.033Z;functions.waitForImage;  LANÇAMENTOS image found.
21-11-2023 14:35:00.168Z;functions.enter_contas_a_pagar;  CLICA EM LANÇAMENTOS
21-11-2023 14:35:02.169Z;functions.data_filter;  DATA INICIO 15-11-2023
21-11-2023 14:35:02.170Z;functions.data_filter;  DATA FIM 21-11-2023
21-11-2023 14:35:02.171Z;functions.data_filter;  CLICK - SELECIONA A DATA DE QUARTA FEIRA E DA PROXIMA TERÇA
21-11-2023 14:35:02.173Z;functions.data_filter;  QUARTA-FEIRA: 15-11-2023
21-11-2023 14:35:02.174Z;functions.data_filter;  TERCA-FEIRA: 21-11-2023
21-11-2023 14:35:12.198Z;functions.data_filter;  ESCREVE REMESSA PAGAMENTO PIX NO FILTRO
21-11-2023 14:35:13.010Z;functions.data_filter;  CLICK - BUTÃO DE SELECAO DE FILTRO
21-11-2023 14:35:16.078Z;functions.data_filter;  INSERE - DATA DE QUARTA-FEIRA: 15-11-2023
21-11-2023 14:35:18.364Z;functions.data_filter;  INSERE - DATA DA PROX TERCA-FEIRA: 21-11-2023
21-11-2023 14:35:19.265Z;functions.data_filter;  CLICK - BUTÃO DE EXECUTAR O FILTRO
21-11-2023 14:35:33.148Z;functions.waitForImage;  FILTER CLEAN image found.
21-11-2023 14:35:35.282Z;functions.filter_clean;  CLICA NO BOTÃO X DO LIMPA FILTRO
21-11-2023 14:35:39.044Z;functions.select_tipo_documento;  NOME DA COLUNA: Tipo de Documento
21-11-2023 14:35:40.754Z;functions.select_tipo_documento;  HOVER NOME DA COLUNA: Tipo de Documento
21-11-2023 14:35:40.906Z;functions.select_tipo_documento;  CLICA PARA APARECER O FILTRO PERSONALIZAR
21-11-2023 14:35:41.233Z;functions.select_tipo_documento;  CLICA NO FILTRO PERSONALIZAR
21-11-2023 14:35:43.382Z;functions.select_tipo_documento;  CLICA PARA SELECIONAR OPÇÕES DO FILTRO
21-11-2023 14:35:50.697Z;functions.select_tipo_documento;  CLICK BUTTON CONFIRMAR FILTRO
21-11-2023 14:35:50.700Z;functions.check_table_record;  VERIFICANDO SE A TABELA ESTÁ VAZIA
21-11-2023 14:36:03.644Z;functions.check_table_record;  ATENÇÃO: 

Este processo exige que seja selecionado ao menos um registro para sua execução.
Como não foi feita nenhuma seleção, você deseja executá-lo para TODOS os 2 registros?
21-11-2023 14:36:05.751Z;functions.check_table_record;  CLICK ENTER
21-11-2023 14:36:05.752Z;functions.check_table_record;  NUMERO DE TUPLAS: 2
21-11-2023 14:36:05.754Z;functions.check_table_record;  TABELA CONTÉM REGISTROS
21-11-2023 14:36:35.192Z;functions.show_exception_and_exit;  'NoneType' object has no attribute 'set_focus'
Traceback (most recent call last):
  File "c:\Projetos\Remessas_Pix\main.py", line 17, in <module>
    result = check_table_record()
             ^^^^^^^^^^^^^^^^^^^^
  File "c:\Projetos\Remessas_Pix\SUBPROGRAMS\functions.py", line 291, in check_table_record
    click_nao.set_focus()
    ^^^^^^^^^^^^^^^^^^^
AttributeError: 'NoneType' object has no attribute 'set_focus'
21-11-2023 14:36:37.316Z;errorhandler.__handle;  Property: Unknown Property name. [1:203: -ms-interpolation-mode]
21-11-2023 14:36:37.363Z;errorhandler.__handle;  Property: Unknown Property name. [1:353: -webkit-font-smoothing]
21-11-2023 14:36:37.377Z;errorhandler.__handle;  Property: Unknown Property name. [1:483: -ms-text-size-adjust]
21-11-2023 14:36:37.380Z;errorhandler.__handle;  Property: Unknown Property name. [1:518: -webkit-text-size-adjust]
21-11-2023 14:36:37.386Z;errorhandler.__handle;  Property: Unknown Property name. [1:612: mso-table-lspace]
21-11-2023 14:36:37.389Z;errorhandler.__handle;  Property: Unknown Property name. [1:642: mso-table-rspace]
21-11-2023 14:36:37.629Z;errorhandler.__handle;  Property: Unknown Property name. [1:4734: mso-hide]
21-11-2023 14:36:37.747Z;errorhandler.__handle;  Property: Unknown Property name. [1:13: -ms-interpolation-mode]
21-11-2023 14:36:37.753Z;errorhandler.__handle;  Property: Unknown Property name. [1:49: -webkit-font-smoothing]
21-11-2023 14:36:37.758Z;errorhandler.__handle;  Property: Unknown Property name. [1:134: -ms-text-size-adjust]
21-11-2023 14:36:37.761Z;errorhandler.__handle;  Property: Unknown Property name. [1:160: -webkit-text-size-adjust]
21-11-2023 14:36:37.767Z;errorhandler.__handle;  Property: Unknown Property name. [1:26: mso-table-lspace]
21-11-2023 14:36:37.770Z;errorhandler.__handle;  Property: Unknown Property name. [1:45: mso-table-rspace]
21-11-2023 14:36:37.814Z;errorhandler.__handle;  Property: Unknown Property name. [1:92: mso-hide]
21-11-2023 14:36:37.829Z;errorhandler.__handle;  Property: No ":" after name found: align-center [1:1: align-center]
21-11-2023 14:36:37.831Z;errorhandler.__handle;  Property: No property value found: align-center [1:1: align-center]
21-11-2023 14:36:37.834Z;errorhandler.__handle;  CSSStyleDeclaration: Syntax Error in Property: align-center
21-11-2023 14:36:37.839Z;errorhandler.__handle;  Property: Unknown Property name. [1:14: -ms-interpolation-mode]
