21-11-2023 14:44:37.460Z;functions.bot_text_art;      ____   
21-11-2023 14:44:37.461Z;functions.bot_text_art;     [____]    
21-11-2023 14:44:37.462Z;functions.bot_text_art;   |=]()()[=|  
21-11-2023 14:44:37.462Z;functions.bot_text_art;     _\==/__    _____    ____     _        _____    ___   _  __
21-11-2023 14:44:37.463Z;functions.bot_text_art;   |__|   |_|  |  _  \  / ___|   | |      |_   _| / ___| | |/ /
21-11-2023 14:44:37.464Z;functions.bot_text_art;   |_|_/\_|_|  | |  | | | |      | |        | |   | |    | ' / 
21-11-2023 14:44:37.464Z;functions.bot_text_art;   | | __ | |  | |  | | | |      | |        | |   | |    |  <  
21-11-2023 14:44:37.465Z;functions.bot_text_art;   |_|[  ]|_|  | |__| | | |____  | |____   _| |_  | |__  | . \ 
21-11-2023 14:44:37.468Z;functions.bot_text_art;   \_|_||_|_/  |_____/   \_____| |______| |_____| \ ___| |_|\_\
21-11-2023 14:44:37.470Z;functions.bot_text_art;     |_||_|                                                     
21-11-2023 14:44:37.471Z;functions.bot_text_art;     | ||_|_   
21-11-2023 14:44:37.472Z;functions.bot_text_art;   |___||___|  
21-11-2023 14:44:37.472Z;functions.bot_text_art;               
21-11-2023 14:44:37.485Z;functions.open_RM;  OPEN PROGRAM RM
21-11-2023 14:44:49.922Z;functions.loggin_RM;  ENTER USER_NAME
21-11-2023 14:44:51.321Z;functions.loggin_RM;  ENTER PASSWORD
21-11-2023 14:44:52.493Z;functions.loggin_RM;  ENTER RM
21-11-2023 14:45:26.100Z;functions.enter_coligada;  CLICK CONTEXTO
21-11-2023 14:45:31.444Z;functions.enter_coligada;  CLICK COLIGADA 1
21-11-2023 14:45:33.352Z;functions.enter_coligada;  CLICK AVANÇAR
21-11-2023 14:45:35.832Z;functions.enter_coligada;  INSERE O COLIGADA CODE = 1
21-11-2023 14:45:36.026Z;functions.enter_coligada;  APERTA TAB PARA PREENCHER O CAMPO COM A STRING: OCEANICA ENGENHARIA E CONSULTORIA S.A.
21-11-2023 14:45:37.291Z;functions.enter_coligada;  CLICK AVANÇAR NOVAMENTE
21-11-2023 14:45:38.564Z;functions.enter_coligada;  CLICK CONCLUIR
21-11-2023 14:46:02.316Z;functions.enter_coligada;  POP UP COLIGADA DESAPARECER
21-11-2023 14:46:03.165Z;functions.enter_contas_a_pagar;  CLICK - TOTVS - LINHA RM
21-11-2023 14:46:04.972Z;functions.enter_contas_a_pagar;  CLICK - BACK OFFICE
21-11-2023 14:46:07.759Z;functions.enter_contas_a_pagar;  CLICK - GESTAO FINANCEIRA
21-11-2023 14:46:14.835Z;functions.enter_contas_a_pagar;  CLICK - CONTAS A PAGAR
21-11-2023 14:46:15.838Z;functions.waitForImage;  LANÇAMENTOS image found.
21-11-2023 14:46:17.970Z;functions.enter_contas_a_pagar;  CLICA EM LANÇAMENTOS
21-11-2023 14:46:19.972Z;functions.data_filter;  DATA INICIO 15-11-2023
21-11-2023 14:46:19.973Z;functions.data_filter;  DATA FIM 21-11-2023
21-11-2023 14:46:19.974Z;functions.data_filter;  CLICK - SELECIONA A DATA DE QUARTA FEIRA E DA PROXIMA TERÇA
21-11-2023 14:46:19.976Z;functions.data_filter;  QUARTA-FEIRA: 15-11-2023
21-11-2023 14:46:19.977Z;functions.data_filter;  TERCA-FEIRA: 21-11-2023
21-11-2023 14:46:30.075Z;functions.data_filter;  ESCREVE REMESSA PAGAMENTO PIX NO FILTRO
21-11-2023 14:46:30.917Z;functions.data_filter;  CLICK - BUTÃO DE SELECAO DE FILTRO
21-11-2023 14:46:34.046Z;functions.data_filter;  INSERE - DATA DE QUARTA-FEIRA: 15-11-2023
21-11-2023 14:46:36.341Z;functions.data_filter;  INSERE - DATA DA PROX TERCA-FEIRA: 21-11-2023
21-11-2023 14:46:37.225Z;functions.data_filter;  CLICK - BUTÃO DE EXECUTAR O FILTRO
21-11-2023 14:46:51.784Z;functions.waitForImage;  FILTER CLEAN image found.
21-11-2023 14:46:53.909Z;functions.filter_clean;  CLICA NO BOTÃO X DO LIMPA FILTRO
21-11-2023 14:46:57.661Z;functions.select_tipo_documento;  NOME DA COLUNA: Tipo de Documento
21-11-2023 14:46:59.413Z;functions.select_tipo_documento;  HOVER NOME DA COLUNA: Tipo de Documento
21-11-2023 14:46:59.546Z;functions.select_tipo_documento;  CLICA PARA APARECER O FILTRO PERSONALIZAR
21-11-2023 14:46:59.896Z;functions.select_tipo_documento;  CLICA NO FILTRO PERSONALIZAR
21-11-2023 14:47:02.221Z;functions.select_tipo_documento;  CLICA PARA SELECIONAR OPÇÕES DO FILTRO
21-11-2023 14:47:09.530Z;functions.select_tipo_documento;  CLICK BUTTON CONFIRMAR FILTRO
21-11-2023 14:47:09.533Z;functions.check_table_record;  VERIFICANDO SE A TABELA ESTÁ VAZIA
21-11-2023 14:47:22.487Z;functions.check_table_record;  ATENÇÃO: 

Este processo exige que seja selecionado ao menos um registro para sua execução.
Como não foi feita nenhuma seleção, você deseja executá-lo para TODOS os 2 registros?
21-11-2023 14:47:24.491Z;functions.check_table_record;  NUMERO DE TUPLAS: 2
21-11-2023 14:47:24.492Z;functions.check_table_record;  TABELA CONTÉM REGISTROS
21-11-2023 14:47:33.410Z;functions.check_table_record;  CLICK NÃO
21-11-2023 14:47:39.588Z;functions.process_lancamentos;  SELECIONA TODOS OS LANÇAMENTOS PARA SEREM PROCESSADOS
21-11-2023 14:47:45.826Z;functions.process_lancamentos;  CLICA PARA APARECER CONTA/CAIXA
