21-11-2023 14:48:13.012Z;functions.bot_text_art;      ____   
21-11-2023 14:48:13.013Z;functions.bot_text_art;     [____]    
21-11-2023 14:48:13.014Z;functions.bot_text_art;   |=]()()[=|  
21-11-2023 14:48:13.014Z;functions.bot_text_art;     _\==/__    _____    ____     _        _____    ___   _  __
21-11-2023 14:48:13.015Z;functions.bot_text_art;   |__|   |_|  |  _  \  / ___|   | |      |_   _| / ___| | |/ /
21-11-2023 14:48:13.015Z;functions.bot_text_art;   |_|_/\_|_|  | |  | | | |      | |        | |   | |    | ' / 
21-11-2023 14:48:13.016Z;functions.bot_text_art;   | | __ | |  | |  | | | |      | |        | |   | |    |  <  
21-11-2023 14:48:13.016Z;functions.bot_text_art;   |_|[  ]|_|  | |__| | | |____  | |____   _| |_  | |__  | . \ 
21-11-2023 14:48:13.019Z;functions.bot_text_art;   \_|_||_|_/  |_____/   \_____| |______| |_____| \ ___| |_|\_\
21-11-2023 14:48:13.020Z;functions.bot_text_art;     |_||_|                                                     
21-11-2023 14:48:13.021Z;functions.bot_text_art;     | ||_|_   
21-11-2023 14:48:13.021Z;functions.bot_text_art;   |___||___|  
21-11-2023 14:48:13.022Z;functions.bot_text_art;               
21-11-2023 14:48:13.031Z;functions.open_RM;  OPEN PROGRAM RM
21-11-2023 14:48:25.451Z;functions.loggin_RM;  ENTER USER_NAME
21-11-2023 14:48:26.853Z;functions.loggin_RM;  ENTER PASSWORD
21-11-2023 14:48:28.069Z;functions.loggin_RM;  ENTER RM
21-11-2023 14:49:01.568Z;functions.enter_coligada;  CLICK CONTEXTO
21-11-2023 14:49:06.711Z;functions.enter_coligada;  CLICK COLIGADA 1
21-11-2023 14:49:08.966Z;functions.enter_coligada;  CLICK AVANÇAR
21-11-2023 14:49:11.483Z;functions.enter_coligada;  INSERE O COLIGADA CODE = 1
21-11-2023 14:49:11.606Z;functions.enter_coligada;  APERTA TAB PARA PREENCHER O CAMPO COM A STRING: OCEANICA ENGENHARIA E CONSULTORIA S.A.
21-11-2023 14:49:13.027Z;functions.enter_coligada;  CLICK AVANÇAR NOVAMENTE
21-11-2023 14:49:14.295Z;functions.enter_coligada;  CLICK CONCLUIR
21-11-2023 14:49:38.908Z;functions.enter_coligada;  POP UP COLIGADA DESAPARECER
21-11-2023 14:49:39.745Z;functions.enter_contas_a_pagar;  CLICK - TOTVS - LINHA RM
21-11-2023 14:49:41.504Z;functions.enter_contas_a_pagar;  CLICK - BACK OFFICE
21-11-2023 14:49:44.295Z;functions.enter_contas_a_pagar;  CLICK - GESTAO FINANCEIRA
21-11-2023 14:49:51.148Z;functions.enter_contas_a_pagar;  CLICK - CONTAS A PAGAR
21-11-2023 14:49:51.990Z;functions.waitForImage;  LANÇAMENTOS image found.
21-11-2023 14:49:54.106Z;functions.enter_contas_a_pagar;  CLICA EM LANÇAMENTOS
21-11-2023 14:49:56.107Z;functions.data_filter;  DATA INICIO 15-11-2023
21-11-2023 14:49:56.108Z;functions.data_filter;  DATA FIM 21-11-2023
21-11-2023 14:49:56.109Z;functions.data_filter;  CLICK - SELECIONA A DATA DE QUARTA FEIRA E DA PROXIMA TERÇA
21-11-2023 14:49:56.111Z;functions.data_filter;  QUARTA-FEIRA: 15-11-2023
21-11-2023 14:49:56.112Z;functions.data_filter;  TERCA-FEIRA: 21-11-2023
21-11-2023 14:50:06.241Z;functions.data_filter;  ESCREVE REMESSA PAGAMENTO PIX NO FILTRO
21-11-2023 14:50:07.058Z;functions.data_filter;  CLICK - BUTÃO DE SELECAO DE FILTRO
21-11-2023 14:50:10.200Z;functions.data_filter;  INSERE - DATA DE QUARTA-FEIRA: 15-11-2023
21-11-2023 14:50:12.497Z;functions.data_filter;  INSERE - DATA DA PROX TERCA-FEIRA: 21-11-2023
21-11-2023 14:50:13.418Z;functions.data_filter;  CLICK - BUTÃO DE EXECUTAR O FILTRO
21-11-2023 14:50:22.746Z;functions.waitForImage;  FILTER CLEAN image found.
21-11-2023 14:50:24.877Z;functions.filter_clean;  CLICA NO BOTÃO X DO LIMPA FILTRO
