21-11-2023 14:55:17.254Z;functions.bot_text_art;      ____   
21-11-2023 14:55:17.255Z;functions.bot_text_art;     [____]    
21-11-2023 14:55:17.256Z;functions.bot_text_art;   |=]()()[=|  
21-11-2023 14:55:17.256Z;functions.bot_text_art;     _\==/__    _____    ____     _        _____    ___   _  __
21-11-2023 14:55:17.258Z;functions.bot_text_art;   |__|   |_|  |  _  \  / ___|   | |      |_   _| / ___| | |/ /
21-11-2023 14:55:17.259Z;functions.bot_text_art;   |_|_/\_|_|  | |  | | | |      | |        | |   | |    | ' / 
21-11-2023 14:55:17.260Z;functions.bot_text_art;   | | __ | |  | |  | | | |      | |        | |   | |    |  <  
21-11-2023 14:55:17.262Z;functions.bot_text_art;   |_|[  ]|_|  | |__| | | |____  | |____   _| |_  | |__  | . \ 
21-11-2023 14:55:17.264Z;functions.bot_text_art;   \_|_||_|_/  |_____/   \_____| |______| |_____| \ ___| |_|\_\
21-11-2023 14:55:17.266Z;functions.bot_text_art;     |_||_|                                                     
21-11-2023 14:55:17.267Z;functions.bot_text_art;     | ||_|_   
21-11-2023 14:55:17.268Z;functions.bot_text_art;   |___||___|  
21-11-2023 14:55:17.268Z;functions.bot_text_art;               
21-11-2023 14:55:17.293Z;functions.open_RM;  OPEN PROGRAM RM
21-11-2023 14:55:30.044Z;functions.loggin_RM;  ENTER USER_NAME
21-11-2023 14:55:31.447Z;functions.loggin_RM;  ENTER PASSWORD
21-11-2023 14:55:32.795Z;functions.loggin_RM;  ENTER RM
21-11-2023 14:56:06.946Z;functions.enter_coligada;  CLICK CONTEXTO
21-11-2023 14:56:12.200Z;functions.enter_coligada;  CLICK COLIGADA 1
21-11-2023 14:56:14.453Z;functions.enter_coligada;  CLICK AVANÇAR
21-11-2023 14:56:16.981Z;functions.enter_coligada;  INSERE O COLIGADA CODE = 1
21-11-2023 14:56:17.192Z;functions.enter_coligada;  APERTA TAB PARA PREENCHER O CAMPO COM A STRING: OCEANICA ENGENHARIA E CONSULTORIA S.A.
21-11-2023 14:56:18.514Z;functions.enter_coligada;  CLICK AVANÇAR NOVAMENTE
21-11-2023 14:56:19.805Z;functions.enter_coligada;  CLICK CONCLUIR
21-11-2023 14:56:43.616Z;functions.enter_coligada;  POP UP COLIGADA DESAPARECER
21-11-2023 14:56:44.334Z;functions.enter_contas_a_pagar;  CLICK - TOTVS - LINHA RM
21-11-2023 14:57:02.564Z;functions.show_exception_and_exit;  'NoneType' object has no attribute 'click'
Traceback (most recent call last):
  File "c:\Projetos\Remessas_Pix\main.py", line 14, in <module>
    enter_contas_a_pagar()
  File "c:\Projetos\Remessas_Pix\SUBPROGRAMS\functions.py", line 103, in enter_contas_a_pagar
    back_office.click()
    ^^^^^^^^^^^^^^^^^
AttributeError: 'NoneType' object has no attribute 'click'
21-11-2023 14:57:04.271Z;errorhandler.__handle;  Property: Unknown Property name. [1:203: -ms-interpolation-mode]
21-11-2023 14:57:04.312Z;errorhandler.__handle;  Property: Unknown Property name. [1:353: -webkit-font-smoothing]
21-11-2023 14:57:04.330Z;errorhandler.__handle;  Property: Unknown Property name. [1:483: -ms-text-size-adjust]
21-11-2023 14:57:04.335Z;errorhandler.__handle;  Property: Unknown Property name. [1:518: -webkit-text-size-adjust]
21-11-2023 14:57:04.339Z;errorhandler.__handle;  Property: Unknown Property name. [1:612: mso-table-lspace]
21-11-2023 14:57:04.344Z;errorhandler.__handle;  Property: Unknown Property name. [1:642: mso-table-rspace]
21-11-2023 14:57:04.677Z;errorhandler.__handle;  Property: Unknown Property name. [1:4734: mso-hide]
21-11-2023 14:57:04.769Z;errorhandler.__handle;  Property: Unknown Property name. [1:13: -ms-interpolation-mode]
21-11-2023 14:57:04.773Z;errorhandler.__handle;  Property: Unknown Property name. [1:49: -webkit-font-smoothing]
21-11-2023 14:57:04.777Z;errorhandler.__handle;  Property: Unknown Property name. [1:134: -ms-text-size-adjust]
21-11-2023 14:57:04.781Z;errorhandler.__handle;  Property: Unknown Property name. [1:160: -webkit-text-size-adjust]
21-11-2023 14:57:04.784Z;errorhandler.__handle;  Property: Unknown Property name. [1:26: mso-table-lspace]
21-11-2023 14:57:04.787Z;errorhandler.__handle;  Property: Unknown Property name. [1:45: mso-table-rspace]
21-11-2023 14:57:04.816Z;errorhandler.__handle;  Property: Unknown Property name. [1:92: mso-hide]
21-11-2023 14:57:04.827Z;errorhandler.__handle;  Property: No ":" after name found: align-center [1:1: align-center]
21-11-2023 14:57:04.829Z;errorhandler.__handle;  Property: No property value found: align-center [1:1: align-center]
21-11-2023 14:57:04.831Z;errorhandler.__handle;  CSSStyleDeclaration: Syntax Error in Property: align-center
21-11-2023 14:57:04.835Z;errorhandler.__handle;  Property: Unknown Property name. [1:14: -ms-interpolation-mode]
