21-11-2023 14:51:09.699Z;functions.bot_text_art;      ____   
21-11-2023 14:51:09.700Z;functions.bot_text_art;     [____]    
21-11-2023 14:51:09.700Z;functions.bot_text_art;   |=]()()[=|  
21-11-2023 14:51:09.701Z;functions.bot_text_art;     _\==/__    _____    ____     _        _____    ___   _  __
21-11-2023 14:51:09.701Z;functions.bot_text_art;   |__|   |_|  |  _  \  / ___|   | |      |_   _| / ___| | |/ /
21-11-2023 14:51:09.702Z;functions.bot_text_art;   |_|_/\_|_|  | |  | | | |      | |        | |   | |    | ' / 
21-11-2023 14:51:09.702Z;functions.bot_text_art;   | | __ | |  | |  | | | |      | |        | |   | |    |  <  
21-11-2023 14:51:09.703Z;functions.bot_text_art;   |_|[  ]|_|  | |__| | | |____  | |____   _| |_  | |__  | . \ 
21-11-2023 14:51:09.706Z;functions.bot_text_art;   \_|_||_|_/  |_____/   \_____| |______| |_____| \ ___| |_|\_\
21-11-2023 14:51:09.707Z;functions.bot_text_art;     |_||_|                                                     
21-11-2023 14:51:09.708Z;functions.bot_text_art;     | ||_|_   
21-11-2023 14:51:09.708Z;functions.bot_text_art;   |___||___|  
21-11-2023 14:51:09.709Z;functions.bot_text_art;               
21-11-2023 14:51:09.719Z;functions.open_RM;  OPEN PROGRAM RM
21-11-2023 14:51:22.811Z;functions.loggin_RM;  ENTER USER_NAME
21-11-2023 14:51:24.196Z;functions.loggin_RM;  ENTER PASSWORD
21-11-2023 14:51:25.444Z;functions.loggin_RM;  ENTER RM
21-11-2023 14:51:57.539Z;functions.enter_coligada;  CLICK CONTEXTO
21-11-2023 14:52:02.812Z;functions.enter_coligada;  CLICK COLIGADA 1
21-11-2023 14:52:04.943Z;functions.enter_coligada;  CLICK AVANÇAR
21-11-2023 14:52:07.449Z;functions.enter_coligada;  INSERE O COLIGADA CODE = 1
21-11-2023 14:52:07.631Z;functions.enter_coligada;  APERTA TAB PARA PREENCHER O CAMPO COM A STRING: OCEANICA ENGENHARIA E CONSULTORIA S.A.
21-11-2023 14:52:08.989Z;functions.enter_coligada;  CLICK AVANÇAR NOVAMENTE
21-11-2023 14:52:10.295Z;functions.enter_coligada;  CLICK CONCLUIR
21-11-2023 14:52:33.055Z;functions.enter_coligada;  POP UP COLIGADA DESAPARECER
21-11-2023 14:52:33.869Z;functions.enter_contas_a_pagar;  CLICK - TOTVS - LINHA RM
21-11-2023 14:52:35.642Z;functions.enter_contas_a_pagar;  CLICK - BACK OFFICE
21-11-2023 14:52:38.436Z;functions.enter_contas_a_pagar;  CLICK - GESTAO FINANCEIRA
21-11-2023 14:52:45.766Z;functions.enter_contas_a_pagar;  CLICK - CONTAS A PAGAR
21-11-2023 14:52:46.667Z;functions.waitForImage;  LANÇAMENTOS image found.
21-11-2023 14:52:48.801Z;functions.enter_contas_a_pagar;  CLICA EM LANÇAMENTOS
21-11-2023 14:52:50.803Z;functions.data_filter;  DATA INICIO 15-11-2023
21-11-2023 14:52:50.804Z;functions.data_filter;  DATA FIM 21-11-2023
21-11-2023 14:52:50.805Z;functions.data_filter;  CLICK - SELECIONA A DATA DE QUARTA FEIRA E DA PROXIMA TERÇA
21-11-2023 14:52:50.807Z;functions.data_filter;  QUARTA-FEIRA: 15-11-2023
21-11-2023 14:52:50.808Z;functions.data_filter;  TERCA-FEIRA: 21-11-2023
21-11-2023 14:53:00.633Z;functions.data_filter;  ESCREVE REMESSA PAGAMENTO PIX NO FILTRO
21-11-2023 14:53:01.456Z;functions.data_filter;  CLICK - BUTÃO DE SELECAO DE FILTRO
21-11-2023 14:53:04.637Z;functions.data_filter;  INSERE - DATA DE QUARTA-FEIRA: 15-11-2023
21-11-2023 14:53:06.890Z;functions.data_filter;  INSERE - DATA DA PROX TERCA-FEIRA: 21-11-2023
21-11-2023 14:53:07.805Z;functions.data_filter;  CLICK - BUTÃO DE EXECUTAR O FILTRO
21-11-2023 14:53:22.372Z;functions.waitForImage;  FILTER CLEAN image found.
21-11-2023 14:53:24.503Z;functions.filter_clean;  CLICA NO BOTÃO X DO LIMPA FILTRO
21-11-2023 14:53:28.275Z;functions.select_tipo_documento;  NOME DA COLUNA: Tipo de Documento
21-11-2023 14:53:30.027Z;functions.select_tipo_documento;  HOVER NOME DA COLUNA: Tipo de Documento
21-11-2023 14:53:30.155Z;functions.select_tipo_documento;  CLICA PARA APARECER O FILTRO PERSONALIZAR
21-11-2023 14:53:30.491Z;functions.select_tipo_documento;  CLICA NO FILTRO PERSONALIZAR
21-11-2023 14:53:32.653Z;functions.select_tipo_documento;  CLICA PARA SELECIONAR OPÇÕES DO FILTRO
21-11-2023 14:53:39.951Z;functions.select_tipo_documento;  CLICK BUTTON CONFIRMAR FILTRO
21-11-2023 14:53:39.954Z;functions.check_table_record;  VERIFICANDO SE A TABELA ESTÁ VAZIA
21-11-2023 14:53:52.903Z;functions.check_table_record;  ATENÇÃO: 

Este processo exige que seja selecionado ao menos um registro para sua execução.
Como não foi feita nenhuma seleção, você deseja executá-lo para TODOS os 2 registros?
21-11-2023 14:53:54.907Z;functions.check_table_record;  NUMERO DE TUPLAS: 2
21-11-2023 14:53:54.908Z;functions.check_table_record;  TABELA CONTÉM REGISTROS
21-11-2023 14:54:03.833Z;functions.check_table_record;  CLICK NÃO
21-11-2023 14:54:09.967Z;functions.process_lancamentos;  SELECIONA TODOS OS LANÇAMENTOS PARA SEREM PROCESSADOS
