21-11-2023 16:22:38.731Z;functions.bot_text_art;      ____   
21-11-2023 16:22:38.732Z;functions.bot_text_art;     [____]    
21-11-2023 16:22:38.732Z;functions.bot_text_art;   |=]()()[=|  
21-11-2023 16:22:38.733Z;functions.bot_text_art;     _\==/__    _____    ____     _        _____    ___   _  __
21-11-2023 16:22:38.734Z;functions.bot_text_art;   |__|   |_|  |  _  \  / ___|   | |      |_   _| / ___| | |/ /
21-11-2023 16:22:38.734Z;functions.bot_text_art;   |_|_/\_|_|  | |  | | | |      | |        | |   | |    | ' / 
21-11-2023 16:22:38.735Z;functions.bot_text_art;   | | __ | |  | |  | | | |      | |        | |   | |    |  <  
21-11-2023 16:22:38.735Z;functions.bot_text_art;   |_|[  ]|_|  | |__| | | |____  | |____   _| |_  | |__  | . \ 
21-11-2023 16:22:38.737Z;functions.bot_text_art;   \_|_||_|_/  |_____/   \_____| |______| |_____| \ ___| |_|\_\
21-11-2023 16:22:38.738Z;functions.bot_text_art;     |_||_|                                                     
21-11-2023 16:22:38.738Z;functions.bot_text_art;     | ||_|_   
21-11-2023 16:22:38.739Z;functions.bot_text_art;   |___||___|  
21-11-2023 16:22:38.739Z;functions.bot_text_art;               
21-11-2023 16:22:38.751Z;functions.open_RM;  OPEN PROGRAM RM
21-11-2023 16:22:51.570Z;functions.loggin_RM;  ENTER USER_NAME
21-11-2023 16:22:52.986Z;functions.loggin_RM;  ENTER PASSWORD
21-11-2023 16:22:54.165Z;functions.loggin_RM;  ENTER RM
21-11-2023 16:23:28.543Z;functions.enter_coligada;  CLICK CONTEXTO
21-11-2023 16:23:33.868Z;functions.enter_coligada;  CLICK COLIGADA 1
21-11-2023 16:23:36.056Z;functions.enter_coligada;  CLICK AVANÇAR
21-11-2023 16:23:38.482Z;functions.enter_coligada;  INSERE O COLIGADA CODE = 1
21-11-2023 16:23:38.656Z;functions.enter_coligada;  APERTA TAB PARA PREENCHER O CAMPO COM A STRING: OCEANICA ENGENHARIA E CONSULTORIA S.A.
21-11-2023 16:23:40.037Z;functions.enter_coligada;  CLICK AVANÇAR NOVAMENTE
21-11-2023 16:23:41.362Z;functions.enter_coligada;  CLICK CONCLUIR
21-11-2023 16:24:05.175Z;functions.enter_coligada;  POP UP COLIGADA DESAPARECER
21-11-2023 16:24:06.027Z;functions.enter_contas_a_pagar;  CLICK - TOTVS - LINHA RM
21-11-2023 16:24:07.900Z;functions.enter_contas_a_pagar;  CLICK - BACK OFFICE
21-11-2023 16:24:10.720Z;functions.enter_contas_a_pagar;  CLICK - GESTAO FINANCEIRA
21-11-2023 16:24:17.923Z;functions.enter_contas_a_pagar;  CLICK - CONTAS A PAGAR
21-11-2023 16:24:18.812Z;functions.waitForImage;  LANÇAMENTOS image found.
21-11-2023 16:24:20.924Z;functions.enter_contas_a_pagar;  CLICA EM LANÇAMENTOS
21-11-2023 16:24:22.926Z;functions.data_filter;  DATA INICIO 15-11-2023
21-11-2023 16:24:22.927Z;functions.data_filter;  DATA FIM 21-11-2023
21-11-2023 16:24:22.929Z;functions.data_filter;  CLICK - SELECIONA A DATA DE QUARTA FEIRA E DA PROXIMA TERÇA
21-11-2023 16:24:22.930Z;functions.data_filter;  QUARTA-FEIRA: 15-11-2023
21-11-2023 16:24:22.931Z;functions.data_filter;  TERCA-FEIRA: 21-11-2023
21-11-2023 16:24:32.879Z;functions.data_filter;  ESCREVE REMESSA PAGAMENTO PIX NO FILTRO
21-11-2023 16:24:33.746Z;functions.data_filter;  CLICK - BUTÃO DE SELECAO DE FILTRO
21-11-2023 16:24:36.972Z;functions.data_filter;  INSERE - DATA DE QUARTA-FEIRA: 15-11-2023
21-11-2023 16:24:39.304Z;functions.data_filter;  INSERE - DATA DA PROX TERCA-FEIRA: 21-11-2023
21-11-2023 16:24:40.210Z;functions.data_filter;  CLICK - BUTÃO DE EXECUTAR O FILTRO
21-11-2023 16:24:52.102Z;functions.waitForImage;  FILTER CLEAN image found.
21-11-2023 16:24:54.214Z;functions.filter_clean;  CLICA NO BOTÃO X DO LIMPA FILTRO
21-11-2023 16:24:58.324Z;functions.select_tipo_documento;  NOME DA COLUNA: Tipo de Documento
21-11-2023 16:25:00.064Z;functions.select_tipo_documento;  HOVER NOME DA COLUNA: Tipo de Documento
21-11-2023 16:25:00.185Z;functions.select_tipo_documento;  CLICA PARA APARECER O FILTRO PERSONALIZAR
21-11-2023 16:25:00.510Z;functions.select_tipo_documento;  CLICA NO FILTRO PERSONALIZAR
21-11-2023 16:25:02.676Z;functions.select_tipo_documento;  CLICA PARA SELECIONAR OPÇÕES DO FILTRO
21-11-2023 16:25:09.964Z;functions.select_tipo_documento;  CLICK BUTTON CONFIRMAR FILTRO
21-11-2023 16:25:09.966Z;functions.check_table_record;  VERIFICANDO SE A TABELA ESTÁ VAZIA
21-11-2023 16:25:22.924Z;functions.check_table_record;  ATENÇÃO: 

Este processo exige que seja selecionado ao menos um registro para sua execução.
Como não foi feita nenhuma seleção, você deseja executá-lo para TODOS os 8 registros?
21-11-2023 16:25:24.929Z;functions.check_table_record;  NUMERO DE TUPLAS: 8
21-11-2023 16:25:24.930Z;functions.check_table_record;  TABELA CONTÉM REGISTROS
21-11-2023 16:25:33.854Z;functions.check_table_record;  CLICK NÃO
21-11-2023 16:25:40.033Z;functions.process_lancamentos;  SELECIONA TODOS OS LANÇAMENTOS PARA SEREM PROCESSADOS
21-11-2023 16:25:46.240Z;functions.process_lancamentos;  CLICA PARA APARECER CONTA/CAIXA
21-11-2023 16:25:47.594Z;functions.process_lancamentos;  SELECIONA CONTA/CAIXA
21-11-2023 16:25:48.827Z;functions.process_lancamentos;  CLICA NO BOTÃO [...]
21-11-2023 16:25:51.218Z;functions.process_lancamentos;  CLICA NO CAMPO PESQUISA E DIGITA: %3212
21-11-2023 16:25:52.361Z;functions.process_lancamentos;  CLICA NO BOTÃO DO FILTRO
21-11-2023 16:25:53.624Z;functions.process_lancamentos;  CLICA NO BOTÃO OK
21-11-2023 16:25:54.712Z;functions.process_lancamentos;  CLICA NO BOTÃO EXECUTAR
21-11-2023 16:26:03.698Z;functions.waitForImage;  PRESS BUTTON OK image found.
21-11-2023 16:26:05.700Z;functions.process_lancamentos;  O PROCESSAMENTO FOI EXECUTADO COM SUCESSO.
21-11-2023 16:26:08.988Z;functions.process_lancamentos;  CLICK NO LOG.
21-11-2023 16:26:09.095Z;functions.process_lancamentos;  SELECIONA TODA A MSG DE LOG.
21-11-2023 16:26:09.200Z;functions.process_lancamentos;  COPIA A MSG DE LOG.
21-11-2023 16:26:09.201Z;functions.process_lancamentos;  LOG DE LANÇAMENTO REFERENCIA:
21-11-2023 16:26:09.203Z;functions.process_lancamentos;  Lançamento Ref. 804191: Convênio alterado para o convênio default '7' da conta Caixa '02675-5' .
Lançamento Ref. 804192: Convênio alterado para o convênio default '7' da conta Caixa '02675-5' .
Lançamento Ref. 804196: Convênio alterado para o convênio default '7' da conta Caixa '02675-5' .
Lançamento Ref. 804197: Convênio alterado para o convênio default '7' da conta Caixa '02675-5' .
Lançamento Ref. 804202: Convênio alterado para o convênio default '7' da conta Caixa '02675-5' .
Lançamento Ref. 804203: Convênio alterado para o convênio default '7' da conta Caixa '02675-5' .
Lançamento Ref. 820710: Convênio alterado para o convênio default '7' da conta Caixa '02675-5' .
Lançamento Ref. 857531: Convênio alterado para o convênio default '7' da conta Caixa '02675-5' .
Alteração Global de Lançamentos executada com sucesso

21-11-2023 16:26:10.108Z;functions.process_lancamentos;  CLICK EM FECHAR.
21-11-2023 16:26:22.646Z;functions.check_pix;  CHECK TODOS OS LANÇAMENTOS PIX
21-11-2023 16:26:27.839Z;functions.show_exception_and_exit;  cannot access local variable 'ref_atual_string' where it is not associated with a value
Traceback (most recent call last):
  File "c:\Projetos\Remessas_Pix\main.py", line 24, in <module>
    check_pix()
  File "c:\Projetos\Remessas_Pix\SUBPROGRAMS\functions.py", line 420, in check_pix
    ref_atual_string
UnboundLocalError: cannot access local variable 'ref_atual_string' where it is not associated with a value
21-11-2023 16:26:30.036Z;errorhandler.__handle;  Property: Unknown Property name. [1:203: -ms-interpolation-mode]
21-11-2023 16:26:30.076Z;errorhandler.__handle;  Property: Unknown Property name. [1:353: -webkit-font-smoothing]
21-11-2023 16:26:30.090Z;errorhandler.__handle;  Property: Unknown Property name. [1:483: -ms-text-size-adjust]
21-11-2023 16:26:30.092Z;errorhandler.__handle;  Property: Unknown Property name. [1:518: -webkit-text-size-adjust]
21-11-2023 16:26:30.096Z;errorhandler.__handle;  Property: Unknown Property name. [1:612: mso-table-lspace]
21-11-2023 16:26:30.102Z;errorhandler.__handle;  Property: Unknown Property name. [1:642: mso-table-rspace]
21-11-2023 16:26:30.333Z;errorhandler.__handle;  Property: Unknown Property name. [1:4734: mso-hide]
21-11-2023 16:26:30.536Z;errorhandler.__handle;  Property: Unknown Property name. [1:13: -ms-interpolation-mode]
21-11-2023 16:26:30.559Z;errorhandler.__handle;  Property: Unknown Property name. [1:49: -webkit-font-smoothing]
21-11-2023 16:26:30.582Z;errorhandler.__handle;  Property: Unknown Property name. [1:134: -ms-text-size-adjust]
21-11-2023 16:26:30.596Z;errorhandler.__handle;  Property: Unknown Property name. [1:160: -webkit-text-size-adjust]
21-11-2023 16:26:30.607Z;errorhandler.__handle;  Property: Unknown Property name. [1:26: mso-table-lspace]
21-11-2023 16:26:30.619Z;errorhandler.__handle;  Property: Unknown Property name. [1:45: mso-table-rspace]
21-11-2023 16:26:30.670Z;errorhandler.__handle;  Property: Unknown Property name. [1:92: mso-hide]
21-11-2023 16:26:30.692Z;errorhandler.__handle;  Property: No ":" after name found: align-center [1:1: align-center]
21-11-2023 16:26:30.695Z;errorhandler.__handle;  Property: No property value found: align-center [1:1: align-center]
21-11-2023 16:26:30.697Z;errorhandler.__handle;  CSSStyleDeclaration: Syntax Error in Property: align-center
21-11-2023 16:26:30.702Z;errorhandler.__handle;  Property: Unknown Property name. [1:14: -ms-interpolation-mode]
