21-11-2023 21:22:46.561Z;functions.bot_text_art;      ____   
21-11-2023 21:22:46.561Z;functions.bot_text_art;     [____]    
21-11-2023 21:22:46.562Z;functions.bot_text_art;   |=]()()[=|  
21-11-2023 21:22:46.563Z;functions.bot_text_art;     _\==/__    _____    ____     _        _____    ___   _  __
21-11-2023 21:22:46.564Z;functions.bot_text_art;   |__|   |_|  |  _  \  / ___|   | |      |_   _| / ___| | |/ /
21-11-2023 21:22:46.565Z;functions.bot_text_art;   |_|_/\_|_|  | |  | | | |      | |        | |   | |    | ' / 
21-11-2023 21:22:46.566Z;functions.bot_text_art;   | | __ | |  | |  | | | |      | |        | |   | |    |  <  
21-11-2023 21:22:46.567Z;functions.bot_text_art;   |_|[  ]|_|  | |__| | | |____  | |____   _| |_  | |__  | . \ 
21-11-2023 21:22:46.570Z;functions.bot_text_art;   \_|_||_|_/  |_____/   \_____| |______| |_____| \ ___| |_|\_\
21-11-2023 21:22:46.571Z;functions.bot_text_art;     |_||_|                                                     
21-11-2023 21:22:46.572Z;functions.bot_text_art;     | ||_|_   
21-11-2023 21:22:46.573Z;functions.bot_text_art;   |___||___|  
21-11-2023 21:22:46.573Z;functions.bot_text_art;               
21-11-2023 21:22:46.586Z;functions.open_RM;  OPEN PROGRAM RM
21-11-2023 21:22:58.069Z;functions.loggin_RM;  ENTER USER_NAME
21-11-2023 21:22:59.452Z;functions.loggin_RM;  ENTER PASSWORD
21-11-2023 21:23:00.713Z;functions.loggin_RM;  ENTER RM
21-11-2023 21:23:33.471Z;functions.enter_coligada;  CLICK CONTEXTO
21-11-2023 21:23:38.672Z;functions.enter_coligada;  CLICK COLIGADA 1
21-11-2023 21:23:40.829Z;functions.enter_coligada;  CLICK AVANÇAR
21-11-2023 21:23:43.347Z;functions.enter_coligada;  INSERE O COLIGADA CODE = 1
21-11-2023 21:23:43.521Z;functions.enter_coligada;  APERTA TAB PARA PREENCHER O CAMPO COM A STRING: OCEANICA ENGENHARIA E CONSULTORIA S.A.
21-11-2023 21:23:44.889Z;functions.enter_coligada;  CLICK AVANÇAR NOVAMENTE
21-11-2023 21:23:46.152Z;functions.enter_coligada;  CLICK CONCLUIR
21-11-2023 21:24:08.755Z;functions.enter_coligada;  POP UP COLIGADA DESAPARECER
21-11-2023 21:24:09.605Z;functions.enter_contas_a_pagar;  CLICK - TOTVS - LINHA RM
21-11-2023 21:24:11.432Z;functions.enter_contas_a_pagar;  CLICK - BACK OFFICE
21-11-2023 21:24:14.237Z;functions.enter_contas_a_pagar;  CLICK - GESTAO FINANCEIRA
21-11-2023 21:24:21.077Z;functions.enter_contas_a_pagar;  CLICK - CONTAS A PAGAR
21-11-2023 21:24:21.985Z;functions.waitForImage;  LANÇAMENTOS image found.
21-11-2023 21:24:24.116Z;functions.enter_contas_a_pagar;  CLICA EM LANÇAMENTOS
21-11-2023 21:24:26.118Z;functions.data_filter;  DATA INICIO 15-11-2023
21-11-2023 21:24:26.119Z;functions.data_filter;  DATA FIM 21-11-2023
21-11-2023 21:24:26.120Z;functions.data_filter;  CLICK - SELECIONA A DATA DE QUARTA FEIRA E DA PROXIMA TERÇA
21-11-2023 21:24:26.122Z;functions.data_filter;  QUARTA-FEIRA: 15-11-2023
21-11-2023 21:24:26.123Z;functions.data_filter;  TERCA-FEIRA: 21-11-2023
21-11-2023 21:24:36.002Z;functions.data_filter;  ESCREVE REMESSA PAGAMENTO PIX NO FILTRO
21-11-2023 21:24:36.816Z;functions.data_filter;  CLICK - BUTÃO DE SELECAO DE FILTRO
21-11-2023 21:24:39.867Z;functions.data_filter;  INSERE - DATA DE QUARTA-FEIRA: 15-11-2023
21-11-2023 21:24:42.159Z;functions.data_filter;  INSERE - DATA DA PROX TERCA-FEIRA: 21-11-2023
21-11-2023 21:24:43.066Z;functions.data_filter;  CLICK - BUTÃO DE EXECUTAR O FILTRO
21-11-2023 21:24:58.388Z;functions.waitForImage;  FILTER CLEAN image found.
21-11-2023 21:25:00.504Z;functions.filter_clean;  CLICA NO BOTÃO X DO LIMPA FILTRO
21-11-2023 21:25:04.251Z;functions.select_tipo_documento;  NOME DA COLUNA: Tipo de Documento
21-11-2023 21:25:05.930Z;functions.select_tipo_documento;  HOVER NOME DA COLUNA: Tipo de Documento
21-11-2023 21:25:06.082Z;functions.select_tipo_documento;  CLICA PARA APARECER O FILTRO PERSONALIZAR
21-11-2023 21:25:06.416Z;functions.select_tipo_documento;  CLICA NO FILTRO PERSONALIZAR
21-11-2023 21:25:08.299Z;functions.select_tipo_documento;  CLICA PARA SELECIONAR OPÇÕES DO FILTRO
21-11-2023 21:25:15.606Z;functions.select_tipo_documento;  CLICK BUTTON CONFIRMAR FILTRO
21-11-2023 21:25:15.608Z;functions.check_table_record;  VERIFICANDO SE A TABELA ESTÁ VAZIA
21-11-2023 21:25:28.565Z;functions.check_table_record;  ATENÇÃO: 

Este processo exige que seja selecionado ao menos um registro para sua execução.
Como não foi feita nenhuma seleção, você deseja executá-lo para TODOS os 8 registros?
21-11-2023 21:25:30.569Z;functions.check_table_record;  NUMERO DE TUPLAS: 8
21-11-2023 21:25:30.570Z;functions.check_table_record;  TABELA CONTÉM REGISTROS
21-11-2023 21:25:39.490Z;functions.check_table_record;  CLICK NÃO
21-11-2023 21:25:45.665Z;functions.process_lancamentos;  SELECIONA TODOS OS LANÇAMENTOS PARA SEREM PROCESSADOS
21-11-2023 21:25:51.846Z;functions.process_lancamentos;  CLICA PARA APARECER CONTA/CAIXA
21-11-2023 21:25:53.240Z;functions.process_lancamentos;  SELECIONA CONTA/CAIXA
21-11-2023 21:25:54.536Z;functions.process_lancamentos;  CLICA NO BOTÃO [...]
21-11-2023 21:25:57.170Z;functions.process_lancamentos;  CLICA NO CAMPO PESQUISA E DIGITA: %3212
21-11-2023 21:25:58.285Z;functions.process_lancamentos;  CLICA NO BOTÃO DO FILTRO
21-11-2023 21:25:59.502Z;functions.process_lancamentos;  CLICA NO BOTÃO OK
21-11-2023 21:26:00.623Z;functions.process_lancamentos;  CLICA NO BOTÃO EXECUTAR
21-11-2023 21:26:08.301Z;functions.waitForImage;  PRESS BUTTON OK image found.
21-11-2023 21:26:10.302Z;functions.process_lancamentos;  O PROCESSAMENTO FOI EXECUTADO COM SUCESSO.
21-11-2023 21:26:13.567Z;functions.process_lancamentos;  CLICK NO LOG.
21-11-2023 21:26:13.674Z;functions.process_lancamentos;  SELECIONA TODA A MSG DE LOG.
21-11-2023 21:26:13.781Z;functions.process_lancamentos;  COPIA A MSG DE LOG.
21-11-2023 21:26:13.788Z;functions.process_lancamentos;  LOG DE LANÇAMENTO REFERENCIA:
21-11-2023 21:26:13.792Z;functions.process_lancamentos;  Lançamento Ref. 804191: Convênio alterado para o convênio default '7' da conta Caixa '02675-5' .
Lançamento Ref. 804192: Convênio alterado para o convênio default '7' da conta Caixa '02675-5' .
Lançamento Ref. 804196: Convênio alterado para o convênio default '7' da conta Caixa '02675-5' .
Lançamento Ref. 804197: Convênio alterado para o convênio default '7' da conta Caixa '02675-5' .
Lançamento Ref. 804202: Convênio alterado para o convênio default '7' da conta Caixa '02675-5' .
Lançamento Ref. 804203: Convênio alterado para o convênio default '7' da conta Caixa '02675-5' .
Lançamento Ref. 820710: Convênio alterado para o convênio default '7' da conta Caixa '02675-5' .
Lançamento Ref. 857531: Convênio alterado para o convênio default '7' da conta Caixa '02675-5' .
Alteração Global de Lançamentos executada com sucesso

21-11-2023 21:26:14.644Z;functions.process_lancamentos;  CLICK EM FECHAR.
21-11-2023 21:26:26.159Z;functions.check_pix;  CHECK TODOS OS LANÇAMENTOS PIX
21-11-2023 21:26:34.267Z;functions.check_pix;  REF. LANÇAMENTO: 804191
21-11-2023 21:26:34.268Z;functions.show_exception_and_exit;  cannot access local variable 'ref_atual_int' where it is not associated with a value
Traceback (most recent call last):
  File "c:\Projetos\Remessas_Pix\main.py", line 24, in <module>
    check_pix()
  File "c:\Projetos\Remessas_Pix\SUBPROGRAMS\functions.py", line 429, in check_pix
    ref_atual_int
UnboundLocalError: cannot access local variable 'ref_atual_int' where it is not associated with a value
21-11-2023 21:26:36.445Z;errorhandler.__handle;  Property: Unknown Property name. [1:203: -ms-interpolation-mode]
21-11-2023 21:26:36.486Z;errorhandler.__handle;  Property: Unknown Property name. [1:353: -webkit-font-smoothing]
21-11-2023 21:26:36.509Z;errorhandler.__handle;  Property: Unknown Property name. [1:483: -ms-text-size-adjust]
21-11-2023 21:26:36.524Z;errorhandler.__handle;  Property: Unknown Property name. [1:518: -webkit-text-size-adjust]
21-11-2023 21:26:36.534Z;errorhandler.__handle;  Property: Unknown Property name. [1:612: mso-table-lspace]
21-11-2023 21:26:36.551Z;errorhandler.__handle;  Property: Unknown Property name. [1:642: mso-table-rspace]
21-11-2023 21:26:36.767Z;errorhandler.__handle;  Property: Unknown Property name. [1:4734: mso-hide]
21-11-2023 21:26:36.853Z;errorhandler.__handle;  Property: Unknown Property name. [1:13: -ms-interpolation-mode]
21-11-2023 21:26:36.860Z;errorhandler.__handle;  Property: Unknown Property name. [1:49: -webkit-font-smoothing]
21-11-2023 21:26:36.865Z;errorhandler.__handle;  Property: Unknown Property name. [1:134: -ms-text-size-adjust]
21-11-2023 21:26:36.868Z;errorhandler.__handle;  Property: Unknown Property name. [1:160: -webkit-text-size-adjust]
21-11-2023 21:26:36.873Z;errorhandler.__handle;  Property: Unknown Property name. [1:26: mso-table-lspace]
21-11-2023 21:26:36.876Z;errorhandler.__handle;  Property: Unknown Property name. [1:45: mso-table-rspace]
21-11-2023 21:26:36.915Z;errorhandler.__handle;  Property: Unknown Property name. [1:92: mso-hide]
21-11-2023 21:26:36.926Z;errorhandler.__handle;  Property: No ":" after name found: align-center [1:1: align-center]
21-11-2023 21:26:36.929Z;errorhandler.__handle;  Property: No property value found: align-center [1:1: align-center]
21-11-2023 21:26:36.931Z;errorhandler.__handle;  CSSStyleDeclaration: Syntax Error in Property: align-center
21-11-2023 21:26:36.937Z;errorhandler.__handle;  Property: Unknown Property name. [1:14: -ms-interpolation-mode]
