21-11-2023 22:14:26.742Z;functions.bot_text_art;      ____   
21-11-2023 22:14:26.742Z;functions.bot_text_art;     [____]    
21-11-2023 22:14:26.742Z;functions.bot_text_art;   |=]()()[=|  
21-11-2023 22:14:26.743Z;functions.bot_text_art;     _\==/__    _____    ____     _        _____    ___   _  __
21-11-2023 22:14:26.743Z;functions.bot_text_art;   |__|   |_|  |  _  \  / ___|   | |      |_   _| / ___| | |/ /
21-11-2023 22:14:26.743Z;functions.bot_text_art;   |_|_/\_|_|  | |  | | | |      | |        | |   | |    | ' / 
21-11-2023 22:14:26.744Z;functions.bot_text_art;   | | __ | |  | |  | | | |      | |        | |   | |    |  <  
21-11-2023 22:14:26.744Z;functions.bot_text_art;   |_|[  ]|_|  | |__| | | |____  | |____   _| |_  | |__  | . \ 
21-11-2023 22:14:26.746Z;functions.bot_text_art;   \_|_||_|_/  |_____/   \_____| |______| |_____| \ ___| |_|\_\
21-11-2023 22:14:26.747Z;functions.bot_text_art;     |_||_|                                                     
21-11-2023 22:14:26.748Z;functions.bot_text_art;     | ||_|_   
21-11-2023 22:14:26.748Z;functions.bot_text_art;   |___||___|  
21-11-2023 22:14:26.749Z;functions.bot_text_art;               
21-11-2023 22:14:26.757Z;functions.open_RM;  OPEN PROGRAM RM
21-11-2023 22:14:38.912Z;functions.loggin_RM;  ENTER USER_NAME
21-11-2023 22:14:40.272Z;functions.loggin_RM;  ENTER PASSWORD
21-11-2023 22:14:41.428Z;functions.loggin_RM;  ENTER RM
21-11-2023 22:15:16.640Z;functions.enter_coligada;  CLICK CONTEXTO
21-11-2023 22:15:21.609Z;functions.enter_coligada;  CLICK COLIGADA 1
21-11-2023 22:15:23.907Z;functions.enter_coligada;  CLICK AVANÇAR
21-11-2023 22:15:26.416Z;functions.enter_coligada;  INSERE O COLIGADA CODE = 1
21-11-2023 22:15:26.576Z;functions.enter_coligada;  APERTA TAB PARA PREENCHER O CAMPO COM A STRING: OCEANICA ENGENHARIA E CONSULTORIA S.A.
21-11-2023 22:15:28.036Z;functions.enter_coligada;  CLICK AVANÇAR NOVAMENTE
21-11-2023 22:15:29.284Z;functions.enter_coligada;  CLICK CONCLUIR
21-11-2023 22:15:53.041Z;functions.enter_coligada;  POP UP COLIGADA DESAPARECER
21-11-2023 22:15:53.888Z;functions.enter_contas_a_pagar;  CLICK - TOTVS - LINHA RM
21-11-2023 22:15:55.684Z;functions.enter_contas_a_pagar;  CLICK - BACK OFFICE
21-11-2023 22:15:58.470Z;functions.enter_contas_a_pagar;  CLICK - GESTAO FINANCEIRA
21-11-2023 22:16:05.257Z;functions.enter_contas_a_pagar;  CLICK - CONTAS A PAGAR
21-11-2023 22:16:06.140Z;functions.waitForImage;  LANÇAMENTOS image found.
21-11-2023 22:16:08.258Z;functions.enter_contas_a_pagar;  CLICA EM LANÇAMENTOS
21-11-2023 22:16:10.259Z;functions.data_filter;  DATA INICIO 15-11-2023
21-11-2023 22:16:10.260Z;functions.data_filter;  DATA FIM 21-11-2023
21-11-2023 22:16:10.261Z;functions.data_filter;  CLICK - SELECIONA A DATA DE QUARTA FEIRA E DA PROXIMA TERÇA
21-11-2023 22:16:10.263Z;functions.data_filter;  QUARTA-FEIRA: 15-11-2023
21-11-2023 22:16:10.264Z;functions.data_filter;  TERCA-FEIRA: 21-11-2023
21-11-2023 22:16:20.750Z;functions.data_filter;  ESCREVE REMESSA PAGAMENTO PIX NO FILTRO
21-11-2023 22:16:21.569Z;functions.data_filter;  CLICK - BUTÃO DE SELECAO DE FILTRO
21-11-2023 22:16:24.656Z;functions.data_filter;  INSERE - DATA DE QUARTA-FEIRA: 15-11-2023
21-11-2023 22:16:26.960Z;functions.data_filter;  INSERE - DATA DA PROX TERCA-FEIRA: 21-11-2023
21-11-2023 22:16:27.865Z;functions.data_filter;  CLICK - BUTÃO DE EXECUTAR O FILTRO
21-11-2023 22:16:38.452Z;functions.waitForImage;  FILTER CLEAN image found.
21-11-2023 22:16:40.588Z;functions.filter_clean;  CLICA NO BOTÃO X DO LIMPA FILTRO
