21-11-2023 22:19:48.748Z;functions.bot_text_art;      ____   
21-11-2023 22:19:48.748Z;functions.bot_text_art;     [____]    
21-11-2023 22:19:48.749Z;functions.bot_text_art;   |=]()()[=|  
21-11-2023 22:19:48.749Z;functions.bot_text_art;     _\==/__    _____    ____     _        _____    ___   _  __
21-11-2023 22:19:48.750Z;functions.bot_text_art;   |__|   |_|  |  _  \  / ___|   | |      |_   _| / ___| | |/ /
21-11-2023 22:19:48.750Z;functions.bot_text_art;   |_|_/\_|_|  | |  | | | |      | |        | |   | |    | ' / 
21-11-2023 22:19:48.751Z;functions.bot_text_art;   | | __ | |  | |  | | | |      | |        | |   | |    |  <  
21-11-2023 22:19:48.752Z;functions.bot_text_art;   |_|[  ]|_|  | |__| | | |____  | |____   _| |_  | |__  | . \ 
21-11-2023 22:19:48.754Z;functions.bot_text_art;   \_|_||_|_/  |_____/   \_____| |______| |_____| \ ___| |_|\_\
21-11-2023 22:19:48.755Z;functions.bot_text_art;     |_||_|                                                     
21-11-2023 22:19:48.756Z;functions.bot_text_art;     | ||_|_   
21-11-2023 22:19:48.757Z;functions.bot_text_art;   |___||___|  
21-11-2023 22:19:48.758Z;functions.bot_text_art;               
21-11-2023 22:19:48.766Z;functions.open_RM;  OPEN PROGRAM RM
21-11-2023 22:20:00.688Z;functions.loggin_RM;  ENTER USER_NAME
21-11-2023 22:20:02.069Z;functions.loggin_RM;  ENTER PASSWORD
21-11-2023 22:20:03.367Z;functions.loggin_RM;  ENTER RM
21-11-2023 22:20:37.611Z;functions.enter_coligada;  CLICK CONTEXTO
21-11-2023 22:20:42.805Z;functions.enter_coligada;  CLICK COLIGADA 1
21-11-2023 22:20:45.110Z;functions.enter_coligada;  CLICK AVANÇAR
21-11-2023 22:20:47.610Z;functions.enter_coligada;  INSERE O COLIGADA CODE = 1
21-11-2023 22:20:47.902Z;functions.enter_coligada;  APERTA TAB PARA PREENCHER O CAMPO COM A STRING: OCEANICA ENGENHARIA E CONSULTORIA S.A.
21-11-2023 22:20:49.220Z;functions.enter_coligada;  CLICK AVANÇAR NOVAMENTE
21-11-2023 22:20:50.486Z;functions.enter_coligada;  CLICK CONCLUIR
21-11-2023 22:21:13.756Z;functions.enter_coligada;  POP UP COLIGADA DESAPARECER
21-11-2023 22:21:14.600Z;functions.enter_contas_a_pagar;  CLICK - TOTVS - LINHA RM
21-11-2023 22:21:16.357Z;functions.enter_contas_a_pagar;  CLICK - BACK OFFICE
21-11-2023 22:21:19.140Z;functions.enter_contas_a_pagar;  CLICK - GESTAO FINANCEIRA
21-11-2023 22:21:27.057Z;functions.enter_contas_a_pagar;  CLICK - CONTAS A PAGAR
21-11-2023 22:21:27.944Z;functions.waitForImage;  LANÇAMENTOS image found.
21-11-2023 22:21:30.062Z;functions.enter_contas_a_pagar;  CLICA EM LANÇAMENTOS
21-11-2023 22:21:32.063Z;functions.data_filter;  DATA INICIO 15-11-2023
21-11-2023 22:21:32.064Z;functions.data_filter;  DATA FIM 21-11-2023
21-11-2023 22:21:32.065Z;functions.data_filter;  CLICK - SELECIONA A DATA DE QUARTA FEIRA E DA PROXIMA TERÇA
21-11-2023 22:21:32.067Z;functions.data_filter;  QUARTA-FEIRA: 15-11-2023
21-11-2023 22:21:32.069Z;functions.data_filter;  TERCA-FEIRA: 21-11-2023
21-11-2023 22:21:42.686Z;functions.data_filter;  ESCREVE REMESSA PAGAMENTO PIX NO FILTRO
21-11-2023 22:21:43.518Z;functions.data_filter;  CLICK - BUTÃO DE SELECAO DE FILTRO
21-11-2023 22:21:46.605Z;functions.data_filter;  INSERE - DATA DE QUARTA-FEIRA: 15-11-2023
21-11-2023 22:21:48.884Z;functions.data_filter;  INSERE - DATA DA PROX TERCA-FEIRA: 21-11-2023
21-11-2023 22:21:49.787Z;functions.data_filter;  CLICK - BUTÃO DE EXECUTAR O FILTRO
21-11-2023 22:22:04.157Z;functions.waitForImage;  FILTER CLEAN image found.
21-11-2023 22:22:06.270Z;functions.filter_clean;  CLICA NO BOTÃO X DO LIMPA FILTRO
21-11-2023 22:22:10.025Z;functions.select_tipo_documento;  NOME DA COLUNA: Tipo de Documento
21-11-2023 22:22:11.746Z;functions.select_tipo_documento;  HOVER NOME DA COLUNA: Tipo de Documento
21-11-2023 22:22:11.880Z;functions.select_tipo_documento;  CLICA PARA APARECER O FILTRO PERSONALIZAR
21-11-2023 22:22:12.206Z;functions.select_tipo_documento;  CLICA NO FILTRO PERSONALIZAR
21-11-2023 22:22:14.346Z;functions.select_tipo_documento;  CLICA PARA SELECIONAR OPÇÕES DO FILTRO
21-11-2023 22:22:21.656Z;functions.select_tipo_documento;  CLICK BUTTON CONFIRMAR FILTRO
21-11-2023 22:22:21.660Z;functions.check_table_record;  VERIFICANDO SE A TABELA ESTÁ VAZIA
21-11-2023 22:22:34.605Z;functions.check_table_record;  ATENÇÃO: 

Este processo exige que seja selecionado ao menos um registro para sua execução.
Como não foi feita nenhuma seleção, você deseja executá-lo para TODOS os 8 registros?
21-11-2023 22:22:36.608Z;functions.check_table_record;  NUMERO DE TUPLAS: 8
21-11-2023 22:22:36.609Z;functions.check_table_record;  TABELA CONTÉM REGISTROS
21-11-2023 22:22:45.523Z;functions.check_table_record;  CLICK NÃO
21-11-2023 22:22:51.692Z;functions.process_lancamentos;  SELECIONA TODOS OS LANÇAMENTOS PARA SEREM PROCESSADOS
21-11-2023 22:22:57.822Z;functions.process_lancamentos;  CLICA PARA APARECER CONTA/CAIXA
21-11-2023 22:22:59.197Z;functions.process_lancamentos;  SELECIONA CONTA/CAIXA
21-11-2023 22:23:00.541Z;functions.process_lancamentos;  CLICA NO BOTÃO [...]
21-11-2023 22:23:02.906Z;functions.process_lancamentos;  CLICA NO CAMPO PESQUISA E DIGITA: %3212
21-11-2023 22:23:03.977Z;functions.process_lancamentos;  CLICA NO BOTÃO DO FILTRO
21-11-2023 22:23:05.204Z;functions.process_lancamentos;  CLICA NO BOTÃO OK
21-11-2023 22:23:06.309Z;functions.process_lancamentos;  CLICA NO BOTÃO EXECUTAR
21-11-2023 22:23:24.066Z;functions.waitForImage;  PRESS BUTTON OK image found.
21-11-2023 22:23:26.067Z;functions.process_lancamentos;  O PROCESSAMENTO FOI EXECUTADO COM SUCESSO.
21-11-2023 22:23:29.333Z;functions.process_lancamentos;  CLICK NO LOG.
21-11-2023 22:23:29.440Z;functions.process_lancamentos;  SELECIONA TODA A MSG DE LOG.
21-11-2023 22:23:29.546Z;functions.process_lancamentos;  COPIA A MSG DE LOG.
21-11-2023 22:23:29.547Z;functions.process_lancamentos;  LOG DE LANÇAMENTO REFERENCIA:
21-11-2023 22:23:29.550Z;functions.process_lancamentos;  Lançamento Ref. 804191: Convênio alterado para o convênio default '7' da conta Caixa '02675-5' .
Lançamento Ref. 804192: Convênio alterado para o convênio default '7' da conta Caixa '02675-5' .
Lançamento Ref. 804196: Convênio alterado para o convênio default '7' da conta Caixa '02675-5' .
Lançamento Ref. 804197: Convênio alterado para o convênio default '7' da conta Caixa '02675-5' .
Lançamento Ref. 804202: Convênio alterado para o convênio default '7' da conta Caixa '02675-5' .
Lançamento Ref. 804203: Convênio alterado para o convênio default '7' da conta Caixa '02675-5' .
Lançamento Ref. 820710: Convênio alterado para o convênio default '7' da conta Caixa '02675-5' .
Lançamento Ref. 857531: Convênio alterado para o convênio default '7' da conta Caixa '02675-5' .
Alteração Global de Lançamentos executada com sucesso

21-11-2023 22:23:30.422Z;functions.process_lancamentos;  CLICK EM FECHAR.
21-11-2023 22:23:42.047Z;functions.check_pix;  CHECK TODOS OS LANÇAMENTOS PIX
21-11-2023 22:23:50.154Z;functions.check_pix;  REF. LANÇAMENTO: 804191
21-11-2023 22:23:50.267Z;functions.check_pix;  APERTA CRONTROL ENTER PARA ENTRAR NO LANÇAMENTO
21-11-2023 22:24:01.264Z;functions.waitForImage;  INTEGRAÇÃO BANCÁRIA image found.
21-11-2023 22:24:03.377Z;functions.check_pix;  CLICK EM INTEGRAÇÃO BANCÁRIA
21-11-2023 22:24:15.685Z;functions.waitForImage;  PIX image not found.
21-11-2023 22:24:15.686Z;functions.check_pix;  DADOS BANCÁRIOS NÃO É PIX PARA O REGISTRO: 804191
21-11-2023 22:24:15.875Z;functions.waitForImage;  PRESS BUTTON OK image found.
21-11-2023 22:24:18.005Z;functions.check_pix;  APERTA OK
21-11-2023 22:24:20.007Z;functions.check_pix;  LANÇAMENTO SERÁ RETIRADO DO PROCESSAMENTO 804191
21-11-2023 22:24:22.816Z;errorhandler.__handle;  CSSStyleDeclaration: Unexpected token, ignoring upto '{        border: none;'. [1:174: {]
21-11-2023 22:24:22.819Z;errorhandler.__handle;  Property: Unknown Property name. [1:204: -ms-interpolation-mode]
21-11-2023 22:24:22.826Z;errorhandler.__handle;  CSSStyleDeclaration: Unexpected token, ignoring upto '}'. [1:267: }]
21-11-2023 22:24:22.830Z;errorhandler.__handle;  CSSStyleDeclaration: Unexpected token, ignoring upto '{        background-color: #f6f6f6;'. [1:281: {]
21-11-2023 22:24:22.848Z;errorhandler.__handle;  Property: Unknown Property name. [1:356: -webkit-font-smoothing]
21-11-2023 22:24:22.864Z;errorhandler.__handle;  Property: Unknown Property name. [1:486: -ms-text-size-adjust]
21-11-2023 22:24:22.868Z;errorhandler.__handle;  Property: Unknown Property name. [1:521: -webkit-text-size-adjust]
21-11-2023 22:24:22.871Z;errorhandler.__handle;  CSSStyleDeclaration: Unexpected token, ignoring upto '}'. [1:559: }]
21-11-2023 22:24:22.878Z;errorhandler.__handle;  CSSStyleDeclaration: Unexpected token, ignoring upto '{        border-collapse: separate;'. [1:574: {]
21-11-2023 22:24:22.884Z;errorhandler.__handle;  Property: Unknown Property name. [1:617: mso-table-lspace]
21-11-2023 22:24:22.887Z;errorhandler.__handle;  Property: Unknown Property name. [1:647: mso-table-rspace]
21-11-2023 22:24:22.894Z;errorhandler.__handle;  CSSStyleDeclaration: Unexpected token, ignoring upto '}'. [1:690: }]
21-11-2023 22:24:22.899Z;errorhandler.__handle;  CSSStyleDeclaration: Unexpected token, ignoring upto '{          font-family: sans-serif;'. [1:710: {]
21-11-2023 22:24:22.906Z;errorhandler.__handle;  CSSStyleDeclaration: Unexpected token, ignoring upto '}'. [1:808: }]
21-11-2023 22:24:22.910Z;errorhandler.__handle;  CSSStyleDeclaration: Unexpected token, ignoring upto '{        background-color: #f6f6f6;'. [1:941: {]
21-11-2023 22:24:22.914Z;errorhandler.__handle;  CSSStyleDeclaration: Unexpected token, ignoring upto '}'. [1:1003: }]
21-11-2023 22:24:22.919Z;errorhandler.__handle;  CSSStyleDeclaration: Unexpected token, ignoring upto '{        display: block;'. [1:1178: {]
21-11-2023 22:24:22.924Z;errorhandler.__handle;  CSSStyleDeclaration: Unexpected token, ignoring upto '}'. [1:1342: }]
21-11-2023 22:24:22.928Z;errorhandler.__handle;  CSSStyleDeclaration: Unexpected token, ignoring upto '{        box-sizing: border-box;'. [1:1452: {]
21-11-2023 22:24:22.939Z;errorhandler.__handle;  CSSStyleDeclaration: Unexpected token, ignoring upto '}'. [1:1584: }]
21-11-2023 22:24:22.944Z;errorhandler.__handle;  CSSStyleDeclaration: Unexpected token, ignoring upto '{        background: #ffffff;'. [1:1721: {]
21-11-2023 22:24:22.953Z;errorhandler.__handle;  CSSStyleDeclaration: Unexpected token, ignoring upto '}'. [1:1804: }]
21-11-2023 22:24:22.956Z;errorhandler.__handle;  CSSStyleDeclaration: Unexpected token, ignoring upto '{        box-sizing: border-box;'. [1:1822: {]
21-11-2023 22:24:22.961Z;errorhandler.__handle;  CSSStyleDeclaration: Unexpected token, ignoring upto '}'. [1:1883: }]
21-11-2023 22:24:22.965Z;errorhandler.__handle;  CSSStyleDeclaration: Unexpected token, ignoring upto '{        padding-bottom: 10px;'. [1:1907: {]
21-11-2023 22:24:22.972Z;errorhandler.__handle;  CSSStyleDeclaration: Unexpected token, ignoring upto '}'. [1:1969: }]
21-11-2023 22:24:22.976Z;errorhandler.__handle;  CSSStyleDeclaration: Unexpected token, ignoring upto '{        clear: both;'. [1:1986: {]
21-11-2023 22:24:22.984Z;errorhandler.__handle;  CSSStyleDeclaration: Unexpected token, ignoring upto '}'. [1:2086: }]
21-11-2023 22:24:22.989Z;errorhandler.__handle;  CSSStyleDeclaration: Unexpected token, ignoring upto '{          color: #999999;'. [1:2165: {]
21-11-2023 22:24:22.993Z;errorhandler.__handle;  CSSStyleDeclaration: Unexpected token, ignoring upto '}'. [1:2253: }]
21-11-2023 22:24:22.998Z;errorhandler.__handle;  CSSStyleDeclaration: Unexpected token, ignoring upto '{        color: #000000;'. [1:2404: {]
21-11-2023 22:24:23.007Z;errorhandler.__handle;  CSSStyleDeclaration: Unexpected token, ignoring upto '}'. [1:2563: }]
21-11-2023 22:24:23.013Z;errorhandler.__handle;  CSSStyleDeclaration: Unexpected token, ignoring upto '{        font-size: 35px;'. [1:2575: {]
21-11-2023 22:24:23.020Z;errorhandler.__handle;  CSSStyleDeclaration: Unexpected token, ignoring upto '}'. [1:2694: }]
21-11-2023 22:24:23.035Z;errorhandler.__handle;  CSSStyleDeclaration: Unexpected token, ignoring upto '{        font-family: sans-serif;'. [1:2723: {]
21-11-2023 22:24:23.058Z;errorhandler.__handle;  CSSStyleDeclaration: Unexpected token, ignoring upto '}'. [1:2861: }]
21-11-2023 22:24:23.068Z;errorhandler.__handle;  CSSStyleDeclaration: Unexpected token, ignoring upto '{          list-style-position: inside;'. [1:2905: {]
21-11-2023 22:24:23.072Z;errorhandler.__handle;  CSSStyleDeclaration: Unexpected token, ignoring upto '}'. [1:2978: }]
21-11-2023 22:24:23.077Z;errorhandler.__handle;  CSSStyleDeclaration: Unexpected token, ignoring upto '{        color: #3498db;'. [1:2989: {]
21-11-2023 22:24:23.082Z;errorhandler.__handle;  CSSStyleDeclaration: Unexpected token, ignoring upto '}'. [1:3055: }]
21-11-2023 22:24:23.088Z;errorhandler.__handle;  CSSStyleDeclaration: Unexpected token, ignoring upto '{        box-sizing: border-box;'. [1:3178: {]
21-11-2023 22:24:23.093Z;errorhandler.__handle;  CSSStyleDeclaration: Unexpected token, ignoring upto '}'. [1:3231: }]
21-11-2023 22:24:23.097Z;errorhandler.__handle;  CSSStyleDeclaration: Unexpected token, ignoring upto '{          padding-bottom: 15px;'. [1:3265: {]
21-11-2023 22:24:23.101Z;errorhandler.__handle;  CSSStyleDeclaration: Unexpected token, ignoring upto '}'. [1:3298: }]
21-11-2023 22:24:23.105Z;errorhandler.__handle;  CSSStyleDeclaration: Unexpected token, ignoring upto '{          width: auto;'. [1:3320: {]
21-11-2023 22:24:23.110Z;errorhandler.__handle;  CSSStyleDeclaration: Unexpected token, ignoring upto '}'. [1:3350: }]
21-11-2023 22:24:23.114Z;errorhandler.__handle;  CSSStyleDeclaration: Unexpected token, ignoring upto '{          background-color: #ffffff;'. [1:3375: {]
21-11-2023 22:24:23.118Z;errorhandler.__handle;  CSSStyleDeclaration: Unexpected token, ignoring upto '}'. [1:3477: }]
21-11-2023 22:24:23.124Z;errorhandler.__handle;  CSSStyleDeclaration: Unexpected token, ignoring upto '{          background-color: #ffffff;'. [1:3495: {]
21-11-2023 22:24:23.490Z;errorhandler.__handle;  CSSStyleDeclaration: Unexpected token, ignoring upto '}'. [1:3892: }]
21-11-2023 22:24:23.493Z;errorhandler.__handle;  CSSStyleDeclaration: Unexpected token, ignoring upto '{        background-color: #3498db;'. [1:3923: {]
21-11-2023 22:24:23.495Z;errorhandler.__handle;  CSSStyleDeclaration: Unexpected token, ignoring upto '}'. [1:3965: }]
21-11-2023 22:24:23.499Z;errorhandler.__handle;  CSSStyleDeclaration: Unexpected token, ignoring upto '{        background-color: #3498db;'. [1:3989: {]
21-11-2023 22:24:23.537Z;errorhandler.__handle;  CSSStyleDeclaration: Unexpected token, ignoring upto '}'. [1:4084: }]
21-11-2023 22:24:23.540Z;errorhandler.__handle;  CSSStyleDeclaration: Unexpected token, ignoring upto '{        margin-bottom: 0;'. [1:4234: {]
21-11-2023 22:24:23.541Z;errorhandler.__handle;  CSSStyleDeclaration: Unexpected token, ignoring upto '}'. [1:4267: }]
21-11-2023 22:24:23.544Z;errorhandler.__handle;  CSSStyleDeclaration: Unexpected token, ignoring upto '{        margin-top: 0;'. [1:4283: {]
21-11-2023 22:24:23.545Z;errorhandler.__handle;  CSSStyleDeclaration: Unexpected token, ignoring upto '}'. [1:4313: }]
21-11-2023 22:24:23.548Z;errorhandler.__handle;  CSSStyleDeclaration: Unexpected token, ignoring upto '{        text-align: center;'. [1:4336: {]
21-11-2023 22:24:23.549Z;errorhandler.__handle;  CSSStyleDeclaration: Unexpected token, ignoring upto '}'. [1:4371: }]
21-11-2023 22:24:23.551Z;errorhandler.__handle;  CSSStyleDeclaration: Unexpected token, ignoring upto '{        text-align: right;'. [1:4393: {]
21-11-2023 22:24:23.554Z;errorhandler.__handle;  CSSStyleDeclaration: Unexpected token, ignoring upto '}'. [1:4427: }]
21-11-2023 22:24:23.556Z;errorhandler.__handle;  CSSStyleDeclaration: Unexpected token, ignoring upto '{        text-align: left;'. [1:4448: {]
21-11-2023 22:24:23.558Z;errorhandler.__handle;  CSSStyleDeclaration: Unexpected token, ignoring upto '}'. [1:4481: }]
21-11-2023 22:24:23.561Z;errorhandler.__handle;  CSSStyleDeclaration: Unexpected token, ignoring upto '{        clear: both;'. [1:4497: {]
21-11-2023 22:24:23.563Z;errorhandler.__handle;  CSSStyleDeclaration: Unexpected token, ignoring upto '}'. [1:4525: }]
21-11-2023 22:24:23.566Z;errorhandler.__handle;  CSSStyleDeclaration: Unexpected token, ignoring upto '{        margin-top: 0;'. [1:4539: {]
21-11-2023 22:24:23.568Z;errorhandler.__handle;  CSSStyleDeclaration: Unexpected token, ignoring upto '}'. [1:4569: }]
21-11-2023 22:24:23.571Z;errorhandler.__handle;  CSSStyleDeclaration: Unexpected token, ignoring upto '{        margin-bottom: 0;'. [1:4583: {]
21-11-2023 22:24:23.573Z;errorhandler.__handle;  CSSStyleDeclaration: Unexpected token, ignoring upto '}'. [1:4616: }]
21-11-2023 22:24:23.575Z;errorhandler.__handle;  CSSStyleDeclaration: Unexpected token, ignoring upto '{        color: transparent;'. [1:4636: {]
21-11-2023 22:24:23.581Z;errorhandler.__handle;  Property: Unknown Property name. [1:4799: mso-hide]
21-11-2023 22:24:23.583Z;errorhandler.__handle;  CSSStyleDeclaration: Unexpected token, ignoring upto '}'. [1:4864: }]
21-11-2023 22:24:23.586Z;errorhandler.__handle;  CSSStyleDeclaration: Unexpected token, ignoring upto '{        text-decoration: none;'. [1:4887: {]
21-11-2023 22:24:23.588Z;errorhandler.__handle;  CSSStyleDeclaration: Unexpected token, ignoring upto '}'. [1:4925: }]
21-11-2023 22:24:23.591Z;errorhandler.__handle;  CSSStyleDeclaration: Unexpected token, ignoring upto '{        border: 0;'. [1:4937: {]
21-11-2023 22:24:23.600Z;errorhandler.__handle;  CSSStyleDeclaration: Unexpected token, ignoring upto '}'. [1:5027: }]
21-11-2023 22:24:23.608Z;errorhandler.__handle;  CSSStyleRule: No selector found: '{        table.body h1 {{          font-size: 28px !important;          margin-bottom: 10px !important;         }}        table.body p,        table.body ul,        table.body ol,        table.body td,        table.body span,        table.body a {{          font-size: 16px !important;         }}        table.body .wrapper,        table.body .article {{          padding: 10px !important;         }}        table.body .content {{          padding: 0 !important;         }}        table.body .container {{          padding: 0 !important;          width: 100% !important;         }}        table.body .main {{          border-left-width: 0 !important;          border-radius: 0 !important;          border-right-width: 0 !important;         }}        table.body .btn table {{          width: 100% !important;         }}        table.body .btn a {{          width: 100% !important;         }}        table.body .img-responsive {{          height: auto !important;          max-width: 100% !important;          width: auto !important;         }}      }'. [1:5217: {]
21-11-2023 22:24:23.621Z;errorhandler.__handle;  SelectorList: Unknown Syntax: ''
21-11-2023 22:24:23.623Z;errorhandler.__handle;  Property: No ":" after name found: table.body h1 {{          font-size: 28px !important;          margin-bottom: 10px !important;         }}        table.body p,        table.body ul,        table.body ol,        table.body td,        table.body span,        table.body a {{          font-size: 16px !important;         }}        table.body .wrapper,        table.body .article {{          padding: 10px !important;         }}        table.body .content {{          padding: 0 !important;         }}        table.body .container {{          padding: 0 !important;          width: 100% !important;         }}        table.body .main {{          border-left-width: 0 !important;          border-radius: 0 !important;          border-right-width: 0 !important;         }}        table.body .btn table {{          width: 100% !important;         }}        table.body .btn a {{          width: 100% !important;         }}        table.body .img-responsive {{          height: auto !important;          max-width: 100% !important;          width: auto !important;         }}       [1:6259:       ]
21-11-2023 22:24:23.646Z;errorhandler.__handle;  Property: No property value found: table.body h1 {{          font-size: 28px !important;          margin-bottom: 10px !important;         }}        table.body p,        table.body ul,        table.body ol,        table.body td,        table.body span,        table.body a {{          font-size: 16px !important;         }}        table.body .wrapper,        table.body .article {{          padding: 10px !important;         }}        table.body .content {{          padding: 0 !important;         }}        table.body .container {{          padding: 0 !important;          width: 100% !important;         }}        table.body .main {{          border-left-width: 0 !important;          border-radius: 0 !important;          border-right-width: 0 !important;         }}        table.body .btn table {{          width: 100% !important;         }}        table.body .btn a {{          width: 100% !important;         }}        table.body .img-responsive {{          height: auto !important;          max-width: 100% !important;          width: auto !important;         }}       [1:6259:       ]
21-11-2023 22:24:23.666Z;errorhandler.__handle;  CSSStyleDeclaration: Syntax Error in Property: table.body h1 {{          font-size: 28px !important;          margin-bottom: 10px !important;         }}        table.body p,        table.body ul,        table.body ol,        table.body td,        table.body span,        table.body a {{          font-size: 16px !important;         }}        table.body .wrapper,        table.body .article {{          padding: 10px !important;         }}        table.body .content {{          padding: 0 !important;         }}        table.body .container {{          padding: 0 !important;          width: 100% !important;         }}        table.body .main {{          border-left-width: 0 !important;          border-radius: 0 !important;          border-right-width: 0 !important;         }}        table.body .btn table {{          width: 100% !important;         }}        table.body .btn a {{          width: 100% !important;         }}        table.body .img-responsive {{          height: auto !important;          max-width: 100% !important;          width: auto !important;         }}      
21-11-2023 22:24:23.679Z;errorhandler.__handle;  CSSStyleRule: No selector found: '{        .ExternalClass {{          width: 100%;         }}        .ExternalClass,        .ExternalClass p,        .ExternalClass span,        .ExternalClass font,        .ExternalClass td,        .ExternalClass div {{          line-height: 100%;         }}        .apple-link a {{          color: inherit !important;          font-family: inherit !important;          font-size: inherit !important;          font-weight: inherit !important;          line-height: inherit !important;          text-decoration: none !important;         }}        #MessageViewBody a {{          color: inherit;          text-decoration: none;          font-size: inherit;          font-family: inherit;          font-weight: inherit;          line-height: inherit;        }}        .btn-primary table td:hover {{          background-color: #34495e !important;         }}        .btn-primary a:hover {{          background-color: #34495e !important;          border-color: #34495e !important;         }}       }'. [1:6420: {]
21-11-2023 22:24:23.688Z;errorhandler.__handle;  SelectorList: Unknown Syntax: ''
21-11-2023 22:24:23.689Z;errorhandler.__handle;  CSSStyleDeclaration: Unexpected token, ignoring upto '.ExternalClass {{          width: 100%;         }}        .ExternalClass,        .ExternalClass p,        .ExternalClass span,        .ExternalClass font,        .ExternalClass td,        .ExternalClass div {{          line-height: 100%;         }}        .apple-link a {{          color: inherit !important;          font-family: inherit !important;          font-size: inherit !important;          font-weight: inherit !important;          line-height: inherit !important;          text-decoration: none !important;         }}        #MessageViewBody a {{          color: inherit;          text-decoration: none;          font-size: inherit;          font-family: inherit;          font-weight: inherit;          line-height: inherit;        }}        .btn-primary table td:hover {{          background-color: #34495e !important;         }}        .btn-primary a:hover {{          background-color: #34495e !important;          border-color: #34495e !important;         }}       '. [1:6429: .]
21-11-2023 22:24:23.709Z;errorhandler.__handle;  Property: Unknown Property name. [1:1: -ms-interpolation-mode]
21-11-2023 22:24:23.714Z;errorhandler.__handle;  Property: Unknown Property name. [1:24: -webkit-font-smoothing]
21-11-2023 22:24:23.720Z;errorhandler.__handle;  Property: Unknown Property name. [1:109: -ms-text-size-adjust]
21-11-2023 22:24:23.723Z;errorhandler.__handle;  Property: Unknown Property name. [1:135: -webkit-text-size-adjust]
21-11-2023 22:24:23.726Z;errorhandler.__handle;  Property: Unknown Property name. [1:1: mso-table-lspace]
21-11-2023 22:24:23.728Z;errorhandler.__handle;  Property: Unknown Property name. [1:20: mso-table-rspace]
21-11-2023 22:24:23.750Z;errorhandler.__handle;  Property: Unknown Property name. [1:74: mso-hide]
21-11-2023 22:24:23.758Z;errorhandler.__handle;  Property: No ":" after name found: align-center [1:1: align-center]
21-11-2023 22:24:23.761Z;errorhandler.__handle;  Property: No property value found: align-center [1:1: align-center]
21-11-2023 22:24:23.762Z;errorhandler.__handle;  CSSStyleDeclaration: Syntax Error in Property: align-center
21-11-2023 22:24:23.766Z;errorhandler.__handle;  Property: Unknown Property name. [1:1: -ms-interpolation-mode]
21-11-2023 22:24:25.680Z;functions.emailErro;  Success e-mail sent.
21-11-2023 22:24:25.681Z;functions.check_pix;  DESMARCA REGISTRO
21-11-2023 22:24:38.110Z;functions.waitForImage;  PRESS BUTTON OK image not found.
21-11-2023 22:24:48.572Z;functions.waitForImage;  PRESS BUTTON OK 2 image not found.
21-11-2023 22:24:48.676Z;functions.check_pix;  APERTA PARA BAIXO PARA VERIFICAR O PRÓXIMO REGISTRO
21-11-2023 22:24:58.781Z;functions.check_pix;  REF. LANÇAMENTO: 804192
21-11-2023 22:24:58.885Z;functions.check_pix;  APERTA CRONTROL ENTER PARA ENTRAR NO LANÇAMENTO
21-11-2023 22:25:05.813Z;functions.waitForImage;  INTEGRAÇÃO BANCÁRIA image found.
21-11-2023 22:25:07.922Z;functions.check_pix;  CLICK EM INTEGRAÇÃO BANCÁRIA
21-11-2023 22:25:20.223Z;functions.waitForImage;  PIX image not found.
21-11-2023 22:25:20.224Z;functions.check_pix;  DADOS BANCÁRIOS NÃO É PIX PARA O REGISTRO: 804192
21-11-2023 22:25:20.405Z;functions.waitForImage;  PRESS BUTTON OK image found.
21-11-2023 22:25:22.534Z;functions.check_pix;  APERTA OK
21-11-2023 22:25:24.536Z;functions.check_pix;  LANÇAMENTO SERÁ RETIRADO DO PROCESSAMENTO 804192
21-11-2023 22:25:26.274Z;errorhandler.__handle;  Property: Unknown Property name. [1:1: -ms-interpolation-mode]
21-11-2023 22:25:28.254Z;functions.emailErro;  Success e-mail sent.
21-11-2023 22:25:28.255Z;functions.check_pix;  DESMARCA REGISTRO
21-11-2023 22:25:40.715Z;functions.waitForImage;  PRESS BUTTON OK image not found.
21-11-2023 22:25:51.105Z;functions.waitForImage;  PRESS BUTTON OK 2 image not found.
21-11-2023 22:25:51.209Z;functions.check_pix;  APERTA PARA BAIXO PARA VERIFICAR O PRÓXIMO REGISTRO
21-11-2023 22:26:01.315Z;functions.check_pix;  REF. LANÇAMENTO: 804196
21-11-2023 22:26:01.419Z;functions.check_pix;  APERTA CRONTROL ENTER PARA ENTRAR NO LANÇAMENTO
21-11-2023 22:26:08.330Z;functions.waitForImage;  INTEGRAÇÃO BANCÁRIA image found.
21-11-2023 22:26:10.450Z;functions.check_pix;  CLICK EM INTEGRAÇÃO BANCÁRIA
21-11-2023 22:26:12.620Z;functions.waitForImage;  PIX image found.
21-11-2023 22:26:14.744Z;functions.check_pix;  CLICK EM PIX
21-11-2023 22:26:14.746Z;functions.check_pix;  VERIFICANDO INFORMAÇÕES
21-11-2023 22:26:17.057Z;functions.waitForImage;  FORMA DE PAGAMENTO image found.
21-11-2023 22:26:19.059Z;functions.check_pix;  FORMA DE PAGAMENTO TRANSFERÊNCIA PIX
21-11-2023 22:26:19.060Z;functions.check_data_pix;  CHECANDO DADOS CHAVE PIX
21-11-2023 22:26:24.695Z;functions.waitForImage;  TIPO DE CHAVE PIX image not found.
21-11-2023 22:26:24.696Z;functions.check_data_pix;  TIPO DE CHAVE PIX PREENCHIDA
21-11-2023 22:26:24.698Z;functions.check_data_pix;  CHECANDO A CHAVE PIX
21-11-2023 22:26:30.275Z;functions.waitForImage;  CHAVE PIX image not found.
21-11-2023 22:26:30.276Z;functions.check_data_pix;  CHAVE PIX PREENCHIDA
21-11-2023 22:26:30.466Z;functions.waitForImage;  PRESS BUTTON OK image found.
21-11-2023 22:26:32.609Z;functions.check_pix;  APERTA OK
21-11-2023 22:26:34.799Z;functions.waitForImage;  PRESS BUTTON OK 2 image found.
21-11-2023 22:26:36.903Z;functions.check_pix;  APERTA OK 2
21-11-2023 22:26:42.008Z;functions.check_pix;  APERTA PARA BAIXO PARA VERIFICAR O PRÓXIMO REGISTRO
21-11-2023 22:26:52.114Z;functions.check_pix;  REF. LANÇAMENTO: 804197
21-11-2023 22:26:52.218Z;functions.check_pix;  APERTA CRONTROL ENTER PARA ENTRAR NO LANÇAMENTO
21-11-2023 22:26:58.506Z;functions.waitForImage;  INTEGRAÇÃO BANCÁRIA image found.
21-11-2023 22:27:00.632Z;functions.check_pix;  CLICK EM INTEGRAÇÃO BANCÁRIA
21-11-2023 22:27:02.817Z;functions.waitForImage;  PIX image found.
21-11-2023 22:27:04.950Z;functions.check_pix;  CLICK EM PIX
21-11-2023 22:27:04.951Z;functions.check_pix;  VERIFICANDO INFORMAÇÕES
21-11-2023 22:27:06.419Z;functions.waitForImage;  FORMA DE PAGAMENTO image found.
21-11-2023 22:27:08.422Z;functions.check_pix;  FORMA DE PAGAMENTO TRANSFERÊNCIA PIX
21-11-2023 22:27:08.423Z;functions.check_data_pix;  CHECANDO DADOS CHAVE PIX
21-11-2023 22:27:14.059Z;functions.waitForImage;  TIPO DE CHAVE PIX image not found.
21-11-2023 22:27:14.060Z;functions.check_data_pix;  TIPO DE CHAVE PIX PREENCHIDA
21-11-2023 22:27:14.062Z;functions.check_data_pix;  CHECANDO A CHAVE PIX
21-11-2023 22:27:19.646Z;functions.waitForImage;  CHAVE PIX image not found.
21-11-2023 22:27:19.648Z;functions.check_data_pix;  CHAVE PIX PREENCHIDA
21-11-2023 22:27:19.821Z;functions.waitForImage;  PRESS BUTTON OK image found.
21-11-2023 22:27:21.951Z;functions.check_pix;  APERTA OK
21-11-2023 22:27:24.150Z;functions.waitForImage;  PRESS BUTTON OK 2 image found.
21-11-2023 22:27:26.257Z;functions.check_pix;  APERTA OK 2
21-11-2023 22:27:31.361Z;functions.check_pix;  APERTA PARA BAIXO PARA VERIFICAR O PRÓXIMO REGISTRO
21-11-2023 22:27:41.467Z;functions.check_pix;  REF. LANÇAMENTO: 804202
21-11-2023 22:27:41.572Z;functions.check_pix;  APERTA CRONTROL ENTER PARA ENTRAR NO LANÇAMENTO
21-11-2023 22:27:49.100Z;functions.waitForImage;  INTEGRAÇÃO BANCÁRIA image found.
21-11-2023 22:27:51.209Z;functions.check_pix;  CLICK EM INTEGRAÇÃO BANCÁRIA
21-11-2023 22:27:53.399Z;functions.waitForImage;  PIX image found.
21-11-2023 22:27:55.523Z;functions.check_pix;  CLICK EM PIX
21-11-2023 22:27:55.524Z;functions.check_pix;  VERIFICANDO INFORMAÇÕES
21-11-2023 22:27:57.065Z;functions.waitForImage;  FORMA DE PAGAMENTO image found.
21-11-2023 22:27:59.069Z;functions.check_pix;  FORMA DE PAGAMENTO TRANSFERÊNCIA PIX
21-11-2023 22:27:59.070Z;functions.check_data_pix;  CHECANDO DADOS CHAVE PIX
21-11-2023 22:27:59.352Z;functions.waitForImage;  TIPO DE CHAVE PIX image found.
21-11-2023 22:28:01.358Z;functions.check_data_pix;  TIPO DE CHAVE PIX NÃO PREENCHIDA
21-11-2023 22:28:01.359Z;functions.check_data_pix;  CHECANDO A CHAVE PIX
21-11-2023 22:28:01.538Z;functions.waitForImage;  CHAVE PIX image found.
21-11-2023 22:28:03.539Z;functions.check_data_pix;  CHAVE NÃO PIX PREENCHIDA
21-11-2023 22:28:03.540Z;functions.check_data;  CHECANDO DADOS BANCÁRIOS
21-11-2023 22:28:03.541Z;functions.check_data_bank;  CHECANDO DADOS BANCÁRIOS
21-11-2023 22:28:09.122Z;functions.waitForImage;  BANCO image not found.
21-11-2023 22:28:09.123Z;functions.check_data_bank;  CAMPO BANCO PREENCHIDO
21-11-2023 22:28:09.124Z;functions.check_data_bank;  CHECANDO AGENCIA
21-11-2023 22:28:14.751Z;functions.waitForImage;  AGENCIA image not found.
21-11-2023 22:28:14.752Z;functions.check_data_bank;  CAMPO AGENCIA PREENCHIDO
21-11-2023 22:28:14.754Z;functions.check_data_bank;  CHECANDO DIGITO
21-11-2023 22:28:14.924Z;functions.waitForImage;  DIGITO AGENCIA image found.
21-11-2023 22:28:16.927Z;functions.check_data_bank;  CAMPO DIGITO NÃO PREENCHIDO
21-11-2023 22:28:16.928Z;functions.check_data_bank;  CHECANDO CONTA CORRENTE
21-11-2023 22:28:21.935Z;functions.waitForImage;  CONTA CORRENTE image not found.
21-11-2023 22:28:21.937Z;functions.check_data_bank;  CAMPO CONTA CORRENTE PREENCHIDO
21-11-2023 22:28:21.938Z;functions.check_data_bank;  RETORNA FALSE
21-11-2023 22:28:21.939Z;functions.check_data;  check_data RETORNA FALSE
21-11-2023 22:28:22.123Z;functions.waitForImage;  PRESS BUTTON OK image found.
21-11-2023 22:28:24.269Z;functions.check_pix;  PRESS BUTTON OK
21-11-2023 22:28:26.456Z;functions.waitForImage;  PRESS BUTTON OK 2 image found.
21-11-2023 22:28:28.566Z;functions.check_pix;  PRESS BUTTON OK 2
21-11-2023 22:28:33.572Z;functions.check_pix;  LANÇAMENTO SERÁ RETIRADO DO PROCESSAMENTO 804202
21-11-2023 22:28:34.644Z;errorhandler.__handle;  Property: Unknown Property name. [1:1: -ms-interpolation-mode]
21-11-2023 22:28:36.698Z;functions.emailErro;  Success e-mail sent.
21-11-2023 22:28:36.699Z;functions.check_pix;  DESMARCA REGISTRO
21-11-2023 22:28:49.172Z;functions.waitForImage;  PRESS BUTTON OK image not found.
21-11-2023 22:28:59.633Z;functions.waitForImage;  PRESS BUTTON OK 2 image not found.
21-11-2023 22:28:59.737Z;functions.check_pix;  APERTA PARA BAIXO PARA VERIFICAR O PRÓXIMO REGISTRO
21-11-2023 22:29:09.842Z;functions.check_pix;  REF. LANÇAMENTO: 804203
21-11-2023 22:29:09.948Z;functions.check_pix;  APERTA CRONTROL ENTER PARA ENTRAR NO LANÇAMENTO
21-11-2023 22:29:17.364Z;functions.waitForImage;  INTEGRAÇÃO BANCÁRIA image found.
21-11-2023 22:29:19.486Z;functions.check_pix;  CLICK EM INTEGRAÇÃO BANCÁRIA
21-11-2023 22:29:21.668Z;functions.waitForImage;  PIX image found.
21-11-2023 22:29:23.797Z;functions.check_pix;  CLICK EM PIX
21-11-2023 22:29:23.798Z;functions.check_pix;  VERIFICANDO INFORMAÇÕES
21-11-2023 22:29:25.961Z;functions.waitForImage;  FORMA DE PAGAMENTO image found.
21-11-2023 22:29:27.963Z;functions.check_pix;  FORMA DE PAGAMENTO TRANSFERÊNCIA PIX
21-11-2023 22:29:27.964Z;functions.check_data_pix;  CHECANDO DADOS CHAVE PIX
21-11-2023 22:29:28.154Z;functions.waitForImage;  TIPO DE CHAVE PIX image found.
21-11-2023 22:29:30.156Z;functions.check_data_pix;  TIPO DE CHAVE PIX NÃO PREENCHIDA
21-11-2023 22:29:30.157Z;functions.check_data_pix;  CHECANDO A CHAVE PIX
21-11-2023 22:29:30.343Z;functions.waitForImage;  CHAVE PIX image found.
21-11-2023 22:29:32.346Z;functions.check_data_pix;  CHAVE NÃO PIX PREENCHIDA
21-11-2023 22:29:32.347Z;functions.check_data;  CHECANDO DADOS BANCÁRIOS
21-11-2023 22:29:32.348Z;functions.check_data_bank;  CHECANDO DADOS BANCÁRIOS
21-11-2023 22:29:37.995Z;functions.waitForImage;  BANCO image not found.
21-11-2023 22:29:37.997Z;functions.check_data_bank;  CAMPO BANCO PREENCHIDO
21-11-2023 22:29:37.998Z;functions.check_data_bank;  CHECANDO AGENCIA
21-11-2023 22:29:43.540Z;functions.waitForImage;  AGENCIA image not found.
21-11-2023 22:29:43.542Z;functions.check_data_bank;  CAMPO AGENCIA PREENCHIDO
21-11-2023 22:29:43.543Z;functions.check_data_bank;  CHECANDO DIGITO
21-11-2023 22:29:43.736Z;functions.waitForImage;  DIGITO AGENCIA image found.
21-11-2023 22:29:45.738Z;functions.check_data_bank;  CAMPO DIGITO NÃO PREENCHIDO
21-11-2023 22:29:45.739Z;functions.check_data_bank;  CHECANDO CONTA CORRENTE
21-11-2023 22:29:51.404Z;functions.waitForImage;  CONTA CORRENTE image not found.
21-11-2023 22:29:51.405Z;functions.check_data_bank;  CAMPO CONTA CORRENTE PREENCHIDO
21-11-2023 22:29:51.406Z;functions.check_data_bank;  RETORNA FALSE
21-11-2023 22:29:51.407Z;functions.check_data;  check_data RETORNA FALSE
21-11-2023 22:29:51.600Z;functions.waitForImage;  PRESS BUTTON OK image found.
21-11-2023 22:29:53.746Z;functions.check_pix;  PRESS BUTTON OK
21-11-2023 22:29:55.925Z;functions.waitForImage;  PRESS BUTTON OK 2 image found.
21-11-2023 22:29:58.039Z;functions.check_pix;  PRESS BUTTON OK 2
21-11-2023 22:30:03.042Z;functions.check_pix;  LANÇAMENTO SERÁ RETIRADO DO PROCESSAMENTO 804203
21-11-2023 22:30:04.398Z;errorhandler.__handle;  Property: Unknown Property name. [1:1: -ms-interpolation-mode]
21-11-2023 22:30:06.522Z;functions.emailErro;  Success e-mail sent.
21-11-2023 22:30:06.523Z;functions.check_pix;  DESMARCA REGISTRO
21-11-2023 22:30:18.966Z;functions.waitForImage;  PRESS BUTTON OK image not found.
21-11-2023 22:30:29.406Z;functions.waitForImage;  PRESS BUTTON OK 2 image not found.
21-11-2023 22:30:29.510Z;functions.check_pix;  APERTA PARA BAIXO PARA VERIFICAR O PRÓXIMO REGISTRO
21-11-2023 22:30:39.616Z;functions.check_pix;  REF. LANÇAMENTO: 820710
21-11-2023 22:30:39.720Z;functions.check_pix;  APERTA CRONTROL ENTER PARA ENTRAR NO LANÇAMENTO
21-11-2023 22:30:46.621Z;functions.waitForImage;  INTEGRAÇÃO BANCÁRIA image found.
21-11-2023 22:30:48.740Z;functions.check_pix;  CLICK EM INTEGRAÇÃO BANCÁRIA
21-11-2023 22:31:01.040Z;functions.waitForImage;  PIX image not found.
21-11-2023 22:31:01.041Z;functions.check_pix;  DADOS BANCÁRIOS NÃO É PIX PARA O REGISTRO: 820710
21-11-2023 22:31:01.318Z;functions.waitForImage;  PRESS BUTTON OK image found.
21-11-2023 22:31:03.437Z;functions.check_pix;  APERTA OK
21-11-2023 22:31:05.442Z;functions.check_pix;  LANÇAMENTO SERÁ RETIRADO DO PROCESSAMENTO 820710
21-11-2023 22:31:06.510Z;errorhandler.__handle;  Property: Unknown Property name. [1:1: -ms-interpolation-mode]
21-11-2023 22:31:08.548Z;functions.emailErro;  Success e-mail sent.
21-11-2023 22:31:08.549Z;functions.check_pix;  DESMARCA REGISTRO
21-11-2023 22:31:21.050Z;functions.waitForImage;  PRESS BUTTON OK image not found.
21-11-2023 22:31:31.502Z;functions.waitForImage;  PRESS BUTTON OK 2 image not found.
21-11-2023 22:31:31.606Z;functions.check_pix;  APERTA PARA BAIXO PARA VERIFICAR O PRÓXIMO REGISTRO
21-11-2023 22:31:41.711Z;functions.check_pix;  REF. LANÇAMENTO: 857531
21-11-2023 22:31:41.815Z;functions.check_pix;  APERTA CRONTROL ENTER PARA ENTRAR NO LANÇAMENTO
21-11-2023 22:31:49.401Z;functions.waitForImage;  INTEGRAÇÃO BANCÁRIA image found.
21-11-2023 22:31:51.522Z;functions.check_pix;  CLICK EM INTEGRAÇÃO BANCÁRIA
21-11-2023 22:32:03.811Z;functions.waitForImage;  PIX image not found.
21-11-2023 22:32:03.812Z;functions.check_pix;  DADOS BANCÁRIOS NÃO É PIX PARA O REGISTRO: 857531
21-11-2023 22:32:04.074Z;functions.waitForImage;  PRESS BUTTON OK image found.
21-11-2023 22:32:06.243Z;functions.check_pix;  APERTA OK
21-11-2023 22:32:07.290Z;functions.show_exception_and_exit;  
Traceback (most recent call last):
  File "c:\Projetos\Remessas_Pix\main.py", line 24, in <module>
    check_pix()
  File "c:\Projetos\Remessas_Pix\SUBPROGRAMS\functions.py", line 521, in check_pix
    time.sleep(2)
KeyboardInterrupt
21-11-2023 22:32:08.242Z;errorhandler.__handle;  Property: Unknown Property name. [1:203: -ms-interpolation-mode]
21-11-2023 22:32:08.263Z;errorhandler.__handle;  Property: Unknown Property name. [1:353: -webkit-font-smoothing]
21-11-2023 22:32:08.266Z;errorhandler.__handle;  Property: Unknown Property name. [1:483: -ms-text-size-adjust]
21-11-2023 22:32:08.268Z;errorhandler.__handle;  Property: Unknown Property name. [1:518: -webkit-text-size-adjust]
21-11-2023 22:32:08.271Z;errorhandler.__handle;  Property: Unknown Property name. [1:612: mso-table-lspace]
21-11-2023 22:32:08.273Z;errorhandler.__handle;  Property: Unknown Property name. [1:642: mso-table-rspace]
21-11-2023 22:32:08.443Z;errorhandler.__handle;  Property: Unknown Property name. [1:4734: mso-hide]
21-11-2023 22:32:08.617Z;errorhandler.__handle;  Property: Unknown Property name. [1:13: -ms-interpolation-mode]
21-11-2023 22:32:08.727Z;errorhandler.__handle;  Property: Unknown Property name. [1:49: -webkit-font-smoothing]
21-11-2023 22:32:08.847Z;errorhandler.__handle;  Property: Unknown Property name. [1:134: -ms-text-size-adjust]
21-11-2023 22:32:08.918Z;errorhandler.__handle;  Property: Unknown Property name. [1:160: -webkit-text-size-adjust]
21-11-2023 22:32:08.934Z;errorhandler.__handle;  Property: Unknown Property name. [1:26: mso-table-lspace]
21-11-2023 22:32:08.939Z;errorhandler.__handle;  Property: Unknown Property name. [1:45: mso-table-rspace]
21-11-2023 22:32:08.987Z;errorhandler.__handle;  Property: Unknown Property name. [1:92: mso-hide]
21-11-2023 22:32:08.995Z;errorhandler.__handle;  Property: Unknown Property name. [1:14: -ms-interpolation-mode]
