21-11-2023 22:58:52.680Z;functions.bot_text_art;      ____   
21-11-2023 22:58:52.681Z;functions.bot_text_art;     [____]    
21-11-2023 22:58:52.682Z;functions.bot_text_art;   |=]()()[=|  
21-11-2023 22:58:52.682Z;functions.bot_text_art;     _\==/__    _____    ____     _        _____    ___   _  __
21-11-2023 22:58:52.683Z;functions.bot_text_art;   |__|   |_|  |  _  \  / ___|   | |      |_   _| / ___| | |/ /
21-11-2023 22:58:52.684Z;functions.bot_text_art;   |_|_/\_|_|  | |  | | | |      | |        | |   | |    | ' / 
21-11-2023 22:58:52.684Z;functions.bot_text_art;   | | __ | |  | |  | | | |      | |        | |   | |    |  <  
21-11-2023 22:58:52.686Z;functions.bot_text_art;   |_|[  ]|_|  | |__| | | |____  | |____   _| |_  | |__  | . \ 
21-11-2023 22:58:52.688Z;functions.bot_text_art;   \_|_||_|_/  |_____/   \_____| |______| |_____| \ ___| |_|\_\
21-11-2023 22:58:52.689Z;functions.bot_text_art;     |_||_|                                                     
21-11-2023 22:58:52.691Z;functions.bot_text_art;     | ||_|_   
21-11-2023 22:58:52.692Z;functions.bot_text_art;   |___||___|  
21-11-2023 22:58:52.692Z;functions.bot_text_art;               
21-11-2023 22:58:52.705Z;functions.open_RM;  OPEN PROGRAM RM
21-11-2023 22:59:05.396Z;functions.loggin_RM;  ENTER USER_NAME
21-11-2023 22:59:06.809Z;functions.loggin_RM;  ENTER PASSWORD
21-11-2023 22:59:08.124Z;functions.loggin_RM;  ENTER RM
21-11-2023 22:59:42.707Z;functions.enter_coligada;  CLICK CONTEXTO
21-11-2023 22:59:47.830Z;functions.enter_coligada;  CLICK COLIGADA 1
21-11-2023 22:59:50.003Z;functions.enter_coligada;  CLICK AVANÇAR
21-11-2023 22:59:52.466Z;functions.enter_coligada;  INSERE O COLIGADA CODE = 1
21-11-2023 22:59:52.641Z;functions.enter_coligada;  APERTA TAB PARA PREENCHER O CAMPO COM A STRING: OCEANICA ENGENHARIA E CONSULTORIA S.A.
21-11-2023 22:59:53.902Z;functions.enter_coligada;  CLICK AVANÇAR NOVAMENTE
21-11-2023 22:59:55.181Z;functions.enter_coligada;  CLICK CONCLUIR
21-11-2023 23:00:18.793Z;functions.enter_coligada;  POP UP COLIGADA DESAPARECER
21-11-2023 23:00:19.625Z;functions.enter_contas_a_pagar;  CLICK - TOTVS - LINHA RM
21-11-2023 23:00:21.452Z;functions.enter_contas_a_pagar;  CLICK - BACK OFFICE
21-11-2023 23:00:24.221Z;functions.enter_contas_a_pagar;  CLICK - GESTAO FINANCEIRA
21-11-2023 23:00:31.477Z;functions.enter_contas_a_pagar;  CLICK - CONTAS A PAGAR
21-11-2023 23:00:32.470Z;functions.waitForImage;  LANÇAMENTOS image found.
21-11-2023 23:00:34.601Z;functions.enter_contas_a_pagar;  CLICA EM LANÇAMENTOS
21-11-2023 23:00:36.602Z;functions.data_filter;  DATA INICIO 15-11-2023
21-11-2023 23:00:36.603Z;functions.data_filter;  DATA FIM 21-11-2023
21-11-2023 23:00:36.605Z;functions.data_filter;  CLICK - SELECIONA A DATA DE QUARTA FEIRA E DA PROXIMA TERÇA
21-11-2023 23:00:36.606Z;functions.data_filter;  QUARTA-FEIRA: 15-11-2023
21-11-2023 23:00:36.607Z;functions.data_filter;  TERCA-FEIRA: 21-11-2023
21-11-2023 23:00:46.746Z;functions.data_filter;  ESCREVE REMESSA PAGAMENTO PIX NO FILTRO
21-11-2023 23:00:47.581Z;functions.data_filter;  CLICK - BUTÃO DE SELECAO DE FILTRO
21-11-2023 23:00:50.699Z;functions.data_filter;  INSERE - DATA DE QUARTA-FEIRA: 15-11-2023
21-11-2023 23:00:52.956Z;functions.data_filter;  INSERE - DATA DA PROX TERCA-FEIRA: 21-11-2023
21-11-2023 23:00:53.862Z;functions.data_filter;  CLICK - BUTÃO DE EXECUTAR O FILTRO
21-11-2023 23:01:04.433Z;functions.waitForImage;  FILTER CLEAN image found.
21-11-2023 23:01:06.555Z;functions.filter_clean;  CLICA NO BOTÃO X DO LIMPA FILTRO
