2024-02-20 16:48:06,973; INFO; functions.getPid.882: Dentro função GetPid

2024-02-20 16:48:07,247; INFO; functions.bot_text_art.6:     ____   
2024-02-20 16:48:07,248; INFO; functions.bot_text_art.7:    [____]    
2024-02-20 16:48:07,248; INFO; functions.bot_text_art.8:  |=]()()[=|  
2024-02-20 16:48:07,248; INFO; functions.bot_text_art.9:    _\==/__    _____    ____     _        _____    ___   _  __
2024-02-20 16:48:07,249; INFO; functions.bot_text_art.10:  |__|   |_|  |  _  \  / ___|   | |      |_   _| / ___| | |/ /
2024-02-20 16:48:07,249; INFO; functions.bot_text_art.11:  |_|_/\_|_|  | |  | | | |      | |        | |   | |    | ' / 
2024-02-20 16:48:07,249; INFO; functions.bot_text_art.12:  | | __ | |  | |  | | | |      | |        | |   | |    |  <  
2024-02-20 16:48:07,250; INFO; functions.bot_text_art.13:  |_|[  ]|_|  | |__| | | |____  | |____   _| |_  | |__  | . \ 
2024-02-20 16:48:07,251; INFO; functions.bot_text_art.14:  \_|_||_|_/  |_____/   \_____| |______| |_____| \ ___| |_|\_\
2024-02-20 16:48:07,251; INFO; functions.bot_text_art.15:    |_||_|                                                     
2024-02-20 16:48:07,251; INFO; functions.bot_text_art.16:    | ||_|_   
2024-02-20 16:48:07,251; INFO; functions.bot_text_art.17:  |___||___|  
2024-02-20 16:48:07,252; INFO; functions.bot_text_art.18:              
2024-02-20 16:48:07,252; INFO; functions.headerExcel.837: Criando EXCEL
2024-02-20 16:48:07,254; INFO; functions.headerExcel.856: EXCEL iniciado
2024-02-20 16:48:07,254; INFO; main.process.18: PROCESSOS EXTRAIDOS COM ERRO: 0
2024-02-20 16:48:07,254; INFO; main.process.19: PROCESSOS COM ERRO: 
2024-02-20 16:48:07,255; INFO; functions.excelErro.909: Criando EXCEL ERRO
2024-02-20 16:48:07,256; INFO; functions.excelErro.927: EXCEL ERRO iniciado
2024-02-20 16:48:07,256; INFO; functions.excelErro.959: Fechando Excel com Erro...
2024-02-20 16:48:07,266; INFO; main.process.25: PROCESSOS EXTRAIDOS CORRETAMENTE: 2
2024-02-20 16:48:07,266; INFO; main.process.26: PROCESSOS A SEREM TRATADOS: [{'data': '28-01-2024', 'pi': 'teste', 'inv': '000747431', 'moeda': 'NOK', 'montante': '7.367,04', 'saldo': '7.367,04', 'nome': 'KONGSBERG MARITIME AS', 'cod': 'teste2'}, {'data': '28-01-2024', 'pi': 'teste', 'inv': '2022685', 'moeda': 'EUR', 'montante': '6.015,00', 'saldo': '6.015,00', 'nome': 'TSCHUDI SHIP MANAGEMENT AS', 'cod': 'teste2'}]
2024-02-20 16:48:07,270; INFO; functions.open_RM.49: OPEN PROGRAM RM
2024-02-20 16:48:14,317; INFO; functions.loggin_RM.59: ENTER USER_NAME
2024-02-20 16:48:15,218; INFO; functions.loggin_RM.64: ENTER PASSWORD
2024-02-20 16:48:15,958; INFO; functions.loggin_RM.68: ENTER RM
