2024-02-20 17:12:52,379; INFO; functions.getPid.881: Dentro função GetPid

2024-02-20 17:12:52,614; INFO; functions.getPid.891: Process RM.exe / PID: 11876 found.
2024-02-20 17:12:52,670; INFO; functions.pidKillFinish.902: Process RM.exe / PID: 11876 killed.
2024-02-20 17:12:52,671; INFO; functions.bot_text_art.7:     ____   
2024-02-20 17:12:52,671; INFO; functions.bot_text_art.8:    [____]    
2024-02-20 17:12:52,672; INFO; functions.bot_text_art.9:  |=]()()[=|  
2024-02-20 17:12:52,672; INFO; functions.bot_text_art.10:    _\==/__    _____    ____     _        _____    ___   _  __
2024-02-20 17:12:52,674; INFO; functions.bot_text_art.11:  |__|   |_|  |  _  \  / ___|   | |      |_   _| / ___| | |/ /
2024-02-20 17:12:52,687; INFO; functions.bot_text_art.12:  |_|_/\_|_|  | |  | | | |      | |        | |   | |    | ' / 
2024-02-20 17:12:52,687; INFO; functions.bot_text_art.13:  | | __ | |  | |  | | | |      | |        | |   | |    |  <  
2024-02-20 17:12:52,697; INFO; functions.bot_text_art.14:  |_|[  ]|_|  | |__| | | |____  | |____   _| |_  | |__  | . \ 
2024-02-20 17:12:52,700; INFO; functions.bot_text_art.15:  \_|_||_|_/  |_____/   \_____| |______| |_____| \ ___| |_|\_\
2024-02-20 17:12:52,701; INFO; functions.bot_text_art.16:    |_||_|                                                     
2024-02-20 17:12:52,702; INFO; functions.bot_text_art.17:    | ||_|_   
2024-02-20 17:12:52,702; INFO; functions.bot_text_art.18:  |___||___|  
2024-02-20 17:12:52,704; INFO; functions.bot_text_art.19:              
2024-02-20 17:12:52,708; INFO; functions.headerExcel.836: Criando EXCEL
2024-02-20 17:12:52,711; INFO; functions.headerExcel.855: EXCEL iniciado
2024-02-20 17:12:52,713; INFO; main.process.18: PROCESSOS EXTRAIDOS COM ERRO: 0
2024-02-20 17:12:52,713; INFO; main.process.19: PROCESSOS COM ERRO: 
2024-02-20 17:12:52,714; INFO; functions.excelErro.908: Criando EXCEL ERRO
2024-02-20 17:12:52,715; INFO; functions.excelErro.926: EXCEL ERRO iniciado
2024-02-20 17:12:52,717; INFO; functions.excelErro.958: Fechando Excel com Erro...
2024-02-20 17:12:52,728; INFO; main.process.25: PROCESSOS EXTRAIDOS CORRETAMENTE: 2
2024-02-20 17:12:52,728; INFO; main.process.26: PROCESSOS A SEREM TRATADOS: [{'data': '28-01-2024', 'pi': 'teste', 'inv': '8002183', 'moeda': 'USD', 'montante': '429.866,00', 'saldo': '429.866,00', 'nome': 'KONGSBERG MARITIME AS', 'cod': 'teste2'}, {'data': '28-01-2024', 'pi': 'teste', 'inv': '2022685', 'moeda': 'EUR', 'montante': '6.015,00', 'saldo': '6.015,00', 'nome': 'TSCHUDI SHIP MANAGEMENT AS', 'cod': 'teste2'}]
2024-02-20 17:12:52,732; INFO; functions.open_RM.50: OPEN PROGRAM RM
2024-02-20 17:12:59,864; INFO; functions.loggin_RM.60: ENTER USER_NAME
2024-02-20 17:13:00,780; INFO; functions.loggin_RM.65: ENTER PASSWORD
2024-02-20 17:13:01,520; INFO; functions.loggin_RM.69: ENTER RM
2024-02-20 17:13:27,801; INFO; functions.enter_coligada.75: CLICK CONTEXTO
2024-02-20 17:13:31,801; INFO; functions.enter_coligada.78: CLICK COLIGADA 2
2024-02-20 17:13:34,442; INFO; functions.enter_coligada.82: INSERE O COLIGADA CODE = 2
2024-02-20 17:13:34,543; INFO; functions.enter_coligada.84: APERTA TAB PARA PREENCHER O CAMPO COM A STRING: OCEANICA ENGENHARIA E CONSULTORIA S.A.
2024-02-20 17:13:35,676; INFO; functions.enter_coligada.87: CLICK AVANÇAR NOVAMENTE
2024-02-20 17:13:38,677; INFO; functions.enter_coligada.91: CLICK CONCLUIR
2024-02-20 17:13:48,957; INFO; functions.enter_coligada.94: POP UP COLIGADA CLICADO PARA DESAPARECER
2024-02-20 17:13:49,582; INFO; functions.enter_contas_a_pagar.105: CLICK - TOTVS - LINHA RM
2024-02-20 17:13:52,270; INFO; functions.enter_contas_a_pagar.110: CLICK - BACK OFFICE
2024-02-20 17:13:54,895; INFO; functions.enter_contas_a_pagar.115: CLICK - GESTAO FINANCEIRA
2024-02-20 17:14:00,801; INFO; functions.enter_contas_a_pagar.120: CLICK - CONTAS A PAGAR
2024-02-20 17:14:00,896; INFO; functions.waitForImage.775: LANÇAMENTOS image found.
2024-02-20 17:14:00,997; INFO; functions.enter_contas_a_pagar.126: CLICA EM LANÇAMENTOS
2024-02-20 17:14:02,998; INFO; main.process.36: PROCESSO 1 A SER TRATADO: {'data': '28-01-2024', 'pi': 'teste', 'inv': '8002183', 'moeda': 'USD', 'montante': '429.866,00', 'saldo': '429.866,00', 'nome': 'KONGSBERG MARITIME AS', 'cod': 'teste2'}
2024-02-20 17:14:02,998; INFO; main.process.49: data: 28012024 <class 'str'>

                    pi: teste <class 'str'>

                    inv: 8002183 <class 'str'>

                    moeda: USD <class 'str'>

                    montante: 429.866,00 <class 'str'>

                    saldo: 429.866,00 <class 'str'>

                    nome: KONGSBERG MARITIME AS <class 'str'>

                    cod: teste2 <class 'str'>
2024-02-20 17:14:08,598; INFO; functions.filter_lancamento.158: ESCREVE Número do documento NO FILTRO
2024-02-20 17:14:09,707; INFO; functions.filter_lancamento.164: CLICK - BOTÃO DE SELECAO DE FILTRO
2024-02-20 17:14:11,717; INFO; functions.filter_lancamento.188: VALOR DE 8002183 FILTRO
2024-02-20 17:14:12,395; INFO; functions.filter_lancamento.193: CLICK - BOTÃO DE EXECUTAR O FILTRO
2024-02-20 17:14:15,926; INFO; functions.desmark_filter.249: CLICK CHECKBOX LANÇAMENTOS A RECEBER
2024-02-20 17:14:16,832; INFO; functions.desmark_filter.253: CLICK CHECKBOX LANÇAMENTOS BAIXADOS
2024-02-20 17:14:17,785; INFO; functions.desmark_filter.257: CLICK CHECKBOX LANÇAMENTOS CANCELADOS
2024-02-20 17:14:18,801; INFO; functions.desmark_filter.261: CLICK CHECKBOX LANÇAMENTOS FATURADOS
2024-02-20 17:14:19,855; INFO; functions.desmark_filter.265: ATUALIZA O FILTRO
2024-02-20 17:14:19,945; INFO; functions.waitForImage.775: FILTER CLEAN image found.
2024-02-20 17:14:20,069; INFO; functions.filter_clean.200: CLICA NO BOTÃO X DO LIMPA FILTRO - TENTATIVA 1
2024-02-20 17:14:32,129; INFO; functions.waitForImage.806: FILTER CLEAN image not found.
2024-02-20 17:14:32,129; INFO; functions.filter_clean.203: BOTÃO X DO LIMPA FILTRO NÃO ENCONTRADO - TENTATIVA 2
2024-02-20 17:14:42,223; INFO; functions.waitForImage.806: FILTER CLEAN image not found.
2024-02-20 17:14:42,223; INFO; functions.filter_clean.203: BOTÃO X DO LIMPA FILTRO NÃO ENCONTRADO - TENTATIVA 3
2024-02-20 17:14:43,145; INFO; functions.select_tipo_documento.210: NOME DA COLUNA: Tipo de Documento
2024-02-20 17:14:44,426; INFO; functions.select_tipo_documento.214: HOVER NOME DA COLUNA: Tipo de Documento
2024-02-20 17:14:46,035; INFO; functions.select_tipo_documento.226: CLICA NO FILTRO PERSONALIZAR
2024-02-20 17:14:46,957; INFO; functions.select_tipo_documento.230: CLICA PARA SELECIONAR OPÇÕES DO FILTRO
2024-02-20 17:14:54,020; INFO; functions.select_tipo_documento.242: CLICK BUTTON CONFIRMAR FILTRO
2024-02-20 17:14:54,020; INFO; functions.check_table_record.270: VERIFICANDO SE A TABELA ESTÁ VAZIA
2024-02-20 17:14:54,895; INFO; functions.check_table_record.274: VERIFICAdo
2024-02-20 17:15:03,074; INFO; functions.check_table_record.280: CTRL+G
2024-02-20 17:15:03,701; INFO; functions.check_table_record.284: Para este processo é necessário que existam registros na visão.
2024-02-20 17:15:06,703; INFO; functions.check_table_record.291: SEM REGISTROS ENCONTRADOS
2024-02-20 17:15:06,805; INFO; main.process.70: SEM RETORNO BAIXA MOEDA ESTRANGEIRA
2024-02-20 17:15:06,806; INFO; functions.createRowExcel.859: Criando linha do EXCEL teste - 28012024 - 8002183 - USD - 429.866,00 - KONGSBERG MARITIME AS - teste2 - SEM RETORNO BAIXA MOEDA ESTRANGEIRA - NÃO FINALIZADO
2024-02-20 17:15:06,807; INFO; main.process.36: PROCESSO 2 A SER TRATADO: {'data': '28-01-2024', 'pi': 'teste', 'inv': '2022685', 'moeda': 'EUR', 'montante': '6.015,00', 'saldo': '6.015,00', 'nome': 'TSCHUDI SHIP MANAGEMENT AS', 'cod': 'teste2'}
2024-02-20 17:15:06,807; INFO; main.process.49: data: 28012024 <class 'str'>

                    pi: teste <class 'str'>

                    inv: 2022685 <class 'str'>

                    moeda: EUR <class 'str'>

                    montante: 6.015,00 <class 'str'>

                    saldo: 6.015,00 <class 'str'>

                    nome: TSCHUDI SHIP MANAGEMENT AS <class 'str'>

                    cod: teste2 <class 'str'>
