2024-02-20 17:34:29,160; INFO; functions.getPid.882: Dentro função GetPid

2024-02-20 17:34:29,444; INFO; functions.bot_text_art.7:     ____   
2024-02-20 17:34:29,444; INFO; functions.bot_text_art.8:    [____]    
2024-02-20 17:34:29,444; INFO; functions.bot_text_art.9:  |=]()()[=|  
2024-02-20 17:34:29,445; INFO; functions.bot_text_art.10:    _\==/__    _____    ____     _        _____    ___   _  __
2024-02-20 17:34:29,445; INFO; functions.bot_text_art.11:  |__|   |_|  |  _  \  / ___|   | |      |_   _| / ___| | |/ /
2024-02-20 17:34:29,445; INFO; functions.bot_text_art.12:  |_|_/\_|_|  | |  | | | |      | |        | |   | |    | ' / 
2024-02-20 17:34:29,446; INFO; functions.bot_text_art.13:  | | __ | |  | |  | | | |      | |        | |   | |    |  <  
2024-02-20 17:34:29,447; INFO; functions.bot_text_art.14:  |_|[  ]|_|  | |__| | | |____  | |____   _| |_  | |__  | . \ 
2024-02-20 17:34:29,447; INFO; functions.bot_text_art.15:  \_|_||_|_/  |_____/   \_____| |______| |_____| \ ___| |_|\_\
2024-02-20 17:34:29,448; INFO; functions.bot_text_art.16:    |_||_|                                                     
2024-02-20 17:34:29,448; INFO; functions.bot_text_art.17:    | ||_|_   
2024-02-20 17:34:29,448; INFO; functions.bot_text_art.18:  |___||___|  
2024-02-20 17:34:29,448; INFO; functions.bot_text_art.19:              
2024-02-20 17:34:29,449; INFO; functions.headerExcel.837: Criando EXCEL
2024-02-20 17:34:29,450; INFO; functions.headerExcel.856: EXCEL iniciado
2024-02-20 17:34:29,451; INFO; main.process.18: PROCESSOS EXTRAIDOS COM ERRO: 0
2024-02-20 17:34:29,451; INFO; main.process.19: PROCESSOS COM ERRO: 
2024-02-20 17:34:29,451; INFO; functions.excelErro.909: Criando EXCEL ERRO
2024-02-20 17:34:29,453; INFO; functions.excelErro.927: EXCEL ERRO iniciado
2024-02-20 17:34:29,453; INFO; functions.excelErro.959: Fechando Excel com Erro...
2024-02-20 17:34:29,469; INFO; main.process.25: PROCESSOS EXTRAIDOS CORRETAMENTE: 2
2024-02-20 17:34:29,470; INFO; main.process.26: PROCESSOS A SEREM TRATADOS: [{'data': '28-01-2024', 'pi': 'teste', 'inv': '8002183', 'moeda': 'USD', 'montante': '429.866,00', 'saldo': '429.866,00', 'nome': 'KONGSBERG MARITIME AS', 'cod': 'teste2'}, {'data': '28-01-2024', 'pi': 'teste', 'inv': '2022685', 'moeda': 'EUR', 'montante': '6.015,00', 'saldo': '6.015,00', 'nome': 'TSCHUDI SHIP MANAGEMENT AS', 'cod': 'teste2'}]
2024-02-20 17:34:29,474; INFO; functions.open_RM.50: OPEN PROGRAM RM
2024-02-20 17:34:36,332; INFO; functions.loggin_RM.60: ENTER USER_NAME
2024-02-20 17:34:37,248; INFO; functions.loggin_RM.65: ENTER PASSWORD
2024-02-20 17:34:37,989; INFO; functions.loggin_RM.69: ENTER RM
2024-02-20 17:35:05,426; INFO; functions.enter_coligada.75: CLICK CONTEXTO
2024-02-20 17:35:09,426; INFO; functions.enter_coligada.78: CLICK COLIGADA 2
2024-02-20 17:35:12,114; INFO; functions.enter_coligada.82: INSERE O COLIGADA CODE = 2
2024-02-20 17:35:12,215; INFO; functions.enter_coligada.84: APERTA TAB PARA PREENCHER O CAMPO COM A STRING: OCEANICA ENGENHARIA E CONSULTORIA S.A.
2024-02-20 17:35:13,363; INFO; functions.enter_coligada.87: CLICK AVANÇAR NOVAMENTE
2024-02-20 17:35:16,583; INFO; functions.enter_coligada.91: CLICK CONCLUIR
2024-02-20 17:35:27,148; INFO; functions.enter_coligada.94: POP UP COLIGADA CLICADO PARA DESAPARECER
2024-02-20 17:35:27,770; INFO; functions.enter_contas_a_pagar.105: CLICK - TOTVS - LINHA RM
2024-02-20 17:35:30,458; INFO; functions.enter_contas_a_pagar.110: CLICK - BACK OFFICE
2024-02-20 17:35:33,083; INFO; functions.enter_contas_a_pagar.115: CLICK - GESTAO FINANCEIRA
2024-02-20 17:35:38,989; INFO; functions.enter_contas_a_pagar.120: CLICK - CONTAS A PAGAR
2024-02-20 17:35:39,083; INFO; functions.waitForImage.776: LANÇAMENTOS image found.
2024-02-20 17:35:39,185; INFO; functions.enter_contas_a_pagar.126: CLICA EM LANÇAMENTOS
2024-02-20 17:35:41,185; INFO; main.process.36: PROCESSO 1 A SER TRATADO: {'data': '28-01-2024', 'pi': 'teste', 'inv': '8002183', 'moeda': 'USD', 'montante': '429.866,00', 'saldo': '429.866,00', 'nome': 'KONGSBERG MARITIME AS', 'cod': 'teste2'}
2024-02-20 17:35:41,185; INFO; main.process.43: inv original 8002183. tamanho 7
2024-02-20 17:35:41,185; INFO; main.process.46: inv TRATADA 00008002183. tamanho 11
2024-02-20 17:35:41,185; INFO; main.process.53: data: 28012024 <class 'str'>

                    pi: teste <class 'str'>

                    inv: 00008002183 <class 'str'>

                    moeda: USD <class 'str'>

                    montante: 429.866,00 <class 'str'>

                    saldo: 429.866,00 <class 'str'>

                    nome: KONGSBERG MARITIME AS <class 'str'>

                    cod: teste2 <class 'str'>
2024-02-20 17:35:46,895; INFO; functions.filter_lancamento.158: ESCREVE Número do documento NO FILTRO
2024-02-20 17:35:48,020; INFO; functions.filter_lancamento.164: CLICK - BOTÃO DE SELECAO DE FILTRO
2024-02-20 17:35:50,035; INFO; functions.filter_lancamento.189: VALOR DE 00008002183 FILTRO
2024-02-20 17:35:50,926; INFO; functions.filter_lancamento.194: CLICK - BOTÃO DE EXECUTAR O FILTRO
2024-02-20 17:35:54,708; INFO; functions.desmark_filter.250: CLICK CHECKBOX LANÇAMENTOS A RECEBER
2024-02-20 17:35:55,639; INFO; functions.desmark_filter.254: CLICK CHECKBOX LANÇAMENTOS BAIXADOS
2024-02-20 17:35:56,602; INFO; functions.desmark_filter.258: CLICK CHECKBOX LANÇAMENTOS CANCELADOS
2024-02-20 17:35:57,614; INFO; functions.desmark_filter.262: CLICK CHECKBOX LANÇAMENTOS FATURADOS
2024-02-20 17:35:58,692; INFO; functions.desmark_filter.266: ATUALIZA O FILTRO
2024-02-20 17:35:58,771; INFO; functions.waitForImage.776: FILTER CLEAN image found.
2024-02-20 17:35:58,874; INFO; functions.filter_clean.201: CLICA NO BOTÃO X DO LIMPA FILTRO - TENTATIVA 1
2024-02-20 17:36:10,973; INFO; functions.waitForImage.807: FILTER CLEAN image not found.
2024-02-20 17:36:10,973; INFO; functions.filter_clean.204: BOTÃO X DO LIMPA FILTRO NÃO ENCONTRADO - TENTATIVA 2
2024-02-20 17:36:21,067; INFO; functions.waitForImage.807: FILTER CLEAN image not found.
2024-02-20 17:36:21,067; INFO; functions.filter_clean.204: BOTÃO X DO LIMPA FILTRO NÃO ENCONTRADO - TENTATIVA 3
2024-02-20 17:36:21,989; INFO; functions.select_tipo_documento.211: NOME DA COLUNA: Tipo de Documento
2024-02-20 17:36:23,254; INFO; functions.select_tipo_documento.215: HOVER NOME DA COLUNA: Tipo de Documento
2024-02-20 17:36:24,862; INFO; functions.select_tipo_documento.227: CLICA NO FILTRO PERSONALIZAR
2024-02-20 17:36:25,801; INFO; functions.select_tipo_documento.231: CLICA PARA SELECIONAR OPÇÕES DO FILTRO
2024-02-20 17:36:32,864; INFO; functions.select_tipo_documento.243: CLICK BUTTON CONFIRMAR FILTRO
2024-02-20 17:36:32,864; INFO; functions.check_table_record.271: VERIFICANDO SE A TABELA ESTÁ VAZIA
2024-02-20 17:36:33,754; INFO; functions.check_table_record.275: VERIFICAdo
