2024-02-20 17:37:11,927; INFO; functions.getPid.882: Dentro função GetPid

2024-02-20 17:37:12,192; INFO; functions.bot_text_art.7:     ____   
2024-02-20 17:37:12,192; INFO; functions.bot_text_art.8:    [____]    
2024-02-20 17:37:12,192; INFO; functions.bot_text_art.9:  |=]()()[=|  
2024-02-20 17:37:12,192; INFO; functions.bot_text_art.10:    _\==/__    _____    ____     _        _____    ___   _  __
2024-02-20 17:37:12,192; INFO; functions.bot_text_art.11:  |__|   |_|  |  _  \  / ___|   | |      |_   _| / ___| | |/ /
2024-02-20 17:37:12,192; INFO; functions.bot_text_art.12:  |_|_/\_|_|  | |  | | | |      | |        | |   | |    | ' / 
2024-02-20 17:37:12,192; INFO; functions.bot_text_art.13:  | | __ | |  | |  | | | |      | |        | |   | |    |  <  
2024-02-20 17:37:12,192; INFO; functions.bot_text_art.14:  |_|[  ]|_|  | |__| | | |____  | |____   _| |_  | |__  | . \ 
2024-02-20 17:37:12,192; INFO; functions.bot_text_art.15:  \_|_||_|_/  |_____/   \_____| |______| |_____| \ ___| |_|\_\
2024-02-20 17:37:12,192; INFO; functions.bot_text_art.16:    |_||_|                                                     
2024-02-20 17:37:12,192; INFO; functions.bot_text_art.17:    | ||_|_   
2024-02-20 17:37:12,192; INFO; functions.bot_text_art.18:  |___||___|  
2024-02-20 17:37:12,192; INFO; functions.bot_text_art.19:              
2024-02-20 17:37:12,192; INFO; functions.headerExcel.837: Criando EXCEL
2024-02-20 17:37:12,192; INFO; functions.headerExcel.856: EXCEL iniciado
2024-02-20 17:37:12,192; INFO; main.process.18: PROCESSOS EXTRAIDOS COM ERRO: 0
2024-02-20 17:37:12,192; INFO; main.process.19: PROCESSOS COM ERRO: 
2024-02-20 17:37:12,192; INFO; functions.excelErro.909: Criando EXCEL ERRO
2024-02-20 17:37:12,202; INFO; functions.excelErro.927: EXCEL ERRO iniciado
2024-02-20 17:37:12,202; INFO; functions.excelErro.959: Fechando Excel com Erro...
2024-02-20 17:37:12,215; INFO; main.process.25: PROCESSOS EXTRAIDOS CORRETAMENTE: 2
2024-02-20 17:37:12,216; INFO; main.process.26: PROCESSOS A SEREM TRATADOS: [{'data': '28-01-2024', 'pi': 'teste', 'inv': '8002183', 'moeda': 'USD', 'montante': '429.866,00', 'saldo': '429.866,00', 'nome': 'KONGSBERG MARITIME AS', 'cod': 'teste2'}, {'data': '28-01-2024', 'pi': 'teste', 'inv': '2022685', 'moeda': 'EUR', 'montante': '6.015,00', 'saldo': '6.015,00', 'nome': 'TSCHUDI SHIP MANAGEMENT AS', 'cod': 'teste2'}]
2024-02-20 17:37:12,221; INFO; functions.open_RM.50: OPEN PROGRAM RM
2024-02-20 17:37:19,176; INFO; functions.loggin_RM.60: ENTER USER_NAME
2024-02-20 17:37:20,092; INFO; functions.loggin_RM.65: ENTER PASSWORD
2024-02-20 17:37:20,858; INFO; functions.loggin_RM.69: ENTER RM
2024-02-20 17:37:47,086; INFO; functions.enter_coligada.75: CLICK CONTEXTO
2024-02-20 17:37:51,113; INFO; functions.enter_coligada.78: CLICK COLIGADA 2
2024-02-20 17:37:53,801; INFO; functions.enter_coligada.82: INSERE O COLIGADA CODE = 2
2024-02-20 17:37:53,903; INFO; functions.enter_coligada.84: APERTA TAB PARA PREENCHER O CAMPO COM A STRING: OCEANICA ENGENHARIA E CONSULTORIA S.A.
2024-02-20 17:37:55,051; INFO; functions.enter_coligada.87: CLICK AVANÇAR NOVAMENTE
2024-02-20 17:37:58,021; INFO; functions.enter_coligada.91: CLICK CONCLUIR
2024-02-20 17:38:08,320; INFO; functions.enter_coligada.94: POP UP COLIGADA CLICADO PARA DESAPARECER
2024-02-20 17:38:08,958; INFO; functions.enter_contas_a_pagar.105: CLICK - TOTVS - LINHA RM
2024-02-20 17:38:11,676; INFO; functions.enter_contas_a_pagar.110: CLICK - BACK OFFICE
2024-02-20 17:38:14,301; INFO; functions.enter_contas_a_pagar.115: CLICK - GESTAO FINANCEIRA
2024-02-20 17:38:20,364; INFO; functions.enter_contas_a_pagar.120: CLICK - CONTAS A PAGAR
2024-02-20 17:38:20,461; INFO; functions.waitForImage.776: LANÇAMENTOS image found.
2024-02-20 17:38:20,589; INFO; functions.enter_contas_a_pagar.126: CLICA EM LANÇAMENTOS
2024-02-20 17:38:22,620; INFO; main.process.36: PROCESSO 1 A SER TRATADO: {'data': '28-01-2024', 'pi': 'teste', 'inv': '8002183', 'moeda': 'USD', 'montante': '429.866,00', 'saldo': '429.866,00', 'nome': 'KONGSBERG MARITIME AS', 'cod': 'teste2'}
2024-02-20 17:38:22,620; INFO; main.process.43: inv original 8002183. tamanho 7
2024-02-20 17:38:22,620; INFO; main.process.46: inv TRATADA 00008002183. tamanho 11
2024-02-20 17:38:22,620; INFO; main.process.53: data: 28012024 <class 'str'>

                    pi: teste <class 'str'>

                    inv: 00008002183 <class 'str'>

                    moeda: USD <class 'str'>

                    montante: 429.866,00 <class 'str'>

                    saldo: 429.866,00 <class 'str'>

                    nome: KONGSBERG MARITIME AS <class 'str'>

                    cod: teste2 <class 'str'>
2024-02-20 17:38:27,926; INFO; functions.filter_lancamento.158: ESCREVE Número do documento NO FILTRO
2024-02-20 17:38:29,051; INFO; functions.filter_lancamento.164: CLICK - BOTÃO DE SELECAO DE FILTRO
2024-02-20 17:38:31,030; INFO; functions.filter_lancamento.189: VALOR DE 00008002183 FILTRO
2024-02-20 17:38:31,707; INFO; functions.filter_lancamento.194: CLICK - BOTÃO DE EXECUTAR O FILTRO
2024-02-20 17:38:35,239; INFO; functions.desmark_filter.250: CLICK CHECKBOX LANÇAMENTOS A RECEBER
2024-02-20 17:38:36,160; INFO; functions.desmark_filter.254: CLICK CHECKBOX LANÇAMENTOS BAIXADOS
2024-02-20 17:38:37,108; INFO; functions.desmark_filter.258: CLICK CHECKBOX LANÇAMENTOS CANCELADOS
2024-02-20 17:38:38,113; INFO; functions.desmark_filter.262: CLICK CHECKBOX LANÇAMENTOS FATURADOS
2024-02-20 17:38:39,172; INFO; functions.desmark_filter.266: ATUALIZA O FILTRO
2024-02-20 17:38:39,242; INFO; functions.waitForImage.776: FILTER CLEAN image found.
2024-02-20 17:38:39,344; INFO; functions.filter_clean.201: CLICA NO BOTÃO X DO LIMPA FILTRO - TENTATIVA 1
2024-02-20 17:38:51,391; INFO; functions.waitForImage.807: FILTER CLEAN image not found.
2024-02-20 17:38:51,393; INFO; functions.filter_clean.204: BOTÃO X DO LIMPA FILTRO NÃO ENCONTRADO - TENTATIVA 2
2024-02-20 17:39:01,442; INFO; functions.waitForImage.807: FILTER CLEAN image not found.
2024-02-20 17:39:01,442; INFO; functions.filter_clean.204: BOTÃO X DO LIMPA FILTRO NÃO ENCONTRADO - TENTATIVA 3
2024-02-20 17:39:02,379; INFO; functions.select_tipo_documento.211: NOME DA COLUNA: Tipo de Documento
2024-02-20 17:39:04,379; INFO; functions.select_tipo_documento.215: HOVER NOME DA COLUNA: Tipo de Documento
2024-02-20 17:39:05,988; INFO; functions.select_tipo_documento.227: CLICA NO FILTRO PERSONALIZAR
