18-10-2023 16:43:54.936Z;functions.bot_text_art;      ____   
18-10-2023 16:43:54.936Z;functions.bot_text_art;     [____]    
18-10-2023 16:43:54.937Z;functions.bot_text_art;   |=]()()[=|  
18-10-2023 16:43:54.937Z;functions.bot_text_art;     _\==/__    _____    ____     _        _____    ___   _  __
18-10-2023 16:43:54.937Z;functions.bot_text_art;   |__|   |_|  |  _  \  / ___|   | |      |_   _| / ___| | |/ /
18-10-2023 16:43:54.938Z;functions.bot_text_art;   |_|_/\_|_|  | |  | | | |      | |        | |   | |    | ' / 
18-10-2023 16:43:54.938Z;functions.bot_text_art;   | | __ | |  | |  | | | |      | |        | |   | |    |  <  
18-10-2023 16:43:54.939Z;functions.bot_text_art;   |_|[  ]|_|  | |__| | | |____  | |____   _| |_  | |__  | . \ 
18-10-2023 16:43:54.940Z;functions.bot_text_art;   \_|_||_|_/  |_____/   \_____| |______| |_____| \ ___| |_|\_\
18-10-2023 16:43:54.941Z;functions.bot_text_art;     |_||_|                                                     
18-10-2023 16:43:54.941Z;functions.bot_text_art;     | ||_|_   
18-10-2023 16:43:54.942Z;functions.bot_text_art;   |___||___|  
18-10-2023 16:43:54.943Z;functions.bot_text_art;               
18-10-2023 16:43:54.952Z;functions.open_RM;  OPEN PROGRAM RM
18-10-2023 16:44:08.000Z;functions.loggin_RM;  ENTER USER_NAME
18-10-2023 16:44:09.123Z;functions.loggin_RM;  ENTER PASSWORD
18-10-2023 16:44:10.167Z;functions.loggin_RM;  ENTER RM
18-10-2023 16:44:46.488Z;functions.enter_coligada;  CLICK CONTEXTO
18-10-2023 16:44:50.855Z;functions.enter_coligada;  CLICK COLIGADA 1
18-10-2023 16:44:52.709Z;functions.enter_coligada;  CLICK AVANÇAR
18-10-2023 16:44:54.717Z;functions.enter_coligada;  INSERE O COLIGADA CODE = 1
18-10-2023 16:44:54.821Z;functions.enter_coligada;  APERTA TAB PARA PREENCHER O CAMPO COM A STRING: OCEANICA ENGENHARIA E CONSULTORIA S.A.
18-10-2023 16:44:56.239Z;functions.enter_coligada;  CLICK AVANÇAR NOVAMENTE
18-10-2023 16:44:57.218Z;functions.enter_coligada;  CLICK CONCLUIR
18-10-2023 16:45:11.880Z;functions.enter_coligada;  POP UP COLIGADA DESAPARECER
18-10-2023 16:45:12.620Z;functions.enter_contas_a_pagar;  CLICK - TOTVS - LINHA RM
18-10-2023 16:45:14.148Z;functions.enter_contas_a_pagar;  CLICK - BACK OFFICE
18-10-2023 16:45:16.746Z;functions.enter_contas_a_pagar;  CLICK - GESTAO FINANCEIRA
18-10-2023 16:45:22.262Z;functions.enter_contas_a_pagar;  CLICK - CONTAS A PAGAR
18-10-2023 16:45:23.017Z;functions.waitForImage;  LANÇAMENTOS image found.
18-10-2023 16:45:25.134Z;functions.enter_contas_a_pagar;  CLICA EM LANÇAMENTOS
18-10-2023 16:45:27.139Z;functions.data_filter;  CLICK - SELECIONA A DATA DE QUARTA FEIRA E DA PROXIMA TERÇA
18-10-2023 16:45:27.140Z;functions.data_filter;  QUARTA-FEIRA: 18-10-2023
18-10-2023 16:45:27.140Z;functions.data_filter;  TERCA-FEIRA: 24-10-2023
18-10-2023 16:45:35.730Z;functions.data_filter;  ESCREVE REMESSA BANCÁRIA NO FILTRO
18-10-2023 16:45:36.450Z;functions.data_filter;  CLICK - BUTÃO DE SELECAO DE FILTRO
18-10-2023 16:45:38.658Z;functions.data_filter;  INSERE - DATA DE QUARTA-FEIRA: 18-10-2023
18-10-2023 16:45:40.387Z;functions.data_filter;  INSERE - DATA DA PROX TERCA-FEIRA: 24-10-2023
18-10-2023 16:45:41.185Z;functions.data_filter;  CLICK - BUTÃO DE EXECUTAR O FILTRO
18-10-2023 16:48:22.414Z;functions.waitForImage;  FILTER CLEAN image found.
18-10-2023 16:48:24.546Z;functions.filter_clean;  CLICA NO BOTÃO X DO LIMPA FILTRO
18-10-2023 16:48:28.186Z;functions.select_tipo_documento;  NOME DA COLUNA: Tipo de Documento
18-10-2023 16:48:29.880Z;functions.select_tipo_documento;  HOVER NOME DA COLUNA: Tipo de Documento
18-10-2023 16:48:29.996Z;functions.select_tipo_documento;  CLICA PARA APARECER O FILTRO PERSONALIZAR
18-10-2023 16:48:30.319Z;functions.select_tipo_documento;  CLICA NO FILTRO PERSONALIZAR
18-10-2023 16:48:31.942Z;functions.select_tipo_documento;  CLICA PARA SELECIONAR OPÇÕES DO FILTRO
18-10-2023 16:48:39.183Z;functions.select_tipo_documento;  CLICK BUTTON CONFIRMAR FILTRO
18-10-2023 16:48:40.904Z;functions.desmark_filter;  CLICK CHECKBOX LANÇAMENTOS A RECEBER
18-10-2023 16:48:42.113Z;functions.desmark_filter;  CLICK CHECKBOX LANÇAMENTOS BAIXADOS
18-10-2023 16:48:43.290Z;functions.desmark_filter;  CLICK CHECKBOX LANÇAMENTOS CANCELADOS
18-10-2023 16:48:44.578Z;functions.desmark_filter;  CLICK CHECKBOX LANÇAMENTOS FATURADOS
18-10-2023 16:48:45.989Z;functions.desmark_filter;  CLICK CHECKBOX LANÇAMENTOS FATURADOS
18-10-2023 16:48:47.117Z;functions.filter_IPTE;  CLICK NA PRIMEIRA LINHA E COLUNA DA TABELA
18-10-2023 16:49:02.150Z;functions.filter_IPTE;  147 PASSOS PARA DIREITA NA TABELA >>
18-10-2023 16:49:06.218Z;functions.filter_IPTE;  HOVER FILTER
18-10-2023 16:49:06.351Z;functions.filter_IPTE;  CLICK FILTER
18-10-2023 16:49:10.710Z;functions.filter_IPTE;  CLICA NO FILTRO PERSONALIZAR
18-10-2023 16:49:17.561Z;functions.check_table_record;  APERTA NÃO
18-10-2023 16:49:18.750Z;functions.check_table_record;  ABRE A NOTA
18-10-2023 16:49:31.084Z;functions.waitForImage;  INTEGRAÇÃO BANCÁRIA image found.
18-10-2023 16:49:33.201Z;functions.check_payment_type;  CLICA EM INTEGRAÇÃO BANCÁRIA
18-10-2023 16:49:35.284Z;functions.waitForImage;  BOLETO image found.
18-10-2023 16:49:37.413Z;functions.check_payment_type;  CLICA NO BOLETO
18-10-2023 16:49:39.491Z;functions.waitForImage;  PRESS BUTTON OK image found.
18-10-2023 16:49:41.492Z;functions.check_payment_type;  FORMA DE PAGAMENTO BOLETO - OK
18-10-2023 16:49:43.605Z;functions.waitForImage;  PRESS BUTTON OK image found.
18-10-2023 16:49:45.721Z;functions.check_payment_type;  PRESS BUTTON OK
18-10-2023 16:49:47.856Z;functions.waitForImage;  PRESS BUTTON OK 2 image found.
18-10-2023 16:49:49.970Z;functions.check_payment_type;  PRESS BUTTON OK 2
18-10-2023 16:49:58.076Z;functions.check_table_record;  PRESS BUTTON DOWN
18-10-2023 16:50:00.182Z;functions.check_table_record;  ENTRANDO NO PRÓXIMO BOLETO
18-10-2023 16:50:07.276Z;functions.waitForImage;  INTEGRAÇÃO BANCÁRIA image found.
18-10-2023 16:50:09.382Z;functions.check_payment_type;  CLICA EM INTEGRAÇÃO BANCÁRIA
18-10-2023 16:50:11.497Z;functions.waitForImage;  BOLETO image found.
18-10-2023 16:50:13.624Z;functions.check_payment_type;  CLICA NO BOLETO
18-10-2023 16:50:15.735Z;functions.waitForImage;  PRESS BUTTON OK image found.
18-10-2023 16:50:17.737Z;functions.check_payment_type;  FORMA DE PAGAMENTO BOLETO - OK
18-10-2023 16:50:19.843Z;functions.waitForImage;  PRESS BUTTON OK image found.
18-10-2023 16:50:21.963Z;functions.check_payment_type;  PRESS BUTTON OK
18-10-2023 16:50:24.078Z;functions.waitForImage;  PRESS BUTTON OK 2 image found.
18-10-2023 16:50:26.192Z;functions.check_payment_type;  PRESS BUTTON OK 2
18-10-2023 16:50:34.299Z;functions.check_table_record;  PRESS BUTTON DOWN
18-10-2023 16:50:36.403Z;functions.check_table_record;  ENTRANDO NO PRÓXIMO BOLETO
18-10-2023 16:50:43.514Z;functions.waitForImage;  INTEGRAÇÃO BANCÁRIA image found.
18-10-2023 16:50:45.631Z;functions.check_payment_type;  CLICA EM INTEGRAÇÃO BANCÁRIA
18-10-2023 16:50:57.946Z;functions.waitForImage;  BOLETO image not found.
18-10-2023 16:51:08.489Z;functions.waitForImage;  BOLETO MINUSCULO image not found.
18-10-2023 16:51:08.657Z;functions.waitForImage;  BOLETO MINUSCULO HABILITADO image found.
18-10-2023 16:51:10.790Z;functions.check_payment_type;  CLICA NO BOLETO EM MINUSCULO HABILITADO
18-10-2023 16:51:12.883Z;functions.waitForImage;  PRESS BUTTON OK image found.
18-10-2023 16:51:14.885Z;functions.check_payment_type;  FORMA DE PAGAMENTO BOLETO - OK
18-10-2023 16:51:17.016Z;functions.waitForImage;  PRESS BUTTON OK image found.
18-10-2023 16:51:19.160Z;functions.check_payment_type;  PRESS BUTTON OK
18-10-2023 16:51:21.244Z;functions.waitForImage;  PRESS BUTTON OK 2 image found.
18-10-2023 16:51:23.379Z;functions.check_payment_type;  PRESS BUTTON OK 2
18-10-2023 16:51:31.486Z;functions.check_table_record;  PRESS BUTTON DOWN
18-10-2023 16:51:33.592Z;functions.check_table_record;  ENTRANDO NO PRÓXIMO BOLETO
18-10-2023 16:51:40.736Z;functions.waitForImage;  INTEGRAÇÃO BANCÁRIA image found.
18-10-2023 16:51:42.850Z;functions.check_payment_type;  CLICA EM INTEGRAÇÃO BANCÁRIA
18-10-2023 16:51:44.945Z;functions.waitForImage;  BOLETO image found.
18-10-2023 16:51:47.087Z;functions.check_payment_type;  CLICA NO BOLETO
18-10-2023 16:51:49.178Z;functions.waitForImage;  PRESS BUTTON OK image found.
18-10-2023 16:51:51.180Z;functions.check_payment_type;  FORMA DE PAGAMENTO BOLETO - OK
18-10-2023 16:51:53.276Z;functions.waitForImage;  PRESS BUTTON OK image found.
18-10-2023 16:51:55.381Z;functions.check_payment_type;  PRESS BUTTON OK
18-10-2023 16:51:57.498Z;functions.waitForImage;  PRESS BUTTON OK 2 image found.
18-10-2023 16:51:59.611Z;functions.check_payment_type;  PRESS BUTTON OK 2
18-10-2023 16:52:05.577Z;functions.process_lancamentos;  SELECIONA TODOS OS LANÇAMENTOS PARA SEREM PROCESSADOS
18-10-2023 16:52:10.564Z;functions.process_lancamentos;  CLICA PARA APARECER CONTA/CAIXA
18-10-2023 16:52:11.897Z;functions.process_lancamentos;  SELECIONA CONTA/CAIXA
18-10-2023 16:52:13.139Z;functions.process_lancamentos;  CLICA NO BOTÃO [...]
18-10-2023 16:52:15.043Z;functions.process_lancamentos;  CLICA NO CAMPO PESQUISA E DIGITA: %3212
18-10-2023 16:52:16.158Z;functions.process_lancamentos;  CLICA NO BOTÃO DO FILTRO
18-10-2023 16:52:17.146Z;functions.process_lancamentos;  CLICA NO BOTÃO OK
18-10-2023 16:52:18.023Z;functions.process_lancamentos;  CLICA NO BOTÃO EXECUTAR
18-10-2023 16:52:34.791Z;functions.process_lancamentos;  EXECUÇÃO FINALIZADA
18-10-2023 16:52:34.891Z;functions.waitForImage;  PRESS BUTTON OK image found.
18-10-2023 16:52:36.892Z;functions.process_lancamentos;  O PROCESSAMENTO FOI EXECUTADO COM SUCESSO.
18-10-2023 16:52:39.948Z;functions.process_lancamentos;  CLICK EM FECHAR.
18-10-2023 16:53:13.206Z;functions.show_exception_and_exit;  'NoneType' object has no attribute 'click'
Traceback (most recent call last):
  File "c:\projetos\remessas\main.py", line 22, in <module>
    proccess_bordero()
  File "c:\projetos\remessas\SUBPROGRAMS\functions.py", line 500, in proccess_bordero
    menuitem_inclusao_bordero.click()
    ^^^^^^^^^^^^^^^^^^^^^^^^^^^^^^^
AttributeError: 'NoneType' object has no attribute 'click'
