18-10-2023 17:07:47.471Z;functions.movimentacao_bancaria;  CLICA NA ABA MOVIMENTAÇÃO BANCARIA
18-10-2023 17:07:48.451Z;functions.movimentacao_bancaria;  CLICA NO ICONE BORDERO DE PAGAMENTO
18-10-2023 17:08:00.667Z;functions.movimentacao_bancaria;  SELECIONA O FILTRO HOJE
18-10-2023 17:08:02.317Z;functions.movimentacao_bancaria;  CLICA NA PRIMEIRA LINHA DA TABELA MOVIMENTAÇÃO BANCÁRIA
18-10-2023 17:08:03.547Z;functions.movimentacao_bancaria;  12 PASSOS PARA DIREITA NA TABELA >>
18-10-2023 17:08:05.089Z;functions.movimentacao_bancaria;  HOVER FILTER
18-10-2023 17:08:05.208Z;functions.movimentacao_bancaria;  CLICK FILTER
18-10-2023 17:08:09.552Z;functions.movimentacao_bancaria;  CLICA NO FILTRO  STATUS DA REMESSA
18-10-2023 17:08:11.657Z;functions.movimentacao_bancaria;  APERTA TAB PARA ESCREVER O FILTRO
18-10-2023 17:08:13.773Z;functions.movimentacao_bancaria;  ESCREVE PENDENTE NO FILTRO
18-10-2023 17:08:15.876Z;functions.movimentacao_bancaria;  APERTA ENTER PARA SELECIONAR OS PENDENTES
18-10-2023 17:08:32.887Z;functions.waitForImage;  PRESS BUTTON OK image not found.
18-10-2023 17:08:33.899Z;functions.movimentacao_bancaria;  SELECIONA TODAS AS TUPLAS COM STATUS PENDENTE
18-10-2023 17:08:36.008Z;functions.movimentacao_bancaria;  CLICA EM PROCESSOS
18-10-2023 17:08:38.114Z;functions.movimentacao_bancaria;  APERTA PARA BAIXO
18-10-2023 17:08:40.218Z;functions.movimentacao_bancaria;  APERTA ENTER
18-10-2023 17:08:43.392Z;functions.movimentacao_bancaria;  CLICK EM EXECUTAR BORDERO DE PAGAMENTO
18-10-2023 17:08:51.946Z;functions.waitForImage;  PRESS BUTTON OK image found.
18-10-2023 17:08:53.948Z;functions.movimentacao_bancaria;  O PROCESSAMENTO DE AUTORIZAÇÃO DO BORDERO FOI EXECUTADO COM SUCESSO.
18-10-2023 17:08:56.854Z;functions.movimentacao_bancaria;  CLICK EM FECHAR.
18-10-2023 17:08:58.981Z;functions.waitForImage;  FILTER CLEAN image found.
18-10-2023 17:09:01.092Z;functions.filter_clean;  CLICA NO BOTÃO X DO LIMPA FILTRO
18-10-2023 17:09:04.120Z;functions.processo_pagamento;  CLICA NA PRIMEIRA LINHA DA TABELA MOVIMENTAÇÃO BANCÁRIA
18-10-2023 17:09:05.354Z;functions.processo_pagamento;  12 PASSOS PARA DIREITA NA TABELA >>
18-10-2023 17:09:07.086Z;functions.processo_pagamento;  HOVER FILTER
18-10-2023 17:09:09.210Z;functions.processo_pagamento;  CLICK FILTER
18-10-2023 17:09:13.547Z;functions.processo_pagamento;  CLICA NO FILTRO  STATUS DA REMESSA
18-10-2023 17:09:15.651Z;functions.processo_pagamento;  APERTA TAB PARA ESCREVER O FILTRO
18-10-2023 17:09:17.784Z;functions.processo_pagamento;  ESCREVE AUTORIZADO NO FILTRO
18-10-2023 17:09:19.886Z;functions.processo_pagamento;  APERTA ENTER PARA SELECIONAR OS AUTORIZADOS
18-10-2023 17:09:22.800Z;functions.processo_pagamento;  SELECIONA TODAS AS TUPLAS COM STATUS AUTORIZADO
18-10-2023 17:09:24.904Z;functions.processo_pagamento;  CLICA EM PROCESSOS
