18-10-2023 17:13:09.756Z;functions.processo_pagamento;  CLICA NA PRIMEIRA LINHA DA TABELA MOVIMENTAÇÃO BANCÁRIA
18-10-2023 17:13:10.994Z;functions.processo_pagamento;  12 PASSOS PARA DIREITA NA TABELA >>
18-10-2023 17:13:12.815Z;functions.processo_pagamento;  HOVER FILTER
18-10-2023 17:13:14.929Z;functions.processo_pagamento;  CLICK FILTER
18-10-2023 17:13:19.262Z;functions.processo_pagamento;  CLICA NO FILTRO  STATUS DA REMESSA
18-10-2023 17:13:21.366Z;functions.processo_pagamento;  APERTA TAB PARA ESCREVER O FILTRO
18-10-2023 17:13:23.477Z;functions.processo_pagamento;  ESCREVE AUTORIZADO NO FILTRO
18-10-2023 17:13:25.580Z;functions.processo_pagamento;  APERTA ENTER PARA SELECIONAR OS AUTORIZADOS
18-10-2023 17:13:28.491Z;functions.processo_pagamento;  SELECIONA TODAS AS TUPLAS COM STATUS AUTORIZADO
18-10-2023 17:13:30.608Z;functions.processo_pagamento;  CLICA EM PROCESSOS
18-10-2023 17:13:32.712Z;functions.processo_pagamento;  APERTA PARA BAIXO 1
18-10-2023 17:13:34.816Z;functions.processo_pagamento;  APERTA PARA BAIXO 2
18-10-2023 17:13:36.920Z;functions.processo_pagamento;  APERTA PARA BAIXO 3
18-10-2023 17:13:39.023Z;functions.processo_pagamento;  APERTA ENTER
18-10-2023 17:13:41.858Z;functions.processo_pagamento;  CLICA EM REMESSAS DE PAGAMENTO
18-10-2023 17:13:56.488Z;functions.processo_pagamento;  CLICA EM AVANÇAR
18-10-2023 17:13:57.484Z;functions.processo_pagamento;  DESMARCA CHECKBOX PARA SALVAR ARQUIVO DE REMESSA
18-10-2023 17:13:58.391Z;functions.processo_pagamento;  CLICA EM AVANCAR PARA CONCLUIR
18-10-2023 17:13:59.442Z;functions.processo_pagamento;  CLICA EM EXECUTAR
18-10-2023 17:14:15.497Z;functions.waitForImage;  PRESS BUTTON OK image found.
18-10-2023 17:14:17.499Z;functions.processo_pagamento;  O PROCESSAMENTO DE AUTORIZAÇÃO DO BORDERO FOI EXECUTADO COM SUCESSO.
