2023-12-08 16:03:54.754Z;functions.bot_text_art;      ____   
2023-12-08 16:03:54.756Z;functions.bot_text_art;     [____]    
2023-12-08 16:03:54.757Z;functions.bot_text_art;   |=]()()[=|  
2023-12-08 16:03:54.758Z;functions.bot_text_art;     _\==/__    _____    ____     _        _____    ___   _  __
2023-12-08 16:03:54.760Z;functions.bot_text_art;   |__|   |_|  |  _  \  / ___|   | |      |_   _| / ___| | |/ /
2023-12-08 16:03:54.761Z;functions.bot_text_art;   |_|_/\_|_|  | |  | | | |      | |        | |   | |    | ' / 
2023-12-08 16:03:54.763Z;functions.bot_text_art;   | | __ | |  | |  | | | |      | |        | |   | |    |  <  
2023-12-08 16:03:54.765Z;functions.bot_text_art;   |_|[  ]|_|  | |__| | | |____  | |____   _| |_  | |__  | . \ 
2023-12-08 16:03:54.769Z;functions.bot_text_art;   \_|_||_|_/  |_____/   \_____| |______| |_____| \ ___| |_|\_\
2023-12-08 16:03:54.770Z;functions.bot_text_art;     |_||_|                                                     
2023-12-08 16:03:54.771Z;functions.bot_text_art;     | ||_|_   
2023-12-08 16:03:54.773Z;functions.bot_text_art;   |___||___|  
2023-12-08 16:03:54.774Z;functions.bot_text_art;               
2023-12-08 16:03:54.775Z;functions.headerExcel;  Criando EXCEL
2023-12-08 16:03:54.781Z;functions.headerExcel;  EXCEL iniciado
2023-12-08 16:03:54.794Z;functions.open_RM;  OPEN PROGRAM RM
2023-12-08 16:04:11.334Z;functions.loggin_RM;  ENTER USER_NAME
2023-12-08 16:04:12.821Z;functions.loggin_RM;  ENTER PASSWORD
2023-12-08 16:04:14.024Z;functions.loggin_RM;  ENTER RM
2023-12-08 16:04:52.467Z;functions.enter_coligada;  CLICK CONTEXTO
2023-12-08 16:04:57.925Z;functions.enter_coligada;  CLICK COLIGADA 2
2023-12-08 16:05:03.244Z;functions.enter_coligada;  INSERE O COLIGADA CODE = 2
2023-12-08 16:05:03.462Z;functions.enter_coligada;  APERTA TAB PARA PREENCHER O CAMPO COM A STRING: OCEANICA ENGENHARIA E CONSULTORIA S.A.
2023-12-08 16:05:06.202Z;functions.enter_coligada;  CLICK AVANÇAR NOVAMENTE
2023-12-08 16:05:10.544Z;functions.enter_coligada;  CLICK CONCLUIR
2023-12-08 16:05:36.339Z;functions.enter_coligada;  POP UP COLIGADA CLICADO PARA DESAPARECER
2023-12-08 16:05:40.216Z;functions.enter_contas_a_pagar;  CLICK - TOTVS - LINHA RM
2023-12-08 16:05:43.211Z;functions.enter_contas_a_pagar;  CLICK - BACK OFFICE
2023-12-08 16:05:46.075Z;functions.enter_contas_a_pagar;  CLICK - GESTAO FINANCEIRA
2023-12-08 16:05:53.618Z;functions.enter_contas_a_pagar;  CLICK - CONTAS A PAGAR
2023-12-08 16:05:53.675Z;functions.show_exception_and_exit;  The confidence keyword argument is only available if OpenCV is installed.
Traceback (most recent call last):
  File "c:\Projetos\Retornos\Retorno_Pg_Moeda_Estrangeira\main.py", line 15, in <module>
    enter_contas_a_pagar()
  File "c:\Projetos\Retornos\Retorno_Pg_Moeda_Estrangeira\SUBPROGRAMS\functions.py", line 121, in enter_contas_a_pagar
    select_lancamentos = waitForImage(image = lancamentos, timeout=10, name = 'LANÇAMENTOS')
                         ^^^^^^^^^^^^^^^^^^^^^^^^^^^^^^^^^^^^^^^^^^^^^^^^^^^^^^^^^^^^^^^^^^^
  File "c:\Projetos\Retornos\Retorno_Pg_Moeda_Estrangeira\SUBPROGRAMS\functions.py", line 592, in waitForImage
    location = pyautogui.locateOnScreen(image, confidence=0.9)
               ^^^^^^^^^^^^^^^^^^^^^^^^^^^^^^^^^^^^^^^^^^^^^^^
  File "C:\Projetos\Retornos\Retorno_Pg_Moeda_Estrangeira\venv\Lib\site-packages\pyautogui\__init__.py", line 172, in wrapper
    return wrappedFunction(*args, **kwargs)
           ^^^^^^^^^^^^^^^^^^^^^^^^^^^^^^^^
  File "C:\Projetos\Retornos\Retorno_Pg_Moeda_Estrangeira\venv\Lib\site-packages\pyautogui\__init__.py", line 210, in locateOnScreen
    return pyscreeze.locateOnScreen(*args, **kwargs)
           ^^^^^^^^^^^^^^^^^^^^^^^^^^^^^^^^^^^^^^^^^
  File "C:\Projetos\Retornos\Retorno_Pg_Moeda_Estrangeira\venv\Lib\site-packages\pyscreeze\__init__.py", line 405, in locateOnScreen
    retVal = locate(image, screenshotIm, **kwargs)
             ^^^^^^^^^^^^^^^^^^^^^^^^^^^^^^^^^^^^^
  File "C:\Projetos\Retornos\Retorno_Pg_Moeda_Estrangeira\venv\Lib\site-packages\pyscreeze\__init__.py", line 383, in locate
    points = tuple(locateAll(needleImage, haystackImage, **kwargs))
             ^^^^^^^^^^^^^^^^^^^^^^^^^^^^^^^^^^^^^^^^^^^^^^^^^^^^^^
  File "C:\Projetos\Retornos\Retorno_Pg_Moeda_Estrangeira\venv\Lib\site-packages\pyscreeze\__init__.py", line 273, in _locateAll_pillow
    raise NotImplementedError('The confidence keyword argument is only available if OpenCV is installed.')
NotImplementedError: The confidence keyword argument is only available if OpenCV is installed.
