21-09-2023 11:06:46.320Z;functions.bot_text_art;      __     
21-09-2023 11:06:46.320Z;functions.bot_text_art;     [____]    
21-09-2023 11:06:46.321Z;functions.bot_text_art;   |=]()()[=|  
21-09-2023 11:06:46.321Z;functions.bot_text_art;     _\==/__    _____    ____              _____    ___   _  __
21-09-2023 11:06:46.321Z;functions.bot_text_art;   |__|   |_|  |  _  \  / ___|   | |      |_   _| / ___| | |/ /
21-09-2023 11:06:46.322Z;functions.bot_text_art;   |_|_/\_|_|  | |  | | | |      | |        | |   | |    | ' / 
21-09-2023 11:06:46.322Z;functions.bot_text_art;   | | __ | |  | |  | | | |      | |        | |   | |    |  <  
21-09-2023 11:06:46.322Z;functions.bot_text_art;   |_|[  ]|_|  | |__| | | |____  | |____   _| |_  | |__  | . \ 
21-09-2023 11:06:46.323Z;functions.bot_text_art;   \_|_||_|_/  |_____/   \_____| |______| |_____| \ ___| |_|\_\
21-09-2023 11:06:46.323Z;functions.bot_text_art;     |_||_|                                                     
21-09-2023 11:06:46.323Z;functions.bot_text_art;     | ||_|_   
21-09-2023 11:06:46.324Z;functions.bot_text_art;   |___||___|  
21-09-2023 11:06:46.324Z;functions.bot_text_art;               
21-09-2023 11:06:46.329Z;functions.open_RM;  OPEN PROGRAM RM
21-09-2023 11:06:54.561Z;functions.loggin_RM;  ENTER USER_NAME
21-09-2023 11:06:55.794Z;functions.loggin_RM;  ENTER PASSWORD
21-09-2023 11:06:56.823Z;functions.loggin_RM;  ENTER RM
21-09-2023 11:07:19.142Z;functions.enter_contas_a_pagar;  CLICK IN TOTVS - LINHA RM
21-09-2023 11:07:23.373Z;functions.enter_contas_a_pagar;  CLICK IN BACK OFFICE
21-09-2023 11:07:26.025Z;functions.enter_contas_a_pagar;  CLICK IN GESTAO FINANCEIRA
21-09-2023 11:07:29.334Z;functions.enter_contas_a_pagar;  CLICK IN CONTAS A PAGAR
21-09-2023 11:07:30.346Z;functions.enter_contas_a_pagar;  CLICK IN LANCAMENTOS
