21-09-2023 11:01:22.166Z;functions.bot_text_art;      __     
21-09-2023 11:01:22.166Z;functions.bot_text_art;     [____]    
21-09-2023 11:01:22.167Z;functions.bot_text_art;   |=]()()[=|  
21-09-2023 11:01:22.167Z;functions.bot_text_art;   _\==_/__   ___     ___   _        ___    ___   _  __
21-09-2023 11:01:22.168Z;functions.bot_text_art;  |__|    |__| |  _ \   / ___| | |      |_   |  / ___| | |/ /
21-09-2023 11:01:22.168Z;functions.bot_text_art;   |_|_/\_|_|  | |  | | | |      | |        | |   | |      | ' / 
21-09-2023 11:01:22.168Z;functions.bot_text_art;   | | __ | |  | |  | | | |      | |        | |   | |      |  <  
21-09-2023 11:01:22.169Z;functions.bot_text_art;   |_|[  ]|_|  | |__| | | |____  | |____   | |  | |____  | . \ 
21-09-2023 11:01:22.170Z;functions.bot_text_art;   \_|_||_|_/  |_____/   \_____| |______| |_____| \ ___| |_|\_\
21-09-2023 11:01:22.170Z;functions.bot_text_art;     |_||_|                                                       
21-09-2023 11:01:22.170Z;functions.bot_text_art;    |||_|_   
21-09-2023 11:01:22.171Z;functions.bot_text_art;   |___||___|  
21-09-2023 11:01:22.172Z;functions.bot_text_art;               
21-09-2023 11:01:22.182Z;functions.open_RM;  OPEN PROGRAM RM
21-09-2023 11:01:30.319Z;functions.loggin_RM;  ENTER USER_NAME
21-09-2023 11:01:31.442Z;functions.loggin_RM;  ENTER PASSWORD
21-09-2023 11:01:32.483Z;functions.loggin_RM;  ENTER RM
21-09-2023 11:01:54.669Z;functions.enter_contas_a_pagar;  CLICK IN TOTVS - LINHA RM
21-09-2023 11:01:59.103Z;functions.enter_contas_a_pagar;  CLICK IN BACK OFFICE
21-09-2023 11:02:01.829Z;functions.enter_contas_a_pagar;  CLICK IN GESTAO FINANCEIRA
21-09-2023 11:02:05.435Z;functions.enter_contas_a_pagar;  CLICK IN CONTAS A PAGAR
21-09-2023 11:02:06.467Z;functions.enter_contas_a_pagar;  CLICK IN LANCAMENTOS
