21-09-2023 11:10:00.772Z;functions.bot_text_art;      __     
21-09-2023 11:10:00.773Z;functions.bot_text_art;     [____]    
21-09-2023 11:10:00.773Z;functions.bot_text_art;   |=]()()[=|  
21-09-2023 11:10:00.774Z;functions.bot_text_art;     _\==/__    _____    ____              _____    ___   _  __
21-09-2023 11:10:00.774Z;functions.bot_text_art;   |__|   |_|  |  _  \  / ___|   | |      |_   _| / ___| | |/ /
21-09-2023 11:10:00.774Z;functions.bot_text_art;   |_|_/\_|_|  | |  | | | |      | |        | |   | |    | ' / 
21-09-2023 11:10:00.774Z;functions.bot_text_art;   | | __ | |  | |  | | | |      | |        | |   | |    |  <  
21-09-2023 11:10:00.774Z;functions.bot_text_art;   |_|[  ]|_|  | |__| | | |____  | |____   _| |_  | |__  | . \ 
21-09-2023 11:10:00.775Z;functions.bot_text_art;   \_|_||_|_/  |_____/   \_____| |______| |_____| \ ___| |_|\_\
21-09-2023 11:10:00.775Z;functions.bot_text_art;     |_||_|                                                     
21-09-2023 11:10:00.775Z;functions.bot_text_art;     | ||_|_   
21-09-2023 11:10:00.776Z;functions.bot_text_art;   |___||___|  
21-09-2023 11:10:00.776Z;functions.bot_text_art;               
21-09-2023 11:10:00.781Z;functions.open_RM;  OPEN PROGRAM RM
21-09-2023 11:10:08.736Z;functions.loggin_RM;  ENTER USER_NAME
21-09-2023 11:10:09.782Z;functions.loggin_RM;  ENTER PASSWORD
21-09-2023 11:10:10.712Z;functions.loggin_RM;  ENTER RM
21-09-2023 11:10:31.503Z;functions.enter_contas_a_pagar;  CLICK - TOTVS - LINHA RM
21-09-2023 11:10:35.692Z;functions.enter_contas_a_pagar;  CLICK - BACK OFFICE
21-09-2023 11:10:38.387Z;functions.enter_contas_a_pagar;  CLICK - GESTAO FINANCEIRA
21-09-2023 11:10:42.215Z;functions.enter_contas_a_pagar;  CLICK - CONTAS A PAGAR
21-09-2023 11:11:23.201Z;functions.enter_contas_a_pagar;  CLICK - LANCAMENTOS
