21-09-2023 13:22:52.955Z;functions.bot_text_art;      __     
21-09-2023 13:22:52.955Z;functions.bot_text_art;     [____]    
21-09-2023 13:22:52.956Z;functions.bot_text_art;   |=]()()[=|  
21-09-2023 13:22:52.956Z;functions.bot_text_art;     _\==/__    _____    ____              _____    ___   _  __
21-09-2023 13:22:52.957Z;functions.bot_text_art;   |__|   |_|  |  _  \  / ___|   | |      |_   _| / ___| | |/ /
21-09-2023 13:22:52.957Z;functions.bot_text_art;   |_|_/\_|_|  | |  | | | |      | |        | |   | |    | ' / 
21-09-2023 13:22:52.958Z;functions.bot_text_art;   | | __ | |  | |  | | | |      | |        | |   | |    |  <  
21-09-2023 13:22:52.958Z;functions.bot_text_art;   |_|[  ]|_|  | |__| | | |____  | |____   _| |_  | |__  | . \ 
21-09-2023 13:22:52.959Z;functions.bot_text_art;   \_|_||_|_/  |_____/   \_____| |______| |_____| \ ___| |_|\_\
21-09-2023 13:22:52.960Z;functions.bot_text_art;     |_||_|                                                     
21-09-2023 13:22:52.960Z;functions.bot_text_art;     | ||_|_   
21-09-2023 13:22:52.961Z;functions.bot_text_art;   |___||___|  
21-09-2023 13:22:52.961Z;functions.bot_text_art;               
21-09-2023 13:22:52.970Z;functions.open_RM;  OPEN PROGRAM RM
21-09-2023 13:23:01.574Z;functions.loggin_RM;  ENTER USER_NAME
21-09-2023 13:23:02.780Z;functions.loggin_RM;  ENTER PASSWORD
21-09-2023 13:23:03.815Z;functions.loggin_RM;  ENTER RM
21-09-2023 13:23:26.175Z;functions.enter_contas_a_pagar;  CLICK - TOTVS - LINHA RM
21-09-2023 13:23:30.367Z;functions.enter_contas_a_pagar;  CLICK - BACK OFFICE
21-09-2023 13:23:33.060Z;functions.enter_contas_a_pagar;  CLICK - GESTAO FINANCEIRA
21-09-2023 13:23:36.299Z;functions.enter_contas_a_pagar;  CLICK - CONTAS A PAGAR
21-09-2023 13:24:17.299Z;functions.enter_contas_a_pagar;  CLICK - LANCAMENTOS
