21-09-2023 16:55:47.450Z;functions.bot_text_art;      __     
21-09-2023 16:55:47.451Z;functions.bot_text_art;     [____]    
21-09-2023 16:55:47.452Z;functions.bot_text_art;   |=]()()[=|  
21-09-2023 16:55:47.452Z;functions.bot_text_art;     _\==/__    _____    ____              _____    ___   _  __
21-09-2023 16:55:47.452Z;functions.bot_text_art;   |__|   |_|  |  _  \  / ___|   | |      |_   _| / ___| | |/ /
21-09-2023 16:55:47.452Z;functions.bot_text_art;   |_|_/\_|_|  | |  | | | |      | |        | |   | |    | ' / 
21-09-2023 16:55:47.452Z;functions.bot_text_art;   | | __ | |  | |  | | | |      | |        | |   | |    |  <  
21-09-2023 16:55:47.453Z;functions.bot_text_art;   |_|[  ]|_|  | |__| | | |____  | |____   _| |_  | |__  | . \ 
21-09-2023 16:55:47.453Z;functions.bot_text_art;   \_|_||_|_/  |_____/   \_____| |______| |_____| \ ___| |_|\_\
21-09-2023 16:55:47.454Z;functions.bot_text_art;     |_||_|                                                     
21-09-2023 16:55:47.454Z;functions.bot_text_art;     | ||_|_   
21-09-2023 16:55:47.454Z;functions.bot_text_art;   |___||___|  
21-09-2023 16:55:47.455Z;functions.bot_text_art;               
21-09-2023 16:55:47.460Z;functions.open_RM;  OPEN PROGRAM RM
21-09-2023 16:55:56.250Z;functions.loggin_RM;  ENTER USER_NAME
21-09-2023 16:55:57.393Z;functions.loggin_RM;  ENTER PASSWORD
21-09-2023 16:55:58.530Z;functions.loggin_RM;  ENTER RM
21-09-2023 16:56:21.376Z;functions.enter_contas_a_pagar;  CLICK - TOTVS - LINHA RM
21-09-2023 16:56:25.486Z;functions.enter_contas_a_pagar;  CLICK - BACK OFFICE
21-09-2023 16:56:28.231Z;functions.enter_contas_a_pagar;  CLICK - GESTAO FINANCEIRA
21-09-2023 16:56:31.375Z;functions.enter_contas_a_pagar;  CLICK - CONTAS A PAGAR
21-09-2023 16:57:12.445Z;functions.enter_contas_a_pagar;  CLICK - LANCAMENTOS
