21-09-2023 17:15:54.007Z;functions.bot_text_art;      __     
21-09-2023 17:15:54.008Z;functions.bot_text_art;     [____]    
21-09-2023 17:15:54.009Z;functions.bot_text_art;   |=]()()[=|  
21-09-2023 17:15:54.010Z;functions.bot_text_art;     _\==/__    _____    ____              _____    ___   _  __
21-09-2023 17:15:54.010Z;functions.bot_text_art;   |__|   |_|  |  _  \  / ___|   | |      |_   _| / ___| | |/ /
21-09-2023 17:15:54.011Z;functions.bot_text_art;   |_|_/\_|_|  | |  | | | |      | |        | |   | |    | ' / 
21-09-2023 17:15:54.012Z;functions.bot_text_art;   | | __ | |  | |  | | | |      | |        | |   | |    |  <  
21-09-2023 17:15:54.013Z;functions.bot_text_art;   |_|[  ]|_|  | |__| | | |____  | |____   _| |_  | |__  | . \ 
21-09-2023 17:15:54.015Z;functions.bot_text_art;   \_|_||_|_/  |_____/   \_____| |______| |_____| \ ___| |_|\_\
21-09-2023 17:15:54.017Z;functions.bot_text_art;     |_||_|                                                     
21-09-2023 17:15:54.018Z;functions.bot_text_art;     | ||_|_   
21-09-2023 17:15:54.019Z;functions.bot_text_art;   |___||___|  
21-09-2023 17:15:54.020Z;functions.bot_text_art;               
21-09-2023 17:15:54.031Z;functions.open_RM;  OPEN PROGRAM RM
21-09-2023 17:16:02.879Z;functions.loggin_RM;  ENTER USER_NAME
21-09-2023 17:16:03.997Z;functions.loggin_RM;  ENTER PASSWORD
21-09-2023 17:16:05.039Z;functions.loggin_RM;  ENTER RM
21-09-2023 17:16:27.228Z;functions.enter_contas_a_pagar;  CLICK - TOTVS - LINHA RM
21-09-2023 17:16:31.533Z;functions.enter_contas_a_pagar;  CLICK - BACK OFFICE
21-09-2023 17:16:34.277Z;functions.enter_contas_a_pagar;  CLICK - GESTAO FINANCEIRA
21-09-2023 17:16:37.662Z;functions.enter_contas_a_pagar;  CLICK - CONTAS A PAGAR
21-09-2023 17:17:18.738Z;functions.enter_contas_a_pagar;  CLICK - LANCAMENTOS
