21-09-2023 17:31:17.061Z;functions.bot_text_art;      __     
21-09-2023 17:31:17.062Z;functions.bot_text_art;     [____]    
21-09-2023 17:31:17.062Z;functions.bot_text_art;   |=]()()[=|  
21-09-2023 17:31:17.062Z;functions.bot_text_art;     _\==/__    _____    ____              _____    ___   _  __
21-09-2023 17:31:17.063Z;functions.bot_text_art;   |__|   |_|  |  _  \  / ___|   | |      |_   _| / ___| | |/ /
21-09-2023 17:31:17.064Z;functions.bot_text_art;   |_|_/\_|_|  | |  | | | |      | |        | |   | |    | ' / 
21-09-2023 17:31:17.065Z;functions.bot_text_art;   | | __ | |  | |  | | | |      | |        | |   | |    |  <  
21-09-2023 17:31:17.065Z;functions.bot_text_art;   |_|[  ]|_|  | |__| | | |____  | |____   _| |_  | |__  | . \ 
21-09-2023 17:31:17.067Z;functions.bot_text_art;   \_|_||_|_/  |_____/   \_____| |______| |_____| \ ___| |_|\_\
21-09-2023 17:31:17.068Z;functions.bot_text_art;     |_||_|                                                     
21-09-2023 17:31:17.068Z;functions.bot_text_art;     | ||_|_   
21-09-2023 17:31:17.069Z;functions.bot_text_art;   |___||___|  
21-09-2023 17:31:17.069Z;functions.bot_text_art;               
21-09-2023 17:31:17.076Z;functions.open_RM;  OPEN PROGRAM RM
21-09-2023 17:31:25.490Z;functions.loggin_RM;  ENTER USER_NAME
21-09-2023 17:31:26.685Z;functions.loggin_RM;  ENTER PASSWORD
21-09-2023 17:31:27.697Z;functions.loggin_RM;  ENTER RM
21-09-2023 17:31:49.735Z;functions.enter_contas_a_pagar;  CLICK - TOTVS - LINHA RM
21-09-2023 17:31:53.957Z;functions.enter_contas_a_pagar;  CLICK - BACK OFFICE
21-09-2023 17:31:56.673Z;functions.enter_contas_a_pagar;  CLICK - GESTAO FINANCEIRA
21-09-2023 17:32:00.071Z;functions.enter_contas_a_pagar;  CLICK - CONTAS A PAGAR
21-09-2023 17:32:41.198Z;functions.enter_contas_a_pagar;  CLICK - LANCAMENTOS
