21-09-2023 17:34:37.782Z;functions.bot_text_art;      __     
21-09-2023 17:34:37.783Z;functions.bot_text_art;     [____]    
21-09-2023 17:34:37.783Z;functions.bot_text_art;   |=]()()[=|  
21-09-2023 17:34:37.784Z;functions.bot_text_art;     _\==/__    _____    ____              _____    ___   _  __
21-09-2023 17:34:37.785Z;functions.bot_text_art;   |__|   |_|  |  _  \  / ___|   | |      |_   _| / ___| | |/ /
21-09-2023 17:34:37.786Z;functions.bot_text_art;   |_|_/\_|_|  | |  | | | |      | |        | |   | |    | ' / 
21-09-2023 17:34:37.787Z;functions.bot_text_art;   | | __ | |  | |  | | | |      | |        | |   | |    |  <  
21-09-2023 17:34:37.788Z;functions.bot_text_art;   |_|[  ]|_|  | |__| | | |____  | |____   _| |_  | |__  | . \ 
21-09-2023 17:34:37.790Z;functions.bot_text_art;   \_|_||_|_/  |_____/   \_____| |______| |_____| \ ___| |_|\_\
21-09-2023 17:34:37.791Z;functions.bot_text_art;     |_||_|                                                     
21-09-2023 17:34:37.792Z;functions.bot_text_art;     | ||_|_   
21-09-2023 17:34:37.793Z;functions.bot_text_art;   |___||___|  
21-09-2023 17:34:37.793Z;functions.bot_text_art;               
21-09-2023 17:34:37.801Z;functions.open_RM;  OPEN PROGRAM RM
21-09-2023 17:34:46.372Z;functions.loggin_RM;  ENTER USER_NAME
21-09-2023 17:34:47.634Z;functions.loggin_RM;  ENTER PASSWORD
21-09-2023 17:34:48.624Z;functions.loggin_RM;  ENTER RM
21-09-2023 17:35:10.824Z;functions.enter_contas_a_pagar;  CLICK - TOTVS - LINHA RM
21-09-2023 17:35:15.131Z;functions.enter_contas_a_pagar;  CLICK - BACK OFFICE
21-09-2023 17:35:18.005Z;functions.enter_contas_a_pagar;  CLICK - GESTAO FINANCEIRA
21-09-2023 17:35:21.571Z;functions.enter_contas_a_pagar;  CLICK - CONTAS A PAGAR
21-09-2023 17:36:02.633Z;functions.enter_contas_a_pagar;  CLICK - LANCAMENTOS
