21-09-2023 18:13:56.992Z;functions.bot_text_art;      __     
21-09-2023 18:13:56.992Z;functions.bot_text_art;     [____]    
21-09-2023 18:13:56.993Z;functions.bot_text_art;   |=]()()[=|  
21-09-2023 18:13:56.993Z;functions.bot_text_art;     _\==/__    _____    ____              _____    ___   _  __
21-09-2023 18:13:56.994Z;functions.bot_text_art;   |__|   |_|  |  _  \  / ___|   | |      |_   _| / ___| | |/ /
21-09-2023 18:13:56.994Z;functions.bot_text_art;   |_|_/\_|_|  | |  | | | |      | |        | |   | |    | ' / 
21-09-2023 18:13:56.995Z;functions.bot_text_art;   | | __ | |  | |  | | | |      | |        | |   | |    |  <  
21-09-2023 18:13:56.995Z;functions.bot_text_art;   |_|[  ]|_|  | |__| | | |____  | |____   _| |_  | |__  | . \ 
21-09-2023 18:13:56.997Z;functions.bot_text_art;   \_|_||_|_/  |_____/   \_____| |______| |_____| \ ___| |_|\_\
21-09-2023 18:13:56.997Z;functions.bot_text_art;     |_||_|                                                     
21-09-2023 18:13:56.998Z;functions.bot_text_art;     | ||_|_   
21-09-2023 18:13:56.998Z;functions.bot_text_art;   |___||___|  
21-09-2023 18:13:56.999Z;functions.bot_text_art;               
21-09-2023 18:13:57.004Z;functions.open_RM;  OPEN PROGRAM RM
21-09-2023 18:14:05.311Z;functions.loggin_RM;  ENTER USER_NAME
21-09-2023 18:14:06.515Z;functions.loggin_RM;  ENTER PASSWORD
21-09-2023 18:14:07.490Z;functions.loggin_RM;  ENTER RM
21-09-2023 18:14:29.608Z;functions.enter_contas_a_pagar;  CLICK - TOTVS - LINHA RM
21-09-2023 18:14:34.053Z;functions.enter_contas_a_pagar;  CLICK - BACK OFFICE
21-09-2023 18:14:36.778Z;functions.enter_contas_a_pagar;  CLICK - GESTAO FINANCEIRA
21-09-2023 18:14:40.266Z;functions.enter_contas_a_pagar;  CLICK - CONTAS A PAGAR
21-09-2023 18:15:21.361Z;functions.enter_contas_a_pagar;  CLICK - LANCAMENTOS
