08-12-2023 10:13:31.706Z;functions.bot_text_art;      ____   
08-12-2023 10:13:31.707Z;functions.bot_text_art;     [____]    
08-12-2023 10:13:31.709Z;functions.bot_text_art;   |=]()()[=|  
08-12-2023 10:13:31.710Z;functions.bot_text_art;     _\==/__    _____    ____     _        _____    ___   _  __
08-12-2023 10:13:31.710Z;functions.bot_text_art;   |__|   |_|  |  _  \  / ___|   | |      |_   _| / ___| | |/ /
08-12-2023 10:13:31.711Z;functions.bot_text_art;   |_|_/\_|_|  | |  | | | |      | |        | |   | |    | ' / 
08-12-2023 10:13:31.712Z;functions.bot_text_art;   | | __ | |  | |  | | | |      | |        | |   | |    |  <  
08-12-2023 10:13:31.713Z;functions.bot_text_art;   |_|[  ]|_|  | |__| | | |____  | |____   _| |_  | |__  | . \ 
08-12-2023 10:13:31.715Z;functions.bot_text_art;   \_|_||_|_/  |_____/   \_____| |______| |_____| \ ___| |_|\_\
08-12-2023 10:13:31.716Z;functions.bot_text_art;     |_||_|                                                     
08-12-2023 10:13:31.717Z;functions.bot_text_art;     | ||_|_   
08-12-2023 10:13:31.718Z;functions.bot_text_art;   |___||___|  
08-12-2023 10:13:31.718Z;functions.bot_text_art;               
08-12-2023 10:13:32.444Z;functions.open_RM;  OPEN PROGRAM RM
08-12-2023 10:19:06.651Z;functions.loggin_RM;  ENTER USER_NAME
08-12-2023 10:19:08.019Z;functions.loggin_RM;  ENTER PASSWORD
08-12-2023 10:19:09.744Z;functions.loggin_RM;  ENTER RM
08-12-2023 10:20:02.936Z;functions.enter_coligada;  CLICK CONTEXTO
08-12-2023 10:20:08.285Z;functions.enter_coligada;  CLICK COLIGADA 2
08-12-2023 10:20:12.498Z;functions.enter_coligada;  INSERE O COLIGADA CODE = 2
08-12-2023 10:20:12.627Z;functions.enter_coligada;  APERTA TAB PARA PREENCHER O CAMPO COM A STRING: OCEANICA ENGENHARIA E CONSULTORIA S.A.
08-12-2023 10:20:14.512Z;functions.enter_coligada;  CLICK AVANÇAR NOVAMENTE
08-12-2023 10:20:17.880Z;functions.enter_coligada;  CLICK CONCLUIR
08-12-2023 10:20:45.453Z;functions.enter_coligada;  POP UP COLIGADA CLICADO PARA DESAPARECER
08-12-2023 10:20:49.307Z;functions.enter_contas_a_pagar;  CLICK - TOTVS - LINHA RM
08-12-2023 10:20:52.448Z;functions.enter_contas_a_pagar;  CLICK - BACK OFFICE
08-12-2023 10:20:55.320Z;functions.enter_contas_a_pagar;  CLICK - GESTAO FINANCEIRA
08-12-2023 10:21:07.182Z;functions.enter_contas_a_pagar;  CLICK - CONTAS A PAGAR
08-12-2023 10:21:08.091Z;functions.waitForImage;  LANÇAMENTOS image found.
08-12-2023 10:21:10.108Z;functions.show_exception_and_exit;  PyAutoGUI fail-safe triggered from mouse moving to a corner of the screen. To disable this fail-safe, set pyautogui.FAILSAFE to False. DISABLING FAIL-SAFE IS NOT RECOMMENDED.
Traceback (most recent call last):
  File "c:\Projetos\Retornos\Retorno_Pg_Moeda_Estrangeira\main.py", line 15, in <module>
    enter_contas_a_pagar()
  File "c:\Projetos\Retornos\Retorno_Pg_Moeda_Estrangeira\SUBPROGRAMS\functions.py", line 122, in enter_contas_a_pagar
    pyautogui.click(select_lancamentos)
  File "C:\Projetos\Retornos\Retorno_Pg_Moeda_Estrangeira\venv\Lib\site-packages\pyautogui\__init__.py", line 593, in wrapper
    failSafeCheck()
  File "C:\Projetos\Retornos\Retorno_Pg_Moeda_Estrangeira\venv\Lib\site-packages\pyautogui\__init__.py", line 1734, in failSafeCheck
    raise FailSafeException(
pyautogui.FailSafeException: PyAutoGUI fail-safe triggered from mouse moving to a corner of the screen. To disable this fail-safe, set pyautogui.FAILSAFE to False. DISABLING FAIL-SAFE IS NOT RECOMMENDED.
