08-12-2023 13:21:24.870Z;functions.check_table_record;  VERIFICANDO SE A TABELA ESTÁ VAZIA
08-12-2023 13:21:32.238Z;functions.check_table_record;  ATENÇÃO: 

Este processo exige que seja selecionado ao menos um registro para sua execução.
Como não foi feita nenhuma seleção, você deseja executá-lo para TODOS os 49 registros?
08-12-2023 13:21:34.242Z;functions.check_table_record;  NUMERO DE TUPLAS: 49
08-12-2023 13:21:34.244Z;functions.check_table_record;  TABELA CONTÉM REGISTROS
08-12-2023 13:21:36.228Z;functions.check_table_record;  CLICK NÃO
08-12-2023 13:21:54.496Z;functions.check_inv;  35 PASSOS PARA ESQUERDA
08-12-2023 13:21:56.434Z;functions.check_inv;  19 PASSOS PARA DIREITA
08-12-2023 13:21:58.437Z;functions.check_inv;  BUSCA NA LINHA: 0
08-12-2023 13:21:58.440Z;functions.check_inv;  ctrl c
08-12-2023 13:21:59.045Z;functions.check_inv;  Historico completo: INV - 00525829 - DNV AS 
08-12-2023 13:21:59.047Z;functions.check_inv;  INV INCORRETA ENCONTRADA: 00525829
08-12-2023 13:21:59.651Z;functions.check_inv;  APERTA PARA BAIXO PARA VERIFICAR O PRÓXIMO REGISTRO
08-12-2023 13:21:59.652Z;functions.check_inv;  BUSCA NA LINHA: 1
08-12-2023 13:21:59.653Z;functions.check_inv;  ctrl c
08-12-2023 13:22:00.260Z;functions.check_inv;  Historico completo: INV - 10218917 - KONGSBERG MARITIME AS 
08-12-2023 13:22:00.261Z;functions.check_inv;  INV INCORRETA ENCONTRADA: 10218917
08-12-2023 13:22:00.865Z;functions.check_inv;  APERTA PARA BAIXO PARA VERIFICAR O PRÓXIMO REGISTRO
08-12-2023 13:22:00.866Z;functions.check_inv;  BUSCA NA LINHA: 2
08-12-2023 13:22:00.867Z;functions.check_inv;  ctrl c
08-12-2023 13:22:01.473Z;functions.check_inv;  Historico completo: INV - xxxxx - VDR SPECIALIZED CRANE EQUIPMENT MANUFACTURING LLC
08-12-2023 13:22:01.475Z;functions.check_inv;  INV INCORRETA ENCONTRADA: erro: INV NÃO ENCONTRADA
08-12-2023 13:22:02.078Z;functions.check_inv;  APERTA PARA BAIXO PARA VERIFICAR O PRÓXIMO REGISTRO
08-12-2023 13:22:02.079Z;functions.check_inv;  BUSCA NA LINHA: 3
08-12-2023 13:22:02.081Z;functions.check_inv;  ctrl c
08-12-2023 13:22:02.687Z;functions.check_inv;  Historico completo: INV - 020558915 - KONGSBERG MARITIME AS
08-12-2023 13:22:02.688Z;functions.check_inv;  INV INCORRETA ENCONTRADA: 020558915
08-12-2023 13:22:03.292Z;functions.check_inv;  APERTA PARA BAIXO PARA VERIFICAR O PRÓXIMO REGISTRO
08-12-2023 13:22:03.293Z;functions.check_inv;  BUSCA NA LINHA: 4
08-12-2023 13:22:03.294Z;functions.check_inv;  ctrl c
08-12-2023 13:22:03.900Z;functions.check_inv;  Historico completo: INV - 000747439 - KONGSBERG MARITIME AS
08-12-2023 13:22:03.901Z;functions.check_inv;  INV INCORRETA ENCONTRADA: 000747439
08-12-2023 13:22:04.505Z;functions.check_inv;  APERTA PARA BAIXO PARA VERIFICAR O PRÓXIMO REGISTRO
08-12-2023 13:22:04.506Z;functions.check_inv;  BUSCA NA LINHA: 5
08-12-2023 13:22:04.507Z;functions.check_inv;  ctrl c
08-12-2023 13:22:05.112Z;functions.check_inv;  Historico completo: INV - 02022685 - TSCHUDI SHIP MANAGEMENT AS 
08-12-2023 13:22:05.114Z;functions.check_inv;  INV INCORRETA ENCONTRADA: 02022685
08-12-2023 13:22:05.717Z;functions.check_inv;  APERTA PARA BAIXO PARA VERIFICAR O PRÓXIMO REGISTRO
08-12-2023 13:22:05.718Z;functions.check_inv;  BUSCA NA LINHA: 6
08-12-2023 13:22:05.720Z;functions.check_inv;  ctrl c
08-12-2023 13:22:06.325Z;functions.check_inv;  Historico completo: INV - 19042023 - TSCHUDI SHIP MANAGEMENT AS 
08-12-2023 13:22:06.327Z;functions.check_inv;  INV INCORRETA ENCONTRADA: 19042023
08-12-2023 13:22:06.933Z;functions.check_inv;  APERTA PARA BAIXO PARA VERIFICAR O PRÓXIMO REGISTRO
08-12-2023 13:22:06.934Z;functions.check_inv;  BUSCA NA LINHA: 7
08-12-2023 13:22:06.935Z;functions.check_inv;  ctrl c
08-12-2023 13:22:07.540Z;functions.check_inv;  Historico completo: INV - 23032023 - TSCHUDI SHIP MANAGEMENT AS 
08-12-2023 13:22:07.542Z;functions.check_inv;  INV INCORRETA ENCONTRADA: 23032023
08-12-2023 13:22:08.146Z;functions.check_inv;  APERTA PARA BAIXO PARA VERIFICAR O PRÓXIMO REGISTRO
08-12-2023 13:22:08.147Z;functions.check_inv;  BUSCA NA LINHA: 8
08-12-2023 13:22:08.148Z;functions.check_inv;  ctrl c
08-12-2023 13:22:08.754Z;functions.check_inv;  Historico completo: INV - 00017986 - INTERTRUST GROUP A CSC COMPANY 
08-12-2023 13:22:08.756Z;functions.check_inv;  INV INCORRETA ENCONTRADA: 00017986
08-12-2023 13:22:09.361Z;functions.check_inv;  APERTA PARA BAIXO PARA VERIFICAR O PRÓXIMO REGISTRO
08-12-2023 13:22:09.362Z;functions.check_inv;  BUSCA NA LINHA: 9
08-12-2023 13:22:09.363Z;functions.check_inv;  ctrl c
08-12-2023 13:22:09.968Z;functions.check_inv;  Historico completo: INV - 00016246 - INTERTRUST GROUP A CSC COMPANY 
08-12-2023 13:22:09.970Z;functions.check_inv;  INV INCORRETA ENCONTRADA: 00016246
08-12-2023 13:22:10.574Z;functions.check_inv;  APERTA PARA BAIXO PARA VERIFICAR O PRÓXIMO REGISTRO
08-12-2023 13:22:10.575Z;functions.check_inv;  BUSCA NA LINHA: 10
08-12-2023 13:22:10.576Z;functions.check_inv;  ctrl c
08-12-2023 13:22:11.182Z;functions.check_inv;  Historico completo: INV - 00016855 - INTERTRUST GROUP A CSC COMPANY 
08-12-2023 13:22:11.184Z;functions.check_inv;  INV INCORRETA ENCONTRADA: 00016855
08-12-2023 13:22:11.788Z;functions.check_inv;  APERTA PARA BAIXO PARA VERIFICAR O PRÓXIMO REGISTRO
08-12-2023 13:22:11.789Z;functions.check_inv;  BUSCA NA LINHA: 11
08-12-2023 13:22:11.790Z;functions.check_inv;  ctrl c
08-12-2023 13:22:12.396Z;functions.check_inv;  Historico completo: INV - 00015566 - INTERTRUST GROUP A CSC COMPANY 
08-12-2023 13:22:12.398Z;functions.check_inv;  INV INCORRETA ENCONTRADA: 00015566
08-12-2023 13:22:13.002Z;functions.check_inv;  APERTA PARA BAIXO PARA VERIFICAR O PRÓXIMO REGISTRO
08-12-2023 13:22:13.003Z;functions.check_inv;  BUSCA NA LINHA: 12
08-12-2023 13:22:13.004Z;functions.check_inv;  ctrl c
08-12-2023 13:22:13.614Z;functions.check_inv;  Historico completo: INV - 00014116 - INTERTRUST GROUP A CSC COMPANY 
08-12-2023 13:22:13.616Z;functions.check_inv;  INV INCORRETA ENCONTRADA: 00014116
08-12-2023 13:22:14.220Z;functions.check_inv;  APERTA PARA BAIXO PARA VERIFICAR O PRÓXIMO REGISTRO
08-12-2023 13:22:14.221Z;functions.check_inv;  BUSCA NA LINHA: 13
08-12-2023 13:22:14.223Z;functions.check_inv;  ctrl c
08-12-2023 13:22:14.828Z;functions.check_inv;  Historico completo: INV - 003231968 - Brunvoll AS
08-12-2023 13:22:14.829Z;functions.check_inv;  INV INCORRETA ENCONTRADA: 003231968
08-12-2023 13:22:15.434Z;functions.check_inv;  APERTA PARA BAIXO PARA VERIFICAR O PRÓXIMO REGISTRO
08-12-2023 13:22:15.435Z;functions.check_inv;  BUSCA NA LINHA: 14
08-12-2023 13:22:15.437Z;functions.check_inv;  ctrl c
08-12-2023 13:22:16.042Z;functions.check_inv;  Historico completo: INV - 04816723 - CORROSION MARITIME 
08-12-2023 13:22:16.043Z;functions.check_inv;  INV INCORRETA ENCONTRADA: 04816723
08-12-2023 13:22:16.647Z;functions.check_inv;  APERTA PARA BAIXO PARA VERIFICAR O PRÓXIMO REGISTRO
08-12-2023 13:22:16.648Z;functions.check_inv;  BUSCA NA LINHA: 15
08-12-2023 13:22:16.649Z;functions.check_inv;  ctrl c
08-12-2023 13:22:17.253Z;functions.check_inv;  Historico completo: INV - 00005596 - MOTIVE POWER MARINE E PORT SHIPYARD 
08-12-2023 13:22:17.256Z;functions.check_inv;  INV INCORRETA ENCONTRADA: 00005596
08-12-2023 13:22:17.861Z;functions.check_inv;  APERTA PARA BAIXO PARA VERIFICAR O PRÓXIMO REGISTRO
08-12-2023 13:22:17.862Z;functions.check_inv;  BUSCA NA LINHA: 16
08-12-2023 13:22:17.863Z;functions.check_inv;  ctrl c
08-12-2023 13:22:18.468Z;functions.check_inv;  Historico completo: INV - 00002621 - NORDIC P&I AS 
08-12-2023 13:22:18.469Z;functions.check_inv;  INV INCORRETA ENCONTRADA: 00002621
08-12-2023 13:22:19.072Z;functions.check_inv;  APERTA PARA BAIXO PARA VERIFICAR O PRÓXIMO REGISTRO
08-12-2023 13:22:19.073Z;functions.check_inv;  BUSCA NA LINHA: 17
08-12-2023 13:22:19.074Z;functions.check_inv;  ctrl c
08-12-2023 13:22:19.679Z;functions.check_inv;  Historico completo: INV - 90306846 - KONGSBERG MARITIME AS 
08-12-2023 13:22:19.681Z;functions.check_inv;  INV INCORRETA ENCONTRADA: 90306846
08-12-2023 13:22:20.285Z;functions.check_inv;  APERTA PARA BAIXO PARA VERIFICAR O PRÓXIMO REGISTRO
08-12-2023 13:22:20.286Z;functions.check_inv;  BUSCA NA LINHA: 18
08-12-2023 13:22:20.288Z;functions.check_inv;  ctrl c
08-12-2023 13:22:20.893Z;functions.check_inv;  Historico completo: INV - 90306844 - KONGSBERG MARITIME AS 
08-12-2023 13:22:20.894Z;functions.check_inv;  INV INCORRETA ENCONTRADA: 90306844
08-12-2023 13:22:21.499Z;functions.check_inv;  APERTA PARA BAIXO PARA VERIFICAR O PRÓXIMO REGISTRO
08-12-2023 13:22:21.500Z;functions.check_inv;  BUSCA NA LINHA: 19
08-12-2023 13:22:21.501Z;functions.check_inv;  ctrl c
08-12-2023 13:22:22.135Z;functions.check_inv;  Historico completo: INV - 01612796 - Loyens & Loeff N.V 
08-12-2023 13:22:22.136Z;functions.check_inv;  INV INCORRETA ENCONTRADA: 01612796
08-12-2023 13:22:22.740Z;functions.check_inv;  APERTA PARA BAIXO PARA VERIFICAR O PRÓXIMO REGISTRO
08-12-2023 13:22:22.741Z;functions.check_inv;  BUSCA NA LINHA: 20
08-12-2023 13:22:22.743Z;functions.check_inv;  ctrl c
08-12-2023 13:22:23.348Z;functions.check_inv;  Historico completo: INV - 01027042 - DIMO 
08-12-2023 13:22:23.350Z;functions.check_inv;  INV INCORRETA ENCONTRADA: 01027042
08-12-2023 13:22:23.954Z;functions.check_inv;  APERTA PARA BAIXO PARA VERIFICAR O PRÓXIMO REGISTRO
08-12-2023 13:22:23.955Z;functions.check_inv;  BUSCA NA LINHA: 21
08-12-2023 13:22:23.956Z;functions.check_inv;  ctrl c
08-12-2023 13:22:24.562Z;functions.check_inv;  Historico completo: INV - 01027039 - DIMO 
08-12-2023 13:22:24.565Z;functions.check_inv;  INV INCORRETA ENCONTRADA: 01027039
08-12-2023 13:22:25.169Z;functions.check_inv;  APERTA PARA BAIXO PARA VERIFICAR O PRÓXIMO REGISTRO
08-12-2023 13:22:25.170Z;functions.check_inv;  BUSCA NA LINHA: 22
08-12-2023 13:22:25.171Z;functions.check_inv;  ctrl c
08-12-2023 13:22:25.776Z;functions.check_inv;  Historico completo: INV - 10166948 - KONGSBERG MARITIME AS 
08-12-2023 13:22:25.777Z;functions.check_inv;  INV INCORRETA ENCONTRADA: 10166948
08-12-2023 13:22:26.381Z;functions.check_inv;  APERTA PARA BAIXO PARA VERIFICAR O PRÓXIMO REGISTRO
08-12-2023 13:22:26.382Z;functions.check_inv;  BUSCA NA LINHA: 23
08-12-2023 13:22:26.383Z;functions.check_inv;  ctrl c
08-12-2023 13:22:26.988Z;functions.check_inv;  Historico completo: INV - 00000123 - BLUE GIMBALS PROJECT MANAGEMENT SERVICES 
08-12-2023 13:22:26.991Z;functions.check_inv;  INV INCORRETA ENCONTRADA: 00000123
08-12-2023 13:22:27.595Z;functions.check_inv;  APERTA PARA BAIXO PARA VERIFICAR O PRÓXIMO REGISTRO
08-12-2023 13:22:27.596Z;functions.check_inv;  BUSCA NA LINHA: 24
08-12-2023 13:22:27.597Z;functions.check_inv;  ctrl c
08-12-2023 13:22:28.205Z;functions.check_inv;  Historico completo: INV - 020573606 - KONGSBERG MARITIME AS
08-12-2023 13:22:28.206Z;functions.check_inv;  INV INCORRETA ENCONTRADA: 020573606
08-12-2023 13:22:28.811Z;functions.check_inv;  APERTA PARA BAIXO PARA VERIFICAR O PRÓXIMO REGISTRO
08-12-2023 13:22:28.812Z;functions.check_inv;  BUSCA NA LINHA: 25
08-12-2023 13:22:28.814Z;functions.check_inv;  ctrl c
08-12-2023 13:22:29.420Z;functions.check_inv;  Historico completo: INV - 10646632 - DNV AS 
08-12-2023 13:22:29.422Z;functions.check_inv;  INV INCORRETA ENCONTRADA: 10646632
08-12-2023 13:22:30.026Z;functions.check_inv;  APERTA PARA BAIXO PARA VERIFICAR O PRÓXIMO REGISTRO
08-12-2023 13:22:30.027Z;functions.check_inv;  BUSCA NA LINHA: 26
08-12-2023 13:22:30.028Z;functions.check_inv;  ctrl c
08-12-2023 13:22:30.633Z;functions.check_inv;  Historico completo: INV - 04230499 - Ocean TG Norway AS 
08-12-2023 13:22:30.634Z;functions.check_inv;  INV INCORRETA ENCONTRADA: 04230499
08-12-2023 13:22:31.238Z;functions.check_inv;  APERTA PARA BAIXO PARA VERIFICAR O PRÓXIMO REGISTRO
08-12-2023 13:22:31.239Z;functions.check_inv;  BUSCA NA LINHA: 27
08-12-2023 13:22:31.240Z;functions.check_inv;  ctrl c
08-12-2023 13:22:31.845Z;functions.check_inv;  Historico completo: INV - 04230734 - Ocean TG Norway AS 
08-12-2023 13:22:31.846Z;functions.check_inv;  INV INCORRETA ENCONTRADA: 04230734
08-12-2023 13:22:32.450Z;functions.check_inv;  APERTA PARA BAIXO PARA VERIFICAR O PRÓXIMO REGISTRO
08-12-2023 13:22:32.452Z;functions.check_inv;  BUSCA NA LINHA: 28
08-12-2023 13:22:32.454Z;functions.check_inv;  ctrl c
08-12-2023 13:22:33.058Z;functions.check_inv;  Historico completo: INV - 20230113 - UniSea AS 
08-12-2023 13:22:33.060Z;functions.check_inv;  INV INCORRETA ENCONTRADA: 20230113
08-12-2023 13:22:33.664Z;functions.check_inv;  APERTA PARA BAIXO PARA VERIFICAR O PRÓXIMO REGISTRO
08-12-2023 13:22:33.665Z;functions.check_inv;  BUSCA NA LINHA: 29
08-12-2023 13:22:33.666Z;functions.check_inv;  ctrl c
08-12-2023 13:22:34.271Z;functions.check_inv;  Historico completo: INV - 00016477 - MARLINK SA 
08-12-2023 13:22:34.272Z;functions.check_inv;  INV INCORRETA ENCONTRADA: 00016477
08-12-2023 13:22:34.876Z;functions.check_inv;  APERTA PARA BAIXO PARA VERIFICAR O PRÓXIMO REGISTRO
08-12-2023 13:22:34.877Z;functions.check_inv;  BUSCA NA LINHA: 30
08-12-2023 13:22:34.878Z;functions.check_inv;  ctrl c
08-12-2023 13:22:35.484Z;functions.check_inv;  Historico completo: INV - 00580085 - MARLINK SA 
08-12-2023 13:22:35.485Z;functions.check_inv;  INV INCORRETA ENCONTRADA: 00580085
08-12-2023 13:22:36.089Z;functions.check_inv;  APERTA PARA BAIXO PARA VERIFICAR O PRÓXIMO REGISTRO
08-12-2023 13:22:36.090Z;functions.check_inv;  BUSCA NA LINHA: 31
08-12-2023 13:22:36.091Z;functions.check_inv;  ctrl c
08-12-2023 13:22:36.696Z;functions.check_inv;  Historico completo: INV - 18092023 - TSCHUDI SHIP MANAGEMENT AS 
08-12-2023 13:22:36.699Z;functions.check_inv;  INV INCORRETA ENCONTRADA: 18092023
08-12-2023 13:22:37.302Z;functions.check_inv;  APERTA PARA BAIXO PARA VERIFICAR O PRÓXIMO REGISTRO
08-12-2023 13:22:37.303Z;functions.check_inv;  BUSCA NA LINHA: 32
08-12-2023 13:22:37.304Z;functions.check_inv;  ctrl c
08-12-2023 13:22:37.916Z;functions.check_inv;  Historico completo: INV - 18092023 - TSCHUDI SHIP MANAGEMENT AS 
08-12-2023 13:22:37.918Z;functions.check_inv;  INV INCORRETA ENCONTRADA: 18092023
08-12-2023 13:22:38.522Z;functions.check_inv;  APERTA PARA BAIXO PARA VERIFICAR O PRÓXIMO REGISTRO
08-12-2023 13:22:38.523Z;functions.check_inv;  BUSCA NA LINHA: 33
08-12-2023 13:22:38.525Z;functions.check_inv;  ctrl c
08-12-2023 13:22:39.130Z;functions.check_inv;  Historico completo: INV - 18092023 - TSCHUDI SHIP MANAGEMENT AS 
08-12-2023 13:22:39.132Z;functions.check_inv;  INV INCORRETA ENCONTRADA: 18092023
08-12-2023 13:22:39.736Z;functions.check_inv;  APERTA PARA BAIXO PARA VERIFICAR O PRÓXIMO REGISTRO
08-12-2023 13:22:39.737Z;functions.check_inv;  BUSCA NA LINHA: 34
08-12-2023 13:22:39.738Z;functions.check_inv;  ctrl c
08-12-2023 13:22:40.344Z;functions.check_inv;  Historico completo: INV - 18092023 - TSCHUDI SHIP MANAGEMENT AS 
08-12-2023 13:22:40.346Z;functions.check_inv;  INV INCORRETA ENCONTRADA: 18092023
08-12-2023 13:22:40.950Z;functions.check_inv;  APERTA PARA BAIXO PARA VERIFICAR O PRÓXIMO REGISTRO
08-12-2023 13:22:40.951Z;functions.check_inv;  BUSCA NA LINHA: 35
08-12-2023 13:22:40.953Z;functions.check_inv;  ctrl c
08-12-2023 13:22:41.557Z;functions.check_inv;  Historico completo: INV - 00100339 - NORDIC P&I AS 
08-12-2023 13:22:41.559Z;functions.check_inv;  INV INCORRETA ENCONTRADA: 00100339
08-12-2023 13:22:42.163Z;functions.check_inv;  APERTA PARA BAIXO PARA VERIFICAR O PRÓXIMO REGISTRO
08-12-2023 13:22:42.164Z;functions.check_inv;  BUSCA NA LINHA: 36
08-12-2023 13:22:42.165Z;functions.check_inv;  ctrl c
08-12-2023 13:22:42.770Z;functions.check_inv;  Historico completo: INV - 00002639 - NORDIC P&I AS 
08-12-2023 13:22:42.771Z;functions.check_inv;  INV INCORRETA ENCONTRADA: 00002639
08-12-2023 13:22:43.375Z;functions.check_inv;  APERTA PARA BAIXO PARA VERIFICAR O PRÓXIMO REGISTRO
08-12-2023 13:22:43.376Z;functions.check_inv;  BUSCA NA LINHA: 37
08-12-2023 13:22:43.377Z;functions.check_inv;  ctrl c
08-12-2023 13:22:43.982Z;functions.check_inv;  Historico completo: INV - 00230120 - TSCHUDI SHIP MANAGEMENT AS 
08-12-2023 13:22:43.984Z;functions.check_inv;  INV INCORRETA ENCONTRADA: 00230120
08-12-2023 13:22:44.588Z;functions.check_inv;  APERTA PARA BAIXO PARA VERIFICAR O PRÓXIMO REGISTRO
08-12-2023 13:22:44.589Z;functions.check_inv;  BUSCA NA LINHA: 38
08-12-2023 13:22:44.591Z;functions.check_inv;  ctrl c
08-12-2023 13:22:45.195Z;functions.check_inv;  Historico completo: INV - 90296988 - KONGSBERG MARITIME AS 
08-12-2023 13:22:45.196Z;functions.check_inv;  INV INCORRETA ENCONTRADA: 90296988
08-12-2023 13:22:45.800Z;functions.check_inv;  APERTA PARA BAIXO PARA VERIFICAR O PRÓXIMO REGISTRO
08-12-2023 13:22:45.801Z;functions.check_inv;  BUSCA NA LINHA: 39
08-12-2023 13:22:45.802Z;functions.check_inv;  ctrl c
08-12-2023 13:22:46.409Z;functions.check_inv;  Historico completo: INV - 10647338 - DNV AS 
08-12-2023 13:22:46.411Z;functions.check_inv;  INV INCORRETA ENCONTRADA: 10647338
08-12-2023 13:22:47.016Z;functions.check_inv;  APERTA PARA BAIXO PARA VERIFICAR O PRÓXIMO REGISTRO
08-12-2023 13:22:47.017Z;functions.check_inv;  BUSCA NA LINHA: 40
08-12-2023 13:22:47.019Z;functions.check_inv;  ctrl c
08-12-2023 13:22:47.625Z;functions.check_inv;  Historico completo: INV - 00361656 - GREEN YARD KLEVEN AS 
08-12-2023 13:22:47.626Z;functions.check_inv;  INV INCORRETA ENCONTRADA: 00361656
08-12-2023 13:22:48.231Z;functions.check_inv;  APERTA PARA BAIXO PARA VERIFICAR O PRÓXIMO REGISTRO
08-12-2023 13:22:48.231Z;functions.check_inv;  BUSCA NA LINHA: 41
08-12-2023 13:22:48.233Z;functions.check_inv;  ctrl c
08-12-2023 13:22:48.838Z;functions.check_inv;  Historico completo: INV - 20230215 - UniSea AS 
08-12-2023 13:22:48.839Z;functions.check_inv;  INV INCORRETA ENCONTRADA: 20230215
08-12-2023 13:22:49.443Z;functions.check_inv;  APERTA PARA BAIXO PARA VERIFICAR O PRÓXIMO REGISTRO
08-12-2023 13:22:49.444Z;functions.check_inv;  BUSCA NA LINHA: 42
08-12-2023 13:22:49.445Z;functions.check_inv;  ctrl c
08-12-2023 13:22:50.050Z;functions.check_inv;  Historico completo: INV - 01027040 - DIMO 
08-12-2023 13:22:50.051Z;functions.check_inv;  INV INCORRETA ENCONTRADA: 01027040
08-12-2023 13:22:50.654Z;functions.check_inv;  APERTA PARA BAIXO PARA VERIFICAR O PRÓXIMO REGISTRO
08-12-2023 13:22:50.655Z;functions.check_inv;  BUSCA NA LINHA: 43
08-12-2023 13:22:50.656Z;functions.check_inv;  ctrl c
08-12-2023 13:22:51.262Z;functions.check_inv;  Historico completo: INV - 01027041 - DIMO 
08-12-2023 13:22:51.263Z;functions.check_inv;  INV INCORRETA ENCONTRADA: 01027041
08-12-2023 13:22:51.867Z;functions.check_inv;  APERTA PARA BAIXO PARA VERIFICAR O PRÓXIMO REGISTRO
08-12-2023 13:22:51.868Z;functions.check_inv;  BUSCA NA LINHA: 44
08-12-2023 13:22:51.869Z;functions.check_inv;  ctrl c
08-12-2023 13:22:52.475Z;functions.check_inv;  Historico completo: INV - 00000223 - BLUE GIMBALS PROJECT MANAGEMENT SERVICES 
08-12-2023 13:22:52.477Z;functions.check_inv;  INV INCORRETA ENCONTRADA: 00000223
08-12-2023 13:22:53.081Z;functions.check_inv;  APERTA PARA BAIXO PARA VERIFICAR O PRÓXIMO REGISTRO
08-12-2023 13:22:53.083Z;functions.check_inv;  BUSCA NA LINHA: 45
08-12-2023 13:22:53.085Z;functions.check_inv;  ctrl c
08-12-2023 13:22:53.690Z;functions.check_inv;  Historico completo: INV - 02023620 - TSCHUDI SHIP MANAGEMENT AS 
08-12-2023 13:22:53.692Z;functions.check_inv;  INV INCORRETA ENCONTRADA: 02023620
08-12-2023 13:22:54.296Z;functions.check_inv;  APERTA PARA BAIXO PARA VERIFICAR O PRÓXIMO REGISTRO
08-12-2023 13:22:54.297Z;functions.check_inv;  BUSCA NA LINHA: 46
08-12-2023 13:22:54.298Z;functions.check_inv;  ctrl c
08-12-2023 13:22:54.902Z;functions.check_inv;  Historico completo: INV - 02023618 - TSCHUDI SHIP MANAGEMENT AS 
08-12-2023 13:22:54.904Z;functions.check_inv;  INV INCORRETA ENCONTRADA: 02023618
08-12-2023 13:22:55.508Z;functions.check_inv;  APERTA PARA BAIXO PARA VERIFICAR O PRÓXIMO REGISTRO
08-12-2023 13:22:55.509Z;functions.check_inv;  BUSCA NA LINHA: 47
08-12-2023 13:22:55.510Z;functions.check_inv;  ctrl c
08-12-2023 13:22:56.115Z;functions.check_inv;  Historico completo: INV - 000826680 - UNIOIL SUPPLY A/S- BUNKER ONE
08-12-2023 13:22:56.117Z;functions.check_inv;  INV INCORRETA ENCONTRADA: 000826680
08-12-2023 13:22:56.721Z;functions.check_inv;  APERTA PARA BAIXO PARA VERIFICAR O PRÓXIMO REGISTRO
08-12-2023 13:22:56.722Z;functions.check_inv;  BUSCA NA LINHA: 48
08-12-2023 13:22:56.724Z;functions.check_inv;  ctrl c
08-12-2023 13:22:57.337Z;functions.check_inv;  Historico completo: INV - 000826680 - UNIOIL SUPPLY A/S- BUNKER ONE
08-12-2023 13:22:57.339Z;functions.check_inv;  INV INCORRETA ENCONTRADA: 000826680
08-12-2023 13:22:57.340Z;functions.check_inv;  ULTIMA INV CHECADA E NÃO ENCONTRADA- 000826680
08-12-2023 13:22:57.342Z;main.<module>;  
08-12-2023 13:23:27.374Z;functions.waitForImage;  INTEGRAÇÃO BANCÁRIA image not found.
08-12-2023 13:23:27.785Z;functions.define_moeda;  4 TAB
08-12-2023 13:23:45.839Z;functions.waitForImage;  PRESS BUTTON OK image not found.
08-12-2023 13:23:47.943Z;functions.baixa_inv;  CHECK LINHA
08-12-2023 13:23:49.504Z;functions.baixa_inv;  SELECIONA BOTÃO BAIXA
08-12-2023 13:23:55.843Z;functions.baixa_inv;  CLICA OK
