08-12-2023 13:38:34.580Z;functions.check_table_record;  VERIFICANDO SE A TABELA ESTÁ VAZIA
08-12-2023 13:38:58.684Z;functions.check_table_record;  ATENÇÃO: 

Este processo exige que seja selecionado ao menos um registro para sua execução.
Como não foi feita nenhuma seleção, você deseja executá-lo para TODOS os 49 registros?
08-12-2023 13:39:00.687Z;functions.check_table_record;  NUMERO DE TUPLAS: 49
08-12-2023 13:39:00.688Z;functions.check_table_record;  TABELA CONTÉM REGISTROS
08-12-2023 13:39:02.788Z;functions.check_table_record;  CLICK NÃO
08-12-2023 13:39:21.120Z;functions.check_inv;  35 PASSOS PARA ESQUERDA
08-12-2023 13:39:23.060Z;functions.check_inv;  19 PASSOS PARA DIREITA
08-12-2023 13:39:25.062Z;functions.check_inv;  BUSCA NA LINHA: 0
08-12-2023 13:39:25.065Z;functions.check_inv;  ctrl c
08-12-2023 13:39:25.670Z;functions.check_inv;  Historico completo: INV - 00525829 - DNV AS 
08-12-2023 13:39:25.672Z;functions.check_inv;  INV INCORRETA ENCONTRADA: 00525829
08-12-2023 13:39:25.674Z;functions.check_inv;  TESTE: 48
08-12-2023 13:39:26.277Z;functions.check_inv;  APERTA PARA BAIXO PARA VERIFICAR O PRÓXIMO REGISTRO
08-12-2023 13:39:26.278Z;functions.check_inv;  BUSCA NA LINHA: 1
08-12-2023 13:39:26.280Z;functions.check_inv;  ctrl c
08-12-2023 13:39:26.886Z;functions.check_inv;  Historico completo: INV - 10218917 - KONGSBERG MARITIME AS 
08-12-2023 13:39:26.889Z;functions.check_inv;  INV INCORRETA ENCONTRADA: 10218917
08-12-2023 13:39:26.890Z;functions.check_inv;  TESTE: 48
08-12-2023 13:39:27.501Z;functions.check_inv;  APERTA PARA BAIXO PARA VERIFICAR O PRÓXIMO REGISTRO
08-12-2023 13:39:27.502Z;functions.check_inv;  BUSCA NA LINHA: 2
08-12-2023 13:39:27.504Z;functions.check_inv;  ctrl c
08-12-2023 13:39:28.109Z;functions.check_inv;  Historico completo: INV - xxxxx - VDR SPECIALIZED CRANE EQUIPMENT MANUFACTURING LLC
08-12-2023 13:39:28.111Z;functions.check_inv;  INV INCORRETA ENCONTRADA: erro: INV NÃO ENCONTRADA
08-12-2023 13:39:28.112Z;functions.check_inv;  TESTE: 48
08-12-2023 13:39:28.716Z;functions.check_inv;  APERTA PARA BAIXO PARA VERIFICAR O PRÓXIMO REGISTRO
08-12-2023 13:39:28.717Z;functions.check_inv;  BUSCA NA LINHA: 3
08-12-2023 13:39:28.718Z;functions.check_inv;  ctrl c
08-12-2023 13:39:29.324Z;functions.check_inv;  Historico completo: INV - 020558915 - KONGSBERG MARITIME AS
08-12-2023 13:39:29.325Z;functions.check_inv;  INV INCORRETA ENCONTRADA: 020558915
08-12-2023 13:39:29.327Z;functions.check_inv;  TESTE: 48
08-12-2023 13:39:29.931Z;functions.check_inv;  APERTA PARA BAIXO PARA VERIFICAR O PRÓXIMO REGISTRO
08-12-2023 13:39:29.932Z;functions.check_inv;  BUSCA NA LINHA: 4
08-12-2023 13:39:29.933Z;functions.check_inv;  ctrl c
08-12-2023 13:39:30.541Z;functions.check_inv;  Historico completo: INV - 000747439 - KONGSBERG MARITIME AS
08-12-2023 13:39:30.542Z;functions.check_inv;  INV INCORRETA ENCONTRADA: 000747439
08-12-2023 13:39:30.543Z;functions.check_inv;  TESTE: 48
08-12-2023 13:39:31.147Z;functions.check_inv;  APERTA PARA BAIXO PARA VERIFICAR O PRÓXIMO REGISTRO
08-12-2023 13:39:31.148Z;functions.check_inv;  BUSCA NA LINHA: 5
08-12-2023 13:39:31.149Z;functions.check_inv;  ctrl c
08-12-2023 13:39:31.755Z;functions.check_inv;  Historico completo: INV - 02022685 - TSCHUDI SHIP MANAGEMENT AS 
08-12-2023 13:39:31.758Z;functions.check_inv;  INV INCORRETA ENCONTRADA: 02022685
08-12-2023 13:39:31.760Z;functions.check_inv;  TESTE: 48
08-12-2023 13:39:32.364Z;functions.check_inv;  APERTA PARA BAIXO PARA VERIFICAR O PRÓXIMO REGISTRO
08-12-2023 13:39:32.365Z;functions.check_inv;  BUSCA NA LINHA: 6
08-12-2023 13:39:32.366Z;functions.check_inv;  ctrl c
08-12-2023 13:39:32.971Z;functions.check_inv;  Historico completo: INV - 19042023 - TSCHUDI SHIP MANAGEMENT AS 
08-12-2023 13:39:32.973Z;functions.check_inv;  INV INCORRETA ENCONTRADA: 19042023
08-12-2023 13:39:32.974Z;functions.check_inv;  TESTE: 48
08-12-2023 13:39:33.578Z;functions.check_inv;  APERTA PARA BAIXO PARA VERIFICAR O PRÓXIMO REGISTRO
08-12-2023 13:39:33.580Z;functions.check_inv;  BUSCA NA LINHA: 7
08-12-2023 13:39:33.581Z;functions.check_inv;  ctrl c
08-12-2023 13:39:34.186Z;functions.check_inv;  Historico completo: INV - 23032023 - TSCHUDI SHIP MANAGEMENT AS 
08-12-2023 13:39:34.189Z;functions.check_inv;  INV INCORRETA ENCONTRADA: 23032023
08-12-2023 13:39:34.190Z;functions.check_inv;  TESTE: 48
08-12-2023 13:39:34.795Z;functions.check_inv;  APERTA PARA BAIXO PARA VERIFICAR O PRÓXIMO REGISTRO
08-12-2023 13:39:34.796Z;functions.check_inv;  BUSCA NA LINHA: 8
08-12-2023 13:39:34.797Z;functions.check_inv;  ctrl c
08-12-2023 13:39:35.403Z;functions.check_inv;  Historico completo: INV - 00017986 - INTERTRUST GROUP A CSC COMPANY 
08-12-2023 13:39:35.405Z;functions.check_inv;  INV INCORRETA ENCONTRADA: 00017986
08-12-2023 13:39:35.407Z;functions.check_inv;  TESTE: 48
08-12-2023 13:39:36.012Z;functions.check_inv;  APERTA PARA BAIXO PARA VERIFICAR O PRÓXIMO REGISTRO
08-12-2023 13:39:36.013Z;functions.check_inv;  BUSCA NA LINHA: 9
08-12-2023 13:39:36.015Z;functions.check_inv;  ctrl c
08-12-2023 13:39:36.619Z;functions.check_inv;  Historico completo: INV - 00016246 - INTERTRUST GROUP A CSC COMPANY 
08-12-2023 13:39:36.621Z;functions.check_inv;  INV INCORRETA ENCONTRADA: 00016246
08-12-2023 13:39:36.622Z;functions.check_inv;  TESTE: 48
08-12-2023 13:39:37.226Z;functions.check_inv;  APERTA PARA BAIXO PARA VERIFICAR O PRÓXIMO REGISTRO
08-12-2023 13:39:37.227Z;functions.check_inv;  BUSCA NA LINHA: 10
08-12-2023 13:39:37.229Z;functions.check_inv;  ctrl c
08-12-2023 13:39:37.834Z;functions.check_inv;  Historico completo: INV - 00016855 - INTERTRUST GROUP A CSC COMPANY 
08-12-2023 13:39:37.836Z;functions.check_inv;  INV INCORRETA ENCONTRADA: 00016855
08-12-2023 13:39:37.837Z;functions.check_inv;  TESTE: 48
08-12-2023 13:39:38.441Z;functions.check_inv;  APERTA PARA BAIXO PARA VERIFICAR O PRÓXIMO REGISTRO
08-12-2023 13:39:38.442Z;functions.check_inv;  BUSCA NA LINHA: 11
08-12-2023 13:39:38.443Z;functions.check_inv;  ctrl c
08-12-2023 13:39:39.049Z;functions.check_inv;  Historico completo: INV - 00015566 - INTERTRUST GROUP A CSC COMPANY 
08-12-2023 13:39:39.051Z;functions.check_inv;  INV INCORRETA ENCONTRADA: 00015566
08-12-2023 13:39:39.053Z;functions.check_inv;  TESTE: 48
08-12-2023 13:39:39.656Z;functions.check_inv;  APERTA PARA BAIXO PARA VERIFICAR O PRÓXIMO REGISTRO
08-12-2023 13:39:39.657Z;functions.check_inv;  BUSCA NA LINHA: 12
08-12-2023 13:39:39.659Z;functions.check_inv;  ctrl c
08-12-2023 13:39:40.264Z;functions.check_inv;  Historico completo: INV - 00014116 - INTERTRUST GROUP A CSC COMPANY 
08-12-2023 13:39:40.266Z;functions.check_inv;  INV INCORRETA ENCONTRADA: 00014116
08-12-2023 13:39:40.268Z;functions.check_inv;  TESTE: 48
08-12-2023 13:39:40.871Z;functions.check_inv;  APERTA PARA BAIXO PARA VERIFICAR O PRÓXIMO REGISTRO
08-12-2023 13:39:40.872Z;functions.check_inv;  BUSCA NA LINHA: 13
08-12-2023 13:39:40.873Z;functions.check_inv;  ctrl c
08-12-2023 13:39:41.480Z;functions.check_inv;  Historico completo: INV - 003231968 - Brunvoll AS
08-12-2023 13:39:41.482Z;functions.check_inv;  INV INCORRETA ENCONTRADA: 003231968
08-12-2023 13:39:41.483Z;functions.check_inv;  TESTE: 48
08-12-2023 13:39:42.088Z;functions.check_inv;  APERTA PARA BAIXO PARA VERIFICAR O PRÓXIMO REGISTRO
08-12-2023 13:39:42.089Z;functions.check_inv;  BUSCA NA LINHA: 14
08-12-2023 13:39:42.090Z;functions.check_inv;  ctrl c
08-12-2023 13:39:42.697Z;functions.check_inv;  Historico completo: INV - 04816723 - CORROSION MARITIME 
08-12-2023 13:39:42.698Z;functions.check_inv;  INV INCORRETA ENCONTRADA: 04816723
08-12-2023 13:39:42.700Z;functions.check_inv;  TESTE: 48
08-12-2023 13:39:43.303Z;functions.check_inv;  APERTA PARA BAIXO PARA VERIFICAR O PRÓXIMO REGISTRO
08-12-2023 13:39:43.304Z;functions.check_inv;  BUSCA NA LINHA: 15
08-12-2023 13:39:43.306Z;functions.check_inv;  ctrl c
08-12-2023 13:39:43.912Z;functions.check_inv;  Historico completo: INV - 00005596 - MOTIVE POWER MARINE E PORT SHIPYARD 
08-12-2023 13:39:43.914Z;functions.check_inv;  INV INCORRETA ENCONTRADA: 00005596
08-12-2023 13:39:43.915Z;functions.check_inv;  TESTE: 48
08-12-2023 13:39:44.519Z;functions.check_inv;  APERTA PARA BAIXO PARA VERIFICAR O PRÓXIMO REGISTRO
08-12-2023 13:39:44.520Z;functions.check_inv;  BUSCA NA LINHA: 16
08-12-2023 13:39:44.521Z;functions.check_inv;  ctrl c
08-12-2023 13:39:45.126Z;functions.check_inv;  Historico completo: INV - 00002621 - NORDIC P&I AS 
08-12-2023 13:39:45.127Z;functions.check_inv;  INV INCORRETA ENCONTRADA: 00002621
08-12-2023 13:39:45.128Z;functions.check_inv;  TESTE: 48
08-12-2023 13:39:45.732Z;functions.check_inv;  APERTA PARA BAIXO PARA VERIFICAR O PRÓXIMO REGISTRO
08-12-2023 13:39:45.734Z;functions.check_inv;  BUSCA NA LINHA: 17
08-12-2023 13:39:45.736Z;functions.check_inv;  ctrl c
08-12-2023 13:39:46.341Z;functions.check_inv;  Historico completo: INV - 90306846 - KONGSBERG MARITIME AS 
08-12-2023 13:39:46.342Z;functions.check_inv;  INV INCORRETA ENCONTRADA: 90306846
08-12-2023 13:39:46.344Z;functions.check_inv;  TESTE: 48
08-12-2023 13:39:46.949Z;functions.check_inv;  APERTA PARA BAIXO PARA VERIFICAR O PRÓXIMO REGISTRO
08-12-2023 13:39:46.950Z;functions.check_inv;  BUSCA NA LINHA: 18
08-12-2023 13:39:46.951Z;functions.check_inv;  ctrl c
08-12-2023 13:39:47.556Z;functions.check_inv;  Historico completo: INV - 90306844 - KONGSBERG MARITIME AS 
08-12-2023 13:39:47.557Z;functions.check_inv;  INV INCORRETA ENCONTRADA: 90306844
08-12-2023 13:39:47.559Z;functions.check_inv;  TESTE: 48
08-12-2023 13:39:48.163Z;functions.check_inv;  APERTA PARA BAIXO PARA VERIFICAR O PRÓXIMO REGISTRO
08-12-2023 13:39:48.164Z;functions.check_inv;  BUSCA NA LINHA: 19
08-12-2023 13:39:48.166Z;functions.check_inv;  ctrl c
08-12-2023 13:39:48.772Z;functions.check_inv;  Historico completo: INV - 01612796 - Loyens & Loeff N.V 
08-12-2023 13:39:48.773Z;functions.check_inv;  INV INCORRETA ENCONTRADA: 01612796
08-12-2023 13:39:48.774Z;functions.check_inv;  TESTE: 48
08-12-2023 13:39:49.378Z;functions.check_inv;  APERTA PARA BAIXO PARA VERIFICAR O PRÓXIMO REGISTRO
08-12-2023 13:39:49.381Z;functions.check_inv;  BUSCA NA LINHA: 20
08-12-2023 13:39:49.382Z;functions.check_inv;  ctrl c
08-12-2023 13:39:49.987Z;functions.check_inv;  Historico completo: INV - 01027042 - DIMO 
08-12-2023 13:39:49.989Z;functions.check_inv;  INV INCORRETA ENCONTRADA: 01027042
08-12-2023 13:39:49.990Z;functions.check_inv;  TESTE: 48
08-12-2023 13:39:50.593Z;functions.check_inv;  APERTA PARA BAIXO PARA VERIFICAR O PRÓXIMO REGISTRO
08-12-2023 13:39:50.594Z;functions.check_inv;  BUSCA NA LINHA: 21
08-12-2023 13:39:50.595Z;functions.check_inv;  ctrl c
08-12-2023 13:39:51.201Z;functions.check_inv;  Historico completo: INV - 01027039 - DIMO 
08-12-2023 13:39:51.202Z;functions.check_inv;  INV INCORRETA ENCONTRADA: 01027039
08-12-2023 13:39:51.203Z;functions.check_inv;  TESTE: 48
08-12-2023 13:39:51.807Z;functions.check_inv;  APERTA PARA BAIXO PARA VERIFICAR O PRÓXIMO REGISTRO
08-12-2023 13:39:51.808Z;functions.check_inv;  BUSCA NA LINHA: 22
08-12-2023 13:39:51.810Z;functions.check_inv;  ctrl c
08-12-2023 13:39:52.414Z;functions.check_inv;  Historico completo: INV - 10166948 - KONGSBERG MARITIME AS 
08-12-2023 13:39:52.416Z;functions.check_inv;  INV INCORRETA ENCONTRADA: 10166948
08-12-2023 13:39:52.418Z;functions.check_inv;  TESTE: 48
08-12-2023 13:39:53.021Z;functions.check_inv;  APERTA PARA BAIXO PARA VERIFICAR O PRÓXIMO REGISTRO
08-12-2023 13:39:53.022Z;functions.check_inv;  BUSCA NA LINHA: 23
08-12-2023 13:39:53.023Z;functions.check_inv;  ctrl c
08-12-2023 13:39:53.627Z;functions.check_inv;  Historico completo: INV - 00000123 - BLUE GIMBALS PROJECT MANAGEMENT SERVICES 
08-12-2023 13:39:53.629Z;functions.check_inv;  INV INCORRETA ENCONTRADA: 00000123
08-12-2023 13:39:53.632Z;functions.check_inv;  TESTE: 48
08-12-2023 13:39:54.236Z;functions.check_inv;  APERTA PARA BAIXO PARA VERIFICAR O PRÓXIMO REGISTRO
08-12-2023 13:39:54.238Z;functions.check_inv;  BUSCA NA LINHA: 24
08-12-2023 13:39:54.239Z;functions.check_inv;  ctrl c
08-12-2023 13:39:54.844Z;functions.check_inv;  Historico completo: INV - 020573606 - KONGSBERG MARITIME AS
08-12-2023 13:39:54.846Z;functions.check_inv;  INV INCORRETA ENCONTRADA: 020573606
08-12-2023 13:39:54.847Z;functions.check_inv;  TESTE: 48
08-12-2023 13:39:55.451Z;functions.check_inv;  APERTA PARA BAIXO PARA VERIFICAR O PRÓXIMO REGISTRO
08-12-2023 13:39:55.452Z;functions.check_inv;  BUSCA NA LINHA: 25
08-12-2023 13:39:55.453Z;functions.check_inv;  ctrl c
08-12-2023 13:39:56.059Z;functions.check_inv;  Historico completo: INV - 10646632 - DNV AS 
08-12-2023 13:39:56.060Z;functions.check_inv;  INV INCORRETA ENCONTRADA: 10646632
08-12-2023 13:39:56.062Z;functions.check_inv;  TESTE: 48
08-12-2023 13:39:56.665Z;functions.check_inv;  APERTA PARA BAIXO PARA VERIFICAR O PRÓXIMO REGISTRO
08-12-2023 13:39:56.668Z;functions.check_inv;  BUSCA NA LINHA: 26
08-12-2023 13:39:56.670Z;functions.check_inv;  ctrl c
08-12-2023 13:39:57.333Z;functions.check_inv;  Historico completo: INV - 04230499 - Ocean TG Norway AS 
08-12-2023 13:39:57.334Z;functions.check_inv;  INV INCORRETA ENCONTRADA: 04230499
08-12-2023 13:39:57.335Z;functions.check_inv;  TESTE: 48
08-12-2023 13:39:57.940Z;functions.check_inv;  APERTA PARA BAIXO PARA VERIFICAR O PRÓXIMO REGISTRO
08-12-2023 13:39:57.941Z;functions.check_inv;  BUSCA NA LINHA: 27
08-12-2023 13:39:57.943Z;functions.check_inv;  ctrl c
08-12-2023 13:39:58.547Z;functions.check_inv;  Historico completo: INV - 04230734 - Ocean TG Norway AS 
08-12-2023 13:39:58.548Z;functions.check_inv;  INV INCORRETA ENCONTRADA: 04230734
08-12-2023 13:39:58.550Z;functions.check_inv;  TESTE: 48
08-12-2023 13:39:59.154Z;functions.check_inv;  APERTA PARA BAIXO PARA VERIFICAR O PRÓXIMO REGISTRO
08-12-2023 13:39:59.155Z;functions.check_inv;  BUSCA NA LINHA: 28
08-12-2023 13:39:59.156Z;functions.check_inv;  ctrl c
08-12-2023 13:39:59.761Z;functions.check_inv;  Historico completo: INV - 20230113 - UniSea AS 
08-12-2023 13:39:59.762Z;functions.check_inv;  INV INCORRETA ENCONTRADA: 20230113
08-12-2023 13:39:59.764Z;functions.check_inv;  TESTE: 48
08-12-2023 13:40:00.367Z;functions.check_inv;  APERTA PARA BAIXO PARA VERIFICAR O PRÓXIMO REGISTRO
08-12-2023 13:40:00.368Z;functions.check_inv;  BUSCA NA LINHA: 29
08-12-2023 13:40:00.369Z;functions.check_inv;  ctrl c
08-12-2023 13:40:00.974Z;functions.check_inv;  Historico completo: INV - 00016477 - MARLINK SA 
08-12-2023 13:40:00.975Z;functions.check_inv;  INV INCORRETA ENCONTRADA: 00016477
08-12-2023 13:40:00.977Z;functions.check_inv;  TESTE: 48
08-12-2023 13:40:01.580Z;functions.check_inv;  APERTA PARA BAIXO PARA VERIFICAR O PRÓXIMO REGISTRO
08-12-2023 13:40:01.581Z;functions.check_inv;  BUSCA NA LINHA: 30
08-12-2023 13:40:01.583Z;functions.check_inv;  ctrl c
08-12-2023 13:40:02.189Z;functions.check_inv;  Historico completo: INV - 00580085 - MARLINK SA 
08-12-2023 13:40:02.190Z;functions.check_inv;  INV INCORRETA ENCONTRADA: 00580085
08-12-2023 13:40:02.191Z;functions.check_inv;  TESTE: 48
08-12-2023 13:40:02.795Z;functions.check_inv;  APERTA PARA BAIXO PARA VERIFICAR O PRÓXIMO REGISTRO
08-12-2023 13:40:02.796Z;functions.check_inv;  BUSCA NA LINHA: 31
08-12-2023 13:40:02.797Z;functions.check_inv;  ctrl c
08-12-2023 13:40:03.403Z;functions.check_inv;  Historico completo: INV - 18092023 - TSCHUDI SHIP MANAGEMENT AS 
08-12-2023 13:40:03.406Z;functions.check_inv;  INV INCORRETA ENCONTRADA: 18092023
08-12-2023 13:40:03.407Z;functions.check_inv;  TESTE: 48
08-12-2023 13:40:04.010Z;functions.check_inv;  APERTA PARA BAIXO PARA VERIFICAR O PRÓXIMO REGISTRO
08-12-2023 13:40:04.011Z;functions.check_inv;  BUSCA NA LINHA: 32
08-12-2023 13:40:04.012Z;functions.check_inv;  ctrl c
08-12-2023 13:40:04.644Z;functions.check_inv;  Historico completo: INV - 18092023 - TSCHUDI SHIP MANAGEMENT AS 
08-12-2023 13:40:04.646Z;functions.check_inv;  INV INCORRETA ENCONTRADA: 18092023
08-12-2023 13:40:04.647Z;functions.check_inv;  TESTE: 48
08-12-2023 13:40:05.252Z;functions.check_inv;  APERTA PARA BAIXO PARA VERIFICAR O PRÓXIMO REGISTRO
08-12-2023 13:40:05.253Z;functions.check_inv;  BUSCA NA LINHA: 33
08-12-2023 13:40:05.254Z;functions.check_inv;  ctrl c
08-12-2023 13:40:05.859Z;functions.check_inv;  Historico completo: INV - 18092023 - TSCHUDI SHIP MANAGEMENT AS 
08-12-2023 13:40:05.861Z;functions.check_inv;  INV INCORRETA ENCONTRADA: 18092023
08-12-2023 13:40:05.862Z;functions.check_inv;  TESTE: 48
08-12-2023 13:40:06.466Z;functions.check_inv;  APERTA PARA BAIXO PARA VERIFICAR O PRÓXIMO REGISTRO
08-12-2023 13:40:06.467Z;functions.check_inv;  BUSCA NA LINHA: 34
08-12-2023 13:40:06.469Z;functions.check_inv;  ctrl c
08-12-2023 13:40:07.073Z;functions.check_inv;  Historico completo: INV - 18092023 - TSCHUDI SHIP MANAGEMENT AS 
08-12-2023 13:40:07.075Z;functions.check_inv;  INV INCORRETA ENCONTRADA: 18092023
08-12-2023 13:40:07.076Z;functions.check_inv;  TESTE: 48
08-12-2023 13:40:07.680Z;functions.check_inv;  APERTA PARA BAIXO PARA VERIFICAR O PRÓXIMO REGISTRO
08-12-2023 13:40:07.681Z;functions.check_inv;  BUSCA NA LINHA: 35
08-12-2023 13:40:07.682Z;functions.check_inv;  ctrl c
08-12-2023 13:40:08.288Z;functions.check_inv;  Historico completo: INV - 00100339 - NORDIC P&I AS 
08-12-2023 13:40:08.289Z;functions.check_inv;  INV INCORRETA ENCONTRADA: 00100339
08-12-2023 13:40:08.290Z;functions.check_inv;  TESTE: 48
08-12-2023 13:40:08.893Z;functions.check_inv;  APERTA PARA BAIXO PARA VERIFICAR O PRÓXIMO REGISTRO
08-12-2023 13:40:08.894Z;functions.check_inv;  BUSCA NA LINHA: 36
08-12-2023 13:40:08.895Z;functions.check_inv;  ctrl c
08-12-2023 13:40:09.503Z;functions.check_inv;  Historico completo: INV - 00002639 - NORDIC P&I AS 
08-12-2023 13:40:09.504Z;functions.check_inv;  INV INCORRETA ENCONTRADA: 00002639
08-12-2023 13:40:09.505Z;functions.check_inv;  TESTE: 48
08-12-2023 13:40:10.110Z;functions.check_inv;  APERTA PARA BAIXO PARA VERIFICAR O PRÓXIMO REGISTRO
08-12-2023 13:40:10.111Z;functions.check_inv;  BUSCA NA LINHA: 37
08-12-2023 13:40:10.112Z;functions.check_inv;  ctrl c
08-12-2023 13:40:10.717Z;functions.check_inv;  Historico completo: INV - 00230120 - TSCHUDI SHIP MANAGEMENT AS 
08-12-2023 13:40:10.719Z;functions.check_inv;  INV INCORRETA ENCONTRADA: 00230120
08-12-2023 13:40:10.720Z;functions.check_inv;  TESTE: 48
08-12-2023 13:40:11.326Z;functions.check_inv;  APERTA PARA BAIXO PARA VERIFICAR O PRÓXIMO REGISTRO
08-12-2023 13:40:11.327Z;functions.check_inv;  BUSCA NA LINHA: 38
08-12-2023 13:40:11.328Z;functions.check_inv;  ctrl c
08-12-2023 13:40:11.933Z;functions.check_inv;  Historico completo: INV - 90296988 - KONGSBERG MARITIME AS 
08-12-2023 13:40:11.934Z;functions.check_inv;  INV INCORRETA ENCONTRADA: 90296988
08-12-2023 13:40:11.935Z;functions.check_inv;  TESTE: 48
08-12-2023 13:40:12.538Z;functions.check_inv;  APERTA PARA BAIXO PARA VERIFICAR O PRÓXIMO REGISTRO
08-12-2023 13:40:12.539Z;functions.check_inv;  BUSCA NA LINHA: 39
08-12-2023 13:40:12.540Z;functions.check_inv;  ctrl c
08-12-2023 13:40:13.144Z;functions.check_inv;  Historico completo: INV - 10647338 - DNV AS 
08-12-2023 13:40:13.146Z;functions.check_inv;  INV INCORRETA ENCONTRADA: 10647338
08-12-2023 13:40:13.148Z;functions.check_inv;  TESTE: 48
08-12-2023 13:40:13.752Z;functions.check_inv;  APERTA PARA BAIXO PARA VERIFICAR O PRÓXIMO REGISTRO
08-12-2023 13:40:13.753Z;functions.check_inv;  BUSCA NA LINHA: 40
08-12-2023 13:40:13.754Z;functions.check_inv;  ctrl c
08-12-2023 13:40:14.361Z;functions.check_inv;  Historico completo: INV - 00361656 - GREEN YARD KLEVEN AS 
08-12-2023 13:40:14.363Z;functions.check_inv;  INV INCORRETA ENCONTRADA: 00361656
08-12-2023 13:40:14.365Z;functions.check_inv;  TESTE: 48
08-12-2023 13:40:14.969Z;functions.check_inv;  APERTA PARA BAIXO PARA VERIFICAR O PRÓXIMO REGISTRO
08-12-2023 13:40:14.971Z;functions.check_inv;  BUSCA NA LINHA: 41
08-12-2023 13:40:14.972Z;functions.check_inv;  ctrl c
08-12-2023 13:40:15.578Z;functions.check_inv;  Historico completo: INV - 20230215 - UniSea AS 
08-12-2023 13:40:15.579Z;functions.check_inv;  INV INCORRETA ENCONTRADA: 20230215
08-12-2023 13:40:15.580Z;functions.check_inv;  TESTE: 48
08-12-2023 13:40:16.185Z;functions.check_inv;  APERTA PARA BAIXO PARA VERIFICAR O PRÓXIMO REGISTRO
08-12-2023 13:40:16.186Z;functions.check_inv;  BUSCA NA LINHA: 42
08-12-2023 13:40:16.187Z;functions.check_inv;  ctrl c
08-12-2023 13:40:16.792Z;functions.check_inv;  Historico completo: INV - 01027040 - DIMO 
08-12-2023 13:40:16.793Z;functions.check_inv;  INV INCORRETA ENCONTRADA: 01027040
08-12-2023 13:40:16.794Z;functions.check_inv;  TESTE: 48
08-12-2023 13:40:17.399Z;functions.check_inv;  APERTA PARA BAIXO PARA VERIFICAR O PRÓXIMO REGISTRO
08-12-2023 13:40:17.400Z;functions.check_inv;  BUSCA NA LINHA: 43
08-12-2023 13:40:17.401Z;functions.check_inv;  ctrl c
08-12-2023 13:40:18.007Z;functions.check_inv;  Historico completo: INV - 01027041 - DIMO 
08-12-2023 13:40:18.008Z;functions.check_inv;  INV INCORRETA ENCONTRADA: 01027041
08-12-2023 13:40:18.009Z;functions.check_inv;  TESTE: 48
08-12-2023 13:40:18.614Z;functions.check_inv;  APERTA PARA BAIXO PARA VERIFICAR O PRÓXIMO REGISTRO
08-12-2023 13:40:18.615Z;functions.check_inv;  BUSCA NA LINHA: 44
08-12-2023 13:40:18.617Z;functions.check_inv;  ctrl c
08-12-2023 13:40:19.223Z;functions.check_inv;  Historico completo: INV - 00000223 - BLUE GIMBALS PROJECT MANAGEMENT SERVICES 
08-12-2023 13:40:19.225Z;functions.check_inv;  INV INCORRETA ENCONTRADA: 00000223
08-12-2023 13:40:19.227Z;functions.check_inv;  TESTE: 48
08-12-2023 13:40:19.832Z;functions.check_inv;  APERTA PARA BAIXO PARA VERIFICAR O PRÓXIMO REGISTRO
08-12-2023 13:40:19.833Z;functions.check_inv;  BUSCA NA LINHA: 45
08-12-2023 13:40:19.834Z;functions.check_inv;  ctrl c
08-12-2023 13:40:20.439Z;functions.check_inv;  Historico completo: INV - 02023620 - TSCHUDI SHIP MANAGEMENT AS 
08-12-2023 13:40:20.441Z;functions.check_inv;  INV INCORRETA ENCONTRADA: 02023620
08-12-2023 13:40:20.443Z;functions.check_inv;  TESTE: 48
08-12-2023 13:40:21.046Z;functions.check_inv;  APERTA PARA BAIXO PARA VERIFICAR O PRÓXIMO REGISTRO
08-12-2023 13:40:21.047Z;functions.check_inv;  BUSCA NA LINHA: 46
08-12-2023 13:40:21.049Z;functions.check_inv;  ctrl c
08-12-2023 13:40:21.656Z;functions.check_inv;  Historico completo: INV - 02023618 - TSCHUDI SHIP MANAGEMENT AS 
08-12-2023 13:40:21.657Z;functions.check_inv;  INV INCORRETA ENCONTRADA: 02023618
08-12-2023 13:40:21.658Z;functions.check_inv;  TESTE: 48
08-12-2023 13:40:22.263Z;functions.check_inv;  APERTA PARA BAIXO PARA VERIFICAR O PRÓXIMO REGISTRO
08-12-2023 13:40:22.265Z;functions.check_inv;  BUSCA NA LINHA: 47
08-12-2023 13:40:22.266Z;functions.check_inv;  ctrl c
08-12-2023 13:40:22.872Z;functions.check_inv;  Historico completo: INV - 000826680 - UNIOIL SUPPLY A/S- BUNKER ONE
08-12-2023 13:40:22.874Z;functions.check_inv;  INV INCORRETA ENCONTRADA: 000826680
08-12-2023 13:40:22.875Z;functions.check_inv;  TESTE: 48
08-12-2023 13:40:23.478Z;functions.check_inv;  APERTA PARA BAIXO PARA VERIFICAR O PRÓXIMO REGISTRO
08-12-2023 13:40:23.479Z;functions.check_inv;  BUSCA NA LINHA: 48
08-12-2023 13:40:23.481Z;functions.check_inv;  ctrl c
08-12-2023 13:40:24.086Z;functions.check_inv;  Historico completo: INV - 000826680 - UNIOIL SUPPLY A/S- BUNKER ONE
08-12-2023 13:40:24.088Z;functions.check_inv;  INV INCORRETA ENCONTRADA: 000826680
08-12-2023 13:40:24.089Z;functions.check_inv;  TESTE: 48
08-12-2023 13:40:24.091Z;functions.check_inv;  ULTIMA INV CHECADA E NÃO ENCONTRADA- 000826680
08-12-2023 13:40:24.091Z;main.<module>;  
08-12-2023 13:40:54.332Z;functions.waitForImage;  INTEGRAÇÃO BANCÁRIA image not found.
08-12-2023 13:40:54.743Z;functions.define_moeda;  4 TAB
08-12-2023 13:41:12.167Z;functions.waitForImage;  PRESS BUTTON OK image not found.
08-12-2023 13:41:14.273Z;functions.baixa_inv;  CHECK LINHA
08-12-2023 13:41:15.414Z;functions.baixa_inv;  SELECIONA BOTÃO BAIXA
08-12-2023 13:41:28.208Z;functions.baixa_inv;  CLICA OK
08-12-2023 13:41:38.084Z;functions.baixa_inv;  CLICA AVANÇAR
