17-10-2023 16:53:56.427Z;functions.bot_text_art;      ____   
17-10-2023 16:53:56.428Z;functions.bot_text_art;     [____]    
17-10-2023 16:53:56.430Z;functions.bot_text_art;   |=]()()[=|  
17-10-2023 16:53:56.430Z;functions.bot_text_art;     _\==/__    _____    ____     _        _____    ___   _  __
17-10-2023 16:53:56.430Z;functions.bot_text_art;   |__|   |_|  |  _  \  / ___|   | |      |_   _| / ___| | |/ /
17-10-2023 16:53:56.431Z;functions.bot_text_art;   |_|_/\_|_|  | |  | | | |      | |        | |   | |    | ' / 
17-10-2023 16:53:56.434Z;functions.bot_text_art;   | | __ | |  | |  | | | |      | |        | |   | |    |  <  
17-10-2023 16:53:56.436Z;functions.bot_text_art;   |_|[  ]|_|  | |__| | | |____  | |____   _| |_  | |__  | . \ 
17-10-2023 16:53:56.439Z;functions.bot_text_art;   \_|_||_|_/  |_____/   \_____| |______| |_____| \ ___| |_|\_\
17-10-2023 16:53:56.440Z;functions.bot_text_art;     |_||_|                                                     
17-10-2023 16:53:56.441Z;functions.bot_text_art;     | ||_|_   
17-10-2023 16:53:56.442Z;functions.bot_text_art;   |___||___|  
17-10-2023 16:53:56.443Z;functions.bot_text_art;               
17-10-2023 16:53:56.455Z;functions.open_RM;  OPEN PROGRAM RM
17-10-2023 16:54:06.764Z;functions.loggin_RM;  ENTER USER_NAME
17-10-2023 16:54:07.860Z;functions.loggin_RM;  ENTER PASSWORD
17-10-2023 16:54:08.886Z;functions.loggin_RM;  ENTER RM
17-10-2023 16:54:31.600Z;functions.enter_coligada;  CLICK CONTEXTO
17-10-2023 16:54:36.124Z;functions.enter_coligada;  CLICK COLIGADA 1
17-10-2023 16:54:37.848Z;functions.enter_coligada;  CLICK AVANÇAR
17-10-2023 16:54:39.749Z;functions.enter_coligada;  INSERE O COLIGADA CODE = 1
17-10-2023 16:54:39.855Z;functions.enter_coligada;  APERTA TAB PARA PREENCHER O CAMPO COM A STRING: OCEANICA ENGENHARIA E CONSULTORIA S.A.
17-10-2023 16:54:40.805Z;functions.enter_coligada;  CLICK AVANÇAR NOVAMENTE
17-10-2023 16:54:41.813Z;functions.enter_coligada;  CLICK CONCLUIR
17-10-2023 16:54:56.451Z;functions.enter_coligada;  POP UP COLIGADA DESAPARECER
17-10-2023 16:54:57.213Z;functions.enter_contas_a_pagar;  CLICK - TOTVS - LINHA RM
17-10-2023 16:54:58.604Z;functions.enter_contas_a_pagar;  CLICK - BACK OFFICE
17-10-2023 16:55:01.173Z;functions.enter_contas_a_pagar;  CLICK - GESTAO FINANCEIRA
17-10-2023 16:55:06.617Z;functions.enter_contas_a_pagar;  CLICK - CONTAS A PAGAR
17-10-2023 16:55:07.349Z;functions.waitForImage;  LANÇAMENTOS image found.
17-10-2023 16:55:09.481Z;functions.enter_contas_a_pagar;  CLICA EM LANÇAMENTOS
17-10-2023 16:55:11.485Z;functions.data_filter;  CLICK - SELECIONA A DATA DE QUARTA FEIRA E DA PROXIMA TERÇA
17-10-2023 16:55:11.486Z;functions.data_filter;  QUARTA-FEIRA: 18-10-2023
17-10-2023 16:55:11.487Z;functions.data_filter;  TERCA-FEIRA: 24-10-2023
17-10-2023 16:55:18.405Z;functions.data_filter;  ESCREVE REMESSA BANCÁRIA NO FILTRO
17-10-2023 16:55:19.213Z;functions.data_filter;  CLICK - BUTÃO DE SELECAO DE FILTRO
17-10-2023 16:55:21.576Z;functions.data_filter;  INSERE - DATA DE QUARTA-FEIRA: 18-10-2023
17-10-2023 16:55:23.425Z;functions.data_filter;  INSERE - DATA DA PROX TERCA-FEIRA: 24-10-2023
17-10-2023 16:55:24.322Z;functions.data_filter;  CLICK - BUTÃO DE EXECUTAR O FILTRO
17-10-2023 16:58:08.132Z;functions.waitForImage;  FILTER CLEAN image found.
17-10-2023 16:58:10.256Z;functions.filter_clean;  CLICA NO BOTÃO X DO LIMPA FILTRO
17-10-2023 16:58:13.818Z;functions.select_tipo_documento;  NOME DA COLUNA: Tipo de Documento
17-10-2023 16:58:15.483Z;functions.select_tipo_documento;  HOVER NOME DA COLUNA: Tipo de Documento
17-10-2023 16:58:15.616Z;functions.select_tipo_documento;  CLICA PARA APARECER O FILTRO PERSONALIZAR
17-10-2023 16:58:15.942Z;functions.select_tipo_documento;  CLICA NO FILTRO PERSONALIZAR
17-10-2023 16:58:17.458Z;functions.select_tipo_documento;  CLICA PARA SELECIONAR OPÇÕES DO FILTRO
17-10-2023 16:58:24.792Z;functions.select_tipo_documento;  CLICK BUTTON CONFIRMAR FILTRO
17-10-2023 16:58:26.433Z;functions.desmark_filter;  CLICK CHECKBOX LANÇAMENTOS A RECEBER
17-10-2023 16:58:27.716Z;functions.desmark_filter;  CLICK CHECKBOX LANÇAMENTOS BAIXADOS
17-10-2023 16:58:28.946Z;functions.desmark_filter;  CLICK CHECKBOX LANÇAMENTOS CANCELADOS
17-10-2023 16:58:30.455Z;functions.desmark_filter;  CLICK CHECKBOX LANÇAMENTOS FATURADOS
17-10-2023 16:58:31.799Z;functions.desmark_filter;  CLICK CHECKBOX LANÇAMENTOS FATURADOS
17-10-2023 16:58:36.740Z;functions.check_table_record;  APERTA NÃO
17-10-2023 16:58:54.281Z;functions.show_exception_and_exit;  'NoneType' object has no attribute 'double_click'
Traceback (most recent call last):
  File "c:\projetos\remessas\main.py", line 20, in <module>
    check_table_record()
  File "c:\projetos\remessas\SUBPROGRAMS\functions.py", line 324, in check_table_record
    row_IPTE.double_click()
    ^^^^^^^^^^^^^^^^^^^^^
AttributeError: 'NoneType' object has no attribute 'double_click'
