17-10-2023 17:00:00.021Z;functions.bot_text_art;      ____   
17-10-2023 17:00:00.022Z;functions.bot_text_art;     [____]    
17-10-2023 17:00:00.023Z;functions.bot_text_art;   |=]()()[=|  
17-10-2023 17:00:00.023Z;functions.bot_text_art;     _\==/__    _____    ____     _        _____    ___   _  __
17-10-2023 17:00:00.024Z;functions.bot_text_art;   |__|   |_|  |  _  \  / ___|   | |      |_   _| / ___| | |/ /
17-10-2023 17:00:00.025Z;functions.bot_text_art;   |_|_/\_|_|  | |  | | | |      | |        | |   | |    | ' / 
17-10-2023 17:00:00.025Z;functions.bot_text_art;   | | __ | |  | |  | | | |      | |        | |   | |    |  <  
17-10-2023 17:00:00.026Z;functions.bot_text_art;   |_|[  ]|_|  | |__| | | |____  | |____   _| |_  | |__  | . \ 
17-10-2023 17:00:00.028Z;functions.bot_text_art;   \_|_||_|_/  |_____/   \_____| |______| |_____| \ ___| |_|\_\
17-10-2023 17:00:00.028Z;functions.bot_text_art;     |_||_|                                                     
17-10-2023 17:00:00.029Z;functions.bot_text_art;     | ||_|_   
17-10-2023 17:00:00.029Z;functions.bot_text_art;   |___||___|  
17-10-2023 17:00:00.030Z;functions.bot_text_art;               
17-10-2023 17:00:00.039Z;functions.open_RM;  OPEN PROGRAM RM
17-10-2023 17:00:08.555Z;functions.loggin_RM;  ENTER USER_NAME
17-10-2023 17:00:09.603Z;functions.loggin_RM;  ENTER PASSWORD
17-10-2023 17:00:10.520Z;functions.loggin_RM;  ENTER RM
17-10-2023 17:00:34.243Z;functions.enter_coligada;  CLICK CONTEXTO
17-10-2023 17:00:38.709Z;functions.enter_coligada;  CLICK COLIGADA 1
17-10-2023 17:00:40.078Z;functions.enter_coligada;  CLICK AVANÇAR
17-10-2023 17:00:41.985Z;functions.enter_coligada;  INSERE O COLIGADA CODE = 1
17-10-2023 17:00:42.097Z;functions.enter_coligada;  APERTA TAB PARA PREENCHER O CAMPO COM A STRING: OCEANICA ENGENHARIA E CONSULTORIA S.A.
17-10-2023 17:00:43.064Z;functions.enter_coligada;  CLICK AVANÇAR NOVAMENTE
17-10-2023 17:00:44.080Z;functions.enter_coligada;  CLICK CONCLUIR
17-10-2023 17:00:59.560Z;functions.enter_coligada;  POP UP COLIGADA DESAPARECER
17-10-2023 17:01:00.340Z;functions.enter_contas_a_pagar;  CLICK - TOTVS - LINHA RM
17-10-2023 17:01:01.877Z;functions.enter_contas_a_pagar;  CLICK - BACK OFFICE
17-10-2023 17:01:04.493Z;functions.enter_contas_a_pagar;  CLICK - GESTAO FINANCEIRA
17-10-2023 17:01:10.017Z;functions.enter_contas_a_pagar;  CLICK - CONTAS A PAGAR
17-10-2023 17:01:10.149Z;functions.waitForImage;  LANÇAMENTOS image found.
17-10-2023 17:01:12.281Z;functions.enter_contas_a_pagar;  CLICA EM LANÇAMENTOS
17-10-2023 17:01:14.285Z;functions.data_filter;  CLICK - SELECIONA A DATA DE QUARTA FEIRA E DA PROXIMA TERÇA
17-10-2023 17:01:14.286Z;functions.data_filter;  QUARTA-FEIRA: 18-10-2023
17-10-2023 17:01:14.287Z;functions.data_filter;  TERCA-FEIRA: 24-10-2023
17-10-2023 17:01:21.184Z;functions.data_filter;  ESCREVE REMESSA BANCÁRIA NO FILTRO
17-10-2023 17:01:21.929Z;functions.data_filter;  CLICK - BUTÃO DE SELECAO DE FILTRO
17-10-2023 17:01:24.213Z;functions.data_filter;  INSERE - DATA DE QUARTA-FEIRA: 18-10-2023
17-10-2023 17:01:26.048Z;functions.data_filter;  INSERE - DATA DA PROX TERCA-FEIRA: 24-10-2023
17-10-2023 17:01:26.928Z;functions.data_filter;  CLICK - BUTÃO DE EXECUTAR O FILTRO
17-10-2023 17:04:22.044Z;functions.waitForImage;  FILTER CLEAN image found.
17-10-2023 17:04:24.167Z;functions.filter_clean;  CLICA NO BOTÃO X DO LIMPA FILTRO
17-10-2023 17:04:27.628Z;functions.select_tipo_documento;  NOME DA COLUNA: Tipo de Documento
17-10-2023 17:04:29.198Z;functions.select_tipo_documento;  HOVER NOME DA COLUNA: Tipo de Documento
17-10-2023 17:04:29.332Z;functions.select_tipo_documento;  CLICA PARA APARECER O FILTRO PERSONALIZAR
17-10-2023 17:04:29.645Z;functions.select_tipo_documento;  CLICA NO FILTRO PERSONALIZAR
17-10-2023 17:04:31.206Z;functions.select_tipo_documento;  CLICA PARA SELECIONAR OPÇÕES DO FILTRO
17-10-2023 17:04:38.497Z;functions.select_tipo_documento;  CLICK BUTTON CONFIRMAR FILTRO
17-10-2023 17:04:39.833Z;functions.desmark_filter;  CLICK CHECKBOX LANÇAMENTOS A RECEBER
17-10-2023 17:04:41.073Z;functions.desmark_filter;  CLICK CHECKBOX LANÇAMENTOS BAIXADOS
17-10-2023 17:04:42.367Z;functions.desmark_filter;  CLICK CHECKBOX LANÇAMENTOS CANCELADOS
17-10-2023 17:04:43.750Z;functions.desmark_filter;  CLICK CHECKBOX LANÇAMENTOS FATURADOS
17-10-2023 17:04:45.217Z;functions.desmark_filter;  CLICK CHECKBOX LANÇAMENTOS FATURADOS
17-10-2023 17:04:50.269Z;functions.check_table_record;  APERTA NÃO
17-10-2023 17:05:06.533Z;functions.show_exception_and_exit;  'NoneType' object has no attribute 'double_click'
Traceback (most recent call last):
  File "c:\projetos\remessas\main.py", line 20, in <module>
    check_table_record()
  File "c:\projetos\remessas\SUBPROGRAMS\functions.py", line 324, in check_table_record
    row_IPTE.double_click()
    ^^^^^^^^^^^^^^^^^^^^^
AttributeError: 'NoneType' object has no attribute 'double_click'
