17-10-2023 17:17:18.243Z;functions.bot_text_art;      ____   
17-10-2023 17:17:18.244Z;functions.bot_text_art;     [____]    
17-10-2023 17:17:18.245Z;functions.bot_text_art;   |=]()()[=|  
17-10-2023 17:17:18.245Z;functions.bot_text_art;     _\==/__    _____    ____     _        _____    ___   _  __
17-10-2023 17:17:18.246Z;functions.bot_text_art;   |__|   |_|  |  _  \  / ___|   | |      |_   _| / ___| | |/ /
17-10-2023 17:17:18.247Z;functions.bot_text_art;   |_|_/\_|_|  | |  | | | |      | |        | |   | |    | ' / 
17-10-2023 17:17:18.248Z;functions.bot_text_art;   | | __ | |  | |  | | | |      | |        | |   | |    |  <  
17-10-2023 17:17:18.249Z;functions.bot_text_art;   |_|[  ]|_|  | |__| | | |____  | |____   _| |_  | |__  | . \ 
17-10-2023 17:17:18.251Z;functions.bot_text_art;   \_|_||_|_/  |_____/   \_____| |______| |_____| \ ___| |_|\_\
17-10-2023 17:17:18.252Z;functions.bot_text_art;     |_||_|                                                     
17-10-2023 17:17:18.253Z;functions.bot_text_art;     | ||_|_   
17-10-2023 17:17:18.255Z;functions.bot_text_art;   |___||___|  
17-10-2023 17:17:18.255Z;functions.bot_text_art;               
17-10-2023 17:17:18.263Z;functions.open_RM;  OPEN PROGRAM RM
17-10-2023 17:17:26.843Z;functions.loggin_RM;  ENTER USER_NAME
17-10-2023 17:17:27.905Z;functions.loggin_RM;  ENTER PASSWORD
17-10-2023 17:17:28.925Z;functions.loggin_RM;  ENTER RM
17-10-2023 17:17:51.761Z;functions.enter_coligada;  CLICK CONTEXTO
17-10-2023 17:17:56.164Z;functions.enter_coligada;  CLICK COLIGADA 1
17-10-2023 17:17:57.899Z;functions.enter_coligada;  CLICK AVANÇAR
17-10-2023 17:17:59.756Z;functions.enter_coligada;  INSERE O COLIGADA CODE = 1
17-10-2023 17:17:59.862Z;functions.enter_coligada;  APERTA TAB PARA PREENCHER O CAMPO COM A STRING: OCEANICA ENGENHARIA E CONSULTORIA S.A.
17-10-2023 17:18:00.910Z;functions.enter_coligada;  CLICK AVANÇAR NOVAMENTE
17-10-2023 17:18:01.883Z;functions.enter_coligada;  CLICK CONCLUIR
17-10-2023 17:18:17.323Z;functions.enter_coligada;  POP UP COLIGADA DESAPARECER
17-10-2023 17:18:18.141Z;functions.enter_contas_a_pagar;  CLICK - TOTVS - LINHA RM
17-10-2023 17:18:19.560Z;functions.enter_contas_a_pagar;  CLICK - BACK OFFICE
17-10-2023 17:18:22.117Z;functions.enter_contas_a_pagar;  CLICK - GESTAO FINANCEIRA
17-10-2023 17:18:27.748Z;functions.enter_contas_a_pagar;  CLICK - CONTAS A PAGAR
17-10-2023 17:18:27.873Z;functions.waitForImage;  LANÇAMENTOS image found.
17-10-2023 17:18:30.000Z;functions.enter_contas_a_pagar;  CLICA EM LANÇAMENTOS
17-10-2023 17:18:32.041Z;functions.data_filter;  CLICK - SELECIONA A DATA DE QUARTA FEIRA E DA PROXIMA TERÇA
17-10-2023 17:18:32.045Z;functions.data_filter;  QUARTA-FEIRA: 18-10-2023
17-10-2023 17:18:32.046Z;functions.data_filter;  TERCA-FEIRA: 24-10-2023
17-10-2023 17:18:38.926Z;functions.data_filter;  ESCREVE REMESSA BANCÁRIA NO FILTRO
17-10-2023 17:18:39.700Z;functions.data_filter;  CLICK - BUTÃO DE SELECAO DE FILTRO
17-10-2023 17:18:41.965Z;functions.data_filter;  INSERE - DATA DE QUARTA-FEIRA: 18-10-2023
17-10-2023 17:18:43.795Z;functions.data_filter;  INSERE - DATA DA PROX TERCA-FEIRA: 24-10-2023
17-10-2023 17:18:44.655Z;functions.data_filter;  CLICK - BUTÃO DE EXECUTAR O FILTRO
17-10-2023 17:21:27.331Z;functions.waitForImage;  FILTER CLEAN image found.
17-10-2023 17:21:29.442Z;functions.filter_clean;  CLICA NO BOTÃO X DO LIMPA FILTRO
17-10-2023 17:21:32.908Z;functions.select_tipo_documento;  NOME DA COLUNA: Tipo de Documento
17-10-2023 17:21:34.387Z;functions.select_tipo_documento;  HOVER NOME DA COLUNA: Tipo de Documento
17-10-2023 17:21:34.521Z;functions.select_tipo_documento;  CLICA PARA APARECER O FILTRO PERSONALIZAR
17-10-2023 17:21:34.961Z;functions.select_tipo_documento;  CLICA NO FILTRO PERSONALIZAR
17-10-2023 17:21:36.519Z;functions.select_tipo_documento;  CLICA PARA SELECIONAR OPÇÕES DO FILTRO
17-10-2023 17:21:43.781Z;functions.select_tipo_documento;  CLICK BUTTON CONFIRMAR FILTRO
17-10-2023 17:21:45.052Z;functions.desmark_filter;  CLICK CHECKBOX LANÇAMENTOS A RECEBER
17-10-2023 17:21:46.242Z;functions.desmark_filter;  CLICK CHECKBOX LANÇAMENTOS BAIXADOS
17-10-2023 17:21:47.398Z;functions.desmark_filter;  CLICK CHECKBOX LANÇAMENTOS CANCELADOS
17-10-2023 17:21:48.524Z;functions.desmark_filter;  CLICK CHECKBOX LANÇAMENTOS FATURADOS
17-10-2023 17:21:50.012Z;functions.desmark_filter;  CLICK CHECKBOX LANÇAMENTOS FATURADOS
17-10-2023 17:21:55.117Z;functions.check_table_record;  APERTA NÃO
17-10-2023 17:22:11.136Z;functions.show_exception_and_exit;  'NoneType' object has no attribute 'double_click'
Traceback (most recent call last):
  File "c:\projetos\remessas\main.py", line 20, in <module>
    check_table_record()
  File "c:\projetos\remessas\SUBPROGRAMS\functions.py", line 324, in check_table_record
    row_IPTE.double_click()
    ^^^^^^^^^^^^^^^^^^^^^
AttributeError: 'NoneType' object has no attribute 'double_click'
