17-10-2023 17:11:14.560Z;functions.bot_text_art;      ____   
17-10-2023 17:11:14.561Z;functions.bot_text_art;     [____]    
17-10-2023 17:11:14.562Z;functions.bot_text_art;   |=]()()[=|  
17-10-2023 17:11:14.562Z;functions.bot_text_art;     _\==/__    _____    ____     _        _____    ___   _  __
17-10-2023 17:11:14.563Z;functions.bot_text_art;   |__|   |_|  |  _  \  / ___|   | |      |_   _| / ___| | |/ /
17-10-2023 17:11:14.564Z;functions.bot_text_art;   |_|_/\_|_|  | |  | | | |      | |        | |   | |    | ' / 
17-10-2023 17:11:14.564Z;functions.bot_text_art;   | | __ | |  | |  | | | |      | |        | |   | |    |  <  
17-10-2023 17:11:14.565Z;functions.bot_text_art;   |_|[  ]|_|  | |__| | | |____  | |____   _| |_  | |__  | . \ 
17-10-2023 17:11:14.567Z;functions.bot_text_art;   \_|_||_|_/  |_____/   \_____| |______| |_____| \ ___| |_|\_\
17-10-2023 17:11:14.567Z;functions.bot_text_art;     |_||_|                                                     
17-10-2023 17:11:14.568Z;functions.bot_text_art;     | ||_|_   
17-10-2023 17:11:14.568Z;functions.bot_text_art;   |___||___|  
17-10-2023 17:11:14.569Z;functions.bot_text_art;               
17-10-2023 17:11:14.575Z;functions.open_RM;  OPEN PROGRAM RM
17-10-2023 17:11:23.237Z;functions.loggin_RM;  ENTER USER_NAME
17-10-2023 17:11:24.449Z;functions.loggin_RM;  ENTER PASSWORD
17-10-2023 17:11:25.437Z;functions.loggin_RM;  ENTER RM
17-10-2023 17:11:48.408Z;functions.enter_coligada;  CLICK CONTEXTO
17-10-2023 17:11:52.819Z;functions.enter_coligada;  CLICK COLIGADA 1
17-10-2023 17:11:54.286Z;functions.enter_coligada;  CLICK AVANÇAR
17-10-2023 17:11:56.334Z;functions.enter_coligada;  INSERE O COLIGADA CODE = 1
17-10-2023 17:11:56.456Z;functions.enter_coligada;  APERTA TAB PARA PREENCHER O CAMPO COM A STRING: OCEANICA ENGENHARIA E CONSULTORIA S.A.
17-10-2023 17:11:57.364Z;functions.enter_coligada;  CLICK AVANÇAR NOVAMENTE
17-10-2023 17:11:58.226Z;functions.enter_coligada;  CLICK CONCLUIR
17-10-2023 17:12:13.596Z;functions.enter_coligada;  POP UP COLIGADA DESAPARECER
17-10-2023 17:12:14.384Z;functions.enter_contas_a_pagar;  CLICK - TOTVS - LINHA RM
17-10-2023 17:12:15.796Z;functions.enter_contas_a_pagar;  CLICK - BACK OFFICE
17-10-2023 17:12:18.378Z;functions.enter_contas_a_pagar;  CLICK - GESTAO FINANCEIRA
17-10-2023 17:12:23.760Z;functions.enter_contas_a_pagar;  CLICK - CONTAS A PAGAR
17-10-2023 17:12:24.565Z;functions.waitForImage;  LANÇAMENTOS image found.
17-10-2023 17:12:26.678Z;functions.enter_contas_a_pagar;  CLICA EM LANÇAMENTOS
17-10-2023 17:12:28.680Z;functions.data_filter;  CLICK - SELECIONA A DATA DE QUARTA FEIRA E DA PROXIMA TERÇA
17-10-2023 17:12:28.682Z;functions.data_filter;  QUARTA-FEIRA: 18-10-2023
17-10-2023 17:12:28.683Z;functions.data_filter;  TERCA-FEIRA: 24-10-2023
17-10-2023 17:12:35.684Z;functions.data_filter;  ESCREVE REMESSA BANCÁRIA NO FILTRO
17-10-2023 17:12:36.414Z;functions.data_filter;  CLICK - BUTÃO DE SELECAO DE FILTRO
17-10-2023 17:12:39.269Z;functions.data_filter;  INSERE - DATA DE QUARTA-FEIRA: 18-10-2023
17-10-2023 17:12:41.111Z;functions.data_filter;  INSERE - DATA DA PROX TERCA-FEIRA: 24-10-2023
17-10-2023 17:12:41.915Z;functions.data_filter;  CLICK - BUTÃO DE EXECUTAR O FILTRO
17-10-2023 17:15:24.509Z;functions.waitForImage;  FILTER CLEAN image found.
17-10-2023 17:15:26.627Z;functions.filter_clean;  CLICA NO BOTÃO X DO LIMPA FILTRO
