17-10-2023 17:24:07.455Z;functions.bot_text_art;      ____   
17-10-2023 17:24:07.456Z;functions.bot_text_art;     [____]    
17-10-2023 17:24:07.456Z;functions.bot_text_art;   |=]()()[=|  
17-10-2023 17:24:07.457Z;functions.bot_text_art;     _\==/__    _____    ____     _        _____    ___   _  __
17-10-2023 17:24:07.458Z;functions.bot_text_art;   |__|   |_|  |  _  \  / ___|   | |      |_   _| / ___| | |/ /
17-10-2023 17:24:07.458Z;functions.bot_text_art;   |_|_/\_|_|  | |  | | | |      | |        | |   | |    | ' / 
17-10-2023 17:24:07.459Z;functions.bot_text_art;   | | __ | |  | |  | | | |      | |        | |   | |    |  <  
17-10-2023 17:24:07.460Z;functions.bot_text_art;   |_|[  ]|_|  | |__| | | |____  | |____   _| |_  | |__  | . \ 
17-10-2023 17:24:07.462Z;functions.bot_text_art;   \_|_||_|_/  |_____/   \_____| |______| |_____| \ ___| |_|\_\
17-10-2023 17:24:07.463Z;functions.bot_text_art;     |_||_|                                                     
17-10-2023 17:24:07.464Z;functions.bot_text_art;     | ||_|_   
17-10-2023 17:24:07.465Z;functions.bot_text_art;   |___||___|  
17-10-2023 17:24:07.466Z;functions.bot_text_art;               
17-10-2023 17:24:07.472Z;functions.open_RM;  OPEN PROGRAM RM
17-10-2023 17:24:16.297Z;functions.loggin_RM;  ENTER USER_NAME
17-10-2023 17:24:17.371Z;functions.loggin_RM;  ENTER PASSWORD
17-10-2023 17:24:18.288Z;functions.loggin_RM;  ENTER RM
17-10-2023 17:24:40.835Z;functions.enter_coligada;  CLICK CONTEXTO
17-10-2023 17:24:45.278Z;functions.enter_coligada;  CLICK COLIGADA 1
17-10-2023 17:24:47.154Z;functions.enter_coligada;  CLICK AVANÇAR
17-10-2023 17:24:49.107Z;functions.enter_coligada;  INSERE O COLIGADA CODE = 1
17-10-2023 17:24:49.295Z;functions.enter_coligada;  APERTA TAB PARA PREENCHER O CAMPO COM A STRING: OCEANICA ENGENHARIA E CONSULTORIA S.A.
17-10-2023 17:24:50.236Z;functions.enter_coligada;  CLICK AVANÇAR NOVAMENTE
17-10-2023 17:24:51.169Z;functions.enter_coligada;  CLICK CONCLUIR
17-10-2023 17:25:06.553Z;functions.enter_coligada;  POP UP COLIGADA DESAPARECER
17-10-2023 17:25:07.316Z;functions.enter_contas_a_pagar;  CLICK - TOTVS - LINHA RM
17-10-2023 17:25:08.729Z;functions.enter_contas_a_pagar;  CLICK - BACK OFFICE
17-10-2023 17:25:11.391Z;functions.enter_contas_a_pagar;  CLICK - GESTAO FINANCEIRA
17-10-2023 17:25:17.100Z;functions.enter_contas_a_pagar;  CLICK - CONTAS A PAGAR
17-10-2023 17:25:17.230Z;functions.waitForImage;  LANÇAMENTOS image found.
17-10-2023 17:25:19.337Z;functions.enter_contas_a_pagar;  CLICA EM LANÇAMENTOS
17-10-2023 17:25:21.341Z;functions.data_filter;  CLICK - SELECIONA A DATA DE QUARTA FEIRA E DA PROXIMA TERÇA
17-10-2023 17:25:21.343Z;functions.data_filter;  QUARTA-FEIRA: 18-10-2023
17-10-2023 17:25:21.343Z;functions.data_filter;  TERCA-FEIRA: 24-10-2023
17-10-2023 17:25:28.471Z;functions.data_filter;  ESCREVE REMESSA BANCÁRIA NO FILTRO
17-10-2023 17:25:29.217Z;functions.data_filter;  CLICK - BUTÃO DE SELECAO DE FILTRO
17-10-2023 17:25:31.706Z;functions.data_filter;  INSERE - DATA DE QUARTA-FEIRA: 18-10-2023
17-10-2023 17:25:33.508Z;functions.data_filter;  INSERE - DATA DA PROX TERCA-FEIRA: 24-10-2023
17-10-2023 17:25:34.329Z;functions.data_filter;  CLICK - BUTÃO DE EXECUTAR O FILTRO
17-10-2023 17:28:12.720Z;functions.waitForImage;  FILTER CLEAN image found.
17-10-2023 17:28:14.831Z;functions.filter_clean;  CLICA NO BOTÃO X DO LIMPA FILTRO
17-10-2023 17:28:18.196Z;functions.select_tipo_documento;  NOME DA COLUNA: Tipo de Documento
17-10-2023 17:28:19.726Z;functions.select_tipo_documento;  HOVER NOME DA COLUNA: Tipo de Documento
17-10-2023 17:28:19.876Z;functions.select_tipo_documento;  CLICA PARA APARECER O FILTRO PERSONALIZAR
17-10-2023 17:28:20.259Z;functions.select_tipo_documento;  CLICA NO FILTRO PERSONALIZAR
17-10-2023 17:28:21.749Z;functions.select_tipo_documento;  CLICA PARA SELECIONAR OPÇÕES DO FILTRO
17-10-2023 17:28:28.955Z;functions.select_tipo_documento;  CLICK BUTTON CONFIRMAR FILTRO
17-10-2023 17:28:30.149Z;functions.desmark_filter;  CLICK CHECKBOX LANÇAMENTOS A RECEBER
17-10-2023 17:28:31.221Z;functions.desmark_filter;  CLICK CHECKBOX LANÇAMENTOS BAIXADOS
17-10-2023 17:28:32.304Z;functions.desmark_filter;  CLICK CHECKBOX LANÇAMENTOS CANCELADOS
17-10-2023 17:28:33.596Z;functions.desmark_filter;  CLICK CHECKBOX LANÇAMENTOS FATURADOS
17-10-2023 17:28:35.004Z;functions.desmark_filter;  CLICK CHECKBOX LANÇAMENTOS FATURADOS
17-10-2023 17:28:36.235Z;functions.filter_IPTE;  CLICK NA PRIMEIRA LINHA E COLUNA DA TABELA
17-10-2023 17:28:51.308Z;functions.filter_IPTE;  147 PASSOS PARA DIREITA NA TABELA >>
17-10-2023 17:28:54.525Z;functions.filter_IPTE;  HOVER FILTER
17-10-2023 17:28:54.659Z;functions.filter_IPTE;  CLICK FILTER
17-10-2023 17:28:59.005Z;functions.filter_IPTE;  CLICA NO FILTRO PERSONALIZAR
17-10-2023 17:29:06.041Z;functions.check_table_record;  APERTA NÃO
17-10-2023 17:29:07.449Z;functions.check_table_record;  ABRE A NOTA
17-10-2023 17:29:13.792Z;functions.waitForImage;  INTEGRAÇÃO BANCÁRIA image found.
17-10-2023 17:29:15.923Z;functions.check_payment_type;  CLICA EM INTEGRAÇÃO BANCÁRIA
17-10-2023 17:29:18.050Z;functions.waitForImage;  BOLETO image found.
17-10-2023 17:29:20.164Z;functions.check_payment_type;  CLICA NO BOLETO
17-10-2023 17:29:22.266Z;functions.waitForImage;  PRESS BUTTON OK image found.
17-10-2023 17:29:24.268Z;functions.check_payment_type;  FORMA DE PAGAMENTO BOLETO - OK
17-10-2023 17:29:26.363Z;functions.waitForImage;  PRESS BUTTON OK image found.
17-10-2023 17:29:28.490Z;functions.check_payment_type;  PRESS BUTTON OK
17-10-2023 17:29:30.639Z;functions.waitForImage;  PRESS BUTTON OK 2 image found.
17-10-2023 17:29:32.760Z;functions.check_payment_type;  PRESS BUTTON OK 2
17-10-2023 17:29:40.869Z;functions.check_table_record;  PRESS BUTTON DOWN
17-10-2023 17:29:42.979Z;functions.check_table_record;  ENTRANDO NO PRÓXIMO BOLETO
17-10-2023 17:29:50.114Z;functions.waitForImage;  INTEGRAÇÃO BANCÁRIA image found.
17-10-2023 17:29:52.234Z;functions.check_payment_type;  CLICA EM INTEGRAÇÃO BANCÁRIA
17-10-2023 17:30:04.607Z;functions.waitForImage;  BOLETO image not found.
17-10-2023 17:30:15.044Z;functions.waitForImage;  BOLETO MINUSCULO image not found.
17-10-2023 17:30:15.153Z;functions.waitForImage;  BOLETO MINUSCULO HABILITADO image found.
17-10-2023 17:30:17.262Z;functions.check_payment_type;  CLICA NO BOLETO EM MINUSCULO HABILITADO
17-10-2023 17:30:19.394Z;functions.waitForImage;  PRESS BUTTON OK image found.
17-10-2023 17:30:21.396Z;functions.check_payment_type;  FORMA DE PAGAMENTO BOLETO - OK
17-10-2023 17:30:23.491Z;functions.waitForImage;  PRESS BUTTON OK image found.
17-10-2023 17:30:25.617Z;functions.check_payment_type;  PRESS BUTTON OK
17-10-2023 17:30:27.726Z;functions.waitForImage;  PRESS BUTTON OK 2 image found.
17-10-2023 17:30:29.836Z;functions.check_payment_type;  PRESS BUTTON OK 2
17-10-2023 17:30:35.794Z;functions.process_lancamentos;  SELECIONA TODOS OS LANÇAMENTOS PARA SEREM PROCESSADOS
17-10-2023 17:30:40.706Z;functions.process_lancamentos;  CLICA PARA APARECER CONTA/CAIXA
17-10-2023 17:30:41.857Z;functions.process_lancamentos;  SELECIONA CONTA/CAIXA
17-10-2023 17:30:42.816Z;functions.process_lancamentos;  CLICA NO BOTÃO [...]
17-10-2023 17:30:44.666Z;functions.process_lancamentos;  CLICA NO CAMPO PESQUISA E DIGITA: %3212
17-10-2023 17:30:45.600Z;functions.process_lancamentos;  CLICA NO BOTÃO DO FILTRO
17-10-2023 17:30:46.826Z;functions.process_lancamentos;  CLICA NO BOTÃO OK
17-10-2023 17:30:47.720Z;functions.process_lancamentos;  CLICA NO BOTÃO EXECUTAR
17-10-2023 17:31:07.954Z;functions.process_lancamentos;  EXECUÇÃO FINALIZADA
17-10-2023 17:31:08.064Z;functions.waitForImage;  PRESS BUTTON OK image found.
17-10-2023 17:31:10.065Z;functions.process_lancamentos;  O PROCESSAMENTO FOI EXECUTADO COM SUCESSO.
17-10-2023 17:31:12.931Z;functions.process_lancamentos;  CLICK EM FECHAR.
17-10-2023 17:31:43.383Z;functions.show_exception_and_exit;  'NoneType' object has no attribute 'click'
Traceback (most recent call last):
  File "c:\projetos\remessas\main.py", line 22, in <module>
    proccess_bordero()
  File "c:\projetos\remessas\SUBPROGRAMS\functions.py", line 500, in proccess_bordero
    menuitem_inclusao_bordero.click()
    ^^^^^^^^^^^^^^^^^^^^^^^^^^^^^^^
AttributeError: 'NoneType' object has no attribute 'click'
