17-10-2023 17:52:54.142Z;functions.bot_text_art;      ____   
17-10-2023 17:52:54.143Z;functions.bot_text_art;     [____]    
17-10-2023 17:52:54.144Z;functions.bot_text_art;   |=]()()[=|  
17-10-2023 17:52:54.144Z;functions.bot_text_art;     _\==/__    _____    ____     _        _____    ___   _  __
17-10-2023 17:52:54.145Z;functions.bot_text_art;   |__|   |_|  |  _  \  / ___|   | |      |_   _| / ___| | |/ /
17-10-2023 17:52:54.145Z;functions.bot_text_art;   |_|_/\_|_|  | |  | | | |      | |        | |   | |    | ' / 
17-10-2023 17:52:54.146Z;functions.bot_text_art;   | | __ | |  | |  | | | |      | |        | |   | |    |  <  
17-10-2023 17:52:54.147Z;functions.bot_text_art;   |_|[  ]|_|  | |__| | | |____  | |____   _| |_  | |__  | . \ 
17-10-2023 17:52:54.148Z;functions.bot_text_art;   \_|_||_|_/  |_____/   \_____| |______| |_____| \ ___| |_|\_\
17-10-2023 17:52:54.149Z;functions.bot_text_art;     |_||_|                                                     
17-10-2023 17:52:54.149Z;functions.bot_text_art;     | ||_|_   
17-10-2023 17:52:54.150Z;functions.bot_text_art;   |___||___|  
17-10-2023 17:52:54.150Z;functions.bot_text_art;               
17-10-2023 17:52:54.158Z;functions.open_RM;  OPEN PROGRAM RM
17-10-2023 17:53:02.843Z;functions.loggin_RM;  ENTER USER_NAME
17-10-2023 17:53:03.929Z;functions.loggin_RM;  ENTER PASSWORD
17-10-2023 17:53:04.882Z;functions.loggin_RM;  ENTER RM
17-10-2023 17:53:30.054Z;functions.enter_coligada;  CLICK CONTEXTO
17-10-2023 17:53:34.574Z;functions.enter_coligada;  CLICK COLIGADA 1
17-10-2023 17:53:36.101Z;functions.enter_coligada;  CLICK AVANÇAR
17-10-2023 17:53:38.147Z;functions.enter_coligada;  INSERE O COLIGADA CODE = 1
17-10-2023 17:53:38.260Z;functions.enter_coligada;  APERTA TAB PARA PREENCHER O CAMPO COM A STRING: OCEANICA ENGENHARIA E CONSULTORIA S.A.
17-10-2023 17:53:39.310Z;functions.enter_coligada;  CLICK AVANÇAR NOVAMENTE
17-10-2023 17:53:40.298Z;functions.enter_coligada;  CLICK CONCLUIR
17-10-2023 17:53:55.483Z;functions.enter_coligada;  POP UP COLIGADA DESAPARECER
17-10-2023 17:53:56.242Z;functions.enter_contas_a_pagar;  CLICK - TOTVS - LINHA RM
17-10-2023 17:53:57.626Z;functions.enter_contas_a_pagar;  CLICK - BACK OFFICE
17-10-2023 17:53:58.524Z;functions.enter_contas_a_pagar;  CLICK - GESTAO FINANCEIRA
17-10-2023 17:54:03.932Z;functions.enter_contas_a_pagar;  CLICK - CONTAS A PAGAR
17-10-2023 17:54:04.646Z;functions.waitForImage;  LANÇAMENTOS image found.
17-10-2023 17:54:06.765Z;functions.enter_contas_a_pagar;  CLICA EM LANÇAMENTOS
17-10-2023 17:54:08.769Z;functions.data_filter;  CLICK - SELECIONA A DATA DE QUARTA FEIRA E DA PROXIMA TERÇA
17-10-2023 17:54:08.770Z;functions.data_filter;  QUARTA-FEIRA: 18-10-2023
17-10-2023 17:54:08.771Z;functions.data_filter;  TERCA-FEIRA: 24-10-2023
17-10-2023 17:54:15.781Z;functions.data_filter;  ESCREVE REMESSA BANCÁRIA NO FILTRO
17-10-2023 17:54:16.588Z;functions.data_filter;  CLICK - BUTÃO DE SELECAO DE FILTRO
17-10-2023 17:54:18.836Z;functions.data_filter;  INSERE - DATA DE QUARTA-FEIRA: 18-10-2023
17-10-2023 17:54:20.712Z;functions.data_filter;  INSERE - DATA DA PROX TERCA-FEIRA: 24-10-2023
17-10-2023 17:54:21.559Z;functions.data_filter;  CLICK - BUTÃO DE EXECUTAR O FILTRO
17-10-2023 18:00:26.688Z;functions.waitForImage;  FILTER CLEAN image not found.
17-10-2023 18:00:28.131Z;functions.select_tipo_documento;  NOME DA COLUNA: Tipo de Documento
17-10-2023 18:00:29.637Z;functions.select_tipo_documento;  HOVER NOME DA COLUNA: Tipo de Documento
17-10-2023 18:00:29.639Z;functions.show_exception_and_exit;  PyAutoGUI fail-safe triggered from mouse moving to a corner of the screen. To disable this fail-safe, set pyautogui.FAILSAFE to False. DISABLING FAIL-SAFE IS NOT RECOMMENDED.
Traceback (most recent call last):
  File "c:\projetos\remessas\main.py", line 17, in <module>
    select_tipo_documento()
  File "c:\projetos\remessas\SUBPROGRAMS\functions.py", line 222, in select_tipo_documento
    pyautogui.click(787,312)
  File "C:\projetos\remessas\venv\Lib\site-packages\pyautogui\__init__.py", line 593, in wrapper
    failSafeCheck()
  File "C:\projetos\remessas\venv\Lib\site-packages\pyautogui\__init__.py", line 1734, in failSafeCheck
    raise FailSafeException(
pyautogui.FailSafeException: PyAutoGUI fail-safe triggered from mouse moving to a corner of the screen. To disable this fail-safe, set pyautogui.FAILSAFE to False. DISABLING FAIL-SAFE IS NOT RECOMMENDED.
