17-10-2023 18:02:10.759Z;functions.bot_text_art;      ____   
17-10-2023 18:02:10.760Z;functions.bot_text_art;     [____]    
17-10-2023 18:02:10.760Z;functions.bot_text_art;   |=]()()[=|  
17-10-2023 18:02:10.761Z;functions.bot_text_art;     _\==/__    _____    ____     _        _____    ___   _  __
17-10-2023 18:02:10.761Z;functions.bot_text_art;   |__|   |_|  |  _  \  / ___|   | |      |_   _| / ___| | |/ /
17-10-2023 18:02:10.762Z;functions.bot_text_art;   |_|_/\_|_|  | |  | | | |      | |        | |   | |    | ' / 
17-10-2023 18:02:10.763Z;functions.bot_text_art;   | | __ | |  | |  | | | |      | |        | |   | |    |  <  
17-10-2023 18:02:10.764Z;functions.bot_text_art;   |_|[  ]|_|  | |__| | | |____  | |____   _| |_  | |__  | . \ 
17-10-2023 18:02:10.766Z;functions.bot_text_art;   \_|_||_|_/  |_____/   \_____| |______| |_____| \ ___| |_|\_\
17-10-2023 18:02:10.766Z;functions.bot_text_art;     |_||_|                                                     
17-10-2023 18:02:10.767Z;functions.bot_text_art;     | ||_|_   
17-10-2023 18:02:10.767Z;functions.bot_text_art;   |___||___|  
17-10-2023 18:02:10.768Z;functions.bot_text_art;               
17-10-2023 18:02:10.774Z;functions.open_RM;  OPEN PROGRAM RM
17-10-2023 18:02:19.416Z;functions.loggin_RM;  ENTER USER_NAME
17-10-2023 18:02:20.648Z;functions.loggin_RM;  ENTER PASSWORD
17-10-2023 18:02:21.651Z;functions.loggin_RM;  ENTER RM
17-10-2023 18:02:45.810Z;functions.enter_coligada;  CLICK CONTEXTO
17-10-2023 18:02:50.262Z;functions.enter_coligada;  CLICK COLIGADA 1
17-10-2023 18:02:51.637Z;functions.enter_coligada;  CLICK AVANÇAR
17-10-2023 18:02:53.634Z;functions.enter_coligada;  INSERE O COLIGADA CODE = 1
17-10-2023 18:02:53.747Z;functions.enter_coligada;  APERTA TAB PARA PREENCHER O CAMPO COM A STRING: OCEANICA ENGENHARIA E CONSULTORIA S.A.
17-10-2023 18:02:54.711Z;functions.enter_coligada;  CLICK AVANÇAR NOVAMENTE
17-10-2023 18:02:55.738Z;functions.enter_coligada;  CLICK CONCLUIR
17-10-2023 18:03:11.345Z;functions.enter_coligada;  POP UP COLIGADA DESAPARECER
17-10-2023 18:03:12.100Z;functions.enter_contas_a_pagar;  CLICK - TOTVS - LINHA RM
17-10-2023 18:03:13.634Z;functions.enter_contas_a_pagar;  CLICK - BACK OFFICE
17-10-2023 18:03:16.243Z;functions.enter_contas_a_pagar;  CLICK - GESTAO FINANCEIRA
17-10-2023 18:03:21.913Z;functions.enter_contas_a_pagar;  CLICK - CONTAS A PAGAR
17-10-2023 18:03:22.654Z;functions.waitForImage;  LANÇAMENTOS image found.
17-10-2023 18:03:24.773Z;functions.enter_contas_a_pagar;  CLICA EM LANÇAMENTOS
17-10-2023 18:03:26.777Z;functions.data_filter;  CLICK - SELECIONA A DATA DE QUARTA FEIRA E DA PROXIMA TERÇA
17-10-2023 18:03:26.778Z;functions.data_filter;  QUARTA-FEIRA: 18-10-2023
17-10-2023 18:03:26.779Z;functions.data_filter;  TERCA-FEIRA: 24-10-2023
17-10-2023 18:03:33.317Z;functions.data_filter;  ESCREVE REMESSA BANCÁRIA NO FILTRO
17-10-2023 18:03:34.062Z;functions.data_filter;  CLICK - BUTÃO DE SELECAO DE FILTRO
17-10-2023 18:03:36.291Z;functions.data_filter;  INSERE - DATA DE QUARTA-FEIRA: 18-10-2023
17-10-2023 18:03:38.220Z;functions.data_filter;  INSERE - DATA DA PROX TERCA-FEIRA: 24-10-2023
17-10-2023 18:03:39.114Z;functions.data_filter;  CLICK - BUTÃO DE EXECUTAR O FILTRO
17-10-2023 18:09:44.608Z;functions.waitForImage;  FILTER CLEAN image not found.
17-10-2023 18:09:46.029Z;functions.select_tipo_documento;  NOME DA COLUNA: Tipo de Documento
17-10-2023 18:09:47.698Z;functions.select_tipo_documento;  HOVER NOME DA COLUNA: Tipo de Documento
17-10-2023 18:09:47.816Z;functions.select_tipo_documento;  CLICA PARA APARECER O FILTRO PERSONALIZAR
17-10-2023 18:09:48.136Z;functions.select_tipo_documento;  CLICA NO FILTRO PERSONALIZAR
17-10-2023 18:09:49.733Z;functions.select_tipo_documento;  CLICA PARA SELECIONAR OPÇÕES DO FILTRO
17-10-2023 18:09:57.035Z;functions.select_tipo_documento;  CLICK BUTTON CONFIRMAR FILTRO
17-10-2023 18:09:58.907Z;functions.desmark_filter;  CLICK CHECKBOX LANÇAMENTOS A RECEBER
17-10-2023 18:10:00.234Z;functions.desmark_filter;  CLICK CHECKBOX LANÇAMENTOS BAIXADOS
17-10-2023 18:10:01.669Z;functions.desmark_filter;  CLICK CHECKBOX LANÇAMENTOS CANCELADOS
17-10-2023 18:10:03.095Z;functions.desmark_filter;  CLICK CHECKBOX LANÇAMENTOS FATURADOS
17-10-2023 18:10:04.479Z;functions.desmark_filter;  CLICK CHECKBOX LANÇAMENTOS FATURADOS
17-10-2023 18:10:05.735Z;functions.filter_IPTE;  CLICK NA PRIMEIRA LINHA E COLUNA DA TABELA
17-10-2023 18:10:20.811Z;functions.filter_IPTE;  147 PASSOS PARA DIREITA NA TABELA >>
17-10-2023 18:10:24.284Z;functions.filter_IPTE;  HOVER FILTER
17-10-2023 18:10:24.416Z;functions.filter_IPTE;  CLICK FILTER
17-10-2023 18:10:28.781Z;functions.filter_IPTE;  CLICA NO FILTRO PERSONALIZAR
17-10-2023 18:10:35.836Z;functions.check_table_record;  APERTA NÃO
17-10-2023 18:10:37.261Z;functions.check_table_record;  ABRE A NOTA
17-10-2023 18:10:43.019Z;functions.waitForImage;  INTEGRAÇÃO BANCÁRIA image found.
17-10-2023 18:10:45.148Z;functions.check_payment_type;  CLICA EM INTEGRAÇÃO BANCÁRIA
17-10-2023 18:10:47.243Z;functions.waitForImage;  BOLETO image found.
17-10-2023 18:10:49.355Z;functions.check_payment_type;  CLICA NO BOLETO
17-10-2023 18:10:51.464Z;functions.waitForImage;  PRESS BUTTON OK image found.
17-10-2023 18:10:53.465Z;functions.check_payment_type;  FORMA DE PAGAMENTO BOLETO - OK
17-10-2023 18:10:55.586Z;functions.waitForImage;  PRESS BUTTON OK image found.
17-10-2023 18:10:57.696Z;functions.check_payment_type;  PRESS BUTTON OK
17-10-2023 18:10:59.806Z;functions.waitForImage;  PRESS BUTTON OK 2 image found.
17-10-2023 18:11:01.923Z;functions.check_payment_type;  PRESS BUTTON OK 2
17-10-2023 18:11:10.031Z;functions.check_table_record;  PRESS BUTTON DOWN
17-10-2023 18:11:12.139Z;functions.check_table_record;  ENTRANDO NO PRÓXIMO BOLETO
17-10-2023 18:11:19.273Z;functions.waitForImage;  INTEGRAÇÃO BANCÁRIA image found.
17-10-2023 18:11:21.398Z;functions.check_payment_type;  CLICA EM INTEGRAÇÃO BANCÁRIA
17-10-2023 18:11:33.478Z;functions.waitForImage;  BOLETO image not found.
17-10-2023 18:11:43.899Z;functions.waitForImage;  BOLETO MINUSCULO image not found.
17-10-2023 18:11:43.989Z;functions.waitForImage;  BOLETO MINUSCULO HABILITADO image found.
17-10-2023 18:11:46.106Z;functions.check_payment_type;  CLICA NO BOLETO EM MINUSCULO HABILITADO
17-10-2023 18:11:48.207Z;functions.waitForImage;  PRESS BUTTON OK image found.
17-10-2023 18:11:50.209Z;functions.check_payment_type;  FORMA DE PAGAMENTO BOLETO - OK
17-10-2023 18:11:52.320Z;functions.waitForImage;  PRESS BUTTON OK image found.
17-10-2023 18:11:54.448Z;functions.check_payment_type;  PRESS BUTTON OK
17-10-2023 18:11:56.540Z;functions.waitForImage;  PRESS BUTTON OK 2 image found.
17-10-2023 18:11:58.653Z;functions.check_payment_type;  PRESS BUTTON OK 2
17-10-2023 18:12:04.660Z;functions.process_lancamentos;  SELECIONA TODOS OS LANÇAMENTOS PARA SEREM PROCESSADOS
17-10-2023 18:12:09.675Z;functions.process_lancamentos;  CLICA PARA APARECER CONTA/CAIXA
17-10-2023 18:12:10.954Z;functions.process_lancamentos;  SELECIONA CONTA/CAIXA
17-10-2023 18:12:12.041Z;functions.process_lancamentos;  CLICA NO BOTÃO [...]
17-10-2023 18:12:13.958Z;functions.process_lancamentos;  CLICA NO CAMPO PESQUISA E DIGITA: %3212
17-10-2023 18:12:15.022Z;functions.process_lancamentos;  CLICA NO BOTÃO DO FILTRO
17-10-2023 18:12:16.421Z;functions.process_lancamentos;  CLICA NO BOTÃO OK
17-10-2023 18:12:17.366Z;functions.process_lancamentos;  CLICA NO BOTÃO EXECUTAR
17-10-2023 18:12:33.928Z;functions.process_lancamentos;  EXECUÇÃO FINALIZADA
17-10-2023 18:12:34.024Z;functions.waitForImage;  PRESS BUTTON OK image found.
17-10-2023 18:12:36.026Z;functions.process_lancamentos;  O PROCESSAMENTO FOI EXECUTADO COM SUCESSO.
17-10-2023 18:12:38.968Z;functions.process_lancamentos;  CLICK EM FECHAR.
17-10-2023 18:13:09.401Z;functions.show_exception_and_exit;  'NoneType' object has no attribute 'click'
Traceback (most recent call last):
  File "c:\projetos\remessas\main.py", line 22, in <module>
    proccess_bordero()
  File "c:\projetos\remessas\SUBPROGRAMS\functions.py", line 500, in proccess_bordero
    menuitem_inclusao_bordero.click()
    ^^^^^^^^^^^^^^^^^^^^^^^^^^^^^^^
AttributeError: 'NoneType' object has no attribute 'click'
