17-10-2023 18:15:54.850Z;functions.bot_text_art;      ____   
17-10-2023 18:15:54.851Z;functions.bot_text_art;     [____]    
17-10-2023 18:15:54.852Z;functions.bot_text_art;   |=]()()[=|  
17-10-2023 18:15:54.852Z;functions.bot_text_art;     _\==/__    _____    ____     _        _____    ___   _  __
17-10-2023 18:15:54.852Z;functions.bot_text_art;   |__|   |_|  |  _  \  / ___|   | |      |_   _| / ___| | |/ /
17-10-2023 18:15:54.853Z;functions.bot_text_art;   |_|_/\_|_|  | |  | | | |      | |        | |   | |    | ' / 
17-10-2023 18:15:54.854Z;functions.bot_text_art;   | | __ | |  | |  | | | |      | |        | |   | |    |  <  
17-10-2023 18:15:54.855Z;functions.bot_text_art;   |_|[  ]|_|  | |__| | | |____  | |____   _| |_  | |__  | . \ 
17-10-2023 18:15:54.856Z;functions.bot_text_art;   \_|_||_|_/  |_____/   \_____| |______| |_____| \ ___| |_|\_\
17-10-2023 18:15:54.857Z;functions.bot_text_art;     |_||_|                                                     
17-10-2023 18:15:54.858Z;functions.bot_text_art;     | ||_|_   
17-10-2023 18:15:54.858Z;functions.bot_text_art;   |___||___|  
17-10-2023 18:15:54.859Z;functions.bot_text_art;               
17-10-2023 18:15:54.864Z;functions.open_RM;  OPEN PROGRAM RM
17-10-2023 18:16:03.686Z;functions.loggin_RM;  ENTER USER_NAME
17-10-2023 18:16:04.785Z;functions.loggin_RM;  ENTER PASSWORD
17-10-2023 18:16:05.786Z;functions.loggin_RM;  ENTER RM
17-10-2023 18:16:29.401Z;functions.enter_coligada;  CLICK CONTEXTO
17-10-2023 18:16:33.989Z;functions.enter_coligada;  CLICK COLIGADA 1
17-10-2023 18:16:35.763Z;functions.enter_coligada;  CLICK AVANÇAR
17-10-2023 18:16:37.678Z;functions.enter_coligada;  INSERE O COLIGADA CODE = 1
17-10-2023 18:16:37.788Z;functions.enter_coligada;  APERTA TAB PARA PREENCHER O CAMPO COM A STRING: OCEANICA ENGENHARIA E CONSULTORIA S.A.
17-10-2023 18:16:38.826Z;functions.enter_coligada;  CLICK AVANÇAR NOVAMENTE
17-10-2023 18:16:39.820Z;functions.enter_coligada;  CLICK CONCLUIR
17-10-2023 18:16:55.232Z;functions.enter_coligada;  POP UP COLIGADA DESAPARECER
17-10-2023 18:16:56.010Z;functions.enter_contas_a_pagar;  CLICK - TOTVS - LINHA RM
17-10-2023 18:16:57.504Z;functions.enter_contas_a_pagar;  CLICK - BACK OFFICE
17-10-2023 18:16:58.352Z;functions.enter_contas_a_pagar;  CLICK - GESTAO FINANCEIRA
17-10-2023 18:17:03.699Z;functions.enter_contas_a_pagar;  CLICK - CONTAS A PAGAR
17-10-2023 18:17:04.448Z;functions.waitForImage;  LANÇAMENTOS image found.
17-10-2023 18:17:06.566Z;functions.enter_contas_a_pagar;  CLICA EM LANÇAMENTOS
17-10-2023 18:17:08.570Z;functions.data_filter;  CLICK - SELECIONA A DATA DE QUARTA FEIRA E DA PROXIMA TERÇA
17-10-2023 18:17:08.572Z;functions.data_filter;  QUARTA-FEIRA: 18-10-2023
17-10-2023 18:17:08.574Z;functions.data_filter;  TERCA-FEIRA: 24-10-2023
17-10-2023 18:17:15.443Z;functions.data_filter;  ESCREVE REMESSA BANCÁRIA NO FILTRO
17-10-2023 18:17:16.268Z;functions.data_filter;  CLICK - BUTÃO DE SELECAO DE FILTRO
17-10-2023 18:17:18.754Z;functions.data_filter;  INSERE - DATA DE QUARTA-FEIRA: 18-10-2023
17-10-2023 18:17:20.670Z;functions.data_filter;  INSERE - DATA DA PROX TERCA-FEIRA: 24-10-2023
17-10-2023 18:17:21.530Z;functions.data_filter;  CLICK - BUTÃO DE EXECUTAR O FILTRO
17-10-2023 18:19:53.229Z;functions.waitForImage;  FILTER CLEAN image found.
17-10-2023 18:19:55.356Z;functions.filter_clean;  CLICA NO BOTÃO X DO LIMPA FILTRO
17-10-2023 18:19:58.641Z;functions.select_tipo_documento;  NOME DA COLUNA: Tipo de Documento
17-10-2023 18:20:00.204Z;functions.select_tipo_documento;  HOVER NOME DA COLUNA: Tipo de Documento
17-10-2023 18:20:00.380Z;functions.select_tipo_documento;  CLICA PARA APARECER O FILTRO PERSONALIZAR
17-10-2023 18:20:00.729Z;functions.select_tipo_documento;  CLICA NO FILTRO PERSONALIZAR
17-10-2023 18:20:02.446Z;functions.select_tipo_documento;  CLICA PARA SELECIONAR OPÇÕES DO FILTRO
17-10-2023 18:20:09.766Z;functions.select_tipo_documento;  CLICK BUTTON CONFIRMAR FILTRO
17-10-2023 18:20:11.320Z;functions.desmark_filter;  CLICK CHECKBOX LANÇAMENTOS A RECEBER
17-10-2023 18:20:12.681Z;functions.desmark_filter;  CLICK CHECKBOX LANÇAMENTOS BAIXADOS
17-10-2023 18:20:14.035Z;functions.desmark_filter;  CLICK CHECKBOX LANÇAMENTOS CANCELADOS
17-10-2023 18:20:15.369Z;functions.desmark_filter;  CLICK CHECKBOX LANÇAMENTOS FATURADOS
17-10-2023 18:20:16.818Z;functions.desmark_filter;  CLICK CHECKBOX LANÇAMENTOS FATURADOS
17-10-2023 18:20:18.258Z;functions.filter_IPTE;  CLICK NA PRIMEIRA LINHA E COLUNA DA TABELA
17-10-2023 18:20:33.330Z;functions.filter_IPTE;  147 PASSOS PARA DIREITA NA TABELA >>
17-10-2023 18:20:36.969Z;functions.filter_IPTE;  HOVER FILTER
17-10-2023 18:20:37.098Z;functions.filter_IPTE;  CLICK FILTER
17-10-2023 18:20:41.480Z;functions.filter_IPTE;  CLICA NO FILTRO PERSONALIZAR
17-10-2023 18:20:48.564Z;functions.check_table_record;  APERTA NÃO
17-10-2023 18:20:49.907Z;functions.check_table_record;  ABRE A NOTA
17-10-2023 18:20:56.244Z;functions.waitForImage;  INTEGRAÇÃO BANCÁRIA image found.
17-10-2023 18:20:58.376Z;functions.check_payment_type;  CLICA EM INTEGRAÇÃO BANCÁRIA
17-10-2023 18:21:00.524Z;functions.waitForImage;  BOLETO image found.
17-10-2023 18:21:02.644Z;functions.check_payment_type;  CLICA NO BOLETO
17-10-2023 18:21:04.777Z;functions.waitForImage;  PRESS BUTTON OK image found.
17-10-2023 18:21:06.780Z;functions.check_payment_type;  FORMA DE PAGAMENTO BOLETO - OK
17-10-2023 18:21:08.876Z;functions.waitForImage;  PRESS BUTTON OK image found.
17-10-2023 18:21:11.011Z;functions.check_payment_type;  PRESS BUTTON OK
17-10-2023 18:21:13.141Z;functions.waitForImage;  PRESS BUTTON OK 2 image found.
17-10-2023 18:21:15.259Z;functions.check_payment_type;  PRESS BUTTON OK 2
17-10-2023 18:21:23.368Z;functions.check_table_record;  PRESS BUTTON DOWN
17-10-2023 18:21:25.475Z;functions.check_table_record;  ENTRANDO NO PRÓXIMO BOLETO
17-10-2023 18:21:32.615Z;functions.waitForImage;  INTEGRAÇÃO BANCÁRIA image found.
17-10-2023 18:21:34.733Z;functions.check_payment_type;  CLICA EM INTEGRAÇÃO BANCÁRIA
17-10-2023 18:21:47.272Z;functions.waitForImage;  BOLETO image not found.
17-10-2023 18:21:57.745Z;functions.waitForImage;  BOLETO MINUSCULO image not found.
17-10-2023 18:21:57.851Z;functions.waitForImage;  BOLETO MINUSCULO HABILITADO image found.
17-10-2023 18:21:59.984Z;functions.check_payment_type;  CLICA NO BOLETO EM MINUSCULO HABILITADO
17-10-2023 18:22:02.089Z;functions.waitForImage;  PRESS BUTTON OK image found.
17-10-2023 18:22:04.090Z;functions.check_payment_type;  FORMA DE PAGAMENTO BOLETO - OK
17-10-2023 18:22:06.193Z;functions.waitForImage;  PRESS BUTTON OK image found.
17-10-2023 18:22:08.299Z;functions.check_payment_type;  PRESS BUTTON OK
17-10-2023 18:22:10.427Z;functions.waitForImage;  PRESS BUTTON OK 2 image found.
17-10-2023 18:22:12.539Z;functions.check_payment_type;  PRESS BUTTON OK 2
17-10-2023 18:22:18.546Z;functions.process_lancamentos;  SELECIONA TODOS OS LANÇAMENTOS PARA SEREM PROCESSADOS
17-10-2023 18:22:23.508Z;functions.process_lancamentos;  CLICA PARA APARECER CONTA/CAIXA
17-10-2023 18:22:24.815Z;functions.process_lancamentos;  SELECIONA CONTA/CAIXA
17-10-2023 18:22:25.816Z;functions.process_lancamentos;  CLICA NO BOTÃO [...]
17-10-2023 18:22:27.854Z;functions.process_lancamentos;  CLICA NO CAMPO PESQUISA E DIGITA: %3212
17-10-2023 18:22:28.820Z;functions.process_lancamentos;  CLICA NO BOTÃO DO FILTRO
17-10-2023 18:22:29.949Z;functions.process_lancamentos;  CLICA NO BOTÃO OK
17-10-2023 18:22:30.963Z;functions.process_lancamentos;  CLICA NO BOTÃO EXECUTAR
17-10-2023 18:22:46.875Z;functions.process_lancamentos;  EXECUÇÃO FINALIZADA
17-10-2023 18:22:46.984Z;functions.waitForImage;  PRESS BUTTON OK image found.
17-10-2023 18:22:48.986Z;functions.process_lancamentos;  O PROCESSAMENTO FOI EXECUTADO COM SUCESSO.
17-10-2023 18:22:51.857Z;functions.process_lancamentos;  CLICK EM FECHAR.
17-10-2023 18:23:22.026Z;functions.show_exception_and_exit;  'NoneType' object has no attribute 'click'
Traceback (most recent call last):
  File "c:\projetos\remessas\main.py", line 22, in <module>
    proccess_bordero()
  File "c:\projetos\remessas\SUBPROGRAMS\functions.py", line 500, in proccess_bordero
    menuitem_inclusao_bordero.click()
    ^^^^^^^^^^^^^^^^^^^^^^^^^^^^^^^
AttributeError: 'NoneType' object has no attribute 'click'
