09-10-2023 18:14:24.122Z;functions.bot_text_art;      ____   
09-10-2023 18:14:24.123Z;functions.bot_text_art;     [____]    
09-10-2023 18:14:24.124Z;functions.bot_text_art;   |=]()()[=|  
09-10-2023 18:14:24.124Z;functions.bot_text_art;     _\==/__    _____    ____     _        _____    ___   _  __
09-10-2023 18:14:24.125Z;functions.bot_text_art;   |__|   |_|  |  _  \  / ___|   | |      |_   _| / ___| | |/ /
09-10-2023 18:14:24.125Z;functions.bot_text_art;   |_|_/\_|_|  | |  | | | |      | |        | |   | |    | ' / 
09-10-2023 18:14:24.126Z;functions.bot_text_art;   | | __ | |  | |  | | | |      | |        | |   | |    |  <  
09-10-2023 18:14:24.127Z;functions.bot_text_art;   |_|[  ]|_|  | |__| | | |____  | |____   _| |_  | |__  | . \ 
09-10-2023 18:14:24.128Z;functions.bot_text_art;   \_|_||_|_/  |_____/   \_____| |______| |_____| \ ___| |_|\_\
09-10-2023 18:14:24.129Z;functions.bot_text_art;     |_||_|                                                     
09-10-2023 18:14:24.130Z;functions.bot_text_art;     | ||_|_   
09-10-2023 18:14:24.131Z;functions.bot_text_art;   |___||___|  
09-10-2023 18:14:24.131Z;functions.bot_text_art;               
09-10-2023 18:14:24.552Z;functions.open_RM;  OPEN PROGRAM RM
09-10-2023 18:14:37.109Z;functions.loggin_RM;  ENTER USER_NAME
09-10-2023 18:14:38.293Z;functions.loggin_RM;  ENTER PASSWORD
09-10-2023 18:14:39.254Z;functions.loggin_RM;  ENTER RM
09-10-2023 18:15:14.410Z;functions.enter_coligada;  CLICK CONTEXTO
09-10-2023 18:15:18.937Z;functions.enter_coligada;  CLICK COLIGADA 1
09-10-2023 18:15:20.793Z;functions.enter_coligada;  CLICK AVANÇAR
09-10-2023 18:15:23.085Z;functions.enter_coligada;  INSERE O COLIGADA CODE = 1
09-10-2023 18:15:23.189Z;functions.enter_coligada;  APERTA TAB PARA PREENCHER O CAMPO COM A STRING: OCEANICA ENGENHARIA E CONSULTORIA S.A.
09-10-2023 18:15:24.531Z;functions.enter_coligada;  CLICK AVANÇAR NOVAMENTE
09-10-2023 18:15:25.552Z;functions.enter_coligada;  CLICK CONCLUIR
09-10-2023 18:15:41.849Z;functions.enter_coligada;  POP UP COLIGADA DESAPARECER
09-10-2023 18:15:42.591Z;functions.enter_contas_a_pagar;  CLICK - TOTVS - LINHA RM
09-10-2023 18:15:44.063Z;functions.enter_contas_a_pagar;  CLICK - BACK OFFICE
09-10-2023 18:15:46.695Z;functions.enter_contas_a_pagar;  CLICK - GESTAO FINANCEIRA
09-10-2023 18:15:52.315Z;functions.enter_contas_a_pagar;  CLICK - CONTAS A PAGAR
09-10-2023 18:15:53.048Z;functions.waitForImage;  LANÇAMENTOS image found.
09-10-2023 18:15:55.173Z;functions.enter_contas_a_pagar;  CLICA EM LANÇAMENTOS
09-10-2023 18:15:57.177Z;functions.data_filter;  CLICK - SELECIONA A DATA DE QUARTA FEIRA E DA PROXIMA TERÇA
09-10-2023 18:15:57.178Z;functions.data_filter;  QUARTA-FEIRA: 11-10-2023
09-10-2023 18:15:57.180Z;functions.data_filter;  TERCA-FEIRA: 17-10-2023
09-10-2023 18:16:06.581Z;functions.data_filter;  ESCREVE REMESSA BANCÁRIA NO FILTRO
09-10-2023 18:16:07.413Z;functions.data_filter;  CLICK - BUTÃO DE SELECAO DE FILTRO
09-10-2023 18:16:09.957Z;functions.data_filter;  INSERE - DATA DE QUARTA-FEIRA: 11-10-2023
09-10-2023 18:16:11.960Z;functions.data_filter;  INSERE - DATA DA PROX TERCA-FEIRA: 17-10-2023
09-10-2023 18:16:12.826Z;functions.data_filter;  CLICK - BUTÃO DE EXECUTAR O FILTRO
09-10-2023 18:16:28.413Z;functions.waitForImage;  FILTER CLEAN image not found.
09-10-2023 18:17:03.024Z;functions.select_tipo_documento;  NOME DA COLUNA: Tipo de Documento
09-10-2023 18:17:04.580Z;functions.select_tipo_documento;  HOVER NOME DA COLUNA: Tipo de Documento
09-10-2023 18:17:04.712Z;functions.select_tipo_documento;  CLICA PARA APARECER O FILTRO PERSONALIZAR
09-10-2023 18:17:05.144Z;functions.select_tipo_documento;  CLICA NO FILTRO PERSONALIZAR
09-10-2023 18:17:06.746Z;functions.select_tipo_documento;  CLICA PARA SELECIONAR OPÇÕES DO FILTRO
09-10-2023 18:17:14.093Z;functions.select_tipo_documento;  CLICK BUTTON CONFIRMAR FILTRO
09-10-2023 18:17:15.909Z;functions.desmark_filter;  CLICK CHECKBOX LANÇAMENTOS A RECEBER
09-10-2023 18:17:17.281Z;functions.desmark_filter;  CLICK CHECKBOX LANÇAMENTOS BAIXADOS
09-10-2023 18:17:18.791Z;functions.desmark_filter;  CLICK CHECKBOX LANÇAMENTOS CANCELADOS
09-10-2023 18:17:20.372Z;functions.desmark_filter;  CLICK CHECKBOX LANÇAMENTOS FATURADOS
09-10-2023 18:17:22.024Z;functions.desmark_filter;  CLICK CHECKBOX LANÇAMENTOS FATURADOS
09-10-2023 18:17:23.666Z;functions.filter_IPTE;  CLICK NA PRIMEIRA LINHA E COLUNA DA TABELA
09-10-2023 18:17:38.721Z;functions.filter_IPTE;  147 PASSOS PARA DIREITA NA TABELA >>
09-10-2023 18:17:42.763Z;functions.filter_IPTE;  HOVER FILTER
09-10-2023 18:17:42.885Z;functions.filter_IPTE;  CLICK FILTER
09-10-2023 18:17:47.241Z;functions.filter_IPTE;  CLICA NO FILTRO PERSONALIZAR
09-10-2023 18:17:54.651Z;functions.check_table_record;  APERTA NÃO
09-10-2023 18:17:56.036Z;functions.check_table_record;  ABRE A NOTA
09-10-2023 18:18:07.352Z;functions.waitForImage;  INTEGRAÇÃO BANCÁRIA image found.
09-10-2023 18:18:09.473Z;functions.check_payment_type;  CLICA EM INTEGRAÇÃO BANCÁRIA
09-10-2023 18:18:11.600Z;functions.waitForImage;  BOLETO image found.
09-10-2023 18:18:13.707Z;functions.check_payment_type;  CLICA NO BOLETO
09-10-2023 18:18:15.849Z;functions.waitForImage;  PRESS BUTTON OK image found.
09-10-2023 18:18:17.851Z;functions.check_payment_type;  FORMA DE PAGAMENTO BOLETO - OK
09-10-2023 18:18:19.962Z;functions.waitForImage;  PRESS BUTTON OK image found.
09-10-2023 18:18:22.085Z;functions.check_payment_type;  PRESS BUTTON OK
09-10-2023 18:18:24.230Z;functions.waitForImage;  PRESS BUTTON OK 2 image found.
09-10-2023 18:18:26.353Z;functions.check_payment_type;  PRESS BUTTON OK 2
09-10-2023 18:18:34.460Z;functions.check_table_record;  PRESS BUTTON DOWN
09-10-2023 18:18:36.568Z;functions.check_table_record;  ENTRANDO NO PRÓXIMO BOLETO
09-10-2023 18:18:43.700Z;functions.waitForImage;  INTEGRAÇÃO BANCÁRIA image found.
09-10-2023 18:18:45.833Z;functions.check_payment_type;  CLICA EM INTEGRAÇÃO BANCÁRIA
09-10-2023 18:18:48.009Z;functions.waitForImage;  BOLETO image found.
09-10-2023 18:18:50.141Z;functions.check_payment_type;  CLICA NO BOLETO
09-10-2023 18:18:52.256Z;functions.waitForImage;  PRESS BUTTON OK image found.
09-10-2023 18:18:54.258Z;functions.check_payment_type;  FORMA DE PAGAMENTO BOLETO - OK
09-10-2023 18:18:56.386Z;functions.waitForImage;  PRESS BUTTON OK image found.
09-10-2023 18:18:58.505Z;functions.check_payment_type;  PRESS BUTTON OK
09-10-2023 18:19:00.635Z;functions.waitForImage;  PRESS BUTTON OK 2 image found.
09-10-2023 18:19:02.744Z;functions.check_payment_type;  PRESS BUTTON OK 2
09-10-2023 18:19:10.854Z;functions.check_table_record;  PRESS BUTTON DOWN
09-10-2023 18:19:12.960Z;functions.check_table_record;  ENTRANDO NO PRÓXIMO BOLETO
09-10-2023 18:19:20.083Z;functions.waitForImage;  INTEGRAÇÃO BANCÁRIA image found.
09-10-2023 18:19:22.212Z;functions.check_payment_type;  CLICA EM INTEGRAÇÃO BANCÁRIA
09-10-2023 18:19:24.301Z;functions.waitForImage;  BOLETO image found.
09-10-2023 18:19:26.434Z;functions.check_payment_type;  CLICA NO BOLETO
09-10-2023 18:19:28.553Z;functions.waitForImage;  PRESS BUTTON OK image found.
09-10-2023 18:19:30.555Z;functions.check_payment_type;  FORMA DE PAGAMENTO BOLETO - OK
09-10-2023 18:19:32.669Z;functions.waitForImage;  PRESS BUTTON OK image found.
09-10-2023 18:19:34.796Z;functions.check_payment_type;  PRESS BUTTON OK
09-10-2023 18:19:36.961Z;functions.waitForImage;  PRESS BUTTON OK 2 image found.
09-10-2023 18:19:39.090Z;functions.check_payment_type;  PRESS BUTTON OK 2
09-10-2023 18:19:47.199Z;functions.check_table_record;  PRESS BUTTON DOWN
09-10-2023 18:19:49.305Z;functions.check_table_record;  ENTRANDO NO PRÓXIMO BOLETO
09-10-2023 18:19:56.412Z;functions.waitForImage;  INTEGRAÇÃO BANCÁRIA image found.
09-10-2023 18:19:58.529Z;functions.check_payment_type;  CLICA EM INTEGRAÇÃO BANCÁRIA
09-10-2023 18:20:00.651Z;functions.waitForImage;  BOLETO image found.
09-10-2023 18:20:02.777Z;functions.check_payment_type;  CLICA NO BOLETO
09-10-2023 18:20:04.859Z;functions.waitForImage;  PRESS BUTTON OK image found.
09-10-2023 18:20:06.861Z;functions.check_payment_type;  FORMA DE PAGAMENTO BOLETO - OK
09-10-2023 18:20:09.011Z;functions.waitForImage;  PRESS BUTTON OK image found.
09-10-2023 18:20:11.121Z;functions.check_payment_type;  PRESS BUTTON OK
09-10-2023 18:20:13.233Z;functions.waitForImage;  PRESS BUTTON OK 2 image found.
09-10-2023 18:20:15.365Z;functions.check_payment_type;  PRESS BUTTON OK 2
09-10-2023 18:20:23.473Z;functions.check_table_record;  PRESS BUTTON DOWN
09-10-2023 18:20:25.579Z;functions.check_table_record;  ENTRANDO NO PRÓXIMO BOLETO
09-10-2023 18:20:32.703Z;functions.waitForImage;  INTEGRAÇÃO BANCÁRIA image found.
09-10-2023 18:20:34.821Z;functions.check_payment_type;  CLICA EM INTEGRAÇÃO BANCÁRIA
09-10-2023 18:20:36.987Z;functions.waitForImage;  BOLETO image found.
09-10-2023 18:20:39.114Z;functions.check_payment_type;  CLICA NO BOLETO
09-10-2023 18:20:41.228Z;functions.waitForImage;  PRESS BUTTON OK image found.
09-10-2023 18:20:43.230Z;functions.check_payment_type;  FORMA DE PAGAMENTO BOLETO - OK
09-10-2023 18:20:45.340Z;functions.waitForImage;  PRESS BUTTON OK image found.
09-10-2023 18:20:47.451Z;functions.check_payment_type;  PRESS BUTTON OK
09-10-2023 18:20:49.564Z;functions.waitForImage;  PRESS BUTTON OK 2 image found.
09-10-2023 18:20:51.674Z;functions.check_payment_type;  PRESS BUTTON OK 2
09-10-2023 18:20:59.782Z;functions.check_table_record;  PRESS BUTTON DOWN
09-10-2023 18:21:01.887Z;functions.check_table_record;  ENTRANDO NO PRÓXIMO BOLETO
09-10-2023 18:21:09.014Z;functions.waitForImage;  INTEGRAÇÃO BANCÁRIA image found.
09-10-2023 18:21:11.136Z;functions.check_payment_type;  CLICA EM INTEGRAÇÃO BANCÁRIA
09-10-2023 18:21:23.710Z;functions.waitForImage;  BOLETO image not found.
09-10-2023 18:21:34.150Z;functions.waitForImage;  BOLETO MINUSCULO image not found.
09-10-2023 18:21:38.027Z;functions.show_exception_and_exit;  
Traceback (most recent call last):
  File "c:\projetos\remessas\main.py", line 20, in <module>
    check_table_record()
  File "c:\projetos\remessas\SUBPROGRAMS\functions.py", line 329, in check_table_record
    check_payment_type()
  File "c:\projetos\remessas\SUBPROGRAMS\functions.py", line 368, in check_payment_type
    select_boleto_minu_desabilitado = waitForImage(image = boleto_min_des, timeout=10, name = 'BOLETO MINUSCULO DESABILITADO')
                                      ^^^^^^^^^^^^^^^^^^^^^^^^^^^^^^^^^^^^^^^^^^^^^^^^^^^^^^^^^^^^^^^^^^^^^^^^^^^^^^^^^^^^^^^^
  File "c:\projetos\remessas\SUBPROGRAMS\functions.py", line 617, in waitForImage
    location = pyautogui.locateOnScreen(image=image, confidence=0.9)
               ^^^^^^^^^^^^^^^^^^^^^^^^^^^^^^^^^^^^^^^^^^^^^^^^^^^^^
  File "C:\projetos\remessas\venv\Lib\site-packages\pyautogui\__init__.py", line 172, in wrapper
    return wrappedFunction(*args, **kwargs)
           ^^^^^^^^^^^^^^^^^^^^^^^^^^^^^^^^
  File "C:\projetos\remessas\venv\Lib\site-packages\pyautogui\__init__.py", line 210, in locateOnScreen
    return pyscreeze.locateOnScreen(*args, **kwargs)
           ^^^^^^^^^^^^^^^^^^^^^^^^^^^^^^^^^^^^^^^^^
  File "C:\projetos\remessas\venv\Lib\site-packages\pyscreeze\__init__.py", line 378, in locateOnScreen
    retVal = locate(image, screenshotIm, **kwargs)
             ^^^^^^^^^^^^^^^^^^^^^^^^^^^^^^^^^^^^^
  File "C:\projetos\remessas\venv\Lib\site-packages\pyscreeze\__init__.py", line 356, in locate
    points = tuple(locateAll(needleImage, haystackImage, **kwargs))
             ^^^^^^^^^^^^^^^^^^^^^^^^^^^^^^^^^^^^^^^^^^^^^^^^^^^^^^
  File "C:\projetos\remessas\venv\Lib\site-packages\pyscreeze\__init__.py", line 225, in _locateAll_opencv
    result = cv2.matchTemplate(haystackImage, needleImage, cv2.TM_CCOEFF_NORMED)
             ^^^^^^^^^^^^^^^^^^^^^^^^^^^^^^^^^^^^^^^^^^^^^^^^^^^^^^^^^^^^^^^^^^^
KeyboardInterrupt
