09-10-2023 18:26:02.240Z;functions.bot_text_art;      ____   
09-10-2023 18:26:02.243Z;functions.bot_text_art;     [____]    
09-10-2023 18:26:02.244Z;functions.bot_text_art;   |=]()()[=|  
09-10-2023 18:26:02.245Z;functions.bot_text_art;     _\==/__    _____    ____     _        _____    ___   _  __
09-10-2023 18:26:02.246Z;functions.bot_text_art;   |__|   |_|  |  _  \  / ___|   | |      |_   _| / ___| | |/ /
09-10-2023 18:26:02.247Z;functions.bot_text_art;   |_|_/\_|_|  | |  | | | |      | |        | |   | |    | ' / 
09-10-2023 18:26:02.248Z;functions.bot_text_art;   | | __ | |  | |  | | | |      | |        | |   | |    |  <  
09-10-2023 18:26:02.249Z;functions.bot_text_art;   |_|[  ]|_|  | |__| | | |____  | |____   _| |_  | |__  | . \ 
09-10-2023 18:26:02.250Z;functions.bot_text_art;   \_|_||_|_/  |_____/   \_____| |______| |_____| \ ___| |_|\_\
09-10-2023 18:26:02.251Z;functions.bot_text_art;     |_||_|                                                     
09-10-2023 18:26:02.252Z;functions.bot_text_art;     | ||_|_   
09-10-2023 18:26:02.252Z;functions.bot_text_art;   |___||___|  
09-10-2023 18:26:02.253Z;functions.bot_text_art;               
09-10-2023 18:26:02.270Z;functions.open_RM;  OPEN PROGRAM RM
09-10-2023 18:26:12.717Z;functions.loggin_RM;  ENTER USER_NAME
09-10-2023 18:26:13.896Z;functions.loggin_RM;  ENTER PASSWORD
09-10-2023 18:26:14.934Z;functions.loggin_RM;  ENTER RM
09-10-2023 18:26:39.118Z;functions.enter_coligada;  CLICK CONTEXTO
09-10-2023 18:26:43.773Z;functions.enter_coligada;  CLICK COLIGADA 1
09-10-2023 18:26:45.587Z;functions.enter_coligada;  CLICK AVANÇAR
09-10-2023 18:26:47.789Z;functions.enter_coligada;  INSERE O COLIGADA CODE = 1
09-10-2023 18:26:47.893Z;functions.enter_coligada;  APERTA TAB PARA PREENCHER O CAMPO COM A STRING: OCEANICA ENGENHARIA E CONSULTORIA S.A.
09-10-2023 18:26:48.906Z;functions.enter_coligada;  CLICK AVANÇAR NOVAMENTE
09-10-2023 18:26:49.856Z;functions.enter_coligada;  CLICK CONCLUIR
09-10-2023 18:27:06.075Z;functions.enter_coligada;  POP UP COLIGADA DESAPARECER
09-10-2023 18:27:06.859Z;functions.enter_contas_a_pagar;  CLICK - TOTVS - LINHA RM
09-10-2023 18:27:08.299Z;functions.enter_contas_a_pagar;  CLICK - BACK OFFICE
09-10-2023 18:27:10.956Z;functions.enter_contas_a_pagar;  CLICK - GESTAO FINANCEIRA
09-10-2023 18:27:16.404Z;functions.enter_contas_a_pagar;  CLICK - CONTAS A PAGAR
09-10-2023 18:27:17.176Z;functions.waitForImage;  LANÇAMENTOS image found.
09-10-2023 18:27:19.307Z;functions.enter_contas_a_pagar;  CLICA EM LANÇAMENTOS
09-10-2023 18:27:21.324Z;functions.data_filter;  CLICK - SELECIONA A DATA DE QUARTA FEIRA E DA PROXIMA TERÇA
09-10-2023 18:27:21.325Z;functions.data_filter;  QUARTA-FEIRA: 11-10-2023
09-10-2023 18:27:21.326Z;functions.data_filter;  TERCA-FEIRA: 17-10-2023
09-10-2023 18:27:28.557Z;functions.data_filter;  ESCREVE REMESSA BANCÁRIA NO FILTRO
09-10-2023 18:27:29.382Z;functions.data_filter;  CLICK - BUTÃO DE SELECAO DE FILTRO
09-10-2023 18:27:31.859Z;functions.data_filter;  INSERE - DATA DE QUARTA-FEIRA: 11-10-2023
09-10-2023 18:27:33.848Z;functions.data_filter;  INSERE - DATA DA PROX TERCA-FEIRA: 17-10-2023
09-10-2023 18:27:34.686Z;functions.data_filter;  CLICK - BUTÃO DE EXECUTAR O FILTRO
09-10-2023 18:27:49.882Z;functions.waitForImage;  FILTER CLEAN image not found.
09-10-2023 18:28:18.716Z;functions.select_tipo_documento;  NOME DA COLUNA: Tipo de Documento
09-10-2023 18:28:20.250Z;functions.select_tipo_documento;  HOVER NOME DA COLUNA: Tipo de Documento
09-10-2023 18:28:20.368Z;functions.select_tipo_documento;  CLICA PARA APARECER O FILTRO PERSONALIZAR
09-10-2023 18:28:20.770Z;functions.select_tipo_documento;  CLICA NO FILTRO PERSONALIZAR
09-10-2023 18:28:22.230Z;functions.select_tipo_documento;  CLICA PARA SELECIONAR OPÇÕES DO FILTRO
09-10-2023 18:28:29.596Z;functions.select_tipo_documento;  CLICK BUTTON CONFIRMAR FILTRO
09-10-2023 18:28:31.560Z;functions.desmark_filter;  CLICK CHECKBOX LANÇAMENTOS A RECEBER
09-10-2023 18:28:32.890Z;functions.desmark_filter;  CLICK CHECKBOX LANÇAMENTOS BAIXADOS
09-10-2023 18:28:34.230Z;functions.desmark_filter;  CLICK CHECKBOX LANÇAMENTOS CANCELADOS
09-10-2023 18:28:35.689Z;functions.desmark_filter;  CLICK CHECKBOX LANÇAMENTOS FATURADOS
09-10-2023 18:28:37.209Z;functions.desmark_filter;  CLICK CHECKBOX LANÇAMENTOS FATURADOS
09-10-2023 18:28:38.634Z;functions.filter_IPTE;  CLICK NA PRIMEIRA LINHA E COLUNA DA TABELA
09-10-2023 18:28:53.728Z;functions.filter_IPTE;  147 PASSOS PARA DIREITA NA TABELA >>
09-10-2023 18:28:57.552Z;functions.filter_IPTE;  HOVER FILTER
09-10-2023 18:28:57.670Z;functions.filter_IPTE;  CLICK FILTER
09-10-2023 18:29:02.028Z;functions.filter_IPTE;  CLICA NO FILTRO PERSONALIZAR
09-10-2023 18:29:08.996Z;functions.check_table_record;  APERTA NÃO
09-10-2023 18:29:10.298Z;functions.check_table_record;  ABRE A NOTA
09-10-2023 18:29:15.982Z;functions.waitForImage;  INTEGRAÇÃO BANCÁRIA image found.
09-10-2023 18:29:18.107Z;functions.check_payment_type;  CLICA EM INTEGRAÇÃO BANCÁRIA
09-10-2023 18:29:20.193Z;functions.waitForImage;  BOLETO image found.
09-10-2023 18:29:22.329Z;functions.check_payment_type;  CLICA NO BOLETO
09-10-2023 18:29:24.401Z;functions.waitForImage;  PRESS BUTTON OK image found.
09-10-2023 18:29:26.403Z;functions.check_payment_type;  FORMA DE PAGAMENTO BOLETO - OK
09-10-2023 18:29:28.498Z;functions.waitForImage;  PRESS BUTTON OK image found.
09-10-2023 18:29:30.631Z;functions.check_payment_type;  PRESS BUTTON OK
09-10-2023 18:29:32.726Z;functions.waitForImage;  PRESS BUTTON OK 2 image found.
09-10-2023 18:29:34.840Z;functions.check_payment_type;  PRESS BUTTON OK 2
09-10-2023 18:29:42.951Z;functions.check_table_record;  PRESS BUTTON DOWN
09-10-2023 18:29:45.061Z;functions.check_table_record;  ENTRANDO NO PRÓXIMO BOLETO
09-10-2023 18:29:52.177Z;functions.waitForImage;  INTEGRAÇÃO BANCÁRIA image found.
09-10-2023 18:29:54.293Z;functions.check_payment_type;  CLICA EM INTEGRAÇÃO BANCÁRIA
09-10-2023 18:29:56.409Z;functions.waitForImage;  BOLETO image found.
09-10-2023 18:29:58.533Z;functions.check_payment_type;  CLICA NO BOLETO
09-10-2023 18:30:00.619Z;functions.waitForImage;  PRESS BUTTON OK image found.
09-10-2023 18:30:02.621Z;functions.check_payment_type;  FORMA DE PAGAMENTO BOLETO - OK
09-10-2023 18:30:04.733Z;functions.waitForImage;  PRESS BUTTON OK image found.
09-10-2023 18:30:06.870Z;functions.check_payment_type;  PRESS BUTTON OK
09-10-2023 18:30:08.962Z;functions.waitForImage;  PRESS BUTTON OK 2 image found.
09-10-2023 18:30:11.081Z;functions.check_payment_type;  PRESS BUTTON OK 2
09-10-2023 18:30:19.189Z;functions.check_table_record;  PRESS BUTTON DOWN
09-10-2023 18:30:21.297Z;functions.check_table_record;  ENTRANDO NO PRÓXIMO BOLETO
09-10-2023 18:30:28.400Z;functions.waitForImage;  INTEGRAÇÃO BANCÁRIA image found.
09-10-2023 18:30:30.513Z;functions.check_payment_type;  CLICA EM INTEGRAÇÃO BANCÁRIA
09-10-2023 18:30:32.614Z;functions.waitForImage;  BOLETO image found.
09-10-2023 18:30:34.742Z;functions.check_payment_type;  CLICA NO BOLETO
09-10-2023 18:30:36.843Z;functions.waitForImage;  PRESS BUTTON OK image found.
09-10-2023 18:30:38.845Z;functions.check_payment_type;  FORMA DE PAGAMENTO BOLETO - OK
09-10-2023 18:30:40.929Z;functions.waitForImage;  PRESS BUTTON OK image found.
09-10-2023 18:30:43.051Z;functions.check_payment_type;  PRESS BUTTON OK
09-10-2023 18:30:45.150Z;functions.waitForImage;  PRESS BUTTON OK 2 image found.
09-10-2023 18:30:47.272Z;functions.check_payment_type;  PRESS BUTTON OK 2
09-10-2023 18:30:55.380Z;functions.check_table_record;  PRESS BUTTON DOWN
09-10-2023 18:30:57.487Z;functions.check_table_record;  ENTRANDO NO PRÓXIMO BOLETO
09-10-2023 18:31:04.620Z;functions.waitForImage;  INTEGRAÇÃO BANCÁRIA image found.
09-10-2023 18:31:06.750Z;functions.check_payment_type;  CLICA EM INTEGRAÇÃO BANCÁRIA
09-10-2023 18:31:08.862Z;functions.waitForImage;  BOLETO image found.
09-10-2023 18:31:10.979Z;functions.check_payment_type;  CLICA NO BOLETO
09-10-2023 18:31:13.061Z;functions.waitForImage;  PRESS BUTTON OK image found.
09-10-2023 18:31:15.063Z;functions.check_payment_type;  FORMA DE PAGAMENTO BOLETO - OK
09-10-2023 18:31:17.159Z;functions.waitForImage;  PRESS BUTTON OK image found.
09-10-2023 18:31:19.274Z;functions.check_payment_type;  PRESS BUTTON OK
09-10-2023 18:31:21.390Z;functions.waitForImage;  PRESS BUTTON OK 2 image found.
09-10-2023 18:31:23.496Z;functions.check_payment_type;  PRESS BUTTON OK 2
09-10-2023 18:31:31.607Z;functions.check_table_record;  PRESS BUTTON DOWN
09-10-2023 18:31:33.714Z;functions.check_table_record;  ENTRANDO NO PRÓXIMO BOLETO
09-10-2023 18:31:40.820Z;functions.waitForImage;  INTEGRAÇÃO BANCÁRIA image found.
09-10-2023 18:31:42.947Z;functions.check_payment_type;  CLICA EM INTEGRAÇÃO BANCÁRIA
09-10-2023 18:31:45.038Z;functions.waitForImage;  BOLETO image found.
09-10-2023 18:31:47.158Z;functions.check_payment_type;  CLICA NO BOLETO
09-10-2023 18:31:49.307Z;functions.waitForImage;  PRESS BUTTON OK image found.
09-10-2023 18:31:51.310Z;functions.check_payment_type;  FORMA DE PAGAMENTO BOLETO - OK
09-10-2023 18:31:53.411Z;functions.waitForImage;  PRESS BUTTON OK image found.
09-10-2023 18:31:55.536Z;functions.check_payment_type;  PRESS BUTTON OK
09-10-2023 18:31:57.631Z;functions.waitForImage;  PRESS BUTTON OK 2 image found.
09-10-2023 18:31:59.740Z;functions.check_payment_type;  PRESS BUTTON OK 2
09-10-2023 18:32:07.851Z;functions.check_table_record;  PRESS BUTTON DOWN
09-10-2023 18:32:09.960Z;functions.check_table_record;  ENTRANDO NO PRÓXIMO BOLETO
09-10-2023 18:32:17.090Z;functions.waitForImage;  INTEGRAÇÃO BANCÁRIA image found.
09-10-2023 18:32:19.201Z;functions.check_payment_type;  CLICA EM INTEGRAÇÃO BANCÁRIA
09-10-2023 18:32:31.514Z;functions.waitForImage;  BOLETO image not found.
09-10-2023 18:32:41.765Z;functions.waitForImage;  BOLETO MINUSCULO image not found.
09-10-2023 18:32:41.940Z;functions.waitForImage;  BOLETO MINUSCULO HABILITADO image found.
09-10-2023 18:32:44.075Z;functions.check_payment_type;  CLICA NO BOLETO EM MINUSCULO HABILITADO
09-10-2023 18:32:46.196Z;functions.waitForImage;  PRESS BUTTON OK image found.
09-10-2023 18:32:48.197Z;functions.check_payment_type;  FORMA DE PAGAMENTO BOLETO - OK
09-10-2023 18:32:50.307Z;functions.waitForImage;  PRESS BUTTON OK image found.
09-10-2023 18:32:52.439Z;functions.check_payment_type;  PRESS BUTTON OK
09-10-2023 18:32:54.533Z;functions.waitForImage;  PRESS BUTTON OK 2 image found.
09-10-2023 18:32:56.650Z;functions.check_payment_type;  PRESS BUTTON OK 2
09-10-2023 18:33:04.761Z;functions.check_table_record;  PRESS BUTTON DOWN
09-10-2023 18:33:06.869Z;functions.check_table_record;  ENTRANDO NO PRÓXIMO BOLETO
09-10-2023 18:33:13.982Z;functions.waitForImage;  INTEGRAÇÃO BANCÁRIA image found.
09-10-2023 18:33:16.117Z;functions.check_payment_type;  CLICA EM INTEGRAÇÃO BANCÁRIA
09-10-2023 18:33:18.207Z;functions.waitForImage;  BOLETO image found.
09-10-2023 18:33:20.330Z;functions.check_payment_type;  CLICA NO BOLETO
09-10-2023 18:33:22.438Z;functions.waitForImage;  PRESS BUTTON OK image found.
09-10-2023 18:33:24.439Z;functions.check_payment_type;  FORMA DE PAGAMENTO BOLETO - OK
09-10-2023 18:33:26.526Z;functions.waitForImage;  PRESS BUTTON OK image found.
09-10-2023 18:33:28.663Z;functions.check_payment_type;  PRESS BUTTON OK
09-10-2023 18:33:30.778Z;functions.waitForImage;  PRESS BUTTON OK 2 image found.
09-10-2023 18:33:32.915Z;functions.check_payment_type;  PRESS BUTTON OK 2
09-10-2023 18:33:41.022Z;functions.check_table_record;  PRESS BUTTON DOWN
09-10-2023 18:33:43.130Z;functions.check_table_record;  ENTRANDO NO PRÓXIMO BOLETO
09-10-2023 18:33:50.237Z;functions.waitForImage;  INTEGRAÇÃO BANCÁRIA image found.
09-10-2023 18:33:52.360Z;functions.check_payment_type;  CLICA EM INTEGRAÇÃO BANCÁRIA
09-10-2023 18:34:04.748Z;functions.waitForImage;  BOLETO image not found.
09-10-2023 18:34:15.177Z;functions.waitForImage;  BOLETO MINUSCULO image not found.
09-10-2023 18:34:15.312Z;functions.waitForImage;  BOLETO MINUSCULO HABILITADO image found.
09-10-2023 18:34:17.426Z;functions.check_payment_type;  CLICA NO BOLETO EM MINUSCULO HABILITADO
09-10-2023 18:34:19.519Z;functions.waitForImage;  PRESS BUTTON OK image found.
09-10-2023 18:34:21.520Z;functions.check_payment_type;  FORMA DE PAGAMENTO BOLETO - OK
09-10-2023 18:34:23.616Z;functions.waitForImage;  PRESS BUTTON OK image found.
09-10-2023 18:34:25.743Z;functions.check_payment_type;  PRESS BUTTON OK
09-10-2023 18:34:27.855Z;functions.waitForImage;  PRESS BUTTON OK 2 image found.
09-10-2023 18:34:29.967Z;functions.check_payment_type;  PRESS BUTTON OK 2
09-10-2023 18:34:36.321Z;functions.process_lancamentos;  SELECIONA TODOS OS LANÇAMENTOS PARA SEREM PROCESSADOS
09-10-2023 18:34:41.334Z;functions.process_lancamentos;  CLICA PARA APARECER CONTA/CAIXA
09-10-2023 18:34:42.594Z;functions.process_lancamentos;  SELECIONA CONTA/CAIXA
09-10-2023 18:34:43.770Z;functions.process_lancamentos;  CLICA NO BOTÃO [...]
09-10-2023 18:34:45.531Z;functions.process_lancamentos;  CLICA NO CAMPO PESQUISA E DIGITA: %3212
09-10-2023 18:34:46.498Z;functions.process_lancamentos;  CLICA NO BOTÃO DO FILTRO
09-10-2023 18:34:47.557Z;functions.process_lancamentos;  CLICA NO BOTÃO OK
09-10-2023 18:34:48.420Z;functions.process_lancamentos;  CLICA NO BOTÃO EXECUTAR
09-10-2023 18:35:04.937Z;functions.process_lancamentos;  EXECUÇÃO FINALIZADA
09-10-2023 18:35:05.042Z;functions.waitForImage;  PRESS BUTTON OK image found.
09-10-2023 18:35:07.045Z;functions.process_lancamentos;  O PROCESSAMENTO FOI EXECUTADO COM SUCESSO.
09-10-2023 18:35:09.917Z;functions.process_lancamentos;  CLICK EM FECHAR.
09-10-2023 18:35:52.841Z;functions.proccess_bordero;  CLICA EM BORDERO DE PAGAMENTO
09-10-2023 18:35:53.537Z;functions.proccess_bordero;  CLICA EM INCLUSAO DE BORDERO
09-10-2023 18:35:56.186Z;functions.proccess_bordero;  CLICA EM CONVÊNIO TRÊS PONTINHOS
09-10-2023 18:35:57.715Z;functions.proccess_bordero;  CLICA EM COMBOBOX PARA SELECIONAR O ID DO CONVÊNIO
09-10-2023 18:35:59.108Z;functions.proccess_bordero;  CLICA EM ID DO CONVÊNIO
09-10-2023 18:36:01.212Z;functions.proccess_bordero;  APERTA TAB PARA ESCREVER O ID
09-10-2023 18:36:03.322Z;functions.proccess_bordero;  ESCREVE O ID 7
09-10-2023 18:36:05.428Z;functions.proccess_bordero;  APERTA ENTER PARA SELECIONAR O ID 7 - SISPAG FORNECEDOR
09-10-2023 18:36:07.531Z;functions.proccess_bordero;  APERTA ENTER PARA ESCOLHER O ID 7 - SISPAG FORNECEDOR
09-10-2023 18:36:10.449Z;functions.proccess_bordero;  CLICA EM EXECUTAR NA INCLUSÃO DO BORDÊRO
09-10-2023 18:36:22.772Z;functions.waitForImage;  PRESS BUTTON OK image not found.
09-10-2023 18:36:36.835Z;functions.proccess_bordero;  CLICK EXECUTAR NOVAMENTE.
09-10-2023 18:36:36.963Z;functions.waitForImage;  FILTER CLEAN image found.
09-10-2023 18:36:39.095Z;functions.filter_clean;  CLICA NO BOTÃO X DO LIMPA FILTRO
09-10-2023 18:36:42.045Z;functions.movimentacao_bancaria;  CLICA NA ABA MOVIMENTAÇÃO BANCARIA
09-10-2023 18:36:59.144Z;functions.show_exception_and_exit;  
Traceback (most recent call last):
  File "c:\projetos\remessas\main.py", line 24, in <module>
    movimentacao_bancaria()
  File "c:\projetos\remessas\SUBPROGRAMS\functions.py", line 554, in movimentacao_bancaria
    icon_bordero_pag = cc.wait_appear(locator.rm.icon_bordero_de_pagamentos, wait_timeout=15)
                       ^^^^^^^^^^^^^^^^^^^^^^^^^^^^^^^^^^^^^^^^^^^^^^^^^^^^^^^^^^^^^^^^^^^^^^
  File "C:\projetos\remessas\venv\Lib\site-packages\clicknium\_clicknium.py", line 189, in wait_appear
    ele = _InvokerService.wait_appear(
          ^^^^^^^^^^^^^^^^^^^^^^^^^^^^
  File "C:\projetos\remessas\venv\Lib\site-packages\clicknium\core\service\invokerservice.py", line 50, in wrapper
    return func(*args, **kwargs)
           ^^^^^^^^^^^^^^^^^^^^^
  File "C:\projetos\remessas\venv\Lib\site-packages\clicknium\core\service\invokerservice.py", line 308, in wait_appear
    return UiElementRunner.WaitElementAppear(locator_item.Locator, locator_item.Locator_Variables, locator_item.Locator_Image, timeout * 1000)
           ^^^^^^^^^^^^^^^^^^^^^^^^^^^^^^^^^^^^^^^^^^^^^^^^^^^^^^^^^^^^^^^^^^^^^^^^^^^^^^^^^^^^^^^^^^^^^^^^^^^^^^^^^^^^^^^^^^^^^^^^^^^^^^^^^^^
KeyboardInterrupt
