09-10-2023 19:00:17.829Z;functions.bot_text_art;      ____   
09-10-2023 19:00:17.830Z;functions.bot_text_art;     [____]    
09-10-2023 19:00:17.830Z;functions.bot_text_art;   |=]()()[=|  
09-10-2023 19:00:17.831Z;functions.bot_text_art;     _\==/__    _____    ____     _        _____    ___   _  __
09-10-2023 19:00:17.831Z;functions.bot_text_art;   |__|   |_|  |  _  \  / ___|   | |      |_   _| / ___| | |/ /
09-10-2023 19:00:17.831Z;functions.bot_text_art;   |_|_/\_|_|  | |  | | | |      | |        | |   | |    | ' / 
09-10-2023 19:00:17.832Z;functions.bot_text_art;   | | __ | |  | |  | | | |      | |        | |   | |    |  <  
09-10-2023 19:00:17.833Z;functions.bot_text_art;   |_|[  ]|_|  | |__| | | |____  | |____   _| |_  | |__  | . \ 
09-10-2023 19:00:17.834Z;functions.bot_text_art;   \_|_||_|_/  |_____/   \_____| |______| |_____| \ ___| |_|\_\
09-10-2023 19:00:17.835Z;functions.bot_text_art;     |_||_|                                                     
09-10-2023 19:00:17.836Z;functions.bot_text_art;     | ||_|_   
09-10-2023 19:00:17.836Z;functions.bot_text_art;   |___||___|  
09-10-2023 19:00:17.837Z;functions.bot_text_art;               
09-10-2023 19:00:17.843Z;functions.open_RM;  OPEN PROGRAM RM
09-10-2023 19:00:26.948Z;functions.loggin_RM;  ENTER USER_NAME
09-10-2023 19:00:28.069Z;functions.loggin_RM;  ENTER PASSWORD
09-10-2023 19:00:29.105Z;functions.loggin_RM;  ENTER RM
09-10-2023 19:00:52.909Z;functions.enter_coligada;  CLICK CONTEXTO
09-10-2023 19:00:57.468Z;functions.enter_coligada;  CLICK COLIGADA 1
09-10-2023 19:00:59.247Z;functions.enter_coligada;  CLICK AVANÇAR
09-10-2023 19:01:01.627Z;functions.enter_coligada;  INSERE O COLIGADA CODE = 1
09-10-2023 19:01:01.731Z;functions.enter_coligada;  APERTA TAB PARA PREENCHER O CAMPO COM A STRING: OCEANICA ENGENHARIA E CONSULTORIA S.A.
09-10-2023 19:01:03.185Z;functions.enter_coligada;  CLICK AVANÇAR NOVAMENTE
09-10-2023 19:01:04.125Z;functions.enter_coligada;  CLICK CONCLUIR
09-10-2023 19:01:19.917Z;functions.enter_coligada;  POP UP COLIGADA DESAPARECER
09-10-2023 19:01:20.672Z;functions.enter_contas_a_pagar;  CLICK - TOTVS - LINHA RM
09-10-2023 19:01:22.080Z;functions.enter_contas_a_pagar;  CLICK - BACK OFFICE
09-10-2023 19:01:24.807Z;functions.enter_contas_a_pagar;  CLICK - GESTAO FINANCEIRA
09-10-2023 19:01:30.407Z;functions.enter_contas_a_pagar;  CLICK - CONTAS A PAGAR
09-10-2023 19:01:31.131Z;functions.waitForImage;  LANÇAMENTOS image found.
09-10-2023 19:01:33.257Z;functions.enter_contas_a_pagar;  CLICA EM LANÇAMENTOS
09-10-2023 19:01:35.259Z;functions.data_filter;  CLICK - SELECIONA A DATA DE QUARTA FEIRA E DA PROXIMA TERÇA
09-10-2023 19:01:35.260Z;functions.data_filter;  QUARTA-FEIRA: 11-10-2023
09-10-2023 19:01:35.261Z;functions.data_filter;  TERCA-FEIRA: 17-10-2023
09-10-2023 19:01:42.974Z;functions.data_filter;  ESCREVE REMESSA BANCÁRIA NO FILTRO
09-10-2023 19:01:43.743Z;functions.data_filter;  CLICK - BUTÃO DE SELECAO DE FILTRO
09-10-2023 19:01:46.384Z;functions.data_filter;  INSERE - DATA DE QUARTA-FEIRA: 11-10-2023
09-10-2023 19:01:48.571Z;functions.data_filter;  INSERE - DATA DA PROX TERCA-FEIRA: 17-10-2023
09-10-2023 19:01:49.424Z;functions.data_filter;  CLICK - BUTÃO DE EXECUTAR O FILTRO
09-10-2023 19:02:04.450Z;functions.waitForImage;  FILTER CLEAN image not found.
09-10-2023 19:02:32.102Z;functions.select_tipo_documento;  NOME DA COLUNA: Tipo de Documento
09-10-2023 19:02:33.724Z;functions.select_tipo_documento;  HOVER NOME DA COLUNA: Tipo de Documento
09-10-2023 19:02:33.842Z;functions.select_tipo_documento;  CLICA PARA APARECER O FILTRO PERSONALIZAR
09-10-2023 19:02:34.167Z;functions.select_tipo_documento;  CLICA NO FILTRO PERSONALIZAR
09-10-2023 19:02:36.588Z;functions.select_tipo_documento;  CLICA PARA SELECIONAR OPÇÕES DO FILTRO
09-10-2023 19:02:44.065Z;functions.select_tipo_documento;  CLICK BUTTON CONFIRMAR FILTRO
09-10-2023 19:02:45.994Z;functions.desmark_filter;  CLICK CHECKBOX LANÇAMENTOS A RECEBER
09-10-2023 19:02:47.350Z;functions.desmark_filter;  CLICK CHECKBOX LANÇAMENTOS BAIXADOS
09-10-2023 19:02:48.630Z;functions.desmark_filter;  CLICK CHECKBOX LANÇAMENTOS CANCELADOS
09-10-2023 19:02:50.141Z;functions.desmark_filter;  CLICK CHECKBOX LANÇAMENTOS FATURADOS
09-10-2023 19:02:51.727Z;functions.desmark_filter;  CLICK CHECKBOX LANÇAMENTOS FATURADOS
09-10-2023 19:02:53.304Z;functions.filter_IPTE;  CLICK NA PRIMEIRA LINHA E COLUNA DA TABELA
09-10-2023 19:03:08.375Z;functions.filter_IPTE;  147 PASSOS PARA DIREITA NA TABELA >>
09-10-2023 19:03:12.363Z;functions.filter_IPTE;  HOVER FILTER
09-10-2023 19:03:12.496Z;functions.filter_IPTE;  CLICK FILTER
09-10-2023 19:03:16.855Z;functions.filter_IPTE;  CLICA NO FILTRO PERSONALIZAR
09-10-2023 19:03:23.986Z;functions.check_table_record;  APERTA NÃO
09-10-2023 19:03:25.421Z;functions.check_table_record;  ABRE A NOTA
09-10-2023 19:03:38.416Z;functions.waitForImage;  INTEGRAÇÃO BANCÁRIA image found.
09-10-2023 19:03:40.528Z;functions.check_payment_type;  CLICA EM INTEGRAÇÃO BANCÁRIA
09-10-2023 19:03:42.634Z;functions.waitForImage;  BOLETO image found.
09-10-2023 19:03:44.749Z;functions.check_payment_type;  CLICA NO BOLETO
09-10-2023 19:03:46.869Z;functions.waitForImage;  PRESS BUTTON OK image found.
09-10-2023 19:03:48.871Z;functions.check_payment_type;  FORMA DE PAGAMENTO BOLETO - OK
09-10-2023 19:03:50.973Z;functions.waitForImage;  PRESS BUTTON OK image found.
09-10-2023 19:03:53.088Z;functions.check_payment_type;  PRESS BUTTON OK
09-10-2023 19:03:55.238Z;functions.waitForImage;  PRESS BUTTON OK 2 image found.
09-10-2023 19:03:57.375Z;functions.check_payment_type;  PRESS BUTTON OK 2
09-10-2023 19:04:05.495Z;functions.check_table_record;  PRESS BUTTON DOWN
09-10-2023 19:04:07.600Z;functions.check_table_record;  ENTRANDO NO PRÓXIMO BOLETO
09-10-2023 19:04:14.703Z;functions.waitForImage;  INTEGRAÇÃO BANCÁRIA image found.
09-10-2023 19:04:16.822Z;functions.check_payment_type;  CLICA EM INTEGRAÇÃO BANCÁRIA
09-10-2023 19:04:18.921Z;functions.waitForImage;  BOLETO image found.
09-10-2023 19:04:21.044Z;functions.check_payment_type;  CLICA NO BOLETO
09-10-2023 19:04:23.121Z;functions.waitForImage;  PRESS BUTTON OK image found.
09-10-2023 19:04:25.122Z;functions.check_payment_type;  FORMA DE PAGAMENTO BOLETO - OK
09-10-2023 19:04:27.233Z;functions.waitForImage;  PRESS BUTTON OK image found.
09-10-2023 19:04:29.341Z;functions.check_payment_type;  PRESS BUTTON OK
09-10-2023 19:04:31.440Z;functions.waitForImage;  PRESS BUTTON OK 2 image found.
09-10-2023 19:04:33.547Z;functions.check_payment_type;  PRESS BUTTON OK 2
09-10-2023 19:04:41.654Z;functions.check_table_record;  PRESS BUTTON DOWN
09-10-2023 19:04:43.764Z;functions.check_table_record;  ENTRANDO NO PRÓXIMO BOLETO
09-10-2023 19:04:50.899Z;functions.waitForImage;  INTEGRAÇÃO BANCÁRIA image found.
09-10-2023 19:04:53.005Z;functions.check_payment_type;  CLICA EM INTEGRAÇÃO BANCÁRIA
09-10-2023 19:04:55.145Z;functions.waitForImage;  BOLETO image found.
09-10-2023 19:04:57.269Z;functions.check_payment_type;  CLICA NO BOLETO
09-10-2023 19:04:59.355Z;functions.waitForImage;  PRESS BUTTON OK image found.
09-10-2023 19:05:01.357Z;functions.check_payment_type;  FORMA DE PAGAMENTO BOLETO - OK
09-10-2023 19:05:03.452Z;functions.waitForImage;  PRESS BUTTON OK image found.
09-10-2023 19:05:05.570Z;functions.check_payment_type;  PRESS BUTTON OK
09-10-2023 19:05:07.666Z;functions.waitForImage;  PRESS BUTTON OK 2 image found.
09-10-2023 19:05:09.778Z;functions.check_payment_type;  PRESS BUTTON OK 2
09-10-2023 19:05:17.886Z;functions.check_table_record;  PRESS BUTTON DOWN
09-10-2023 19:05:19.994Z;functions.check_table_record;  ENTRANDO NO PRÓXIMO BOLETO
09-10-2023 19:05:27.097Z;functions.waitForImage;  INTEGRAÇÃO BANCÁRIA image found.
09-10-2023 19:05:29.224Z;functions.check_payment_type;  CLICA EM INTEGRAÇÃO BANCÁRIA
09-10-2023 19:05:31.325Z;functions.waitForImage;  BOLETO image found.
09-10-2023 19:05:33.449Z;functions.check_payment_type;  CLICA NO BOLETO
09-10-2023 19:05:35.575Z;functions.waitForImage;  PRESS BUTTON OK image found.
09-10-2023 19:05:37.577Z;functions.check_payment_type;  FORMA DE PAGAMENTO BOLETO - OK
09-10-2023 19:05:39.687Z;functions.waitForImage;  PRESS BUTTON OK image found.
09-10-2023 19:05:41.804Z;functions.check_payment_type;  PRESS BUTTON OK
09-10-2023 19:05:43.917Z;functions.waitForImage;  PRESS BUTTON OK 2 image found.
09-10-2023 19:05:46.022Z;functions.check_payment_type;  PRESS BUTTON OK 2
09-10-2023 19:05:54.130Z;functions.check_table_record;  PRESS BUTTON DOWN
09-10-2023 19:05:56.239Z;functions.check_table_record;  ENTRANDO NO PRÓXIMO BOLETO
09-10-2023 19:06:03.345Z;functions.waitForImage;  INTEGRAÇÃO BANCÁRIA image found.
09-10-2023 19:06:05.465Z;functions.check_payment_type;  CLICA EM INTEGRAÇÃO BANCÁRIA
09-10-2023 19:06:07.607Z;functions.waitForImage;  BOLETO image found.
09-10-2023 19:06:09.713Z;functions.check_payment_type;  CLICA NO BOLETO
09-10-2023 19:06:11.825Z;functions.waitForImage;  PRESS BUTTON OK image found.
09-10-2023 19:06:13.826Z;functions.check_payment_type;  FORMA DE PAGAMENTO BOLETO - OK
09-10-2023 19:06:15.953Z;functions.waitForImage;  PRESS BUTTON OK image found.
09-10-2023 19:06:18.077Z;functions.check_payment_type;  PRESS BUTTON OK
09-10-2023 19:06:20.167Z;functions.waitForImage;  PRESS BUTTON OK 2 image found.
09-10-2023 19:06:22.302Z;functions.check_payment_type;  PRESS BUTTON OK 2
09-10-2023 19:06:30.409Z;functions.check_table_record;  PRESS BUTTON DOWN
09-10-2023 19:06:32.516Z;functions.check_table_record;  ENTRANDO NO PRÓXIMO BOLETO
09-10-2023 19:06:39.640Z;functions.waitForImage;  INTEGRAÇÃO BANCÁRIA image found.
09-10-2023 19:06:41.750Z;functions.check_payment_type;  CLICA EM INTEGRAÇÃO BANCÁRIA
09-10-2023 19:06:54.176Z;functions.waitForImage;  BOLETO image not found.
09-10-2023 19:07:04.658Z;functions.waitForImage;  BOLETO MINUSCULO image not found.
09-10-2023 19:07:04.832Z;functions.waitForImage;  BOLETO MINUSCULO HABILITADO image found.
09-10-2023 19:07:06.965Z;functions.check_payment_type;  CLICA NO BOLETO EM MINUSCULO HABILITADO
09-10-2023 19:07:09.062Z;functions.waitForImage;  PRESS BUTTON OK image found.
09-10-2023 19:07:11.064Z;functions.check_payment_type;  FORMA DE PAGAMENTO BOLETO - OK
09-10-2023 19:07:13.189Z;functions.waitForImage;  PRESS BUTTON OK image found.
09-10-2023 19:07:15.325Z;functions.check_payment_type;  PRESS BUTTON OK
09-10-2023 19:07:17.418Z;functions.waitForImage;  PRESS BUTTON OK 2 image found.
09-10-2023 19:07:19.542Z;functions.check_payment_type;  PRESS BUTTON OK 2
09-10-2023 19:07:27.651Z;functions.check_table_record;  PRESS BUTTON DOWN
09-10-2023 19:07:29.757Z;functions.check_table_record;  ENTRANDO NO PRÓXIMO BOLETO
09-10-2023 19:07:36.879Z;functions.waitForImage;  INTEGRAÇÃO BANCÁRIA image found.
09-10-2023 19:07:39.007Z;functions.check_payment_type;  CLICA EM INTEGRAÇÃO BANCÁRIA
09-10-2023 19:07:41.096Z;functions.waitForImage;  BOLETO image found.
09-10-2023 19:07:43.213Z;functions.check_payment_type;  CLICA NO BOLETO
09-10-2023 19:07:45.365Z;functions.waitForImage;  PRESS BUTTON OK image found.
09-10-2023 19:07:47.367Z;functions.check_payment_type;  FORMA DE PAGAMENTO BOLETO - OK
09-10-2023 19:07:49.489Z;functions.waitForImage;  PRESS BUTTON OK image found.
09-10-2023 19:07:51.614Z;functions.check_payment_type;  PRESS BUTTON OK
09-10-2023 19:07:53.717Z;functions.waitForImage;  PRESS BUTTON OK 2 image found.
09-10-2023 19:07:55.844Z;functions.check_payment_type;  PRESS BUTTON OK 2
09-10-2023 19:08:03.954Z;functions.check_table_record;  PRESS BUTTON DOWN
09-10-2023 19:08:06.062Z;functions.check_table_record;  ENTRANDO NO PRÓXIMO BOLETO
09-10-2023 19:08:13.193Z;functions.waitForImage;  INTEGRAÇÃO BANCÁRIA image found.
09-10-2023 19:08:15.310Z;functions.check_payment_type;  CLICA EM INTEGRAÇÃO BANCÁRIA
09-10-2023 19:08:27.800Z;functions.waitForImage;  BOLETO image not found.
09-10-2023 19:08:38.179Z;functions.waitForImage;  BOLETO MINUSCULO image not found.
09-10-2023 19:08:38.290Z;functions.waitForImage;  BOLETO MINUSCULO HABILITADO image found.
09-10-2023 19:08:40.405Z;functions.check_payment_type;  CLICA NO BOLETO EM MINUSCULO HABILITADO
09-10-2023 19:08:42.479Z;functions.waitForImage;  PRESS BUTTON OK image found.
09-10-2023 19:08:44.479Z;functions.check_payment_type;  FORMA DE PAGAMENTO BOLETO - OK
09-10-2023 19:08:46.564Z;functions.waitForImage;  PRESS BUTTON OK image found.
09-10-2023 19:08:48.676Z;functions.check_payment_type;  PRESS BUTTON OK
09-10-2023 19:08:50.810Z;functions.waitForImage;  PRESS BUTTON OK 2 image found.
09-10-2023 19:08:52.942Z;functions.check_payment_type;  PRESS BUTTON OK 2
09-10-2023 19:08:59.375Z;functions.process_lancamentos;  SELECIONA TODOS OS LANÇAMENTOS PARA SEREM PROCESSADOS
09-10-2023 19:09:04.316Z;functions.process_lancamentos;  CLICA PARA APARECER CONTA/CAIXA
09-10-2023 19:09:05.538Z;functions.process_lancamentos;  SELECIONA CONTA/CAIXA
09-10-2023 19:09:06.665Z;functions.process_lancamentos;  CLICA NO BOTÃO [...]
09-10-2023 19:09:08.525Z;functions.process_lancamentos;  CLICA NO CAMPO PESQUISA E DIGITA: %3212
09-10-2023 19:09:09.465Z;functions.process_lancamentos;  CLICA NO BOTÃO DO FILTRO
09-10-2023 19:09:10.529Z;functions.process_lancamentos;  CLICA NO BOTÃO OK
09-10-2023 19:09:11.488Z;functions.process_lancamentos;  CLICA NO BOTÃO EXECUTAR
09-10-2023 19:09:37.989Z;functions.process_lancamentos;  EXECUÇÃO FINALIZADA
09-10-2023 19:09:38.091Z;functions.waitForImage;  PRESS BUTTON OK image found.
09-10-2023 19:09:40.093Z;functions.process_lancamentos;  O PROCESSAMENTO FOI EXECUTADO COM SUCESSO.
09-10-2023 19:09:42.996Z;functions.process_lancamentos;  CLICK EM FECHAR.
09-10-2023 19:10:24.843Z;functions.proccess_bordero;  CLICA EM BORDERO DE PAGAMENTO
09-10-2023 19:10:25.562Z;functions.proccess_bordero;  CLICA EM INCLUSAO DE BORDERO
09-10-2023 19:10:28.352Z;functions.proccess_bordero;  CLICA EM CONVÊNIO TRÊS PONTINHOS
09-10-2023 19:10:29.998Z;functions.proccess_bordero;  CLICA EM COMBOBOX PARA SELECIONAR O ID DO CONVÊNIO
09-10-2023 19:10:31.453Z;functions.proccess_bordero;  CLICA EM ID DO CONVÊNIO
09-10-2023 19:10:33.557Z;functions.proccess_bordero;  APERTA TAB PARA ESCREVER O ID
09-10-2023 19:10:35.662Z;functions.proccess_bordero;  ESCREVE O ID 7
09-10-2023 19:10:37.765Z;functions.proccess_bordero;  APERTA ENTER PARA SELECIONAR O ID 7 - SISPAG FORNECEDOR
09-10-2023 19:10:39.868Z;functions.proccess_bordero;  APERTA ENTER PARA ESCOLHER O ID 7 - SISPAG FORNECEDOR
09-10-2023 19:10:42.805Z;functions.proccess_bordero;  CLICA EM EXECUTAR NA INCLUSÃO DO BORDÊRO
09-10-2023 19:15:58.817Z;functions.show_exception_and_exit;  
Traceback (most recent call last):
  File "c:\projetos\remessas\main.py", line 22, in <module>
    proccess_bordero()
  File "c:\projetos\remessas\SUBPROGRAMS\functions.py", line 534, in proccess_bordero
    exec_success_process = waitForImage(image = exec_sucesso, timeout=600, name = 'PRESS BUTTON OK')
                           ^^^^^^^^^^^^^^^^^^^^^^^^^^^^^^^^^^^^^^^^^^^^^^^^^^^^^^^^^^^^^^^^^^^^^^^^^
  File "c:\projetos\remessas\SUBPROGRAMS\functions.py", line 639, in waitForImage
    time.sleep(0.5)
KeyboardInterrupt
