06-10-2023 17:07:37.660Z;functions.bot_text_art;      ____   
06-10-2023 17:07:37.662Z;functions.bot_text_art;     [____]    
06-10-2023 17:07:37.663Z;functions.bot_text_art;   |=]()()[=|  
06-10-2023 17:07:37.663Z;functions.bot_text_art;     _\==/__    _____    ____     _        _____    ___   _  __
06-10-2023 17:07:37.664Z;functions.bot_text_art;   |__|   |_|  |  _  \  / ___|   | |      |_   _| / ___| | |/ /
06-10-2023 17:07:37.664Z;functions.bot_text_art;   |_|_/\_|_|  | |  | | | |      | |        | |   | |    | ' / 
06-10-2023 17:07:37.665Z;functions.bot_text_art;   | | __ | |  | |  | | | |      | |        | |   | |    |  <  
06-10-2023 17:07:37.666Z;functions.bot_text_art;   |_|[  ]|_|  | |__| | | |____  | |____   _| |_  | |__  | . \ 
06-10-2023 17:07:37.667Z;functions.bot_text_art;   \_|_||_|_/  |_____/   \_____| |______| |_____| \ ___| |_|\_\
06-10-2023 17:07:37.667Z;functions.bot_text_art;     |_||_|                                                     
06-10-2023 17:07:37.668Z;functions.bot_text_art;     | ||_|_   
06-10-2023 17:07:37.668Z;functions.bot_text_art;   |___||___|  
06-10-2023 17:07:37.669Z;functions.bot_text_art;               
06-10-2023 17:07:38.019Z;functions.open_RM;  OPEN PROGRAM RM
06-10-2023 17:07:51.193Z;functions.loggin_RM;  ENTER USER_NAME
06-10-2023 17:07:52.273Z;functions.loggin_RM;  ENTER PASSWORD
06-10-2023 17:07:53.170Z;functions.loggin_RM;  ENTER RM
06-10-2023 17:08:30.404Z;functions.enter_coligada;  CLICK CONTEXTO
06-10-2023 17:08:34.955Z;functions.enter_coligada;  CLICK COLIGADA 1
06-10-2023 17:08:36.865Z;functions.enter_coligada;  CLICK AVANÇAR
06-10-2023 17:08:39.165Z;functions.enter_coligada;  INSERE O COLIGADA CODE = 1
06-10-2023 17:08:39.271Z;functions.enter_coligada;  APERTA TAB PARA PREENCHER O CAMPO COM A STRING: OCEANICA ENGENHARIA E CONSULTORIA S.A.
06-10-2023 17:08:40.683Z;functions.enter_coligada;  CLICK AVANÇAR NOVAMENTE
06-10-2023 17:08:41.669Z;functions.enter_coligada;  CLICK CONCLUIR
06-10-2023 17:08:57.462Z;functions.enter_coligada;  POP UP COLIGADA DESAPARECER
06-10-2023 17:08:58.171Z;functions.enter_contas_a_pagar;  CLICK - TOTVS - LINHA RM
06-10-2023 17:08:59.566Z;functions.enter_contas_a_pagar;  CLICK - BACK OFFICE
06-10-2023 17:09:02.057Z;functions.enter_contas_a_pagar;  CLICK - GESTAO FINANCEIRA
06-10-2023 17:09:08.119Z;functions.enter_contas_a_pagar;  CLICK - CONTAS A PAGAR
06-10-2023 17:09:08.904Z;functions.waitForImage;  LANÇAMENTOS image found.
06-10-2023 17:09:11.040Z;functions.enter_contas_a_pagar;  CLICA EM LANÇAMENTOS
06-10-2023 17:09:13.043Z;functions.data_filter;  CLICK - SELECIONA A DATA DE QUARTA FEIRA E DA PROXIMA TERÇA
06-10-2023 17:09:13.044Z;functions.data_filter;  QUARTA-FEIRA: 04-10-2023
06-10-2023 17:09:13.045Z;functions.data_filter;  TERCA-FEIRA: 10-10-2023
06-10-2023 17:09:21.932Z;functions.data_filter;  ESCREVE REMESSA BANCÁRIA NO FILTRO
06-10-2023 17:09:22.702Z;functions.data_filter;  CLICK - BUTÃO DE SELECAO DE FILTRO
06-10-2023 17:09:25.100Z;functions.data_filter;  INSERE - DATA DE QUARTA-FEIRA: 04-10-2023
06-10-2023 17:09:27.073Z;functions.data_filter;  INSERE - DATA DA PROX TERCA-FEIRA: 10-10-2023
06-10-2023 17:09:27.890Z;functions.data_filter;  CLICK - BUTÃO DE EXECUTAR O FILTRO
06-10-2023 17:09:43.172Z;functions.waitForImage;  FILTER CLEAN image not found.
06-10-2023 17:10:00.274Z;functions.select_tipo_documento;  NOME DA COLUNA: Tipo de Documento
06-10-2023 17:10:01.734Z;functions.select_tipo_documento;  HOVER NOME DA COLUNA: Tipo de Documento
06-10-2023 17:10:01.867Z;functions.select_tipo_documento;  CLICA PARA APARECER O FILTRO PERSONALIZAR
06-10-2023 17:10:02.258Z;functions.select_tipo_documento;  CLICA NO FILTRO PERSONALIZAR
06-10-2023 17:10:03.913Z;functions.select_tipo_documento;  CLICA PARA SELECIONAR OPÇÕES DO FILTRO
06-10-2023 17:10:11.234Z;functions.select_tipo_documento;  CLICK BUTTON CONFIRMAR FILTRO
06-10-2023 17:10:12.988Z;functions.desmark_filter;  CLICK CHECKBOX LANÇAMENTOS A RECEBER
06-10-2023 17:10:14.225Z;functions.desmark_filter;  CLICK CHECKBOX LANÇAMENTOS BAIXADOS
06-10-2023 17:10:15.675Z;functions.desmark_filter;  CLICK CHECKBOX LANÇAMENTOS CANCELADOS
06-10-2023 17:10:17.335Z;functions.desmark_filter;  CLICK CHECKBOX LANÇAMENTOS FATURADOS
06-10-2023 17:10:18.838Z;functions.desmark_filter;  CLICK CHECKBOX LANÇAMENTOS FATURADOS
06-10-2023 17:10:20.128Z;functions.filter_IPTE;  CLICK NA PRIMEIRA LINHA E COLUNA DA TABELA
06-10-2023 17:10:35.091Z;functions.filter_IPTE;  147 PASSOS PARA DIREITA NA TABELA >>
06-10-2023 17:10:38.744Z;functions.filter_IPTE;  HOVER FILTER
06-10-2023 17:10:38.863Z;functions.filter_IPTE;  CLICK FILTER
06-10-2023 17:10:43.195Z;functions.filter_IPTE;  CLICA NO FILTRO PERSONALIZAR
06-10-2023 17:10:50.216Z;functions.check_table_record;  APERTA NÃO
06-10-2023 17:10:51.565Z;functions.check_table_record;  ABRE A NOTA
06-10-2023 17:11:04.353Z;functions.waitForImage;  INTEGRAÇÃO BANCÁRIA image found.
06-10-2023 17:11:06.481Z;functions.check_payment_type;  CLICA EM INTEGRAÇÃO BANCÁRIA
06-10-2023 17:11:17.207Z;functions.show_exception_and_exit;  
Traceback (most recent call last):
  File "c:\projetos\remessas\main.py", line 20, in <module>
    check_table_record()
  File "c:\projetos\remessas\SUBPROGRAMS\functions.py", line 329, in check_table_record
    check_payment_type()
  File "c:\projetos\remessas\SUBPROGRAMS\functions.py", line 363, in check_payment_type
    time.sleep(2)
KeyboardInterrupt
