06-10-2023 17:33:45.139Z;functions.bot_text_art;      ____   
06-10-2023 17:33:45.139Z;functions.bot_text_art;     [____]    
06-10-2023 17:33:45.140Z;functions.bot_text_art;   |=]()()[=|  
06-10-2023 17:33:45.140Z;functions.bot_text_art;     _\==/__    _____    ____     _        _____    ___   _  __
06-10-2023 17:33:45.140Z;functions.bot_text_art;   |__|   |_|  |  _  \  / ___|   | |      |_   _| / ___| | |/ /
06-10-2023 17:33:45.141Z;functions.bot_text_art;   |_|_/\_|_|  | |  | | | |      | |        | |   | |    | ' / 
06-10-2023 17:33:45.141Z;functions.bot_text_art;   | | __ | |  | |  | | | |      | |        | |   | |    |  <  
06-10-2023 17:33:45.142Z;functions.bot_text_art;   |_|[  ]|_|  | |__| | | |____  | |____   _| |_  | |__  | . \ 
06-10-2023 17:33:45.143Z;functions.bot_text_art;   \_|_||_|_/  |_____/   \_____| |______| |_____| \ ___| |_|\_\
06-10-2023 17:33:45.144Z;functions.bot_text_art;     |_||_|                                                     
06-10-2023 17:33:45.145Z;functions.bot_text_art;     | ||_|_   
06-10-2023 17:33:45.145Z;functions.bot_text_art;   |___||___|  
06-10-2023 17:33:45.145Z;functions.bot_text_art;               
06-10-2023 17:33:45.152Z;functions.open_RM;  OPEN PROGRAM RM
06-10-2023 17:33:53.734Z;functions.loggin_RM;  ENTER USER_NAME
06-10-2023 17:33:54.874Z;functions.loggin_RM;  ENTER PASSWORD
06-10-2023 17:33:55.852Z;functions.loggin_RM;  ENTER RM
06-10-2023 17:34:18.654Z;functions.enter_coligada;  CLICK CONTEXTO
06-10-2023 17:34:23.199Z;functions.enter_coligada;  CLICK COLIGADA 1
06-10-2023 17:34:24.896Z;functions.enter_coligada;  CLICK AVANÇAR
06-10-2023 17:34:27.014Z;functions.enter_coligada;  INSERE O COLIGADA CODE = 1
06-10-2023 17:34:27.116Z;functions.enter_coligada;  APERTA TAB PARA PREENCHER O CAMPO COM A STRING: OCEANICA ENGENHARIA E CONSULTORIA S.A.
06-10-2023 17:34:28.270Z;functions.enter_coligada;  CLICK AVANÇAR NOVAMENTE
06-10-2023 17:34:29.238Z;functions.enter_coligada;  CLICK CONCLUIR
06-10-2023 17:34:44.200Z;functions.enter_coligada;  POP UP COLIGADA DESAPARECER
06-10-2023 17:34:44.872Z;functions.enter_contas_a_pagar;  CLICK - TOTVS - LINHA RM
06-10-2023 17:34:46.078Z;functions.enter_contas_a_pagar;  CLICK - BACK OFFICE
06-10-2023 17:34:48.550Z;functions.enter_contas_a_pagar;  CLICK - GESTAO FINANCEIRA
06-10-2023 17:34:54.210Z;functions.enter_contas_a_pagar;  CLICK - CONTAS A PAGAR
06-10-2023 17:34:54.914Z;functions.waitForImage;  LANÇAMENTOS image found.
06-10-2023 17:34:57.020Z;functions.enter_contas_a_pagar;  CLICA EM LANÇAMENTOS
06-10-2023 17:34:59.023Z;functions.data_filter;  CLICK - SELECIONA A DATA DE QUARTA FEIRA E DA PROXIMA TERÇA
06-10-2023 17:34:59.024Z;functions.data_filter;  QUARTA-FEIRA: 04-10-2023
06-10-2023 17:34:59.025Z;functions.data_filter;  TERCA-FEIRA: 10-10-2023
06-10-2023 17:35:06.076Z;functions.data_filter;  ESCREVE REMESSA BANCÁRIA NO FILTRO
06-10-2023 17:35:06.863Z;functions.data_filter;  CLICK - BUTÃO DE SELECAO DE FILTRO
06-10-2023 17:35:09.349Z;functions.data_filter;  INSERE - DATA DE QUARTA-FEIRA: 04-10-2023
06-10-2023 17:35:11.228Z;functions.data_filter;  INSERE - DATA DA PROX TERCA-FEIRA: 10-10-2023
06-10-2023 17:35:12.153Z;functions.data_filter;  CLICK - BUTÃO DE EXECUTAR O FILTRO
06-10-2023 17:35:27.531Z;functions.waitForImage;  FILTER CLEAN image not found.
06-10-2023 17:35:44.899Z;functions.select_tipo_documento;  NOME DA COLUNA: Tipo de Documento
06-10-2023 17:35:46.468Z;functions.select_tipo_documento;  HOVER NOME DA COLUNA: Tipo de Documento
06-10-2023 17:35:46.601Z;functions.select_tipo_documento;  CLICA PARA APARECER O FILTRO PERSONALIZAR
06-10-2023 17:35:46.930Z;functions.select_tipo_documento;  CLICA NO FILTRO PERSONALIZAR
06-10-2023 17:35:48.491Z;functions.select_tipo_documento;  CLICA PARA SELECIONAR OPÇÕES DO FILTRO
