06-10-2023 17:39:57.477Z;functions.bot_text_art;      ____   
06-10-2023 17:39:57.478Z;functions.bot_text_art;     [____]    
06-10-2023 17:39:57.478Z;functions.bot_text_art;   |=]()()[=|  
06-10-2023 17:39:57.478Z;functions.bot_text_art;     _\==/__    _____    ____     _        _____    ___   _  __
06-10-2023 17:39:57.479Z;functions.bot_text_art;   |__|   |_|  |  _  \  / ___|   | |      |_   _| / ___| | |/ /
06-10-2023 17:39:57.479Z;functions.bot_text_art;   |_|_/\_|_|  | |  | | | |      | |        | |   | |    | ' / 
06-10-2023 17:39:57.480Z;functions.bot_text_art;   | | __ | |  | |  | | | |      | |        | |   | |    |  <  
06-10-2023 17:39:57.481Z;functions.bot_text_art;   |_|[  ]|_|  | |__| | | |____  | |____   _| |_  | |__  | . \ 
06-10-2023 17:39:57.482Z;functions.bot_text_art;   \_|_||_|_/  |_____/   \_____| |______| |_____| \ ___| |_|\_\
06-10-2023 17:39:57.483Z;functions.bot_text_art;     |_||_|                                                     
06-10-2023 17:39:57.484Z;functions.bot_text_art;     | ||_|_   
06-10-2023 17:39:57.484Z;functions.bot_text_art;   |___||___|  
06-10-2023 17:39:57.485Z;functions.bot_text_art;               
06-10-2023 17:39:57.490Z;functions.open_RM;  OPEN PROGRAM RM
06-10-2023 17:40:06.165Z;functions.loggin_RM;  ENTER USER_NAME
06-10-2023 17:40:07.299Z;functions.loggin_RM;  ENTER PASSWORD
06-10-2023 17:40:08.300Z;functions.loggin_RM;  ENTER RM
06-10-2023 17:40:31.998Z;functions.enter_coligada;  CLICK CONTEXTO
06-10-2023 17:40:36.421Z;functions.enter_coligada;  CLICK COLIGADA 1
06-10-2023 17:40:38.115Z;functions.enter_coligada;  CLICK AVANÇAR
06-10-2023 17:40:40.225Z;functions.enter_coligada;  INSERE O COLIGADA CODE = 1
06-10-2023 17:40:40.328Z;functions.enter_coligada;  APERTA TAB PARA PREENCHER O CAMPO COM A STRING: OCEANICA ENGENHARIA E CONSULTORIA S.A.
06-10-2023 17:40:41.232Z;functions.enter_coligada;  CLICK AVANÇAR NOVAMENTE
06-10-2023 17:40:42.277Z;functions.enter_coligada;  CLICK CONCLUIR
06-10-2023 17:40:57.229Z;functions.enter_coligada;  POP UP COLIGADA DESAPARECER
06-10-2023 17:40:57.936Z;functions.enter_contas_a_pagar;  CLICK - TOTVS - LINHA RM
06-10-2023 17:40:59.346Z;functions.enter_contas_a_pagar;  CLICK - BACK OFFICE
06-10-2023 17:41:01.886Z;functions.enter_contas_a_pagar;  CLICK - GESTAO FINANCEIRA
06-10-2023 17:41:07.405Z;functions.enter_contas_a_pagar;  CLICK - CONTAS A PAGAR
06-10-2023 17:41:08.127Z;functions.waitForImage;  LANÇAMENTOS image found.
06-10-2023 17:41:10.241Z;functions.enter_contas_a_pagar;  CLICA EM LANÇAMENTOS
06-10-2023 17:41:12.243Z;functions.data_filter;  CLICK - SELECIONA A DATA DE QUARTA FEIRA E DA PROXIMA TERÇA
06-10-2023 17:41:12.245Z;functions.data_filter;  QUARTA-FEIRA: 04-10-2023
06-10-2023 17:41:12.246Z;functions.data_filter;  TERCA-FEIRA: 10-10-2023
06-10-2023 17:41:18.996Z;functions.data_filter;  ESCREVE REMESSA BANCÁRIA NO FILTRO
06-10-2023 17:41:19.805Z;functions.data_filter;  CLICK - BUTÃO DE SELECAO DE FILTRO
06-10-2023 17:41:22.324Z;functions.data_filter;  INSERE - DATA DE QUARTA-FEIRA: 04-10-2023
06-10-2023 17:41:24.287Z;functions.data_filter;  INSERE - DATA DA PROX TERCA-FEIRA: 10-10-2023
06-10-2023 17:41:25.069Z;functions.data_filter;  CLICK - BUTÃO DE EXECUTAR O FILTRO
06-10-2023 17:41:40.241Z;functions.waitForImage;  FILTER CLEAN image not found.
06-10-2023 17:41:57.780Z;functions.select_tipo_documento;  NOME DA COLUNA: Tipo de Documento
06-10-2023 17:41:59.372Z;functions.select_tipo_documento;  HOVER NOME DA COLUNA: Tipo de Documento
06-10-2023 17:41:59.505Z;functions.select_tipo_documento;  CLICA PARA APARECER O FILTRO PERSONALIZAR
06-10-2023 17:41:59.826Z;functions.select_tipo_documento;  CLICA NO FILTRO PERSONALIZAR
06-10-2023 17:42:01.416Z;functions.select_tipo_documento;  CLICA PARA SELECIONAR OPÇÕES DO FILTRO
06-10-2023 17:42:08.707Z;functions.select_tipo_documento;  CLICK BUTTON CONFIRMAR FILTRO
06-10-2023 17:42:10.521Z;functions.desmark_filter;  CLICK CHECKBOX LANÇAMENTOS A RECEBER
06-10-2023 17:42:11.805Z;functions.desmark_filter;  CLICK CHECKBOX LANÇAMENTOS BAIXADOS
06-10-2023 17:42:13.230Z;functions.desmark_filter;  CLICK CHECKBOX LANÇAMENTOS CANCELADOS
06-10-2023 17:42:14.720Z;functions.desmark_filter;  CLICK CHECKBOX LANÇAMENTOS FATURADOS
06-10-2023 17:42:16.177Z;functions.desmark_filter;  CLICK CHECKBOX LANÇAMENTOS FATURADOS
06-10-2023 17:42:17.532Z;functions.filter_IPTE;  CLICK NA PRIMEIRA LINHA E COLUNA DA TABELA
06-10-2023 17:42:32.539Z;functions.filter_IPTE;  147 PASSOS PARA DIREITA NA TABELA >>
06-10-2023 17:42:36.001Z;functions.filter_IPTE;  HOVER FILTER
06-10-2023 17:42:36.135Z;functions.filter_IPTE;  CLICK FILTER
06-10-2023 17:42:40.485Z;functions.filter_IPTE;  CLICA NO FILTRO PERSONALIZAR
06-10-2023 17:42:47.501Z;functions.check_table_record;  APERTA NÃO
06-10-2023 17:42:48.899Z;functions.check_table_record;  ABRE A NOTA
06-10-2023 17:42:57.004Z;functions.waitForImage;  INTEGRAÇÃO BANCÁRIA image found.
06-10-2023 17:42:59.119Z;functions.check_payment_type;  CLICA EM INTEGRAÇÃO BANCÁRIA
