06-10-2023 17:43:34.839Z;functions.bot_text_art;      ____   
06-10-2023 17:43:34.840Z;functions.bot_text_art;     [____]    
06-10-2023 17:43:34.841Z;functions.bot_text_art;   |=]()()[=|  
06-10-2023 17:43:34.841Z;functions.bot_text_art;     _\==/__    _____    ____     _        _____    ___   _  __
06-10-2023 17:43:34.841Z;functions.bot_text_art;   |__|   |_|  |  _  \  / ___|   | |      |_   _| / ___| | |/ /
06-10-2023 17:43:34.841Z;functions.bot_text_art;   |_|_/\_|_|  | |  | | | |      | |        | |   | |    | ' / 
06-10-2023 17:43:34.842Z;functions.bot_text_art;   | | __ | |  | |  | | | |      | |        | |   | |    |  <  
06-10-2023 17:43:34.843Z;functions.bot_text_art;   |_|[  ]|_|  | |__| | | |____  | |____   _| |_  | |__  | . \ 
06-10-2023 17:43:34.845Z;functions.bot_text_art;   \_|_||_|_/  |_____/   \_____| |______| |_____| \ ___| |_|\_\
06-10-2023 17:43:34.846Z;functions.bot_text_art;     |_||_|                                                     
06-10-2023 17:43:34.847Z;functions.bot_text_art;     | ||_|_   
06-10-2023 17:43:34.847Z;functions.bot_text_art;   |___||___|  
06-10-2023 17:43:34.848Z;functions.bot_text_art;               
06-10-2023 17:43:34.856Z;functions.open_RM;  OPEN PROGRAM RM
06-10-2023 17:43:43.471Z;functions.loggin_RM;  ENTER USER_NAME
06-10-2023 17:43:44.651Z;functions.loggin_RM;  ENTER PASSWORD
06-10-2023 17:43:45.612Z;functions.loggin_RM;  ENTER RM
06-10-2023 17:44:08.060Z;functions.enter_coligada;  CLICK CONTEXTO
06-10-2023 17:44:12.395Z;functions.enter_coligada;  CLICK COLIGADA 1
06-10-2023 17:44:14.092Z;functions.enter_coligada;  CLICK AVANÇAR
06-10-2023 17:44:16.132Z;functions.enter_coligada;  INSERE O COLIGADA CODE = 1
06-10-2023 17:44:16.235Z;functions.enter_coligada;  APERTA TAB PARA PREENCHER O CAMPO COM A STRING: OCEANICA ENGENHARIA E CONSULTORIA S.A.
06-10-2023 17:44:17.223Z;functions.enter_coligada;  CLICK AVANÇAR NOVAMENTE
06-10-2023 17:44:18.274Z;functions.enter_coligada;  CLICK CONCLUIR
06-10-2023 17:44:32.775Z;functions.enter_coligada;  POP UP COLIGADA DESAPARECER
06-10-2023 17:44:33.491Z;functions.enter_contas_a_pagar;  CLICK - TOTVS - LINHA RM
06-10-2023 17:44:34.857Z;functions.enter_contas_a_pagar;  CLICK - BACK OFFICE
06-10-2023 17:44:35.669Z;functions.enter_contas_a_pagar;  CLICK - GESTAO FINANCEIRA
06-10-2023 17:44:41.400Z;functions.enter_contas_a_pagar;  CLICK - CONTAS A PAGAR
06-10-2023 17:44:42.085Z;functions.waitForImage;  LANÇAMENTOS image found.
06-10-2023 17:44:44.205Z;functions.enter_contas_a_pagar;  CLICA EM LANÇAMENTOS
06-10-2023 17:44:46.210Z;functions.data_filter;  CLICK - SELECIONA A DATA DE QUARTA FEIRA E DA PROXIMA TERÇA
06-10-2023 17:44:46.211Z;functions.data_filter;  QUARTA-FEIRA: 04-10-2023
06-10-2023 17:44:46.212Z;functions.data_filter;  TERCA-FEIRA: 10-10-2023
06-10-2023 17:44:53.231Z;functions.data_filter;  ESCREVE REMESSA BANCÁRIA NO FILTRO
06-10-2023 17:44:54.033Z;functions.data_filter;  CLICK - BUTÃO DE SELECAO DE FILTRO
06-10-2023 17:44:56.462Z;functions.data_filter;  INSERE - DATA DE QUARTA-FEIRA: 04-10-2023
06-10-2023 17:44:58.429Z;functions.data_filter;  INSERE - DATA DA PROX TERCA-FEIRA: 10-10-2023
06-10-2023 17:44:59.225Z;functions.data_filter;  CLICK - BUTÃO DE EXECUTAR O FILTRO
06-10-2023 17:45:14.279Z;functions.waitForImage;  FILTER CLEAN image not found.
06-10-2023 17:45:33.164Z;functions.select_tipo_documento;  NOME DA COLUNA: Tipo de Documento
06-10-2023 17:45:34.727Z;functions.select_tipo_documento;  HOVER NOME DA COLUNA: Tipo de Documento
06-10-2023 17:45:34.866Z;functions.select_tipo_documento;  CLICA PARA APARECER O FILTRO PERSONALIZAR
06-10-2023 17:45:35.185Z;functions.select_tipo_documento;  CLICA NO FILTRO PERSONALIZAR
06-10-2023 17:45:36.590Z;functions.select_tipo_documento;  CLICA PARA SELECIONAR OPÇÕES DO FILTRO
06-10-2023 17:45:43.916Z;functions.select_tipo_documento;  CLICK BUTTON CONFIRMAR FILTRO
06-10-2023 17:45:45.367Z;functions.desmark_filter;  CLICK CHECKBOX LANÇAMENTOS A RECEBER
06-10-2023 17:45:46.545Z;functions.desmark_filter;  CLICK CHECKBOX LANÇAMENTOS BAIXADOS
06-10-2023 17:45:47.806Z;functions.desmark_filter;  CLICK CHECKBOX LANÇAMENTOS CANCELADOS
06-10-2023 17:45:49.258Z;functions.desmark_filter;  CLICK CHECKBOX LANÇAMENTOS FATURADOS
06-10-2023 17:45:50.615Z;functions.desmark_filter;  CLICK CHECKBOX LANÇAMENTOS FATURADOS
06-10-2023 17:45:51.875Z;functions.filter_IPTE;  CLICK NA PRIMEIRA LINHA E COLUNA DA TABELA
06-10-2023 17:46:06.898Z;functions.filter_IPTE;  147 PASSOS PARA DIREITA NA TABELA >>
06-10-2023 17:46:10.210Z;functions.filter_IPTE;  HOVER FILTER
06-10-2023 17:46:10.343Z;functions.filter_IPTE;  CLICK FILTER
06-10-2023 17:46:14.698Z;functions.filter_IPTE;  CLICA NO FILTRO PERSONALIZAR
06-10-2023 17:46:21.726Z;functions.check_table_record;  APERTA NÃO
06-10-2023 17:46:22.913Z;functions.check_table_record;  ABRE A NOTA
06-10-2023 17:46:29.201Z;functions.waitForImage;  INTEGRAÇÃO BANCÁRIA image found.
06-10-2023 17:46:31.313Z;functions.check_payment_type;  CLICA EM INTEGRAÇÃO BANCÁRIA
06-10-2023 17:46:40.540Z;functions.show_exception_and_exit;  
Traceback (most recent call last):
  File "c:\projetos\remessas\main.py", line 20, in <module>
    check_table_record()
  File "c:\projetos\remessas\SUBPROGRAMS\functions.py", line 329, in check_table_record
    check_payment_type()
  File "c:\projetos\remessas\SUBPROGRAMS\functions.py", line 361, in check_payment_type
    select_boleto = waitForImage(image = boleto, timeout=10, name = 'BOLETO')
                    ^^^^^^^^^^^^^^^^^^^^^^^^^^^^^^^^^^^^^^^^^^^^^^^^^^^^^^^^^
  File "c:\projetos\remessas\SUBPROGRAMS\functions.py", line 599, in waitForImage
    time.sleep(0.5)
KeyboardInterrupt
