06-10-2023 17:50:39.306Z;functions.bot_text_art;      ____   
06-10-2023 17:50:39.306Z;functions.bot_text_art;     [____]    
06-10-2023 17:50:39.307Z;functions.bot_text_art;   |=]()()[=|  
06-10-2023 17:50:39.307Z;functions.bot_text_art;     _\==/__    _____    ____     _        _____    ___   _  __
06-10-2023 17:50:39.307Z;functions.bot_text_art;   |__|   |_|  |  _  \  / ___|   | |      |_   _| / ___| | |/ /
06-10-2023 17:50:39.307Z;functions.bot_text_art;   |_|_/\_|_|  | |  | | | |      | |        | |   | |    | ' / 
06-10-2023 17:50:39.308Z;functions.bot_text_art;   | | __ | |  | |  | | | |      | |        | |   | |    |  <  
06-10-2023 17:50:39.309Z;functions.bot_text_art;   |_|[  ]|_|  | |__| | | |____  | |____   _| |_  | |__  | . \ 
06-10-2023 17:50:39.310Z;functions.bot_text_art;   \_|_||_|_/  |_____/   \_____| |______| |_____| \ ___| |_|\_\
06-10-2023 17:50:39.310Z;functions.bot_text_art;     |_||_|                                                     
06-10-2023 17:50:39.311Z;functions.bot_text_art;     | ||_|_   
06-10-2023 17:50:39.311Z;functions.bot_text_art;   |___||___|  
06-10-2023 17:50:39.311Z;functions.bot_text_art;               
06-10-2023 17:50:39.318Z;functions.open_RM;  OPEN PROGRAM RM
06-10-2023 17:50:47.916Z;functions.loggin_RM;  ENTER USER_NAME
06-10-2023 17:50:49.091Z;functions.loggin_RM;  ENTER PASSWORD
06-10-2023 17:50:50.008Z;functions.loggin_RM;  ENTER RM
06-10-2023 17:51:13.798Z;functions.enter_coligada;  CLICK CONTEXTO
06-10-2023 17:51:18.176Z;functions.enter_coligada;  CLICK COLIGADA 1
06-10-2023 17:51:19.896Z;functions.enter_coligada;  CLICK AVANÇAR
06-10-2023 17:51:21.949Z;functions.enter_coligada;  INSERE O COLIGADA CODE = 1
06-10-2023 17:51:22.052Z;functions.enter_coligada;  APERTA TAB PARA PREENCHER O CAMPO COM A STRING: OCEANICA ENGENHARIA E CONSULTORIA S.A.
06-10-2023 17:51:22.972Z;functions.enter_coligada;  CLICK AVANÇAR NOVAMENTE
06-10-2023 17:51:23.918Z;functions.enter_coligada;  CLICK CONCLUIR
06-10-2023 17:51:39.951Z;functions.enter_coligada;  POP UP COLIGADA DESAPARECER
06-10-2023 17:51:40.660Z;functions.enter_contas_a_pagar;  CLICK - TOTVS - LINHA RM
06-10-2023 17:51:42.002Z;functions.enter_contas_a_pagar;  CLICK - BACK OFFICE
06-10-2023 17:51:44.535Z;functions.enter_contas_a_pagar;  CLICK - GESTAO FINANCEIRA
06-10-2023 17:51:50.410Z;functions.enter_contas_a_pagar;  CLICK - CONTAS A PAGAR
06-10-2023 17:51:51.207Z;functions.waitForImage;  LANÇAMENTOS image found.
06-10-2023 17:51:53.338Z;functions.enter_contas_a_pagar;  CLICA EM LANÇAMENTOS
06-10-2023 17:51:55.341Z;functions.data_filter;  CLICK - SELECIONA A DATA DE QUARTA FEIRA E DA PROXIMA TERÇA
06-10-2023 17:51:55.342Z;functions.data_filter;  QUARTA-FEIRA: 04-10-2023
06-10-2023 17:51:55.343Z;functions.data_filter;  TERCA-FEIRA: 10-10-2023
06-10-2023 17:52:02.179Z;functions.data_filter;  ESCREVE REMESSA BANCÁRIA NO FILTRO
06-10-2023 17:52:02.938Z;functions.data_filter;  CLICK - BUTÃO DE SELECAO DE FILTRO
06-10-2023 17:52:05.241Z;functions.data_filter;  INSERE - DATA DE QUARTA-FEIRA: 04-10-2023
06-10-2023 17:52:07.129Z;functions.data_filter;  INSERE - DATA DA PROX TERCA-FEIRA: 10-10-2023
06-10-2023 17:52:08.007Z;functions.data_filter;  CLICK - BUTÃO DE EXECUTAR O FILTRO
06-10-2023 17:52:23.283Z;functions.waitForImage;  FILTER CLEAN image not found.
06-10-2023 17:52:41.883Z;functions.select_tipo_documento;  NOME DA COLUNA: Tipo de Documento
06-10-2023 17:52:43.461Z;functions.select_tipo_documento;  HOVER NOME DA COLUNA: Tipo de Documento
06-10-2023 17:52:43.610Z;functions.select_tipo_documento;  CLICA PARA APARECER O FILTRO PERSONALIZAR
06-10-2023 17:52:43.986Z;functions.select_tipo_documento;  CLICA NO FILTRO PERSONALIZAR
06-10-2023 17:52:45.342Z;functions.select_tipo_documento;  CLICA PARA SELECIONAR OPÇÕES DO FILTRO
06-10-2023 17:52:52.691Z;functions.select_tipo_documento;  CLICK BUTTON CONFIRMAR FILTRO
06-10-2023 17:52:54.440Z;functions.desmark_filter;  CLICK CHECKBOX LANÇAMENTOS A RECEBER
06-10-2023 17:52:55.591Z;functions.desmark_filter;  CLICK CHECKBOX LANÇAMENTOS BAIXADOS
06-10-2023 17:52:56.873Z;functions.desmark_filter;  CLICK CHECKBOX LANÇAMENTOS CANCELADOS
06-10-2023 17:52:58.338Z;functions.desmark_filter;  CLICK CHECKBOX LANÇAMENTOS FATURADOS
06-10-2023 17:53:00.069Z;functions.desmark_filter;  CLICK CHECKBOX LANÇAMENTOS FATURADOS
06-10-2023 17:53:01.469Z;functions.filter_IPTE;  CLICK NA PRIMEIRA LINHA E COLUNA DA TABELA
06-10-2023 17:53:16.474Z;functions.filter_IPTE;  147 PASSOS PARA DIREITA NA TABELA >>
06-10-2023 17:53:20.113Z;functions.filter_IPTE;  HOVER FILTER
06-10-2023 17:53:20.248Z;functions.filter_IPTE;  CLICK FILTER
06-10-2023 17:53:24.607Z;functions.filter_IPTE;  CLICA NO FILTRO PERSONALIZAR
06-10-2023 17:53:31.701Z;functions.check_table_record;  APERTA NÃO
06-10-2023 17:53:33.040Z;functions.check_table_record;  ABRE A NOTA
06-10-2023 17:53:39.940Z;functions.waitForImage;  INTEGRAÇÃO BANCÁRIA image found.
06-10-2023 17:53:42.055Z;functions.check_payment_type;  CLICA EM INTEGRAÇÃO BANCÁRIA
06-10-2023 17:53:54.396Z;functions.waitForImage;  BOLETO image not found.
06-10-2023 17:54:04.721Z;functions.waitForImage;  BOLETO image not found.
06-10-2023 17:54:11.673Z;functions.show_exception_and_exit;  
Traceback (most recent call last):
  File "c:\projetos\remessas\main.py", line 20, in <module>
    check_table_record()
  File "c:\projetos\remessas\SUBPROGRAMS\functions.py", line 329, in check_table_record
    check_payment_type()
  File "c:\projetos\remessas\SUBPROGRAMS\functions.py", line 380, in check_payment_type
    time.sleep(2)
KeyboardInterrupt
