06-10-2023 17:58:55.312Z;functions.bot_text_art;      ____   
06-10-2023 17:58:55.313Z;functions.bot_text_art;     [____]    
06-10-2023 17:58:55.313Z;functions.bot_text_art;   |=]()()[=|  
06-10-2023 17:58:55.313Z;functions.bot_text_art;     _\==/__    _____    ____     _        _____    ___   _  __
06-10-2023 17:58:55.313Z;functions.bot_text_art;   |__|   |_|  |  _  \  / ___|   | |      |_   _| / ___| | |/ /
06-10-2023 17:58:55.314Z;functions.bot_text_art;   |_|_/\_|_|  | |  | | | |      | |        | |   | |    | ' / 
06-10-2023 17:58:55.314Z;functions.bot_text_art;   | | __ | |  | |  | | | |      | |        | |   | |    |  <  
06-10-2023 17:58:55.315Z;functions.bot_text_art;   |_|[  ]|_|  | |__| | | |____  | |____   _| |_  | |__  | . \ 
06-10-2023 17:58:55.316Z;functions.bot_text_art;   \_|_||_|_/  |_____/   \_____| |______| |_____| \ ___| |_|\_\
06-10-2023 17:58:55.316Z;functions.bot_text_art;     |_||_|                                                     
06-10-2023 17:58:55.317Z;functions.bot_text_art;     | ||_|_   
06-10-2023 17:58:55.317Z;functions.bot_text_art;   |___||___|  
06-10-2023 17:58:55.318Z;functions.bot_text_art;               
06-10-2023 17:58:55.324Z;functions.open_RM;  OPEN PROGRAM RM
06-10-2023 17:59:04.052Z;functions.loggin_RM;  ENTER USER_NAME
06-10-2023 17:59:05.284Z;functions.loggin_RM;  ENTER PASSWORD
06-10-2023 17:59:06.292Z;functions.loggin_RM;  ENTER RM
06-10-2023 17:59:29.759Z;functions.enter_coligada;  CLICK CONTEXTO
06-10-2023 17:59:34.120Z;functions.enter_coligada;  CLICK COLIGADA 1
06-10-2023 17:59:35.843Z;functions.enter_coligada;  CLICK AVANÇAR
06-10-2023 17:59:38.056Z;functions.enter_coligada;  INSERE O COLIGADA CODE = 1
06-10-2023 17:59:38.158Z;functions.enter_coligada;  APERTA TAB PARA PREENCHER O CAMPO COM A STRING: OCEANICA ENGENHARIA E CONSULTORIA S.A.
06-10-2023 17:59:39.143Z;functions.enter_coligada;  CLICK AVANÇAR NOVAMENTE
06-10-2023 17:59:40.067Z;functions.enter_coligada;  CLICK CONCLUIR
06-10-2023 17:59:56.767Z;functions.enter_coligada;  POP UP COLIGADA DESAPARECER
06-10-2023 17:59:57.492Z;functions.enter_contas_a_pagar;  CLICK - TOTVS - LINHA RM
06-10-2023 17:59:58.822Z;functions.enter_contas_a_pagar;  CLICK - BACK OFFICE
06-10-2023 18:00:01.341Z;functions.enter_contas_a_pagar;  CLICK - GESTAO FINANCEIRA
06-10-2023 18:00:07.080Z;functions.enter_contas_a_pagar;  CLICK - CONTAS A PAGAR
06-10-2023 18:00:07.771Z;functions.waitForImage;  LANÇAMENTOS image found.
06-10-2023 18:00:09.879Z;functions.enter_contas_a_pagar;  CLICA EM LANÇAMENTOS
06-10-2023 18:00:11.880Z;functions.data_filter;  CLICK - SELECIONA A DATA DE QUARTA FEIRA E DA PROXIMA TERÇA
06-10-2023 18:00:11.881Z;functions.data_filter;  QUARTA-FEIRA: 04-10-2023
06-10-2023 18:00:11.881Z;functions.data_filter;  TERCA-FEIRA: 10-10-2023
06-10-2023 18:00:19.245Z;functions.data_filter;  ESCREVE REMESSA BANCÁRIA NO FILTRO
06-10-2023 18:00:20.089Z;functions.data_filter;  CLICK - BUTÃO DE SELECAO DE FILTRO
06-10-2023 18:00:22.647Z;functions.data_filter;  INSERE - DATA DE QUARTA-FEIRA: 04-10-2023
06-10-2023 18:00:24.536Z;functions.data_filter;  INSERE - DATA DA PROX TERCA-FEIRA: 10-10-2023
06-10-2023 18:00:25.388Z;functions.data_filter;  CLICK - BUTÃO DE EXECUTAR O FILTRO
06-10-2023 18:00:40.632Z;functions.waitForImage;  FILTER CLEAN image not found.
06-10-2023 18:00:59.136Z;functions.select_tipo_documento;  NOME DA COLUNA: Tipo de Documento
06-10-2023 18:01:00.578Z;functions.select_tipo_documento;  HOVER NOME DA COLUNA: Tipo de Documento
06-10-2023 18:01:00.696Z;functions.select_tipo_documento;  CLICA PARA APARECER O FILTRO PERSONALIZAR
06-10-2023 18:01:01.017Z;functions.select_tipo_documento;  CLICA NO FILTRO PERSONALIZAR
06-10-2023 18:01:02.492Z;functions.select_tipo_documento;  CLICA PARA SELECIONAR OPÇÕES DO FILTRO
06-10-2023 18:01:09.733Z;functions.select_tipo_documento;  CLICK BUTTON CONFIRMAR FILTRO
06-10-2023 18:01:11.551Z;functions.desmark_filter;  CLICK CHECKBOX LANÇAMENTOS A RECEBER
06-10-2023 18:01:12.768Z;functions.desmark_filter;  CLICK CHECKBOX LANÇAMENTOS BAIXADOS
06-10-2023 18:01:14.125Z;functions.desmark_filter;  CLICK CHECKBOX LANÇAMENTOS CANCELADOS
06-10-2023 18:01:15.640Z;functions.desmark_filter;  CLICK CHECKBOX LANÇAMENTOS FATURADOS
06-10-2023 18:01:17.179Z;functions.desmark_filter;  CLICK CHECKBOX LANÇAMENTOS FATURADOS
06-10-2023 18:01:18.384Z;functions.filter_IPTE;  CLICK NA PRIMEIRA LINHA E COLUNA DA TABELA
06-10-2023 18:01:33.365Z;functions.filter_IPTE;  147 PASSOS PARA DIREITA NA TABELA >>
06-10-2023 18:01:37.050Z;functions.filter_IPTE;  HOVER FILTER
06-10-2023 18:01:37.206Z;functions.filter_IPTE;  CLICK FILTER
06-10-2023 18:01:41.572Z;functions.filter_IPTE;  CLICA NO FILTRO PERSONALIZAR
06-10-2023 18:01:48.551Z;functions.check_table_record;  APERTA NÃO
06-10-2023 18:01:49.900Z;functions.check_table_record;  ABRE A NOTA
06-10-2023 18:01:56.209Z;functions.waitForImage;  INTEGRAÇÃO BANCÁRIA image found.
06-10-2023 18:01:58.332Z;functions.check_payment_type;  CLICA EM INTEGRAÇÃO BANCÁRIA
06-10-2023 18:02:10.658Z;functions.waitForImage;  BOLETO image not found.
06-10-2023 18:02:20.961Z;functions.waitForImage;  BOLETO MINUSCULO image not found.
06-10-2023 18:02:21.088Z;functions.waitForImage;  BOLETO MINUSCULO DESABILITADO image found.
06-10-2023 18:02:23.207Z;functions.check_payment_type;  CLICA NO BOLETO EM MINUSCULO DESABILITADO
06-10-2023 18:02:25.326Z;functions.waitForImage;  PRESS BUTTON OK image found.
06-10-2023 18:02:27.327Z;functions.check_payment_type;  FORMA DE PAGAMENTO BOLETO - OK
06-10-2023 18:02:29.454Z;functions.waitForImage;  PRESS BUTTON OK image found.
06-10-2023 18:02:31.590Z;functions.check_payment_type;  PRESS BUTTON OK
06-10-2023 18:02:33.697Z;functions.waitForImage;  PRESS BUTTON OK 2 image found.
06-10-2023 18:02:35.803Z;functions.check_payment_type;  PRESS BUTTON OK 2
06-10-2023 18:02:43.911Z;functions.check_table_record;  PRESS BUTTON DOWN
06-10-2023 18:02:46.017Z;functions.check_table_record;  ENTRANDO NO PRÓXIMO BOLETO
06-10-2023 18:02:53.086Z;functions.waitForImage;  INTEGRAÇÃO BANCÁRIA image found.
06-10-2023 18:02:55.203Z;functions.check_payment_type;  CLICA EM INTEGRAÇÃO BANCÁRIA
06-10-2023 18:03:07.589Z;functions.waitForImage;  BOLETO image not found.
06-10-2023 18:03:17.617Z;functions.waitForImage;  BOLETO MINUSCULO image not found.
06-10-2023 18:03:28.054Z;functions.waitForImage;  BOLETO MINUSCULO DESABILITADO image not found.
06-10-2023 18:04:10.159Z;functions.waitForImage;  PRESS BUTTON OK image not found.
06-10-2023 18:04:10.259Z;functions.waitForImage;  PRESS BUTTON OK image found.
06-10-2023 18:04:12.373Z;functions.check_payment_type;  PRESS BUTTON OK
06-10-2023 18:04:24.650Z;functions.waitForImage;  PRESS BUTTON OK 2 image not found.
06-10-2023 18:04:25.602Z;functions.process_lancamentos;  SELECIONA TODOS OS LANÇAMENTOS PARA SEREM PROCESSADOS
06-10-2023 18:04:30.563Z;functions.process_lancamentos;  CLICA PARA APARECER CONTA/CAIXA
06-10-2023 18:04:31.830Z;functions.process_lancamentos;  SELECIONA CONTA/CAIXA
06-10-2023 18:04:32.771Z;functions.process_lancamentos;  CLICA NO BOTÃO [...]
06-10-2023 18:04:34.548Z;functions.process_lancamentos;  CLICA NO CAMPO PESQUISA E DIGITA: %3212
06-10-2023 18:04:35.509Z;functions.process_lancamentos;  CLICA NO BOTÃO DO FILTRO
06-10-2023 18:04:36.602Z;functions.process_lancamentos;  CLICA NO BOTÃO OK
06-10-2023 18:04:37.445Z;functions.process_lancamentos;  CLICA NO BOTÃO EXECUTAR
06-10-2023 18:04:49.935Z;functions.process_lancamentos;  EXECUÇÃO FINALIZADA
06-10-2023 18:04:50.021Z;functions.waitForImage;  PRESS BUTTON OK image found.
06-10-2023 18:04:52.022Z;functions.process_lancamentos;  O PROCESSAMENTO FOI EXECUTADO COM SUCESSO.
06-10-2023 18:04:55.008Z;functions.process_lancamentos;  CLICK EM FECHAR.
06-10-2023 18:05:19.810Z;functions.show_exception_and_exit;  'NoneType' object has no attribute 'click'
Traceback (most recent call last):
  File "c:\projetos\remessas\main.py", line 22, in <module>
    proccess_bordero()
  File "c:\projetos\remessas\SUBPROGRAMS\functions.py", line 485, in proccess_bordero
    menuitem_bordero.click()
    ^^^^^^^^^^^^^^^^^^^^^^
AttributeError: 'NoneType' object has no attribute 'click'
