06-10-2023 18:09:35.940Z;functions.bot_text_art;      ____   
06-10-2023 18:09:35.940Z;functions.bot_text_art;     [____]    
06-10-2023 18:09:35.941Z;functions.bot_text_art;   |=]()()[=|  
06-10-2023 18:09:35.941Z;functions.bot_text_art;     _\==/__    _____    ____     _        _____    ___   _  __
06-10-2023 18:09:35.941Z;functions.bot_text_art;   |__|   |_|  |  _  \  / ___|   | |      |_   _| / ___| | |/ /
06-10-2023 18:09:35.942Z;functions.bot_text_art;   |_|_/\_|_|  | |  | | | |      | |        | |   | |    | ' / 
06-10-2023 18:09:35.943Z;functions.bot_text_art;   | | __ | |  | |  | | | |      | |        | |   | |    |  <  
06-10-2023 18:09:35.943Z;functions.bot_text_art;   |_|[  ]|_|  | |__| | | |____  | |____   _| |_  | |__  | . \ 
06-10-2023 18:09:35.945Z;functions.bot_text_art;   \_|_||_|_/  |_____/   \_____| |______| |_____| \ ___| |_|\_\
06-10-2023 18:09:35.945Z;functions.bot_text_art;     |_||_|                                                     
06-10-2023 18:09:35.946Z;functions.bot_text_art;     | ||_|_   
06-10-2023 18:09:35.948Z;functions.bot_text_art;   |___||___|  
06-10-2023 18:09:35.948Z;functions.bot_text_art;               
06-10-2023 18:09:35.954Z;functions.open_RM;  OPEN PROGRAM RM
06-10-2023 18:09:44.990Z;functions.loggin_RM;  ENTER USER_NAME
06-10-2023 18:09:46.225Z;functions.loggin_RM;  ENTER PASSWORD
06-10-2023 18:09:47.170Z;functions.loggin_RM;  ENTER RM
06-10-2023 18:10:43.097Z;functions.enter_coligada;  CLICK CONTEXTO
06-10-2023 18:10:47.675Z;functions.enter_coligada;  CLICK COLIGADA 1
06-10-2023 18:10:49.314Z;functions.enter_coligada;  CLICK AVANÇAR
06-10-2023 18:10:51.483Z;functions.enter_coligada;  INSERE O COLIGADA CODE = 1
06-10-2023 18:10:51.588Z;functions.enter_coligada;  APERTA TAB PARA PREENCHER O CAMPO COM A STRING: OCEANICA ENGENHARIA E CONSULTORIA S.A.
06-10-2023 18:10:52.635Z;functions.enter_coligada;  CLICK AVANÇAR NOVAMENTE
06-10-2023 18:10:53.617Z;functions.enter_coligada;  CLICK CONCLUIR
06-10-2023 18:11:11.108Z;functions.enter_coligada;  POP UP COLIGADA DESAPARECER
06-10-2023 18:11:11.815Z;functions.enter_contas_a_pagar;  CLICK - TOTVS - LINHA RM
06-10-2023 18:11:13.180Z;functions.enter_contas_a_pagar;  CLICK - BACK OFFICE
06-10-2023 18:11:15.761Z;functions.enter_contas_a_pagar;  CLICK - GESTAO FINANCEIRA
06-10-2023 18:11:19.103Z;functions.enter_contas_a_pagar;  CLICK - CONTAS A PAGAR
06-10-2023 18:11:19.846Z;functions.waitForImage;  LANÇAMENTOS image found.
06-10-2023 18:11:21.956Z;functions.enter_contas_a_pagar;  CLICA EM LANÇAMENTOS
06-10-2023 18:11:23.958Z;functions.data_filter;  CLICK - SELECIONA A DATA DE QUARTA FEIRA E DA PROXIMA TERÇA
06-10-2023 18:11:23.959Z;functions.data_filter;  QUARTA-FEIRA: 04-10-2023
06-10-2023 18:11:23.959Z;functions.data_filter;  TERCA-FEIRA: 10-10-2023
06-10-2023 18:11:31.001Z;functions.data_filter;  ESCREVE REMESSA BANCÁRIA NO FILTRO
06-10-2023 18:11:31.831Z;functions.data_filter;  CLICK - BUTÃO DE SELECAO DE FILTRO
06-10-2023 18:11:34.395Z;functions.data_filter;  INSERE - DATA DE QUARTA-FEIRA: 04-10-2023
06-10-2023 18:11:36.392Z;functions.data_filter;  INSERE - DATA DA PROX TERCA-FEIRA: 10-10-2023
06-10-2023 18:11:37.225Z;functions.data_filter;  CLICK - BUTÃO DE EXECUTAR O FILTRO
06-10-2023 18:11:52.232Z;functions.waitForImage;  FILTER CLEAN image not found.
06-10-2023 18:12:10.763Z;functions.select_tipo_documento;  NOME DA COLUNA: Tipo de Documento
06-10-2023 18:12:12.266Z;functions.select_tipo_documento;  HOVER NOME DA COLUNA: Tipo de Documento
06-10-2023 18:12:12.369Z;functions.select_tipo_documento;  CLICA PARA APARECER O FILTRO PERSONALIZAR
06-10-2023 18:12:12.679Z;functions.select_tipo_documento;  CLICA NO FILTRO PERSONALIZAR
06-10-2023 18:12:14.128Z;functions.select_tipo_documento;  CLICA PARA SELECIONAR OPÇÕES DO FILTRO
06-10-2023 18:12:21.486Z;functions.select_tipo_documento;  CLICK BUTTON CONFIRMAR FILTRO
06-10-2023 18:12:23.207Z;functions.desmark_filter;  CLICK CHECKBOX LANÇAMENTOS A RECEBER
06-10-2023 18:12:24.483Z;functions.desmark_filter;  CLICK CHECKBOX LANÇAMENTOS BAIXADOS
06-10-2023 18:12:26.076Z;functions.desmark_filter;  CLICK CHECKBOX LANÇAMENTOS CANCELADOS
06-10-2023 18:12:27.459Z;functions.desmark_filter;  CLICK CHECKBOX LANÇAMENTOS FATURADOS
06-10-2023 18:12:28.943Z;functions.desmark_filter;  CLICK CHECKBOX LANÇAMENTOS FATURADOS
06-10-2023 18:12:30.345Z;functions.filter_IPTE;  CLICK NA PRIMEIRA LINHA E COLUNA DA TABELA
06-10-2023 18:12:45.374Z;functions.filter_IPTE;  147 PASSOS PARA DIREITA NA TABELA >>
06-10-2023 18:12:49.555Z;functions.filter_IPTE;  HOVER FILTER
06-10-2023 18:12:49.674Z;functions.filter_IPTE;  CLICK FILTER
06-10-2023 18:12:54.015Z;functions.filter_IPTE;  CLICA NO FILTRO PERSONALIZAR
06-10-2023 18:13:01.040Z;functions.check_table_record;  APERTA NÃO
06-10-2023 18:13:02.375Z;functions.check_table_record;  ABRE A NOTA
06-10-2023 18:13:09.968Z;functions.waitForImage;  INTEGRAÇÃO BANCÁRIA image found.
06-10-2023 18:13:12.075Z;functions.check_payment_type;  CLICA EM INTEGRAÇÃO BANCÁRIA
06-10-2023 18:13:24.356Z;functions.waitForImage;  BOLETO image not found.
06-10-2023 18:13:34.699Z;functions.waitForImage;  BOLETO MINUSCULO image not found.
06-10-2023 18:13:34.790Z;functions.waitForImage;  BOLETO MINUSCULO DESABILITADO image found.
06-10-2023 18:13:36.924Z;functions.check_payment_type;  CLICA NO BOLETO EM MINUSCULO DESABILITADO
06-10-2023 18:13:39.026Z;functions.waitForImage;  PRESS BUTTON OK image found.
06-10-2023 18:13:41.028Z;functions.check_payment_type;  FORMA DE PAGAMENTO BOLETO - OK
06-10-2023 18:13:43.125Z;functions.waitForImage;  PRESS BUTTON OK image found.
06-10-2023 18:13:45.236Z;functions.check_payment_type;  PRESS BUTTON OK
06-10-2023 18:13:47.346Z;functions.waitForImage;  PRESS BUTTON OK 2 image found.
06-10-2023 18:13:49.458Z;functions.check_payment_type;  PRESS BUTTON OK 2
06-10-2023 18:13:57.565Z;functions.check_table_record;  PRESS BUTTON DOWN
06-10-2023 18:13:59.679Z;functions.check_table_record;  ENTRANDO NO PRÓXIMO BOLETO
06-10-2023 18:14:06.801Z;functions.waitForImage;  INTEGRAÇÃO BANCÁRIA image found.
06-10-2023 18:14:08.927Z;functions.check_payment_type;  CLICA EM INTEGRAÇÃO BANCÁRIA
06-10-2023 18:14:20.986Z;functions.waitForImage;  BOLETO image not found.
06-10-2023 18:14:29.834Z;functions.show_exception_and_exit;  
Traceback (most recent call last):
  File "c:\projetos\remessas\main.py", line 20, in <module>
    check_table_record()
  File "c:\projetos\remessas\SUBPROGRAMS\functions.py", line 338, in check_table_record
    check_payment_type()
  File "c:\projetos\remessas\SUBPROGRAMS\functions.py", line 361, in check_payment_type
    select_boleto_minusculo = waitForImage(image = boleto_min, timeout=10, name = 'BOLETO MINUSCULO')
                              ^^^^^^^^^^^^^^^^^^^^^^^^^^^^^^^^^^^^^^^^^^^^^^^^^^^^^^^^^^^^^^^^^^^^^^^
  File "c:\projetos\remessas\SUBPROGRAMS\functions.py", line 605, in waitForImage
    time.sleep(0.5)
KeyboardInterrupt
