06-10-2023 18:15:34.396Z;functions.bot_text_art;      ____   
06-10-2023 18:15:34.396Z;functions.bot_text_art;     [____]    
06-10-2023 18:15:34.397Z;functions.bot_text_art;   |=]()()[=|  
06-10-2023 18:15:34.397Z;functions.bot_text_art;     _\==/__    _____    ____     _        _____    ___   _  __
06-10-2023 18:15:34.397Z;functions.bot_text_art;   |__|   |_|  |  _  \  / ___|   | |      |_   _| / ___| | |/ /
06-10-2023 18:15:34.398Z;functions.bot_text_art;   |_|_/\_|_|  | |  | | | |      | |        | |   | |    | ' / 
06-10-2023 18:15:34.399Z;functions.bot_text_art;   | | __ | |  | |  | | | |      | |        | |   | |    |  <  
06-10-2023 18:15:34.399Z;functions.bot_text_art;   |_|[  ]|_|  | |__| | | |____  | |____   _| |_  | |__  | . \ 
06-10-2023 18:15:34.401Z;functions.bot_text_art;   \_|_||_|_/  |_____/   \_____| |______| |_____| \ ___| |_|\_\
06-10-2023 18:15:34.402Z;functions.bot_text_art;     |_||_|                                                     
06-10-2023 18:15:34.402Z;functions.bot_text_art;     | ||_|_   
06-10-2023 18:15:34.403Z;functions.bot_text_art;   |___||___|  
06-10-2023 18:15:34.403Z;functions.bot_text_art;               
06-10-2023 18:15:34.409Z;functions.open_RM;  OPEN PROGRAM RM
06-10-2023 18:15:43.319Z;functions.loggin_RM;  ENTER USER_NAME
06-10-2023 18:15:44.445Z;functions.loggin_RM;  ENTER PASSWORD
06-10-2023 18:15:45.381Z;functions.loggin_RM;  ENTER RM
06-10-2023 18:16:08.900Z;functions.enter_coligada;  CLICK CONTEXTO
06-10-2023 18:16:13.527Z;functions.enter_coligada;  CLICK COLIGADA 1
06-10-2023 18:16:15.346Z;functions.enter_coligada;  CLICK AVANÇAR
06-10-2023 18:16:17.711Z;functions.enter_coligada;  INSERE O COLIGADA CODE = 1
06-10-2023 18:16:17.814Z;functions.enter_coligada;  APERTA TAB PARA PREENCHER O CAMPO COM A STRING: OCEANICA ENGENHARIA E CONSULTORIA S.A.
06-10-2023 18:16:18.862Z;functions.enter_coligada;  CLICK AVANÇAR NOVAMENTE
06-10-2023 18:16:19.988Z;functions.enter_coligada;  CLICK CONCLUIR
06-10-2023 18:16:36.242Z;functions.enter_coligada;  POP UP COLIGADA DESAPARECER
06-10-2023 18:16:36.995Z;functions.enter_contas_a_pagar;  CLICK - TOTVS - LINHA RM
06-10-2023 18:16:38.370Z;functions.enter_contas_a_pagar;  CLICK - BACK OFFICE
06-10-2023 18:16:40.946Z;functions.enter_contas_a_pagar;  CLICK - GESTAO FINANCEIRA
06-10-2023 18:16:46.724Z;functions.enter_contas_a_pagar;  CLICK - CONTAS A PAGAR
06-10-2023 18:16:47.400Z;functions.waitForImage;  LANÇAMENTOS image found.
06-10-2023 18:16:49.512Z;functions.enter_contas_a_pagar;  CLICA EM LANÇAMENTOS
06-10-2023 18:16:51.515Z;functions.data_filter;  CLICK - SELECIONA A DATA DE QUARTA FEIRA E DA PROXIMA TERÇA
06-10-2023 18:16:51.516Z;functions.data_filter;  QUARTA-FEIRA: 04-10-2023
06-10-2023 18:16:51.517Z;functions.data_filter;  TERCA-FEIRA: 10-10-2023
06-10-2023 18:16:58.064Z;functions.data_filter;  ESCREVE REMESSA BANCÁRIA NO FILTRO
06-10-2023 18:16:58.791Z;functions.data_filter;  CLICK - BUTÃO DE SELECAO DE FILTRO
06-10-2023 18:17:01.145Z;functions.data_filter;  INSERE - DATA DE QUARTA-FEIRA: 04-10-2023
06-10-2023 18:17:03.062Z;functions.data_filter;  INSERE - DATA DA PROX TERCA-FEIRA: 10-10-2023
06-10-2023 18:17:03.986Z;functions.data_filter;  CLICK - BUTÃO DE EXECUTAR O FILTRO
06-10-2023 18:17:19.587Z;functions.waitForImage;  FILTER CLEAN image not found.
06-10-2023 18:17:37.929Z;functions.select_tipo_documento;  NOME DA COLUNA: Tipo de Documento
06-10-2023 18:17:39.567Z;functions.select_tipo_documento;  HOVER NOME DA COLUNA: Tipo de Documento
06-10-2023 18:17:39.685Z;functions.select_tipo_documento;  CLICA PARA APARECER O FILTRO PERSONALIZAR
06-10-2023 18:17:40.014Z;functions.select_tipo_documento;  CLICA NO FILTRO PERSONALIZAR
06-10-2023 18:17:41.752Z;functions.select_tipo_documento;  CLICA PARA SELECIONAR OPÇÕES DO FILTRO
06-10-2023 18:17:49.043Z;functions.select_tipo_documento;  CLICK BUTTON CONFIRMAR FILTRO
06-10-2023 18:17:51.015Z;functions.desmark_filter;  CLICK CHECKBOX LANÇAMENTOS A RECEBER
06-10-2023 18:17:52.326Z;functions.desmark_filter;  CLICK CHECKBOX LANÇAMENTOS BAIXADOS
06-10-2023 18:17:53.589Z;functions.desmark_filter;  CLICK CHECKBOX LANÇAMENTOS CANCELADOS
06-10-2023 18:17:55.020Z;functions.desmark_filter;  CLICK CHECKBOX LANÇAMENTOS FATURADOS
06-10-2023 18:17:56.425Z;functions.desmark_filter;  CLICK CHECKBOX LANÇAMENTOS FATURADOS
06-10-2023 18:17:57.745Z;functions.filter_IPTE;  CLICK NA PRIMEIRA LINHA E COLUNA DA TABELA
06-10-2023 18:18:12.740Z;functions.filter_IPTE;  147 PASSOS PARA DIREITA NA TABELA >>
06-10-2023 18:18:16.867Z;functions.filter_IPTE;  HOVER FILTER
06-10-2023 18:18:16.987Z;functions.filter_IPTE;  CLICK FILTER
06-10-2023 18:18:21.322Z;functions.filter_IPTE;  CLICA NO FILTRO PERSONALIZAR
06-10-2023 18:18:28.262Z;functions.check_table_record;  APERTA NÃO
06-10-2023 18:18:29.467Z;functions.check_table_record;  ABRE A NOTA
06-10-2023 18:18:36.412Z;functions.waitForImage;  INTEGRAÇÃO BANCÁRIA image found.
06-10-2023 18:18:38.525Z;functions.check_payment_type;  CLICA EM INTEGRAÇÃO BANCÁRIA
06-10-2023 18:18:50.681Z;functions.waitForImage;  BOLETO image not found.
06-10-2023 18:19:00.954Z;functions.waitForImage;  BOLETO MINUSCULO image not found.
06-10-2023 18:19:01.053Z;functions.waitForImage;  BOLETO MINUSCULO DESABILITADO image found.
06-10-2023 18:19:03.164Z;functions.check_payment_type;  CLICA NO BOLETO EM MINUSCULO DESABILITADO
06-10-2023 18:19:05.305Z;functions.waitForImage;  PRESS BUTTON OK image found.
06-10-2023 18:19:07.306Z;functions.check_payment_type;  FORMA DE PAGAMENTO BOLETO - OK
06-10-2023 18:19:09.423Z;functions.waitForImage;  PRESS BUTTON OK image found.
06-10-2023 18:19:11.532Z;functions.check_payment_type;  PRESS BUTTON OK
06-10-2023 18:19:13.637Z;functions.waitForImage;  PRESS BUTTON OK 2 image found.
06-10-2023 18:19:15.747Z;functions.check_payment_type;  PRESS BUTTON OK 2
06-10-2023 18:19:23.857Z;functions.check_table_record;  PRESS BUTTON DOWN
06-10-2023 18:19:25.962Z;functions.check_table_record;  ENTRANDO NO PRÓXIMO BOLETO
06-10-2023 18:19:33.105Z;functions.waitForImage;  INTEGRAÇÃO BANCÁRIA image found.
06-10-2023 18:19:35.237Z;functions.check_payment_type;  CLICA EM INTEGRAÇÃO BANCÁRIA
06-10-2023 18:19:37.378Z;functions.waitForImage;  BOLETO image found.
06-10-2023 18:19:39.492Z;functions.check_payment_type;  CLICA NO BOLETO
06-10-2023 18:19:41.591Z;functions.waitForImage;  PRESS BUTTON OK image found.
06-10-2023 18:19:43.592Z;functions.check_payment_type;  FORMA DE PAGAMENTO BOLETO - OK
06-10-2023 18:19:45.712Z;functions.waitForImage;  PRESS BUTTON OK image found.
06-10-2023 18:19:47.837Z;functions.check_payment_type;  PRESS BUTTON OK
06-10-2023 18:19:49.915Z;functions.waitForImage;  PRESS BUTTON OK 2 image found.
06-10-2023 18:19:52.051Z;functions.check_payment_type;  PRESS BUTTON OK 2
06-10-2023 18:19:58.169Z;functions.process_lancamentos;  SELECIONA TODOS OS LANÇAMENTOS PARA SEREM PROCESSADOS
06-10-2023 18:20:03.129Z;functions.process_lancamentos;  CLICA PARA APARECER CONTA/CAIXA
06-10-2023 18:20:04.337Z;functions.process_lancamentos;  SELECIONA CONTA/CAIXA
06-10-2023 18:20:05.604Z;functions.process_lancamentos;  CLICA NO BOTÃO [...]
06-10-2023 18:20:07.324Z;functions.process_lancamentos;  CLICA NO CAMPO PESQUISA E DIGITA: %3212
06-10-2023 18:20:08.245Z;functions.process_lancamentos;  CLICA NO BOTÃO DO FILTRO
06-10-2023 18:20:09.242Z;functions.process_lancamentos;  CLICA NO BOTÃO OK
06-10-2023 18:20:10.216Z;functions.process_lancamentos;  CLICA NO BOTÃO EXECUTAR
06-10-2023 18:20:37.344Z;functions.process_lancamentos;  EXECUÇÃO FINALIZADA
06-10-2023 18:20:37.438Z;functions.waitForImage;  PRESS BUTTON OK image found.
06-10-2023 18:20:39.438Z;functions.process_lancamentos;  O PROCESSAMENTO FOI EXECUTADO COM SUCESSO.
06-10-2023 18:20:42.282Z;functions.process_lancamentos;  CLICK EM FECHAR.
06-10-2023 18:21:14.596Z;functions.proccess_bordero;  CLICA EM BORDERO DE PAGAMENTO
06-10-2023 18:21:15.267Z;functions.proccess_bordero;  CLICA EM INCLUSAO DE BORDERO
06-10-2023 18:21:17.918Z;functions.proccess_bordero;  CLICA EM CONVÊNIO TRÊS PONTINHOS
06-10-2023 18:21:19.610Z;functions.proccess_bordero;  CLICA EM COMBOBOX PARA SELECIONAR O ID DO CONVÊNIO
06-10-2023 18:21:20.922Z;functions.proccess_bordero;  CLICA EM ID DO CONVÊNIO
06-10-2023 18:21:23.025Z;functions.proccess_bordero;  APERTA TAB PARA ESCREVER O ID
06-10-2023 18:21:25.129Z;functions.proccess_bordero;  ESCREVE O ID 7
06-10-2023 18:21:27.236Z;functions.proccess_bordero;  APERTA ENTER PARA SELECIONAR O ID 7 - SISPAG FORNECEDOR
06-10-2023 18:21:29.339Z;functions.proccess_bordero;  APERTA ENTER PARA ESCOLHER O ID 7 - SISPAG FORNECEDOR
06-10-2023 18:21:32.142Z;functions.proccess_bordero;  CLICA EM EXECUTAR NA INCLUSÃO DO BORDÊRO
06-10-2023 18:21:44.689Z;functions.waitForImage;  PRESS BUTTON OK image not found.
