03-10-2023 17:07:15.774Z;functions.bot_text_art;      ____   
03-10-2023 17:07:15.775Z;functions.bot_text_art;     [____]    
03-10-2023 17:07:15.776Z;functions.bot_text_art;   |=]()()[=|  
03-10-2023 17:07:15.776Z;functions.bot_text_art;     _\==/__    _____    ____     _        _____    ___   _  __
03-10-2023 17:07:15.777Z;functions.bot_text_art;   |__|   |_|  |  _  \  / ___|   | |      |_   _| / ___| | |/ /
03-10-2023 17:07:15.778Z;functions.bot_text_art;   |_|_/\_|_|  | |  | | | |      | |        | |   | |    | ' / 
03-10-2023 17:07:15.779Z;functions.bot_text_art;   | | __ | |  | |  | | | |      | |        | |   | |    |  <  
03-10-2023 17:07:15.781Z;functions.bot_text_art;   |_|[  ]|_|  | |__| | | |____  | |____   _| |_  | |__  | . \ 
03-10-2023 17:07:15.784Z;functions.bot_text_art;   \_|_||_|_/  |_____/   \_____| |______| |_____| \ ___| |_|\_\
03-10-2023 17:07:15.785Z;functions.bot_text_art;     |_||_|                                                     
03-10-2023 17:07:15.786Z;functions.bot_text_art;     | ||_|_   
03-10-2023 17:07:15.787Z;functions.bot_text_art;   |___||___|  
03-10-2023 17:07:15.787Z;functions.bot_text_art;               
03-10-2023 17:07:16.200Z;functions.open_RM;  OPEN PROGRAM RM
03-10-2023 17:07:28.873Z;functions.loggin_RM;  ENTER USER_NAME
03-10-2023 17:07:30.008Z;functions.loggin_RM;  ENTER PASSWORD
03-10-2023 17:07:30.900Z;functions.loggin_RM;  ENTER RM
03-10-2023 17:08:08.701Z;functions.enter_coligada;  CLICK CONTEXTO
03-10-2023 17:08:13.399Z;functions.enter_coligada;  CLICK COLIGADA 1
03-10-2023 17:08:15.237Z;functions.enter_coligada;  CLICK AVANÇAR
03-10-2023 17:08:17.670Z;functions.enter_coligada;  INSERE O COLIGADA CODE = 1
03-10-2023 17:08:17.773Z;functions.enter_coligada;  APERTA TAB PARA PREENCHER O CAMPO COM A STRING: OCEANICA ENGENHARIA E CONSULTORIA S.A.
03-10-2023 17:08:19.130Z;functions.enter_coligada;  CLICK AVANÇAR NOVAMENTE
03-10-2023 17:08:20.154Z;functions.enter_coligada;  CLICK CONCLUIR
03-10-2023 17:08:36.031Z;functions.enter_coligada;  POP UP COLIGADA DESAPARECER
03-10-2023 17:08:36.831Z;functions.enter_contas_a_pagar;  CLICK - TOTVS - LINHA RM
03-10-2023 17:08:38.368Z;functions.enter_contas_a_pagar;  CLICK - BACK OFFICE
03-10-2023 17:08:39.218Z;functions.enter_contas_a_pagar;  CLICK - GESTAO FINANCEIRA
03-10-2023 17:08:44.918Z;functions.enter_contas_a_pagar;  CLICK - CONTAS A PAGAR
03-10-2023 17:08:45.053Z;functions.waitForImage;  LANÇAMENTOS image found.
03-10-2023 17:08:47.168Z;functions.enter_contas_a_pagar;  CLICA EM LANÇAMENTOS
03-10-2023 17:08:49.172Z;functions.data_filter;  CLICK - SELECIONA A DATA DE QUARTA FEIRA E DA PROXIMA TERÇA
03-10-2023 17:08:49.173Z;functions.data_filter;  QUARTA-FEIRA: 04-10-2023
03-10-2023 17:08:49.175Z;functions.data_filter;  TERCA-FEIRA: 10-10-2023
03-10-2023 17:08:57.790Z;functions.data_filter;  ESCREVE REMESSA BANCÁRIA NO FILTRO
03-10-2023 17:08:58.603Z;functions.data_filter;  CLICK - BUTÃO DE SELECAO DE FILTRO
03-10-2023 17:09:00.966Z;functions.data_filter;  INSERE - DATA DE QUARTA-FEIRA: 04-10-2023
03-10-2023 17:09:02.935Z;functions.data_filter;  INSERE - DATA DA PROX TERCA-FEIRA: 10-10-2023
03-10-2023 17:09:03.764Z;functions.data_filter;  CLICK - BUTÃO DE EXECUTAR O FILTRO
03-10-2023 17:09:19.172Z;functions.waitForImage;  FILTER CLEAN image not found.
03-10-2023 17:09:48.550Z;functions.select_tipo_documento;  NOME DA COLUNA: Tipo de Documento
03-10-2023 17:09:50.044Z;functions.select_tipo_documento;  HOVER NOME DA COLUNA: Tipo de Documento
03-10-2023 17:09:50.163Z;functions.select_tipo_documento;  CLICA PARA APARECER O FILTRO PERSONALIZAR
03-10-2023 17:09:50.480Z;functions.select_tipo_documento;  CLICA NO FILTRO PERSONALIZAR
03-10-2023 17:09:51.844Z;functions.select_tipo_documento;  CLICA PARA SELECIONAR OPÇÕES DO FILTRO
03-10-2023 17:09:59.159Z;functions.select_tipo_documento;  CLICK BUTTON CONFIRMAR FILTRO
03-10-2023 17:10:00.490Z;functions.desmark_filter;  CLICK CHECKBOX LANÇAMENTOS A RECEBER
03-10-2023 17:10:01.621Z;functions.desmark_filter;  CLICK CHECKBOX LANÇAMENTOS BAIXADOS
03-10-2023 17:10:02.752Z;functions.desmark_filter;  CLICK CHECKBOX LANÇAMENTOS CANCELADOS
03-10-2023 17:10:04.430Z;functions.desmark_filter;  CLICK CHECKBOX LANÇAMENTOS FATURADOS
03-10-2023 17:10:05.937Z;functions.desmark_filter;  CLICK CHECKBOX LANÇAMENTOS FATURADOS
03-10-2023 17:10:07.108Z;functions.filter_IPTE;  CLICK NA PRIMEIRA LINHA E COLUNA DA TABELA
03-10-2023 17:10:22.149Z;functions.filter_IPTE;  147 PASSOS PARA DIREITA NA TABELA >>
03-10-2023 17:10:25.498Z;functions.filter_IPTE;  HOVER FILTER
03-10-2023 17:10:25.632Z;functions.filter_IPTE;  CLICK FILTER
03-10-2023 17:10:29.964Z;functions.filter_IPTE;  CLICA NO FILTRO PERSONALIZAR
03-10-2023 17:10:33.254Z;functions.filter_IPTE;  ABRE A NOTA
