03-10-2023 17:18:00.666Z;functions.bot_text_art;      ____   
03-10-2023 17:18:00.667Z;functions.bot_text_art;     [____]    
03-10-2023 17:18:00.667Z;functions.bot_text_art;   |=]()()[=|  
03-10-2023 17:18:00.668Z;functions.bot_text_art;     _\==/__    _____    ____     _        _____    ___   _  __
03-10-2023 17:18:00.668Z;functions.bot_text_art;   |__|   |_|  |  _  \  / ___|   | |      |_   _| / ___| | |/ /
03-10-2023 17:18:00.669Z;functions.bot_text_art;   |_|_/\_|_|  | |  | | | |      | |        | |   | |    | ' / 
03-10-2023 17:18:00.670Z;functions.bot_text_art;   | | __ | |  | |  | | | |      | |        | |   | |    |  <  
03-10-2023 17:18:00.671Z;functions.bot_text_art;   |_|[  ]|_|  | |__| | | |____  | |____   _| |_  | |__  | . \ 
03-10-2023 17:18:00.672Z;functions.bot_text_art;   \_|_||_|_/  |_____/   \_____| |______| |_____| \ ___| |_|\_\
03-10-2023 17:18:00.673Z;functions.bot_text_art;     |_||_|                                                     
03-10-2023 17:18:00.674Z;functions.bot_text_art;     | ||_|_   
03-10-2023 17:18:00.675Z;functions.bot_text_art;   |___||___|  
03-10-2023 17:18:00.675Z;functions.bot_text_art;               
03-10-2023 17:18:00.682Z;functions.open_RM;  OPEN PROGRAM RM
03-10-2023 17:18:08.973Z;functions.loggin_RM;  ENTER USER_NAME
03-10-2023 17:18:10.159Z;functions.loggin_RM;  ENTER PASSWORD
03-10-2023 17:18:11.067Z;functions.loggin_RM;  ENTER RM
03-10-2023 17:18:34.830Z;functions.enter_coligada;  CLICK CONTEXTO
03-10-2023 17:18:39.314Z;functions.enter_coligada;  CLICK COLIGADA 1
03-10-2023 17:18:41.031Z;functions.enter_coligada;  CLICK AVANÇAR
03-10-2023 17:18:43.284Z;functions.enter_coligada;  INSERE O COLIGADA CODE = 1
03-10-2023 17:18:43.387Z;functions.enter_coligada;  APERTA TAB PARA PREENCHER O CAMPO COM A STRING: OCEANICA ENGENHARIA E CONSULTORIA S.A.
03-10-2023 17:18:44.440Z;functions.enter_coligada;  CLICK AVANÇAR NOVAMENTE
03-10-2023 17:18:45.386Z;functions.enter_coligada;  CLICK CONCLUIR
03-10-2023 17:18:59.705Z;functions.enter_coligada;  POP UP COLIGADA DESAPARECER
03-10-2023 17:19:00.447Z;functions.enter_contas_a_pagar;  CLICK - TOTVS - LINHA RM
03-10-2023 17:19:01.859Z;functions.enter_contas_a_pagar;  CLICK - BACK OFFICE
03-10-2023 17:19:04.506Z;functions.enter_contas_a_pagar;  CLICK - GESTAO FINANCEIRA
03-10-2023 17:19:10.154Z;functions.enter_contas_a_pagar;  CLICK - CONTAS A PAGAR
03-10-2023 17:19:10.898Z;functions.waitForImage;  LANÇAMENTOS image found.
03-10-2023 17:19:13.010Z;functions.enter_contas_a_pagar;  CLICA EM LANÇAMENTOS
03-10-2023 17:19:15.014Z;functions.data_filter;  CLICK - SELECIONA A DATA DE QUARTA FEIRA E DA PROXIMA TERÇA
03-10-2023 17:19:15.015Z;functions.data_filter;  QUARTA-FEIRA: 04-10-2023
03-10-2023 17:19:15.016Z;functions.data_filter;  TERCA-FEIRA: 10-10-2023
03-10-2023 17:19:22.389Z;functions.data_filter;  ESCREVE REMESSA BANCÁRIA NO FILTRO
03-10-2023 17:19:23.305Z;functions.data_filter;  CLICK - BUTÃO DE SELECAO DE FILTRO
03-10-2023 17:19:25.814Z;functions.data_filter;  INSERE - DATA DE QUARTA-FEIRA: 04-10-2023
03-10-2023 17:19:27.874Z;functions.data_filter;  INSERE - DATA DA PROX TERCA-FEIRA: 10-10-2023
03-10-2023 17:19:28.732Z;functions.data_filter;  CLICK - BUTÃO DE EXECUTAR O FILTRO
03-10-2023 17:19:44.246Z;functions.waitForImage;  FILTER CLEAN image not found.
03-10-2023 17:20:11.987Z;functions.select_tipo_documento;  NOME DA COLUNA: Tipo de Documento
03-10-2023 17:20:13.636Z;functions.select_tipo_documento;  HOVER NOME DA COLUNA: Tipo de Documento
03-10-2023 17:20:13.788Z;functions.select_tipo_documento;  CLICA PARA APARECER O FILTRO PERSONALIZAR
03-10-2023 17:20:14.153Z;functions.select_tipo_documento;  CLICA NO FILTRO PERSONALIZAR
03-10-2023 17:20:15.699Z;functions.select_tipo_documento;  CLICA PARA SELECIONAR OPÇÕES DO FILTRO
03-10-2023 17:20:23.106Z;functions.select_tipo_documento;  CLICK BUTTON CONFIRMAR FILTRO
03-10-2023 17:20:24.996Z;functions.desmark_filter;  CLICK CHECKBOX LANÇAMENTOS A RECEBER
03-10-2023 17:20:26.402Z;functions.desmark_filter;  CLICK CHECKBOX LANÇAMENTOS BAIXADOS
03-10-2023 17:20:27.882Z;functions.desmark_filter;  CLICK CHECKBOX LANÇAMENTOS CANCELADOS
03-10-2023 17:20:29.497Z;functions.desmark_filter;  CLICK CHECKBOX LANÇAMENTOS FATURADOS
03-10-2023 17:20:30.982Z;functions.desmark_filter;  CLICK CHECKBOX LANÇAMENTOS FATURADOS
03-10-2023 17:20:32.471Z;functions.filter_IPTE;  CLICK NA PRIMEIRA LINHA E COLUNA DA TABELA
03-10-2023 17:20:47.537Z;functions.filter_IPTE;  147 PASSOS PARA DIREITA NA TABELA >>
03-10-2023 17:20:51.416Z;functions.filter_IPTE;  HOVER FILTER
03-10-2023 17:20:51.548Z;functions.filter_IPTE;  CLICK FILTER
03-10-2023 17:20:55.878Z;functions.filter_IPTE;  CLICA NO FILTRO PERSONALIZAR
