03-10-2023 17:11:16.516Z;functions.bot_text_art;      ____   
03-10-2023 17:11:16.516Z;functions.bot_text_art;     [____]    
03-10-2023 17:11:16.517Z;functions.bot_text_art;   |=]()()[=|  
03-10-2023 17:11:16.517Z;functions.bot_text_art;     _\==/__    _____    ____     _        _____    ___   _  __
03-10-2023 17:11:16.517Z;functions.bot_text_art;   |__|   |_|  |  _  \  / ___|   | |      |_   _| / ___| | |/ /
03-10-2023 17:11:16.518Z;functions.bot_text_art;   |_|_/\_|_|  | |  | | | |      | |        | |   | |    | ' / 
03-10-2023 17:11:16.519Z;functions.bot_text_art;   | | __ | |  | |  | | | |      | |        | |   | |    |  <  
03-10-2023 17:11:16.519Z;functions.bot_text_art;   |_|[  ]|_|  | |__| | | |____  | |____   _| |_  | |__  | . \ 
03-10-2023 17:11:16.521Z;functions.bot_text_art;   \_|_||_|_/  |_____/   \_____| |______| |_____| \ ___| |_|\_\
03-10-2023 17:11:16.522Z;functions.bot_text_art;     |_||_|                                                     
03-10-2023 17:11:16.522Z;functions.bot_text_art;     | ||_|_   
03-10-2023 17:11:16.523Z;functions.bot_text_art;   |___||___|  
03-10-2023 17:11:16.523Z;functions.bot_text_art;               
03-10-2023 17:11:16.541Z;functions.open_RM;  OPEN PROGRAM RM
03-10-2023 17:11:25.133Z;functions.loggin_RM;  ENTER USER_NAME
03-10-2023 17:11:26.364Z;functions.loggin_RM;  ENTER PASSWORD
03-10-2023 17:11:27.281Z;functions.loggin_RM;  ENTER RM
03-10-2023 17:11:50.964Z;functions.enter_coligada;  CLICK CONTEXTO
03-10-2023 17:11:55.412Z;functions.enter_coligada;  CLICK COLIGADA 1
03-10-2023 17:11:57.192Z;functions.enter_coligada;  CLICK AVANÇAR
03-10-2023 17:11:59.465Z;functions.enter_coligada;  INSERE O COLIGADA CODE = 1
03-10-2023 17:11:59.569Z;functions.enter_coligada;  APERTA TAB PARA PREENCHER O CAMPO COM A STRING: OCEANICA ENGENHARIA E CONSULTORIA S.A.
03-10-2023 17:12:00.600Z;functions.enter_coligada;  CLICK AVANÇAR NOVAMENTE
03-10-2023 17:12:01.586Z;functions.enter_coligada;  CLICK CONCLUIR
03-10-2023 17:12:15.673Z;functions.enter_coligada;  POP UP COLIGADA DESAPARECER
03-10-2023 17:12:16.427Z;functions.enter_contas_a_pagar;  CLICK - TOTVS - LINHA RM
03-10-2023 17:12:17.717Z;functions.enter_contas_a_pagar;  CLICK - BACK OFFICE
03-10-2023 17:12:20.259Z;functions.enter_contas_a_pagar;  CLICK - GESTAO FINANCEIRA
03-10-2023 17:12:25.724Z;functions.enter_contas_a_pagar;  CLICK - CONTAS A PAGAR
03-10-2023 17:12:26.417Z;functions.waitForImage;  LANÇAMENTOS image found.
03-10-2023 17:12:28.545Z;functions.enter_contas_a_pagar;  CLICA EM LANÇAMENTOS
03-10-2023 17:12:30.549Z;functions.data_filter;  CLICK - SELECIONA A DATA DE QUARTA FEIRA E DA PROXIMA TERÇA
03-10-2023 17:12:30.550Z;functions.data_filter;  QUARTA-FEIRA: 04-10-2023
03-10-2023 17:12:30.552Z;functions.data_filter;  TERCA-FEIRA: 10-10-2023
03-10-2023 17:12:37.250Z;functions.data_filter;  ESCREVE REMESSA BANCÁRIA NO FILTRO
03-10-2023 17:12:38.154Z;functions.data_filter;  CLICK - BUTÃO DE SELECAO DE FILTRO
03-10-2023 17:12:40.642Z;functions.data_filter;  INSERE - DATA DE QUARTA-FEIRA: 04-10-2023
03-10-2023 17:12:42.549Z;functions.data_filter;  INSERE - DATA DA PROX TERCA-FEIRA: 10-10-2023
03-10-2023 17:12:43.362Z;functions.data_filter;  CLICK - BUTÃO DE EXECUTAR O FILTRO
03-10-2023 17:12:58.747Z;functions.waitForImage;  FILTER CLEAN image not found.
03-10-2023 17:13:21.896Z;functions.select_tipo_documento;  NOME DA COLUNA: Tipo de Documento
03-10-2023 17:13:23.414Z;functions.select_tipo_documento;  HOVER NOME DA COLUNA: Tipo de Documento
03-10-2023 17:13:23.532Z;functions.select_tipo_documento;  CLICA PARA APARECER O FILTRO PERSONALIZAR
03-10-2023 17:13:23.929Z;functions.select_tipo_documento;  CLICA NO FILTRO PERSONALIZAR
03-10-2023 17:13:25.447Z;functions.select_tipo_documento;  CLICA PARA SELECIONAR OPÇÕES DO FILTRO
03-10-2023 17:13:32.848Z;functions.select_tipo_documento;  CLICK BUTTON CONFIRMAR FILTRO
03-10-2023 17:13:34.530Z;functions.desmark_filter;  CLICK CHECKBOX LANÇAMENTOS A RECEBER
03-10-2023 17:13:35.721Z;functions.desmark_filter;  CLICK CHECKBOX LANÇAMENTOS BAIXADOS
03-10-2023 17:13:36.976Z;functions.desmark_filter;  CLICK CHECKBOX LANÇAMENTOS CANCELADOS
03-10-2023 17:13:38.486Z;functions.desmark_filter;  CLICK CHECKBOX LANÇAMENTOS FATURADOS
03-10-2023 17:13:39.938Z;functions.desmark_filter;  CLICK CHECKBOX LANÇAMENTOS FATURADOS
03-10-2023 17:13:41.191Z;functions.filter_IPTE;  CLICK NA PRIMEIRA LINHA E COLUNA DA TABELA
03-10-2023 17:13:56.246Z;functions.filter_IPTE;  147 PASSOS PARA DIREITA NA TABELA >>
03-10-2023 17:13:59.877Z;functions.filter_IPTE;  HOVER FILTER
03-10-2023 17:13:59.995Z;functions.filter_IPTE;  CLICK FILTER
03-10-2023 17:14:04.347Z;functions.filter_IPTE;  CLICA NO FILTRO PERSONALIZAR
03-10-2023 17:14:07.601Z;functions.filter_IPTE;  ABRE A NOTA
