28-09-2023 17:25:44.153Z;functions.bot_text_art;      __     
28-09-2023 17:25:44.154Z;functions.bot_text_art;     [____]    
28-09-2023 17:25:44.155Z;functions.bot_text_art;   |=]()()[=|  
28-09-2023 17:25:44.155Z;functions.bot_text_art;     _\==/__    _____    ____              _____    ___   _  __
28-09-2023 17:25:44.155Z;functions.bot_text_art;   |__|   |_|  |  _  \  / ___|   | |      |_   _| / ___| | |/ /
28-09-2023 17:25:44.155Z;functions.bot_text_art;   |_|_/\_|_|  | |  | | | |      | |        | |   | |    | ' / 
28-09-2023 17:25:44.156Z;functions.bot_text_art;   | | __ | |  | |  | | | |      | |        | |   | |    |  <  
28-09-2023 17:25:44.157Z;functions.bot_text_art;   |_|[  ]|_|  | |__| | | |____  | |____   _| |_  | |__  | . \ 
28-09-2023 17:25:44.158Z;functions.bot_text_art;   \_|_||_|_/  |_____/   \_____| |______| |_____| \ ___| |_|\_\
28-09-2023 17:25:44.159Z;functions.bot_text_art;     |_||_|                                                     
28-09-2023 17:25:44.160Z;functions.bot_text_art;     | ||_|_   
28-09-2023 17:25:44.160Z;functions.bot_text_art;   |___||___|  
28-09-2023 17:25:44.161Z;functions.bot_text_art;               
28-09-2023 17:25:44.168Z;functions.open_RM;  OPEN PROGRAM RM
28-09-2023 17:25:52.624Z;functions.loggin_RM;  ENTER USER_NAME
28-09-2023 17:25:53.806Z;functions.loggin_RM;  ENTER PASSWORD
28-09-2023 17:25:54.767Z;functions.loggin_RM;  ENTER RM
28-09-2023 17:26:18.381Z;functions.enter_contas_a_pagar;  CLICK - TOTVS - LINHA RM
28-09-2023 17:26:22.773Z;functions.enter_contas_a_pagar;  CLICK - BACK OFFICE
28-09-2023 17:26:25.483Z;functions.enter_contas_a_pagar;  CLICK - GESTAO FINANCEIRA
28-09-2023 17:26:29.053Z;functions.enter_contas_a_pagar;  CLICK - CONTAS A PAGAR
28-09-2023 17:26:30.138Z;functions.enter_contas_a_pagar;  CLICK - LANCAMENTOS
28-09-2023 17:26:30.140Z;functions.data_filter;  CLICK - SELECIONA A DATA DE QUARTA FEIRA E DA PROXIMA TERÇA
28-09-2023 17:26:30.140Z;functions.data_filter;  QUARTA-FEIRA: 27-09-2023
28-09-2023 17:26:30.141Z;functions.data_filter;  TERCA-FEIRA: 03-10-2023
28-09-2023 17:26:40.476Z;functions.waitForImage;  FILTER CLEAN image not found.
28-09-2023 17:26:41.578Z;functions.data_filter;  CLICK - SELECIONA FILTRO
28-09-2023 17:26:42.895Z;functions.data_filter;  CLICK - BUTÃO DE SELECAO DE FILTRO
28-09-2023 17:26:45.268Z;functions.data_filter;  INSERE - DATA DE QUARTA-FEIRA: 27-09-2023
28-09-2023 17:26:47.149Z;functions.data_filter;  INSERE - DATA DA PROX TERCA-FEIRA: 03-10-2023
28-09-2023 17:26:47.888Z;functions.data_filter;  CLICK - BUTÃO DE EXECUTAR O FILTRO
28-09-2023 17:26:53.101Z;functions.select_tipo_documento;  NOME DA COLUNA: Tipo de Documento
28-09-2023 17:26:54.603Z;functions.select_tipo_documento;  HOVER NOME DA COLUNA: Tipo de Documento
28-09-2023 17:26:54.721Z;functions.select_tipo_documento;  CLICA PARA APARECER O FILTRO PERSONALIZAR
28-09-2023 17:26:55.033Z;functions.select_tipo_documento;  CLICA NO FILTRO PERSONALIZAR
28-09-2023 17:26:56.431Z;functions.select_tipo_documento;  CLICA PARA SELECIONAR OPÇÕES DO FILTRO
28-09-2023 17:27:03.740Z;functions.select_tipo_documento;  CLICK BUTTON CONFIRMAR FILTRO
28-09-2023 17:27:04.842Z;functions.desmark_filter;  CLICK CHECKBOX LANÇAMENTOS A RECEBER
28-09-2023 17:27:06.057Z;functions.desmark_filter;  CLICK CHECKBOX LANÇAMENTOS BAIXADOS
28-09-2023 17:27:07.221Z;functions.desmark_filter;  CLICK CHECKBOX LANÇAMENTOS CANCELADOS
28-09-2023 17:27:08.533Z;functions.desmark_filter;  CLICK CHECKBOX LANÇAMENTOS FATURADOS
28-09-2023 17:27:09.806Z;functions.desmark_filter;  CLICK CHECKBOX LANÇAMENTOS FATURADOS
