28-09-2023 17:33:53.772Z;functions.bot_text_art;      __     
28-09-2023 17:33:53.773Z;functions.bot_text_art;     [____]    
28-09-2023 17:33:53.773Z;functions.bot_text_art;   |=]()()[=|  
28-09-2023 17:33:53.773Z;functions.bot_text_art;     _\==/__    _____    ____              _____    ___   _  __
28-09-2023 17:33:53.774Z;functions.bot_text_art;   |__|   |_|  |  _  \  / ___|   | |      |_   _| / ___| | |/ /
28-09-2023 17:33:53.774Z;functions.bot_text_art;   |_|_/\_|_|  | |  | | | |      | |        | |   | |    | ' / 
28-09-2023 17:33:53.775Z;functions.bot_text_art;   | | __ | |  | |  | | | |      | |        | |   | |    |  <  
28-09-2023 17:33:53.776Z;functions.bot_text_art;   |_|[  ]|_|  | |__| | | |____  | |____   _| |_  | |__  | . \ 
28-09-2023 17:33:53.777Z;functions.bot_text_art;   \_|_||_|_/  |_____/   \_____| |______| |_____| \ ___| |_|\_\
28-09-2023 17:33:53.778Z;functions.bot_text_art;     |_||_|                                                     
28-09-2023 17:33:53.778Z;functions.bot_text_art;     | ||_|_   
28-09-2023 17:33:53.779Z;functions.bot_text_art;   |___||___|  
28-09-2023 17:33:53.779Z;functions.bot_text_art;               
28-09-2023 17:33:53.785Z;functions.open_RM;  OPEN PROGRAM RM
28-09-2023 17:34:02.383Z;functions.loggin_RM;  ENTER USER_NAME
28-09-2023 17:34:03.541Z;functions.loggin_RM;  ENTER PASSWORD
28-09-2023 17:34:04.583Z;functions.loggin_RM;  ENTER RM
28-09-2023 17:34:27.976Z;functions.enter_contas_a_pagar;  CLICK - TOTVS - LINHA RM
28-09-2023 17:34:32.231Z;functions.enter_contas_a_pagar;  CLICK - BACK OFFICE
28-09-2023 17:34:34.931Z;functions.enter_contas_a_pagar;  CLICK - GESTAO FINANCEIRA
28-09-2023 17:34:38.859Z;functions.enter_contas_a_pagar;  CLICK - CONTAS A PAGAR
28-09-2023 17:34:39.879Z;functions.enter_contas_a_pagar;  CLICK - LANCAMENTOS
28-09-2023 17:34:39.880Z;functions.data_filter;  CLICK - SELECIONA A DATA DE QUARTA FEIRA E DA PROXIMA TERÇA
28-09-2023 17:34:39.881Z;functions.data_filter;  QUARTA-FEIRA: 27-09-2023
28-09-2023 17:34:39.881Z;functions.data_filter;  TERCA-FEIRA: 03-10-2023
28-09-2023 17:34:55.161Z;functions.waitForImage;  FILTER CLEAN image not found.
28-09-2023 17:34:56.323Z;functions.data_filter;  CLICK - SELECIONA FILTRO
28-09-2023 17:34:57.726Z;functions.data_filter;  CLICK - BUTÃO DE SELECAO DE FILTRO
28-09-2023 17:35:00.130Z;functions.data_filter;  INSERE - DATA DE QUARTA-FEIRA: 27-09-2023
28-09-2023 17:35:02.137Z;functions.data_filter;  INSERE - DATA DA PROX TERCA-FEIRA: 03-10-2023
28-09-2023 17:35:03.046Z;functions.data_filter;  CLICK - BUTÃO DE EXECUTAR O FILTRO
28-09-2023 17:35:08.750Z;functions.select_tipo_documento;  NOME DA COLUNA: Tipo de Documento
28-09-2023 17:35:10.360Z;functions.select_tipo_documento;  HOVER NOME DA COLUNA: Tipo de Documento
28-09-2023 17:35:10.495Z;functions.select_tipo_documento;  CLICA PARA APARECER O FILTRO PERSONALIZAR
28-09-2023 17:35:10.810Z;functions.select_tipo_documento;  CLICA NO FILTRO PERSONALIZAR
28-09-2023 17:35:12.324Z;functions.select_tipo_documento;  CLICA PARA SELECIONAR OPÇÕES DO FILTRO
28-09-2023 17:35:19.678Z;functions.select_tipo_documento;  CLICK BUTTON CONFIRMAR FILTRO
28-09-2023 17:35:21.109Z;functions.desmark_filter;  CLICK CHECKBOX LANÇAMENTOS A RECEBER
28-09-2023 17:35:22.502Z;functions.desmark_filter;  CLICK CHECKBOX LANÇAMENTOS BAIXADOS
28-09-2023 17:35:23.791Z;functions.desmark_filter;  CLICK CHECKBOX LANÇAMENTOS CANCELADOS
28-09-2023 17:35:25.199Z;functions.desmark_filter;  CLICK CHECKBOX LANÇAMENTOS FATURADOS
28-09-2023 17:35:26.619Z;functions.desmark_filter;  CLICK CHECKBOX LANÇAMENTOS FATURADOS
