28-09-2023 17:47:17.752Z;functions.bot_text_art;      __     
28-09-2023 17:47:17.753Z;functions.bot_text_art;     [____]    
28-09-2023 17:47:17.754Z;functions.bot_text_art;   |=]()()[=|  
28-09-2023 17:47:17.754Z;functions.bot_text_art;     _\==/__    _____    ____              _____    ___   _  __
28-09-2023 17:47:17.755Z;functions.bot_text_art;   |__|   |_|  |  _  \  / ___|   | |      |_   _| / ___| | |/ /
28-09-2023 17:47:17.755Z;functions.bot_text_art;   |_|_/\_|_|  | |  | | | |      | |        | |   | |    | ' / 
28-09-2023 17:47:17.756Z;functions.bot_text_art;   | | __ | |  | |  | | | |      | |        | |   | |    |  <  
28-09-2023 17:47:17.757Z;functions.bot_text_art;   |_|[  ]|_|  | |__| | | |____  | |____   _| |_  | |__  | . \ 
28-09-2023 17:47:17.759Z;functions.bot_text_art;   \_|_||_|_/  |_____/   \_____| |______| |_____| \ ___| |_|\_\
28-09-2023 17:47:17.759Z;functions.bot_text_art;     |_||_|                                                     
28-09-2023 17:47:17.760Z;functions.bot_text_art;     | ||_|_   
28-09-2023 17:47:17.760Z;functions.bot_text_art;   |___||___|  
28-09-2023 17:47:17.761Z;functions.bot_text_art;               
28-09-2023 17:47:17.772Z;functions.open_RM;  OPEN PROGRAM RM
28-09-2023 17:47:26.670Z;functions.loggin_RM;  ENTER USER_NAME
28-09-2023 17:47:27.975Z;functions.loggin_RM;  ENTER PASSWORD
28-09-2023 17:47:29.007Z;functions.loggin_RM;  ENTER RM
28-09-2023 17:47:53.028Z;functions.enter_contas_a_pagar;  CLICK - TOTVS - LINHA RM
28-09-2023 17:47:57.364Z;functions.enter_contas_a_pagar;  CLICK - BACK OFFICE
28-09-2023 17:48:00.062Z;functions.enter_contas_a_pagar;  CLICK - GESTAO FINANCEIRA
28-09-2023 17:48:04.184Z;functions.enter_contas_a_pagar;  CLICK - CONTAS A PAGAR
28-09-2023 17:48:05.162Z;functions.enter_contas_a_pagar;  CLICK - LANCAMENTOS
28-09-2023 17:48:05.165Z;functions.data_filter;  CLICK - SELECIONA A DATA DE QUARTA FEIRA E DA PROXIMA TERÇA
28-09-2023 17:48:05.165Z;functions.data_filter;  QUARTA-FEIRA: 27-09-2023
28-09-2023 17:48:05.166Z;functions.data_filter;  TERCA-FEIRA: 03-10-2023
28-09-2023 17:48:13.039Z;functions.data_filter;  CLICK - SELECIONA FILTRO
28-09-2023 17:48:14.482Z;functions.data_filter;  CLICK - BUTÃO DE SELECAO DE FILTRO
28-09-2023 17:48:16.886Z;functions.data_filter;  INSERE - DATA DE QUARTA-FEIRA: 27-09-2023
28-09-2023 17:48:18.817Z;functions.data_filter;  INSERE - DATA DA PROX TERCA-FEIRA: 03-10-2023
28-09-2023 17:48:19.619Z;functions.data_filter;  CLICK - BUTÃO DE EXECUTAR O FILTRO
28-09-2023 17:48:35.114Z;functions.waitForImage;  FILTER CLEAN image not found.
28-09-2023 17:48:36.626Z;functions.select_tipo_documento;  NOME DA COLUNA: Tipo de Documento
28-09-2023 17:48:38.189Z;functions.select_tipo_documento;  HOVER NOME DA COLUNA: Tipo de Documento
28-09-2023 17:48:38.323Z;functions.select_tipo_documento;  CLICA PARA APARECER O FILTRO PERSONALIZAR
28-09-2023 17:48:38.634Z;functions.select_tipo_documento;  CLICA NO FILTRO PERSONALIZAR
28-09-2023 17:48:40.100Z;functions.select_tipo_documento;  CLICA PARA SELECIONAR OPÇÕES DO FILTRO
28-09-2023 17:48:47.357Z;functions.select_tipo_documento;  CLICK BUTTON CONFIRMAR FILTRO
28-09-2023 17:48:49.235Z;functions.desmark_filter;  CLICK CHECKBOX LANÇAMENTOS A RECEBER
28-09-2023 17:48:50.417Z;functions.desmark_filter;  CLICK CHECKBOX LANÇAMENTOS BAIXADOS
28-09-2023 17:48:51.898Z;functions.desmark_filter;  CLICK CHECKBOX LANÇAMENTOS CANCELADOS
28-09-2023 17:48:53.425Z;functions.desmark_filter;  CLICK CHECKBOX LANÇAMENTOS FATURADOS
28-09-2023 17:48:54.804Z;functions.desmark_filter;  CLICK CHECKBOX LANÇAMENTOS FATURADOS
28-09-2023 17:48:56.070Z;functions.filter_IPTE;  CLICK NA PRIMEIRA LINHA E COLUNA DA TABELA
28-09-2023 17:49:11.120Z;functions.filter_IPTE;  147 PASSOS PARA DIREITA NA TABELA >>
28-09-2023 17:49:14.758Z;functions.filter_IPTE;  HOVER FILTER
28-09-2023 17:49:14.892Z;functions.filter_IPTE;  CLICK FILTER
28-09-2023 17:49:19.254Z;functions.filter_IPTE;  CLICA NO FILTRO PERSONALIZAR
