28-09-2023 17:44:32.418Z;functions.bot_text_art;      __     
28-09-2023 17:44:32.418Z;functions.bot_text_art;     [____]    
28-09-2023 17:44:32.419Z;functions.bot_text_art;   |=]()()[=|  
28-09-2023 17:44:32.419Z;functions.bot_text_art;     _\==/__    _____    ____              _____    ___   _  __
28-09-2023 17:44:32.420Z;functions.bot_text_art;   |__|   |_|  |  _  \  / ___|   | |      |_   _| / ___| | |/ /
28-09-2023 17:44:32.420Z;functions.bot_text_art;   |_|_/\_|_|  | |  | | | |      | |        | |   | |    | ' / 
28-09-2023 17:44:32.421Z;functions.bot_text_art;   | | __ | |  | |  | | | |      | |        | |   | |    |  <  
28-09-2023 17:44:32.423Z;functions.bot_text_art;   |_|[  ]|_|  | |__| | | |____  | |____   _| |_  | |__  | . \ 
28-09-2023 17:44:32.424Z;functions.bot_text_art;   \_|_||_|_/  |_____/   \_____| |______| |_____| \ ___| |_|\_\
28-09-2023 17:44:32.425Z;functions.bot_text_art;     |_||_|                                                     
28-09-2023 17:44:32.427Z;functions.bot_text_art;     | ||_|_   
28-09-2023 17:44:32.428Z;functions.bot_text_art;   |___||___|  
28-09-2023 17:44:32.429Z;functions.bot_text_art;               
28-09-2023 17:44:32.438Z;functions.open_RM;  OPEN PROGRAM RM
28-09-2023 17:44:42.174Z;functions.loggin_RM;  ENTER USER_NAME
28-09-2023 17:44:43.332Z;functions.loggin_RM;  ENTER PASSWORD
28-09-2023 17:44:44.254Z;functions.loggin_RM;  ENTER RM
28-09-2023 17:45:08.384Z;functions.enter_contas_a_pagar;  CLICK - TOTVS - LINHA RM
28-09-2023 17:45:12.651Z;functions.enter_contas_a_pagar;  CLICK - BACK OFFICE
28-09-2023 17:45:15.370Z;functions.enter_contas_a_pagar;  CLICK - GESTAO FINANCEIRA
28-09-2023 17:45:18.982Z;functions.enter_contas_a_pagar;  CLICK - CONTAS A PAGAR
28-09-2023 17:45:20.012Z;functions.enter_contas_a_pagar;  CLICK - LANCAMENTOS
28-09-2023 17:45:20.016Z;functions.data_filter;  CLICK - SELECIONA A DATA DE QUARTA FEIRA E DA PROXIMA TERÇA
28-09-2023 17:45:20.016Z;functions.data_filter;  QUARTA-FEIRA: 27-09-2023
28-09-2023 17:45:20.028Z;functions.data_filter;  TERCA-FEIRA: 03-10-2023
28-09-2023 17:45:26.834Z;functions.data_filter;  CLICK - SELECIONA FILTRO
28-09-2023 17:45:28.174Z;functions.data_filter;  CLICK - BUTÃO DE SELECAO DE FILTRO
28-09-2023 17:45:30.549Z;functions.data_filter;  INSERE - DATA DE QUARTA-FEIRA: 27-09-2023
28-09-2023 17:45:32.533Z;functions.data_filter;  INSERE - DATA DA PROX TERCA-FEIRA: 03-10-2023
28-09-2023 17:45:33.490Z;functions.data_filter;  CLICK - BUTÃO DE EXECUTAR O FILTRO
28-09-2023 17:45:38.594Z;functions.waitForImage;  FILTER CLEAN image found.
28-09-2023 17:45:40.711Z;functions.filter_clean;  CLICA NO BOTÃO X DO LIMPA FILTRO
28-09-2023 17:45:44.230Z;functions.select_tipo_documento;  NOME DA COLUNA: Tipo de Documento
28-09-2023 17:45:45.833Z;functions.select_tipo_documento;  HOVER NOME DA COLUNA: Tipo de Documento
28-09-2023 17:45:45.952Z;functions.select_tipo_documento;  CLICA PARA APARECER O FILTRO PERSONALIZAR
28-09-2023 17:45:46.265Z;functions.select_tipo_documento;  CLICA NO FILTRO PERSONALIZAR
28-09-2023 17:45:47.768Z;functions.select_tipo_documento;  CLICA PARA SELECIONAR OPÇÕES DO FILTRO
28-09-2023 17:45:55.036Z;functions.select_tipo_documento;  CLICK BUTTON CONFIRMAR FILTRO
28-09-2023 17:45:56.619Z;functions.desmark_filter;  CLICK CHECKBOX LANÇAMENTOS A RECEBER
28-09-2023 17:45:57.886Z;functions.desmark_filter;  CLICK CHECKBOX LANÇAMENTOS BAIXADOS
28-09-2023 17:45:59.236Z;functions.desmark_filter;  CLICK CHECKBOX LANÇAMENTOS CANCELADOS
28-09-2023 17:46:00.760Z;functions.desmark_filter;  CLICK CHECKBOX LANÇAMENTOS FATURADOS
28-09-2023 17:46:02.349Z;functions.desmark_filter;  CLICK CHECKBOX LANÇAMENTOS FATURADOS
28-09-2023 17:46:03.855Z;functions.filter_IPTE;  CLICK NA PRIMEIRA LINHA E COLUNA DA TABELA
28-09-2023 17:46:18.885Z;functions.filter_IPTE;  147 PASSOS PARA DIREITA NA TABELA >>
28-09-2023 17:46:22.212Z;functions.filter_IPTE;  HOVER FILTER
28-09-2023 17:46:22.330Z;functions.filter_IPTE;  CLICK FILTER
28-09-2023 17:46:26.657Z;functions.filter_IPTE;  CLICA NO FILTRO PERSONALIZAR
