30-10-2023 17:02:23.027Z;functions.bot_text_art;      ____   
30-10-2023 17:02:23.027Z;functions.bot_text_art;     [____]    
30-10-2023 17:02:23.027Z;functions.bot_text_art;   |=]()()[=|  
30-10-2023 17:02:23.027Z;functions.bot_text_art;     _\==/__    _____    ____     _        _____    ___   _  __
30-10-2023 17:02:23.028Z;functions.bot_text_art;   |__|   |_|  |  _  \  / ___|   | |      |_   _| / ___| | |/ /
30-10-2023 17:02:23.028Z;functions.bot_text_art;   |_|_/\_|_|  | |  | | | |      | |        | |   | |    | ' / 
30-10-2023 17:02:23.028Z;functions.bot_text_art;   | | __ | |  | |  | | | |      | |        | |   | |    |  <  
30-10-2023 17:02:23.029Z;functions.bot_text_art;   |_|[  ]|_|  | |__| | | |____  | |____   _| |_  | |__  | . \ 
30-10-2023 17:02:23.030Z;functions.bot_text_art;   \_|_||_|_/  |_____/   \_____| |______| |_____| \ ___| |_|\_\
30-10-2023 17:02:23.030Z;functions.bot_text_art;     |_||_|                                                     
30-10-2023 17:02:23.031Z;functions.bot_text_art;     | ||_|_   
30-10-2023 17:02:23.031Z;functions.bot_text_art;   |___||___|  
30-10-2023 17:02:23.031Z;functions.bot_text_art;               
30-10-2023 17:02:23.035Z;functions.open_RM;  OPEN PROGRAM RM
30-10-2023 17:05:06.291Z;functions.loggin_RM;  ENTER USER_NAME
30-10-2023 17:05:07.128Z;functions.loggin_RM;  ENTER PASSWORD
30-10-2023 17:05:07.811Z;functions.loggin_RM;  ENTER RM
30-10-2023 17:05:29.261Z;functions.enter_coligada;  CLICK CONTEXTO
30-10-2023 17:05:33.333Z;functions.enter_coligada;  CLICK COLIGADA 1
30-10-2023 17:05:34.766Z;functions.enter_coligada;  CLICK AVANÇAR
30-10-2023 17:05:36.636Z;functions.enter_coligada;  INSERE O COLIGADA CODE = 1
30-10-2023 17:05:36.738Z;functions.enter_coligada;  APERTA TAB PARA PREENCHER O CAMPO COM A STRING: OCEANICA ENGENHARIA E CONSULTORIA S.A.
30-10-2023 17:05:37.731Z;functions.enter_coligada;  CLICK AVANÇAR NOVAMENTE
30-10-2023 17:05:38.637Z;functions.enter_coligada;  CLICK CONCLUIR
30-10-2023 17:05:49.319Z;functions.enter_coligada;  POP UP COLIGADA DESAPARECER
30-10-2023 17:05:49.935Z;functions.enter_contas_a_pagar;  CLICK - TOTVS - LINHA RM
30-10-2023 17:05:51.040Z;functions.enter_contas_a_pagar;  CLICK - BACK OFFICE
30-10-2023 17:05:53.363Z;functions.enter_contas_a_pagar;  CLICK - GESTAO FINANCEIRA
30-10-2023 17:05:58.704Z;functions.enter_contas_a_pagar;  CLICK - CONTAS A PAGAR
30-10-2023 17:05:59.886Z;functions.waitForImage;  LANÇAMENTOS image found.
30-10-2023 17:06:01.999Z;functions.enter_contas_a_pagar;  CLICA EM LANÇAMENTOS
30-10-2023 17:06:04.001Z;functions.data_filter;  CLICK - SELECIONA A DATA DE QUARTA FEIRA E DA PROXIMA TERÇA
30-10-2023 17:06:04.001Z;functions.data_filter;  QUARTA-FEIRA: 01-11-2023
30-10-2023 17:06:04.001Z;functions.data_filter;  TERCA-FEIRA: 07-11-2023
30-10-2023 17:06:11.010Z;functions.data_filter;  ESCREVE REMESSA PAGAMENTO PIX NO FILTRO
30-10-2023 17:06:11.627Z;functions.data_filter;  CLICK - BUTÃO DE SELECAO DE FILTRO
30-10-2023 17:06:13.797Z;functions.data_filter;  INSERE - DATA DE QUARTA-FEIRA: 01-11-2023
30-10-2023 17:06:15.443Z;functions.data_filter;  INSERE - DATA DA PROX TERCA-FEIRA: 07-11-2023
30-10-2023 17:06:16.079Z;functions.data_filter;  CLICK - BUTÃO DE EXECUTAR O FILTRO
30-10-2023 17:07:46.864Z;functions.select_tipo_documento;  NOME DA COLUNA: Tipo de Documento
30-10-2023 17:07:48.080Z;functions.select_tipo_documento;  HOVER NOME DA COLUNA: Tipo de Documento
30-10-2023 17:07:48.211Z;functions.select_tipo_documento;  CLICA PARA APARECER O FILTRO PERSONALIZAR
30-10-2023 17:07:48.521Z;functions.select_tipo_documento;  CLICA NO FILTRO PERSONALIZAR
30-10-2023 17:08:07.048Z;functions.show_exception_and_exit;  'NoneType' object has no attribute 'click'
Traceback (most recent call last):
  File "c:\Projetos\Remessas_Pix\main.py", line 16, in <module>
    select_tipo_documento()
  File "c:\Projetos\Remessas_Pix\SUBPROGRAMS\functions.py", line 232, in select_tipo_documento
    into_filter_personalizar.click()
    ^^^^^^^^^^^^^^^^^^^^^^^^^^^^^^
AttributeError: 'NoneType' object has no attribute 'click'
