30-10-2023 17:21:55.811Z;functions.bot_text_art;      ____   
30-10-2023 17:21:55.811Z;functions.bot_text_art;     [____]    
30-10-2023 17:21:55.811Z;functions.bot_text_art;   |=]()()[=|  
30-10-2023 17:21:55.811Z;functions.bot_text_art;     _\==/__    _____    ____     _        _____    ___   _  __
30-10-2023 17:21:55.812Z;functions.bot_text_art;   |__|   |_|  |  _  \  / ___|   | |      |_   _| / ___| | |/ /
30-10-2023 17:21:55.812Z;functions.bot_text_art;   |_|_/\_|_|  | |  | | | |      | |        | |   | |    | ' / 
30-10-2023 17:21:55.813Z;functions.bot_text_art;   | | __ | |  | |  | | | |      | |        | |   | |    |  <  
30-10-2023 17:21:55.813Z;functions.bot_text_art;   |_|[  ]|_|  | |__| | | |____  | |____   _| |_  | |__  | . \ 
30-10-2023 17:21:55.815Z;functions.bot_text_art;   \_|_||_|_/  |_____/   \_____| |______| |_____| \ ___| |_|\_\
30-10-2023 17:21:55.815Z;functions.bot_text_art;     |_||_|                                                     
30-10-2023 17:21:55.815Z;functions.bot_text_art;     | ||_|_   
30-10-2023 17:21:55.816Z;functions.bot_text_art;   |___||___|  
30-10-2023 17:21:55.816Z;functions.bot_text_art;               
30-10-2023 17:21:55.819Z;functions.open_RM;  OPEN PROGRAM RM
30-10-2023 17:22:03.199Z;functions.loggin_RM;  ENTER USER_NAME
30-10-2023 17:22:04.015Z;functions.loggin_RM;  ENTER PASSWORD
30-10-2023 17:22:04.710Z;functions.loggin_RM;  ENTER RM
30-10-2023 17:22:26.371Z;functions.enter_coligada;  CLICK CONTEXTO
30-10-2023 17:22:30.321Z;functions.enter_coligada;  CLICK COLIGADA 1
30-10-2023 17:22:31.738Z;functions.enter_coligada;  CLICK AVANÇAR
30-10-2023 17:22:33.549Z;functions.enter_coligada;  INSERE O COLIGADA CODE = 1
30-10-2023 17:22:33.651Z;functions.enter_coligada;  APERTA TAB PARA PREENCHER O CAMPO COM A STRING: OCEANICA ENGENHARIA E CONSULTORIA S.A.
30-10-2023 17:22:34.657Z;functions.enter_coligada;  CLICK AVANÇAR NOVAMENTE
30-10-2023 17:22:35.566Z;functions.enter_coligada;  CLICK CONCLUIR
30-10-2023 17:22:46.167Z;functions.enter_coligada;  POP UP COLIGADA DESAPARECER
30-10-2023 17:22:46.799Z;functions.enter_contas_a_pagar;  CLICK - TOTVS - LINHA RM
30-10-2023 17:22:47.886Z;functions.enter_contas_a_pagar;  CLICK - BACK OFFICE
30-10-2023 17:22:50.230Z;functions.enter_contas_a_pagar;  CLICK - GESTAO FINANCEIRA
30-10-2023 17:22:55.563Z;functions.enter_contas_a_pagar;  CLICK - CONTAS A PAGAR
30-10-2023 17:22:55.661Z;functions.waitForImage;  LANÇAMENTOS image found.
30-10-2023 17:22:57.764Z;functions.enter_contas_a_pagar;  CLICA EM LANÇAMENTOS
30-10-2023 17:22:59.766Z;functions.data_filter;  CLICK - SELECIONA A DATA DE QUARTA FEIRA E DA PROXIMA TERÇA
30-10-2023 17:22:59.767Z;functions.data_filter;  QUARTA-FEIRA: 01-11-2023
30-10-2023 17:22:59.767Z;functions.data_filter;  TERCA-FEIRA: 07-11-2023
30-10-2023 17:23:06.096Z;functions.data_filter;  ESCREVE REMESSA PAGAMENTO PIX NO FILTRO
30-10-2023 17:23:06.714Z;functions.data_filter;  CLICK - BUTÃO DE SELECAO DE FILTRO
30-10-2023 17:23:08.884Z;functions.data_filter;  INSERE - DATA DE QUARTA-FEIRA: 01-11-2023
30-10-2023 17:23:10.499Z;functions.data_filter;  INSERE - DATA DA PROX TERCA-FEIRA: 07-11-2023
30-10-2023 17:23:11.131Z;functions.data_filter;  CLICK - BUTÃO DE EXECUTAR O FILTRO
30-10-2023 17:24:37.963Z;functions.select_tipo_documento;  NOME DA COLUNA: Tipo de Documento
30-10-2023 17:24:39.208Z;functions.select_tipo_documento;  HOVER NOME DA COLUNA: Tipo de Documento
30-10-2023 17:24:39.325Z;functions.select_tipo_documento;  CLICA PARA APARECER O FILTRO PERSONALIZAR
30-10-2023 17:24:39.633Z;functions.select_tipo_documento;  CLICA NO FILTRO PERSONALIZAR
30-10-2023 17:24:40.511Z;functions.select_tipo_documento;  CLICA PARA SELECIONAR OPÇÕES DO FILTRO
30-10-2023 17:24:47.521Z;functions.select_tipo_documento;  CLICK BUTTON CONFIRMAR FILTRO
30-10-2023 17:24:48.999Z;functions.desmark_filter;  CLICK CHECKBOX LANÇAMENTOS A RECEBER
30-10-2023 17:24:49.836Z;functions.desmark_filter;  CLICK CHECKBOX LANÇAMENTOS BAIXADOS
30-10-2023 17:24:50.710Z;functions.desmark_filter;  CLICK CHECKBOX LANÇAMENTOS CANCELADOS
30-10-2023 17:24:51.625Z;functions.desmark_filter;  CLICK CHECKBOX LANÇAMENTOS FATURADOS
30-10-2023 17:24:52.564Z;functions.desmark_filter;  CLICK CHECKBOX LANÇAMENTOS FATURADOS
30-10-2023 17:24:53.630Z;functions.process_lancamentos;  SELECIONA TODOS OS LANÇAMENTOS PARA SEREM PROCESSADOS
30-10-2023 17:24:58.351Z;functions.process_lancamentos;  CLICA PARA APARECER CONTA/CAIXA
30-10-2023 17:24:59.241Z;functions.process_lancamentos;  SELECIONA CONTA/CAIXA
30-10-2023 17:24:59.982Z;functions.process_lancamentos;  CLICA NO BOTÃO [...]
30-10-2023 17:25:01.563Z;functions.process_lancamentos;  CLICA NO CAMPO PESQUISA E DIGITA: %3212
30-10-2023 17:25:02.254Z;functions.process_lancamentos;  CLICA NO BOTÃO DO FILTRO
30-10-2023 17:25:03.087Z;functions.process_lancamentos;  CLICA NO BOTÃO OK
30-10-2023 17:25:03.858Z;functions.process_lancamentos;  CLICA NO BOTÃO EXECUTAR
30-10-2023 17:25:37.104Z;functions.process_lancamentos;  EXECUÇÃO FINALIZADA
30-10-2023 17:26:07.723Z;functions.show_exception_and_exit;  
Traceback (most recent call last):
  File "c:\Projetos\Remessas_Pix\main.py", line 18, in <module>
    process_lancamentos()
  File "c:\Projetos\Remessas_Pix\SUBPROGRAMS\functions.py", line 459, in process_lancamentos
    exec_success_process = waitForImage(image = exec_sucesso, timeout=600, name = 'PRESS BUTTON OK')
                           ^^^^^^^^^^^^^^^^^^^^^^^^^^^^^^^^^^^^^^^^^^^^^^^^^^^^^^^^^^^^^^^^^^^^^^^^^
  File "c:\Projetos\Remessas_Pix\SUBPROGRAMS\functions.py", line 889, in waitForImage
    time.sleep(0.5)
KeyboardInterrupt
