30-10-2023 17:51:49.798Z;functions.bot_text_art;      ____   
30-10-2023 17:51:49.799Z;functions.bot_text_art;     [____]    
30-10-2023 17:51:49.799Z;functions.bot_text_art;   |=]()()[=|  
30-10-2023 17:51:49.799Z;functions.bot_text_art;     _\==/__    _____    ____     _        _____    ___   _  __
30-10-2023 17:51:49.800Z;functions.bot_text_art;   |__|   |_|  |  _  \  / ___|   | |      |_   _| / ___| | |/ /
30-10-2023 17:51:49.800Z;functions.bot_text_art;   |_|_/\_|_|  | |  | | | |      | |        | |   | |    | ' / 
30-10-2023 17:51:49.801Z;functions.bot_text_art;   | | __ | |  | |  | | | |      | |        | |   | |    |  <  
30-10-2023 17:51:49.801Z;functions.bot_text_art;   |_|[  ]|_|  | |__| | | |____  | |____   _| |_  | |__  | . \ 
30-10-2023 17:51:49.802Z;functions.bot_text_art;   \_|_||_|_/  |_____/   \_____| |______| |_____| \ ___| |_|\_\
30-10-2023 17:51:49.803Z;functions.bot_text_art;     |_||_|                                                     
30-10-2023 17:51:49.803Z;functions.bot_text_art;     | ||_|_   
30-10-2023 17:51:49.803Z;functions.bot_text_art;   |___||___|  
30-10-2023 17:51:49.803Z;functions.bot_text_art;               
30-10-2023 17:51:49.805Z;functions.open_RM;  OPEN PROGRAM RM
30-10-2023 17:51:57.211Z;functions.loggin_RM;  ENTER USER_NAME
30-10-2023 17:51:58.061Z;functions.loggin_RM;  ENTER PASSWORD
30-10-2023 17:51:58.764Z;functions.loggin_RM;  ENTER RM
30-10-2023 17:52:20.398Z;functions.enter_coligada;  CLICK CONTEXTO
30-10-2023 17:52:24.324Z;functions.enter_coligada;  CLICK COLIGADA 1
30-10-2023 17:52:25.757Z;functions.enter_coligada;  CLICK AVANÇAR
30-10-2023 17:52:27.586Z;functions.enter_coligada;  INSERE O COLIGADA CODE = 1
30-10-2023 17:52:27.688Z;functions.enter_coligada;  APERTA TAB PARA PREENCHER O CAMPO COM A STRING: OCEANICA ENGENHARIA E CONSULTORIA S.A.
30-10-2023 17:52:28.679Z;functions.enter_coligada;  CLICK AVANÇAR NOVAMENTE
30-10-2023 17:52:29.587Z;functions.enter_coligada;  CLICK CONCLUIR
30-10-2023 17:52:40.268Z;functions.enter_coligada;  POP UP COLIGADA DESAPARECER
30-10-2023 17:52:40.900Z;functions.enter_contas_a_pagar;  CLICK - TOTVS - LINHA RM
30-10-2023 17:52:41.990Z;functions.enter_contas_a_pagar;  CLICK - BACK OFFICE
30-10-2023 17:52:42.713Z;functions.enter_contas_a_pagar;  CLICK - GESTAO FINANCEIRA
30-10-2023 17:52:48.018Z;functions.enter_contas_a_pagar;  CLICK - CONTAS A PAGAR
30-10-2023 17:52:48.129Z;functions.waitForImage;  LANÇAMENTOS image found.
30-10-2023 17:52:50.231Z;functions.enter_contas_a_pagar;  CLICA EM LANÇAMENTOS
30-10-2023 17:52:52.233Z;functions.data_filter;  CLICK - SELECIONA A DATA DE QUARTA FEIRA E DA PROXIMA TERÇA
30-10-2023 17:52:52.233Z;functions.data_filter;  QUARTA-FEIRA: 01-11-2023
30-10-2023 17:52:52.234Z;functions.data_filter;  TERCA-FEIRA: 07-11-2023
30-10-2023 17:52:58.510Z;functions.data_filter;  ESCREVE REMESSA PAGAMENTO PIX NO FILTRO
30-10-2023 17:52:59.156Z;functions.data_filter;  CLICK - BUTÃO DE SELECAO DE FILTRO
30-10-2023 17:53:01.350Z;functions.data_filter;  INSERE - DATA DE QUARTA-FEIRA: 01-11-2023
30-10-2023 17:53:02.965Z;functions.data_filter;  INSERE - DATA DA PROX TERCA-FEIRA: 07-11-2023
30-10-2023 17:53:03.611Z;functions.data_filter;  CLICK - BUTÃO DE EXECUTAR O FILTRO
30-10-2023 17:54:24.673Z;functions.select_tipo_documento;  NOME DA COLUNA: Tipo de Documento
30-10-2023 17:54:25.933Z;functions.select_tipo_documento;  HOVER NOME DA COLUNA: Tipo de Documento
30-10-2023 17:54:26.066Z;functions.select_tipo_documento;  CLICA PARA APARECER O FILTRO PERSONALIZAR
30-10-2023 17:54:26.387Z;functions.select_tipo_documento;  CLICA NO FILTRO PERSONALIZAR
30-10-2023 17:54:27.284Z;functions.select_tipo_documento;  CLICA PARA SELECIONAR OPÇÕES DO FILTRO
30-10-2023 17:54:34.311Z;functions.select_tipo_documento;  CLICK BUTTON CONFIRMAR FILTRO
30-10-2023 17:54:35.526Z;functions.desmark_filter;  CLICK CHECKBOX LANÇAMENTOS A RECEBER
30-10-2023 17:54:36.359Z;functions.desmark_filter;  CLICK CHECKBOX LANÇAMENTOS BAIXADOS
30-10-2023 17:54:37.245Z;functions.desmark_filter;  CLICK CHECKBOX LANÇAMENTOS CANCELADOS
30-10-2023 17:54:38.182Z;functions.desmark_filter;  CLICK CHECKBOX LANÇAMENTOS FATURADOS
30-10-2023 17:54:39.158Z;functions.desmark_filter;  CLICK CHECKBOX LANÇAMENTOS FATURADOS
30-10-2023 17:54:39.984Z;functions.process_lancamentos;  SELECIONA TODOS OS LANÇAMENTOS PARA SEREM PROCESSADOS
30-10-2023 17:54:44.711Z;functions.process_lancamentos;  CLICA PARA APARECER CONTA/CAIXA
30-10-2023 17:54:45.623Z;functions.process_lancamentos;  SELECIONA CONTA/CAIXA
30-10-2023 17:54:46.379Z;functions.process_lancamentos;  CLICA NO BOTÃO [...]
30-10-2023 17:54:47.789Z;functions.process_lancamentos;  CLICA NO CAMPO PESQUISA E DIGITA: %3212
30-10-2023 17:54:48.470Z;functions.process_lancamentos;  CLICA NO BOTÃO DO FILTRO
30-10-2023 17:54:49.264Z;functions.process_lancamentos;  CLICA NO BOTÃO OK
30-10-2023 17:54:50.019Z;functions.process_lancamentos;  CLICA NO BOTÃO EXECUTAR
30-10-2023 17:55:10.918Z;functions.process_lancamentos;  EXECUÇÃO FINALIZADA
30-10-2023 17:55:10.919Z;functions.process_lancamentos;  PROCESSO EXECUTADO COM SUCESSO.
30-10-2023 17:55:11.584Z;functions.process_lancamentos;  CLICK EM FECHAR.
30-10-2023 17:58:53.126Z;functions.show_exception_and_exit;  
Traceback (most recent call last):
  File "c:\Projetos\Remessas_Pix\main.py", line 18, in <module>
    process_lancamentos()
  File "c:\Projetos\Remessas_Pix\SUBPROGRAMS\functions.py", line 487, in process_lancamentos
    exec_success_process = waitForImage(image = exec_sucesso, timeout=600, name = 'PRESS BUTTON OK')
                           ^^^^^^^^^^^^^^^^^^^^^^^^^^^^^^^^^^^^^^^^^^^^^^^^^^^^^^^^^^^^^^^^^^^^^^^^^
  File "c:\Projetos\Remessas_Pix\SUBPROGRAMS\functions.py", line 917, in waitForImage
    time.sleep(0.5)
KeyboardInterrupt
