30-10-2023 18:00:49.300Z;functions.bot_text_art;      ____   
30-10-2023 18:00:49.301Z;functions.bot_text_art;     [____]    
30-10-2023 18:00:49.301Z;functions.bot_text_art;   |=]()()[=|  
30-10-2023 18:00:49.301Z;functions.bot_text_art;     _\==/__    _____    ____     _        _____    ___   _  __
30-10-2023 18:00:49.301Z;functions.bot_text_art;   |__|   |_|  |  _  \  / ___|   | |      |_   _| / ___| | |/ /
30-10-2023 18:00:49.302Z;functions.bot_text_art;   |_|_/\_|_|  | |  | | | |      | |        | |   | |    | ' / 
30-10-2023 18:00:49.302Z;functions.bot_text_art;   | | __ | |  | |  | | | |      | |        | |   | |    |  <  
30-10-2023 18:00:49.303Z;functions.bot_text_art;   |_|[  ]|_|  | |__| | | |____  | |____   _| |_  | |__  | . \ 
30-10-2023 18:00:49.304Z;functions.bot_text_art;   \_|_||_|_/  |_____/   \_____| |______| |_____| \ ___| |_|\_\
30-10-2023 18:00:49.305Z;functions.bot_text_art;     |_||_|                                                     
30-10-2023 18:00:49.305Z;functions.bot_text_art;     | ||_|_   
30-10-2023 18:00:49.305Z;functions.bot_text_art;   |___||___|  
30-10-2023 18:00:49.305Z;functions.bot_text_art;               
30-10-2023 18:00:49.309Z;functions.open_RM;  OPEN PROGRAM RM
30-10-2023 18:00:56.680Z;functions.loggin_RM;  ENTER USER_NAME
30-10-2023 18:00:57.530Z;functions.loggin_RM;  ENTER PASSWORD
30-10-2023 18:00:58.209Z;functions.loggin_RM;  ENTER RM
30-10-2023 18:01:19.618Z;functions.enter_coligada;  CLICK CONTEXTO
30-10-2023 18:01:23.544Z;functions.enter_coligada;  CLICK COLIGADA 1
30-10-2023 18:01:24.969Z;functions.enter_coligada;  CLICK AVANÇAR
30-10-2023 18:01:26.787Z;functions.enter_coligada;  INSERE O COLIGADA CODE = 1
30-10-2023 18:01:26.888Z;functions.enter_coligada;  APERTA TAB PARA PREENCHER O CAMPO COM A STRING: OCEANICA ENGENHARIA E CONSULTORIA S.A.
30-10-2023 18:01:27.882Z;functions.enter_coligada;  CLICK AVANÇAR NOVAMENTE
30-10-2023 18:01:28.772Z;functions.enter_coligada;  CLICK CONCLUIR
30-10-2023 18:01:39.798Z;functions.enter_coligada;  POP UP COLIGADA DESAPARECER
30-10-2023 18:01:40.415Z;functions.enter_contas_a_pagar;  CLICK - TOTVS - LINHA RM
30-10-2023 18:01:41.513Z;functions.enter_contas_a_pagar;  CLICK - BACK OFFICE
30-10-2023 18:01:43.823Z;functions.enter_contas_a_pagar;  CLICK - GESTAO FINANCEIRA
30-10-2023 18:01:49.050Z;functions.enter_contas_a_pagar;  CLICK - CONTAS A PAGAR
30-10-2023 18:01:49.175Z;functions.waitForImage;  LANÇAMENTOS image found.
30-10-2023 18:01:51.277Z;functions.enter_contas_a_pagar;  CLICA EM LANÇAMENTOS
30-10-2023 18:01:53.278Z;functions.data_filter;  CLICK - SELECIONA A DATA DE QUARTA FEIRA E DA PROXIMA TERÇA
30-10-2023 18:01:53.279Z;functions.data_filter;  QUARTA-FEIRA: 01-11-2023
30-10-2023 18:01:53.279Z;functions.data_filter;  TERCA-FEIRA: 07-11-2023
30-10-2023 18:01:59.361Z;functions.data_filter;  ESCREVE REMESSA PAGAMENTO PIX NO FILTRO
30-10-2023 18:01:59.978Z;functions.data_filter;  CLICK - BUTÃO DE SELECAO DE FILTRO
30-10-2023 18:02:02.100Z;functions.data_filter;  INSERE - DATA DE QUARTA-FEIRA: 01-11-2023
30-10-2023 18:02:03.690Z;functions.data_filter;  INSERE - DATA DA PROX TERCA-FEIRA: 07-11-2023
30-10-2023 18:02:04.322Z;functions.data_filter;  CLICK - BUTÃO DE EXECUTAR O FILTRO
30-10-2023 18:03:23.814Z;functions.select_tipo_documento;  NOME DA COLUNA: Tipo de Documento
30-10-2023 18:03:25.033Z;functions.select_tipo_documento;  HOVER NOME DA COLUNA: Tipo de Documento
30-10-2023 18:03:25.166Z;functions.select_tipo_documento;  CLICA PARA APARECER O FILTRO PERSONALIZAR
30-10-2023 18:03:25.476Z;functions.select_tipo_documento;  CLICA NO FILTRO PERSONALIZAR
30-10-2023 18:03:26.357Z;functions.select_tipo_documento;  CLICA PARA SELECIONAR OPÇÕES DO FILTRO
30-10-2023 18:03:33.489Z;functions.select_tipo_documento;  CLICK BUTTON CONFIRMAR FILTRO
30-10-2023 18:03:34.644Z;functions.desmark_filter;  CLICK CHECKBOX LANÇAMENTOS A RECEBER
30-10-2023 18:03:35.458Z;functions.desmark_filter;  CLICK CHECKBOX LANÇAMENTOS BAIXADOS
30-10-2023 18:03:36.322Z;functions.desmark_filter;  CLICK CHECKBOX LANÇAMENTOS CANCELADOS
30-10-2023 18:03:37.215Z;functions.desmark_filter;  CLICK CHECKBOX LANÇAMENTOS FATURADOS
30-10-2023 18:03:38.128Z;functions.desmark_filter;  CLICK CHECKBOX LANÇAMENTOS FATURADOS
30-10-2023 18:03:38.985Z;functions.process_lancamentos;  SELECIONA TODOS OS LANÇAMENTOS PARA SEREM PROCESSADOS
30-10-2023 18:03:43.711Z;functions.process_lancamentos;  CLICA PARA APARECER CONTA/CAIXA
30-10-2023 18:03:44.593Z;functions.process_lancamentos;  SELECIONA CONTA/CAIXA
30-10-2023 18:03:45.320Z;functions.process_lancamentos;  CLICA NO BOTÃO [...]
30-10-2023 18:03:46.705Z;functions.process_lancamentos;  CLICA NO CAMPO PESQUISA E DIGITA: %3212
30-10-2023 18:03:47.387Z;functions.process_lancamentos;  CLICA NO BOTÃO DO FILTRO
30-10-2023 18:03:48.171Z;functions.process_lancamentos;  CLICA NO BOTÃO OK
30-10-2023 18:03:48.929Z;functions.process_lancamentos;  CLICA NO BOTÃO EXECUTAR
30-10-2023 18:04:22.060Z;functions.process_lancamentos;  EXECUÇÃO FINALIZADA
30-10-2023 18:04:22.060Z;functions.process_lancamentos;  PROCESSO EXECUTADO COM SUCESSO.
30-10-2023 18:04:22.681Z;functions.process_lancamentos;  CLICK EM FECHAR.
