30-10-2023 18:07:40.865Z;functions.bot_text_art;      ____   
30-10-2023 18:07:40.866Z;functions.bot_text_art;     [____]    
30-10-2023 18:07:40.866Z;functions.bot_text_art;   |=]()()[=|  
30-10-2023 18:07:40.866Z;functions.bot_text_art;     _\==/__    _____    ____     _        _____    ___   _  __
30-10-2023 18:07:40.866Z;functions.bot_text_art;   |__|   |_|  |  _  \  / ___|   | |      |_   _| / ___| | |/ /
30-10-2023 18:07:40.867Z;functions.bot_text_art;   |_|_/\_|_|  | |  | | | |      | |        | |   | |    | ' / 
30-10-2023 18:07:40.867Z;functions.bot_text_art;   | | __ | |  | |  | | | |      | |        | |   | |    |  <  
30-10-2023 18:07:40.868Z;functions.bot_text_art;   |_|[  ]|_|  | |__| | | |____  | |____   _| |_  | |__  | . \ 
30-10-2023 18:07:40.869Z;functions.bot_text_art;   \_|_||_|_/  |_____/   \_____| |______| |_____| \ ___| |_|\_\
30-10-2023 18:07:40.869Z;functions.bot_text_art;     |_||_|                                                     
30-10-2023 18:07:40.869Z;functions.bot_text_art;     | ||_|_   
30-10-2023 18:07:40.870Z;functions.bot_text_art;   |___||___|  
30-10-2023 18:07:40.870Z;functions.bot_text_art;               
30-10-2023 18:07:40.873Z;functions.open_RM;  OPEN PROGRAM RM
30-10-2023 18:07:48.331Z;functions.loggin_RM;  ENTER USER_NAME
30-10-2023 18:07:49.184Z;functions.loggin_RM;  ENTER PASSWORD
30-10-2023 18:07:49.881Z;functions.loggin_RM;  ENTER RM
30-10-2023 18:08:11.763Z;functions.enter_coligada;  CLICK CONTEXTO
30-10-2023 18:08:15.877Z;functions.enter_coligada;  CLICK COLIGADA 1
30-10-2023 18:08:17.048Z;functions.enter_coligada;  CLICK AVANÇAR
30-10-2023 18:08:18.888Z;functions.enter_coligada;  INSERE O COLIGADA CODE = 1
30-10-2023 18:08:18.990Z;functions.enter_coligada;  APERTA TAB PARA PREENCHER O CAMPO COM A STRING: OCEANICA ENGENHARIA E CONSULTORIA S.A.
30-10-2023 18:08:20.009Z;functions.enter_coligada;  CLICK AVANÇAR NOVAMENTE
30-10-2023 18:08:20.915Z;functions.enter_coligada;  CLICK CONCLUIR
30-10-2023 18:08:31.559Z;functions.enter_coligada;  POP UP COLIGADA DESAPARECER
30-10-2023 18:08:32.189Z;functions.enter_contas_a_pagar;  CLICK - TOTVS - LINHA RM
30-10-2023 18:08:33.280Z;functions.enter_contas_a_pagar;  CLICK - BACK OFFICE
30-10-2023 18:08:33.998Z;functions.enter_contas_a_pagar;  CLICK - GESTAO FINANCEIRA
30-10-2023 18:08:39.348Z;functions.enter_contas_a_pagar;  CLICK - CONTAS A PAGAR
30-10-2023 18:08:39.456Z;functions.waitForImage;  LANÇAMENTOS image found.
30-10-2023 18:08:41.558Z;functions.enter_contas_a_pagar;  CLICA EM LANÇAMENTOS
30-10-2023 18:08:43.561Z;functions.data_filter;  CLICK - SELECIONA A DATA DE QUARTA FEIRA E DA PROXIMA TERÇA
30-10-2023 18:08:43.561Z;functions.data_filter;  QUARTA-FEIRA: 01-11-2023
30-10-2023 18:08:43.561Z;functions.data_filter;  TERCA-FEIRA: 07-11-2023
30-10-2023 18:08:49.822Z;functions.data_filter;  ESCREVE REMESSA PAGAMENTO PIX NO FILTRO
30-10-2023 18:08:50.441Z;functions.data_filter;  CLICK - BUTÃO DE SELECAO DE FILTRO
30-10-2023 18:08:52.630Z;functions.data_filter;  INSERE - DATA DE QUARTA-FEIRA: 01-11-2023
30-10-2023 18:08:54.258Z;functions.data_filter;  INSERE - DATA DA PROX TERCA-FEIRA: 07-11-2023
30-10-2023 18:08:54.902Z;functions.data_filter;  CLICK - BUTÃO DE EXECUTAR O FILTRO
30-10-2023 18:10:21.180Z;functions.select_tipo_documento;  NOME DA COLUNA: Tipo de Documento
30-10-2023 18:10:22.446Z;functions.select_tipo_documento;  HOVER NOME DA COLUNA: Tipo de Documento
30-10-2023 18:10:22.548Z;functions.select_tipo_documento;  CLICA PARA APARECER O FILTRO PERSONALIZAR
30-10-2023 18:10:23.018Z;functions.select_tipo_documento;  CLICA NO FILTRO PERSONALIZAR
