30-10-2023 18:45:21.886Z;functions.bot_text_art;      ____   
30-10-2023 18:45:21.887Z;functions.bot_text_art;     [____]    
30-10-2023 18:45:21.887Z;functions.bot_text_art;   |=]()()[=|  
30-10-2023 18:45:21.887Z;functions.bot_text_art;     _\==/__    _____    ____     _        _____    ___   _  __
30-10-2023 18:45:21.887Z;functions.bot_text_art;   |__|   |_|  |  _  \  / ___|   | |      |_   _| / ___| | |/ /
30-10-2023 18:45:21.887Z;functions.bot_text_art;   |_|_/\_|_|  | |  | | | |      | |        | |   | |    | ' / 
30-10-2023 18:45:21.888Z;functions.bot_text_art;   | | __ | |  | |  | | | |      | |        | |   | |    |  <  
30-10-2023 18:45:21.888Z;functions.bot_text_art;   |_|[  ]|_|  | |__| | | |____  | |____   _| |_  | |__  | . \ 
30-10-2023 18:45:21.890Z;functions.bot_text_art;   \_|_||_|_/  |_____/   \_____| |______| |_____| \ ___| |_|\_\
30-10-2023 18:45:21.891Z;functions.bot_text_art;     |_||_|                                                     
30-10-2023 18:45:21.891Z;functions.bot_text_art;     | ||_|_   
30-10-2023 18:45:21.891Z;functions.bot_text_art;   |___||___|  
30-10-2023 18:45:21.891Z;functions.bot_text_art;               
30-10-2023 18:45:21.895Z;functions.open_RM;  OPEN PROGRAM RM
30-10-2023 18:45:29.281Z;functions.loggin_RM;  ENTER USER_NAME
30-10-2023 18:45:30.099Z;functions.loggin_RM;  ENTER PASSWORD
30-10-2023 18:45:30.775Z;functions.loggin_RM;  ENTER RM
30-10-2023 18:45:51.725Z;functions.enter_coligada;  CLICK CONTEXTO
30-10-2023 18:45:55.635Z;functions.enter_coligada;  CLICK COLIGADA 1
30-10-2023 18:45:56.833Z;functions.enter_coligada;  CLICK AVANÇAR
30-10-2023 18:45:58.661Z;functions.enter_coligada;  INSERE O COLIGADA CODE = 1
30-10-2023 18:45:58.763Z;functions.enter_coligada;  APERTA TAB PARA PREENCHER O CAMPO COM A STRING: OCEANICA ENGENHARIA E CONSULTORIA S.A.
30-10-2023 18:45:59.753Z;functions.enter_coligada;  CLICK AVANÇAR NOVAMENTE
30-10-2023 18:46:00.642Z;functions.enter_coligada;  CLICK CONCLUIR
30-10-2023 18:46:11.802Z;functions.enter_coligada;  POP UP COLIGADA DESAPARECER
30-10-2023 18:46:12.422Z;functions.enter_contas_a_pagar;  CLICK - TOTVS - LINHA RM
30-10-2023 18:46:13.498Z;functions.enter_contas_a_pagar;  CLICK - BACK OFFICE
30-10-2023 18:46:14.220Z;functions.enter_contas_a_pagar;  CLICK - GESTAO FINANCEIRA
30-10-2023 18:46:19.481Z;functions.enter_contas_a_pagar;  CLICK - CONTAS A PAGAR
30-10-2023 18:46:19.574Z;functions.waitForImage;  LANÇAMENTOS image found.
30-10-2023 18:46:21.677Z;functions.enter_contas_a_pagar;  CLICA EM LANÇAMENTOS
30-10-2023 18:46:23.679Z;functions.data_filter;  CLICK - SELECIONA A DATA DE QUARTA FEIRA E DA PROXIMA TERÇA
30-10-2023 18:46:23.679Z;functions.data_filter;  QUARTA-FEIRA: 01-11-2023
30-10-2023 18:46:23.679Z;functions.data_filter;  TERCA-FEIRA: 07-11-2023
30-10-2023 18:46:29.872Z;functions.data_filter;  ESCREVE REMESSA PAGAMENTO PIX NO FILTRO
30-10-2023 18:46:30.489Z;functions.data_filter;  CLICK - BUTÃO DE SELECAO DE FILTRO
30-10-2023 18:46:32.696Z;functions.data_filter;  INSERE - DATA DE QUARTA-FEIRA: 01-11-2023
30-10-2023 18:46:34.319Z;functions.data_filter;  INSERE - DATA DA PROX TERCA-FEIRA: 07-11-2023
30-10-2023 18:46:34.949Z;functions.data_filter;  CLICK - BUTÃO DE EXECUTAR O FILTRO
30-10-2023 18:47:55.905Z;functions.select_tipo_documento;  NOME DA COLUNA: Tipo de Documento
30-10-2023 18:47:57.123Z;functions.select_tipo_documento;  HOVER NOME DA COLUNA: Tipo de Documento
30-10-2023 18:47:57.255Z;functions.select_tipo_documento;  CLICA PARA APARECER O FILTRO PERSONALIZAR
30-10-2023 18:47:57.563Z;functions.select_tipo_documento;  CLICA NO FILTRO PERSONALIZAR
30-10-2023 18:47:58.429Z;functions.select_tipo_documento;  CLICA PARA SELECIONAR OPÇÕES DO FILTRO
30-10-2023 18:48:05.464Z;functions.select_tipo_documento;  CLICK BUTTON CONFIRMAR FILTRO
30-10-2023 18:48:06.620Z;functions.desmark_filter;  CLICK CHECKBOX LANÇAMENTOS A RECEBER
30-10-2023 18:48:07.448Z;functions.desmark_filter;  CLICK CHECKBOX LANÇAMENTOS BAIXADOS
30-10-2023 18:48:08.338Z;functions.desmark_filter;  CLICK CHECKBOX LANÇAMENTOS CANCELADOS
30-10-2023 18:48:09.241Z;functions.desmark_filter;  CLICK CHECKBOX LANÇAMENTOS FATURADOS
30-10-2023 18:48:10.158Z;functions.desmark_filter;  CLICK CHECKBOX LANÇAMENTOS FATURADOS
30-10-2023 18:48:11.171Z;functions.process_lancamentos;  SELECIONA TODOS OS LANÇAMENTOS PARA SEREM PROCESSADOS
30-10-2023 18:48:15.886Z;functions.process_lancamentos;  CLICA PARA APARECER CONTA/CAIXA
30-10-2023 18:48:16.768Z;functions.process_lancamentos;  SELECIONA CONTA/CAIXA
30-10-2023 18:48:17.491Z;functions.process_lancamentos;  CLICA NO BOTÃO [...]
30-10-2023 18:48:18.832Z;functions.process_lancamentos;  CLICA NO CAMPO PESQUISA E DIGITA: %3212
30-10-2023 18:48:19.499Z;functions.process_lancamentos;  CLICA NO BOTÃO DO FILTRO
30-10-2023 18:48:20.274Z;functions.process_lancamentos;  CLICA NO BOTÃO OK
30-10-2023 18:48:21.043Z;functions.process_lancamentos;  CLICA NO BOTÃO EXECUTAR
30-10-2023 18:48:38.619Z;functions.process_lancamentos;  PROCESSO FOI FINALIZADO
30-10-2023 18:48:38.707Z;functions.waitForImage;  PRESS BUTTON OK image found.
30-10-2023 18:48:40.709Z;functions.process_lancamentos;  O PROCESSAMENTO FOI EXECUTADO COM ERRO.
30-10-2023 18:48:43.443Z;functions.process_lancamentos;  Não foi possível alterar o lançamento 1-861294:
Campo 'IdConvenio' do lançamento '1-861294' não pode ser alterado em:
- Lançamentos de Borderô de Pagamento



   at RM.Fin.Lan.Alteracao.FinLanMasterSbc`1.ConsisteCamposAlterados(TContext context)
   at RM.Fin.Lan.Alteracao.FinLanMasterSbc`1.DoValidateContext(TContext context)
   at RM.Lib.Subscriber.RMSSubscriberSimple`1.ValidateContext(TContext context)
   at RM.Lib.Subscriber.RMSSubscriberController`2.DoPrepareSubscriber(List`1 contextList, Boolean initializeSubscriber)
   at RM.Lib.Subscriber.RMSSubscriberController`2.ExecuteOneLog(List`1 listParam, Int32 lenPackageCxt, Object ownerData)
*********************************************



30-10-2023 18:48:43.445Z;functions.process_lancamentos;  ERRO NO PROCESSAMENTO DA REMESSA: 861294
30-10-2023 18:48:44.070Z;functions.process_lancamentos;  CLICK EM FECHAR.
