2024-04-10 14:31:03,417; INFO; parameters.<module>.103: Pasta local: \\Riofs\dados\Documentos Financeiro\Extratos bancarios\Ebury\2024\04 - Abril
2024-04-10 14:31:03,417; INFO; functions.getPid.1010: Dentro função GetPid

2024-04-10 14:31:03,729; INFO; functions.getPid.1020: Process RM.exe / PID: 14624 found.
2024-04-10 14:31:03,729; INFO; functions.pidKillFinish.1031: Process RM.exe / PID: 14624 killed.
2024-04-10 14:31:03,729; INFO; functions.bot_text_art.7:     ____   
2024-04-10 14:31:03,729; INFO; functions.bot_text_art.8:    [____]    
2024-04-10 14:31:03,729; INFO; functions.bot_text_art.9:  |=]()()[=|  
2024-04-10 14:31:03,729; INFO; functions.bot_text_art.10:    _\==/__    _____    ____     _        _____    ___   _  __
2024-04-10 14:31:03,729; INFO; functions.bot_text_art.11:  |__|   |_|  |  _  \  / ___|   | |      |_   _| / ___| | |/ /
2024-04-10 14:31:03,729; INFO; functions.bot_text_art.12:  |_|_/\_|_|  | |  | | | |      | |        | |   | |    | ' / 
2024-04-10 14:31:03,729; INFO; functions.bot_text_art.13:  | | __ | |  | |  | | | |      | |        | |   | |    |  <  
2024-04-10 14:31:03,729; INFO; functions.bot_text_art.14:  |_|[  ]|_|  | |__| | | |____  | |____   _| |_  | |__  | . \ 
2024-04-10 14:31:03,745; INFO; functions.bot_text_art.15:  \_|_||_|_/  |_____/   \_____| |______| |_____| \ ___| |_|\_\
2024-04-10 14:31:03,745; INFO; functions.bot_text_art.16:    |_||_|                                                     
2024-04-10 14:31:03,750; INFO; functions.bot_text_art.17:    | ||_|_   
2024-04-10 14:31:03,758; INFO; functions.bot_text_art.18:  |___||___|  
2024-04-10 14:31:03,761; INFO; functions.bot_text_art.19:              
2024-04-10 14:31:03,762; INFO; functions.headerExcel.943: Criando EXCEL
2024-04-10 14:31:03,770; INFO; functions.headerExcel.963: EXCEL iniciado
2024-04-10 14:31:03,783; INFO; main.process.15: TODOS ARQUIVOS NA PASTA [].
2024-04-10 14:31:03,783; INFO; main.process.23: SERÃO TRATADOS 0 ARQUIVOS.
2024-04-10 14:31:03,784; INFO; main.process.24: ARQUIVOS: []
2024-04-10 14:31:03,785; INFO; main.process.28: NENHUM PDF "PARCIAL" DISPONÍVEL
2024-04-10 14:31:03,785; INFO; functions.encerra_prog.367: Fechando Excel...
2024-04-10 14:31:03,796; INFO; functions.getPid.1010: Dentro função GetPid

2024-04-10 14:31:04,119; INFO; functions.encerra_prog.373: RM ENCERRADO
2024-04-10 14:31:05,421; WARNING; errorhandler.__handle.104: Property: Unknown Property name. [1:203: -ms-interpolation-mode]
2024-04-10 14:31:05,432; WARNING; errorhandler.__handle.104: Property: Unknown Property name. [1:353: -webkit-font-smoothing]
2024-04-10 14:31:05,436; WARNING; errorhandler.__handle.104: Property: Unknown Property name. [1:483: -ms-text-size-adjust]
2024-04-10 14:31:05,438; WARNING; errorhandler.__handle.104: Property: Unknown Property name. [1:518: -webkit-text-size-adjust]
2024-04-10 14:31:05,440; WARNING; errorhandler.__handle.104: Property: Unknown Property name. [1:612: mso-table-lspace]
2024-04-10 14:31:05,441; WARNING; errorhandler.__handle.104: Property: Unknown Property name. [1:642: mso-table-rspace]
2024-04-10 14:31:05,583; WARNING; errorhandler.__handle.104: Property: Unknown Property name. [1:4734: mso-hide]
2024-04-10 14:31:05,610; WARNING; errorhandler.__handle.104: Property: Unknown Property name. [1:13: -ms-interpolation-mode]
2024-04-10 14:31:05,612; WARNING; errorhandler.__handle.104: Property: Unknown Property name. [1:49: -webkit-font-smoothing]
2024-04-10 14:31:05,614; WARNING; errorhandler.__handle.104: Property: Unknown Property name. [1:134: -ms-text-size-adjust]
2024-04-10 14:31:05,616; WARNING; errorhandler.__handle.104: Property: Unknown Property name. [1:160: -webkit-text-size-adjust]
2024-04-10 14:31:05,617; WARNING; errorhandler.__handle.104: Property: Unknown Property name. [1:26: mso-table-lspace]
2024-04-10 14:31:05,618; WARNING; errorhandler.__handle.104: Property: Unknown Property name. [1:45: mso-table-rspace]
2024-04-10 14:31:05,631; WARNING; errorhandler.__handle.104: Property: Unknown Property name. [1:92: mso-hide]
2024-04-10 14:31:05,637; ERROR; errorhandler.__handle.104: Property: No ":" after name found: align-center [1:1: align-center]
2024-04-10 14:31:05,637; ERROR; errorhandler.__handle.104: Property: No property value found: align-center [1:1: align-center]
2024-04-10 14:31:05,638; ERROR; errorhandler.__handle.104: CSSStyleDeclaration: Syntax Error in Property: align-center
2024-04-10 14:31:05,640; WARNING; errorhandler.__handle.104: Property: Unknown Property name. [1:14: -ms-interpolation-mode]
2024-04-10 14:31:07,784; INFO; functions.emailErro.933: Warning e-mail sent.
