2024-04-10 14:31:28,838; INFO; parameters.<module>.103: Pasta local: \\Riofs\dados\Documentos Financeiro\Extratos bancarios\Ebury\2024\04 - Abril
2024-04-10 14:31:28,838; INFO; functions.getPid.1010: Dentro função GetPid

2024-04-10 14:31:29,044; INFO; functions.bot_text_art.7:     ____   
2024-04-10 14:31:29,045; INFO; functions.bot_text_art.8:    [____]    
2024-04-10 14:31:29,045; INFO; functions.bot_text_art.9:  |=]()()[=|  
2024-04-10 14:31:29,046; INFO; functions.bot_text_art.10:    _\==/__    _____    ____     _        _____    ___   _  __
2024-04-10 14:31:29,046; INFO; functions.bot_text_art.11:  |__|   |_|  |  _  \  / ___|   | |      |_   _| / ___| | |/ /
2024-04-10 14:31:29,047; INFO; functions.bot_text_art.12:  |_|_/\_|_|  | |  | | | |      | |        | |   | |    | ' / 
2024-04-10 14:31:29,048; INFO; functions.bot_text_art.13:  | | __ | |  | |  | | | |      | |        | |   | |    |  <  
2024-04-10 14:31:29,048; INFO; functions.bot_text_art.14:  |_|[  ]|_|  | |__| | | |____  | |____   _| |_  | |__  | . \ 
2024-04-10 14:31:29,048; INFO; functions.bot_text_art.15:  \_|_||_|_/  |_____/   \_____| |______| |_____| \ ___| |_|\_\
2024-04-10 14:31:29,048; INFO; functions.bot_text_art.16:    |_||_|                                                     
2024-04-10 14:31:29,049; INFO; functions.bot_text_art.17:    | ||_|_   
2024-04-10 14:31:29,049; INFO; functions.bot_text_art.18:  |___||___|  
2024-04-10 14:31:29,049; INFO; functions.bot_text_art.19:              
2024-04-10 14:31:29,049; INFO; functions.headerExcel.943: Criando EXCEL
2024-04-10 14:31:29,052; INFO; functions.headerExcel.963: EXCEL iniciado
2024-04-10 14:31:29,053; INFO; main.process.15: TODOS ARQUIVOS NA PASTA ['\\\\Riofs\\dados\\Documentos Financeiro\\Extratos bancarios\\Ebury\\2024\\04 - Abril\\Ebury - Parcial até 08-04.pdf'].
2024-04-10 14:31:29,053; INFO; main.process.23: SERÃO TRATADOS 1 ARQUIVOS.
2024-04-10 14:31:29,053; INFO; main.process.24: ARQUIVOS: ['\\\\Riofs\\dados\\Documentos Financeiro\\Extratos bancarios\\Ebury\\2024\\04 - Abril\\Ebury - Parcial até 08-04.pdf']
2024-04-10 14:31:29,053; INFO; main.process.33: INICIO DO PROCESSAMENTO DO ARQUIVO 1: \\Riofs\dados\Documentos Financeiro\Extratos bancarios\Ebury\2024\04 - Abril\Ebury - Parcial até 08-04.pdf
2024-04-10 14:31:29,133; INFO; functions.informacoes_extraidas.581: texto: Oceanica Netherlands B.V.
Mr. Andre Ponce de Leon Arruda
Apollolaan 151
Extracto de Conta
Período do extrato: 01-04-2024 00:00 - 30-04-2024 23:59
Registo de instrução: 08-04-2024 17:56
Moeda: Todos
Resumo
Conta de Moeda
Saldo Inicial Fundos recebidos A sair Saldo final
Estrangeira
USD 400163.87 399503.19 -749595.76 50071.30
NOK 12017.67 166155.00 -172025.00 6147.67
MXN 0.00 0.00 0.00 0.00
GBP 2440.12 3000.00 -4863.34 576.78
SGD 0.00 33717.00 -33717.00 0.00
EUR 12900.09 441360.00 -444801.45 9458.64
Obrigado por escolher Ebury.
Se tiver alguma dúvida entre em contato com o seu gestor de conta através do +31 (0) 20 795 6690.
Página 1 de 12
2024-04-10 14:31:29,269; INFO; functions.informacoes_extraidas.581: texto: Movimentos: Todas as moedas
Registo de
Descrição Montante Saldo
operação
Pagamento devolvido PI3993937 Bertling logistics Aberdeen Limited
08-04-2024
Payment for identifiable services - Oceanica Netherlands B.V. EUR 8360.00 EUR 9458.64
13:27
PI3993937 1131-24
Pagamento PI3993937 Bertling logistics Aberdeen Limited
08-04-2024
Payment for identifiable services - Oceanica Netherlands B.V. EUR -8360.00 EUR 1098.64
09:41
PI3993937 1131-24
08-04-2024 Comprado EUR EBPOTR3376301
EUR 3000.00 EUR 9458.64
09:38 EURUSD1.099408Compra/venda de moeda
08-04-2024 Vendido USD EBPOTR3376301
USD -3298.22 USD 50071.30
09:38 EURUSD1.099408Compra/venda de moeda
Pagamento PI3991205 Kongsberg Maritime AS
07-04-2024
Payment for identifiable services - Oceanica Netherlands B.V. NOK -166155.00 NOK 6147.67
20:24
PI3991205 10167246
07-04-2024 Comprado NOK EBPOTR3374322
NOK 166155.00 NOK 172302.67
20:24 USDNOK10.566872Compra/Venda de moeda
Pagamento PI3991194 ISLE OF MAN - GOVERNMENT
07-04-2024
Payment for identifiable services - Oceanica Netherlands B.V. GBP -3293.34 GBP 576.78
20:23
PI3991194 477026
07-04-2024 Comprado GBP EBPOTR3374299
GBP 3000.00 GBP 3870.12
20:23 GBPUSD1.280124Compra/Venda de moeda
07-04-2024 Vendido USD EBPOTR3374322
USD -15724.14 USD 53369.52
20:04 USDNOK10.566872Compra/Venda de moeda
07-04-2024 Vendido USD EBPOTR3374299
USD -3840.37 USD 69093.66
20:04 GBPUSD1.280124Compra/Venda de moeda
Pagamento PI3991105 Loyens and Loeff N.V
07-04-2024
Payment for identifiable services - Oceanica Netherlands B.V. EUR -7695.60 EUR 6458.64
20:03
PI3991105 1622766
Pagamento PI3991191 ISLE OF MAN - GOVERNMENT
07-04-2024
Payment for identifiable services - Oceanica Netherlands B.V. GBP -650.00 GBP 870.12
20:03
PI3991191 476414
Pagamento PI3991188 ISLE OF MAN - GOVERNMENT
07-04-2024
Payment for identifiable services - Oceanica Netherlands B.V. GBP -650.00 GBP 1520.12
20:03
PI3991188 476415
Obrigado por escolher Ebury.
Se tiver alguma dúvida entre em contato com o seu gestor de conta através do +31 (0) 20 795 6690.
Página 2 de 12
2024-04-10 14:31:29,353; INFO; functions.informacoes_extraidas.581: texto: Pagamento PI3991184 ISLE OF MAN - GOVERNMENT
07-04-2024
Payment for identifiable services - Oceanica Netherlands B.V. GBP -270.00 GBP 2170.12
20:03
PI3991184 476446
Pagamento PI3988296 Flushing Shipping Agencies
04-04-2024
Payment for identifiable services - Oceanica Netherlands B.V. EUR -28538.35 EUR 14154.24
20:23
PI3988296 PK2224000061
04-04-2024 Comprado EUR EBPOTR3372347
EUR 29000.00 EUR 42692.59
20:23 EURUSD1.102082Compra/Venda de moeda
04-04-2024 Vendido USD EBPOTR3372347
USD -31960.38 USD 72934.03
20:04 EURUSD1.102082Compra/Venda de moeda
Pagamento PI3983592 Holland Accommodation Rentals VOF
03-04-2024
Payment for identifiable services - Oceanica Netherlands B.V. EUR -400207.50 EUR 13692.59
20:23
PI3983592 241450004 - 90perc. restantes
03-04-2024 Comprado EUR EBPOTR3369777
EUR 401000.00 EUR 413900.09
20:23 EURUSD1.099358Compra/Venda de moeda
Pagamento PI3983616 Sigmasat USA Inc
03-04-2024
Payment for identifiable services - Oceanica Netherlands B.V. USD -1050.00 USD 104894.41
20:03
PI3983616 137224
Pagamento PI3983615 Sigmasat USA Inc
03-04-2024
Payment for identifiable services - Oceanica Netherlands B.V. USD -2324.00 USD 105944.41
20:03
PI3983615 137124
Pagamento PI3983613 Sigmasat USA Inc
03-04-2024
Payment for identifiable services - Oceanica Netherlands B.V. USD -315.00 USD 108268.41
20:03
PI3983613 137024
Pagamento PI3983612 Sigmasat USA Inc
03-04-2024
Payment for identifiable services - Oceanica Netherlands B.V. USD -315.00 USD 108583.41
20:03
PI3983612 136924
Pagamento PI3983610 Sigmasat USA Inc
03-04-2024
Payment for identifiable services - Oceanica Netherlands B.V. USD -5960.00 USD 108898.41
20:03
PI3983610 136724
Pagamento PI3983608 Sigmasat USA Inc
03-04-2024
Payment for identifiable services - Oceanica Netherlands B.V. USD -315.00 USD 114858.41
20:03
PI3983608 136824
Pagamento PI3983606 Sigmasat USA Inc
03-04-2024
Payment for identifiable services - Oceanica Netherlands B.V. USD -5960.00 USD 115173.41
20:03
PI3983606 136624
Obrigado por escolher Ebury.
Se tiver alguma dúvida entre em contato com o seu gestor de conta através do +31 (0) 20 795 6690.
Página 3 de 12
2024-04-10 14:31:29,442; INFO; functions.informacoes_extraidas.581: texto: Pagamento PI3983602 Sigmasat USA Inc
03-04-2024
Payment for identifiable services - Oceanica Netherlands B.V. USD -5960.00 USD 121133.41
20:03
PI3983602 136524
Pagamento PI3983600 Sigmasat USA Inc
03-04-2024
Payment for identifiable services - Oceanica Netherlands B.V. USD -43520.00 USD 127093.41
20:03
PI3983600 136324
Pagamento PI3983598 Sigmasat USA Inc
03-04-2024
Payment for identifiable services - Oceanica Netherlands B.V. USD -5960.00 USD 170613.41
20:03
PI3983598 136424
Pagamento PI3983596 Sigmasat USA Inc
03-04-2024
Payment for identifiable services - Oceanica Netherlands B.V. USD -43520.00 USD 176573.41
20:03
PI3983596 136224
Pagamento PI3983595 Sigmasat USA Inc
03-04-2024
Payment for identifiable services - Oceanica Netherlands B.V. USD -5960.00 USD 220093.41
20:03
PI3983595 137324
03-04-2024 Vendido USD EBPOTR3369777
USD -440842.56 USD 226053.41
20:03 EURUSD1.099358Compra/Venda de moeda
Fundos OCEANICA ENGENHARIA E CONSULTO
03-04-2024
BR6960701190032120000026755C1 - - NL66EBUR2845860862 - USD 392503.19 USD 666895.97
13:18
2024040300418807
Pagamento PI3974692 PT. LABROY SHIPBUILDING ENGINEERING
01-04-2024
Payment for identifiable services - Oceanica Netherlands B.V. SGD -33717.00 SGD 0.00
20:23
PI3974692 3005
01-04-2024 Comprado SGD EBPOTR3364284
SGD 33717.00 SGD 33717.00
20:23 USDSGD1.332521Compra/Venda de moeda
01-04-2024 Vendido USD EBPOTR3364284
USD -25303.17 USD 274392.78
20:08 USDSGD1.332521Compra/Venda de moeda
Pagamento PI3974527 DIMO
01-04-2024
Payment for identifiable services - Oceanica Netherlands B.V. NOK -5870.00 NOK 6147.67
20:05
PI3974527 1029039
Pagamento PI3974550 ARGO COMMUNICATIONS
01-04-2024
Payment for identifiable services - Oceanica Netherlands B.V. USD -7000.00 USD 299695.95
11:19
PI3974550 3748
Pagamento PI3974525 SEABRIDGE MARINE ENGINEERING AND
01-04-2024 EQUIPMENT (SHANGHAI) LTD
USD -77456.92 USD 306695.95
10:52 Payment for identifiable services - Oceanica Netherlands B.V.
PI3974525 SMEE2024032801
Obrigado por escolher Ebury.
Se tiver alguma dúvida entre em contato com o seu gestor de conta através do +31 (0) 20 795 6690.
Página 4 de 12
2024-04-10 14:31:29,491; INFO; functions.informacoes_extraidas.581: texto: Pagamento PI3974513 PT. SNEPAC SHIPPING
01-04-2024
Payment for identifiable services - Oceanica Netherlands B.V. USD -165.00 USD 384152.87
10:44
PI3974513 1000128
Pagamento PI3974498 PICOLO E ASSOCIADOS LTDA INC
01-04-2024
Payment for identifiable services - Oceanica Netherlands B.V. USD -12600.00 USD 384317.87
10:27
PI3974498 10014
Pagamento PI3974497 PICOLO E ASSOCIADOS LTDA INC
01-04-2024
Payment for identifiable services - Oceanica Netherlands B.V. USD -3246.00 USD 396917.87
10:26
PI3974497 9991
Pagamento devolvido PI3974407 ARGO COMMUNICATIONS
01-04-2024
Payment for identifiable services - Oceanica Netherlands B.V. USD 7000.00 USD 400163.87
09:34
PI3974407 3748
Pagamento PI3974407 ARGO COMMUNICATIONS
01-04-2024
Payment for identifiable services - Oceanica Netherlands B.V. USD -7000.00 USD 393163.87
09:11
PI3974407 3748
Obrigado por escolher Ebury.
Se tiver alguma dúvida entre em contato com o seu gestor de conta através do +31 (0) 20 795 6690.
Página 5 de 12
2024-04-10 14:31:29,570; INFO; functions.informacoes_extraidas.581: texto: Movimentos: USD Conta
Registo de
Descrição Montante Saldo
operação
08-04-2024 Vendido USD EBPOTR3376301
USD -3298.22 USD 50071.30
09:38 EURUSD1.099408Compra/venda de moeda
07-04-2024 Vendido USD EBPOTR3374322
USD -15724.14 USD 53369.52
20:04 USDNOK10.566872Compra/Venda de moeda
07-04-2024 Vendido USD EBPOTR3374299
USD -3840.37 USD 69093.66
20:04 GBPUSD1.280124Compra/Venda de moeda
04-04-2024 Vendido USD EBPOTR3372347
USD -31960.38 USD 72934.03
20:04 EURUSD1.102082Compra/Venda de moeda
Pagamento PI3983616 Sigmasat USA Inc
03-04-2024
Payment for identifiable services - Oceanica Netherlands B.V. USD -1050.00 USD 104894.41
20:03
PI3983616 137224
Pagamento PI3983615 Sigmasat USA Inc
03-04-2024
Payment for identifiable services - Oceanica Netherlands B.V. USD -2324.00 USD 105944.41
20:03
PI3983615 137124
Pagamento PI3983613 Sigmasat USA Inc
03-04-2024
Payment for identifiable services - Oceanica Netherlands B.V. USD -315.00 USD 108268.41
20:03
PI3983613 137024
Pagamento PI3983612 Sigmasat USA Inc
03-04-2024
Payment for identifiable services - Oceanica Netherlands B.V. USD -315.00 USD 108583.41
20:03
PI3983612 136924
Pagamento PI3983610 Sigmasat USA Inc
03-04-2024
Payment for identifiable services - Oceanica Netherlands B.V. USD -5960.00 USD 108898.41
20:03
PI3983610 136724
Pagamento PI3983608 Sigmasat USA Inc
03-04-2024
Payment for identifiable services - Oceanica Netherlands B.V. USD -315.00 USD 114858.41
20:03
PI3983608 136824
Pagamento PI3983606 Sigmasat USA Inc
03-04-2024
Payment for identifiable services - Oceanica Netherlands B.V. USD -5960.00 USD 115173.41
20:03
PI3983606 136624
Pagamento PI3983602 Sigmasat USA Inc
03-04-2024
Payment for identifiable services - Oceanica Netherlands B.V. USD -5960.00 USD 121133.41
20:03
PI3983602 136524
Obrigado por escolher Ebury.
Se tiver alguma dúvida entre em contato com o seu gestor de conta através do +31 (0) 20 795 6690.
Página 6 de 12
2024-04-10 14:31:29,683; INFO; functions.informacoes_extraidas.581: texto: Pagamento PI3983600 Sigmasat USA Inc
03-04-2024
Payment for identifiable services - Oceanica Netherlands B.V. USD -43520.00 USD 127093.41
20:03
PI3983600 136324
Pagamento PI3983598 Sigmasat USA Inc
03-04-2024
Payment for identifiable services - Oceanica Netherlands B.V. USD -5960.00 USD 170613.41
20:03
PI3983598 136424
Pagamento PI3983596 Sigmasat USA Inc
03-04-2024
Payment for identifiable services - Oceanica Netherlands B.V. USD -43520.00 USD 176573.41
20:03
PI3983596 136224
Pagamento PI3983595 Sigmasat USA Inc
03-04-2024
Payment for identifiable services - Oceanica Netherlands B.V. USD -5960.00 USD 220093.41
20:03
PI3983595 137324
03-04-2024 Vendido USD EBPOTR3369777
USD -440842.56 USD 226053.41
20:03 EURUSD1.099358Compra/Venda de moeda
Fundos OCEANICA ENGENHARIA E CONSULTO
03-04-2024
BR6960701190032120000026755C1 - - NL66EBUR2845860862 - USD 392503.19 USD 666895.97
13:18
2024040300418807
01-04-2024 Vendido USD EBPOTR3364284
USD -25303.17 USD 274392.78
20:08 USDSGD1.332521Compra/Venda de moeda
Pagamento PI3974550 ARGO COMMUNICATIONS
01-04-2024
Payment for identifiable services - Oceanica Netherlands B.V. USD -7000.00 USD 299695.95
11:19
PI3974550 3748
Pagamento PI3974525 SEABRIDGE MARINE ENGINEERING AND
01-04-2024 EQUIPMENT (SHANGHAI) LTD
USD -77456.92 USD 306695.95
10:52 Payment for identifiable services - Oceanica Netherlands B.V.
PI3974525 SMEE2024032801
Pagamento PI3974513 PT. SNEPAC SHIPPING
01-04-2024
Payment for identifiable services - Oceanica Netherlands B.V. USD -165.00 USD 384152.87
10:44
PI3974513 1000128
Pagamento PI3974498 PICOLO E ASSOCIADOS LTDA INC
01-04-2024
Payment for identifiable services - Oceanica Netherlands B.V. USD -12600.00 USD 384317.87
10:27
PI3974498 10014
Pagamento PI3974497 PICOLO E ASSOCIADOS LTDA INC
01-04-2024
Payment for identifiable services - Oceanica Netherlands B.V. USD -3246.00 USD 396917.87
10:26
PI3974497 9991
Pagamento devolvido PI3974407 ARGO COMMUNICATIONS
01-04-2024
Payment for identifiable services - Oceanica Netherlands B.V. USD 7000.00 USD 400163.87
09:34
PI3974407 3748
Obrigado por escolher Ebury.
Se tiver alguma dúvida entre em contato com o seu gestor de conta através do +31 (0) 20 795 6690.
Página 7 de 12
2024-04-10 14:31:29,702; INFO; functions.informacoes_extraidas.581: texto: Pagamento PI3974407 ARGO COMMUNICATIONS
01-04-2024
Payment for identifiable services - Oceanica Netherlands B.V. USD -7000.00 USD 393163.87
09:11
PI3974407 3748
Obrigado por escolher Ebury.
Se tiver alguma dúvida entre em contato com o seu gestor de conta através do +31 (0) 20 795 6690.
Página 8 de 12
2024-04-10 14:31:29,732; INFO; functions.informacoes_extraidas.581: texto: Movimentos: NOK Conta
Registo de
Descrição Montante Saldo
operação
Pagamento PI3991205 Kongsberg Maritime AS
07-04-2024
Payment for identifiable services - Oceanica Netherlands B.V. NOK -166155.00 NOK 6147.67
20:24
PI3991205 10167246
07-04-2024 Comprado NOK EBPOTR3374322
NOK 166155.00 NOK 172302.67
20:24 USDNOK10.566872Compra/Venda de moeda
Pagamento PI3974527 DIMO
01-04-2024
Payment for identifiable services - Oceanica Netherlands B.V. NOK -5870.00 NOK 6147.67
20:05
PI3974527 1029039
Obrigado por escolher Ebury.
Se tiver alguma dúvida entre em contato com o seu gestor de conta através do +31 (0) 20 795 6690.
Página 9 de 12
2024-04-10 14:31:29,775; INFO; functions.informacoes_extraidas.581: texto: Movimentos: GBP Conta
Registo de
Descrição Montante Saldo
operação
Pagamento PI3991194 ISLE OF MAN - GOVERNMENT
07-04-2024
Payment for identifiable services - Oceanica Netherlands B.V. GBP -3293.34 GBP 576.78
20:23
PI3991194 477026
07-04-2024 Comprado GBP EBPOTR3374299
GBP 3000.00 GBP 3870.12
20:23 GBPUSD1.280124Compra/Venda de moeda
Pagamento PI3991191 ISLE OF MAN - GOVERNMENT
07-04-2024
Payment for identifiable services - Oceanica Netherlands B.V. GBP -650.00 GBP 870.12
20:03
PI3991191 476414
Pagamento PI3991188 ISLE OF MAN - GOVERNMENT
07-04-2024
Payment for identifiable services - Oceanica Netherlands B.V. GBP -650.00 GBP 1520.12
20:03
PI3991188 476415
Pagamento PI3991184 ISLE OF MAN - GOVERNMENT
07-04-2024
Payment for identifiable services - Oceanica Netherlands B.V. GBP -270.00 GBP 2170.12
20:03
PI3991184 476446
Obrigado por escolher Ebury.
Se tiver alguma dúvida entre em contato com o seu gestor de conta através do +31 (0) 20 795 6690.
Página 10 de 12
2024-04-10 14:31:29,803; INFO; functions.informacoes_extraidas.581: texto: Movimentos: SGD Conta
Registo de
Descrição Montante Saldo
operação
Pagamento PI3974692 PT. LABROY SHIPBUILDING ENGINEERING
01-04-2024
Payment for identifiable services - Oceanica Netherlands B.V. SGD -33717.00 SGD 0.00
20:23
PI3974692 3005
01-04-2024 Comprado SGD EBPOTR3364284
SGD 33717.00 SGD 33717.00
20:23 USDSGD1.332521Compra/Venda de moeda
Obrigado por escolher Ebury.
Se tiver alguma dúvida entre em contato com o seu gestor de conta através do +31 (0) 20 795 6690.
Página 11 de 12
2024-04-10 14:31:29,862; INFO; functions.informacoes_extraidas.581: texto: Movimentos: EUR Conta
Registo de
Descrição Montante Saldo
operação
Pagamento devolvido PI3993937 Bertling logistics Aberdeen Limited
08-04-2024
Payment for identifiable services - Oceanica Netherlands B.V. EUR 8360.00 EUR 9458.64
13:27
PI3993937 1131-24
Pagamento PI3993937 Bertling logistics Aberdeen Limited
08-04-2024
Payment for identifiable services - Oceanica Netherlands B.V. EUR -8360.00 EUR 1098.64
09:41
PI3993937 1131-24
08-04-2024 Comprado EUR EBPOTR3376301
EUR 3000.00 EUR 9458.64
09:38 EURUSD1.099408Compra/venda de moeda
Pagamento PI3991105 Loyens and Loeff N.V
07-04-2024
Payment for identifiable services - Oceanica Netherlands B.V. EUR -7695.60 EUR 6458.64
20:03
PI3991105 1622766
Pagamento PI3988296 Flushing Shipping Agencies
04-04-2024
Payment for identifiable services - Oceanica Netherlands B.V. EUR -28538.35 EUR 14154.24
20:23
PI3988296 PK2224000061
04-04-2024 Comprado EUR EBPOTR3372347
EUR 29000.00 EUR 42692.59
20:23 EURUSD1.102082Compra/Venda de moeda
Pagamento PI3983592 Holland Accommodation Rentals VOF
03-04-2024
Payment for identifiable services - Oceanica Netherlands B.V. EUR -400207.50 EUR 13692.59
20:23
PI3983592 241450004 - 90perc. restantes
03-04-2024 Comprado EUR EBPOTR3369777
EUR 401000.00 EUR 413900.09
20:23 EURUSD1.099358Compra/Venda de moeda
Obrigado por escolher Ebury.
Se tiver alguma dúvida entre em contato com o seu gestor de conta através do +31 (0) 20 795 6690.
Página 12 de 12
2024-04-10 14:31:29,866; INFO; functions.excelProcessoCompleto.1088: Adicionando aba de PROCESSOS EXTRAÍDOS ao EXCEL existente
2024-04-10 14:31:29,866; INFO; functions.excelProcessoCompleto.1102: Aba de TODOS EXTRAÍDOS ao EXCEL existente
2024-04-10 14:31:29,870; INFO; main.process.42: PROCESSOS EXTRAIDOS COM ERRO: 3
2024-04-10 14:31:29,870; INFO; main.process.43: PROCESSOS COM ERRO: [{'data': '01-04-2024', 'pi': '3974692', 'inv': '3005', 'moeda': 'SGD', 'montante': '-33717.00', 'saldo': '0.00', 'nome': 'PT. LABROY SHIPBUILDING ENGINEERING', 'cod': None}, {'data': '01-04-2024', 'pi': '3974525', 'inv': None, 'moeda': 'USD', 'montante': '-77456.92', 'saldo': '306695.95', 'nome': 'SEABRIDGE MARINE ENGINEERING AND', 'cod': None}, {'data': '01-04-2024', 'pi': '3974692', 'inv': '3005', 'moeda': 'SGD', 'montante': '-33717.00', 'saldo': '0.00', 'nome': 'PT. LABROY SHIPBUILDING ENGINEERING', 'cod': None}]
2024-04-10 14:31:29,871; INFO; functions.excelErro.1038: Adicionando aba de ERRO ao EXCEL existente
2024-04-10 14:31:29,872; INFO; functions.excelErro.1054: Aba de ERRO adicionada ao EXCEL existente
2024-04-10 14:31:29,872; INFO; main.process.46: PROCESSOS EXTRAIDOS CORRETAMENTE: 55
2024-04-10 14:31:29,873; INFO; main.process.47: PROCESSOS A SEREM TRATADOS: [{'data': '08-04-2024', 'pi': '3993937', 'inv': '1131', 'moeda': 'EUR', 'montante': '-8360.00', 'saldo': '1098.64', 'nome': 'Bertling logistics Aberdeen Limited', 'cod': None}, {'data': '07-04-2024', 'pi': '3991205', 'inv': '10167246', 'moeda': 'NOK', 'montante': '-166155.00', 'saldo': '6147.67', 'nome': 'Kongsberg Maritime AS', 'cod': None}, {'data': '07-04-2024', 'pi': '3991194', 'inv': '477026', 'moeda': 'GBP', 'montante': '-3293.34', 'saldo': '576.78', 'nome': 'ISLE OF MAN - GOVERNMENT', 'cod': None}, {'data': '07-04-2024', 'pi': '3991105', 'inv': '1622766', 'moeda': 'EUR', 'montante': '-7695.60', 'saldo': '6458.64', 'nome': 'Loyens and Loeff N.V', 'cod': None}, {'data': '07-04-2024', 'pi': '3991191', 'inv': '476414', 'moeda': 'GBP', 'montante': '-650.00', 'saldo': '870.12', 'nome': 'ISLE OF MAN - GOVERNMENT', 'cod': None}, {'data': '07-04-2024', 'pi': '3991188', 'inv': '476415', 'moeda': 'GBP', 'montante': '-650.00', 'saldo': '1520.12', 'nome': 'ISLE OF MAN - GOVERNMENT', 'cod': None}, {'data': '07-04-2024', 'pi': '3991184', 'inv': '476446', 'moeda': 'GBP', 'montante': '-270.00', 'saldo': '2170.12', 'nome': 'ISLE OF MAN - GOVERNMENT', 'cod': None}, {'data': '04-04-2024', 'pi': '3988296', 'inv': '241450004', 'moeda': 'EUR', 'montante': '-28538.35', 'saldo': '14154.24', 'nome': 'Flushing Shipping Agencies', 'cod': None}, {'data': '03-04-2024', 'pi': '3983592', 'inv': '241450004', 'moeda': 'EUR', 'montante': '-400207.50', 'saldo': '13692.59', 'nome': 'Holland Accommodation Rentals VOF', 'cod': None}, {'data': '03-04-2024', 'pi': '3983616', 'inv': '137224', 'moeda': 'USD', 'montante': '-1050.00', 'saldo': '104894.41', 'nome': 'Sigmasat USA Inc', 'cod': None}, {'data': '03-04-2024', 'pi': '3983615', 'inv': '137124', 'moeda': 'USD', 'montante': '-2324.00', 'saldo': '105944.41', 'nome': 'Sigmasat USA Inc', 'cod': None}, {'data': '03-04-2024', 'pi': '3983613', 'inv': '137024', 'moeda': 'USD', 'montante': '-315.00', 'saldo': '108268.41', 'nome': 'Sigmasat USA Inc', 'cod': None}, {'data': '03-04-2024', 'pi': '3983612', 'inv': '136924', 'moeda': 'USD', 'montante': '-315.00', 'saldo': '108583.41', 'nome': 'Sigmasat USA Inc', 'cod': None}, {'data': '03-04-2024', 'pi': '3983610', 'inv': '136724', 'moeda': 'USD', 'montante': '-5960.00', 'saldo': '108898.41', 'nome': 'Sigmasat USA Inc', 'cod': None}, {'data': '03-04-2024', 'pi': '3983608', 'inv': '136824', 'moeda': 'USD', 'montante': '-315.00', 'saldo': '114858.41', 'nome': 'Sigmasat USA Inc', 'cod': None}, {'data': '03-04-2024', 'pi': '3983606', 'inv': '136624', 'moeda': 'USD', 'montante': '-5960.00', 'saldo': '115173.41', 'nome': 'Sigmasat USA Inc', 'cod': None}, {'data': '03-04-2024', 'pi': '3983602', 'inv': '136524', 'moeda': 'USD', 'montante': '-5960.00', 'saldo': '121133.41', 'nome': 'Sigmasat USA Inc', 'cod': None}, {'data': '03-04-2024', 'pi': '3983600', 'inv': '136324', 'moeda': 'USD', 'montante': '-43520.00', 'saldo': '127093.41', 'nome': 'Sigmasat USA Inc', 'cod': None}, {'data': '03-04-2024', 'pi': '3983598', 'inv': '136424', 'moeda': 'USD', 'montante': '-5960.00', 'saldo': '170613.41', 'nome': 'Sigmasat USA Inc', 'cod': None}, {'data': '03-04-2024', 'pi': '3983596', 'inv': '136224', 'moeda': 'USD', 'montante': '-43520.00', 'saldo': '176573.41', 'nome': 'Sigmasat USA Inc', 'cod': None}, {'data': '03-04-2024', 'pi': '3983595', 'inv': '137324', 'moeda': 'USD', 'montante': '-5960.00', 'saldo': '220093.41', 'nome': 'Sigmasat USA Inc', 'cod': None}, {'data': '01-04-2024', 'pi': '3974527', 'inv': '1029039', 'moeda': 'NOK', 'montante': '-5870.00', 'saldo': '6147.67', 'nome': 'DIMO', 'cod': None}, {'data': '01-04-2024', 'pi': '3974550', 'inv': '3748', 'moeda': 'USD', 'montante': '-7000.00', 'saldo': '299695.95', 'nome': 'ARGO COMMUNICATIONS', 'cod': None}, {'data': '01-04-2024', 'pi': '3974513', 'inv': '1000128', 'moeda': 'USD', 'montante': '-165.00', 'saldo': '384152.87', 'nome': 'PT. SNEPAC SHIPPING', 'cod': None}, {'data': '01-04-2024', 'pi': '3974498', 'inv': '10014', 'moeda': 'USD', 'montante': '-12600.00', 'saldo': '384317.87', 'nome': 'PICOLO E ASSOCIADOS LTDA INC', 'cod': None}, {'data': '01-04-2024', 'pi': '3974497', 'inv': '9991', 'moeda': 'USD', 'montante': '-3246.00', 'saldo': '396917.87', 'nome': 'PICOLO E ASSOCIADOS LTDA INC', 'cod': None}, {'data': '01-04-2024', 'pi': '3974407', 'inv': '3748', 'moeda': 'USD', 'montante': '-7000.00', 'saldo': '393163.87', 'nome': 'ARGO COMMUNICATIONS', 'cod': None}, {'data': '03-04-2024', 'pi': '3983616', 'inv': '137224', 'moeda': 'USD', 'montante': '-1050.00', 'saldo': '104894.41', 'nome': 'Sigmasat USA Inc', 'cod': None}, {'data': '03-04-2024', 'pi': '3983615', 'inv': '137124', 'moeda': 'USD', 'montante': '-2324.00', 'saldo': '105944.41', 'nome': 'Sigmasat USA Inc', 'cod': None}, {'data': '03-04-2024', 'pi': '3983613', 'inv': '137024', 'moeda': 'USD', 'montante': '-315.00', 'saldo': '108268.41', 'nome': 'Sigmasat USA Inc', 'cod': None}, {'data': '03-04-2024', 'pi': '3983612', 'inv': '136924', 'moeda': 'USD', 'montante': '-315.00', 'saldo': '108583.41', 'nome': 'Sigmasat USA Inc', 'cod': None}, {'data': '03-04-2024', 'pi': '3983610', 'inv': '136724', 'moeda': 'USD', 'montante': '-5960.00', 'saldo': '108898.41', 'nome': 'Sigmasat USA Inc', 'cod': None}, {'data': '03-04-2024', 'pi': '3983608', 'inv': '136824', 'moeda': 'USD', 'montante': '-315.00', 'saldo': '114858.41', 'nome': 'Sigmasat USA Inc', 'cod': None}, {'data': '03-04-2024', 'pi': '3983606', 'inv': '136624', 'moeda': 'USD', 'montante': '-5960.00', 'saldo': '115173.41', 'nome': 'Sigmasat USA Inc', 'cod': None}, {'data': '03-04-2024', 'pi': '3983602', 'inv': '136524', 'moeda': 'USD', 'montante': '-5960.00', 'saldo': '121133.41', 'nome': 'Sigmasat USA Inc', 'cod': None}, {'data': '03-04-2024', 'pi': '3983600', 'inv': '136324', 'moeda': 'USD', 'montante': '-43520.00', 'saldo': '127093.41', 'nome': 'Sigmasat USA Inc', 'cod': None}, {'data': '03-04-2024', 'pi': '3983598', 'inv': '136424', 'moeda': 'USD', 'montante': '-5960.00', 'saldo': '170613.41', 'nome': 'Sigmasat USA Inc', 'cod': None}, {'data': '03-04-2024', 'pi': '3983596', 'inv': '136224', 'moeda': 'USD', 'montante': '-43520.00', 'saldo': '176573.41', 'nome': 'Sigmasat USA Inc', 'cod': None}, {'data': '03-04-2024', 'pi': '3983595', 'inv': '137324', 'moeda': 'USD', 'montante': '-5960.00', 'saldo': '220093.41', 'nome': 'Sigmasat USA Inc', 'cod': None}, {'data': '01-04-2024', 'pi': '3974550', 'inv': '3748', 'moeda': 'USD', 'montante': '-7000.00', 'saldo': '299695.95', 'nome': 'ARGO COMMUNICATIONS', 'cod': None}, {'data': '01-04-2024', 'pi': '3974525', 'inv': '1000128', 'moeda': 'USD', 'montante': '-77456.92', 'saldo': '306695.95', 'nome': 'SEABRIDGE MARINE ENGINEERING AND', 'cod': None}, {'data': '01-04-2024', 'pi': '3974513', 'inv': '1000128', 'moeda': 'USD', 'montante': '-165.00', 'saldo': '384152.87', 'nome': 'PT. SNEPAC SHIPPING', 'cod': None}, {'data': '01-04-2024', 'pi': '3974498', 'inv': '10014', 'moeda': 'USD', 'montante': '-12600.00', 'saldo': '384317.87', 'nome': 'PICOLO E ASSOCIADOS LTDA INC', 'cod': None}, {'data': '01-04-2024', 'pi': '3974497', 'inv': '9991', 'moeda': 'USD', 'montante': '-3246.00', 'saldo': '396917.87', 'nome': 'PICOLO E ASSOCIADOS LTDA INC', 'cod': None}, {'data': '01-04-2024', 'pi': '3974407', 'inv': '3748', 'moeda': 'USD', 'montante': '-7000.00', 'saldo': '393163.87', 'nome': 'ARGO COMMUNICATIONS', 'cod': None}, {'data': '07-04-2024', 'pi': '3991205', 'inv': '10167246', 'moeda': 'NOK', 'montante': '-166155.00', 'saldo': '6147.67', 'nome': 'Kongsberg Maritime AS', 'cod': None}, {'data': '01-04-2024', 'pi': '3974527', 'inv': '1029039', 'moeda': 'NOK', 'montante': '-5870.00', 'saldo': '6147.67', 'nome': 'DIMO', 'cod': None}, {'data': '07-04-2024', 'pi': '3991194', 'inv': '477026', 'moeda': 'GBP', 'montante': '-3293.34', 'saldo': '576.78', 'nome': 'ISLE OF MAN - GOVERNMENT', 'cod': None}, {'data': '07-04-2024', 'pi': '3991191', 'inv': '476414', 'moeda': 'GBP', 'montante': '-650.00', 'saldo': '870.12', 'nome': 'ISLE OF MAN - GOVERNMENT', 'cod': None}, {'data': '07-04-2024', 'pi': '3991188', 'inv': '476415', 'moeda': 'GBP', 'montante': '-650.00', 'saldo': '1520.12', 'nome': 'ISLE OF MAN - GOVERNMENT', 'cod': None}, {'data': '07-04-2024', 'pi': '3991184', 'inv': '476446', 'moeda': 'GBP', 'montante': '-270.00', 'saldo': '2170.12', 'nome': 'ISLE OF MAN - GOVERNMENT', 'cod': None}, {'data': '08-04-2024', 'pi': '3993937', 'inv': '1131', 'moeda': 'EUR', 'montante': '-8360.00', 'saldo': '1098.64', 'nome': 'Bertling logistics Aberdeen Limited', 'cod': None}, {'data': '07-04-2024', 'pi': '3991105', 'inv': '1622766', 'moeda': 'EUR', 'montante': '-7695.60', 'saldo': '6458.64', 'nome': 'Loyens and Loeff N.V', 'cod': None}, {'data': '04-04-2024', 'pi': '3988296', 'inv': '241450004', 'moeda': 'EUR', 'montante': '-28538.35', 'saldo': '14154.24', 'nome': 'Flushing Shipping Agencies', 'cod': None}, {'data': '03-04-2024', 'pi': '3983592', 'inv': '241450004', 'moeda': 'EUR', 'montante': '-400207.50', 'saldo': '13692.59', 'nome': 'Holland Accommodation Rentals VOF', 'cod': None}]
2024-04-10 14:31:29,879; INFO; functions.mover_para_lidos.1154: MOVENDO ARQUIVO Ebury - Parcial até 08-04.pdf.
2024-04-10 14:31:29,879; INFO; functions.mover_para_lidos.1162: Pasta "Lidos" já existe
2024-04-10 14:31:29,885; INFO; functions.mover_para_lidos.1179: ARQUIVO Ebury - Parcial até 08-04.pdf MOVIDO PARA LIDOS.
2024-04-10 14:31:29,890; INFO; functions.open_RM.50: OPEN PROGRAM RM
2024-04-10 14:31:36,255; INFO; functions.loggin_RM.65: ENTER USER_NAME
2024-04-10 14:31:37,098; INFO; functions.loggin_RM.70: ENTER PASSWORD
2024-04-10 14:31:37,795; INFO; functions.loggin_RM.74: ENTER RM
2024-04-10 14:32:12,776; INFO; functions.enter_coligada.80: CLICK CONTEXTO
2024-04-10 14:32:14,245; INFO; functions.enter_coligada.83: CLICK COLIGADA 2
2024-04-10 14:32:16,332; INFO; functions.enter_coligada.87: INSERE O COLIGADA CODE = 2
2024-04-10 14:32:16,437; INFO; functions.enter_coligada.89: APERTA TAB PARA PREENCHER O CAMPO COM A STRING: OCEANICA ENGENHARIA E CONSULTORIA S.A.
2024-04-10 14:32:17,307; INFO; functions.enter_coligada.92: CLICK AVANÇAR NOVAMENTE
2024-04-10 14:32:20,120; INFO; functions.enter_coligada.96: CLICK CONCLUIR
2024-04-10 14:32:27,760; INFO; functions.enter_coligada.99: POP UP COLIGADA CLICADO PARA DESAPARECER
2024-04-10 14:32:28,369; INFO; functions.enter_contas_a_pagar.110: CLICK - TOTVS - LINHA RM
2024-04-10 14:32:31,057; INFO; functions.enter_contas_a_pagar.115: CLICK - BACK OFFICE
2024-04-10 14:32:33,651; INFO; functions.enter_contas_a_pagar.120: CLICK - GESTAO FINANCEIRA
2024-04-10 14:32:38,650; INFO; functions.enter_contas_a_pagar.125: CLICK - CONTAS A PAGAR
2024-04-10 14:32:38,741; INFO; functions.waitForImage.875: LANÇAMENTOS image found.
2024-04-10 14:32:38,843; INFO; functions.enter_contas_a_pagar.140: CLICA EM LANÇAMENTOS
2024-04-10 14:32:43,928; INFO; functions.waitForImage.875: LICENCAS EXCEDIDAS image found.
2024-04-10 14:32:43,928; INFO; functions.enter_contas_a_pagar.145: LICENCAS EXCEDIDAS
2024-04-10 14:32:43,929; INFO; functions.enter_contas_a_pagar.146: TENTANDO NOVAMENTE - 1
2024-04-10 14:33:06,104; INFO; functions.waitForImage.875: LANÇAMENTOS image found.
2024-04-10 14:33:06,220; INFO; functions.enter_contas_a_pagar.140: CLICA EM LANÇAMENTOS
2024-04-10 14:33:11,291; INFO; functions.waitForImage.875: LICENCAS EXCEDIDAS image found.
2024-04-10 14:33:11,291; INFO; functions.enter_contas_a_pagar.145: LICENCAS EXCEDIDAS
2024-04-10 14:33:11,291; INFO; functions.enter_contas_a_pagar.146: TENTANDO NOVAMENTE - 2
2024-04-10 14:33:33,479; INFO; functions.waitForImage.875: LANÇAMENTOS image found.
2024-04-10 14:33:33,595; INFO; functions.enter_contas_a_pagar.140: CLICA EM LANÇAMENTOS
2024-04-10 14:33:38,676; INFO; functions.waitForImage.875: LICENCAS EXCEDIDAS image found.
2024-04-10 14:33:38,676; INFO; functions.enter_contas_a_pagar.145: LICENCAS EXCEDIDAS
2024-04-10 14:33:38,677; INFO; functions.enter_contas_a_pagar.146: TENTANDO NOVAMENTE - 3
2024-04-10 14:34:00,854; INFO; functions.waitForImage.875: LANÇAMENTOS image found.
2024-04-10 14:34:00,970; INFO; functions.enter_contas_a_pagar.140: CLICA EM LANÇAMENTOS
2024-04-10 14:34:06,041; INFO; functions.waitForImage.875: LICENCAS EXCEDIDAS image found.
2024-04-10 14:34:06,041; INFO; functions.enter_contas_a_pagar.145: LICENCAS EXCEDIDAS
2024-04-10 14:34:06,041; INFO; functions.enter_contas_a_pagar.146: TENTANDO NOVAMENTE - 4
2024-04-10 14:34:28,228; INFO; functions.waitForImage.875: LANÇAMENTOS image found.
2024-04-10 14:34:28,345; INFO; functions.enter_contas_a_pagar.140: CLICA EM LANÇAMENTOS
2024-04-10 14:34:33,416; INFO; functions.waitForImage.875: LICENCAS EXCEDIDAS image found.
2024-04-10 14:34:33,416; INFO; functions.enter_contas_a_pagar.145: LICENCAS EXCEDIDAS
2024-04-10 14:34:33,416; INFO; functions.enter_contas_a_pagar.146: TENTANDO NOVAMENTE - 5
2024-04-10 14:34:55,603; INFO; functions.waitForImage.875: LANÇAMENTOS image found.
2024-04-10 14:34:55,720; INFO; functions.enter_contas_a_pagar.140: CLICA EM LANÇAMENTOS
2024-04-10 14:35:00,804; INFO; functions.waitForImage.875: LICENCAS EXCEDIDAS image found.
2024-04-10 14:35:00,805; INFO; functions.enter_contas_a_pagar.145: LICENCAS EXCEDIDAS
2024-04-10 14:35:00,805; INFO; functions.enter_contas_a_pagar.146: TENTANDO NOVAMENTE - 6
2024-04-10 14:35:22,978; INFO; functions.waitForImage.875: LANÇAMENTOS image found.
2024-04-10 14:35:23,095; INFO; functions.enter_contas_a_pagar.140: CLICA EM LANÇAMENTOS
2024-04-10 14:35:28,180; INFO; functions.waitForImage.875: LICENCAS EXCEDIDAS image found.
2024-04-10 14:35:28,183; INFO; functions.enter_contas_a_pagar.145: LICENCAS EXCEDIDAS
2024-04-10 14:35:28,183; INFO; functions.enter_contas_a_pagar.146: TENTANDO NOVAMENTE - 7
2024-04-10 14:35:50,353; INFO; functions.waitForImage.875: LANÇAMENTOS image found.
2024-04-10 14:35:50,472; INFO; functions.enter_contas_a_pagar.140: CLICA EM LANÇAMENTOS
2024-04-10 14:35:55,541; INFO; functions.waitForImage.875: LICENCAS EXCEDIDAS image found.
2024-04-10 14:35:55,541; INFO; functions.enter_contas_a_pagar.145: LICENCAS EXCEDIDAS
2024-04-10 14:35:55,541; INFO; functions.enter_contas_a_pagar.146: TENTANDO NOVAMENTE - 8
2024-04-10 14:36:17,728; INFO; functions.waitForImage.875: LANÇAMENTOS image found.
2024-04-10 14:36:17,844; INFO; functions.enter_contas_a_pagar.140: CLICA EM LANÇAMENTOS
2024-04-10 14:36:22,916; INFO; functions.waitForImage.875: LICENCAS EXCEDIDAS image found.
2024-04-10 14:36:22,916; INFO; functions.enter_contas_a_pagar.145: LICENCAS EXCEDIDAS
2024-04-10 14:36:22,916; INFO; functions.enter_contas_a_pagar.146: TENTANDO NOVAMENTE - 9
2024-04-10 14:36:45,103; INFO; functions.waitForImage.875: LANÇAMENTOS image found.
2024-04-10 14:36:45,220; INFO; functions.enter_contas_a_pagar.140: CLICA EM LANÇAMENTOS
2024-04-10 14:36:50,290; INFO; functions.waitForImage.875: LICENCAS EXCEDIDAS image found.
2024-04-10 14:36:50,290; INFO; functions.enter_contas_a_pagar.145: LICENCAS EXCEDIDAS
2024-04-10 14:36:50,290; INFO; functions.enter_contas_a_pagar.146: TENTANDO NOVAMENTE - 10
2024-04-10 14:37:12,478; INFO; functions.waitForImage.875: LANÇAMENTOS image found.
2024-04-10 14:37:12,594; INFO; functions.enter_contas_a_pagar.140: CLICA EM LANÇAMENTOS
2024-04-10 14:37:17,665; INFO; functions.waitForImage.875: LICENCAS EXCEDIDAS image found.
2024-04-10 14:37:17,665; INFO; functions.enter_contas_a_pagar.145: LICENCAS EXCEDIDAS
2024-04-10 14:37:17,665; INFO; functions.enter_contas_a_pagar.146: TENTANDO NOVAMENTE - 11
2024-04-10 14:37:39,853; INFO; functions.waitForImage.875: LANÇAMENTOS image found.
2024-04-10 14:37:39,969; INFO; functions.enter_contas_a_pagar.140: CLICA EM LANÇAMENTOS
2024-04-10 14:37:45,054; INFO; functions.waitForImage.875: LICENCAS EXCEDIDAS image found.
2024-04-10 14:37:45,055; INFO; functions.enter_contas_a_pagar.145: LICENCAS EXCEDIDAS
2024-04-10 14:37:45,055; INFO; functions.enter_contas_a_pagar.146: TENTANDO NOVAMENTE - 12
2024-04-10 14:38:16,697; INFO; functions.waitForImage.897: LANÇAMENTOS image found.
2024-04-10 14:38:16,814; INFO; functions.enter_contas_a_pagar.140: CLICA EM LANÇAMENTOS
2024-04-10 14:38:21,884; INFO; functions.waitForImage.875: LICENCAS EXCEDIDAS image found.
2024-04-10 14:38:21,884; INFO; functions.enter_contas_a_pagar.145: LICENCAS EXCEDIDAS
2024-04-10 14:38:21,884; INFO; functions.enter_contas_a_pagar.146: TENTANDO NOVAMENTE - 13
2024-04-10 14:38:44,071; INFO; functions.waitForImage.875: LANÇAMENTOS image found.
2024-04-10 14:38:44,188; INFO; functions.enter_contas_a_pagar.140: CLICA EM LANÇAMENTOS
2024-04-10 14:39:09,245; INFO; functions.waitForImage.906: LICENCAS EXCEDIDAS image not found.
2024-04-10 14:39:09,250; INFO; main.process.63: extrato_list_nao_tratado processo 0
2024-04-10 14:39:09,251; INFO; main.process.70: PROCESSO 1 de 55 A SER TRATADO: {'data': '08-04-2024', 'pi': '3993937', 'inv': '1131', 'moeda': 'EUR', 'montante': '-8360.00', 'saldo': '1098.64', 'nome': 'Bertling logistics Aberdeen Limited', 'cod': None}
2024-04-10 14:39:09,251; INFO; main.process.81: inv original 1131. tamanho 4
2024-04-10 14:39:09,251; INFO; main.process.86: inv TRATADA 00000113101. tamanho 11
2024-04-10 14:39:09,252; INFO; main.process.98: data: 08042024 <class 'str'>

                        pi: 3993937 <class 'str'>

                        inv: 00000113101 <class 'str'>

                        moeda: EUR <class 'str'>

                        montante: 8360,00 <class 'str'>

                        saldo: 1098.64 <class 'str'>

                        nome: Bertling logistics Aberdeen Limited <class 'str'>

                        cod: None <class 'NoneType'>
2024-04-10 14:39:09,255; INFO; functions.filter_lancamento.180: filter_lancamento : 1
2024-04-10 14:39:19,292; INFO; functions.filter_lancamento.207: ESCREVE Número do documento NO FILTRO
2024-04-10 14:39:20,899; INFO; functions.filter_lancamento.212: CLICK - BOTÃO DE SELECAO DE FILTRO
2024-04-10 14:39:22,878; INFO; functions.filter_lancamento.237: VALOR DE 00000113101 FILTRO
2024-04-10 14:39:23,524; INFO; functions.filter_lancamento.242: CLICK - BOTÃO DE EXECUTAR O FILTRO
2024-04-10 14:39:27,899; INFO; functions.desmark_filter.299: CLICK CHECKBOX LANÇAMENTOS A RECEBER
2024-04-10 14:39:28,712; INFO; functions.desmark_filter.303: CLICK CHECKBOX LANÇAMENTOS BAIXADOS
2024-04-10 14:39:29,586; INFO; functions.desmark_filter.307: CLICK CHECKBOX LANÇAMENTOS CANCELADOS
2024-04-10 14:39:30,462; INFO; functions.desmark_filter.311: CLICK CHECKBOX LANÇAMENTOS FATURADOS
2024-04-10 14:39:31,368; INFO; functions.desmark_filter.315: ATUALIZA O FILTRO
2024-04-10 14:39:31,509; INFO; functions.waitForImage.875: FILTER CLEAN image found.
2024-04-10 14:39:31,614; INFO; functions.filter_clean.250: CLICA NO BOTÃO X DO LIMPA FILTRO - TENTATIVA 1
2024-04-10 14:39:43,727; INFO; functions.waitForImage.906: FILTER CLEAN image not found.
2024-04-10 14:39:43,727; INFO; functions.filter_clean.253: BOTÃO X DO LIMPA FILTRO NÃO ENCONTRADO - TENTATIVA 2
2024-04-10 14:39:53,790; INFO; functions.waitForImage.906: FILTER CLEAN image not found.
2024-04-10 14:39:53,790; INFO; functions.filter_clean.253: BOTÃO X DO LIMPA FILTRO NÃO ENCONTRADO - TENTATIVA 3
2024-04-10 14:39:54,665; INFO; functions.select_tipo_documento.260: NOME DA COLUNA: Tipo de Documento
2024-04-10 14:39:55,930; INFO; functions.select_tipo_documento.264: HOVER NOME DA COLUNA: Tipo de Documento
2024-04-10 14:39:57,523; INFO; functions.select_tipo_documento.276: CLICA NO FILTRO PERSONALIZAR
2024-04-10 14:39:58,430; INFO; functions.select_tipo_documento.280: CLICA PARA SELECIONAR OPÇÕES DO FILTRO
2024-04-10 14:40:05,461; INFO; functions.select_tipo_documento.292: CLICK BUTTON CONFIRMAR FILTRO
2024-04-10 14:40:05,461; INFO; functions.check_table_record.320: VERIFICANDO SE A TABELA ESTÁ VAZIA
2024-04-10 14:40:06,305; INFO; functions.check_table_record.324: VERIFICAdo
2024-04-10 14:40:14,516; INFO; functions.check_table_record.330: CTRL+G
2024-04-10 14:40:15,116; INFO; functions.check_table_record.334: Para este processo é necessário que existam registros na visão.
2024-04-10 14:40:18,118; INFO; functions.check_table_record.341: SEM REGISTROS ENCONTRADOS
2024-04-10 14:40:18,219; INFO; main.process.134: Nenhuma INV encontrada
2024-04-10 14:40:18,219; INFO; main.process.63: extrato_list_nao_tratado processo 1
2024-04-10 14:40:18,219; INFO; main.process.67: PASSANDO PARA PROXIMO PROCESSO
2024-04-10 14:40:18,219; INFO; main.process.70: PROCESSO 2 de 55 A SER TRATADO: {'data': '07-04-2024', 'pi': '3991205', 'inv': '10167246', 'moeda': 'NOK', 'montante': '-166155.00', 'saldo': '6147.67', 'nome': 'Kongsberg Maritime AS', 'cod': None}
2024-04-10 14:40:18,219; INFO; main.process.81: inv original 10167246. tamanho 8
2024-04-10 14:40:18,219; INFO; main.process.86: inv TRATADA 01016724601. tamanho 11
2024-04-10 14:40:18,219; INFO; main.process.98: data: 07042024 <class 'str'>

                        pi: 3991205 <class 'str'>

                        inv: 01016724601 <class 'str'>

                        moeda: NOK <class 'str'>

                        montante: 166155,00 <class 'str'>

                        saldo: 6147.67 <class 'str'>

                        nome: Kongsberg Maritime AS <class 'str'>

                        cod: None <class 'NoneType'>
2024-04-10 14:40:18,219; INFO; functions.filter_lancamento.215: filter_lancamento : 2
2024-04-10 14:40:19,977; INFO; functions.waitForImage.875: NOVO FILTRO image found.
2024-04-10 14:40:20,094; INFO; functions.filter_lancamento.224: CLICK - BOTÃO DE NOVA SELECAO DE FILTRO
2024-04-10 14:40:21,847; INFO; functions.filter_lancamento.237: VALOR DE 01016724601 FILTRO
2024-04-10 14:40:22,495; INFO; functions.filter_lancamento.242: CLICK - BOTÃO DE EXECUTAR O FILTRO
2024-04-10 14:40:22,495; INFO; functions.check_table_record.320: VERIFICANDO SE A TABELA ESTÁ VAZIA
2024-04-10 14:40:24,368; INFO; functions.check_table_record.324: VERIFICAdo
2024-04-10 14:40:25,171; INFO; functions.check_table_record.330: CTRL+G
2024-04-10 14:40:25,777; INFO; functions.check_table_record.334: ATENÇÃO: 

Este processo exige que seja selecionado ao menos um registro para sua execução.
Como não foi feita nenhuma seleção, você deseja executá-lo para TODOS os 1 registros?
2024-04-10 14:40:27,779; INFO; functions.check_table_record.348: NUMERO DE REGISTROS ENCONTRADOS: 1
2024-04-10 14:40:29,497; INFO; functions.check_table_record.354: CLICK NÃO
2024-04-10 14:40:31,524; INFO; functions.check_inv.452: MOVIDO PRA CIMA 1 VEZES
2024-04-10 14:40:32,500; INFO; functions.check_inv.459: PRIMEIRA CELULA CLICADA
2024-04-10 14:40:36,041; INFO; functions.check_inv.463: 35 PASSOS PARA ESQUERDA
2024-04-10 14:40:37,854; INFO; functions.check_inv.468: 18 PASSOS PARA DIREITA
2024-04-10 14:40:39,854; INFO; functions.check_inv.474: BUSCA NA LINHA: 1
2024-04-10 14:40:39,854; INFO; functions.check_inv.480: ctrl c
2024-04-10 14:40:40,457; INFO; functions.check_inv.484: Historico completo: REF. A INV - 10167246 - KONGSBERG MARITIME AS
2024-04-10 14:40:40,958; INFO; functions.check_inv.499: INV E COLIGADA CORRETA ENCONTRADA: 10167246 - KONGSBERG MARITIME AS
2024-04-10 14:40:41,366; INFO; functions.check_inv.503: 4 PASSOS PARA ESQUERDA
2024-04-10 14:40:41,467; INFO; functions.check_inv.506: ctrl c
2024-04-10 14:40:41,968; INFO; functions.check_inv.512: VALOR PROCESSO: 166155,00
2024-04-10 14:40:41,968; INFO; functions.check_inv.513: VALOR PROCESSO2: <class 'str'>
2024-04-10 14:40:41,968; INFO; functions.check_inv.516: VALOR CORRETO ENCONTRADO.
2024-04-10 14:40:41,968; INFO; main.process.141: None
2024-04-10 14:40:44,071; INFO; functions.define_moeda.539: ctrl + enter
