23-11-2023 01:39:37.608Z;functions.bot_text_art;      ____   
23-11-2023 01:39:37.609Z;functions.bot_text_art;     [____]    
23-11-2023 01:39:37.611Z;functions.bot_text_art;   |=]()()[=|  
23-11-2023 01:39:37.611Z;functions.bot_text_art;     _\==/__    _____    ____     _        _____    ___   _  __
23-11-2023 01:39:37.613Z;functions.bot_text_art;   |__|   |_|  |  _  \  / ___|   | |      |_   _| / ___| | |/ /
23-11-2023 01:39:37.614Z;functions.bot_text_art;   |_|_/\_|_|  | |  | | | |      | |        | |   | |    | ' / 
23-11-2023 01:39:37.615Z;functions.bot_text_art;   | | __ | |  | |  | | | |      | |        | |   | |    |  <  
23-11-2023 01:39:37.616Z;functions.bot_text_art;   |_|[  ]|_|  | |__| | | |____  | |____   _| |_  | |__  | . \ 
23-11-2023 01:39:37.619Z;functions.bot_text_art;   \_|_||_|_/  |_____/   \_____| |______| |_____| \ ___| |_|\_\
23-11-2023 01:39:37.620Z;functions.bot_text_art;     |_||_|                                                     
23-11-2023 01:39:37.622Z;functions.bot_text_art;     | ||_|_   
23-11-2023 01:39:37.623Z;functions.bot_text_art;   |___||___|  
23-11-2023 01:39:37.624Z;functions.bot_text_art;               
23-11-2023 01:39:37.633Z;functions.open_RM;  OPEN PROGRAM RM
23-11-2023 01:39:50.766Z;functions.loggin_RM;  ENTER USER_NAME
23-11-2023 01:39:52.168Z;functions.loggin_RM;  ENTER PASSWORD
23-11-2023 01:39:53.365Z;functions.loggin_RM;  ENTER RM
23-11-2023 01:40:26.304Z;functions.enter_coligada;  CLICK CONTEXTO
23-11-2023 01:40:30.867Z;functions.enter_coligada;  CLICK COLIGADA 1
23-11-2023 01:40:33.213Z;functions.enter_coligada;  CLICK AVANÇAR
23-11-2023 01:40:35.948Z;functions.enter_coligada;  INSERE O COLIGADA CODE = 1
23-11-2023 01:40:36.076Z;functions.enter_coligada;  APERTA TAB PARA PREENCHER O CAMPO COM A STRING: OCEANICA ENGENHARIA E CONSULTORIA S.A.
23-11-2023 01:40:37.447Z;functions.enter_coligada;  CLICK AVANÇAR NOVAMENTE
23-11-2023 01:40:38.696Z;functions.enter_coligada;  CLICK CONCLUIR
23-11-2023 01:41:01.786Z;functions.enter_coligada;  POP UP COLIGADA DESAPARECER
23-11-2023 01:41:02.625Z;functions.enter_contas_a_pagar;  CLICK - TOTVS - LINHA RM
23-11-2023 01:41:04.368Z;functions.enter_contas_a_pagar;  CLICK - BACK OFFICE
23-11-2023 01:41:07.144Z;functions.enter_contas_a_pagar;  CLICK - GESTAO FINANCEIRA
23-11-2023 01:41:14.149Z;functions.enter_contas_a_pagar;  CLICK - CONTAS A PAGAR
23-11-2023 01:41:15.024Z;functions.waitForImage;  LANÇAMENTOS image found.
23-11-2023 01:41:17.141Z;functions.enter_contas_a_pagar;  CLICA EM LANÇAMENTOS
23-11-2023 01:41:19.143Z;functions.data_filter;  DATA INICIO 22-11-2023
23-11-2023 01:41:19.144Z;functions.data_filter;  DATA FIM 28-11-2023
23-11-2023 01:41:19.145Z;functions.data_filter;  CLICK - SELECIONA A DATA DE QUARTA FEIRA E DA PROXIMA TERÇA
23-11-2023 01:41:19.146Z;functions.data_filter;  QUARTA-FEIRA: 22-11-2023
23-11-2023 01:41:19.147Z;functions.data_filter;  TERCA-FEIRA: 28-11-2023
23-11-2023 01:41:28.906Z;functions.data_filter;  ESCREVE REMESSA PAGAMENTO PIX NO FILTRO
23-11-2023 01:41:29.724Z;functions.data_filter;  CLICK - BUTÃO DE SELECAO DE FILTRO
23-11-2023 01:41:32.897Z;functions.data_filter;  INSERE - DATA DE QUARTA-FEIRA: 22-11-2023
23-11-2023 01:41:35.283Z;functions.data_filter;  INSERE - DATA DA PROX TERCA-FEIRA: 28-11-2023
23-11-2023 01:41:36.189Z;functions.data_filter;  CLICK - BUTÃO DE EXECUTAR O FILTRO
23-11-2023 01:41:45.262Z;functions.waitForImage;  FILTER CLEAN image found.
23-11-2023 01:41:48.384Z;functions.filter_clean;  CLICA NO BOTÃO X DO LIMPA FILTRO
23-11-2023 01:41:52.180Z;functions.select_tipo_documento;  NOME DA COLUNA: Tipo de Documento
23-11-2023 01:41:53.924Z;functions.select_tipo_documento;  HOVER NOME DA COLUNA: Tipo de Documento
23-11-2023 01:41:54.058Z;functions.select_tipo_documento;  CLICA PARA APARECER O FILTRO PERSONALIZAR
23-11-2023 01:41:54.389Z;functions.select_tipo_documento;  CLICA NO FILTRO PERSONALIZAR
23-11-2023 01:41:56.770Z;functions.select_tipo_documento;  CLICA PARA SELECIONAR OPÇÕES DO FILTRO
23-11-2023 01:42:04.059Z;functions.select_tipo_documento;  CLICK BUTTON CONFIRMAR FILTRO
23-11-2023 01:42:04.062Z;functions.check_table_record;  VERIFICANDO SE A TABELA ESTÁ VAZIA
23-11-2023 01:42:17.015Z;functions.check_table_record;  ATENÇÃO: 

Este processo exige que seja selecionado ao menos um registro para sua execução.
Como não foi feita nenhuma seleção, você deseja executá-lo para TODOS os 12 registros?
23-11-2023 01:42:19.019Z;functions.check_table_record;  NUMERO DE TUPLAS: 12
23-11-2023 01:42:19.020Z;functions.check_table_record;  TABELA CONTÉM REGISTROS
23-11-2023 01:42:27.973Z;functions.check_table_record;  CLICK NÃO
23-11-2023 01:42:34.133Z;functions.process_lancamentos;  SELECIONA TODOS OS LANÇAMENTOS PARA SEREM PROCESSADOS
23-11-2023 01:42:40.236Z;functions.process_lancamentos;  CLICA PARA APARECER CONTA/CAIXA
23-11-2023 01:42:41.627Z;functions.process_lancamentos;  SELECIONA CONTA/CAIXA
23-11-2023 01:42:42.919Z;functions.process_lancamentos;  CLICA NO BOTÃO [...]
23-11-2023 01:42:45.354Z;functions.process_lancamentos;  CLICA NO CAMPO PESQUISA E DIGITA: %3212
23-11-2023 01:42:46.385Z;functions.process_lancamentos;  CLICA NO BOTÃO DO FILTRO
23-11-2023 01:42:47.598Z;functions.process_lancamentos;  CLICA NO BOTÃO OK
23-11-2023 01:42:48.714Z;functions.process_lancamentos;  CLICA NO BOTÃO EXECUTAR
23-11-2023 01:42:56.306Z;functions.waitForImage;  PRESS BUTTON OK image found.
23-11-2023 01:42:58.308Z;functions.process_lancamentos;  O PROCESSAMENTO FOI EXECUTADO COM SUCESSO.
23-11-2023 01:43:01.613Z;functions.process_lancamentos;  CLICK NO LOG.
23-11-2023 01:43:01.719Z;functions.process_lancamentos;  SELECIONA TODA A MSG DE LOG.
23-11-2023 01:43:01.824Z;functions.process_lancamentos;  COPIA A MSG DE LOG.
23-11-2023 01:43:01.825Z;functions.process_lancamentos;  LOG DE LANÇAMENTO REFERENCIA:
23-11-2023 01:43:01.827Z;functions.process_lancamentos;  Lançamento Ref. 855607: Convênio alterado para o convênio default '7' da conta Caixa '02675-5' .
Lançamento Ref. 855756: Convênio alterado para o convênio default '7' da conta Caixa '02675-5' .
Lançamento Ref. 855953: Convênio alterado para o convênio default '7' da conta Caixa '02675-5' .
Lançamento Ref. 855956: Convênio alterado para o convênio default '7' da conta Caixa '02675-5' .
Lançamento Ref. 856193: Convênio alterado para o convênio default '7' da conta Caixa '02675-5' .
Lançamento Ref. 856236: Convênio alterado para o convênio default '7' da conta Caixa '02675-5' .
Lançamento Ref. 857611: Convênio alterado para o convênio default '7' da conta Caixa '02675-5' .
Lançamento Ref. 859655: Convênio alterado para o convênio default '7' da conta Caixa '02675-5' .
Lançamento Ref. 860780: Convênio alterado para o convênio default '7' da conta Caixa '02675-5' .
Lançamento Ref. 862008: Convênio alterado para o convênio default '7' da conta Caixa '02675-5' .
Lançamento Ref. 862009: Convênio alterado para o convênio default '7' da conta Caixa '02675-5' .
Lançamento Ref. 864050: Convênio alterado para o convênio default '7' da conta Caixa '02675-5' .
Alteração Global de Lançamentos executada com sucesso

23-11-2023 01:43:02.751Z;functions.process_lancamentos;  CLICK EM FECHAR.
23-11-2023 01:43:08.649Z;functions.check_pix;  CHECK TODOS OS LANÇAMENTOS PIX
23-11-2023 01:43:16.756Z;functions.check_pix;  REF. LANÇAMENTO: 855607
23-11-2023 01:43:16.860Z;functions.check_pix;  APERTA CRONTROL ENTER PARA ENTRAR NO LANÇAMENTO
23-11-2023 01:43:26.487Z;functions.waitForImage;  INTEGRAÇÃO BANCÁRIA image found.
23-11-2023 01:43:28.605Z;functions.check_pix;  CLICK EM INTEGRAÇÃO BANCÁRIA
23-11-2023 01:43:28.606Z;functions.check_pix;  VERIFICANDO INFORMAÇÕES
23-11-2023 01:43:43.734Z;functions.check_pix;  ENTROU DADOS BANCÁRIOS
23-11-2023 01:43:43.837Z;functions.check_pix;  APERTA TAB
23-11-2023 01:43:45.947Z;functions.check_pix;  CTRL C
23-11-2023 01:43:46.948Z;functions.check_pix;  DESCRICAO CORRETA PIX
23-11-2023 01:43:47.136Z;functions.waitForImage;  FORMA DE PAGAMENTO image found.
23-11-2023 01:43:49.138Z;functions.check_pix;  FORMA DE PAGAMENTO TRANSFERÊNCIA PIX
23-11-2023 01:43:49.139Z;functions.check_data_pix;  CHECANDO DADOS CHAVE PIX
23-11-2023 01:43:49.327Z;functions.waitForImage;  TIPO DE CHAVE PIX image found.
23-11-2023 01:43:51.329Z;functions.check_data_pix;  TIPO DE CHAVE PIX NÃO PREENCHIDA
23-11-2023 01:43:51.330Z;functions.check_data_pix;  CHECANDO A CHAVE PIX
23-11-2023 01:43:51.521Z;functions.waitForImage;  CHAVE PIX image found.
23-11-2023 01:43:53.524Z;functions.check_data_pix;  CHAVE PIX NÃO PREENCHIDA
23-11-2023 01:43:53.525Z;functions.check_data;  CHECANDO DADOS BANCÁRIOS
23-11-2023 01:44:01.162Z;functions.check_data_bank;  BANCO: 341
23-11-2023 01:44:01.163Z;functions.check_data_bank;  CAMPO BANCO PREENCHIDO
23-11-2023 01:44:03.370Z;functions.check_data_bank;  AGENCIA: 8166
23-11-2023 01:44:05.372Z;functions.check_data_bank;  CAMPO AGENCIA PREENCHIDO
23-11-2023 01:44:07.577Z;functions.check_data_bank;  AGENCIA DIGITO: 8166
23-11-2023 01:44:09.579Z;functions.check_data_bank;  CAMPO DIGITO AGENCIA NÃO PREENCHIDO
23-11-2023 01:44:12.887Z;functions.check_data_bank;  CAMPO CC: 34040
23-11-2023 01:44:14.890Z;functions.check_data_bank;  CAMPO CC PREENCHIDO
23-11-2023 01:44:18.095Z;functions.check_data_bank;  CAMPO AG CC: 9
23-11-2023 01:44:20.097Z;functions.check_data_bank;  CAMPO CC PREENCHIDO
23-11-2023 01:44:20.098Z;functions.check_data_bank;  RETORNA FALSE
23-11-2023 01:44:20.100Z;functions.check_data;  check_data RETORNA FALSE
23-11-2023 01:44:22.926Z;errorhandler.__handle;  CSSStyleDeclaration: Unexpected token, ignoring upto '{        border: none;'. [1:174: {]
23-11-2023 01:44:22.929Z;errorhandler.__handle;  Property: Unknown Property name. [1:204: -ms-interpolation-mode]
23-11-2023 01:44:22.933Z;errorhandler.__handle;  CSSStyleDeclaration: Unexpected token, ignoring upto '}'. [1:267: }]
23-11-2023 01:44:22.937Z;errorhandler.__handle;  CSSStyleDeclaration: Unexpected token, ignoring upto '{        background-color: #f6f6f6;'. [1:281: {]
23-11-2023 01:44:22.949Z;errorhandler.__handle;  Property: Unknown Property name. [1:356: -webkit-font-smoothing]
23-11-2023 01:44:22.964Z;errorhandler.__handle;  Property: Unknown Property name. [1:486: -ms-text-size-adjust]
23-11-2023 01:44:22.967Z;errorhandler.__handle;  Property: Unknown Property name. [1:521: -webkit-text-size-adjust]
23-11-2023 01:44:22.970Z;errorhandler.__handle;  CSSStyleDeclaration: Unexpected token, ignoring upto '}'. [1:559: }]
23-11-2023 01:44:22.974Z;errorhandler.__handle;  CSSStyleDeclaration: Unexpected token, ignoring upto '{        border-collapse: separate;'. [1:574: {]
23-11-2023 01:44:22.979Z;errorhandler.__handle;  Property: Unknown Property name. [1:617: mso-table-lspace]
23-11-2023 01:44:22.982Z;errorhandler.__handle;  Property: Unknown Property name. [1:647: mso-table-rspace]
23-11-2023 01:44:22.988Z;errorhandler.__handle;  CSSStyleDeclaration: Unexpected token, ignoring upto '}'. [1:690: }]
23-11-2023 01:44:22.993Z;errorhandler.__handle;  CSSStyleDeclaration: Unexpected token, ignoring upto '{          font-family: sans-serif;'. [1:710: {]
23-11-2023 01:44:23.001Z;errorhandler.__handle;  CSSStyleDeclaration: Unexpected token, ignoring upto '}'. [1:808: }]
23-11-2023 01:44:23.005Z;errorhandler.__handle;  CSSStyleDeclaration: Unexpected token, ignoring upto '{        background-color: #f6f6f6;'. [1:941: {]
23-11-2023 01:44:23.051Z;errorhandler.__handle;  CSSStyleDeclaration: Unexpected token, ignoring upto '}'. [1:1003: }]
23-11-2023 01:44:23.125Z;errorhandler.__handle;  CSSStyleDeclaration: Unexpected token, ignoring upto '{        display: block;'. [1:1178: {]
23-11-2023 01:44:23.182Z;errorhandler.__handle;  CSSStyleDeclaration: Unexpected token, ignoring upto '}'. [1:1342: }]
23-11-2023 01:44:23.197Z;errorhandler.__handle;  CSSStyleDeclaration: Unexpected token, ignoring upto '{        box-sizing: border-box;'. [1:1452: {]
23-11-2023 01:44:23.205Z;errorhandler.__handle;  CSSStyleDeclaration: Unexpected token, ignoring upto '}'. [1:1584: }]
23-11-2023 01:44:23.208Z;errorhandler.__handle;  CSSStyleDeclaration: Unexpected token, ignoring upto '{        background: #ffffff;'. [1:1721: {]
23-11-2023 01:44:23.243Z;errorhandler.__handle;  CSSStyleDeclaration: Unexpected token, ignoring upto '}'. [1:1804: }]
23-11-2023 01:44:23.247Z;errorhandler.__handle;  CSSStyleDeclaration: Unexpected token, ignoring upto '{        box-sizing: border-box;'. [1:1822: {]
23-11-2023 01:44:23.252Z;errorhandler.__handle;  CSSStyleDeclaration: Unexpected token, ignoring upto '}'. [1:1883: }]
23-11-2023 01:44:23.256Z;errorhandler.__handle;  CSSStyleDeclaration: Unexpected token, ignoring upto '{        padding-bottom: 10px;'. [1:1907: {]
23-11-2023 01:44:23.260Z;errorhandler.__handle;  CSSStyleDeclaration: Unexpected token, ignoring upto '}'. [1:1969: }]
23-11-2023 01:44:23.265Z;errorhandler.__handle;  CSSStyleDeclaration: Unexpected token, ignoring upto '{        clear: both;'. [1:1986: {]
23-11-2023 01:44:23.271Z;errorhandler.__handle;  CSSStyleDeclaration: Unexpected token, ignoring upto '}'. [1:2086: }]
23-11-2023 01:44:23.275Z;errorhandler.__handle;  CSSStyleDeclaration: Unexpected token, ignoring upto '{          color: #999999;'. [1:2165: {]
23-11-2023 01:44:23.278Z;errorhandler.__handle;  CSSStyleDeclaration: Unexpected token, ignoring upto '}'. [1:2253: }]
23-11-2023 01:44:23.282Z;errorhandler.__handle;  CSSStyleDeclaration: Unexpected token, ignoring upto '{        color: #000000;'. [1:2404: {]
23-11-2023 01:44:23.288Z;errorhandler.__handle;  CSSStyleDeclaration: Unexpected token, ignoring upto '}'. [1:2563: }]
23-11-2023 01:44:23.292Z;errorhandler.__handle;  CSSStyleDeclaration: Unexpected token, ignoring upto '{        font-size: 35px;'. [1:2575: {]
23-11-2023 01:44:23.298Z;errorhandler.__handle;  CSSStyleDeclaration: Unexpected token, ignoring upto '}'. [1:2694: }]
23-11-2023 01:44:23.302Z;errorhandler.__handle;  CSSStyleDeclaration: Unexpected token, ignoring upto '{        font-family: sans-serif;'. [1:2723: {]
23-11-2023 01:44:23.307Z;errorhandler.__handle;  CSSStyleDeclaration: Unexpected token, ignoring upto '}'. [1:2861: }]
23-11-2023 01:44:23.310Z;errorhandler.__handle;  CSSStyleDeclaration: Unexpected token, ignoring upto '{          list-style-position: inside;'. [1:2905: {]
23-11-2023 01:44:23.314Z;errorhandler.__handle;  CSSStyleDeclaration: Unexpected token, ignoring upto '}'. [1:2978: }]
23-11-2023 01:44:23.317Z;errorhandler.__handle;  CSSStyleDeclaration: Unexpected token, ignoring upto '{        color: #3498db;'. [1:2989: {]
23-11-2023 01:44:23.321Z;errorhandler.__handle;  CSSStyleDeclaration: Unexpected token, ignoring upto '}'. [1:3055: }]
23-11-2023 01:44:23.325Z;errorhandler.__handle;  CSSStyleDeclaration: Unexpected token, ignoring upto '{        box-sizing: border-box;'. [1:3178: {]
23-11-2023 01:44:23.330Z;errorhandler.__handle;  CSSStyleDeclaration: Unexpected token, ignoring upto '}'. [1:3231: }]
23-11-2023 01:44:23.334Z;errorhandler.__handle;  CSSStyleDeclaration: Unexpected token, ignoring upto '{          padding-bottom: 15px;'. [1:3265: {]
23-11-2023 01:44:23.338Z;errorhandler.__handle;  CSSStyleDeclaration: Unexpected token, ignoring upto '}'. [1:3298: }]
23-11-2023 01:44:23.341Z;errorhandler.__handle;  CSSStyleDeclaration: Unexpected token, ignoring upto '{          width: auto;'. [1:3320: {]
23-11-2023 01:44:23.344Z;errorhandler.__handle;  CSSStyleDeclaration: Unexpected token, ignoring upto '}'. [1:3350: }]
23-11-2023 01:44:23.348Z;errorhandler.__handle;  CSSStyleDeclaration: Unexpected token, ignoring upto '{          background-color: #ffffff;'. [1:3375: {]
23-11-2023 01:44:23.352Z;errorhandler.__handle;  CSSStyleDeclaration: Unexpected token, ignoring upto '}'. [1:3477: }]
23-11-2023 01:44:23.357Z;errorhandler.__handle;  CSSStyleDeclaration: Unexpected token, ignoring upto '{          background-color: #ffffff;'. [1:3495: {]
23-11-2023 01:44:23.514Z;errorhandler.__handle;  CSSStyleDeclaration: Unexpected token, ignoring upto '}'. [1:3892: }]
23-11-2023 01:44:23.516Z;errorhandler.__handle;  CSSStyleDeclaration: Unexpected token, ignoring upto '{        background-color: #3498db;'. [1:3923: {]
23-11-2023 01:44:23.519Z;errorhandler.__handle;  CSSStyleDeclaration: Unexpected token, ignoring upto '}'. [1:3965: }]
23-11-2023 01:44:23.521Z;errorhandler.__handle;  CSSStyleDeclaration: Unexpected token, ignoring upto '{        background-color: #3498db;'. [1:3989: {]
23-11-2023 01:44:23.559Z;errorhandler.__handle;  CSSStyleDeclaration: Unexpected token, ignoring upto '}'. [1:4084: }]
23-11-2023 01:44:23.562Z;errorhandler.__handle;  CSSStyleDeclaration: Unexpected token, ignoring upto '{        margin-bottom: 0;'. [1:4234: {]
23-11-2023 01:44:23.563Z;errorhandler.__handle;  CSSStyleDeclaration: Unexpected token, ignoring upto '}'. [1:4267: }]
23-11-2023 01:44:23.567Z;errorhandler.__handle;  CSSStyleDeclaration: Unexpected token, ignoring upto '{        margin-top: 0;'. [1:4283: {]
23-11-2023 01:44:23.571Z;errorhandler.__handle;  CSSStyleDeclaration: Unexpected token, ignoring upto '}'. [1:4313: }]
23-11-2023 01:44:23.574Z;errorhandler.__handle;  CSSStyleDeclaration: Unexpected token, ignoring upto '{        text-align: center;'. [1:4336: {]
23-11-2023 01:44:23.590Z;errorhandler.__handle;  CSSStyleDeclaration: Unexpected token, ignoring upto '}'. [1:4371: }]
23-11-2023 01:44:23.594Z;errorhandler.__handle;  CSSStyleDeclaration: Unexpected token, ignoring upto '{        text-align: right;'. [1:4393: {]
23-11-2023 01:44:23.598Z;errorhandler.__handle;  CSSStyleDeclaration: Unexpected token, ignoring upto '}'. [1:4427: }]
23-11-2023 01:44:23.601Z;errorhandler.__handle;  CSSStyleDeclaration: Unexpected token, ignoring upto '{        text-align: left;'. [1:4448: {]
23-11-2023 01:44:23.603Z;errorhandler.__handle;  CSSStyleDeclaration: Unexpected token, ignoring upto '}'. [1:4481: }]
23-11-2023 01:44:23.605Z;errorhandler.__handle;  CSSStyleDeclaration: Unexpected token, ignoring upto '{        clear: both;'. [1:4497: {]
23-11-2023 01:44:23.607Z;errorhandler.__handle;  CSSStyleDeclaration: Unexpected token, ignoring upto '}'. [1:4525: }]
23-11-2023 01:44:23.609Z;errorhandler.__handle;  CSSStyleDeclaration: Unexpected token, ignoring upto '{        margin-top: 0;'. [1:4539: {]
23-11-2023 01:44:23.611Z;errorhandler.__handle;  CSSStyleDeclaration: Unexpected token, ignoring upto '}'. [1:4569: }]
23-11-2023 01:44:23.614Z;errorhandler.__handle;  CSSStyleDeclaration: Unexpected token, ignoring upto '{        margin-bottom: 0;'. [1:4583: {]
23-11-2023 01:44:23.617Z;errorhandler.__handle;  CSSStyleDeclaration: Unexpected token, ignoring upto '}'. [1:4616: }]
23-11-2023 01:44:23.622Z;errorhandler.__handle;  CSSStyleDeclaration: Unexpected token, ignoring upto '{        color: transparent;'. [1:4636: {]
23-11-2023 01:44:23.628Z;errorhandler.__handle;  Property: Unknown Property name. [1:4799: mso-hide]
23-11-2023 01:44:23.640Z;errorhandler.__handle;  CSSStyleDeclaration: Unexpected token, ignoring upto '}'. [1:4864: }]
23-11-2023 01:44:23.642Z;errorhandler.__handle;  CSSStyleDeclaration: Unexpected token, ignoring upto '{        text-decoration: none;'. [1:4887: {]
23-11-2023 01:44:23.644Z;errorhandler.__handle;  CSSStyleDeclaration: Unexpected token, ignoring upto '}'. [1:4925: }]
23-11-2023 01:44:23.647Z;errorhandler.__handle;  CSSStyleDeclaration: Unexpected token, ignoring upto '{        border: 0;'. [1:4937: {]
23-11-2023 01:44:23.651Z;errorhandler.__handle;  CSSStyleDeclaration: Unexpected token, ignoring upto '}'. [1:5027: }]
23-11-2023 01:44:23.657Z;errorhandler.__handle;  CSSStyleRule: No selector found: '{        table.body h1 {{          font-size: 28px !important;          margin-bottom: 10px !important;         }}        table.body p,        table.body ul,        table.body ol,        table.body td,        table.body span,        table.body a {{          font-size: 16px !important;         }}        table.body .wrapper,        table.body .article {{          padding: 10px !important;         }}        table.body .content {{          padding: 0 !important;         }}        table.body .container {{          padding: 0 !important;          width: 100% !important;         }}        table.body .main {{          border-left-width: 0 !important;          border-radius: 0 !important;          border-right-width: 0 !important;         }}        table.body .btn table {{          width: 100% !important;         }}        table.body .btn a {{          width: 100% !important;         }}        table.body .img-responsive {{          height: auto !important;          max-width: 100% !important;          width: auto !important;         }}      }'. [1:5217: {]
23-11-2023 01:44:23.666Z;errorhandler.__handle;  SelectorList: Unknown Syntax: ''
23-11-2023 01:44:23.668Z;errorhandler.__handle;  Property: No ":" after name found: table.body h1 {{          font-size: 28px !important;          margin-bottom: 10px !important;         }}        table.body p,        table.body ul,        table.body ol,        table.body td,        table.body span,        table.body a {{          font-size: 16px !important;         }}        table.body .wrapper,        table.body .article {{          padding: 10px !important;         }}        table.body .content {{          padding: 0 !important;         }}        table.body .container {{          padding: 0 !important;          width: 100% !important;         }}        table.body .main {{          border-left-width: 0 !important;          border-radius: 0 !important;          border-right-width: 0 !important;         }}        table.body .btn table {{          width: 100% !important;         }}        table.body .btn a {{          width: 100% !important;         }}        table.body .img-responsive {{          height: auto !important;          max-width: 100% !important;          width: auto !important;         }}       [1:6259:       ]
23-11-2023 01:44:23.676Z;errorhandler.__handle;  Property: No property value found: table.body h1 {{          font-size: 28px !important;          margin-bottom: 10px !important;         }}        table.body p,        table.body ul,        table.body ol,        table.body td,        table.body span,        table.body a {{          font-size: 16px !important;         }}        table.body .wrapper,        table.body .article {{          padding: 10px !important;         }}        table.body .content {{          padding: 0 !important;         }}        table.body .container {{          padding: 0 !important;          width: 100% !important;         }}        table.body .main {{          border-left-width: 0 !important;          border-radius: 0 !important;          border-right-width: 0 !important;         }}        table.body .btn table {{          width: 100% !important;         }}        table.body .btn a {{          width: 100% !important;         }}        table.body .img-responsive {{          height: auto !important;          max-width: 100% !important;          width: auto !important;         }}       [1:6259:       ]
23-11-2023 01:44:23.685Z;errorhandler.__handle;  CSSStyleDeclaration: Syntax Error in Property: table.body h1 {{          font-size: 28px !important;          margin-bottom: 10px !important;         }}        table.body p,        table.body ul,        table.body ol,        table.body td,        table.body span,        table.body a {{          font-size: 16px !important;         }}        table.body .wrapper,        table.body .article {{          padding: 10px !important;         }}        table.body .content {{          padding: 0 !important;         }}        table.body .container {{          padding: 0 !important;          width: 100% !important;         }}        table.body .main {{          border-left-width: 0 !important;          border-radius: 0 !important;          border-right-width: 0 !important;         }}        table.body .btn table {{          width: 100% !important;         }}        table.body .btn a {{          width: 100% !important;         }}        table.body .img-responsive {{          height: auto !important;          max-width: 100% !important;          width: auto !important;         }}      
23-11-2023 01:44:23.698Z;errorhandler.__handle;  CSSStyleRule: No selector found: '{        .ExternalClass {{          width: 100%;         }}        .ExternalClass,        .ExternalClass p,        .ExternalClass span,        .ExternalClass font,        .ExternalClass td,        .ExternalClass div {{          line-height: 100%;         }}        .apple-link a {{          color: inherit !important;          font-family: inherit !important;          font-size: inherit !important;          font-weight: inherit !important;          line-height: inherit !important;          text-decoration: none !important;         }}        #MessageViewBody a {{          color: inherit;          text-decoration: none;          font-size: inherit;          font-family: inherit;          font-weight: inherit;          line-height: inherit;        }}        .btn-primary table td:hover {{          background-color: #34495e !important;         }}        .btn-primary a:hover {{          background-color: #34495e !important;          border-color: #34495e !important;         }}       }'. [1:6420: {]
23-11-2023 01:44:23.703Z;errorhandler.__handle;  SelectorList: Unknown Syntax: ''
23-11-2023 01:44:23.705Z;errorhandler.__handle;  CSSStyleDeclaration: Unexpected token, ignoring upto '.ExternalClass {{          width: 100%;         }}        .ExternalClass,        .ExternalClass p,        .ExternalClass span,        .ExternalClass font,        .ExternalClass td,        .ExternalClass div {{          line-height: 100%;         }}        .apple-link a {{          color: inherit !important;          font-family: inherit !important;          font-size: inherit !important;          font-weight: inherit !important;          line-height: inherit !important;          text-decoration: none !important;         }}        #MessageViewBody a {{          color: inherit;          text-decoration: none;          font-size: inherit;          font-family: inherit;          font-weight: inherit;          line-height: inherit;        }}        .btn-primary table td:hover {{          background-color: #34495e !important;         }}        .btn-primary a:hover {{          background-color: #34495e !important;          border-color: #34495e !important;         }}       '. [1:6429: .]
23-11-2023 01:44:23.721Z;errorhandler.__handle;  Property: Unknown Property name. [1:1: -ms-interpolation-mode]
23-11-2023 01:44:23.723Z;errorhandler.__handle;  Property: Unknown Property name. [1:24: -webkit-font-smoothing]
23-11-2023 01:44:23.726Z;errorhandler.__handle;  Property: Unknown Property name. [1:109: -ms-text-size-adjust]
23-11-2023 01:44:23.728Z;errorhandler.__handle;  Property: Unknown Property name. [1:135: -webkit-text-size-adjust]
23-11-2023 01:44:23.730Z;errorhandler.__handle;  Property: Unknown Property name. [1:1: mso-table-lspace]
23-11-2023 01:44:23.731Z;errorhandler.__handle;  Property: Unknown Property name. [1:20: mso-table-rspace]
23-11-2023 01:44:23.751Z;errorhandler.__handle;  Property: Unknown Property name. [1:74: mso-hide]
23-11-2023 01:44:23.759Z;errorhandler.__handle;  Property: No ":" after name found: align-center [1:1: align-center]
23-11-2023 01:44:23.761Z;errorhandler.__handle;  Property: No property value found: align-center [1:1: align-center]
23-11-2023 01:44:23.762Z;errorhandler.__handle;  CSSStyleDeclaration: Syntax Error in Property: align-center
23-11-2023 01:44:23.765Z;errorhandler.__handle;  Property: Unknown Property name. [1:1: -ms-interpolation-mode]
23-11-2023 01:44:25.781Z;functions.emailErro;  Warning e-mail sent.
23-11-2023 01:44:25.782Z;functions.check_pix;  DESMARCA REGISTRO
23-11-2023 01:44:27.969Z;functions.waitForImage;  PRESS BUTTON OK image found.
23-11-2023 01:44:30.096Z;functions.check_pix;  APERTA OK
23-11-2023 01:44:32.296Z;functions.waitForImage;  PRESS BUTTON OK 2 image found.
23-11-2023 01:44:34.401Z;functions.check_pix;  APERTA OK 2
23-11-2023 01:44:39.404Z;functions.check_pix;  LANÇAMENTO SERÁ RETIRADO DO PROCESSAMENTO 855607
23-11-2023 01:44:39.610Z;functions.check_pix;  APERTA PARA BAIXO PARA VERIFICAR O PRÓXIMO REGISTRO
23-11-2023 01:44:49.715Z;functions.check_pix;  REF. LANÇAMENTO: 855756
23-11-2023 01:44:49.819Z;functions.check_pix;  APERTA CRONTROL ENTER PARA ENTRAR NO LANÇAMENTO
23-11-2023 01:44:56.753Z;functions.waitForImage;  INTEGRAÇÃO BANCÁRIA image found.
23-11-2023 01:44:58.884Z;functions.check_pix;  CLICK EM INTEGRAÇÃO BANCÁRIA
23-11-2023 01:44:58.885Z;functions.check_pix;  VERIFICANDO INFORMAÇÕES
23-11-2023 01:45:14.017Z;functions.check_pix;  ENTROU DADOS BANCÁRIOS
23-11-2023 01:45:14.121Z;functions.check_pix;  APERTA TAB
23-11-2023 01:45:16.225Z;functions.check_pix;  CTRL C
23-11-2023 01:45:17.227Z;functions.check_pix;  DESCRICAO CORRETA PIX
23-11-2023 01:45:17.420Z;functions.waitForImage;  FORMA DE PAGAMENTO image found.
23-11-2023 01:45:19.422Z;functions.check_pix;  FORMA DE PAGAMENTO TRANSFERÊNCIA PIX
23-11-2023 01:45:19.423Z;functions.check_data_pix;  CHECANDO DADOS CHAVE PIX
23-11-2023 01:45:19.609Z;functions.waitForImage;  TIPO DE CHAVE PIX image found.
23-11-2023 01:45:21.611Z;functions.check_data_pix;  TIPO DE CHAVE PIX NÃO PREENCHIDA
23-11-2023 01:45:21.612Z;functions.check_data_pix;  CHECANDO A CHAVE PIX
23-11-2023 01:45:21.787Z;functions.waitForImage;  CHAVE PIX image found.
23-11-2023 01:45:23.788Z;functions.check_data_pix;  CHAVE PIX NÃO PREENCHIDA
23-11-2023 01:45:23.789Z;functions.check_data;  CHECANDO DADOS BANCÁRIOS
23-11-2023 01:45:31.417Z;functions.check_data_bank;  BANCO: 341
23-11-2023 01:45:31.418Z;functions.check_data_bank;  CAMPO BANCO PREENCHIDO
23-11-2023 01:45:33.625Z;functions.check_data_bank;  AGENCIA: 9322
23-11-2023 01:45:35.627Z;functions.check_data_bank;  CAMPO AGENCIA PREENCHIDO
23-11-2023 01:45:37.834Z;functions.check_data_bank;  AGENCIA DIGITO: 9322
23-11-2023 01:45:39.836Z;functions.check_data_bank;  CAMPO DIGITO AGENCIA NÃO PREENCHIDO
23-11-2023 01:45:43.144Z;functions.check_data_bank;  CAMPO CC: 9718
23-11-2023 01:45:45.146Z;functions.check_data_bank;  CAMPO CC PREENCHIDO
23-11-2023 01:45:48.352Z;functions.check_data_bank;  CAMPO AG CC: 0
23-11-2023 01:45:50.354Z;functions.check_data_bank;  CAMPO CC PREENCHIDO
23-11-2023 01:45:50.355Z;functions.check_data_bank;  RETORNA FALSE
23-11-2023 01:45:50.356Z;functions.check_data;  check_data RETORNA FALSE
23-11-2023 01:45:51.797Z;errorhandler.__handle;  Property: Unknown Property name. [1:1: -ms-interpolation-mode]
23-11-2023 01:45:54.007Z;functions.emailErro;  Warning e-mail sent.
23-11-2023 01:45:54.007Z;functions.check_pix;  DESMARCA REGISTRO
23-11-2023 01:45:56.191Z;functions.waitForImage;  PRESS BUTTON OK image found.
23-11-2023 01:45:58.324Z;functions.check_pix;  APERTA OK
23-11-2023 01:46:00.500Z;functions.waitForImage;  PRESS BUTTON OK 2 image found.
23-11-2023 01:46:02.622Z;functions.check_pix;  APERTA OK 2
23-11-2023 01:46:07.624Z;functions.check_pix;  LANÇAMENTO SERÁ RETIRADO DO PROCESSAMENTO 855756
23-11-2023 01:46:07.830Z;functions.check_pix;  APERTA PARA BAIXO PARA VERIFICAR O PRÓXIMO REGISTRO
23-11-2023 01:46:17.936Z;functions.check_pix;  REF. LANÇAMENTO: 855953
23-11-2023 01:46:18.041Z;functions.check_pix;  APERTA CRONTROL ENTER PARA ENTRAR NO LANÇAMENTO
23-11-2023 01:46:24.741Z;functions.waitForImage;  INTEGRAÇÃO BANCÁRIA image found.
23-11-2023 01:46:26.847Z;functions.check_pix;  CLICK EM INTEGRAÇÃO BANCÁRIA
23-11-2023 01:46:26.849Z;functions.check_pix;  VERIFICANDO INFORMAÇÕES
23-11-2023 01:46:41.975Z;functions.check_pix;  ENTROU DADOS BANCÁRIOS
23-11-2023 01:46:42.079Z;functions.check_pix;  APERTA TAB
23-11-2023 01:46:44.184Z;functions.check_pix;  CTRL C
23-11-2023 01:46:47.496Z;functions.waitForImage;  FORMA DE PAGAMENTO image found.
23-11-2023 01:46:49.499Z;functions.check_pix;  FORMA DE PAGAMENTO TRANSFERÊNCIA PIX
23-11-2023 01:46:49.500Z;functions.check_data_pix;  CHECANDO DADOS CHAVE PIX
23-11-2023 01:46:49.752Z;functions.waitForImage;  TIPO DE CHAVE PIX image found.
23-11-2023 01:46:51.754Z;functions.check_data_pix;  TIPO DE CHAVE PIX NÃO PREENCHIDA
23-11-2023 01:46:51.755Z;functions.check_data_pix;  CHECANDO A CHAVE PIX
23-11-2023 01:46:53.112Z;functions.show_exception_and_exit;  
Traceback (most recent call last):
  File "c:\Projetos\Remessas_Pix\main.py", line 24, in <module>
    check_pix()
  File "c:\Projetos\Remessas_Pix\SUBPROGRAMS\functions.py", line 475, in check_pix
    desmark_register = check_data()
                       ^^^^^^^^^^^^
  File "c:\Projetos\Remessas_Pix\SUBPROGRAMS\functions.py", line 516, in check_data
    check_data_pix()
  File "c:\Projetos\Remessas_Pix\SUBPROGRAMS\functions.py", line 546, in check_data_pix
    chave = waitForImage(image = chave_pix, timeout=5, name = 'CHAVE PIX')
            ^^^^^^^^^^^^^^^^^^^^^^^^^^^^^^^^^^^^^^^^^^^^^^^^^^^^^^^^^^^^^^
  File "c:\Projetos\Remessas_Pix\SUBPROGRAMS\functions.py", line 1038, in waitForImage
    time.sleep(0.5)
KeyboardInterrupt
23-11-2023 01:46:54.736Z;errorhandler.__handle;  Property: Unknown Property name. [1:203: -ms-interpolation-mode]
23-11-2023 01:46:54.782Z;errorhandler.__handle;  Property: Unknown Property name. [1:353: -webkit-font-smoothing]
23-11-2023 01:46:54.791Z;errorhandler.__handle;  Property: Unknown Property name. [1:483: -ms-text-size-adjust]
23-11-2023 01:46:54.794Z;errorhandler.__handle;  Property: Unknown Property name. [1:518: -webkit-text-size-adjust]
23-11-2023 01:46:54.799Z;errorhandler.__handle;  Property: Unknown Property name. [1:612: mso-table-lspace]
23-11-2023 01:46:54.802Z;errorhandler.__handle;  Property: Unknown Property name. [1:642: mso-table-rspace]
23-11-2023 01:46:54.981Z;errorhandler.__handle;  Property: Unknown Property name. [1:4734: mso-hide]
23-11-2023 01:46:55.174Z;errorhandler.__handle;  Property: Unknown Property name. [1:13: -ms-interpolation-mode]
23-11-2023 01:46:55.181Z;errorhandler.__handle;  Property: Unknown Property name. [1:49: -webkit-font-smoothing]
23-11-2023 01:46:55.185Z;errorhandler.__handle;  Property: Unknown Property name. [1:134: -ms-text-size-adjust]
23-11-2023 01:46:55.188Z;errorhandler.__handle;  Property: Unknown Property name. [1:160: -webkit-text-size-adjust]
23-11-2023 01:46:55.224Z;errorhandler.__handle;  Property: Unknown Property name. [1:26: mso-table-lspace]
23-11-2023 01:46:55.230Z;errorhandler.__handle;  Property: Unknown Property name. [1:45: mso-table-rspace]
23-11-2023 01:46:55.265Z;errorhandler.__handle;  Property: Unknown Property name. [1:92: mso-hide]
23-11-2023 01:46:55.279Z;errorhandler.__handle;  Property: Unknown Property name. [1:14: -ms-interpolation-mode]
