2024-02-15 15:42:26.551Z;functions.bot_text_art;      ____   
2024-02-15 15:42:26.551Z;functions.bot_text_art;     [____]    
2024-02-15 15:42:26.551Z;functions.bot_text_art;   |=]()()[=|  
2024-02-15 15:42:26.551Z;functions.bot_text_art;     _\==/__    _____    ____     _        _____    ___   _  __
2024-02-15 15:42:26.551Z;functions.bot_text_art;   |__|   |_|  |  _  \  / ___|   | |      |_   _| / ___| | |/ /
2024-02-15 15:42:26.551Z;functions.bot_text_art;   |_|_/\_|_|  | |  | | | |      | |        | |   | |    | ' / 
2024-02-15 15:42:26.551Z;functions.bot_text_art;   | | __ | |  | |  | | | |      | |        | |   | |    |  <  
2024-02-15 15:42:26.551Z;functions.bot_text_art;   |_|[  ]|_|  | |__| | | |____  | |____   _| |_  | |__  | . \ 
2024-02-15 15:42:26.551Z;functions.bot_text_art;   \_|_||_|_/  |_____/   \_____| |______| |_____| \ ___| |_|\_\
2024-02-15 15:42:26.567Z;functions.bot_text_art;     |_||_|                                                     
2024-02-15 15:42:26.567Z;functions.bot_text_art;     | ||_|_   
2024-02-15 15:42:26.567Z;functions.bot_text_art;   |___||___|  
2024-02-15 15:42:26.567Z;functions.bot_text_art;               
2024-02-15 15:42:26.567Z;functions.headerExcel;  Criando EXCEL
2024-02-15 15:42:26.570Z;functions.headerExcel;  EXCEL iniciado
2024-02-15 15:42:26.574Z;functions.open_RM;  OPEN PROGRAM RM
2024-02-15 15:42:33.817Z;functions.loggin_RM;  ENTER USER_NAME
2024-02-15 15:42:34.718Z;functions.loggin_RM;  ENTER PASSWORD
2024-02-15 15:42:35.489Z;functions.loggin_RM;  ENTER RM
2024-02-15 15:43:02.645Z;functions.enter_coligada;  CLICK CONTEXTO
2024-02-15 15:43:06.739Z;functions.enter_coligada;  CLICK COLIGADA 2
2024-02-15 15:43:09.176Z;functions.enter_coligada;  INSERE O COLIGADA CODE = 2
2024-02-15 15:43:09.277Z;functions.enter_coligada;  APERTA TAB PARA PREENCHER O CAMPO COM A STRING: OCEANICA ENGENHARIA E CONSULTORIA S.A.
2024-02-15 15:43:10.457Z;functions.enter_coligada;  CLICK AVANÇAR NOVAMENTE
2024-02-15 15:43:13.490Z;functions.enter_coligada;  CLICK CONCLUIR
2024-02-15 15:43:24.504Z;functions.enter_coligada;  POP UP COLIGADA CLICADO PARA DESAPARECER
2024-02-15 15:43:25.145Z;functions.enter_contas_a_pagar;  CLICK - TOTVS - LINHA RM
2024-02-15 15:43:27.864Z;functions.enter_contas_a_pagar;  CLICK - BACK OFFICE
2024-02-15 15:43:30.491Z;functions.enter_contas_a_pagar;  CLICK - GESTAO FINANCEIRA
2024-02-15 15:43:36.551Z;functions.enter_contas_a_pagar;  CLICK - CONTAS A PAGAR
2024-02-15 15:43:36.740Z;functions.waitForImage;  LANÇAMENTOS image found.
2024-02-15 15:43:36.842Z;functions.enter_contas_a_pagar;  CLICA EM LANÇAMENTOS
2024-02-15 15:43:43.657Z;functions.filter_lancamento;  ESCREVE Histórico NO FILTRO
2024-02-15 15:43:44.802Z;functions.filter_lancamento;  CLICK - BUTÃO DE SELECAO DE FILTRO
