11-10-2023 17:21:41.187Z;functions.bot_text_art;      ____   
11-10-2023 17:21:41.187Z;functions.bot_text_art;     [____]    
11-10-2023 17:21:41.188Z;functions.bot_text_art;   |=]()()[=|  
11-10-2023 17:21:41.188Z;functions.bot_text_art;     _\==/__    _____    ____     _        _____    ___   _  __
11-10-2023 17:21:41.188Z;functions.bot_text_art;   |__|   |_|  |  _  \  / ___|   | |      |_   _| / ___| | |/ /
11-10-2023 17:21:41.189Z;functions.bot_text_art;   |_|_/\_|_|  | |  | | | |      | |        | |   | |    | ' / 
11-10-2023 17:21:41.190Z;functions.bot_text_art;   | | __ | |  | |  | | | |      | |        | |   | |    |  <  
11-10-2023 17:21:41.191Z;functions.bot_text_art;   |_|[  ]|_|  | |__| | | |____  | |____   _| |_  | |__  | . \ 
11-10-2023 17:21:41.192Z;functions.bot_text_art;   \_|_||_|_/  |_____/   \_____| |______| |_____| \ ___| |_|\_\
11-10-2023 17:21:41.193Z;functions.bot_text_art;     |_||_|                                                     
11-10-2023 17:21:41.194Z;functions.bot_text_art;     | ||_|_   
11-10-2023 17:21:41.194Z;functions.bot_text_art;   |___||___|  
11-10-2023 17:21:41.195Z;functions.bot_text_art;               
11-10-2023 17:21:41.639Z;functions.open_RM;  OPEN PROGRAM RM
11-10-2023 17:26:30.729Z;functions.loggin_RM;  ENTER USER_NAME
11-10-2023 17:26:31.934Z;functions.loggin_RM;  ENTER PASSWORD
11-10-2023 17:26:32.906Z;functions.loggin_RM;  ENTER RM
11-10-2023 17:26:58.063Z;functions.enter_coligada;  CLICK CONTEXTO
11-10-2023 17:27:02.592Z;functions.enter_coligada;  CLICK COLIGADA 1
11-10-2023 17:27:04.466Z;functions.enter_coligada;  CLICK AVANÇAR
11-10-2023 17:27:06.739Z;functions.enter_coligada;  INSERE O COLIGADA CODE = 1
11-10-2023 17:27:06.842Z;functions.enter_coligada;  APERTA TAB PARA PREENCHER O CAMPO COM A STRING: OCEANICA ENGENHARIA E CONSULTORIA S.A.
11-10-2023 17:27:07.863Z;functions.enter_coligada;  CLICK AVANÇAR NOVAMENTE
11-10-2023 17:27:08.955Z;functions.enter_coligada;  CLICK CONCLUIR
11-10-2023 17:27:25.781Z;functions.enter_coligada;  POP UP COLIGADA DESAPARECER
11-10-2023 17:27:26.569Z;functions.enter_contas_a_pagar;  CLICK - TOTVS - LINHA RM
11-10-2023 17:27:27.928Z;functions.enter_contas_a_pagar;  CLICK - BACK OFFICE
11-10-2023 17:27:30.615Z;functions.enter_contas_a_pagar;  CLICK - GESTAO FINANCEIRA
11-10-2023 17:27:36.450Z;functions.enter_contas_a_pagar;  CLICK - CONTAS A PAGAR
11-10-2023 17:27:37.216Z;functions.waitForImage;  LANÇAMENTOS image found.
11-10-2023 17:27:39.348Z;functions.enter_contas_a_pagar;  CLICA EM LANÇAMENTOS
11-10-2023 17:27:41.353Z;functions.data_filter;  CLICK - SELECIONA A DATA DE QUARTA FEIRA E DA PROXIMA TERÇA
11-10-2023 17:27:41.355Z;functions.data_filter;  QUARTA-FEIRA: 11-10-2023
11-10-2023 17:27:41.358Z;functions.data_filter;  TERCA-FEIRA: 17-10-2023
11-10-2023 17:27:49.436Z;functions.data_filter;  ESCREVE REMESSA BANCÁRIA NO FILTRO
11-10-2023 17:27:50.202Z;functions.data_filter;  CLICK - BUTÃO DE SELECAO DE FILTRO
11-10-2023 17:27:52.686Z;functions.data_filter;  INSERE - DATA DE QUARTA-FEIRA: 11-10-2023
11-10-2023 17:27:54.705Z;functions.data_filter;  INSERE - DATA DA PROX TERCA-FEIRA: 17-10-2023
11-10-2023 17:27:55.538Z;functions.data_filter;  CLICK - BUTÃO DE EXECUTAR O FILTRO
11-10-2023 17:28:10.559Z;functions.waitForImage;  FILTER CLEAN image not found.
11-10-2023 17:28:41.059Z;functions.select_tipo_documento;  NOME DA COLUNA: Tipo de Documento
11-10-2023 17:28:42.683Z;functions.select_tipo_documento;  HOVER NOME DA COLUNA: Tipo de Documento
11-10-2023 17:28:42.802Z;functions.select_tipo_documento;  CLICA PARA APARECER O FILTRO PERSONALIZAR
11-10-2023 17:28:43.215Z;functions.select_tipo_documento;  CLICA NO FILTRO PERSONALIZAR
11-10-2023 17:28:44.902Z;functions.select_tipo_documento;  CLICA PARA SELECIONAR OPÇÕES DO FILTRO
11-10-2023 17:28:52.285Z;functions.select_tipo_documento;  CLICK BUTTON CONFIRMAR FILTRO
11-10-2023 17:28:54.103Z;functions.desmark_filter;  CLICK CHECKBOX LANÇAMENTOS A RECEBER
11-10-2023 17:28:55.307Z;functions.desmark_filter;  CLICK CHECKBOX LANÇAMENTOS BAIXADOS
11-10-2023 17:28:56.616Z;functions.desmark_filter;  CLICK CHECKBOX LANÇAMENTOS CANCELADOS
11-10-2023 17:28:58.130Z;functions.desmark_filter;  CLICK CHECKBOX LANÇAMENTOS FATURADOS
11-10-2023 17:28:59.751Z;functions.desmark_filter;  CLICK CHECKBOX LANÇAMENTOS FATURADOS
11-10-2023 17:29:01.160Z;functions.filter_IPTE;  CLICK NA PRIMEIRA LINHA E COLUNA DA TABELA
11-10-2023 17:29:16.218Z;functions.filter_IPTE;  147 PASSOS PARA DIREITA NA TABELA >>
11-10-2023 17:29:20.019Z;functions.filter_IPTE;  HOVER FILTER
11-10-2023 17:29:20.137Z;functions.filter_IPTE;  CLICK FILTER
11-10-2023 17:29:24.486Z;functions.filter_IPTE;  CLICA NO FILTRO PERSONALIZAR
11-10-2023 17:29:31.522Z;functions.check_table_record;  APERTA NÃO
11-10-2023 17:29:33.020Z;functions.check_table_record;  ABRE A NOTA
11-10-2023 17:29:40.044Z;functions.waitForImage;  INTEGRAÇÃO BANCÁRIA image found.
11-10-2023 17:29:42.153Z;functions.check_payment_type;  CLICA EM INTEGRAÇÃO BANCÁRIA
11-10-2023 17:29:44.295Z;functions.waitForImage;  BOLETO image found.
11-10-2023 17:29:46.402Z;functions.check_payment_type;  CLICA NO BOLETO
11-10-2023 17:29:48.532Z;functions.waitForImage;  PRESS BUTTON OK image found.
11-10-2023 17:29:50.534Z;functions.check_payment_type;  FORMA DE PAGAMENTO BOLETO - OK
11-10-2023 17:29:52.669Z;functions.waitForImage;  PRESS BUTTON OK image found.
11-10-2023 17:29:54.791Z;functions.check_payment_type;  PRESS BUTTON OK
11-10-2023 17:29:56.903Z;functions.waitForImage;  PRESS BUTTON OK 2 image found.
11-10-2023 17:29:59.017Z;functions.check_payment_type;  PRESS BUTTON OK 2
11-10-2023 17:30:07.128Z;functions.check_table_record;  PRESS BUTTON DOWN
11-10-2023 17:30:09.235Z;functions.check_table_record;  ENTRANDO NO PRÓXIMO BOLETO
11-10-2023 17:30:16.381Z;functions.waitForImage;  INTEGRAÇÃO BANCÁRIA image found.
11-10-2023 17:30:18.508Z;functions.check_payment_type;  CLICA EM INTEGRAÇÃO BANCÁRIA
11-10-2023 17:30:20.619Z;functions.waitForImage;  BOLETO image found.
11-10-2023 17:30:22.754Z;functions.check_payment_type;  CLICA NO BOLETO
11-10-2023 17:30:24.842Z;functions.waitForImage;  PRESS BUTTON OK image found.
11-10-2023 17:30:26.844Z;functions.check_payment_type;  FORMA DE PAGAMENTO BOLETO - OK
11-10-2023 17:30:28.973Z;functions.waitForImage;  PRESS BUTTON OK image found.
11-10-2023 17:30:31.106Z;functions.check_payment_type;  PRESS BUTTON OK
11-10-2023 17:30:33.206Z;functions.waitForImage;  PRESS BUTTON OK 2 image found.
11-10-2023 17:30:35.342Z;functions.check_payment_type;  PRESS BUTTON OK 2
11-10-2023 17:30:43.451Z;functions.check_table_record;  PRESS BUTTON DOWN
11-10-2023 17:30:45.560Z;functions.check_table_record;  ENTRANDO NO PRÓXIMO BOLETO
11-10-2023 17:30:52.721Z;functions.waitForImage;  INTEGRAÇÃO BANCÁRIA image found.
11-10-2023 17:30:54.847Z;functions.check_payment_type;  CLICA EM INTEGRAÇÃO BANCÁRIA
11-10-2023 17:30:56.942Z;functions.waitForImage;  BOLETO image found.
11-10-2023 17:30:59.055Z;functions.check_payment_type;  CLICA NO BOLETO
11-10-2023 17:31:01.185Z;functions.waitForImage;  PRESS BUTTON OK image found.
11-10-2023 17:31:03.187Z;functions.check_payment_type;  FORMA DE PAGAMENTO BOLETO - OK
11-10-2023 17:31:05.309Z;functions.waitForImage;  PRESS BUTTON OK image found.
11-10-2023 17:31:07.434Z;functions.check_payment_type;  PRESS BUTTON OK
11-10-2023 17:31:09.564Z;functions.waitForImage;  PRESS BUTTON OK 2 image found.
11-10-2023 17:31:11.673Z;functions.check_payment_type;  PRESS BUTTON OK 2
11-10-2023 17:31:17.723Z;functions.process_lancamentos;  SELECIONA TODOS OS LANÇAMENTOS PARA SEREM PROCESSADOS
11-10-2023 17:31:22.721Z;functions.process_lancamentos;  CLICA PARA APARECER CONTA/CAIXA
11-10-2023 17:31:23.916Z;functions.process_lancamentos;  SELECIONA CONTA/CAIXA
11-10-2023 17:31:25.123Z;functions.process_lancamentos;  CLICA NO BOTÃO [...]
11-10-2023 17:31:27.011Z;functions.process_lancamentos;  CLICA NO CAMPO PESQUISA E DIGITA: %3212
11-10-2023 17:31:28.013Z;functions.process_lancamentos;  CLICA NO BOTÃO DO FILTRO
11-10-2023 17:31:28.969Z;functions.process_lancamentos;  CLICA NO BOTÃO OK
11-10-2023 17:31:29.947Z;functions.process_lancamentos;  CLICA NO BOTÃO EXECUTAR
11-10-2023 17:31:56.337Z;functions.process_lancamentos;  EXECUÇÃO FINALIZADA
11-10-2023 17:31:56.439Z;functions.waitForImage;  PRESS BUTTON OK image found.
11-10-2023 17:31:58.440Z;functions.process_lancamentos;  O PROCESSAMENTO FOI EXECUTADO COM SUCESSO.
11-10-2023 17:32:01.311Z;functions.process_lancamentos;  CLICK EM FECHAR.
11-10-2023 17:32:38.503Z;functions.proccess_bordero;  CLICA EM BORDERO DE PAGAMENTO
11-10-2023 17:32:39.168Z;functions.proccess_bordero;  CLICA EM INCLUSAO DE BORDERO
11-10-2023 17:32:41.703Z;functions.proccess_bordero;  CLICA EM CONVÊNIO TRÊS PONTINHOS
11-10-2023 17:32:43.478Z;functions.proccess_bordero;  CLICA EM COMBOBOX PARA SELECIONAR O ID DO CONVÊNIO
11-10-2023 17:32:44.982Z;functions.proccess_bordero;  CLICA EM ID DO CONVÊNIO
11-10-2023 17:32:47.089Z;functions.proccess_bordero;  APERTA TAB PARA ESCREVER O ID
11-10-2023 17:32:49.194Z;functions.proccess_bordero;  ESCREVE O ID 7
11-10-2023 17:32:51.298Z;functions.proccess_bordero;  APERTA ENTER PARA SELECIONAR O ID 7 - SISPAG FORNECEDOR
11-10-2023 17:32:53.404Z;functions.proccess_bordero;  APERTA ENTER PARA ESCOLHER O ID 7 - SISPAG FORNECEDOR
11-10-2023 17:32:56.446Z;functions.proccess_bordero;  CLICA EM EXECUTAR NA INCLUSÃO DO BORDÊRO
11-10-2023 17:33:22.298Z;functions.waitForImage;  PRESS BUTTON OK image found.
11-10-2023 17:33:24.300Z;functions.proccess_bordero;  O PROCESSAMENTO DO BORDERO FOI EXECUTADO COM SUCESSO.
11-10-2023 17:33:27.209Z;functions.proccess_bordero;  CLICK EM FECHAR.
11-10-2023 17:33:29.335Z;functions.waitForImage;  FILTER CLEAN image found.
11-10-2023 17:33:31.466Z;functions.filter_clean;  CLICA NO BOTÃO X DO LIMPA FILTRO
11-10-2023 17:33:51.476Z;functions.show_exception_and_exit;  'NoneType' object has no attribute 'click'
Traceback (most recent call last):
  File "c:\projetos\remessas\main.py", line 24, in <module>
    movimentacao_bancaria()
  File "c:\projetos\remessas\SUBPROGRAMS\functions.py", line 551, in movimentacao_bancaria
    movi_bancaria.click()
    ^^^^^^^^^^^^^^^^^^^
AttributeError: 'NoneType' object has no attribute 'click'
