11-10-2023 18:44:50.460Z;functions.bot_text_art;      ____   
11-10-2023 18:44:50.461Z;functions.bot_text_art;     [____]    
11-10-2023 18:44:50.461Z;functions.bot_text_art;   |=]()()[=|  
11-10-2023 18:44:50.461Z;functions.bot_text_art;     _\==/__    _____    ____     _        _____    ___   _  __
11-10-2023 18:44:50.462Z;functions.bot_text_art;   |__|   |_|  |  _  \  / ___|   | |      |_   _| / ___| | |/ /
11-10-2023 18:44:50.462Z;functions.bot_text_art;   |_|_/\_|_|  | |  | | | |      | |        | |   | |    | ' / 
11-10-2023 18:44:50.463Z;functions.bot_text_art;   | | __ | |  | |  | | | |      | |        | |   | |    |  <  
11-10-2023 18:44:50.464Z;functions.bot_text_art;   |_|[  ]|_|  | |__| | | |____  | |____   _| |_  | |__  | . \ 
11-10-2023 18:44:50.466Z;functions.bot_text_art;   \_|_||_|_/  |_____/   \_____| |______| |_____| \ ___| |_|\_\
11-10-2023 18:44:50.467Z;functions.bot_text_art;     |_||_|                                                     
11-10-2023 18:44:50.468Z;functions.bot_text_art;     | ||_|_   
11-10-2023 18:44:50.468Z;functions.bot_text_art;   |___||___|  
11-10-2023 18:44:50.469Z;functions.bot_text_art;               
11-10-2023 18:44:50.475Z;functions.open_RM;  OPEN PROGRAM RM
11-10-2023 18:44:59.566Z;functions.loggin_RM;  ENTER USER_NAME
11-10-2023 18:45:00.811Z;functions.loggin_RM;  ENTER PASSWORD
11-10-2023 18:45:01.846Z;functions.loggin_RM;  ENTER RM
11-10-2023 18:45:51.243Z;functions.enter_coligada;  CLICK CONTEXTO
11-10-2023 18:45:53.250Z;functions.enter_coligada;  CLICK COLIGADA 1
11-10-2023 18:45:55.109Z;functions.enter_coligada;  CLICK AVANÇAR
11-10-2023 18:45:57.600Z;functions.enter_coligada;  INSERE O COLIGADA CODE = 1
11-10-2023 18:45:57.702Z;functions.enter_coligada;  APERTA TAB PARA PREENCHER O CAMPO COM A STRING: OCEANICA ENGENHARIA E CONSULTORIA S.A.
11-10-2023 18:45:58.804Z;functions.enter_coligada;  CLICK AVANÇAR NOVAMENTE
11-10-2023 18:45:59.892Z;functions.enter_coligada;  CLICK CONCLUIR
11-10-2023 18:46:16.365Z;functions.enter_coligada;  POP UP COLIGADA DESAPARECER
11-10-2023 18:46:17.154Z;functions.enter_contas_a_pagar;  CLICK - TOTVS - LINHA RM
11-10-2023 18:46:18.551Z;functions.enter_contas_a_pagar;  CLICK - BACK OFFICE
11-10-2023 18:46:21.202Z;functions.enter_contas_a_pagar;  CLICK - GESTAO FINANCEIRA
11-10-2023 18:46:24.969Z;functions.enter_contas_a_pagar;  CLICK - CONTAS A PAGAR
11-10-2023 18:46:25.690Z;functions.waitForImage;  LANÇAMENTOS image found.
11-10-2023 18:46:27.802Z;functions.enter_contas_a_pagar;  CLICA EM LANÇAMENTOS
11-10-2023 18:46:29.804Z;functions.data_filter;  CLICK - SELECIONA A DATA DE QUARTA FEIRA E DA PROXIMA TERÇA
11-10-2023 18:46:29.806Z;functions.data_filter;  QUARTA-FEIRA: 11-10-2023
11-10-2023 18:46:29.807Z;functions.data_filter;  TERCA-FEIRA: 17-10-2023
11-10-2023 18:46:33.428Z;functions.data_filter;  ESCREVE REMESSA BANCÁRIA NO FILTRO
11-10-2023 18:46:34.186Z;functions.data_filter;  CLICK - BUTÃO DE SELECAO DE FILTRO
11-10-2023 18:46:36.618Z;functions.data_filter;  INSERE - DATA DE QUARTA-FEIRA: 11-10-2023
11-10-2023 18:46:38.671Z;functions.data_filter;  INSERE - DATA DA PROX TERCA-FEIRA: 17-10-2023
11-10-2023 18:46:39.553Z;functions.data_filter;  CLICK - BUTÃO DE EXECUTAR O FILTRO
11-10-2023 18:46:54.619Z;functions.waitForImage;  FILTER CLEAN image not found.
11-10-2023 18:47:15.484Z;functions.select_tipo_documento;  NOME DA COLUNA: Tipo de Documento
11-10-2023 18:47:17.083Z;functions.select_tipo_documento;  HOVER NOME DA COLUNA: Tipo de Documento
11-10-2023 18:47:17.218Z;functions.select_tipo_documento;  CLICA PARA APARECER O FILTRO PERSONALIZAR
11-10-2023 18:47:17.534Z;functions.select_tipo_documento;  CLICA NO FILTRO PERSONALIZAR
11-10-2023 18:47:19.200Z;functions.select_tipo_documento;  CLICA PARA SELECIONAR OPÇÕES DO FILTRO
11-10-2023 18:47:26.596Z;functions.select_tipo_documento;  CLICK BUTTON CONFIRMAR FILTRO
11-10-2023 18:47:28.596Z;functions.desmark_filter;  CLICK CHECKBOX LANÇAMENTOS A RECEBER
11-10-2023 18:47:29.967Z;functions.desmark_filter;  CLICK CHECKBOX LANÇAMENTOS BAIXADOS
11-10-2023 18:47:31.350Z;functions.desmark_filter;  CLICK CHECKBOX LANÇAMENTOS CANCELADOS
11-10-2023 18:47:32.965Z;functions.desmark_filter;  CLICK CHECKBOX LANÇAMENTOS FATURADOS
11-10-2023 18:47:34.454Z;functions.desmark_filter;  CLICK CHECKBOX LANÇAMENTOS FATURADOS
11-10-2023 18:47:35.995Z;functions.filter_IPTE;  CLICK NA PRIMEIRA LINHA E COLUNA DA TABELA
11-10-2023 18:47:51.091Z;functions.filter_IPTE;  147 PASSOS PARA DIREITA NA TABELA >>
11-10-2023 18:47:54.957Z;functions.filter_IPTE;  HOVER FILTER
11-10-2023 18:47:55.090Z;functions.filter_IPTE;  CLICK FILTER
11-10-2023 18:47:59.452Z;functions.filter_IPTE;  CLICA NO FILTRO PERSONALIZAR
11-10-2023 18:48:06.568Z;functions.check_table_record;  APERTA NÃO
11-10-2023 18:48:08.182Z;functions.check_table_record;  ABRE A NOTA
11-10-2023 18:48:15.153Z;functions.waitForImage;  INTEGRAÇÃO BANCÁRIA image found.
11-10-2023 18:48:17.290Z;functions.check_payment_type;  CLICA EM INTEGRAÇÃO BANCÁRIA
11-10-2023 18:48:19.410Z;functions.waitForImage;  BOLETO image found.
11-10-2023 18:48:21.526Z;functions.check_payment_type;  CLICA NO BOLETO
11-10-2023 18:48:23.661Z;functions.waitForImage;  PRESS BUTTON OK image found.
11-10-2023 18:48:25.663Z;functions.check_payment_type;  FORMA DE PAGAMENTO BOLETO - OK
11-10-2023 18:48:27.781Z;functions.waitForImage;  PRESS BUTTON OK image found.
11-10-2023 18:48:29.909Z;functions.check_payment_type;  PRESS BUTTON OK
11-10-2023 18:48:32.013Z;functions.waitForImage;  PRESS BUTTON OK 2 image found.
11-10-2023 18:48:34.146Z;functions.check_payment_type;  PRESS BUTTON OK 2
11-10-2023 18:48:42.252Z;functions.check_table_record;  PRESS BUTTON DOWN
11-10-2023 18:48:44.359Z;functions.check_table_record;  ENTRANDO NO PRÓXIMO BOLETO
11-10-2023 18:48:51.473Z;functions.waitForImage;  INTEGRAÇÃO BANCÁRIA image found.
11-10-2023 18:48:53.598Z;functions.check_payment_type;  CLICA EM INTEGRAÇÃO BANCÁRIA
11-10-2023 18:49:06.140Z;functions.waitForImage;  BOLETO image not found.
11-10-2023 18:49:16.655Z;functions.waitForImage;  BOLETO MINUSCULO image not found.
11-10-2023 18:49:27.199Z;functions.waitForImage;  BOLETO MINUSCULO HABILITADO image not found.
11-10-2023 18:49:29.308Z;functions.show_exception_and_exit;  
Traceback (most recent call last):
  File "c:\projetos\remessas\main.py", line 20, in <module>
    check_table_record()
  File "c:\projetos\remessas\SUBPROGRAMS\functions.py", line 329, in check_table_record
    check_payment_type()
  File "c:\projetos\remessas\SUBPROGRAMS\functions.py", line 375, in check_payment_type
    select_boleto_minu_desabilitado = waitForImage(image = boleto_min_des, timeout=10, name = 'BOLETO MINUSCULO DESABILITADO')
                                      ^^^^^^^^^^^^^^^^^^^^^^^^^^^^^^^^^^^^^^^^^^^^^^^^^^^^^^^^^^^^^^^^^^^^^^^^^^^^^^^^^^^^^^^^
  File "c:\projetos\remessas\SUBPROGRAMS\functions.py", line 728, in waitForImage
    time.sleep(0.5)
KeyboardInterrupt
