11-10-2023 19:02:15.378Z;functions.movimentacao_bancaria;  CLICA NA ABA MOVIMENTAÇÃO BANCARIA
11-10-2023 19:02:16.486Z;functions.movimentacao_bancaria;  CLICA NO ICONE BORDERO DE PAGAMENTO
11-10-2023 19:02:28.702Z;functions.movimentacao_bancaria;  SELECIONA O FILTRO HOJE
11-10-2023 19:02:30.580Z;functions.movimentacao_bancaria;  CLICA NA PRIMEIRA LINHA DA TABELA MOVIMENTAÇÃO BANCÁRIA
11-10-2023 19:02:31.813Z;functions.movimentacao_bancaria;  12 PASSOS PARA DIREITA NA TABELA >>
11-10-2023 19:02:33.563Z;functions.movimentacao_bancaria;  HOVER FILTER
11-10-2023 19:02:33.683Z;functions.movimentacao_bancaria;  CLICK FILTER
11-10-2023 19:02:38.048Z;functions.movimentacao_bancaria;  CLICA NO FILTRO  STATUS DA REMESSA
11-10-2023 19:02:40.153Z;functions.movimentacao_bancaria;  APERTA TAB PARA ESCREVER O FILTRO
11-10-2023 19:02:42.275Z;functions.movimentacao_bancaria;  ESCREVE PENDENTE NO FILTRO
11-10-2023 19:02:44.378Z;functions.movimentacao_bancaria;  APERTA ENTER PARA SELECIONAR OS PENDENTES
11-10-2023 19:03:01.727Z;functions.waitForImage;  PRESS BUTTON OK image not found.
11-10-2023 19:03:02.614Z;functions.movimentacao_bancaria;  SELECIONA TODAS AS TUPLAS COM STATUS PENDENTE
11-10-2023 19:03:04.722Z;functions.movimentacao_bancaria;  CLICA EM PROCESSOS
11-10-2023 19:03:06.826Z;functions.movimentacao_bancaria;  APERTA PARA BAIXO
11-10-2023 19:03:08.930Z;functions.movimentacao_bancaria;  APERTA ENTER
11-10-2023 19:03:11.824Z;functions.movimentacao_bancaria;  CLICK EM EXECUTAR BORDERO DE PAGAMENTO
11-10-2023 19:03:22.422Z;functions.waitForImage;  PRESS BUTTON OK image not found.
11-10-2023 19:03:22.531Z;functions.waitForImage;  FILTER CLEAN image found.
11-10-2023 19:03:24.656Z;functions.filter_clean;  CLICA NO BOTÃO X DO LIMPA FILTRO
11-10-2023 19:03:28.392Z;functions.processo_pagamento;  HOVER FILTER
11-10-2023 19:03:30.510Z;functions.processo_pagamento;  CLICK FILTER
11-10-2023 19:03:34.894Z;functions.processo_pagamento;  CLICA NO FILTRO  STATUS DA REMESSA
11-10-2023 19:03:37.004Z;functions.processo_pagamento;  APERTA TAB PARA ESCREVER O FILTRO
11-10-2023 19:03:39.121Z;functions.processo_pagamento;  ESCREVE AUTORIZADO NO FILTRO
11-10-2023 19:03:41.224Z;functions.processo_pagamento;  APERTA ENTER PARA SELECIONAR OS AUTORIZADOS
11-10-2023 19:03:44.293Z;functions.processo_pagamento;  SELECIONA TODAS AS TUPLAS COM STATUS AUTORIZADO
