2024-03-19 20:12:07,216; INFO; parameters.<module>.102: Pasta local: \\Riofs\dados\Documentos Financeiro\Extratos bancarios\Ebury\2024\03 - Março
2024-03-19 20:12:07,232; INFO; functions.getPid.974: Dentro função GetPid

2024-03-19 20:12:08,060; INFO; functions.bot_text_art.7:     ____   
2024-03-19 20:12:08,060; INFO; functions.bot_text_art.8:    [____]    
2024-03-19 20:12:08,060; INFO; functions.bot_text_art.9:  |=]()()[=|  
2024-03-19 20:12:08,060; INFO; functions.bot_text_art.10:    _\==/__    _____    ____     _        _____    ___   _  __
2024-03-19 20:12:08,060; INFO; functions.bot_text_art.11:  |__|   |_|  |  _  \  / ___|   | |      |_   _| / ___| | |/ /
2024-03-19 20:12:08,060; INFO; functions.bot_text_art.12:  |_|_/\_|_|  | |  | | | |      | |        | |   | |    | ' / 
2024-03-19 20:12:08,073; INFO; functions.bot_text_art.13:  | | __ | |  | |  | | | |      | |        | |   | |    |  <  
2024-03-19 20:12:08,076; INFO; functions.bot_text_art.14:  |_|[  ]|_|  | |__| | | |____  | |____   _| |_  | |__  | . \ 
2024-03-19 20:12:08,078; INFO; functions.bot_text_art.15:  \_|_||_|_/  |_____/   \_____| |______| |_____| \ ___| |_|\_\
2024-03-19 20:12:08,079; INFO; functions.bot_text_art.16:    |_||_|                                                     
2024-03-19 20:12:08,083; INFO; functions.bot_text_art.17:    | ||_|_   
2024-03-19 20:12:08,085; INFO; functions.bot_text_art.18:  |___||___|  
2024-03-19 20:12:08,089; INFO; functions.bot_text_art.19:              
2024-03-19 20:12:08,092; INFO; functions.headerExcel.907: Criando EXCEL
2024-03-19 20:12:08,098; INFO; functions.headerExcel.927: EXCEL iniciado
2024-03-19 20:12:08,108; INFO; main.process.15: TODOS ARQUIVOS NA PASTA ['\\\\Riofs\\dados\\Documentos Financeiro\\Extratos bancarios\\Ebury\\2024\\03 - Março\\202403-Extrato mensal-EBPCLI541626 (16).pdf'].
2024-03-19 20:12:08,110; INFO; main.process.23: SERÃO TRATADOS 0 ARQUIVOS.
2024-03-19 20:12:08,111; INFO; main.process.24: ARQUIVOS: []
2024-03-19 20:12:08,115; INFO; functions.encerra_prog.342: Fechando Excel...
2024-03-19 20:12:08,184; INFO; functions.getPid.974: Dentro função GetPid

2024-03-19 20:12:08,950; INFO; functions.encerra_prog.348: RM ENCERRADO
2024-03-19 20:12:11,872; WARNING; errorhandler.__handle.104: Property: Unknown Property name. [1:203: -ms-interpolation-mode]
2024-03-19 20:12:11,926; WARNING; errorhandler.__handle.104: Property: Unknown Property name. [1:353: -webkit-font-smoothing]
2024-03-19 20:12:11,946; WARNING; errorhandler.__handle.104: Property: Unknown Property name. [1:483: -ms-text-size-adjust]
2024-03-19 20:12:11,949; WARNING; errorhandler.__handle.104: Property: Unknown Property name. [1:518: -webkit-text-size-adjust]
2024-03-19 20:12:11,955; WARNING; errorhandler.__handle.104: Property: Unknown Property name. [1:612: mso-table-lspace]
2024-03-19 20:12:11,958; WARNING; errorhandler.__handle.104: Property: Unknown Property name. [1:642: mso-table-rspace]
2024-03-19 20:12:12,194; WARNING; errorhandler.__handle.104: Property: Unknown Property name. [1:4734: mso-hide]
2024-03-19 20:12:12,284; WARNING; errorhandler.__handle.104: Property: Unknown Property name. [1:13: -ms-interpolation-mode]
2024-03-19 20:12:12,290; WARNING; errorhandler.__handle.104: Property: Unknown Property name. [1:49: -webkit-font-smoothing]
2024-03-19 20:12:12,296; WARNING; errorhandler.__handle.104: Property: Unknown Property name. [1:134: -ms-text-size-adjust]
2024-03-19 20:12:12,299; WARNING; errorhandler.__handle.104: Property: Unknown Property name. [1:160: -webkit-text-size-adjust]
2024-03-19 20:12:12,303; WARNING; errorhandler.__handle.104: Property: Unknown Property name. [1:26: mso-table-lspace]
2024-03-19 20:12:12,306; WARNING; errorhandler.__handle.104: Property: Unknown Property name. [1:45: mso-table-rspace]
2024-03-19 20:12:12,345; WARNING; errorhandler.__handle.104: Property: Unknown Property name. [1:92: mso-hide]
2024-03-19 20:12:12,357; ERROR; errorhandler.__handle.104: Property: No ":" after name found: align-center [1:1: align-center]
2024-03-19 20:12:12,359; ERROR; errorhandler.__handle.104: Property: No property value found: align-center [1:1: align-center]
2024-03-19 20:12:12,361; ERROR; errorhandler.__handle.104: CSSStyleDeclaration: Syntax Error in Property: align-center
2024-03-19 20:12:12,365; WARNING; errorhandler.__handle.104: Property: Unknown Property name. [1:14: -ms-interpolation-mode]
2024-03-19 20:12:14,518; INFO; functions.emailSuccess.891: Success e-mail sent.
