2024-03-19 20:14:19,977; INFO; parameters.<module>.102: Pasta local: \\Riofs\dados\Documentos Financeiro\Extratos bancarios\Ebury\2024\03 - Março
2024-03-19 20:14:19,980; INFO; functions.getPid.974: Dentro função GetPid

2024-03-19 20:14:20,714; INFO; functions.bot_text_art.7:     ____   
2024-03-19 20:14:20,719; INFO; functions.bot_text_art.8:    [____]    
2024-03-19 20:14:20,727; INFO; functions.bot_text_art.9:  |=]()()[=|  
2024-03-19 20:14:20,727; INFO; functions.bot_text_art.10:    _\==/__    _____    ____     _        _____    ___   _  __
2024-03-19 20:14:20,728; INFO; functions.bot_text_art.11:  |__|   |_|  |  _  \  / ___|   | |      |_   _| / ___| | |/ /
2024-03-19 20:14:20,729; INFO; functions.bot_text_art.12:  |_|_/\_|_|  | |  | | | |      | |        | |   | |    | ' / 
2024-03-19 20:14:20,730; INFO; functions.bot_text_art.13:  | | __ | |  | |  | | | |      | |        | |   | |    |  <  
2024-03-19 20:14:20,731; INFO; functions.bot_text_art.14:  |_|[  ]|_|  | |__| | | |____  | |____   _| |_  | |__  | . \ 
2024-03-19 20:14:20,731; INFO; functions.bot_text_art.15:  \_|_||_|_/  |_____/   \_____| |______| |_____| \ ___| |_|\_\
2024-03-19 20:14:20,732; INFO; functions.bot_text_art.16:    |_||_|                                                     
2024-03-19 20:14:20,733; INFO; functions.bot_text_art.17:    | ||_|_   
2024-03-19 20:14:20,734; INFO; functions.bot_text_art.18:  |___||___|  
2024-03-19 20:14:20,737; INFO; functions.bot_text_art.19:              
2024-03-19 20:14:20,739; INFO; functions.headerExcel.907: Criando EXCEL
2024-03-19 20:14:20,746; INFO; functions.headerExcel.927: EXCEL iniciado
2024-03-19 20:14:20,754; INFO; main.process.15: TODOS ARQUIVOS NA PASTA ['\\\\Riofs\\dados\\Documentos Financeiro\\Extratos bancarios\\Ebury\\2024\\03 - Março\\202403-Extrato mensal-EBPCLI541626 (16).pdf'].
2024-03-19 20:14:20,756; INFO; main.process.23: SERÃO TRATADOS 0 ARQUIVOS.
2024-03-19 20:14:20,758; INFO; main.process.24: ARQUIVOS: []
2024-03-19 20:14:20,760; INFO; functions.encerra_prog.342: Fechando Excel...
2024-03-19 20:14:20,793; INFO; functions.getPid.974: Dentro função GetPid

2024-03-19 20:14:21,626; INFO; functions.encerra_prog.348: RM ENCERRADO
2024-03-19 20:14:24,144; WARNING; errorhandler.__handle.104: Property: Unknown Property name. [1:203: -ms-interpolation-mode]
2024-03-19 20:14:24,183; WARNING; errorhandler.__handle.104: Property: Unknown Property name. [1:353: -webkit-font-smoothing]
2024-03-19 20:14:24,202; WARNING; errorhandler.__handle.104: Property: Unknown Property name. [1:483: -ms-text-size-adjust]
2024-03-19 20:14:24,210; WARNING; errorhandler.__handle.104: Property: Unknown Property name. [1:518: -webkit-text-size-adjust]
2024-03-19 20:14:24,215; WARNING; errorhandler.__handle.104: Property: Unknown Property name. [1:612: mso-table-lspace]
2024-03-19 20:14:24,219; WARNING; errorhandler.__handle.104: Property: Unknown Property name. [1:642: mso-table-rspace]
2024-03-19 20:14:24,627; WARNING; errorhandler.__handle.104: Property: Unknown Property name. [1:4734: mso-hide]
2024-03-19 20:14:24,749; WARNING; errorhandler.__handle.104: Property: Unknown Property name. [1:13: -ms-interpolation-mode]
2024-03-19 20:14:24,798; WARNING; errorhandler.__handle.104: Property: Unknown Property name. [1:49: -webkit-font-smoothing]
2024-03-19 20:14:24,848; WARNING; errorhandler.__handle.104: Property: Unknown Property name. [1:134: -ms-text-size-adjust]
2024-03-19 20:14:24,906; WARNING; errorhandler.__handle.104: Property: Unknown Property name. [1:160: -webkit-text-size-adjust]
2024-03-19 20:14:24,913; WARNING; errorhandler.__handle.104: Property: Unknown Property name. [1:26: mso-table-lspace]
2024-03-19 20:14:24,915; WARNING; errorhandler.__handle.104: Property: Unknown Property name. [1:45: mso-table-rspace]
2024-03-19 20:14:24,953; WARNING; errorhandler.__handle.104: Property: Unknown Property name. [1:92: mso-hide]
2024-03-19 20:14:25,055; ERROR; errorhandler.__handle.104: Property: No ":" after name found: align-center [1:1: align-center]
2024-03-19 20:14:25,134; ERROR; errorhandler.__handle.104: Property: No property value found: align-center [1:1: align-center]
2024-03-19 20:14:25,152; ERROR; errorhandler.__handle.104: CSSStyleDeclaration: Syntax Error in Property: align-center
2024-03-19 20:14:25,160; WARNING; errorhandler.__handle.104: Property: Unknown Property name. [1:14: -ms-interpolation-mode]
2024-03-19 20:14:27,276; INFO; functions.emailSuccess.891: Success e-mail sent.
