2024-03-19 21:04:55,753; INFO; parameters.<module>.102: Pasta local: \\Riofs\dados\Documentos Financeiro\Extratos bancarios\Ebury\2024\03 - Março
2024-03-19 21:04:55,753; INFO; functions.getPid.977: Dentro função GetPid

2024-03-19 21:04:56,596; INFO; functions.bot_text_art.7:     ____   
2024-03-19 21:04:56,596; INFO; functions.bot_text_art.8:    [____]    
2024-03-19 21:04:56,596; INFO; functions.bot_text_art.9:  |=]()()[=|  
2024-03-19 21:04:56,596; INFO; functions.bot_text_art.10:    _\==/__    _____    ____     _        _____    ___   _  __
2024-03-19 21:04:56,596; INFO; functions.bot_text_art.11:  |__|   |_|  |  _  \  / ___|   | |      |_   _| / ___| | |/ /
2024-03-19 21:04:56,611; INFO; functions.bot_text_art.12:  |_|_/\_|_|  | |  | | | |      | |        | |   | |    | ' / 
2024-03-19 21:04:56,611; INFO; functions.bot_text_art.13:  | | __ | |  | |  | | | |      | |        | |   | |    |  <  
2024-03-19 21:04:56,611; INFO; functions.bot_text_art.14:  |_|[  ]|_|  | |__| | | |____  | |____   _| |_  | |__  | . \ 
2024-03-19 21:04:56,617; INFO; functions.bot_text_art.15:  \_|_||_|_/  |_____/   \_____| |______| |_____| \ ___| |_|\_\
2024-03-19 21:04:56,618; INFO; functions.bot_text_art.16:    |_||_|                                                     
2024-03-19 21:04:56,622; INFO; functions.bot_text_art.17:    | ||_|_   
2024-03-19 21:04:56,624; INFO; functions.bot_text_art.18:  |___||___|  
2024-03-19 21:04:56,625; INFO; functions.bot_text_art.19:              
2024-03-19 21:04:56,630; INFO; functions.headerExcel.910: Criando EXCEL
2024-03-19 21:04:56,637; INFO; functions.headerExcel.930: EXCEL iniciado
2024-03-19 21:04:56,641; INFO; main.process.15: TODOS ARQUIVOS NA PASTA ['\\\\Riofs\\dados\\Documentos Financeiro\\Extratos bancarios\\Ebury\\2024\\03 - Março\\202403-Extrato mensal-EBPCLI541626 (16).pdf'].
2024-03-19 21:04:56,644; INFO; main.process.23: SERÃO TRATADOS 0 ARQUIVOS.
2024-03-19 21:04:56,645; INFO; main.process.24: ARQUIVOS: []
2024-03-19 21:04:56,646; INFO; main.process.28: NENHUM ARQUIVO DISPONÍVEL
2024-03-19 21:04:56,647; INFO; functions.encerra_prog.342: Fechando Excel...
2024-03-19 21:04:56,681; INFO; functions.getPid.977: Dentro função GetPid

2024-03-19 21:04:57,486; INFO; functions.encerra_prog.348: RM ENCERRADO
2024-03-19 21:04:59,987; WARNING; errorhandler.__handle.104: Property: Unknown Property name. [1:203: -ms-interpolation-mode]
2024-03-19 21:05:00,051; WARNING; errorhandler.__handle.104: Property: Unknown Property name. [1:353: -webkit-font-smoothing]
2024-03-19 21:05:00,073; WARNING; errorhandler.__handle.104: Property: Unknown Property name. [1:483: -ms-text-size-adjust]
2024-03-19 21:05:00,127; WARNING; errorhandler.__handle.104: Property: Unknown Property name. [1:518: -webkit-text-size-adjust]
2024-03-19 21:05:00,133; WARNING; errorhandler.__handle.104: Property: Unknown Property name. [1:612: mso-table-lspace]
2024-03-19 21:05:00,138; WARNING; errorhandler.__handle.104: Property: Unknown Property name. [1:642: mso-table-rspace]
2024-03-19 21:05:00,407; WARNING; errorhandler.__handle.104: Property: Unknown Property name. [1:4734: mso-hide]
2024-03-19 21:05:00,529; WARNING; errorhandler.__handle.104: Property: Unknown Property name. [1:13: -ms-interpolation-mode]
2024-03-19 21:05:00,534; WARNING; errorhandler.__handle.104: Property: Unknown Property name. [1:49: -webkit-font-smoothing]
2024-03-19 21:05:00,539; WARNING; errorhandler.__handle.104: Property: Unknown Property name. [1:134: -ms-text-size-adjust]
2024-03-19 21:05:00,543; WARNING; errorhandler.__handle.104: Property: Unknown Property name. [1:160: -webkit-text-size-adjust]
2024-03-19 21:05:00,546; WARNING; errorhandler.__handle.104: Property: Unknown Property name. [1:26: mso-table-lspace]
2024-03-19 21:05:00,550; WARNING; errorhandler.__handle.104: Property: Unknown Property name. [1:45: mso-table-rspace]
2024-03-19 21:05:00,593; WARNING; errorhandler.__handle.104: Property: Unknown Property name. [1:92: mso-hide]
2024-03-19 21:05:00,618; ERROR; errorhandler.__handle.104: Property: No ":" after name found: align-center [1:1: align-center]
2024-03-19 21:05:00,621; ERROR; errorhandler.__handle.104: Property: No property value found: align-center [1:1: align-center]
2024-03-19 21:05:00,623; ERROR; errorhandler.__handle.104: CSSStyleDeclaration: Syntax Error in Property: align-center
2024-03-19 21:05:00,631; WARNING; errorhandler.__handle.104: Property: Unknown Property name. [1:14: -ms-interpolation-mode]
2024-03-19 21:05:02,567; INFO; functions.emailErro.903: Warning e-mail sent.
2024-03-19 21:05:02,568; INFO; functions.encerra_prog.342: Fechando Excel...
2024-03-19 21:05:02,596; INFO; functions.getPid.977: Dentro função GetPid

2024-03-19 21:05:03,781; INFO; functions.encerra_prog.348: RM ENCERRADO
2024-03-19 21:05:04,939; WARNING; errorhandler.__handle.104: Property: Unknown Property name. [1:14: -ms-interpolation-mode]
2024-03-19 21:05:06,855; INFO; functions.emailSuccess.894: Success e-mail sent.
