16-10-2023 17:19:39.132Z;functions.bot_text_art;      ____   
16-10-2023 17:19:39.133Z;functions.bot_text_art;     [____]    
16-10-2023 17:19:39.134Z;functions.bot_text_art;   |=]()()[=|  
16-10-2023 17:19:39.135Z;functions.bot_text_art;     _\==/__    _____    ____     _        _____    ___   _  __
16-10-2023 17:19:39.135Z;functions.bot_text_art;   |__|   |_|  |  _  \  / ___|   | |      |_   _| / ___| | |/ /
16-10-2023 17:19:39.136Z;functions.bot_text_art;   |_|_/\_|_|  | |  | | | |      | |        | |   | |    | ' / 
16-10-2023 17:19:39.137Z;functions.bot_text_art;   | | __ | |  | |  | | | |      | |        | |   | |    |  <  
16-10-2023 17:19:39.138Z;functions.bot_text_art;   |_|[  ]|_|  | |__| | | |____  | |____   _| |_  | |__  | . \ 
16-10-2023 17:19:39.140Z;functions.bot_text_art;   \_|_||_|_/  |_____/   \_____| |______| |_____| \ ___| |_|\_\
16-10-2023 17:19:39.140Z;functions.bot_text_art;     |_||_|                                                     
16-10-2023 17:19:39.141Z;functions.bot_text_art;     | ||_|_   
16-10-2023 17:19:39.142Z;functions.bot_text_art;   |___||___|  
16-10-2023 17:19:39.142Z;functions.bot_text_art;               
16-10-2023 17:19:39.149Z;functions.open_RM;  OPEN PROGRAM RM
16-10-2023 17:19:47.335Z;functions.loggin_RM;  ENTER USER_NAME
16-10-2023 17:19:48.459Z;functions.loggin_RM;  ENTER PASSWORD
16-10-2023 17:19:49.374Z;functions.loggin_RM;  ENTER RM
16-10-2023 17:20:11.551Z;functions.enter_coligada;  CLICK CONTEXTO
16-10-2023 17:20:15.932Z;functions.enter_coligada;  CLICK COLIGADA 1
16-10-2023 17:20:17.644Z;functions.enter_coligada;  CLICK AVANÇAR
16-10-2023 17:20:19.731Z;functions.enter_coligada;  INSERE O COLIGADA CODE = 1
16-10-2023 17:20:19.835Z;functions.enter_coligada;  APERTA TAB PARA PREENCHER O CAMPO COM A STRING: OCEANICA ENGENHARIA E CONSULTORIA S.A.
16-10-2023 17:20:20.860Z;functions.enter_coligada;  CLICK AVANÇAR NOVAMENTE
16-10-2023 17:20:21.799Z;functions.enter_coligada;  CLICK CONCLUIR
16-10-2023 17:20:35.512Z;functions.enter_coligada;  POP UP COLIGADA DESAPARECER
16-10-2023 17:20:36.251Z;functions.enter_contas_a_pagar;  CLICK - TOTVS - LINHA RM
16-10-2023 17:20:37.698Z;functions.enter_contas_a_pagar;  CLICK - BACK OFFICE
16-10-2023 17:20:40.281Z;functions.enter_contas_a_pagar;  CLICK - GESTAO FINANCEIRA
16-10-2023 17:20:45.467Z;functions.enter_contas_a_pagar;  CLICK - CONTAS A PAGAR
16-10-2023 17:20:46.226Z;functions.waitForImage;  LANÇAMENTOS image found.
16-10-2023 17:20:48.347Z;functions.enter_contas_a_pagar;  CLICA EM LANÇAMENTOS
16-10-2023 17:20:50.349Z;functions.data_filter;  CLICK - SELECIONA A DATA DE QUARTA FEIRA E DA PROXIMA TERÇA
16-10-2023 17:20:50.350Z;functions.data_filter;  QUARTA-FEIRA: 18-10-2023
16-10-2023 17:20:50.351Z;functions.data_filter;  TERCA-FEIRA: 24-10-2023
16-10-2023 17:20:57.266Z;functions.data_filter;  ESCREVE REMESSA BANCÁRIA NO FILTRO
16-10-2023 17:20:57.964Z;functions.data_filter;  CLICK - BUTÃO DE SELECAO DE FILTRO
16-10-2023 17:21:00.366Z;functions.data_filter;  INSERE - DATA DE QUARTA-FEIRA: 18-10-2023
16-10-2023 17:21:02.290Z;functions.data_filter;  INSERE - DATA DA PROX TERCA-FEIRA: 24-10-2023
16-10-2023 17:21:03.088Z;functions.data_filter;  CLICK - BUTÃO DE EXECUTAR O FILTRO
