16-10-2023 17:14:56.667Z;functions.bot_text_art;      ____   
16-10-2023 17:14:56.667Z;functions.bot_text_art;     [____]    
16-10-2023 17:14:56.668Z;functions.bot_text_art;   |=]()()[=|  
16-10-2023 17:14:56.668Z;functions.bot_text_art;     _\==/__    _____    ____     _        _____    ___   _  __
16-10-2023 17:14:56.669Z;functions.bot_text_art;   |__|   |_|  |  _  \  / ___|   | |      |_   _| / ___| | |/ /
16-10-2023 17:14:56.669Z;functions.bot_text_art;   |_|_/\_|_|  | |  | | | |      | |        | |   | |    | ' / 
16-10-2023 17:14:56.670Z;functions.bot_text_art;   | | __ | |  | |  | | | |      | |        | |   | |    |  <  
16-10-2023 17:14:56.671Z;functions.bot_text_art;   |_|[  ]|_|  | |__| | | |____  | |____   _| |_  | |__  | . \ 
16-10-2023 17:14:56.672Z;functions.bot_text_art;   \_|_||_|_/  |_____/   \_____| |______| |_____| \ ___| |_|\_\
16-10-2023 17:14:56.673Z;functions.bot_text_art;     |_||_|                                                     
16-10-2023 17:14:56.673Z;functions.bot_text_art;     | ||_|_   
16-10-2023 17:14:56.674Z;functions.bot_text_art;   |___||___|  
16-10-2023 17:14:56.674Z;functions.bot_text_art;               
16-10-2023 17:14:56.681Z;functions.open_RM;  OPEN PROGRAM RM
16-10-2023 17:15:05.069Z;functions.loggin_RM;  ENTER USER_NAME
16-10-2023 17:15:06.251Z;functions.loggin_RM;  ENTER PASSWORD
16-10-2023 17:15:07.288Z;functions.loggin_RM;  ENTER RM
16-10-2023 17:15:29.705Z;functions.enter_coligada;  CLICK CONTEXTO
16-10-2023 17:15:34.171Z;functions.enter_coligada;  CLICK COLIGADA 1
16-10-2023 17:15:36.023Z;functions.enter_coligada;  CLICK AVANÇAR
16-10-2023 17:15:38.267Z;functions.enter_coligada;  INSERE O COLIGADA CODE = 1
16-10-2023 17:15:38.417Z;functions.enter_coligada;  APERTA TAB PARA PREENCHER O CAMPO COM A STRING: OCEANICA ENGENHARIA E CONSULTORIA S.A.
16-10-2023 17:15:39.465Z;functions.enter_coligada;  CLICK AVANÇAR NOVAMENTE
16-10-2023 17:15:40.511Z;functions.enter_coligada;  CLICK CONCLUIR
16-10-2023 17:15:55.944Z;functions.enter_coligada;  POP UP COLIGADA DESAPARECER
16-10-2023 17:15:56.664Z;functions.enter_contas_a_pagar;  CLICK - TOTVS - LINHA RM
16-10-2023 17:15:58.111Z;functions.enter_contas_a_pagar;  CLICK - BACK OFFICE
16-10-2023 17:16:00.685Z;functions.enter_contas_a_pagar;  CLICK - GESTAO FINANCEIRA
16-10-2023 17:16:06.255Z;functions.enter_contas_a_pagar;  CLICK - CONTAS A PAGAR
16-10-2023 17:16:07.034Z;functions.waitForImage;  LANÇAMENTOS image found.
16-10-2023 17:16:09.166Z;functions.enter_contas_a_pagar;  CLICA EM LANÇAMENTOS
16-10-2023 17:16:11.170Z;functions.data_filter;  CLICK - SELECIONA A DATA DE QUARTA FEIRA E DA PROXIMA TERÇA
16-10-2023 17:16:11.172Z;functions.data_filter;  QUARTA-FEIRA: 18-10-2023
16-10-2023 17:16:11.173Z;functions.data_filter;  TERCA-FEIRA: 24-10-2023
16-10-2023 17:16:18.235Z;functions.data_filter;  ESCREVE REMESSA BANCÁRIA NO FILTRO
16-10-2023 17:16:19.014Z;functions.data_filter;  CLICK - BUTÃO DE SELECAO DE FILTRO
16-10-2023 17:16:21.530Z;functions.data_filter;  INSERE - DATA DE QUARTA-FEIRA: 18-10-2023
16-10-2023 17:16:23.476Z;functions.data_filter;  INSERE - DATA DA PROX TERCA-FEIRA: 24-10-2023
16-10-2023 17:16:24.225Z;functions.data_filter;  CLICK - BUTÃO DE EXECUTAR O FILTRO
16-10-2023 17:19:01.365Z;functions.waitForImage;  FILTER CLEAN image found.
16-10-2023 17:19:03.482Z;functions.filter_clean;  CLICA NO BOTÃO X DO LIMPA FILTRO
