16-10-2023 17:10:24.081Z;functions.bot_text_art;      ____   
16-10-2023 17:10:24.081Z;functions.bot_text_art;     [____]    
16-10-2023 17:10:24.082Z;functions.bot_text_art;   |=]()()[=|  
16-10-2023 17:10:24.082Z;functions.bot_text_art;     _\==/__    _____    ____     _        _____    ___   _  __
16-10-2023 17:10:24.082Z;functions.bot_text_art;   |__|   |_|  |  _  \  / ___|   | |      |_   _| / ___| | |/ /
16-10-2023 17:10:24.083Z;functions.bot_text_art;   |_|_/\_|_|  | |  | | | |      | |        | |   | |    | ' / 
16-10-2023 17:10:24.086Z;functions.bot_text_art;   | | __ | |  | |  | | | |      | |        | |   | |    |  <  
16-10-2023 17:10:24.088Z;functions.bot_text_art;   |_|[  ]|_|  | |__| | | |____  | |____   _| |_  | |__  | . \ 
16-10-2023 17:10:24.096Z;functions.bot_text_art;   \_|_||_|_/  |_____/   \_____| |______| |_____| \ ___| |_|\_\
16-10-2023 17:10:24.097Z;functions.bot_text_art;     |_||_|                                                     
16-10-2023 17:10:24.098Z;functions.bot_text_art;     | ||_|_   
16-10-2023 17:10:24.099Z;functions.bot_text_art;   |___||___|  
16-10-2023 17:10:24.101Z;functions.bot_text_art;               
16-10-2023 17:10:24.108Z;functions.open_RM;  OPEN PROGRAM RM
16-10-2023 17:10:32.878Z;functions.loggin_RM;  ENTER USER_NAME
16-10-2023 17:10:34.075Z;functions.loggin_RM;  ENTER PASSWORD
16-10-2023 17:10:35.151Z;functions.loggin_RM;  ENTER RM
16-10-2023 17:10:58.058Z;functions.enter_coligada;  CLICK CONTEXTO
16-10-2023 17:11:02.536Z;functions.enter_coligada;  CLICK COLIGADA 1
16-10-2023 17:11:04.408Z;functions.enter_coligada;  CLICK AVANÇAR
16-10-2023 17:11:06.549Z;functions.enter_coligada;  INSERE O COLIGADA CODE = 1
16-10-2023 17:11:06.653Z;functions.enter_coligada;  APERTA TAB PARA PREENCHER O CAMPO COM A STRING: OCEANICA ENGENHARIA E CONSULTORIA S.A.
16-10-2023 17:11:07.609Z;functions.enter_coligada;  CLICK AVANÇAR NOVAMENTE
16-10-2023 17:11:08.547Z;functions.enter_coligada;  CLICK CONCLUIR
16-10-2023 17:11:24.042Z;functions.enter_coligada;  POP UP COLIGADA DESAPARECER
16-10-2023 17:11:24.774Z;functions.enter_contas_a_pagar;  CLICK - TOTVS - LINHA RM
16-10-2023 17:11:26.152Z;functions.enter_contas_a_pagar;  CLICK - BACK OFFICE
16-10-2023 17:11:28.723Z;functions.enter_contas_a_pagar;  CLICK - GESTAO FINANCEIRA
16-10-2023 17:11:34.138Z;functions.enter_contas_a_pagar;  CLICK - CONTAS A PAGAR
16-10-2023 17:11:34.862Z;functions.waitForImage;  LANÇAMENTOS image found.
16-10-2023 17:11:36.986Z;functions.enter_contas_a_pagar;  CLICA EM LANÇAMENTOS
16-10-2023 17:11:38.989Z;functions.data_filter;  CLICK - SELECIONA A DATA DE QUARTA FEIRA E DA PROXIMA TERÇA
16-10-2023 17:11:38.991Z;functions.data_filter;  QUARTA-FEIRA: 18-10-2023
16-10-2023 17:11:38.991Z;functions.data_filter;  TERCA-FEIRA: 24-10-2023
16-10-2023 17:11:46.078Z;functions.data_filter;  ESCREVE REMESSA BANCÁRIA NO FILTRO
16-10-2023 17:11:46.869Z;functions.data_filter;  CLICK - BUTÃO DE SELECAO DE FILTRO
16-10-2023 17:11:49.465Z;functions.data_filter;  INSERE - DATA DE QUARTA-FEIRA: 18-10-2023
16-10-2023 17:11:51.386Z;functions.data_filter;  INSERE - DATA DA PROX TERCA-FEIRA: 24-10-2023
16-10-2023 17:11:52.252Z;functions.data_filter;  CLICK - BUTÃO DE EXECUTAR O FILTRO
16-10-2023 17:12:07.781Z;functions.waitForImage;  FILTER CLEAN image not found.
16-10-2023 17:14:08.402Z;functions.show_exception_and_exit;  'NoneType' object has no attribute 'get_text'
Traceback (most recent call last):
  File "c:\projetos\remessas\main.py", line 17, in <module>
    select_tipo_documento()
  File "c:\projetos\remessas\SUBPROGRAMS\functions.py", line 215, in select_tipo_documento
    colunm_name = tipo_doc.get_text()
                  ^^^^^^^^^^^^^^^^^
AttributeError: 'NoneType' object has no attribute 'get_text'
