16-10-2023 17:25:14.724Z;functions.bot_text_art;      ____   
16-10-2023 17:25:14.725Z;functions.bot_text_art;     [____]    
16-10-2023 17:25:14.726Z;functions.bot_text_art;   |=]()()[=|  
16-10-2023 17:25:14.726Z;functions.bot_text_art;     _\==/__    _____    ____     _        _____    ___   _  __
16-10-2023 17:25:14.727Z;functions.bot_text_art;   |__|   |_|  |  _  \  / ___|   | |      |_   _| / ___| | |/ /
16-10-2023 17:25:14.728Z;functions.bot_text_art;   |_|_/\_|_|  | |  | | | |      | |        | |   | |    | ' / 
16-10-2023 17:25:14.729Z;functions.bot_text_art;   | | __ | |  | |  | | | |      | |        | |   | |    |  <  
16-10-2023 17:25:14.731Z;functions.bot_text_art;   |_|[  ]|_|  | |__| | | |____  | |____   _| |_  | |__  | . \ 
16-10-2023 17:25:14.733Z;functions.bot_text_art;   \_|_||_|_/  |_____/   \_____| |______| |_____| \ ___| |_|\_\
16-10-2023 17:25:14.735Z;functions.bot_text_art;     |_||_|                                                     
16-10-2023 17:25:14.736Z;functions.bot_text_art;     | ||_|_   
16-10-2023 17:25:14.737Z;functions.bot_text_art;   |___||___|  
16-10-2023 17:25:14.738Z;functions.bot_text_art;               
16-10-2023 17:25:14.752Z;functions.open_RM;  OPEN PROGRAM RM
16-10-2023 17:25:23.330Z;functions.loggin_RM;  ENTER USER_NAME
16-10-2023 17:25:24.460Z;functions.loggin_RM;  ENTER PASSWORD
16-10-2023 17:25:25.503Z;functions.loggin_RM;  ENTER RM
16-10-2023 17:25:48.426Z;functions.enter_coligada;  CLICK CONTEXTO
16-10-2023 17:25:53.051Z;functions.enter_coligada;  CLICK COLIGADA 1
16-10-2023 17:25:54.743Z;functions.enter_coligada;  CLICK AVANÇAR
16-10-2023 17:25:57.131Z;functions.enter_coligada;  INSERE O COLIGADA CODE = 1
16-10-2023 17:25:57.235Z;functions.enter_coligada;  APERTA TAB PARA PREENCHER O CAMPO COM A STRING: OCEANICA ENGENHARIA E CONSULTORIA S.A.
16-10-2023 17:25:58.292Z;functions.enter_coligada;  CLICK AVANÇAR NOVAMENTE
16-10-2023 17:25:59.278Z;functions.enter_coligada;  CLICK CONCLUIR
16-10-2023 17:26:14.298Z;functions.enter_coligada;  POP UP COLIGADA DESAPARECER
16-10-2023 17:26:15.037Z;functions.enter_contas_a_pagar;  CLICK - TOTVS - LINHA RM
16-10-2023 17:26:16.394Z;functions.enter_contas_a_pagar;  CLICK - BACK OFFICE
16-10-2023 17:26:17.177Z;functions.enter_contas_a_pagar;  CLICK - GESTAO FINANCEIRA
16-10-2023 17:26:22.600Z;functions.enter_contas_a_pagar;  CLICK - CONTAS A PAGAR
16-10-2023 17:26:23.334Z;functions.waitForImage;  LANÇAMENTOS image found.
16-10-2023 17:26:25.443Z;functions.enter_contas_a_pagar;  CLICA EM LANÇAMENTOS
16-10-2023 17:26:27.446Z;functions.data_filter;  CLICK - SELECIONA A DATA DE QUARTA FEIRA E DA PROXIMA TERÇA
16-10-2023 17:26:27.447Z;functions.data_filter;  QUARTA-FEIRA: 18-10-2023
16-10-2023 17:26:27.447Z;functions.data_filter;  TERCA-FEIRA: 24-10-2023
16-10-2023 17:26:34.513Z;functions.data_filter;  ESCREVE REMESSA BANCÁRIA NO FILTRO
16-10-2023 17:26:35.337Z;functions.data_filter;  CLICK - BUTÃO DE SELECAO DE FILTRO
16-10-2023 17:26:37.875Z;functions.data_filter;  INSERE - DATA DE QUARTA-FEIRA: 18-10-2023
16-10-2023 17:26:39.925Z;functions.data_filter;  INSERE - DATA DA PROX TERCA-FEIRA: 24-10-2023
16-10-2023 17:26:40.772Z;functions.data_filter;  CLICK - BUTÃO DE EXECUTAR O FILTRO
16-10-2023 17:29:15.711Z;functions.waitForImage;  FILTER CLEAN image found.
16-10-2023 17:29:17.841Z;functions.filter_clean;  CLICA NO BOTÃO X DO LIMPA FILTRO
16-10-2023 17:29:21.635Z;functions.select_tipo_documento;  NOME DA COLUNA: Tipo de Documento
16-10-2023 17:29:23.118Z;functions.select_tipo_documento;  HOVER NOME DA COLUNA: Tipo de Documento
16-10-2023 17:29:23.238Z;functions.select_tipo_documento;  CLICA PARA APARECER O FILTRO PERSONALIZAR
16-10-2023 17:29:23.726Z;functions.select_tipo_documento;  CLICA NO FILTRO PERSONALIZAR
16-10-2023 17:29:25.148Z;functions.select_tipo_documento;  CLICA PARA SELECIONAR OPÇÕES DO FILTRO
16-10-2023 17:29:32.376Z;functions.select_tipo_documento;  CLICK BUTTON CONFIRMAR FILTRO
16-10-2023 17:29:34.229Z;functions.desmark_filter;  CLICK CHECKBOX LANÇAMENTOS A RECEBER
16-10-2023 17:29:35.361Z;functions.desmark_filter;  CLICK CHECKBOX LANÇAMENTOS BAIXADOS
16-10-2023 17:29:36.626Z;functions.desmark_filter;  CLICK CHECKBOX LANÇAMENTOS CANCELADOS
16-10-2023 17:29:37.987Z;functions.desmark_filter;  CLICK CHECKBOX LANÇAMENTOS FATURADOS
16-10-2023 17:29:39.543Z;functions.desmark_filter;  CLICK CHECKBOX LANÇAMENTOS FATURADOS
16-10-2023 17:29:40.878Z;functions.filter_IPTE;  CLICK NA PRIMEIRA LINHA E COLUNA DA TABELA
16-10-2023 17:29:55.928Z;functions.filter_IPTE;  147 PASSOS PARA DIREITA NA TABELA >>
16-10-2023 17:29:59.407Z;functions.filter_IPTE;  HOVER FILTER
16-10-2023 17:29:59.541Z;functions.filter_IPTE;  CLICK FILTER
16-10-2023 17:30:03.884Z;functions.filter_IPTE;  CLICA NO FILTRO PERSONALIZAR
16-10-2023 17:30:10.968Z;functions.check_table_record;  APERTA NÃO
16-10-2023 17:30:12.467Z;functions.check_table_record;  ABRE A NOTA
16-10-2023 17:30:19.455Z;functions.waitForImage;  INTEGRAÇÃO BANCÁRIA image found.
16-10-2023 17:30:21.564Z;functions.check_payment_type;  CLICA EM INTEGRAÇÃO BANCÁRIA
16-10-2023 17:30:23.684Z;functions.waitForImage;  BOLETO image found.
16-10-2023 17:30:25.807Z;functions.check_payment_type;  CLICA NO BOLETO
16-10-2023 17:30:27.949Z;functions.waitForImage;  PRESS BUTTON OK image found.
16-10-2023 17:30:29.951Z;functions.check_payment_type;  FORMA DE PAGAMENTO BOLETO - OK
16-10-2023 17:30:32.088Z;functions.waitForImage;  PRESS BUTTON OK image found.
16-10-2023 17:30:34.205Z;functions.check_payment_type;  PRESS BUTTON OK
16-10-2023 17:30:36.372Z;functions.waitForImage;  PRESS BUTTON OK 2 image found.
16-10-2023 17:30:38.495Z;functions.check_payment_type;  PRESS BUTTON OK 2
16-10-2023 17:30:46.603Z;functions.check_table_record;  PRESS BUTTON DOWN
16-10-2023 17:30:48.714Z;functions.check_table_record;  ENTRANDO NO PRÓXIMO BOLETO
16-10-2023 17:30:55.858Z;functions.waitForImage;  INTEGRAÇÃO BANCÁRIA image found.
16-10-2023 17:30:57.987Z;functions.check_payment_type;  CLICA EM INTEGRAÇÃO BANCÁRIA
16-10-2023 17:31:00.137Z;functions.waitForImage;  BOLETO image found.
16-10-2023 17:31:02.259Z;functions.check_payment_type;  CLICA NO BOLETO
16-10-2023 17:31:04.352Z;functions.waitForImage;  PRESS BUTTON OK image found.
16-10-2023 17:31:06.353Z;functions.check_payment_type;  FORMA DE PAGAMENTO BOLETO - OK
16-10-2023 17:31:08.476Z;functions.waitForImage;  PRESS BUTTON OK image found.
16-10-2023 17:31:10.596Z;functions.check_payment_type;  PRESS BUTTON OK
16-10-2023 17:31:12.706Z;functions.waitForImage;  PRESS BUTTON OK 2 image found.
16-10-2023 17:31:14.816Z;functions.check_payment_type;  PRESS BUTTON OK 2
16-10-2023 17:31:22.926Z;functions.check_table_record;  PRESS BUTTON DOWN
16-10-2023 17:31:25.033Z;functions.check_table_record;  ENTRANDO NO PRÓXIMO BOLETO
16-10-2023 17:31:32.170Z;functions.waitForImage;  INTEGRAÇÃO BANCÁRIA image found.
16-10-2023 17:31:34.287Z;functions.check_payment_type;  CLICA EM INTEGRAÇÃO BANCÁRIA
16-10-2023 17:31:36.425Z;functions.waitForImage;  BOLETO image found.
16-10-2023 17:31:38.541Z;functions.check_payment_type;  CLICA NO BOLETO
16-10-2023 17:31:40.640Z;functions.waitForImage;  PRESS BUTTON OK image found.
16-10-2023 17:31:42.642Z;functions.check_payment_type;  FORMA DE PAGAMENTO BOLETO - OK
16-10-2023 17:31:44.724Z;functions.waitForImage;  PRESS BUTTON OK image found.
16-10-2023 17:31:46.853Z;functions.check_payment_type;  PRESS BUTTON OK
16-10-2023 17:31:48.972Z;functions.waitForImage;  PRESS BUTTON OK 2 image found.
16-10-2023 17:31:51.102Z;functions.check_payment_type;  PRESS BUTTON OK 2
16-10-2023 17:31:59.212Z;functions.check_table_record;  PRESS BUTTON DOWN
16-10-2023 17:32:01.321Z;functions.check_table_record;  ENTRANDO NO PRÓXIMO BOLETO
16-10-2023 17:32:08.476Z;functions.waitForImage;  INTEGRAÇÃO BANCÁRIA image found.
16-10-2023 17:32:10.586Z;functions.check_payment_type;  CLICA EM INTEGRAÇÃO BANCÁRIA
16-10-2023 17:32:12.681Z;functions.waitForImage;  BOLETO image found.
16-10-2023 17:32:14.816Z;functions.check_payment_type;  CLICA NO BOLETO
16-10-2023 17:32:16.918Z;functions.waitForImage;  PRESS BUTTON OK image found.
16-10-2023 17:32:18.921Z;functions.check_payment_type;  FORMA DE PAGAMENTO BOLETO - OK
16-10-2023 17:32:21.047Z;functions.waitForImage;  PRESS BUTTON OK image found.
16-10-2023 17:32:23.173Z;functions.check_payment_type;  PRESS BUTTON OK
16-10-2023 17:32:25.282Z;functions.waitForImage;  PRESS BUTTON OK 2 image found.
16-10-2023 17:32:27.416Z;functions.check_payment_type;  PRESS BUTTON OK 2
16-10-2023 17:32:35.524Z;functions.check_table_record;  PRESS BUTTON DOWN
16-10-2023 17:32:37.630Z;functions.check_table_record;  ENTRANDO NO PRÓXIMO BOLETO
16-10-2023 17:32:44.742Z;functions.waitForImage;  INTEGRAÇÃO BANCÁRIA image found.
16-10-2023 17:32:46.859Z;functions.check_payment_type;  CLICA EM INTEGRAÇÃO BANCÁRIA
16-10-2023 17:32:48.988Z;functions.waitForImage;  BOLETO image found.
16-10-2023 17:32:51.103Z;functions.check_payment_type;  CLICA NO BOLETO
16-10-2023 17:32:53.204Z;functions.waitForImage;  PRESS BUTTON OK image found.
16-10-2023 17:32:55.207Z;functions.check_payment_type;  FORMA DE PAGAMENTO BOLETO - OK
16-10-2023 17:32:57.360Z;functions.waitForImage;  PRESS BUTTON OK image found.
16-10-2023 17:32:59.487Z;functions.check_payment_type;  PRESS BUTTON OK
16-10-2023 17:33:01.590Z;functions.waitForImage;  PRESS BUTTON OK 2 image found.
16-10-2023 17:33:03.696Z;functions.check_payment_type;  PRESS BUTTON OK 2
16-10-2023 17:33:11.803Z;functions.check_table_record;  PRESS BUTTON DOWN
16-10-2023 17:33:13.909Z;functions.check_table_record;  ENTRANDO NO PRÓXIMO BOLETO
16-10-2023 17:33:21.038Z;functions.waitForImage;  INTEGRAÇÃO BANCÁRIA image found.
16-10-2023 17:33:23.173Z;functions.check_payment_type;  CLICA EM INTEGRAÇÃO BANCÁRIA
16-10-2023 17:33:25.267Z;functions.waitForImage;  BOLETO image found.
16-10-2023 17:33:27.388Z;functions.check_payment_type;  CLICA NO BOLETO
16-10-2023 17:33:29.496Z;functions.waitForImage;  PRESS BUTTON OK image found.
16-10-2023 17:33:31.498Z;functions.check_payment_type;  FORMA DE PAGAMENTO BOLETO - OK
16-10-2023 17:33:33.569Z;functions.waitForImage;  PRESS BUTTON OK image found.
16-10-2023 17:33:35.681Z;functions.check_payment_type;  PRESS BUTTON OK
16-10-2023 17:33:37.769Z;functions.waitForImage;  PRESS BUTTON OK 2 image found.
16-10-2023 17:33:39.898Z;functions.check_payment_type;  PRESS BUTTON OK 2
16-10-2023 17:33:48.003Z;functions.check_table_record;  PRESS BUTTON DOWN
16-10-2023 17:33:50.109Z;functions.check_table_record;  ENTRANDO NO PRÓXIMO BOLETO
16-10-2023 17:33:57.223Z;functions.waitForImage;  INTEGRAÇÃO BANCÁRIA image found.
16-10-2023 17:33:59.354Z;functions.check_payment_type;  CLICA EM INTEGRAÇÃO BANCÁRIA
16-10-2023 17:34:01.445Z;functions.waitForImage;  BOLETO image found.
16-10-2023 17:34:03.553Z;functions.check_payment_type;  CLICA NO BOLETO
16-10-2023 17:34:05.651Z;functions.waitForImage;  PRESS BUTTON OK image found.
16-10-2023 17:34:07.653Z;functions.check_payment_type;  FORMA DE PAGAMENTO BOLETO - OK
16-10-2023 17:34:09.749Z;functions.waitForImage;  PRESS BUTTON OK image found.
16-10-2023 17:34:11.878Z;functions.check_payment_type;  PRESS BUTTON OK
16-10-2023 17:34:13.978Z;functions.waitForImage;  PRESS BUTTON OK 2 image found.
16-10-2023 17:34:16.089Z;functions.check_payment_type;  PRESS BUTTON OK 2
16-10-2023 17:34:24.199Z;functions.check_table_record;  PRESS BUTTON DOWN
16-10-2023 17:34:26.306Z;functions.check_table_record;  ENTRANDO NO PRÓXIMO BOLETO
16-10-2023 17:34:33.430Z;functions.waitForImage;  INTEGRAÇÃO BANCÁRIA image found.
16-10-2023 17:34:35.543Z;functions.check_payment_type;  CLICA EM INTEGRAÇÃO BANCÁRIA
16-10-2023 17:34:37.638Z;functions.waitForImage;  BOLETO image found.
16-10-2023 17:34:39.751Z;functions.check_payment_type;  CLICA NO BOLETO
16-10-2023 17:34:41.855Z;functions.waitForImage;  PRESS BUTTON OK image found.
16-10-2023 17:34:43.857Z;functions.check_payment_type;  FORMA DE PAGAMENTO BOLETO - OK
16-10-2023 17:34:45.965Z;functions.waitForImage;  PRESS BUTTON OK image found.
16-10-2023 17:34:48.092Z;functions.check_payment_type;  PRESS BUTTON OK
16-10-2023 17:34:50.213Z;functions.waitForImage;  PRESS BUTTON OK 2 image found.
16-10-2023 17:34:52.325Z;functions.check_payment_type;  PRESS BUTTON OK 2
16-10-2023 17:35:00.436Z;functions.check_table_record;  PRESS BUTTON DOWN
16-10-2023 17:35:02.540Z;functions.check_table_record;  ENTRANDO NO PRÓXIMO BOLETO
16-10-2023 17:35:09.644Z;functions.waitForImage;  INTEGRAÇÃO BANCÁRIA image found.
16-10-2023 17:35:11.751Z;functions.check_payment_type;  CLICA EM INTEGRAÇÃO BANCÁRIA
16-10-2023 17:35:13.859Z;functions.waitForImage;  BOLETO image found.
16-10-2023 17:35:15.980Z;functions.check_payment_type;  CLICA NO BOLETO
16-10-2023 17:35:18.096Z;functions.waitForImage;  PRESS BUTTON OK image found.
16-10-2023 17:35:20.098Z;functions.check_payment_type;  FORMA DE PAGAMENTO BOLETO - OK
16-10-2023 17:35:22.199Z;functions.waitForImage;  PRESS BUTTON OK image found.
16-10-2023 17:35:24.319Z;functions.check_payment_type;  PRESS BUTTON OK
16-10-2023 17:35:26.435Z;functions.waitForImage;  PRESS BUTTON OK 2 image found.
16-10-2023 17:35:28.552Z;functions.check_payment_type;  PRESS BUTTON OK 2
16-10-2023 17:35:36.659Z;functions.check_table_record;  PRESS BUTTON DOWN
16-10-2023 17:35:38.765Z;functions.check_table_record;  ENTRANDO NO PRÓXIMO BOLETO
16-10-2023 17:35:45.898Z;functions.waitForImage;  INTEGRAÇÃO BANCÁRIA image found.
16-10-2023 17:35:48.014Z;functions.check_payment_type;  CLICA EM INTEGRAÇÃO BANCÁRIA
16-10-2023 17:35:50.118Z;functions.waitForImage;  BOLETO image found.
16-10-2023 17:35:52.244Z;functions.check_payment_type;  CLICA NO BOLETO
16-10-2023 17:35:54.333Z;functions.waitForImage;  PRESS BUTTON OK image found.
16-10-2023 17:35:56.336Z;functions.check_payment_type;  FORMA DE PAGAMENTO BOLETO - OK
16-10-2023 17:35:58.436Z;functions.waitForImage;  PRESS BUTTON OK image found.
16-10-2023 17:36:00.548Z;functions.check_payment_type;  PRESS BUTTON OK
16-10-2023 17:36:02.658Z;functions.waitForImage;  PRESS BUTTON OK 2 image found.
16-10-2023 17:36:04.768Z;functions.check_payment_type;  PRESS BUTTON OK 2
16-10-2023 17:36:10.788Z;functions.process_lancamentos;  SELECIONA TODOS OS LANÇAMENTOS PARA SEREM PROCESSADOS
16-10-2023 17:36:37.332Z;functions.show_exception_and_exit;  'NoneType' object has no attribute 'click'
Traceback (most recent call last):
  File "c:\projetos\remessas\main.py", line 21, in <module>
    process_lancamentos()
  File "c:\projetos\remessas\SUBPROGRAMS\functions.py", line 444, in process_lancamentos
    click_combo.click()
    ^^^^^^^^^^^^^^^^^
AttributeError: 'NoneType' object has no attribute 'click'
