16-10-2023 17:38:11.347Z;functions.bot_text_art;      ____   
16-10-2023 17:38:11.348Z;functions.bot_text_art;     [____]    
16-10-2023 17:38:11.349Z;functions.bot_text_art;   |=]()()[=|  
16-10-2023 17:38:11.350Z;functions.bot_text_art;     _\==/__    _____    ____     _        _____    ___   _  __
16-10-2023 17:38:11.351Z;functions.bot_text_art;   |__|   |_|  |  _  \  / ___|   | |      |_   _| / ___| | |/ /
16-10-2023 17:38:11.352Z;functions.bot_text_art;   |_|_/\_|_|  | |  | | | |      | |        | |   | |    | ' / 
16-10-2023 17:38:11.354Z;functions.bot_text_art;   | | __ | |  | |  | | | |      | |        | |   | |    |  <  
16-10-2023 17:38:11.356Z;functions.bot_text_art;   |_|[  ]|_|  | |__| | | |____  | |____   _| |_  | |__  | . \ 
16-10-2023 17:38:11.358Z;functions.bot_text_art;   \_|_||_|_/  |_____/   \_____| |______| |_____| \ ___| |_|\_\
16-10-2023 17:38:11.359Z;functions.bot_text_art;     |_||_|                                                     
16-10-2023 17:38:11.361Z;functions.bot_text_art;     | ||_|_   
16-10-2023 17:38:11.362Z;functions.bot_text_art;   |___||___|  
16-10-2023 17:38:11.363Z;functions.bot_text_art;               
16-10-2023 17:38:11.374Z;functions.open_RM;  OPEN PROGRAM RM
16-10-2023 17:38:20.253Z;functions.loggin_RM;  ENTER USER_NAME
16-10-2023 17:38:21.333Z;functions.loggin_RM;  ENTER PASSWORD
16-10-2023 17:38:22.240Z;functions.loggin_RM;  ENTER RM
16-10-2023 17:38:46.149Z;functions.enter_coligada;  CLICK CONTEXTO
16-10-2023 17:38:50.612Z;functions.enter_coligada;  CLICK COLIGADA 1
16-10-2023 17:38:52.345Z;functions.enter_coligada;  CLICK AVANÇAR
16-10-2023 17:38:54.349Z;functions.enter_coligada;  INSERE O COLIGADA CODE = 1
16-10-2023 17:38:54.452Z;functions.enter_coligada;  APERTA TAB PARA PREENCHER O CAMPO COM A STRING: OCEANICA ENGENHARIA E CONSULTORIA S.A.
16-10-2023 17:38:55.514Z;functions.enter_coligada;  CLICK AVANÇAR NOVAMENTE
16-10-2023 17:38:56.518Z;functions.enter_coligada;  CLICK CONCLUIR
16-10-2023 17:39:12.156Z;functions.enter_coligada;  POP UP COLIGADA DESAPARECER
16-10-2023 17:39:12.923Z;functions.enter_contas_a_pagar;  CLICK - TOTVS - LINHA RM
16-10-2023 17:39:14.306Z;functions.enter_contas_a_pagar;  CLICK - BACK OFFICE
16-10-2023 17:39:15.168Z;functions.enter_contas_a_pagar;  CLICK - GESTAO FINANCEIRA
16-10-2023 17:39:21.401Z;functions.enter_contas_a_pagar;  CLICK - CONTAS A PAGAR
16-10-2023 17:39:21.531Z;functions.waitForImage;  LANÇAMENTOS image found.
16-10-2023 17:39:23.634Z;functions.enter_contas_a_pagar;  CLICA EM LANÇAMENTOS
16-10-2023 17:39:25.638Z;functions.data_filter;  CLICK - SELECIONA A DATA DE QUARTA FEIRA E DA PROXIMA TERÇA
16-10-2023 17:39:25.639Z;functions.data_filter;  QUARTA-FEIRA: 18-10-2023
16-10-2023 17:39:25.640Z;functions.data_filter;  TERCA-FEIRA: 24-10-2023
16-10-2023 17:39:32.371Z;functions.data_filter;  ESCREVE REMESSA BANCÁRIA NO FILTRO
16-10-2023 17:39:33.099Z;functions.data_filter;  CLICK - BUTÃO DE SELECAO DE FILTRO
16-10-2023 17:39:35.577Z;functions.data_filter;  INSERE - DATA DE QUARTA-FEIRA: 18-10-2023
16-10-2023 17:39:37.534Z;functions.data_filter;  INSERE - DATA DA PROX TERCA-FEIRA: 24-10-2023
16-10-2023 17:39:38.388Z;functions.data_filter;  CLICK - BUTÃO DE EXECUTAR O FILTRO
16-10-2023 17:42:04.308Z;functions.waitForImage;  FILTER CLEAN image found.
16-10-2023 17:42:06.414Z;functions.filter_clean;  CLICA NO BOTÃO X DO LIMPA FILTRO
16-10-2023 17:42:09.804Z;functions.select_tipo_documento;  NOME DA COLUNA: Tipo de Documento
16-10-2023 17:42:11.276Z;functions.select_tipo_documento;  HOVER NOME DA COLUNA: Tipo de Documento
16-10-2023 17:42:11.432Z;functions.select_tipo_documento;  CLICA PARA APARECER O FILTRO PERSONALIZAR
16-10-2023 17:42:11.862Z;functions.select_tipo_documento;  CLICA NO FILTRO PERSONALIZAR
16-10-2023 17:42:13.285Z;functions.select_tipo_documento;  CLICA PARA SELECIONAR OPÇÕES DO FILTRO
16-10-2023 17:42:20.560Z;functions.select_tipo_documento;  CLICK BUTTON CONFIRMAR FILTRO
16-10-2023 17:42:21.886Z;functions.desmark_filter;  CLICK CHECKBOX LANÇAMENTOS A RECEBER
16-10-2023 17:42:23.130Z;functions.desmark_filter;  CLICK CHECKBOX LANÇAMENTOS BAIXADOS
16-10-2023 17:42:24.547Z;functions.desmark_filter;  CLICK CHECKBOX LANÇAMENTOS CANCELADOS
16-10-2023 17:42:25.922Z;functions.desmark_filter;  CLICK CHECKBOX LANÇAMENTOS FATURADOS
16-10-2023 17:42:27.369Z;functions.desmark_filter;  CLICK CHECKBOX LANÇAMENTOS FATURADOS
16-10-2023 17:42:28.706Z;functions.filter_IPTE;  CLICK NA PRIMEIRA LINHA E COLUNA DA TABELA
16-10-2023 17:42:43.763Z;functions.filter_IPTE;  147 PASSOS PARA DIREITA NA TABELA >>
16-10-2023 17:42:46.782Z;functions.filter_IPTE;  HOVER FILTER
16-10-2023 17:42:46.941Z;functions.filter_IPTE;  CLICK FILTER
16-10-2023 17:42:51.325Z;functions.filter_IPTE;  CLICA NO FILTRO PERSONALIZAR
16-10-2023 17:42:58.249Z;functions.check_table_record;  APERTA NÃO
16-10-2023 17:42:59.605Z;functions.check_table_record;  ABRE A NOTA
16-10-2023 17:43:01.284Z;functions.show_exception_and_exit;  
Traceback (most recent call last):
  File "c:\projetos\remessas\main.py", line 20, in <module>
    check_table_record()
  File "c:\projetos\remessas\SUBPROGRAMS\functions.py", line 329, in check_table_record
    check_payment_type()
  File "c:\projetos\remessas\SUBPROGRAMS\functions.py", line 342, in check_payment_type
    time.sleep(5)
KeyboardInterrupt
