16-10-2023 17:45:40.946Z;functions.bot_text_art;      ____   
16-10-2023 17:45:40.946Z;functions.bot_text_art;     [____]    
16-10-2023 17:45:40.946Z;functions.bot_text_art;   |=]()()[=|  
16-10-2023 17:45:40.947Z;functions.bot_text_art;     _\==/__    _____    ____     _        _____    ___   _  __
16-10-2023 17:45:40.947Z;functions.bot_text_art;   |__|   |_|  |  _  \  / ___|   | |      |_   _| / ___| | |/ /
16-10-2023 17:45:40.947Z;functions.bot_text_art;   |_|_/\_|_|  | |  | | | |      | |        | |   | |    | ' / 
16-10-2023 17:45:40.948Z;functions.bot_text_art;   | | __ | |  | |  | | | |      | |        | |   | |    |  <  
16-10-2023 17:45:40.949Z;functions.bot_text_art;   |_|[  ]|_|  | |__| | | |____  | |____   _| |_  | |__  | . \ 
16-10-2023 17:45:40.950Z;functions.bot_text_art;   \_|_||_|_/  |_____/   \_____| |______| |_____| \ ___| |_|\_\
16-10-2023 17:45:40.951Z;functions.bot_text_art;     |_||_|                                                     
16-10-2023 17:45:40.951Z;functions.bot_text_art;     | ||_|_   
16-10-2023 17:45:40.952Z;functions.bot_text_art;   |___||___|  
16-10-2023 17:45:40.952Z;functions.bot_text_art;               
16-10-2023 17:45:40.959Z;functions.open_RM;  OPEN PROGRAM RM
16-10-2023 17:45:49.685Z;functions.loggin_RM;  ENTER USER_NAME
16-10-2023 17:45:50.725Z;functions.loggin_RM;  ENTER PASSWORD
16-10-2023 17:45:51.697Z;functions.loggin_RM;  ENTER RM
16-10-2023 17:46:14.884Z;functions.enter_coligada;  CLICK CONTEXTO
16-10-2023 17:46:19.358Z;functions.enter_coligada;  CLICK COLIGADA 1
16-10-2023 17:46:21.235Z;functions.enter_coligada;  CLICK AVANÇAR
16-10-2023 17:46:23.175Z;functions.enter_coligada;  INSERE O COLIGADA CODE = 1
16-10-2023 17:46:23.287Z;functions.enter_coligada;  APERTA TAB PARA PREENCHER O CAMPO COM A STRING: OCEANICA ENGENHARIA E CONSULTORIA S.A.
16-10-2023 17:46:24.322Z;functions.enter_coligada;  CLICK AVANÇAR NOVAMENTE
16-10-2023 17:46:25.311Z;functions.enter_coligada;  CLICK CONCLUIR
16-10-2023 17:46:40.742Z;functions.enter_coligada;  POP UP COLIGADA DESAPARECER
16-10-2023 17:46:41.529Z;functions.enter_contas_a_pagar;  CLICK - TOTVS - LINHA RM
16-10-2023 17:46:42.999Z;functions.enter_contas_a_pagar;  CLICK - BACK OFFICE
16-10-2023 17:46:45.632Z;functions.enter_contas_a_pagar;  CLICK - GESTAO FINANCEIRA
16-10-2023 17:46:51.151Z;functions.enter_contas_a_pagar;  CLICK - CONTAS A PAGAR
16-10-2023 17:46:51.875Z;functions.waitForImage;  LANÇAMENTOS image found.
16-10-2023 17:46:53.984Z;functions.enter_contas_a_pagar;  CLICA EM LANÇAMENTOS
16-10-2023 17:46:55.989Z;functions.data_filter;  CLICK - SELECIONA A DATA DE QUARTA FEIRA E DA PROXIMA TERÇA
16-10-2023 17:46:55.990Z;functions.data_filter;  QUARTA-FEIRA: 18-10-2023
16-10-2023 17:46:55.991Z;functions.data_filter;  TERCA-FEIRA: 24-10-2023
16-10-2023 17:47:03.013Z;functions.data_filter;  ESCREVE REMESSA BANCÁRIA NO FILTRO
16-10-2023 17:47:03.834Z;functions.data_filter;  CLICK - BUTÃO DE SELECAO DE FILTRO
16-10-2023 17:47:06.356Z;functions.data_filter;  INSERE - DATA DE QUARTA-FEIRA: 18-10-2023
16-10-2023 17:47:08.158Z;functions.data_filter;  INSERE - DATA DA PROX TERCA-FEIRA: 24-10-2023
16-10-2023 17:47:08.935Z;functions.data_filter;  CLICK - BUTÃO DE EXECUTAR O FILTRO
16-10-2023 17:49:45.655Z;functions.waitForImage;  FILTER CLEAN image found.
16-10-2023 17:49:47.774Z;functions.filter_clean;  CLICA NO BOTÃO X DO LIMPA FILTRO
16-10-2023 17:49:51.248Z;functions.select_tipo_documento;  NOME DA COLUNA: Tipo de Documento
16-10-2023 17:49:52.750Z;functions.select_tipo_documento;  HOVER NOME DA COLUNA: Tipo de Documento
16-10-2023 17:49:52.884Z;functions.select_tipo_documento;  CLICA PARA APARECER O FILTRO PERSONALIZAR
16-10-2023 17:49:53.196Z;functions.select_tipo_documento;  CLICA NO FILTRO PERSONALIZAR
16-10-2023 17:49:54.650Z;functions.select_tipo_documento;  CLICA PARA SELECIONAR OPÇÕES DO FILTRO
16-10-2023 17:50:02.011Z;functions.select_tipo_documento;  CLICK BUTTON CONFIRMAR FILTRO
16-10-2023 17:50:03.445Z;functions.desmark_filter;  CLICK CHECKBOX LANÇAMENTOS A RECEBER
16-10-2023 17:50:04.725Z;functions.desmark_filter;  CLICK CHECKBOX LANÇAMENTOS BAIXADOS
16-10-2023 17:50:05.935Z;functions.desmark_filter;  CLICK CHECKBOX LANÇAMENTOS CANCELADOS
16-10-2023 17:50:07.346Z;functions.desmark_filter;  CLICK CHECKBOX LANÇAMENTOS FATURADOS
16-10-2023 17:50:08.820Z;functions.desmark_filter;  CLICK CHECKBOX LANÇAMENTOS FATURADOS
16-10-2023 17:50:10.153Z;functions.filter_IPTE;  CLICK NA PRIMEIRA LINHA E COLUNA DA TABELA
16-10-2023 17:50:25.221Z;functions.filter_IPTE;  147 PASSOS PARA DIREITA NA TABELA >>
16-10-2023 17:50:28.748Z;functions.filter_IPTE;  HOVER FILTER
16-10-2023 17:50:28.866Z;functions.filter_IPTE;  CLICK FILTER
16-10-2023 17:50:33.225Z;functions.filter_IPTE;  CLICA NO FILTRO PERSONALIZAR
16-10-2023 17:50:40.314Z;functions.check_table_record;  APERTA NÃO
16-10-2023 17:50:41.572Z;functions.check_table_record;  ABRE A NOTA
16-10-2023 17:50:47.929Z;functions.waitForImage;  INTEGRAÇÃO BANCÁRIA image found.
16-10-2023 17:50:50.037Z;functions.check_payment_type;  CLICA EM INTEGRAÇÃO BANCÁRIA
16-10-2023 17:50:52.162Z;functions.waitForImage;  BOLETO image found.
16-10-2023 17:50:54.275Z;functions.check_payment_type;  CLICA NO BOLETO
16-10-2023 17:50:56.418Z;functions.waitForImage;  PRESS BUTTON OK image found.
16-10-2023 17:50:58.420Z;functions.check_payment_type;  FORMA DE PAGAMENTO BOLETO - OK
16-10-2023 17:51:00.523Z;functions.waitForImage;  PRESS BUTTON OK image found.
16-10-2023 17:51:02.639Z;functions.check_payment_type;  PRESS BUTTON OK
16-10-2023 17:51:04.789Z;functions.waitForImage;  PRESS BUTTON OK 2 image found.
16-10-2023 17:51:06.903Z;functions.check_payment_type;  PRESS BUTTON OK 2
16-10-2023 17:51:15.010Z;functions.check_table_record;  PRESS BUTTON DOWN
16-10-2023 17:51:17.117Z;functions.check_table_record;  ENTRANDO NO PRÓXIMO BOLETO
16-10-2023 17:51:24.215Z;functions.waitForImage;  INTEGRAÇÃO BANCÁRIA image found.
16-10-2023 17:51:26.341Z;functions.check_payment_type;  CLICA EM INTEGRAÇÃO BANCÁRIA
16-10-2023 17:51:28.464Z;functions.waitForImage;  BOLETO image found.
16-10-2023 17:51:30.583Z;functions.check_payment_type;  CLICA NO BOLETO
16-10-2023 17:51:32.668Z;functions.waitForImage;  PRESS BUTTON OK image found.
16-10-2023 17:51:34.670Z;functions.check_payment_type;  FORMA DE PAGAMENTO BOLETO - OK
16-10-2023 17:51:36.780Z;functions.waitForImage;  PRESS BUTTON OK image found.
16-10-2023 17:51:38.895Z;functions.check_payment_type;  PRESS BUTTON OK
16-10-2023 17:51:41.010Z;functions.waitForImage;  PRESS BUTTON OK 2 image found.
16-10-2023 17:51:43.133Z;functions.check_payment_type;  PRESS BUTTON OK 2
16-10-2023 17:51:51.241Z;functions.check_table_record;  PRESS BUTTON DOWN
16-10-2023 17:51:53.348Z;functions.check_table_record;  ENTRANDO NO PRÓXIMO BOLETO
16-10-2023 17:52:00.463Z;functions.waitForImage;  INTEGRAÇÃO BANCÁRIA image found.
16-10-2023 17:52:02.570Z;functions.check_payment_type;  CLICA EM INTEGRAÇÃO BANCÁRIA
16-10-2023 17:52:04.660Z;functions.waitForImage;  BOLETO image found.
16-10-2023 17:52:06.785Z;functions.check_payment_type;  CLICA NO BOLETO
16-10-2023 17:52:08.924Z;functions.waitForImage;  PRESS BUTTON OK image found.
16-10-2023 17:52:10.927Z;functions.check_payment_type;  FORMA DE PAGAMENTO BOLETO - OK
16-10-2023 17:52:13.047Z;functions.waitForImage;  PRESS BUTTON OK image found.
16-10-2023 17:52:15.154Z;functions.check_payment_type;  PRESS BUTTON OK
16-10-2023 17:52:17.285Z;functions.waitForImage;  PRESS BUTTON OK 2 image found.
16-10-2023 17:52:19.403Z;functions.check_payment_type;  PRESS BUTTON OK 2
16-10-2023 17:52:27.513Z;functions.check_table_record;  PRESS BUTTON DOWN
16-10-2023 17:52:29.621Z;functions.check_table_record;  ENTRANDO NO PRÓXIMO BOLETO
16-10-2023 17:52:36.706Z;functions.waitForImage;  INTEGRAÇÃO BANCÁRIA image found.
16-10-2023 17:52:38.837Z;functions.check_payment_type;  CLICA EM INTEGRAÇÃO BANCÁRIA
16-10-2023 17:52:40.959Z;functions.waitForImage;  BOLETO image found.
16-10-2023 17:52:43.078Z;functions.check_payment_type;  CLICA NO BOLETO
16-10-2023 17:52:45.183Z;functions.waitForImage;  PRESS BUTTON OK image found.
16-10-2023 17:52:47.184Z;functions.check_payment_type;  FORMA DE PAGAMENTO BOLETO - OK
16-10-2023 17:52:49.283Z;functions.waitForImage;  PRESS BUTTON OK image found.
16-10-2023 17:52:51.412Z;functions.check_payment_type;  PRESS BUTTON OK
16-10-2023 17:52:53.562Z;functions.waitForImage;  PRESS BUTTON OK 2 image found.
16-10-2023 17:52:55.677Z;functions.check_payment_type;  PRESS BUTTON OK 2
16-10-2023 17:53:03.784Z;functions.check_table_record;  PRESS BUTTON DOWN
16-10-2023 17:53:05.890Z;functions.check_table_record;  ENTRANDO NO PRÓXIMO BOLETO
16-10-2023 17:53:13.036Z;functions.waitForImage;  INTEGRAÇÃO BANCÁRIA image found.
16-10-2023 17:53:15.153Z;functions.check_payment_type;  CLICA EM INTEGRAÇÃO BANCÁRIA
16-10-2023 17:53:17.287Z;functions.waitForImage;  BOLETO image found.
16-10-2023 17:53:19.403Z;functions.check_payment_type;  CLICA NO BOLETO
16-10-2023 17:53:21.533Z;functions.waitForImage;  PRESS BUTTON OK image found.
16-10-2023 17:53:23.535Z;functions.check_payment_type;  FORMA DE PAGAMENTO BOLETO - OK
16-10-2023 17:53:25.670Z;functions.waitForImage;  PRESS BUTTON OK image found.
16-10-2023 17:53:27.790Z;functions.check_payment_type;  PRESS BUTTON OK
16-10-2023 17:53:29.906Z;functions.waitForImage;  PRESS BUTTON OK 2 image found.
16-10-2023 17:53:32.024Z;functions.check_payment_type;  PRESS BUTTON OK 2
16-10-2023 17:53:40.133Z;functions.check_table_record;  PRESS BUTTON DOWN
16-10-2023 17:53:42.239Z;functions.check_table_record;  ENTRANDO NO PRÓXIMO BOLETO
16-10-2023 17:53:49.374Z;functions.waitForImage;  INTEGRAÇÃO BANCÁRIA image found.
16-10-2023 17:53:51.484Z;functions.check_payment_type;  CLICA EM INTEGRAÇÃO BANCÁRIA
16-10-2023 17:53:53.620Z;functions.waitForImage;  BOLETO image found.
16-10-2023 17:53:55.732Z;functions.check_payment_type;  CLICA NO BOLETO
16-10-2023 17:53:57.850Z;functions.waitForImage;  PRESS BUTTON OK image found.
16-10-2023 17:53:59.852Z;functions.check_payment_type;  FORMA DE PAGAMENTO BOLETO - OK
16-10-2023 17:54:01.973Z;functions.waitForImage;  PRESS BUTTON OK image found.
16-10-2023 17:54:04.078Z;functions.check_payment_type;  PRESS BUTTON OK
16-10-2023 17:54:06.218Z;functions.waitForImage;  PRESS BUTTON OK 2 image found.
16-10-2023 17:54:08.336Z;functions.check_payment_type;  PRESS BUTTON OK 2
16-10-2023 17:54:16.446Z;functions.check_table_record;  PRESS BUTTON DOWN
16-10-2023 17:54:18.552Z;functions.check_table_record;  ENTRANDO NO PRÓXIMO BOLETO
16-10-2023 17:54:25.689Z;functions.waitForImage;  INTEGRAÇÃO BANCÁRIA image found.
16-10-2023 17:54:27.798Z;functions.check_payment_type;  CLICA EM INTEGRAÇÃO BANCÁRIA
16-10-2023 17:54:29.929Z;functions.waitForImage;  BOLETO image found.
16-10-2023 17:54:32.045Z;functions.check_payment_type;  CLICA NO BOLETO
16-10-2023 17:54:34.163Z;functions.waitForImage;  PRESS BUTTON OK image found.
16-10-2023 17:54:36.164Z;functions.check_payment_type;  FORMA DE PAGAMENTO BOLETO - OK
16-10-2023 17:54:38.291Z;functions.waitForImage;  PRESS BUTTON OK image found.
16-10-2023 17:54:40.404Z;functions.check_payment_type;  PRESS BUTTON OK
16-10-2023 17:54:42.505Z;functions.waitForImage;  PRESS BUTTON OK 2 image found.
16-10-2023 17:54:44.640Z;functions.check_payment_type;  PRESS BUTTON OK 2
16-10-2023 17:54:52.746Z;functions.check_table_record;  PRESS BUTTON DOWN
16-10-2023 17:54:54.853Z;functions.check_table_record;  ENTRANDO NO PRÓXIMO BOLETO
16-10-2023 17:55:01.967Z;functions.waitForImage;  INTEGRAÇÃO BANCÁRIA image found.
16-10-2023 17:55:04.089Z;functions.check_payment_type;  CLICA EM INTEGRAÇÃO BANCÁRIA
16-10-2023 17:55:06.241Z;functions.waitForImage;  BOLETO image found.
16-10-2023 17:55:08.368Z;functions.check_payment_type;  CLICA NO BOLETO
16-10-2023 17:55:10.486Z;functions.waitForImage;  PRESS BUTTON OK image found.
16-10-2023 17:55:12.488Z;functions.check_payment_type;  FORMA DE PAGAMENTO BOLETO - OK
16-10-2023 17:55:14.587Z;functions.waitForImage;  PRESS BUTTON OK image found.
16-10-2023 17:55:16.693Z;functions.check_payment_type;  PRESS BUTTON OK
16-10-2023 17:55:18.812Z;functions.waitForImage;  PRESS BUTTON OK 2 image found.
16-10-2023 17:55:20.923Z;functions.check_payment_type;  PRESS BUTTON OK 2
16-10-2023 17:55:29.032Z;functions.check_table_record;  PRESS BUTTON DOWN
16-10-2023 17:55:31.139Z;functions.check_table_record;  ENTRANDO NO PRÓXIMO BOLETO
16-10-2023 17:55:38.238Z;functions.waitForImage;  INTEGRAÇÃO BANCÁRIA image found.
16-10-2023 17:55:40.359Z;functions.check_payment_type;  CLICA EM INTEGRAÇÃO BANCÁRIA
16-10-2023 17:55:42.470Z;functions.waitForImage;  BOLETO image found.
16-10-2023 17:55:44.582Z;functions.check_payment_type;  CLICA NO BOLETO
16-10-2023 17:55:46.668Z;functions.waitForImage;  PRESS BUTTON OK image found.
16-10-2023 17:55:48.669Z;functions.check_payment_type;  FORMA DE PAGAMENTO BOLETO - OK
16-10-2023 17:55:50.761Z;functions.waitForImage;  PRESS BUTTON OK image found.
16-10-2023 17:55:52.885Z;functions.check_payment_type;  PRESS BUTTON OK
16-10-2023 17:55:54.995Z;functions.waitForImage;  PRESS BUTTON OK 2 image found.
16-10-2023 17:55:57.134Z;functions.check_payment_type;  PRESS BUTTON OK 2
16-10-2023 17:56:05.242Z;functions.check_table_record;  PRESS BUTTON DOWN
16-10-2023 17:56:07.351Z;functions.check_table_record;  ENTRANDO NO PRÓXIMO BOLETO
16-10-2023 17:56:14.466Z;functions.waitForImage;  INTEGRAÇÃO BANCÁRIA image found.
16-10-2023 17:56:16.591Z;functions.check_payment_type;  CLICA EM INTEGRAÇÃO BANCÁRIA
16-10-2023 17:56:18.697Z;functions.waitForImage;  BOLETO image found.
16-10-2023 17:56:20.804Z;functions.check_payment_type;  CLICA NO BOLETO
16-10-2023 17:56:22.923Z;functions.waitForImage;  PRESS BUTTON OK image found.
16-10-2023 17:56:24.924Z;functions.check_payment_type;  FORMA DE PAGAMENTO BOLETO - OK
16-10-2023 17:56:27.014Z;functions.waitForImage;  PRESS BUTTON OK image found.
16-10-2023 17:56:29.128Z;functions.check_payment_type;  PRESS BUTTON OK
16-10-2023 17:56:31.281Z;functions.waitForImage;  PRESS BUTTON OK 2 image found.
16-10-2023 17:56:33.395Z;functions.check_payment_type;  PRESS BUTTON OK 2
16-10-2023 17:56:39.580Z;functions.process_lancamentos;  SELECIONA TODOS OS LANÇAMENTOS PARA SEREM PROCESSADOS
16-10-2023 17:56:44.578Z;functions.process_lancamentos;  CLICA PARA APARECER CONTA/CAIXA
16-10-2023 17:56:45.806Z;functions.process_lancamentos;  SELECIONA CONTA/CAIXA
16-10-2023 17:56:46.786Z;functions.process_lancamentos;  CLICA NO BOTÃO [...]
16-10-2023 17:56:48.895Z;functions.process_lancamentos;  CLICA NO CAMPO PESQUISA E DIGITA: %3212
16-10-2023 17:56:50.027Z;functions.process_lancamentos;  CLICA NO BOTÃO DO FILTRO
16-10-2023 17:56:51.115Z;functions.process_lancamentos;  CLICA NO BOTÃO OK
16-10-2023 17:56:52.447Z;functions.process_lancamentos;  CLICA NO BOTÃO EXECUTAR
16-10-2023 17:57:09.427Z;functions.process_lancamentos;  EXECUÇÃO FINALIZADA
16-10-2023 17:57:09.532Z;functions.waitForImage;  PRESS BUTTON OK image found.
16-10-2023 17:57:11.533Z;functions.process_lancamentos;  O PROCESSAMENTO FOI EXECUTADO COM SUCESSO.
16-10-2023 17:57:14.500Z;functions.process_lancamentos;  CLICK EM FECHAR.
16-10-2023 17:58:23.727Z;functions.show_exception_and_exit;  'NoneType' object has no attribute 'click'
Traceback (most recent call last):
  File "c:\projetos\remessas\main.py", line 22, in <module>
    proccess_bordero()
  File "c:\projetos\remessas\SUBPROGRAMS\functions.py", line 492, in proccess_bordero
    menuitem_bordero.click()
    ^^^^^^^^^^^^^^^^^^^^^^
AttributeError: 'NoneType' object has no attribute 'click'
