22-09-2023 13:22:01.982Z;functions.bot_text_art;      __     
22-09-2023 13:22:01.982Z;functions.bot_text_art;     [____]    
22-09-2023 13:22:01.983Z;functions.bot_text_art;   |=]()()[=|  
22-09-2023 13:22:01.983Z;functions.bot_text_art;     _\==/__    _____    ____              _____    ___   _  __
22-09-2023 13:22:01.984Z;functions.bot_text_art;   |__|   |_|  |  _  \  / ___|   | |      |_   _| / ___| | |/ /
22-09-2023 13:22:01.984Z;functions.bot_text_art;   |_|_/\_|_|  | |  | | | |      | |        | |   | |    | ' / 
22-09-2023 13:22:01.984Z;functions.bot_text_art;   | | __ | |  | |  | | | |      | |        | |   | |    |  <  
22-09-2023 13:22:01.985Z;functions.bot_text_art;   |_|[  ]|_|  | |__| | | |____  | |____   _| |_  | |__  | . \ 
22-09-2023 13:22:01.986Z;functions.bot_text_art;   \_|_||_|_/  |_____/   \_____| |______| |_____| \ ___| |_|\_\
22-09-2023 13:22:01.986Z;functions.bot_text_art;     |_||_|                                                     
22-09-2023 13:22:01.987Z;functions.bot_text_art;     | ||_|_   
22-09-2023 13:22:01.987Z;functions.bot_text_art;   |___||___|  
22-09-2023 13:22:01.988Z;functions.bot_text_art;               
22-09-2023 13:22:01.993Z;functions.open_RM;  OPEN PROGRAM RM
22-09-2023 13:22:10.540Z;functions.loggin_RM;  ENTER USER_NAME
22-09-2023 13:22:11.790Z;functions.loggin_RM;  ENTER PASSWORD
22-09-2023 13:22:12.743Z;functions.loggin_RM;  ENTER RM
22-09-2023 13:22:35.457Z;functions.enter_contas_a_pagar;  CLICK - TOTVS - LINHA RM
22-09-2023 13:22:39.782Z;functions.enter_contas_a_pagar;  CLICK - BACK OFFICE
22-09-2023 13:22:42.443Z;functions.enter_contas_a_pagar;  CLICK - GESTAO FINANCEIRA
22-09-2023 13:22:46.086Z;functions.enter_contas_a_pagar;  CLICK - CONTAS A PAGAR
22-09-2023 13:23:27.154Z;functions.enter_contas_a_pagar;  CLICK - LANCAMENTOS
22-09-2023 13:23:27.159Z;functions.data_filter;  CLICK - SELECIONA A DATA DE QUARTA FEIRA E DA PROXIMA TERÇA
22-09-2023 13:23:27.160Z;functions.data_filter;  QUARTA-FEIRA: 20-09-2023
22-09-2023 13:23:27.161Z;functions.data_filter;  TERCA-FEIRA: 26-09-2023
22-09-2023 13:23:34.236Z;functions.data_filter;  CLICK - SELECIONA FILTRO
22-09-2023 13:23:35.569Z;functions.data_filter;  CLICK - BUTÃO DE SELECAO DE FILTRO
22-09-2023 13:23:37.898Z;functions.data_filter;  INSERE - DATA DE QUARTA-FEIRA: 20-09-2023
22-09-2023 13:23:39.644Z;functions.data_filter;  INSERE - DATA DA PROX TERCA-FEIRA: 26-09-2023
22-09-2023 13:23:40.619Z;functions.data_filter;  CLICK - BUTÃO DE EXECUTAR O FILTRO
22-09-2023 13:23:45.632Z;functions.select_tipo_documento;  NOME DA COLUNA: Número do Documento
