22-09-2023 13:20:29.955Z;functions.bot_text_art;      __     
22-09-2023 13:20:29.955Z;functions.bot_text_art;     [____]    
22-09-2023 13:20:29.955Z;functions.bot_text_art;   |=]()()[=|  
22-09-2023 13:20:29.955Z;functions.bot_text_art;     _\==/__    _____    ____              _____    ___   _  __
22-09-2023 13:20:29.955Z;functions.bot_text_art;   |__|   |_|  |  _  \  / ___|   | |      |_   _| / ___| | |/ /
22-09-2023 13:20:29.956Z;functions.bot_text_art;   |_|_/\_|_|  | |  | | | |      | |        | |   | |    | ' / 
22-09-2023 13:20:29.956Z;functions.bot_text_art;   | | __ | |  | |  | | | |      | |        | |   | |    |  <  
22-09-2023 13:20:29.956Z;functions.bot_text_art;   |_|[  ]|_|  | |__| | | |____  | |____   _| |_  | |__  | . \ 
22-09-2023 13:20:29.958Z;functions.bot_text_art;   \_|_||_|_/  |_____/   \_____| |______| |_____| \ ___| |_|\_\
22-09-2023 13:20:29.958Z;functions.bot_text_art;     |_||_|                                                     
22-09-2023 13:20:29.959Z;functions.bot_text_art;     | ||_|_   
22-09-2023 13:20:29.959Z;functions.bot_text_art;   |___||___|  
22-09-2023 13:20:29.960Z;functions.bot_text_art;               
22-09-2023 13:20:29.966Z;functions.open_RM;  OPEN PROGRAM RM
22-09-2023 13:20:38.474Z;functions.loggin_RM;  ENTER USER_NAME
22-09-2023 13:20:39.628Z;functions.loggin_RM;  ENTER PASSWORD
22-09-2023 13:20:40.640Z;functions.loggin_RM;  ENTER RM
22-09-2023 13:21:03.246Z;functions.enter_contas_a_pagar;  CLICK - TOTVS - LINHA RM
22-09-2023 13:21:07.502Z;functions.enter_contas_a_pagar;  CLICK - BACK OFFICE
22-09-2023 13:21:10.157Z;functions.enter_contas_a_pagar;  CLICK - GESTAO FINANCEIRA
22-09-2023 13:21:13.346Z;functions.enter_contas_a_pagar;  CLICK - CONTAS A PAGAR
