22-09-2023 14:25:22.000Z;functions.bot_text_art;      __     
22-09-2023 14:25:22.001Z;functions.bot_text_art;     [____]    
22-09-2023 14:25:22.001Z;functions.bot_text_art;   |=]()()[=|  
22-09-2023 14:25:22.002Z;functions.bot_text_art;     _\==/__    _____    ____              _____    ___   _  __
22-09-2023 14:25:22.002Z;functions.bot_text_art;   |__|   |_|  |  _  \  / ___|   | |      |_   _| / ___| | |/ /
22-09-2023 14:25:22.002Z;functions.bot_text_art;   |_|_/\_|_|  | |  | | | |      | |        | |   | |    | ' / 
22-09-2023 14:25:22.002Z;functions.bot_text_art;   | | __ | |  | |  | | | |      | |        | |   | |    |  <  
22-09-2023 14:25:22.003Z;functions.bot_text_art;   |_|[  ]|_|  | |__| | | |____  | |____   _| |_  | |__  | . \ 
22-09-2023 14:25:22.004Z;functions.bot_text_art;   \_|_||_|_/  |_____/   \_____| |______| |_____| \ ___| |_|\_\
22-09-2023 14:25:22.005Z;functions.bot_text_art;     |_||_|                                                     
22-09-2023 14:25:22.005Z;functions.bot_text_art;     | ||_|_   
22-09-2023 14:25:22.006Z;functions.bot_text_art;   |___||___|  
22-09-2023 14:25:22.006Z;functions.bot_text_art;               
22-09-2023 14:25:22.012Z;functions.open_RM;  OPEN PROGRAM RM
22-09-2023 14:25:30.409Z;functions.loggin_RM;  ENTER USER_NAME
22-09-2023 14:25:31.578Z;functions.loggin_RM;  ENTER PASSWORD
22-09-2023 14:25:32.546Z;functions.loggin_RM;  ENTER RM
22-09-2023 14:25:55.152Z;functions.enter_contas_a_pagar;  CLICK - TOTVS - LINHA RM
22-09-2023 14:25:59.464Z;functions.enter_contas_a_pagar;  CLICK - BACK OFFICE
22-09-2023 14:26:02.156Z;functions.enter_contas_a_pagar;  CLICK - GESTAO FINANCEIRA
22-09-2023 14:26:05.776Z;functions.enter_contas_a_pagar;  CLICK - CONTAS A PAGAR
22-09-2023 14:26:46.820Z;functions.enter_contas_a_pagar;  CLICK - LANCAMENTOS
22-09-2023 14:26:46.822Z;functions.data_filter;  CLICK - SELECIONA A DATA DE QUARTA FEIRA E DA PROXIMA TERÇA
22-09-2023 14:26:46.823Z;functions.data_filter;  QUARTA-FEIRA: 20-09-2023
22-09-2023 14:26:46.824Z;functions.data_filter;  TERCA-FEIRA: 26-09-2023
22-09-2023 14:27:03.074Z;functions.show_exception_and_exit;  'NoneType' object has no attribute 'click'
Traceback (most recent call last):
  File "c:\projetos\remessas\main.py", line 18, in <module>
    data_filter()
  File "c:\projetos\remessas\SUBPROGRAMS\functions.py", line 120, in data_filter
    select_filter.click()
    ^^^^^^^^^^^^^^^^^^^
AttributeError: 'NoneType' object has no attribute 'click'
