22-09-2023 14:38:07.077Z;functions.bot_text_art;      __     
22-09-2023 14:38:07.078Z;functions.bot_text_art;     [____]    
22-09-2023 14:38:07.079Z;functions.bot_text_art;   |=]()()[=|  
22-09-2023 14:38:07.080Z;functions.bot_text_art;     _\==/__    _____    ____              _____    ___   _  __
22-09-2023 14:38:07.081Z;functions.bot_text_art;   |__|   |_|  |  _  \  / ___|   | |      |_   _| / ___| | |/ /
22-09-2023 14:38:07.082Z;functions.bot_text_art;   |_|_/\_|_|  | |  | | | |      | |        | |   | |    | ' / 
22-09-2023 14:38:07.083Z;functions.bot_text_art;   | | __ | |  | |  | | | |      | |        | |   | |    |  <  
22-09-2023 14:38:07.084Z;functions.bot_text_art;   |_|[  ]|_|  | |__| | | |____  | |____   _| |_  | |__  | . \ 
22-09-2023 14:38:07.085Z;functions.bot_text_art;   \_|_||_|_/  |_____/   \_____| |______| |_____| \ ___| |_|\_\
22-09-2023 14:38:07.086Z;functions.bot_text_art;     |_||_|                                                     
22-09-2023 14:38:07.088Z;functions.bot_text_art;     | ||_|_   
22-09-2023 14:38:07.089Z;functions.bot_text_art;   |___||___|  
22-09-2023 14:38:07.091Z;functions.bot_text_art;               
22-09-2023 14:38:07.102Z;functions.open_RM;  OPEN PROGRAM RM
22-09-2023 14:38:15.802Z;functions.loggin_RM;  ENTER USER_NAME
22-09-2023 14:38:17.038Z;functions.loggin_RM;  ENTER PASSWORD
22-09-2023 14:38:18.050Z;functions.loggin_RM;  ENTER RM
22-09-2023 14:38:40.403Z;functions.enter_contas_a_pagar;  CLICK - TOTVS - LINHA RM
22-09-2023 14:38:44.694Z;functions.enter_contas_a_pagar;  CLICK - BACK OFFICE
22-09-2023 14:38:47.480Z;functions.enter_contas_a_pagar;  CLICK - GESTAO FINANCEIRA
22-09-2023 14:38:51.007Z;functions.enter_contas_a_pagar;  CLICK - CONTAS A PAGAR
22-09-2023 14:39:32.096Z;functions.enter_contas_a_pagar;  CLICK - LANCAMENTOS
