22-09-2023 14:47:48.215Z;functions.bot_text_art;      __     
22-09-2023 14:47:48.215Z;functions.bot_text_art;     [____]    
22-09-2023 14:47:48.216Z;functions.bot_text_art;   |=]()()[=|  
22-09-2023 14:47:48.216Z;functions.bot_text_art;     _\==/__    _____    ____              _____    ___   _  __
22-09-2023 14:47:48.216Z;functions.bot_text_art;   |__|   |_|  |  _  \  / ___|   | |      |_   _| / ___| | |/ /
22-09-2023 14:47:48.216Z;functions.bot_text_art;   |_|_/\_|_|  | |  | | | |      | |        | |   | |    | ' / 
22-09-2023 14:47:48.217Z;functions.bot_text_art;   | | __ | |  | |  | | | |      | |        | |   | |    |  <  
22-09-2023 14:47:48.218Z;functions.bot_text_art;   |_|[  ]|_|  | |__| | | |____  | |____   _| |_  | |__  | . \ 
22-09-2023 14:47:48.218Z;functions.bot_text_art;   \_|_||_|_/  |_____/   \_____| |______| |_____| \ ___| |_|\_\
22-09-2023 14:47:48.219Z;functions.bot_text_art;     |_||_|                                                     
22-09-2023 14:47:48.219Z;functions.bot_text_art;     | ||_|_   
22-09-2023 14:47:48.220Z;functions.bot_text_art;   |___||___|  
22-09-2023 14:47:48.220Z;functions.bot_text_art;               
22-09-2023 14:47:48.483Z;functions.open_RM;  OPEN PROGRAM RM
22-09-2023 14:47:59.956Z;functions.loggin_RM;  ENTER USER_NAME
22-09-2023 14:48:00.907Z;functions.loggin_RM;  ENTER PASSWORD
22-09-2023 14:48:01.762Z;functions.loggin_RM;  ENTER RM
22-09-2023 14:48:37.140Z;functions.enter_contas_a_pagar;  CLICK - TOTVS - LINHA RM
22-09-2023 14:48:41.341Z;functions.enter_contas_a_pagar;  CLICK - BACK OFFICE
22-09-2023 14:48:43.986Z;functions.enter_contas_a_pagar;  CLICK - GESTAO FINANCEIRA
22-09-2023 14:48:47.275Z;functions.enter_contas_a_pagar;  CLICK - CONTAS A PAGAR
22-09-2023 14:49:28.332Z;functions.enter_contas_a_pagar;  CLICK - LANCAMENTOS
