22-09-2023 14:41:14.162Z;functions.bot_text_art;      __     
22-09-2023 14:41:14.163Z;functions.bot_text_art;     [____]    
22-09-2023 14:41:14.164Z;functions.bot_text_art;   |=]()()[=|  
22-09-2023 14:41:14.164Z;functions.bot_text_art;     _\==/__    _____    ____              _____    ___   _  __
22-09-2023 14:41:14.164Z;functions.bot_text_art;   |__|   |_|  |  _  \  / ___|   | |      |_   _| / ___| | |/ /
22-09-2023 14:41:14.165Z;functions.bot_text_art;   |_|_/\_|_|  | |  | | | |      | |        | |   | |    | ' / 
22-09-2023 14:41:14.165Z;functions.bot_text_art;   | | __ | |  | |  | | | |      | |        | |   | |    |  <  
22-09-2023 14:41:14.166Z;functions.bot_text_art;   |_|[  ]|_|  | |__| | | |____  | |____   _| |_  | |__  | . \ 
22-09-2023 14:41:14.167Z;functions.bot_text_art;   \_|_||_|_/  |_____/   \_____| |______| |_____| \ ___| |_|\_\
22-09-2023 14:41:14.168Z;functions.bot_text_art;     |_||_|                                                     
22-09-2023 14:41:14.168Z;functions.bot_text_art;     | ||_|_   
22-09-2023 14:41:14.169Z;functions.bot_text_art;   |___||___|  
22-09-2023 14:41:14.169Z;functions.bot_text_art;               
22-09-2023 14:41:14.177Z;functions.open_RM;  OPEN PROGRAM RM
22-09-2023 14:41:22.651Z;functions.loggin_RM;  ENTER USER_NAME
22-09-2023 14:41:23.806Z;functions.loggin_RM;  ENTER PASSWORD
22-09-2023 14:41:24.737Z;functions.loggin_RM;  ENTER RM
22-09-2023 14:41:47.653Z;functions.enter_contas_a_pagar;  CLICK - TOTVS - LINHA RM
22-09-2023 14:41:52.073Z;functions.enter_contas_a_pagar;  CLICK - BACK OFFICE
22-09-2023 14:41:54.720Z;functions.enter_contas_a_pagar;  CLICK - GESTAO FINANCEIRA
22-09-2023 14:41:58.263Z;functions.enter_contas_a_pagar;  CLICK - CONTAS A PAGAR
22-09-2023 14:42:39.317Z;functions.enter_contas_a_pagar;  CLICK - LANCAMENTOS
