22-09-2023 14:52:23.247Z;functions.bot_text_art;      __     
22-09-2023 14:52:23.248Z;functions.bot_text_art;     [____]    
22-09-2023 14:52:23.249Z;functions.bot_text_art;   |=]()()[=|  
22-09-2023 14:52:23.250Z;functions.bot_text_art;     _\==/__    _____    ____              _____    ___   _  __
22-09-2023 14:52:23.250Z;functions.bot_text_art;   |__|   |_|  |  _  \  / ___|   | |      |_   _| / ___| | |/ /
22-09-2023 14:52:23.251Z;functions.bot_text_art;   |_|_/\_|_|  | |  | | | |      | |        | |   | |    | ' / 
22-09-2023 14:52:23.251Z;functions.bot_text_art;   | | __ | |  | |  | | | |      | |        | |   | |    |  <  
22-09-2023 14:52:23.253Z;functions.bot_text_art;   |_|[  ]|_|  | |__| | | |____  | |____   _| |_  | |__  | . \ 
22-09-2023 14:52:23.255Z;functions.bot_text_art;   \_|_||_|_/  |_____/   \_____| |______| |_____| \ ___| |_|\_\
22-09-2023 14:52:23.257Z;functions.bot_text_art;     |_||_|                                                     
22-09-2023 14:52:23.258Z;functions.bot_text_art;     | ||_|_   
22-09-2023 14:52:23.259Z;functions.bot_text_art;   |___||___|  
22-09-2023 14:52:23.259Z;functions.bot_text_art;               
22-09-2023 14:52:23.272Z;functions.open_RM;  OPEN PROGRAM RM
22-09-2023 14:52:31.298Z;functions.loggin_RM;  ENTER USER_NAME
22-09-2023 14:52:32.336Z;functions.loggin_RM;  ENTER PASSWORD
22-09-2023 14:52:33.272Z;functions.loggin_RM;  ENTER RM
22-09-2023 14:52:56.320Z;functions.enter_contas_a_pagar;  CLICK - TOTVS - LINHA RM
22-09-2023 14:53:00.614Z;functions.enter_contas_a_pagar;  CLICK - BACK OFFICE
22-09-2023 14:53:03.204Z;functions.enter_contas_a_pagar;  CLICK - GESTAO FINANCEIRA
22-09-2023 14:53:06.870Z;functions.enter_contas_a_pagar;  CLICK - CONTAS A PAGAR
22-09-2023 14:53:47.831Z;functions.enter_contas_a_pagar;  CLICK - LANCAMENTOS
