22-09-2023 15:00:34.232Z;functions.bot_text_art;      __     
22-09-2023 15:00:34.233Z;functions.bot_text_art;     [____]    
22-09-2023 15:00:34.233Z;functions.bot_text_art;   |=]()()[=|  
22-09-2023 15:00:34.234Z;functions.bot_text_art;     _\==/__    _____    ____              _____    ___   _  __
22-09-2023 15:00:34.234Z;functions.bot_text_art;   |__|   |_|  |  _  \  / ___|   | |      |_   _| / ___| | |/ /
22-09-2023 15:00:34.235Z;functions.bot_text_art;   |_|_/\_|_|  | |  | | | |      | |        | |   | |    | ' / 
22-09-2023 15:00:34.235Z;functions.bot_text_art;   | | __ | |  | |  | | | |      | |        | |   | |    |  <  
22-09-2023 15:00:34.236Z;functions.bot_text_art;   |_|[  ]|_|  | |__| | | |____  | |____   _| |_  | |__  | . \ 
22-09-2023 15:00:34.238Z;functions.bot_text_art;   \_|_||_|_/  |_____/   \_____| |______| |_____| \ ___| |_|\_\
22-09-2023 15:00:34.239Z;functions.bot_text_art;     |_||_|                                                     
22-09-2023 15:00:34.240Z;functions.bot_text_art;     | ||_|_   
22-09-2023 15:00:34.241Z;functions.bot_text_art;   |___||___|  
22-09-2023 15:00:34.241Z;functions.bot_text_art;               
22-09-2023 15:00:34.252Z;functions.open_RM;  OPEN PROGRAM RM
22-09-2023 15:00:54.419Z;functions.loggin_RM;  ENTER USER_NAME
22-09-2023 15:00:55.458Z;functions.loggin_RM;  ENTER PASSWORD
22-09-2023 15:00:56.289Z;functions.loggin_RM;  ENTER RM
22-09-2023 15:01:18.530Z;functions.enter_contas_a_pagar;  CLICK - TOTVS - LINHA RM
22-09-2023 15:01:22.820Z;functions.enter_contas_a_pagar;  CLICK - BACK OFFICE
22-09-2023 15:01:25.500Z;functions.enter_contas_a_pagar;  CLICK - GESTAO FINANCEIRA
22-09-2023 15:01:28.921Z;functions.enter_contas_a_pagar;  CLICK - CONTAS A PAGAR
22-09-2023 15:02:10.045Z;functions.enter_contas_a_pagar;  CLICK - LANCAMENTOS
