22-09-2023 15:23:56.828Z;functions.bot_text_art;      __     
22-09-2023 15:23:56.829Z;functions.bot_text_art;     [____]    
22-09-2023 15:23:56.830Z;functions.bot_text_art;   |=]()()[=|  
22-09-2023 15:23:56.830Z;functions.bot_text_art;     _\==/__    _____    ____              _____    ___   _  __
22-09-2023 15:23:56.831Z;functions.bot_text_art;   |__|   |_|  |  _  \  / ___|   | |      |_   _| / ___| | |/ /
22-09-2023 15:23:56.832Z;functions.bot_text_art;   |_|_/\_|_|  | |  | | | |      | |        | |   | |    | ' / 
22-09-2023 15:23:56.832Z;functions.bot_text_art;   | | __ | |  | |  | | | |      | |        | |   | |    |  <  
22-09-2023 15:23:56.833Z;functions.bot_text_art;   |_|[  ]|_|  | |__| | | |____  | |____   _| |_  | |__  | . \ 
22-09-2023 15:23:56.834Z;functions.bot_text_art;   \_|_||_|_/  |_____/   \_____| |______| |_____| \ ___| |_|\_\
22-09-2023 15:23:56.835Z;functions.bot_text_art;     |_||_|                                                     
22-09-2023 15:23:56.836Z;functions.bot_text_art;     | ||_|_   
22-09-2023 15:23:56.836Z;functions.bot_text_art;   |___||___|  
22-09-2023 15:23:56.836Z;functions.bot_text_art;               
22-09-2023 15:23:56.843Z;functions.open_RM;  OPEN PROGRAM RM
22-09-2023 15:24:05.123Z;functions.loggin_RM;  ENTER USER_NAME
22-09-2023 15:24:06.225Z;functions.loggin_RM;  ENTER PASSWORD
22-09-2023 15:24:07.206Z;functions.loggin_RM;  ENTER RM
22-09-2023 15:24:29.290Z;functions.enter_contas_a_pagar;  CLICK - TOTVS - LINHA RM
22-09-2023 15:24:33.844Z;functions.enter_contas_a_pagar;  CLICK - BACK OFFICE
22-09-2023 15:24:36.541Z;functions.enter_contas_a_pagar;  CLICK - GESTAO FINANCEIRA
22-09-2023 15:24:40.000Z;functions.enter_contas_a_pagar;  CLICK - CONTAS A PAGAR
22-09-2023 15:24:41.508Z;functions.enter_contas_a_pagar;  CLICK - LANCAMENTOS
22-09-2023 15:24:41.511Z;functions.data_filter;  CLICK - SELECIONA A DATA DE QUARTA FEIRA E DA PROXIMA TERÇA
22-09-2023 15:24:41.512Z;functions.data_filter;  QUARTA-FEIRA: 20-09-2023
22-09-2023 15:24:41.512Z;functions.data_filter;  TERCA-FEIRA: 26-09-2023
22-09-2023 15:24:57.494Z;functions.show_exception_and_exit;  'NoneType' object has no attribute 'click'
Traceback (most recent call last):
  File "c:\projetos\remessas\main.py", line 17, in <module>
    data_filter()
  File "c:\projetos\remessas\SUBPROGRAMS\functions.py", line 121, in data_filter
    select_filter.click()
    ^^^^^^^^^^^^^^^^^^^
AttributeError: 'NoneType' object has no attribute 'click'
