22-09-2023 15:26:38.476Z;functions.bot_text_art;      __     
22-09-2023 15:26:38.477Z;functions.bot_text_art;     [____]    
22-09-2023 15:26:38.477Z;functions.bot_text_art;   |=]()()[=|  
22-09-2023 15:26:38.478Z;functions.bot_text_art;     _\==/__    _____    ____              _____    ___   _  __
22-09-2023 15:26:38.478Z;functions.bot_text_art;   |__|   |_|  |  _  \  / ___|   | |      |_   _| / ___| | |/ /
22-09-2023 15:26:38.478Z;functions.bot_text_art;   |_|_/\_|_|  | |  | | | |      | |        | |   | |    | ' / 
22-09-2023 15:26:38.479Z;functions.bot_text_art;   | | __ | |  | |  | | | |      | |        | |   | |    |  <  
22-09-2023 15:26:38.480Z;functions.bot_text_art;   |_|[  ]|_|  | |__| | | |____  | |____   _| |_  | |__  | . \ 
22-09-2023 15:26:38.482Z;functions.bot_text_art;   \_|_||_|_/  |_____/   \_____| |______| |_____| \ ___| |_|\_\
22-09-2023 15:26:38.482Z;functions.bot_text_art;     |_||_|                                                     
22-09-2023 15:26:38.483Z;functions.bot_text_art;     | ||_|_   
22-09-2023 15:26:38.483Z;functions.bot_text_art;   |___||___|  
22-09-2023 15:26:38.484Z;functions.bot_text_art;               
22-09-2023 15:26:38.493Z;functions.open_RM;  OPEN PROGRAM RM
22-09-2023 15:26:46.701Z;functions.loggin_RM;  ENTER USER_NAME
22-09-2023 15:26:47.886Z;functions.loggin_RM;  ENTER PASSWORD
22-09-2023 15:26:48.753Z;functions.loggin_RM;  ENTER RM
22-09-2023 15:27:11.859Z;functions.enter_contas_a_pagar;  CLICK - TOTVS - LINHA RM
22-09-2023 15:27:16.193Z;functions.enter_contas_a_pagar;  CLICK - BACK OFFICE
22-09-2023 15:27:19.016Z;functions.enter_contas_a_pagar;  CLICK - GESTAO FINANCEIRA
22-09-2023 15:27:22.251Z;functions.enter_contas_a_pagar;  CLICK - CONTAS A PAGAR
22-09-2023 15:27:23.325Z;functions.enter_contas_a_pagar;  CLICK - LANCAMENTOS
22-09-2023 15:27:23.330Z;functions.data_filter;  CLICK - SELECIONA A DATA DE QUARTA FEIRA E DA PROXIMA TERÇA
22-09-2023 15:27:23.331Z;functions.data_filter;  QUARTA-FEIRA: 20-09-2023
22-09-2023 15:27:23.333Z;functions.data_filter;  TERCA-FEIRA: 26-09-2023
22-09-2023 15:27:29.758Z;functions.data_filter;  CLICK - SELECIONA FILTRO
22-09-2023 15:27:31.408Z;functions.data_filter;  CLICK - BUTÃO DE SELECAO DE FILTRO
22-09-2023 15:27:33.811Z;functions.data_filter;  INSERE - DATA DE QUARTA-FEIRA: 20-09-2023
22-09-2023 15:27:35.750Z;functions.data_filter;  INSERE - DATA DA PROX TERCA-FEIRA: 26-09-2023
22-09-2023 15:27:36.574Z;functions.data_filter;  CLICK - BUTÃO DE EXECUTAR O FILTRO
22-09-2023 15:27:41.869Z;functions.select_tipo_documento;  NOME DA COLUNA: Tipo de Documento
22-09-2023 15:27:43.465Z;functions.select_tipo_documento;  HOVER NOME DA COLUNA: Tipo de Documento
22-09-2023 15:27:43.592Z;functions.select_tipo_documento;  CLICA PARA APARECER O FILTRO PERSONALIZAR
22-09-2023 15:28:01.422Z;functions.show_exception_and_exit;  'NoneType' object has no attribute 'click'
Traceback (most recent call last):
  File "c:\projetos\remessas\main.py", line 18, in <module>
    select_tipo_documento()
  File "c:\projetos\remessas\SUBPROGRAMS\functions.py", line 156, in select_tipo_documento
    filter_personalizar.click()
    ^^^^^^^^^^^^^^^^^^^^^^^^^
AttributeError: 'NoneType' object has no attribute 'click'
