22-09-2023 15:21:31.606Z;functions.bot_text_art;      __     
22-09-2023 15:21:31.607Z;functions.bot_text_art;     [____]    
22-09-2023 15:21:31.607Z;functions.bot_text_art;   |=]()()[=|  
22-09-2023 15:21:31.608Z;functions.bot_text_art;     _\==/__    _____    ____              _____    ___   _  __
22-09-2023 15:21:31.608Z;functions.bot_text_art;   |__|   |_|  |  _  \  / ___|   | |      |_   _| / ___| | |/ /
22-09-2023 15:21:31.609Z;functions.bot_text_art;   |_|_/\_|_|  | |  | | | |      | |        | |   | |    | ' / 
22-09-2023 15:21:31.609Z;functions.bot_text_art;   | | __ | |  | |  | | | |      | |        | |   | |    |  <  
22-09-2023 15:21:31.610Z;functions.bot_text_art;   |_|[  ]|_|  | |__| | | |____  | |____   _| |_  | |__  | . \ 
22-09-2023 15:21:31.611Z;functions.bot_text_art;   \_|_||_|_/  |_____/   \_____| |______| |_____| \ ___| |_|\_\
22-09-2023 15:21:31.612Z;functions.bot_text_art;     |_||_|                                                     
22-09-2023 15:21:31.613Z;functions.bot_text_art;     | ||_|_   
22-09-2023 15:21:31.613Z;functions.bot_text_art;   |___||___|  
22-09-2023 15:21:31.614Z;functions.bot_text_art;               
22-09-2023 15:21:31.623Z;functions.open_RM;  OPEN PROGRAM RM
22-09-2023 15:21:54.377Z;functions.loggin_RM;  ENTER USER_NAME
22-09-2023 15:21:55.587Z;functions.loggin_RM;  ENTER PASSWORD
22-09-2023 15:21:56.573Z;functions.loggin_RM;  ENTER RM
22-09-2023 15:22:19.696Z;functions.enter_contas_a_pagar;  CLICK - TOTVS - LINHA RM
22-09-2023 15:22:23.957Z;functions.enter_contas_a_pagar;  CLICK - BACK OFFICE
22-09-2023 15:22:26.561Z;functions.enter_contas_a_pagar;  CLICK - GESTAO FINANCEIRA
22-09-2023 15:22:29.983Z;functions.enter_contas_a_pagar;  CLICK - CONTAS A PAGAR
22-09-2023 15:22:31.080Z;functions.enter_contas_a_pagar;  CLICK - LANCAMENTOS
