22-09-2023 15:38:03.854Z;functions.bot_text_art;      __     
22-09-2023 15:38:03.854Z;functions.bot_text_art;     [____]    
22-09-2023 15:38:03.855Z;functions.bot_text_art;   |=]()()[=|  
22-09-2023 15:38:03.855Z;functions.bot_text_art;     _\==/__    _____    ____              _____    ___   _  __
22-09-2023 15:38:03.856Z;functions.bot_text_art;   |__|   |_|  |  _  \  / ___|   | |      |_   _| / ___| | |/ /
22-09-2023 15:38:03.856Z;functions.bot_text_art;   |_|_/\_|_|  | |  | | | |      | |        | |   | |    | ' / 
22-09-2023 15:38:03.856Z;functions.bot_text_art;   | | __ | |  | |  | | | |      | |        | |   | |    |  <  
22-09-2023 15:38:03.857Z;functions.bot_text_art;   |_|[  ]|_|  | |__| | | |____  | |____   _| |_  | |__  | . \ 
22-09-2023 15:38:03.858Z;functions.bot_text_art;   \_|_||_|_/  |_____/   \_____| |______| |_____| \ ___| |_|\_\
22-09-2023 15:38:03.859Z;functions.bot_text_art;     |_||_|                                                     
22-09-2023 15:38:03.859Z;functions.bot_text_art;     | ||_|_   
22-09-2023 15:38:03.860Z;functions.bot_text_art;   |___||___|  
22-09-2023 15:38:03.860Z;functions.bot_text_art;               
22-09-2023 15:38:04.290Z;functions.open_RM;  OPEN PROGRAM RM
22-09-2023 15:38:16.609Z;functions.loggin_RM;  ENTER USER_NAME
22-09-2023 15:38:17.711Z;functions.loggin_RM;  ENTER PASSWORD
22-09-2023 15:38:18.803Z;functions.loggin_RM;  ENTER RM
22-09-2023 15:39:01.467Z;functions.enter_contas_a_pagar;  CLICK - TOTVS - LINHA RM
22-09-2023 15:39:05.935Z;functions.enter_contas_a_pagar;  CLICK - BACK OFFICE
22-09-2023 15:39:08.745Z;functions.enter_contas_a_pagar;  CLICK - GESTAO FINANCEIRA
22-09-2023 15:39:12.380Z;functions.enter_contas_a_pagar;  CLICK - CONTAS A PAGAR
22-09-2023 15:39:13.295Z;functions.enter_contas_a_pagar;  CLICK - LANCAMENTOS
22-09-2023 15:39:13.297Z;functions.data_filter;  CLICK - SELECIONA A DATA DE QUARTA FEIRA E DA PROXIMA TERÇA
22-09-2023 15:39:13.297Z;functions.data_filter;  QUARTA-FEIRA: 20-09-2023
22-09-2023 15:39:13.298Z;functions.data_filter;  TERCA-FEIRA: 26-09-2023
22-09-2023 15:39:21.187Z;functions.data_filter;  CLICK - SELECIONA FILTRO
22-09-2023 15:39:23.049Z;functions.data_filter;  CLICK - BUTÃO DE SELECAO DE FILTRO
22-09-2023 15:39:25.316Z;functions.data_filter;  INSERE - DATA DE QUARTA-FEIRA: 20-09-2023
22-09-2023 15:39:27.118Z;functions.data_filter;  INSERE - DATA DA PROX TERCA-FEIRA: 26-09-2023
22-09-2023 15:39:28.018Z;functions.data_filter;  CLICK - BUTÃO DE EXECUTAR O FILTRO
22-09-2023 15:39:33.449Z;functions.select_tipo_documento;  NOME DA COLUNA: Tipo de Documento
22-09-2023 15:39:35.017Z;functions.select_tipo_documento;  HOVER NOME DA COLUNA: Tipo de Documento
22-09-2023 15:39:35.152Z;functions.select_tipo_documento;  CLICA PARA APARECER O FILTRO PERSONALIZAR
22-09-2023 15:39:54.241Z;functions.show_exception_and_exit;  'NoneType' object has no attribute 'click'
Traceback (most recent call last):
  File "c:\projetos\remessas\main.py", line 17, in <module>
    select_tipo_documento()
  File "c:\projetos\remessas\SUBPROGRAMS\functions.py", line 156, in select_tipo_documento
    filter_personalizar.click()
    ^^^^^^^^^^^^^^^^^^^^^^^^^
AttributeError: 'NoneType' object has no attribute 'click'
