22-09-2023 15:32:51.939Z;functions.bot_text_art;      __     
22-09-2023 15:32:51.940Z;functions.bot_text_art;     [____]    
22-09-2023 15:32:51.940Z;functions.bot_text_art;   |=]()()[=|  
22-09-2023 15:32:51.941Z;functions.bot_text_art;     _\==/__    _____    ____              _____    ___   _  __
22-09-2023 15:32:51.941Z;functions.bot_text_art;   |__|   |_|  |  _  \  / ___|   | |      |_   _| / ___| | |/ /
22-09-2023 15:32:51.942Z;functions.bot_text_art;   |_|_/\_|_|  | |  | | | |      | |        | |   | |    | ' / 
22-09-2023 15:32:51.943Z;functions.bot_text_art;   | | __ | |  | |  | | | |      | |        | |   | |    |  <  
22-09-2023 15:32:51.943Z;functions.bot_text_art;   |_|[  ]|_|  | |__| | | |____  | |____   _| |_  | |__  | . \ 
22-09-2023 15:32:51.945Z;functions.bot_text_art;   \_|_||_|_/  |_____/   \_____| |______| |_____| \ ___| |_|\_\
22-09-2023 15:32:51.945Z;functions.bot_text_art;     |_||_|                                                     
22-09-2023 15:32:51.946Z;functions.bot_text_art;     | ||_|_   
22-09-2023 15:32:51.946Z;functions.bot_text_art;   |___||___|  
22-09-2023 15:32:51.947Z;functions.bot_text_art;               
22-09-2023 15:32:51.952Z;functions.open_RM;  OPEN PROGRAM RM
22-09-2023 15:33:00.446Z;functions.loggin_RM;  ENTER USER_NAME
22-09-2023 15:33:01.603Z;functions.loggin_RM;  ENTER PASSWORD
22-09-2023 15:33:02.572Z;functions.loggin_RM;  ENTER RM
22-09-2023 15:33:26.024Z;functions.enter_contas_a_pagar;  CLICK - TOTVS - LINHA RM
22-09-2023 15:33:30.348Z;functions.enter_contas_a_pagar;  CLICK - BACK OFFICE
22-09-2023 15:33:33.048Z;functions.enter_contas_a_pagar;  CLICK - GESTAO FINANCEIRA
22-09-2023 15:33:36.510Z;functions.enter_contas_a_pagar;  CLICK - CONTAS A PAGAR
22-09-2023 15:33:37.538Z;functions.enter_contas_a_pagar;  CLICK - LANCAMENTOS
22-09-2023 15:33:37.540Z;functions.data_filter;  CLICK - SELECIONA A DATA DE QUARTA FEIRA E DA PROXIMA TERÇA
22-09-2023 15:33:37.542Z;functions.data_filter;  QUARTA-FEIRA: 20-09-2023
22-09-2023 15:33:37.543Z;functions.data_filter;  TERCA-FEIRA: 26-09-2023
22-09-2023 15:33:44.114Z;functions.data_filter;  CLICK - SELECIONA FILTRO
22-09-2023 15:33:45.425Z;functions.data_filter;  CLICK - BUTÃO DE SELECAO DE FILTRO
22-09-2023 15:33:47.731Z;functions.data_filter;  INSERE - DATA DE QUARTA-FEIRA: 20-09-2023
22-09-2023 15:33:49.599Z;functions.data_filter;  INSERE - DATA DA PROX TERCA-FEIRA: 26-09-2023
22-09-2023 15:33:50.421Z;functions.data_filter;  CLICK - BUTÃO DE EXECUTAR O FILTRO
22-09-2023 15:33:55.220Z;functions.select_tipo_documento;  NOME DA COLUNA: Tipo de Documento
22-09-2023 15:33:56.713Z;functions.select_tipo_documento;  HOVER NOME DA COLUNA: Tipo de Documento
22-09-2023 15:33:56.847Z;functions.select_tipo_documento;  CLICA PARA APARECER O FILTRO PERSONALIZAR
