22-09-2023 15:41:30.123Z;functions.bot_text_art;      __     
22-09-2023 15:41:30.124Z;functions.bot_text_art;     [____]    
22-09-2023 15:41:30.125Z;functions.bot_text_art;   |=]()()[=|  
22-09-2023 15:41:30.125Z;functions.bot_text_art;     _\==/__    _____    ____              _____    ___   _  __
22-09-2023 15:41:30.125Z;functions.bot_text_art;   |__|   |_|  |  _  \  / ___|   | |      |_   _| / ___| | |/ /
22-09-2023 15:41:30.126Z;functions.bot_text_art;   |_|_/\_|_|  | |  | | | |      | |        | |   | |    | ' / 
22-09-2023 15:41:30.127Z;functions.bot_text_art;   | | __ | |  | |  | | | |      | |        | |   | |    |  <  
22-09-2023 15:41:30.129Z;functions.bot_text_art;   |_|[  ]|_|  | |__| | | |____  | |____   _| |_  | |__  | . \ 
22-09-2023 15:41:30.131Z;functions.bot_text_art;   \_|_||_|_/  |_____/   \_____| |______| |_____| \ ___| |_|\_\
22-09-2023 15:41:30.132Z;functions.bot_text_art;     |_||_|                                                     
22-09-2023 15:41:30.133Z;functions.bot_text_art;     | ||_|_   
22-09-2023 15:41:30.133Z;functions.bot_text_art;   |___||___|  
22-09-2023 15:41:30.134Z;functions.bot_text_art;               
22-09-2023 15:41:30.139Z;functions.open_RM;  OPEN PROGRAM RM
22-09-2023 15:41:38.325Z;functions.loggin_RM;  ENTER USER_NAME
22-09-2023 15:41:39.325Z;functions.loggin_RM;  ENTER PASSWORD
22-09-2023 15:41:40.209Z;functions.loggin_RM;  ENTER RM
22-09-2023 15:42:01.827Z;functions.enter_contas_a_pagar;  CLICK - TOTVS - LINHA RM
22-09-2023 15:42:06.163Z;functions.enter_contas_a_pagar;  CLICK - BACK OFFICE
22-09-2023 15:42:08.874Z;functions.enter_contas_a_pagar;  CLICK - GESTAO FINANCEIRA
22-09-2023 15:42:12.713Z;functions.enter_contas_a_pagar;  CLICK - CONTAS A PAGAR
22-09-2023 15:42:13.630Z;functions.enter_contas_a_pagar;  CLICK - LANCAMENTOS
22-09-2023 15:42:13.631Z;functions.data_filter;  CLICK - SELECIONA A DATA DE QUARTA FEIRA E DA PROXIMA TERÇA
22-09-2023 15:42:13.632Z;functions.data_filter;  QUARTA-FEIRA: 20-09-2023
22-09-2023 15:42:13.633Z;functions.data_filter;  TERCA-FEIRA: 26-09-2023
22-09-2023 15:42:20.171Z;functions.data_filter;  CLICK - SELECIONA FILTRO
22-09-2023 15:42:21.652Z;functions.data_filter;  CLICK - BUTÃO DE SELECAO DE FILTRO
22-09-2023 15:42:24.066Z;functions.data_filter;  INSERE - DATA DE QUARTA-FEIRA: 20-09-2023
22-09-2023 15:42:25.921Z;functions.data_filter;  INSERE - DATA DA PROX TERCA-FEIRA: 26-09-2023
22-09-2023 15:42:26.850Z;functions.data_filter;  CLICK - BUTÃO DE EXECUTAR O FILTRO
22-09-2023 15:42:32.036Z;functions.select_tipo_documento;  NOME DA COLUNA: Tipo de Documento
22-09-2023 15:42:33.674Z;functions.select_tipo_documento;  HOVER NOME DA COLUNA: Tipo de Documento
22-09-2023 15:42:33.811Z;functions.select_tipo_documento;  CLICA PARA APARECER O FILTRO PERSONALIZAR
22-09-2023 15:42:52.707Z;functions.show_exception_and_exit;  'NoneType' object has no attribute 'click'
Traceback (most recent call last):
  File "c:\projetos\remessas\main.py", line 17, in <module>
    select_tipo_documento()
  File "c:\projetos\remessas\SUBPROGRAMS\functions.py", line 156, in select_tipo_documento
    filter_personalizar.click()
    ^^^^^^^^^^^^^^^^^^^^^^^^^
AttributeError: 'NoneType' object has no attribute 'click'
