22-09-2023 16:45:30.367Z;functions.bot_text_art;      __     
22-09-2023 16:45:30.367Z;functions.bot_text_art;     [____]    
22-09-2023 16:45:30.368Z;functions.bot_text_art;   |=]()()[=|  
22-09-2023 16:45:30.368Z;functions.bot_text_art;     _\==/__    _____    ____              _____    ___   _  __
22-09-2023 16:45:30.369Z;functions.bot_text_art;   |__|   |_|  |  _  \  / ___|   | |      |_   _| / ___| | |/ /
22-09-2023 16:45:30.369Z;functions.bot_text_art;   |_|_/\_|_|  | |  | | | |      | |        | |   | |    | ' / 
22-09-2023 16:45:30.370Z;functions.bot_text_art;   | | __ | |  | |  | | | |      | |        | |   | |    |  <  
22-09-2023 16:45:30.371Z;functions.bot_text_art;   |_|[  ]|_|  | |__| | | |____  | |____   _| |_  | |__  | . \ 
22-09-2023 16:45:30.372Z;functions.bot_text_art;   \_|_||_|_/  |_____/   \_____| |______| |_____| \ ___| |_|\_\
22-09-2023 16:45:30.373Z;functions.bot_text_art;     |_||_|                                                     
22-09-2023 16:45:30.374Z;functions.bot_text_art;     | ||_|_   
22-09-2023 16:45:30.375Z;functions.bot_text_art;   |___||___|  
22-09-2023 16:45:30.375Z;functions.bot_text_art;               
22-09-2023 16:45:30.386Z;functions.open_RM;  OPEN PROGRAM RM
22-09-2023 16:45:38.581Z;functions.loggin_RM;  ENTER USER_NAME
22-09-2023 16:45:39.715Z;functions.loggin_RM;  ENTER PASSWORD
22-09-2023 16:45:40.665Z;functions.loggin_RM;  ENTER RM
22-09-2023 16:46:03.769Z;functions.enter_contas_a_pagar;  CLICK - TOTVS - LINHA RM
22-09-2023 16:46:08.046Z;functions.enter_contas_a_pagar;  CLICK - BACK OFFICE
22-09-2023 16:46:10.733Z;functions.enter_contas_a_pagar;  CLICK - GESTAO FINANCEIRA
22-09-2023 16:46:14.263Z;functions.enter_contas_a_pagar;  CLICK - CONTAS A PAGAR
22-09-2023 16:46:15.687Z;functions.enter_contas_a_pagar;  CLICK - LANCAMENTOS
22-09-2023 16:46:15.690Z;functions.data_filter;  CLICK - SELECIONA A DATA DE QUARTA FEIRA E DA PROXIMA TERÇA
22-09-2023 16:46:15.691Z;functions.data_filter;  QUARTA-FEIRA: 20-09-2023
22-09-2023 16:46:15.692Z;functions.data_filter;  TERCA-FEIRA: 26-09-2023
22-09-2023 16:46:31.653Z;functions.data_filter;  CLICK - MAXIMIZAR FAIXA DE OPÇÕES
22-09-2023 16:46:34.657Z;functions.data_filter;  CLICK - CONTAS A PAGAR
22-09-2023 16:46:35.609Z;functions.data_filter;  CLICK - LANCAMENTOS
