22-09-2023 16:42:04.815Z;functions.bot_text_art;      __     
22-09-2023 16:42:04.816Z;functions.bot_text_art;     [____]    
22-09-2023 16:42:04.817Z;functions.bot_text_art;   |=]()()[=|  
22-09-2023 16:42:04.818Z;functions.bot_text_art;     _\==/__    _____    ____              _____    ___   _  __
22-09-2023 16:42:04.819Z;functions.bot_text_art;   |__|   |_|  |  _  \  / ___|   | |      |_   _| / ___| | |/ /
22-09-2023 16:42:04.820Z;functions.bot_text_art;   |_|_/\_|_|  | |  | | | |      | |        | |   | |    | ' / 
22-09-2023 16:42:04.821Z;functions.bot_text_art;   | | __ | |  | |  | | | |      | |        | |   | |    |  <  
22-09-2023 16:42:04.823Z;functions.bot_text_art;   |_|[  ]|_|  | |__| | | |____  | |____   _| |_  | |__  | . \ 
22-09-2023 16:42:04.825Z;functions.bot_text_art;   \_|_||_|_/  |_____/   \_____| |______| |_____| \ ___| |_|\_\
22-09-2023 16:42:04.827Z;functions.bot_text_art;     |_||_|                                                     
22-09-2023 16:42:04.828Z;functions.bot_text_art;     | ||_|_   
22-09-2023 16:42:04.829Z;functions.bot_text_art;   |___||___|  
22-09-2023 16:42:04.829Z;functions.bot_text_art;               
22-09-2023 16:42:04.838Z;functions.open_RM;  OPEN PROGRAM RM
22-09-2023 16:42:13.385Z;functions.loggin_RM;  ENTER USER_NAME
22-09-2023 16:42:14.589Z;functions.loggin_RM;  ENTER PASSWORD
22-09-2023 16:42:15.513Z;functions.loggin_RM;  ENTER RM
22-09-2023 16:42:37.750Z;functions.enter_contas_a_pagar;  CLICK - TOTVS - LINHA RM
22-09-2023 16:42:41.921Z;functions.enter_contas_a_pagar;  CLICK - BACK OFFICE
22-09-2023 16:42:44.579Z;functions.enter_contas_a_pagar;  CLICK - GESTAO FINANCEIRA
22-09-2023 16:42:48.003Z;functions.enter_contas_a_pagar;  CLICK - CONTAS A PAGAR
22-09-2023 16:42:49.459Z;functions.enter_contas_a_pagar;  CLICK - LANCAMENTOS
22-09-2023 16:42:49.462Z;functions.data_filter;  CLICK - SELECIONA A DATA DE QUARTA FEIRA E DA PROXIMA TERÇA
22-09-2023 16:42:49.463Z;functions.data_filter;  QUARTA-FEIRA: 20-09-2023
22-09-2023 16:42:49.463Z;functions.data_filter;  TERCA-FEIRA: 26-09-2023
22-09-2023 16:43:05.268Z;functions.show_exception_and_exit;  PyAutoGUI fail-safe triggered from mouse moving to a corner of the screen. To disable this fail-safe, set pyautogui.FAILSAFE to False. DISABLING FAIL-SAFE IS NOT RECOMMENDED.
Traceback (most recent call last):
  File "c:\projetos\remessas\SUBPROGRAMS\functions.py", line 125, in data_filter
    select_filter.click()
    ^^^^^^^^^^^^^^^^^^^
AttributeError: 'NoneType' object has no attribute 'click'

During handling of the above exception, another exception occurred:

Traceback (most recent call last):
  File "c:\projetos\remessas\main.py", line 16, in <module>
    data_filter()
  File "c:\projetos\remessas\SUBPROGRAMS\functions.py", line 128, in data_filter
    pyautogui.click(x = 927, y = 45)
  File "C:\projetos\remessas\venv\Lib\site-packages\pyautogui\__init__.py", line 593, in wrapper
    failSafeCheck()
  File "C:\projetos\remessas\venv\Lib\site-packages\pyautogui\__init__.py", line 1734, in failSafeCheck
    raise FailSafeException(
pyautogui.FailSafeException: PyAutoGUI fail-safe triggered from mouse moving to a corner of the screen. To disable this fail-safe, set pyautogui.FAILSAFE to False. DISABLING FAIL-SAFE IS NOT RECOMMENDED.
