22-09-2023 17:07:07.440Z;functions.bot_text_art;      __     
22-09-2023 17:07:07.441Z;functions.bot_text_art;     [____]    
22-09-2023 17:07:07.441Z;functions.bot_text_art;   |=]()()[=|  
22-09-2023 17:07:07.441Z;functions.bot_text_art;     _\==/__    _____    ____              _____    ___   _  __
22-09-2023 17:07:07.442Z;functions.bot_text_art;   |__|   |_|  |  _  \  / ___|   | |      |_   _| / ___| | |/ /
22-09-2023 17:07:07.442Z;functions.bot_text_art;   |_|_/\_|_|  | |  | | | |      | |        | |   | |    | ' / 
22-09-2023 17:07:07.443Z;functions.bot_text_art;   | | __ | |  | |  | | | |      | |        | |   | |    |  <  
22-09-2023 17:07:07.444Z;functions.bot_text_art;   |_|[  ]|_|  | |__| | | |____  | |____   _| |_  | |__  | . \ 
22-09-2023 17:07:07.445Z;functions.bot_text_art;   \_|_||_|_/  |_____/   \_____| |______| |_____| \ ___| |_|\_\
22-09-2023 17:07:07.446Z;functions.bot_text_art;     |_||_|                                                     
22-09-2023 17:07:07.447Z;functions.bot_text_art;     | ||_|_   
22-09-2023 17:07:07.448Z;functions.bot_text_art;   |___||___|  
22-09-2023 17:07:07.448Z;functions.bot_text_art;               
22-09-2023 17:07:07.456Z;functions.open_RM;  OPEN PROGRAM RM
22-09-2023 17:07:15.744Z;functions.loggin_RM;  ENTER USER_NAME
22-09-2023 17:07:16.850Z;functions.loggin_RM;  ENTER PASSWORD
22-09-2023 17:07:17.795Z;functions.loggin_RM;  ENTER RM
22-09-2023 17:07:39.783Z;functions.enter_contas_a_pagar;  CLICK - TOTVS - LINHA RM
22-09-2023 17:07:44.195Z;functions.enter_contas_a_pagar;  CLICK - BACK OFFICE
22-09-2023 17:07:46.882Z;functions.enter_contas_a_pagar;  CLICK - GESTAO FINANCEIRA
22-09-2023 17:07:50.353Z;functions.enter_contas_a_pagar;  CLICK - CONTAS A PAGAR
22-09-2023 17:07:51.356Z;functions.enter_contas_a_pagar;  CLICK - LANCAMENTOS
22-09-2023 17:07:51.358Z;functions.data_filter;  CLICK - SELECIONA A DATA DE QUARTA FEIRA E DA PROXIMA TERÇA
22-09-2023 17:07:51.359Z;functions.data_filter;  QUARTA-FEIRA: 20-09-2023
22-09-2023 17:07:51.359Z;functions.data_filter;  TERCA-FEIRA: 26-09-2023
22-09-2023 17:07:57.670Z;functions.data_filter;  CLICK - SELECIONA FILTRO
22-09-2023 17:07:59.097Z;functions.data_filter;  CLICK - BUTÃO DE SELECAO DE FILTRO
22-09-2023 17:08:01.755Z;functions.data_filter;  INSERE - DATA DE QUARTA-FEIRA: 20-09-2023
22-09-2023 17:08:03.655Z;functions.data_filter;  INSERE - DATA DA PROX TERCA-FEIRA: 26-09-2023
22-09-2023 17:08:04.506Z;functions.data_filter;  CLICK - BUTÃO DE EXECUTAR O FILTRO
22-09-2023 17:08:09.177Z;functions.select_tipo_documento;  NOME DA COLUNA: Tipo de Documento
22-09-2023 17:08:10.704Z;functions.select_tipo_documento;  HOVER NOME DA COLUNA: Tipo de Documento
22-09-2023 17:08:10.844Z;functions.select_tipo_documento;  CLICA PARA APARECER O FILTRO PERSONALIZAR
22-09-2023 17:08:11.163Z;functions.select_tipo_documento;  CLICA NO FILTRO PERSONALIZAR
22-09-2023 17:08:12.807Z;functions.select_tipo_documento;  CLICA PARA SELECIONAR OPÇÕES DO FILTRO
22-09-2023 17:08:14.000Z;functions.select_tipo_documento;  CLICA NO FILTRO PERSONALIZAR: Não é igual a
22-09-2023 17:08:15.118Z;functions.select_tipo_documento;  ENVIAR A HOTKEY INV
22-09-2023 17:08:15.913Z;functions.select_tipo_documento;  CLICK BUTTON CONFIRMAR FILTRO
