22-09-2023 17:23:21.119Z;functions.bot_text_art;      __     
22-09-2023 17:23:21.120Z;functions.bot_text_art;     [____]    
22-09-2023 17:23:21.120Z;functions.bot_text_art;   |=]()()[=|  
22-09-2023 17:23:21.121Z;functions.bot_text_art;     _\==/__    _____    ____              _____    ___   _  __
22-09-2023 17:23:21.121Z;functions.bot_text_art;   |__|   |_|  |  _  \  / ___|   | |      |_   _| / ___| | |/ /
22-09-2023 17:23:21.121Z;functions.bot_text_art;   |_|_/\_|_|  | |  | | | |      | |        | |   | |    | ' / 
22-09-2023 17:23:21.121Z;functions.bot_text_art;   | | __ | |  | |  | | | |      | |        | |   | |    |  <  
22-09-2023 17:23:21.123Z;functions.bot_text_art;   |_|[  ]|_|  | |__| | | |____  | |____   _| |_  | |__  | . \ 
22-09-2023 17:23:21.124Z;functions.bot_text_art;   \_|_||_|_/  |_____/   \_____| |______| |_____| \ ___| |_|\_\
22-09-2023 17:23:21.124Z;functions.bot_text_art;     |_||_|                                                     
22-09-2023 17:23:21.125Z;functions.bot_text_art;     | ||_|_   
22-09-2023 17:23:21.125Z;functions.bot_text_art;   |___||___|  
22-09-2023 17:23:21.126Z;functions.bot_text_art;               
22-09-2023 17:23:21.132Z;functions.open_RM;  OPEN PROGRAM RM
22-09-2023 17:23:29.282Z;functions.loggin_RM;  ENTER USER_NAME
22-09-2023 17:23:30.472Z;functions.loggin_RM;  ENTER PASSWORD
22-09-2023 17:23:31.427Z;functions.loggin_RM;  ENTER RM
22-09-2023 17:23:54.928Z;functions.enter_contas_a_pagar;  CLICK - TOTVS - LINHA RM
22-09-2023 17:23:59.510Z;functions.enter_contas_a_pagar;  CLICK - BACK OFFICE
22-09-2023 17:24:02.252Z;functions.enter_contas_a_pagar;  CLICK - GESTAO FINANCEIRA
22-09-2023 17:24:05.623Z;functions.enter_contas_a_pagar;  CLICK - CONTAS A PAGAR
22-09-2023 17:24:06.678Z;functions.enter_contas_a_pagar;  CLICK - LANCAMENTOS
22-09-2023 17:24:06.680Z;functions.data_filter;  CLICK - SELECIONA A DATA DE QUARTA FEIRA E DA PROXIMA TERÇA
22-09-2023 17:24:06.681Z;functions.data_filter;  QUARTA-FEIRA: 20-09-2023
22-09-2023 17:24:06.681Z;functions.data_filter;  TERCA-FEIRA: 26-09-2023
22-09-2023 17:24:13.286Z;functions.data_filter;  CLICK - SELECIONA FILTRO
22-09-2023 17:24:14.689Z;functions.data_filter;  CLICK - BUTÃO DE SELECAO DE FILTRO
22-09-2023 17:24:17.020Z;functions.data_filter;  INSERE - DATA DE QUARTA-FEIRA: 20-09-2023
22-09-2023 17:24:18.913Z;functions.data_filter;  INSERE - DATA DA PROX TERCA-FEIRA: 26-09-2023
22-09-2023 17:24:19.886Z;functions.data_filter;  CLICK - BUTÃO DE EXECUTAR O FILTRO
22-09-2023 17:24:25.021Z;functions.select_tipo_documento;  NOME DA COLUNA: Tipo de Documento
22-09-2023 17:24:26.673Z;functions.select_tipo_documento;  HOVER NOME DA COLUNA: Tipo de Documento
22-09-2023 17:24:26.806Z;functions.select_tipo_documento;  CLICA PARA APARECER O FILTRO PERSONALIZAR
22-09-2023 17:24:27.123Z;functions.select_tipo_documento;  CLICA NO FILTRO PERSONALIZAR
22-09-2023 17:24:28.938Z;functions.select_tipo_documento;  CLICA PARA SELECIONAR OPÇÕES DO FILTRO
22-09-2023 17:24:30.187Z;functions.select_tipo_documento;  CLICA NO FILTRO PERSONALIZAR: Não é igual a
22-09-2023 17:24:31.304Z;functions.select_tipo_documento;  ENVIAR A HOTKEY INV
22-09-2023 17:24:32.141Z;functions.select_tipo_documento;  CLICK BUTTON CONFIRMAR FILTRO
22-09-2023 17:24:33.965Z;functions.desmark_filter;  CLICK CHECKBOX LANÇAMENTOS A RECEBER
22-09-2023 17:24:35.250Z;functions.desmark_filter;  CLICK CHECKBOX LANÇAMENTOS BAIXADOS
22-09-2023 17:24:36.471Z;functions.desmark_filter;  CLICK CHECKBOX LANÇAMENTOS CANCELADOS
22-09-2023 17:24:37.833Z;functions.desmark_filter;  CLICK CHECKBOX LANÇAMENTOS FATURADOS
22-09-2023 17:24:39.300Z;functions.desmark_filter;  CLICK CHECKBOX LANÇAMENTOS FATURADOS
