22-09-2023 17:31:23.218Z;functions.bot_text_art;      __     
22-09-2023 17:31:23.218Z;functions.bot_text_art;     [____]    
22-09-2023 17:31:23.219Z;functions.bot_text_art;   |=]()()[=|  
22-09-2023 17:31:23.219Z;functions.bot_text_art;     _\==/__    _____    ____              _____    ___   _  __
22-09-2023 17:31:23.219Z;functions.bot_text_art;   |__|   |_|  |  _  \  / ___|   | |      |_   _| / ___| | |/ /
22-09-2023 17:31:23.220Z;functions.bot_text_art;   |_|_/\_|_|  | |  | | | |      | |        | |   | |    | ' / 
22-09-2023 17:31:23.220Z;functions.bot_text_art;   | | __ | |  | |  | | | |      | |        | |   | |    |  <  
22-09-2023 17:31:23.221Z;functions.bot_text_art;   |_|[  ]|_|  | |__| | | |____  | |____   _| |_  | |__  | . \ 
22-09-2023 17:31:23.222Z;functions.bot_text_art;   \_|_||_|_/  |_____/   \_____| |______| |_____| \ ___| |_|\_\
22-09-2023 17:31:23.223Z;functions.bot_text_art;     |_||_|                                                     
22-09-2023 17:31:23.225Z;functions.bot_text_art;     | ||_|_   
22-09-2023 17:31:23.226Z;functions.bot_text_art;   |___||___|  
22-09-2023 17:31:23.227Z;functions.bot_text_art;               
22-09-2023 17:31:23.238Z;functions.open_RM;  OPEN PROGRAM RM
22-09-2023 17:31:31.465Z;functions.loggin_RM;  ENTER USER_NAME
22-09-2023 17:31:32.666Z;functions.loggin_RM;  ENTER PASSWORD
22-09-2023 17:31:33.523Z;functions.loggin_RM;  ENTER RM
22-09-2023 17:31:54.955Z;functions.enter_contas_a_pagar;  CLICK - TOTVS - LINHA RM
22-09-2023 17:31:59.000Z;functions.enter_contas_a_pagar;  CLICK - BACK OFFICE
22-09-2023 17:32:01.549Z;functions.enter_contas_a_pagar;  CLICK - GESTAO FINANCEIRA
22-09-2023 17:32:04.638Z;functions.enter_contas_a_pagar;  CLICK - CONTAS A PAGAR
22-09-2023 17:32:05.548Z;functions.enter_contas_a_pagar;  CLICK - LANCAMENTOS
22-09-2023 17:32:05.549Z;functions.data_filter;  CLICK - SELECIONA A DATA DE QUARTA FEIRA E DA PROXIMA TERÇA
22-09-2023 17:32:05.550Z;functions.data_filter;  QUARTA-FEIRA: 20-09-2023
22-09-2023 17:32:05.551Z;functions.data_filter;  TERCA-FEIRA: 26-09-2023
22-09-2023 17:32:11.140Z;functions.data_filter;  CLICK - SELECIONA FILTRO
22-09-2023 17:32:12.385Z;functions.data_filter;  CLICK - BUTÃO DE SELECAO DE FILTRO
22-09-2023 17:32:14.554Z;functions.data_filter;  INSERE - DATA DE QUARTA-FEIRA: 20-09-2023
22-09-2023 17:32:16.354Z;functions.data_filter;  INSERE - DATA DA PROX TERCA-FEIRA: 26-09-2023
22-09-2023 17:32:17.234Z;functions.data_filter;  CLICK - BUTÃO DE EXECUTAR O FILTRO
22-09-2023 17:32:22.078Z;functions.select_tipo_documento;  NOME DA COLUNA: Tipo de Documento
22-09-2023 17:32:23.539Z;functions.select_tipo_documento;  HOVER NOME DA COLUNA: Tipo de Documento
22-09-2023 17:32:23.673Z;functions.select_tipo_documento;  CLICA PARA APARECER O FILTRO PERSONALIZAR
22-09-2023 17:32:24.036Z;functions.select_tipo_documento;  CLICA NO FILTRO PERSONALIZAR
22-09-2023 17:32:40.264Z;functions.show_exception_and_exit;  'NoneType' object has no attribute 'click'
Traceback (most recent call last):
  File "c:\projetos\remessas\main.py", line 17, in <module>
    select_tipo_documento()
  File "c:\projetos\remessas\SUBPROGRAMS\functions.py", line 189, in select_tipo_documento
    into_filter_personalizar.click()
    ^^^^^^^^^^^^^^^^^^^^^^^^^^^^^^
AttributeError: 'NoneType' object has no attribute 'click'
