22-09-2023 17:33:13.246Z;functions.bot_text_art;      __     
22-09-2023 17:33:13.246Z;functions.bot_text_art;     [____]    
22-09-2023 17:33:13.247Z;functions.bot_text_art;   |=]()()[=|  
22-09-2023 17:33:13.247Z;functions.bot_text_art;     _\==/__    _____    ____              _____    ___   _  __
22-09-2023 17:33:13.248Z;functions.bot_text_art;   |__|   |_|  |  _  \  / ___|   | |      |_   _| / ___| | |/ /
22-09-2023 17:33:13.248Z;functions.bot_text_art;   |_|_/\_|_|  | |  | | | |      | |        | |   | |    | ' / 
22-09-2023 17:33:13.248Z;functions.bot_text_art;   | | __ | |  | |  | | | |      | |        | |   | |    |  <  
22-09-2023 17:33:13.249Z;functions.bot_text_art;   |_|[  ]|_|  | |__| | | |____  | |____   _| |_  | |__  | . \ 
22-09-2023 17:33:13.250Z;functions.bot_text_art;   \_|_||_|_/  |_____/   \_____| |______| |_____| \ ___| |_|\_\
22-09-2023 17:33:13.251Z;functions.bot_text_art;     |_||_|                                                     
22-09-2023 17:33:13.252Z;functions.bot_text_art;     | ||_|_   
22-09-2023 17:33:13.252Z;functions.bot_text_art;   |___||___|  
22-09-2023 17:33:13.252Z;functions.bot_text_art;               
22-09-2023 17:33:13.260Z;functions.open_RM;  OPEN PROGRAM RM
22-09-2023 17:33:21.681Z;functions.loggin_RM;  ENTER USER_NAME
22-09-2023 17:33:22.791Z;functions.loggin_RM;  ENTER PASSWORD
22-09-2023 17:33:23.701Z;functions.loggin_RM;  ENTER RM
22-09-2023 17:33:45.179Z;functions.enter_contas_a_pagar;  CLICK - TOTVS - LINHA RM
22-09-2023 17:33:49.404Z;functions.enter_contas_a_pagar;  CLICK - BACK OFFICE
22-09-2023 17:33:51.953Z;functions.enter_contas_a_pagar;  CLICK - GESTAO FINANCEIRA
22-09-2023 17:33:55.220Z;functions.enter_contas_a_pagar;  CLICK - CONTAS A PAGAR
22-09-2023 17:33:56.113Z;functions.enter_contas_a_pagar;  CLICK - LANCAMENTOS
22-09-2023 17:33:56.116Z;functions.data_filter;  CLICK - SELECIONA A DATA DE QUARTA FEIRA E DA PROXIMA TERÇA
22-09-2023 17:33:56.117Z;functions.data_filter;  QUARTA-FEIRA: 20-09-2023
22-09-2023 17:33:56.117Z;functions.data_filter;  TERCA-FEIRA: 26-09-2023
22-09-2023 17:34:02.601Z;functions.data_filter;  CLICK - SELECIONA FILTRO
22-09-2023 17:34:04.034Z;functions.data_filter;  CLICK - BUTÃO DE SELECAO DE FILTRO
22-09-2023 17:34:06.357Z;functions.data_filter;  INSERE - DATA DE QUARTA-FEIRA: 20-09-2023
22-09-2023 17:34:08.144Z;functions.data_filter;  INSERE - DATA DA PROX TERCA-FEIRA: 26-09-2023
22-09-2023 17:34:09.038Z;functions.data_filter;  CLICK - BUTÃO DE EXECUTAR O FILTRO
22-09-2023 17:34:13.847Z;functions.select_tipo_documento;  NOME DA COLUNA: Tipo de Documento
22-09-2023 17:34:15.358Z;functions.select_tipo_documento;  HOVER NOME DA COLUNA: Tipo de Documento
22-09-2023 17:34:15.504Z;functions.select_tipo_documento;  CLICA PARA APARECER O FILTRO PERSONALIZAR
22-09-2023 17:34:15.902Z;functions.select_tipo_documento;  CLICA NO FILTRO PERSONALIZAR
22-09-2023 17:34:17.567Z;functions.select_tipo_documento;  CLICA PARA SELECIONAR OPÇÕES DO FILTRO
22-09-2023 17:34:18.953Z;functions.select_tipo_documento;  CLICA NO FILTRO PERSONALIZAR: Não é igual a
22-09-2023 17:34:20.370Z;functions.select_tipo_documento;  ENVIAR A HOTKEY INV
22-09-2023 17:34:21.155Z;functions.select_tipo_documento;  CLICK BUTTON CONFIRMAR FILTRO
22-09-2023 17:34:22.979Z;functions.desmark_filter;  CLICK CHECKBOX LANÇAMENTOS A RECEBER
22-09-2023 17:34:24.251Z;functions.desmark_filter;  CLICK CHECKBOX LANÇAMENTOS BAIXADOS
22-09-2023 17:34:25.624Z;functions.desmark_filter;  CLICK CHECKBOX LANÇAMENTOS CANCELADOS
22-09-2023 17:34:27.114Z;functions.desmark_filter;  CLICK CHECKBOX LANÇAMENTOS FATURADOS
22-09-2023 17:34:28.553Z;functions.desmark_filter;  CLICK CHECKBOX LANÇAMENTOS FATURADOS
