04-10-2023 16:21:46.650Z;functions.bot_text_art;      ____   
04-10-2023 16:21:46.650Z;functions.bot_text_art;     [____]    
04-10-2023 16:21:46.651Z;functions.bot_text_art;   |=]()()[=|  
04-10-2023 16:21:46.652Z;functions.bot_text_art;     _\==/__    _____    ____     _        _____    ___   _  __
04-10-2023 16:21:46.652Z;functions.bot_text_art;   |__|   |_|  |  _  \  / ___|   | |      |_   _| / ___| | |/ /
04-10-2023 16:21:46.652Z;functions.bot_text_art;   |_|_/\_|_|  | |  | | | |      | |        | |   | |    | ' / 
04-10-2023 16:21:46.654Z;functions.bot_text_art;   | | __ | |  | |  | | | |      | |        | |   | |    |  <  
04-10-2023 16:21:46.655Z;functions.bot_text_art;   |_|[  ]|_|  | |__| | | |____  | |____   _| |_  | |__  | . \ 
04-10-2023 16:21:46.656Z;functions.bot_text_art;   \_|_||_|_/  |_____/   \_____| |______| |_____| \ ___| |_|\_\
04-10-2023 16:21:46.657Z;functions.bot_text_art;     |_||_|                                                     
04-10-2023 16:21:46.658Z;functions.bot_text_art;     | ||_|_   
04-10-2023 16:21:46.658Z;functions.bot_text_art;   |___||___|  
04-10-2023 16:21:46.658Z;functions.bot_text_art;               
04-10-2023 16:21:47.138Z;functions.open_RM;  OPEN PROGRAM RM
04-10-2023 16:22:01.110Z;functions.loggin_RM;  ENTER USER_NAME
04-10-2023 16:22:02.294Z;functions.loggin_RM;  ENTER PASSWORD
04-10-2023 16:22:03.306Z;functions.loggin_RM;  ENTER RM
04-10-2023 16:22:49.443Z;functions.enter_coligada;  CLICK CONTEXTO
04-10-2023 16:22:54.117Z;functions.enter_coligada;  CLICK COLIGADA 1
04-10-2023 16:22:56.184Z;functions.enter_coligada;  CLICK AVANÇAR
04-10-2023 16:22:58.681Z;functions.enter_coligada;  INSERE O COLIGADA CODE = 1
04-10-2023 16:22:58.785Z;functions.enter_coligada;  APERTA TAB PARA PREENCHER O CAMPO COM A STRING: OCEANICA ENGENHARIA E CONSULTORIA S.A.
04-10-2023 16:23:00.188Z;functions.enter_coligada;  CLICK AVANÇAR NOVAMENTE
04-10-2023 16:23:01.235Z;functions.enter_coligada;  CLICK CONCLUIR
04-10-2023 16:23:17.429Z;functions.enter_coligada;  POP UP COLIGADA DESAPARECER
04-10-2023 16:23:18.226Z;functions.enter_contas_a_pagar;  CLICK - TOTVS - LINHA RM
04-10-2023 16:23:19.593Z;functions.enter_contas_a_pagar;  CLICK - BACK OFFICE
04-10-2023 16:23:20.474Z;functions.enter_contas_a_pagar;  CLICK - GESTAO FINANCEIRA
04-10-2023 16:23:26.329Z;functions.enter_contas_a_pagar;  CLICK - CONTAS A PAGAR
04-10-2023 16:23:26.452Z;functions.waitForImage;  LANÇAMENTOS image found.
04-10-2023 16:23:28.556Z;functions.enter_contas_a_pagar;  CLICA EM LANÇAMENTOS
04-10-2023 16:23:30.560Z;functions.data_filter;  CLICK - SELECIONA A DATA DE QUARTA FEIRA E DA PROXIMA TERÇA
04-10-2023 16:23:30.561Z;functions.data_filter;  QUARTA-FEIRA: 04-10-2023
04-10-2023 16:23:30.563Z;functions.data_filter;  TERCA-FEIRA: 10-10-2023
04-10-2023 16:23:39.058Z;functions.data_filter;  ESCREVE REMESSA BANCÁRIA NO FILTRO
04-10-2023 16:23:39.838Z;functions.data_filter;  CLICK - BUTÃO DE SELECAO DE FILTRO
04-10-2023 16:23:42.251Z;functions.data_filter;  INSERE - DATA DE QUARTA-FEIRA: 04-10-2023
04-10-2023 16:23:44.173Z;functions.data_filter;  INSERE - DATA DA PROX TERCA-FEIRA: 10-10-2023
04-10-2023 16:23:45.000Z;functions.data_filter;  CLICK - BUTÃO DE EXECUTAR O FILTRO
04-10-2023 16:24:00.313Z;functions.waitForImage;  FILTER CLEAN image not found.
04-10-2023 16:24:56.807Z;functions.select_tipo_documento;  NOME DA COLUNA: Tipo de Documento
04-10-2023 16:24:58.313Z;functions.select_tipo_documento;  HOVER NOME DA COLUNA: Tipo de Documento
04-10-2023 16:24:58.448Z;functions.select_tipo_documento;  CLICA PARA APARECER O FILTRO PERSONALIZAR
04-10-2023 16:24:58.763Z;functions.select_tipo_documento;  CLICA NO FILTRO PERSONALIZAR
04-10-2023 16:25:00.215Z;functions.select_tipo_documento;  CLICA PARA SELECIONAR OPÇÕES DO FILTRO
04-10-2023 16:25:07.585Z;functions.select_tipo_documento;  CLICK BUTTON CONFIRMAR FILTRO
04-10-2023 16:25:09.128Z;functions.desmark_filter;  CLICK CHECKBOX LANÇAMENTOS A RECEBER
04-10-2023 16:25:10.389Z;functions.desmark_filter;  CLICK CHECKBOX LANÇAMENTOS BAIXADOS
04-10-2023 16:25:11.831Z;functions.desmark_filter;  CLICK CHECKBOX LANÇAMENTOS CANCELADOS
04-10-2023 16:25:13.522Z;functions.desmark_filter;  CLICK CHECKBOX LANÇAMENTOS FATURADOS
04-10-2023 16:25:15.228Z;functions.desmark_filter;  CLICK CHECKBOX LANÇAMENTOS FATURADOS
04-10-2023 16:25:16.895Z;functions.filter_IPTE;  CLICK NA PRIMEIRA LINHA E COLUNA DA TABELA
04-10-2023 16:25:31.979Z;functions.filter_IPTE;  147 PASSOS PARA DIREITA NA TABELA >>
04-10-2023 16:25:35.733Z;functions.filter_IPTE;  HOVER FILTER
04-10-2023 16:25:35.852Z;functions.filter_IPTE;  CLICK FILTER
04-10-2023 16:25:40.194Z;functions.filter_IPTE;  CLICA NO FILTRO PERSONALIZAR
04-10-2023 16:25:47.244Z;functions.check_table_record;  APERTA NÃO
04-10-2023 16:25:48.572Z;functions.check_table_record;  ABRE A NOTA
04-10-2023 16:25:59.708Z;functions.waitForImage;  INTEGRAÇÃO BANCÁRIA image found.
04-10-2023 16:26:01.831Z;functions.check_payment_type;  CLICA EM INTEGRAÇÃO BANCÁRIA
04-10-2023 16:26:18.713Z;functions.waitForImage;  BOLETO image found.
04-10-2023 16:26:20.848Z;functions.check_payment_type;  CLICA NO BOLETO
04-10-2023 16:26:33.244Z;functions.waitForImage;  PRESS BUTTON OK image not found.
04-10-2023 16:26:33.421Z;functions.waitForImage;  PRESS BUTTON OK 2 image found.
04-10-2023 16:26:35.533Z;functions.check_payment_type;  PRESS BUTTON OK 2
04-10-2023 16:26:40.647Z;functions.check_payment_type;  PRESS BUTTON DOWN
04-10-2023 16:26:42.648Z;functions.check_payment_type;  Point(x=616, y=632)
04-10-2023 16:27:02.198Z;functions.waitForImage;  INTEGRAÇÃO BANCÁRIA image not found.
04-10-2023 16:27:13.298Z;functions.show_exception_and_exit;  
Traceback (most recent call last):
  File "c:\projetos\remessas\main.py", line 20, in <module>
    check_table_record()
  File "c:\projetos\remessas\SUBPROGRAMS\functions.py", line 331, in check_table_record
    check_payment_type()
  File "c:\projetos\remessas\SUBPROGRAMS\functions.py", line 357, in check_payment_type
    time.sleep(2)
KeyboardInterrupt
