04-10-2023 17:02:05.714Z;functions.bot_text_art;      ____   
04-10-2023 17:02:05.715Z;functions.bot_text_art;     [____]    
04-10-2023 17:02:05.715Z;functions.bot_text_art;   |=]()()[=|  
04-10-2023 17:02:05.716Z;functions.bot_text_art;     _\==/__    _____    ____     _        _____    ___   _  __
04-10-2023 17:02:05.716Z;functions.bot_text_art;   |__|   |_|  |  _  \  / ___|   | |      |_   _| / ___| | |/ /
04-10-2023 17:02:05.716Z;functions.bot_text_art;   |_|_/\_|_|  | |  | | | |      | |        | |   | |    | ' / 
04-10-2023 17:02:05.719Z;functions.bot_text_art;   | | __ | |  | |  | | | |      | |        | |   | |    |  <  
04-10-2023 17:02:05.720Z;functions.bot_text_art;   |_|[  ]|_|  | |__| | | |____  | |____   _| |_  | |__  | . \ 
04-10-2023 17:02:05.722Z;functions.bot_text_art;   \_|_||_|_/  |_____/   \_____| |______| |_____| \ ___| |_|\_\
04-10-2023 17:02:05.723Z;functions.bot_text_art;     |_||_|                                                     
04-10-2023 17:02:05.724Z;functions.bot_text_art;     | ||_|_   
04-10-2023 17:02:05.724Z;functions.bot_text_art;   |___||___|  
04-10-2023 17:02:05.724Z;functions.bot_text_art;               
04-10-2023 17:02:05.731Z;functions.open_RM;  OPEN PROGRAM RM
04-10-2023 17:02:14.943Z;functions.loggin_RM;  ENTER USER_NAME
04-10-2023 17:02:16.220Z;functions.loggin_RM;  ENTER PASSWORD
04-10-2023 17:02:17.173Z;functions.loggin_RM;  ENTER RM
04-10-2023 17:02:41.405Z;functions.enter_coligada;  CLICK CONTEXTO
04-10-2023 17:02:46.012Z;functions.enter_coligada;  CLICK COLIGADA 1
04-10-2023 17:02:47.485Z;functions.enter_coligada;  CLICK AVANÇAR
04-10-2023 17:02:49.769Z;functions.enter_coligada;  INSERE O COLIGADA CODE = 1
04-10-2023 17:02:49.881Z;functions.enter_coligada;  APERTA TAB PARA PREENCHER O CAMPO COM A STRING: OCEANICA ENGENHARIA E CONSULTORIA S.A.
04-10-2023 17:02:50.899Z;functions.enter_coligada;  CLICK AVANÇAR NOVAMENTE
04-10-2023 17:02:51.921Z;functions.enter_coligada;  CLICK CONCLUIR
04-10-2023 17:03:08.274Z;functions.enter_coligada;  POP UP COLIGADA DESAPARECER
04-10-2023 17:03:09.028Z;functions.enter_contas_a_pagar;  CLICK - TOTVS - LINHA RM
04-10-2023 17:03:10.492Z;functions.enter_contas_a_pagar;  CLICK - BACK OFFICE
04-10-2023 17:03:13.147Z;functions.enter_contas_a_pagar;  CLICK - GESTAO FINANCEIRA
04-10-2023 17:03:18.782Z;functions.enter_contas_a_pagar;  CLICK - CONTAS A PAGAR
04-10-2023 17:03:19.511Z;functions.waitForImage;  LANÇAMENTOS image found.
04-10-2023 17:03:21.628Z;functions.enter_contas_a_pagar;  CLICA EM LANÇAMENTOS
04-10-2023 17:03:23.630Z;functions.data_filter;  CLICK - SELECIONA A DATA DE QUARTA FEIRA E DA PROXIMA TERÇA
04-10-2023 17:03:23.632Z;functions.data_filter;  QUARTA-FEIRA: 04-10-2023
04-10-2023 17:03:23.633Z;functions.data_filter;  TERCA-FEIRA: 10-10-2023
04-10-2023 17:03:30.937Z;functions.data_filter;  ESCREVE REMESSA BANCÁRIA NO FILTRO
04-10-2023 17:03:31.752Z;functions.data_filter;  CLICK - BUTÃO DE SELECAO DE FILTRO
04-10-2023 17:03:34.220Z;functions.data_filter;  INSERE - DATA DE QUARTA-FEIRA: 04-10-2023
04-10-2023 17:03:36.193Z;functions.data_filter;  INSERE - DATA DA PROX TERCA-FEIRA: 10-10-2023
04-10-2023 17:03:37.044Z;functions.data_filter;  CLICK - BUTÃO DE EXECUTAR O FILTRO
04-10-2023 17:03:52.489Z;functions.waitForImage;  FILTER CLEAN image not found.
04-10-2023 17:04:43.012Z;functions.select_tipo_documento;  NOME DA COLUNA: Tipo de Documento
04-10-2023 17:04:44.643Z;functions.select_tipo_documento;  HOVER NOME DA COLUNA: Tipo de Documento
04-10-2023 17:04:44.762Z;functions.select_tipo_documento;  CLICA PARA APARECER O FILTRO PERSONALIZAR
04-10-2023 17:04:45.075Z;functions.select_tipo_documento;  CLICA NO FILTRO PERSONALIZAR
04-10-2023 17:04:46.564Z;functions.select_tipo_documento;  CLICA PARA SELECIONAR OPÇÕES DO FILTRO
04-10-2023 17:04:53.938Z;functions.select_tipo_documento;  CLICK BUTTON CONFIRMAR FILTRO
04-10-2023 17:04:55.676Z;functions.desmark_filter;  CLICK CHECKBOX LANÇAMENTOS A RECEBER
04-10-2023 17:04:56.931Z;functions.desmark_filter;  CLICK CHECKBOX LANÇAMENTOS BAIXADOS
04-10-2023 17:04:58.277Z;functions.desmark_filter;  CLICK CHECKBOX LANÇAMENTOS CANCELADOS
04-10-2023 17:04:59.766Z;functions.desmark_filter;  CLICK CHECKBOX LANÇAMENTOS FATURADOS
04-10-2023 17:05:01.277Z;functions.desmark_filter;  CLICK CHECKBOX LANÇAMENTOS FATURADOS
04-10-2023 17:05:02.867Z;functions.filter_IPTE;  CLICK NA PRIMEIRA LINHA E COLUNA DA TABELA
04-10-2023 17:05:17.937Z;functions.filter_IPTE;  147 PASSOS PARA DIREITA NA TABELA >>
04-10-2023 17:05:22.298Z;functions.filter_IPTE;  HOVER FILTER
04-10-2023 17:05:22.421Z;functions.filter_IPTE;  CLICK FILTER
04-10-2023 17:05:26.816Z;functions.filter_IPTE;  CLICA NO FILTRO PERSONALIZAR
04-10-2023 17:05:33.835Z;functions.check_table_record;  APERTA NÃO
04-10-2023 17:05:35.306Z;functions.check_table_record;  ABRE A NOTA
04-10-2023 17:05:41.586Z;functions.waitForImage;  INTEGRAÇÃO BANCÁRIA image found.
04-10-2023 17:05:43.694Z;functions.check_payment_type;  CLICA EM INTEGRAÇÃO BANCÁRIA
04-10-2023 17:06:00.542Z;functions.waitForImage;  BOLETO image found.
04-10-2023 17:06:02.649Z;functions.check_payment_type;  CLICA NO BOLETO
04-10-2023 17:06:04.771Z;functions.waitForImage;  PRESS BUTTON OK image found.
04-10-2023 17:06:06.773Z;functions.check_payment_type;  FORMA DE PAGAMENTO BOLETO - OK
04-10-2023 17:06:19.145Z;functions.waitForImage;  PRESS BUTTON OK image not found.
04-10-2023 17:06:19.240Z;functions.waitForImage;  PRESS BUTTON OK 2 image found.
04-10-2023 17:06:21.345Z;functions.check_payment_type;  PRESS BUTTON OK 2
04-10-2023 17:06:29.460Z;functions.check_payment_type;  PRESS BUTTON DOWN
04-10-2023 17:06:31.568Z;functions.check_payment_type;  ENTRANDO NO PRÓXIMO BOLETO
04-10-2023 17:06:38.660Z;functions.waitForImage;  INTEGRAÇÃO BANCÁRIA image found.
04-10-2023 17:06:40.773Z;functions.check_payment_type;  CLICA EM INTEGRAÇÃO BANCÁRIA
04-10-2023 17:06:57.615Z;functions.waitForImage;  BOLETO image found.
04-10-2023 17:06:59.722Z;functions.check_payment_type;  CLICA NO BOLETO
04-10-2023 17:07:01.814Z;functions.waitForImage;  PRESS BUTTON OK image found.
04-10-2023 17:07:03.816Z;functions.check_payment_type;  FORMA DE PAGAMENTO BOLETO - OK
04-10-2023 17:07:16.274Z;functions.waitForImage;  PRESS BUTTON OK image not found.
04-10-2023 17:07:16.371Z;functions.waitForImage;  PRESS BUTTON OK 2 image found.
04-10-2023 17:07:18.503Z;functions.check_payment_type;  PRESS BUTTON OK 2
04-10-2023 17:07:26.612Z;functions.check_payment_type;  PRESS BUTTON DOWN
04-10-2023 17:07:28.721Z;functions.check_payment_type;  ENTRANDO NO PRÓXIMO BOLETO
04-10-2023 17:07:35.824Z;functions.waitForImage;  INTEGRAÇÃO BANCÁRIA image found.
04-10-2023 17:07:37.939Z;functions.check_payment_type;  CLICA EM INTEGRAÇÃO BANCÁRIA
04-10-2023 17:07:54.824Z;functions.waitForImage;  BOLETO image found.
04-10-2023 17:07:56.956Z;functions.check_payment_type;  CLICA NO BOLETO
04-10-2023 17:07:59.063Z;functions.waitForImage;  PRESS BUTTON OK image found.
04-10-2023 17:08:01.064Z;functions.check_payment_type;  FORMA DE PAGAMENTO BOLETO - OK
04-10-2023 17:08:13.524Z;functions.waitForImage;  PRESS BUTTON OK image not found.
04-10-2023 17:08:13.616Z;functions.waitForImage;  PRESS BUTTON OK 2 image found.
04-10-2023 17:08:15.723Z;functions.check_payment_type;  PRESS BUTTON OK 2
04-10-2023 17:08:23.832Z;functions.check_payment_type;  PRESS BUTTON DOWN
04-10-2023 17:08:25.938Z;functions.check_payment_type;  ENTRANDO NO PRÓXIMO BOLETO
04-10-2023 17:08:33.026Z;functions.waitForImage;  INTEGRAÇÃO BANCÁRIA image found.
04-10-2023 17:08:35.140Z;functions.check_payment_type;  CLICA EM INTEGRAÇÃO BANCÁRIA
04-10-2023 17:08:51.995Z;functions.waitForImage;  BOLETO image found.
04-10-2023 17:08:54.132Z;functions.check_payment_type;  CLICA NO BOLETO
04-10-2023 17:08:56.265Z;functions.waitForImage;  PRESS BUTTON OK image found.
04-10-2023 17:08:58.267Z;functions.check_payment_type;  FORMA DE PAGAMENTO BOLETO - OK
04-10-2023 17:09:10.698Z;functions.waitForImage;  PRESS BUTTON OK image not found.
04-10-2023 17:09:10.798Z;functions.waitForImage;  PRESS BUTTON OK 2 image found.
04-10-2023 17:09:12.931Z;functions.check_payment_type;  PRESS BUTTON OK 2
04-10-2023 17:09:21.051Z;functions.check_payment_type;  PRESS BUTTON DOWN
04-10-2023 17:09:23.158Z;functions.check_payment_type;  ENTRANDO NO PRÓXIMO BOLETO
04-10-2023 17:09:30.274Z;functions.waitForImage;  INTEGRAÇÃO BANCÁRIA image found.
04-10-2023 17:09:32.388Z;functions.check_payment_type;  CLICA EM INTEGRAÇÃO BANCÁRIA
04-10-2023 17:09:49.266Z;functions.waitForImage;  BOLETO image found.
04-10-2023 17:09:51.402Z;functions.check_payment_type;  CLICA NO BOLETO
04-10-2023 17:09:53.554Z;functions.waitForImage;  PRESS BUTTON OK image found.
04-10-2023 17:09:55.556Z;functions.check_payment_type;  FORMA DE PAGAMENTO BOLETO - OK
04-10-2023 17:10:07.982Z;functions.waitForImage;  PRESS BUTTON OK image not found.
04-10-2023 17:10:08.095Z;functions.waitForImage;  PRESS BUTTON OK 2 image found.
04-10-2023 17:10:10.208Z;functions.check_payment_type;  PRESS BUTTON OK 2
04-10-2023 17:10:18.316Z;functions.check_payment_type;  PRESS BUTTON DOWN
04-10-2023 17:10:20.423Z;functions.check_payment_type;  ENTRANDO NO PRÓXIMO BOLETO
