04-10-2023 17:17:36.750Z;functions.check_table_record;  APERTA NÃO
04-10-2023 17:17:38.216Z;functions.check_table_record;  ABRE A NOTA
04-10-2023 17:17:43.342Z;functions.waitForImage;  INTEGRAÇÃO BANCÁRIA image found.
04-10-2023 17:17:45.453Z;functions.check_payment_type;  CLICA EM INTEGRAÇÃO BANCÁRIA
04-10-2023 17:18:02.324Z;functions.waitForImage;  BOLETO image found.
04-10-2023 17:18:04.447Z;functions.check_payment_type;  CLICA NO BOLETO
04-10-2023 17:18:06.553Z;functions.waitForImage;  PRESS BUTTON OK image found.
04-10-2023 17:18:08.555Z;functions.check_payment_type;  FORMA DE PAGAMENTO BOLETO - OK
04-10-2023 17:18:10.666Z;functions.waitForImage;  PRESS BUTTON OK image found.
04-10-2023 17:18:12.793Z;functions.check_payment_type;  PRESS BUTTON OK
04-10-2023 17:18:14.884Z;functions.waitForImage;  PRESS BUTTON OK 2 image found.
04-10-2023 17:18:17.017Z;functions.check_payment_type;  PRESS BUTTON OK 2
04-10-2023 17:18:25.125Z;functions.check_payment_type;  PRESS BUTTON DOWN
04-10-2023 17:18:27.232Z;functions.check_payment_type;  ENTRANDO NO PRÓXIMO BOLETO
04-10-2023 17:18:34.384Z;functions.waitForImage;  INTEGRAÇÃO BANCÁRIA image found.
04-10-2023 17:18:36.508Z;functions.check_payment_type;  CLICA EM INTEGRAÇÃO BANCÁRIA
04-10-2023 17:18:53.379Z;functions.waitForImage;  BOLETO image found.
04-10-2023 17:18:55.488Z;functions.check_payment_type;  CLICA NO BOLETO
04-10-2023 17:18:57.596Z;functions.waitForImage;  PRESS BUTTON OK image found.
04-10-2023 17:18:59.598Z;functions.check_payment_type;  FORMA DE PAGAMENTO BOLETO - OK
04-10-2023 17:19:01.720Z;functions.waitForImage;  PRESS BUTTON OK image found.
04-10-2023 17:19:03.840Z;functions.check_payment_type;  PRESS BUTTON OK
04-10-2023 17:19:05.939Z;functions.waitForImage;  PRESS BUTTON OK 2 image found.
04-10-2023 17:19:08.068Z;functions.check_payment_type;  PRESS BUTTON OK 2
04-10-2023 17:19:16.175Z;functions.check_payment_type;  PRESS BUTTON DOWN
04-10-2023 17:19:18.281Z;functions.check_payment_type;  ENTRANDO NO PRÓXIMO BOLETO
04-10-2023 17:19:25.438Z;functions.waitForImage;  INTEGRAÇÃO BANCÁRIA image found.
04-10-2023 17:19:27.566Z;functions.check_payment_type;  CLICA EM INTEGRAÇÃO BANCÁRIA
04-10-2023 17:19:44.467Z;functions.waitForImage;  BOLETO image found.
04-10-2023 17:19:46.590Z;functions.check_payment_type;  CLICA NO BOLETO
04-10-2023 17:19:48.690Z;functions.waitForImage;  PRESS BUTTON OK image found.
04-10-2023 17:19:50.692Z;functions.check_payment_type;  FORMA DE PAGAMENTO BOLETO - OK
04-10-2023 17:19:52.804Z;functions.waitForImage;  PRESS BUTTON OK image found.
04-10-2023 17:19:54.930Z;functions.check_payment_type;  PRESS BUTTON OK
04-10-2023 17:19:57.055Z;functions.waitForImage;  PRESS BUTTON OK 2 image found.
04-10-2023 17:19:59.169Z;functions.check_payment_type;  PRESS BUTTON OK 2
04-10-2023 17:20:07.276Z;functions.check_payment_type;  PRESS BUTTON DOWN
04-10-2023 17:20:09.383Z;functions.check_payment_type;  ENTRANDO NO PRÓXIMO BOLETO
04-10-2023 17:20:16.524Z;functions.waitForImage;  INTEGRAÇÃO BANCÁRIA image found.
04-10-2023 17:20:18.644Z;functions.check_payment_type;  CLICA EM INTEGRAÇÃO BANCÁRIA
04-10-2023 17:20:35.502Z;functions.waitForImage;  BOLETO image found.
04-10-2023 17:20:37.615Z;functions.check_payment_type;  CLICA NO BOLETO
04-10-2023 17:20:39.743Z;functions.waitForImage;  PRESS BUTTON OK image found.
04-10-2023 17:20:41.745Z;functions.check_payment_type;  FORMA DE PAGAMENTO BOLETO - OK
04-10-2023 17:20:43.841Z;functions.waitForImage;  PRESS BUTTON OK image found.
04-10-2023 17:20:45.969Z;functions.check_payment_type;  PRESS BUTTON OK
04-10-2023 17:20:48.060Z;functions.waitForImage;  PRESS BUTTON OK 2 image found.
04-10-2023 17:20:50.176Z;functions.check_payment_type;  PRESS BUTTON OK 2
04-10-2023 17:20:58.283Z;functions.check_payment_type;  PRESS BUTTON DOWN
04-10-2023 17:21:00.392Z;functions.check_payment_type;  ENTRANDO NO PRÓXIMO BOLETO
04-10-2023 17:21:07.515Z;functions.waitForImage;  INTEGRAÇÃO BANCÁRIA image found.
04-10-2023 17:21:09.632Z;functions.check_payment_type;  CLICA EM INTEGRAÇÃO BANCÁRIA
04-10-2023 17:21:26.493Z;functions.waitForImage;  BOLETO image found.
04-10-2023 17:21:28.606Z;functions.check_payment_type;  CLICA NO BOLETO
04-10-2023 17:21:30.720Z;functions.waitForImage;  PRESS BUTTON OK image found.
04-10-2023 17:21:32.722Z;functions.check_payment_type;  FORMA DE PAGAMENTO BOLETO - OK
04-10-2023 17:21:34.828Z;functions.waitForImage;  PRESS BUTTON OK image found.
04-10-2023 17:21:36.941Z;functions.check_payment_type;  PRESS BUTTON OK
04-10-2023 17:21:39.037Z;functions.waitForImage;  PRESS BUTTON OK 2 image found.
04-10-2023 17:21:41.150Z;functions.check_payment_type;  PRESS BUTTON OK 2
04-10-2023 17:21:49.257Z;functions.check_payment_type;  PRESS BUTTON DOWN
04-10-2023 17:21:51.369Z;functions.check_payment_type;  ENTRANDO NO PRÓXIMO BOLETO
