04-10-2023 18:48:14.691Z;functions.bot_text_art;      ____   
04-10-2023 18:48:14.692Z;functions.bot_text_art;     [____]    
04-10-2023 18:48:14.692Z;functions.bot_text_art;   |=]()()[=|  
04-10-2023 18:48:14.693Z;functions.bot_text_art;     _\==/__    _____    ____     _        _____    ___   _  __
04-10-2023 18:48:14.693Z;functions.bot_text_art;   |__|   |_|  |  _  \  / ___|   | |      |_   _| / ___| | |/ /
04-10-2023 18:48:14.694Z;functions.bot_text_art;   |_|_/\_|_|  | |  | | | |      | |        | |   | |    | ' / 
04-10-2023 18:48:14.694Z;functions.bot_text_art;   | | __ | |  | |  | | | |      | |        | |   | |    |  <  
04-10-2023 18:48:14.695Z;functions.bot_text_art;   |_|[  ]|_|  | |__| | | |____  | |____   _| |_  | |__  | . \ 
04-10-2023 18:48:14.696Z;functions.bot_text_art;   \_|_||_|_/  |_____/   \_____| |______| |_____| \ ___| |_|\_\
04-10-2023 18:48:14.696Z;functions.bot_text_art;     |_||_|                                                     
04-10-2023 18:48:14.697Z;functions.bot_text_art;     | ||_|_   
04-10-2023 18:48:14.697Z;functions.bot_text_art;   |___||___|  
04-10-2023 18:48:14.698Z;functions.bot_text_art;               
04-10-2023 18:48:14.703Z;functions.open_RM;  OPEN PROGRAM RM
04-10-2023 18:48:23.264Z;functions.loggin_RM;  ENTER USER_NAME
04-10-2023 18:48:24.465Z;functions.loggin_RM;  ENTER PASSWORD
04-10-2023 18:48:25.385Z;functions.loggin_RM;  ENTER RM
04-10-2023 18:48:49.237Z;functions.enter_coligada;  CLICK CONTEXTO
04-10-2023 18:48:53.767Z;functions.enter_coligada;  CLICK COLIGADA 1
04-10-2023 18:48:55.717Z;functions.enter_coligada;  CLICK AVANÇAR
04-10-2023 18:48:57.931Z;functions.enter_coligada;  INSERE O COLIGADA CODE = 1
04-10-2023 18:48:58.035Z;functions.enter_coligada;  APERTA TAB PARA PREENCHER O CAMPO COM A STRING: OCEANICA ENGENHARIA E CONSULTORIA S.A.
04-10-2023 18:48:59.096Z;functions.enter_coligada;  CLICK AVANÇAR NOVAMENTE
04-10-2023 18:49:00.095Z;functions.enter_coligada;  CLICK CONCLUIR
04-10-2023 18:49:16.419Z;functions.enter_coligada;  POP UP COLIGADA DESAPARECER
04-10-2023 18:49:17.175Z;functions.enter_contas_a_pagar;  CLICK - TOTVS - LINHA RM
04-10-2023 18:49:18.537Z;functions.enter_contas_a_pagar;  CLICK - BACK OFFICE
04-10-2023 18:49:21.171Z;functions.enter_contas_a_pagar;  CLICK - GESTAO FINANCEIRA
04-10-2023 18:49:26.684Z;functions.enter_contas_a_pagar;  CLICK - CONTAS A PAGAR
04-10-2023 18:49:27.413Z;functions.waitForImage;  LANÇAMENTOS image found.
04-10-2023 18:49:29.527Z;functions.enter_contas_a_pagar;  CLICA EM LANÇAMENTOS
04-10-2023 18:49:31.531Z;functions.data_filter;  CLICK - SELECIONA A DATA DE QUARTA FEIRA E DA PROXIMA TERÇA
04-10-2023 18:49:31.532Z;functions.data_filter;  QUARTA-FEIRA: 04-10-2023
04-10-2023 18:49:31.533Z;functions.data_filter;  TERCA-FEIRA: 10-10-2023
04-10-2023 18:49:38.790Z;functions.data_filter;  ESCREVE REMESSA BANCÁRIA NO FILTRO
04-10-2023 18:49:39.607Z;functions.data_filter;  CLICK - BUTÃO DE SELECAO DE FILTRO
04-10-2023 18:49:42.071Z;functions.data_filter;  INSERE - DATA DE QUARTA-FEIRA: 04-10-2023
04-10-2023 18:49:44.055Z;functions.data_filter;  INSERE - DATA DA PROX TERCA-FEIRA: 10-10-2023
04-10-2023 18:49:44.951Z;functions.data_filter;  CLICK - BUTÃO DE EXECUTAR O FILTRO
04-10-2023 18:50:00.322Z;functions.waitForImage;  FILTER CLEAN image not found.
04-10-2023 18:50:27.144Z;functions.select_tipo_documento;  NOME DA COLUNA: Tipo de Documento
04-10-2023 18:50:28.683Z;functions.select_tipo_documento;  HOVER NOME DA COLUNA: Tipo de Documento
04-10-2023 18:50:28.801Z;functions.select_tipo_documento;  CLICA PARA APARECER O FILTRO PERSONALIZAR
04-10-2023 18:50:29.112Z;functions.select_tipo_documento;  CLICA NO FILTRO PERSONALIZAR
04-10-2023 18:50:30.502Z;functions.select_tipo_documento;  CLICA PARA SELECIONAR OPÇÕES DO FILTRO
04-10-2023 18:50:37.692Z;functions.select_tipo_documento;  CLICK BUTTON CONFIRMAR FILTRO
04-10-2023 18:50:38.938Z;functions.desmark_filter;  CLICK CHECKBOX LANÇAMENTOS A RECEBER
04-10-2023 18:50:39.969Z;functions.desmark_filter;  CLICK CHECKBOX LANÇAMENTOS BAIXADOS
04-10-2023 18:50:41.110Z;functions.desmark_filter;  CLICK CHECKBOX LANÇAMENTOS CANCELADOS
04-10-2023 18:50:42.359Z;functions.desmark_filter;  CLICK CHECKBOX LANÇAMENTOS FATURADOS
04-10-2023 18:50:43.702Z;functions.desmark_filter;  CLICK CHECKBOX LANÇAMENTOS FATURADOS
04-10-2023 18:50:45.145Z;functions.filter_IPTE;  CLICK NA PRIMEIRA LINHA E COLUNA DA TABELA
04-10-2023 18:51:00.188Z;functions.filter_IPTE;  147 PASSOS PARA DIREITA NA TABELA >>
04-10-2023 18:51:03.930Z;functions.filter_IPTE;  HOVER FILTER
04-10-2023 18:51:04.049Z;functions.filter_IPTE;  CLICK FILTER
04-10-2023 18:51:08.388Z;functions.filter_IPTE;  CLICA NO FILTRO PERSONALIZAR
04-10-2023 18:51:49.451Z;functions.show_exception_and_exit;  
Traceback (most recent call last):
  File "c:\projetos\remessas\main.py", line 20, in <module>
    check_table_record()
  File "c:\projetos\remessas\SUBPROGRAMS\functions.py", line 303, in check_table_record
    table_rows = ui(locator.rm.text_table_row).get_text()
                 ^^^^^^^^^^^^^^^^^^^^^^^^^^^^^^^^^^^^^^^^
  File "C:\projetos\remessas\venv\Lib\site-packages\clicknium\core\service\invokerservice.py", line 156, in wrapper
    TelemetryService.report_event(EventTypes.ExceptionReport, properties)
  File "C:\projetos\remessas\venv\Lib\site-packages\clicknium\core\service\invokerservice.py", line 396, in report_event
    TelemetryInstance.ReportEvent(data)
KeyboardInterrupt
