04-10-2023 18:52:15.824Z;functions.bot_text_art;      ____   
04-10-2023 18:52:15.824Z;functions.bot_text_art;     [____]    
04-10-2023 18:52:15.825Z;functions.bot_text_art;   |=]()()[=|  
04-10-2023 18:52:15.825Z;functions.bot_text_art;     _\==/__    _____    ____     _        _____    ___   _  __
04-10-2023 18:52:15.825Z;functions.bot_text_art;   |__|   |_|  |  _  \  / ___|   | |      |_   _| / ___| | |/ /
04-10-2023 18:52:15.825Z;functions.bot_text_art;   |_|_/\_|_|  | |  | | | |      | |        | |   | |    | ' / 
04-10-2023 18:52:15.826Z;functions.bot_text_art;   | | __ | |  | |  | | | |      | |        | |   | |    |  <  
04-10-2023 18:52:15.827Z;functions.bot_text_art;   |_|[  ]|_|  | |__| | | |____  | |____   _| |_  | |__  | . \ 
04-10-2023 18:52:15.828Z;functions.bot_text_art;   \_|_||_|_/  |_____/   \_____| |______| |_____| \ ___| |_|\_\
04-10-2023 18:52:15.829Z;functions.bot_text_art;     |_||_|                                                     
04-10-2023 18:52:15.829Z;functions.bot_text_art;     | ||_|_   
04-10-2023 18:52:15.830Z;functions.bot_text_art;   |___||___|  
04-10-2023 18:52:15.830Z;functions.bot_text_art;               
04-10-2023 18:52:16.141Z;functions.open_RM;  OPEN PROGRAM RM
04-10-2023 18:52:28.227Z;functions.loggin_RM;  ENTER USER_NAME
04-10-2023 18:52:29.424Z;functions.loggin_RM;  ENTER PASSWORD
04-10-2023 18:52:30.345Z;functions.loggin_RM;  ENTER RM
04-10-2023 18:53:07.500Z;functions.enter_coligada;  CLICK CONTEXTO
04-10-2023 18:53:11.992Z;functions.enter_coligada;  CLICK COLIGADA 1
04-10-2023 18:53:13.793Z;functions.enter_coligada;  CLICK AVANÇAR
04-10-2023 18:53:16.008Z;functions.enter_coligada;  INSERE O COLIGADA CODE = 1
04-10-2023 18:53:16.111Z;functions.enter_coligada;  APERTA TAB PARA PREENCHER O CAMPO COM A STRING: OCEANICA ENGENHARIA E CONSULTORIA S.A.
04-10-2023 18:53:17.598Z;functions.enter_coligada;  CLICK AVANÇAR NOVAMENTE
04-10-2023 18:53:18.611Z;functions.enter_coligada;  CLICK CONCLUIR
04-10-2023 18:53:35.175Z;functions.enter_coligada;  POP UP COLIGADA DESAPARECER
04-10-2023 18:53:35.947Z;functions.enter_contas_a_pagar;  CLICK - TOTVS - LINHA RM
04-10-2023 18:53:37.465Z;functions.enter_contas_a_pagar;  CLICK - BACK OFFICE
04-10-2023 18:53:38.331Z;functions.enter_contas_a_pagar;  CLICK - GESTAO FINANCEIRA
04-10-2023 18:53:43.775Z;functions.enter_contas_a_pagar;  CLICK - CONTAS A PAGAR
04-10-2023 18:53:44.522Z;functions.waitForImage;  LANÇAMENTOS image found.
04-10-2023 18:53:46.627Z;functions.enter_contas_a_pagar;  CLICA EM LANÇAMENTOS
04-10-2023 18:53:48.633Z;functions.data_filter;  CLICK - SELECIONA A DATA DE QUARTA FEIRA E DA PROXIMA TERÇA
04-10-2023 18:53:48.635Z;functions.data_filter;  QUARTA-FEIRA: 04-10-2023
04-10-2023 18:53:48.636Z;functions.data_filter;  TERCA-FEIRA: 10-10-2023
04-10-2023 18:53:57.933Z;functions.data_filter;  ESCREVE REMESSA BANCÁRIA NO FILTRO
04-10-2023 18:53:58.700Z;functions.data_filter;  CLICK - BUTÃO DE SELECAO DE FILTRO
04-10-2023 18:54:01.135Z;functions.data_filter;  INSERE - DATA DE QUARTA-FEIRA: 04-10-2023
04-10-2023 18:54:03.250Z;functions.data_filter;  INSERE - DATA DA PROX TERCA-FEIRA: 10-10-2023
04-10-2023 18:54:04.120Z;functions.data_filter;  CLICK - BUTÃO DE EXECUTAR O FILTRO
04-10-2023 18:54:19.543Z;functions.waitForImage;  FILTER CLEAN image not found.
04-10-2023 18:54:46.855Z;functions.select_tipo_documento;  NOME DA COLUNA: Tipo de Documento
04-10-2023 18:54:48.505Z;functions.select_tipo_documento;  HOVER NOME DA COLUNA: Tipo de Documento
04-10-2023 18:54:48.626Z;functions.select_tipo_documento;  CLICA PARA APARECER O FILTRO PERSONALIZAR
04-10-2023 18:54:48.945Z;functions.select_tipo_documento;  CLICA NO FILTRO PERSONALIZAR
04-10-2023 18:54:50.501Z;functions.select_tipo_documento;  CLICA PARA SELECIONAR OPÇÕES DO FILTRO
04-10-2023 18:54:57.793Z;functions.select_tipo_documento;  CLICK BUTTON CONFIRMAR FILTRO
04-10-2023 18:54:59.468Z;functions.desmark_filter;  CLICK CHECKBOX LANÇAMENTOS A RECEBER
04-10-2023 18:55:00.672Z;functions.desmark_filter;  CLICK CHECKBOX LANÇAMENTOS BAIXADOS
04-10-2023 18:55:02.071Z;functions.desmark_filter;  CLICK CHECKBOX LANÇAMENTOS CANCELADOS
04-10-2023 18:55:03.501Z;functions.desmark_filter;  CLICK CHECKBOX LANÇAMENTOS FATURADOS
04-10-2023 18:55:04.919Z;functions.desmark_filter;  CLICK CHECKBOX LANÇAMENTOS FATURADOS
04-10-2023 18:55:06.229Z;functions.filter_IPTE;  CLICK NA PRIMEIRA LINHA E COLUNA DA TABELA
04-10-2023 18:55:21.331Z;functions.filter_IPTE;  147 PASSOS PARA DIREITA NA TABELA >>
04-10-2023 18:55:25.221Z;functions.filter_IPTE;  HOVER FILTER
04-10-2023 18:55:25.339Z;functions.filter_IPTE;  CLICK FILTER
04-10-2023 18:55:29.692Z;functions.filter_IPTE;  CLICA NO FILTRO PERSONALIZAR
04-10-2023 18:55:36.738Z;functions.check_table_record;  APERTA NÃO
04-10-2023 18:55:38.265Z;functions.check_table_record;  ABRE A NOTA
04-10-2023 18:55:50.001Z;functions.waitForImage;  INTEGRAÇÃO BANCÁRIA image found.
04-10-2023 18:55:52.122Z;functions.check_payment_type;  CLICA EM INTEGRAÇÃO BANCÁRIA
04-10-2023 18:56:08.960Z;functions.waitForImage;  BOLETO image found.
04-10-2023 18:56:11.086Z;functions.check_payment_type;  CLICA NO BOLETO
04-10-2023 18:56:13.211Z;functions.waitForImage;  PRESS BUTTON OK image found.
04-10-2023 18:56:15.212Z;functions.check_payment_type;  FORMA DE PAGAMENTO BOLETO - OK
04-10-2023 18:56:17.355Z;functions.waitForImage;  PRESS BUTTON OK image found.
04-10-2023 18:56:19.472Z;functions.check_payment_type;  PRESS BUTTON OK
04-10-2023 18:56:21.639Z;functions.waitForImage;  PRESS BUTTON OK 2 image found.
04-10-2023 18:56:23.771Z;functions.check_payment_type;  PRESS BUTTON OK 2
04-10-2023 18:56:31.878Z;functions.check_table_record;  PRESS BUTTON DOWN
04-10-2023 18:56:33.985Z;functions.check_table_record;  ENTRANDO NO PRÓXIMO BOLETO
04-10-2023 18:56:41.107Z;functions.waitForImage;  INTEGRAÇÃO BANCÁRIA image found.
04-10-2023 18:56:43.229Z;functions.check_payment_type;  CLICA EM INTEGRAÇÃO BANCÁRIA
04-10-2023 18:57:00.104Z;functions.waitForImage;  BOLETO image found.
04-10-2023 18:57:02.213Z;functions.check_payment_type;  CLICA NO BOLETO
04-10-2023 18:57:04.326Z;functions.waitForImage;  PRESS BUTTON OK image found.
04-10-2023 18:57:06.328Z;functions.check_payment_type;  FORMA DE PAGAMENTO BOLETO - OK
04-10-2023 18:57:08.442Z;functions.waitForImage;  PRESS BUTTON OK image found.
04-10-2023 18:57:10.559Z;functions.check_payment_type;  PRESS BUTTON OK
04-10-2023 18:57:12.698Z;functions.waitForImage;  PRESS BUTTON OK 2 image found.
04-10-2023 18:57:14.814Z;functions.check_payment_type;  PRESS BUTTON OK 2
04-10-2023 18:57:22.923Z;functions.check_table_record;  PRESS BUTTON DOWN
04-10-2023 18:57:25.029Z;functions.check_table_record;  ENTRANDO NO PRÓXIMO BOLETO
04-10-2023 18:57:32.173Z;functions.waitForImage;  INTEGRAÇÃO BANCÁRIA image found.
04-10-2023 18:57:34.299Z;functions.check_payment_type;  CLICA EM INTEGRAÇÃO BANCÁRIA
04-10-2023 18:57:51.202Z;functions.waitForImage;  BOLETO image found.
04-10-2023 18:57:53.334Z;functions.check_payment_type;  CLICA NO BOLETO
04-10-2023 18:57:55.479Z;functions.waitForImage;  PRESS BUTTON OK image found.
04-10-2023 18:57:57.481Z;functions.check_payment_type;  FORMA DE PAGAMENTO BOLETO - OK
04-10-2023 18:57:59.627Z;functions.waitForImage;  PRESS BUTTON OK image found.
04-10-2023 18:58:01.750Z;functions.check_payment_type;  PRESS BUTTON OK
04-10-2023 18:58:03.878Z;functions.waitForImage;  PRESS BUTTON OK 2 image found.
04-10-2023 18:58:05.993Z;functions.check_payment_type;  PRESS BUTTON OK 2
04-10-2023 18:58:14.100Z;functions.check_table_record;  PRESS BUTTON DOWN
04-10-2023 18:58:16.207Z;functions.check_table_record;  ENTRANDO NO PRÓXIMO BOLETO
04-10-2023 18:58:23.314Z;functions.waitForImage;  INTEGRAÇÃO BANCÁRIA image found.
04-10-2023 18:58:25.439Z;functions.check_payment_type;  CLICA EM INTEGRAÇÃO BANCÁRIA
04-10-2023 18:58:42.317Z;functions.waitForImage;  BOLETO image found.
04-10-2023 18:58:44.439Z;functions.check_payment_type;  CLICA NO BOLETO
04-10-2023 18:58:46.552Z;functions.waitForImage;  PRESS BUTTON OK image found.
04-10-2023 18:58:48.554Z;functions.check_payment_type;  FORMA DE PAGAMENTO BOLETO - OK
04-10-2023 18:58:50.671Z;functions.waitForImage;  PRESS BUTTON OK image found.
04-10-2023 18:58:52.778Z;functions.check_payment_type;  PRESS BUTTON OK
04-10-2023 18:58:54.897Z;functions.waitForImage;  PRESS BUTTON OK 2 image found.
04-10-2023 18:58:57.010Z;functions.check_payment_type;  PRESS BUTTON OK 2
04-10-2023 18:59:05.119Z;functions.check_table_record;  PRESS BUTTON DOWN
04-10-2023 18:59:07.226Z;functions.check_table_record;  ENTRANDO NO PRÓXIMO BOLETO
04-10-2023 18:59:14.321Z;functions.waitForImage;  INTEGRAÇÃO BANCÁRIA image found.
04-10-2023 18:59:16.439Z;functions.check_payment_type;  CLICA EM INTEGRAÇÃO BANCÁRIA
04-10-2023 18:59:33.367Z;functions.waitForImage;  BOLETO image found.
04-10-2023 18:59:35.477Z;functions.check_payment_type;  CLICA NO BOLETO
04-10-2023 18:59:37.622Z;functions.waitForImage;  PRESS BUTTON OK image found.
04-10-2023 18:59:39.625Z;functions.check_payment_type;  FORMA DE PAGAMENTO BOLETO - OK
04-10-2023 18:59:41.731Z;functions.waitForImage;  PRESS BUTTON OK image found.
04-10-2023 18:59:43.846Z;functions.check_payment_type;  PRESS BUTTON OK
04-10-2023 18:59:45.957Z;functions.waitForImage;  PRESS BUTTON OK 2 image found.
04-10-2023 18:59:48.066Z;functions.check_payment_type;  PRESS BUTTON OK 2
04-10-2023 18:59:56.173Z;functions.check_table_record;  PRESS BUTTON DOWN
04-10-2023 18:59:58.282Z;functions.check_table_record;  ENTRANDO NO PRÓXIMO BOLETO
04-10-2023 19:00:05.395Z;functions.waitForImage;  INTEGRAÇÃO BANCÁRIA image found.
04-10-2023 19:00:07.504Z;functions.check_payment_type;  CLICA EM INTEGRAÇÃO BANCÁRIA
04-10-2023 19:00:24.380Z;functions.waitForImage;  BOLETO image found.
04-10-2023 19:00:26.505Z;functions.check_payment_type;  CLICA NO BOLETO
04-10-2023 19:00:28.618Z;functions.waitForImage;  PRESS BUTTON OK image found.
04-10-2023 19:00:30.620Z;functions.check_payment_type;  FORMA DE PAGAMENTO BOLETO - OK
04-10-2023 19:00:32.726Z;functions.waitForImage;  PRESS BUTTON OK image found.
04-10-2023 19:00:34.857Z;functions.check_payment_type;  PRESS BUTTON OK
04-10-2023 19:00:36.941Z;functions.waitForImage;  PRESS BUTTON OK 2 image found.
04-10-2023 19:00:39.058Z;functions.check_payment_type;  PRESS BUTTON OK 2
