04-10-2023 19:49:13.432Z;functions.bot_text_art;      ____   
04-10-2023 19:49:13.433Z;functions.bot_text_art;     [____]    
04-10-2023 19:49:13.433Z;functions.bot_text_art;   |=]()()[=|  
04-10-2023 19:49:13.434Z;functions.bot_text_art;     _\==/__    _____    ____     _        _____    ___   _  __
04-10-2023 19:49:13.434Z;functions.bot_text_art;   |__|   |_|  |  _  \  / ___|   | |      |_   _| / ___| | |/ /
04-10-2023 19:49:13.435Z;functions.bot_text_art;   |_|_/\_|_|  | |  | | | |      | |        | |   | |    | ' / 
04-10-2023 19:49:13.436Z;functions.bot_text_art;   | | __ | |  | |  | | | |      | |        | |   | |    |  <  
04-10-2023 19:49:13.437Z;functions.bot_text_art;   |_|[  ]|_|  | |__| | | |____  | |____   _| |_  | |__  | . \ 
04-10-2023 19:49:13.438Z;functions.bot_text_art;   \_|_||_|_/  |_____/   \_____| |______| |_____| \ ___| |_|\_\
04-10-2023 19:49:13.439Z;functions.bot_text_art;     |_||_|                                                     
04-10-2023 19:49:13.440Z;functions.bot_text_art;     | ||_|_   
04-10-2023 19:49:13.441Z;functions.bot_text_art;   |___||___|  
04-10-2023 19:49:13.441Z;functions.bot_text_art;               
04-10-2023 19:49:13.447Z;functions.open_RM;  OPEN PROGRAM RM
04-10-2023 19:49:22.941Z;functions.loggin_RM;  ENTER USER_NAME
04-10-2023 19:49:24.266Z;functions.loggin_RM;  ENTER PASSWORD
04-10-2023 19:49:25.222Z;functions.loggin_RM;  ENTER RM
04-10-2023 19:49:49.261Z;functions.enter_coligada;  CLICK CONTEXTO
04-10-2023 19:49:53.805Z;functions.enter_coligada;  CLICK COLIGADA 1
04-10-2023 19:49:55.394Z;functions.enter_coligada;  CLICK AVANÇAR
04-10-2023 19:49:57.726Z;functions.enter_coligada;  INSERE O COLIGADA CODE = 1
04-10-2023 19:49:57.840Z;functions.enter_coligada;  APERTA TAB PARA PREENCHER O CAMPO COM A STRING: OCEANICA ENGENHARIA E CONSULTORIA S.A.
04-10-2023 19:49:58.816Z;functions.enter_coligada;  CLICK AVANÇAR NOVAMENTE
04-10-2023 19:49:59.808Z;functions.enter_coligada;  CLICK CONCLUIR
04-10-2023 19:50:16.458Z;functions.enter_coligada;  POP UP COLIGADA DESAPARECER
04-10-2023 19:50:17.250Z;functions.enter_contas_a_pagar;  CLICK - TOTVS - LINHA RM
04-10-2023 19:50:18.775Z;functions.enter_contas_a_pagar;  CLICK - BACK OFFICE
04-10-2023 19:50:21.456Z;functions.enter_contas_a_pagar;  CLICK - GESTAO FINANCEIRA
04-10-2023 19:50:26.991Z;functions.enter_contas_a_pagar;  CLICK - CONTAS A PAGAR
04-10-2023 19:50:27.683Z;functions.waitForImage;  LANÇAMENTOS image found.
04-10-2023 19:50:29.790Z;functions.enter_contas_a_pagar;  CLICA EM LANÇAMENTOS
04-10-2023 19:50:31.794Z;functions.data_filter;  CLICK - SELECIONA A DATA DE QUARTA FEIRA E DA PROXIMA TERÇA
04-10-2023 19:50:31.796Z;functions.data_filter;  QUARTA-FEIRA: 04-10-2023
04-10-2023 19:50:31.797Z;functions.data_filter;  TERCA-FEIRA: 10-10-2023
04-10-2023 19:50:39.687Z;functions.data_filter;  ESCREVE REMESSA BANCÁRIA NO FILTRO
04-10-2023 19:50:40.524Z;functions.data_filter;  CLICK - BUTÃO DE SELECAO DE FILTRO
04-10-2023 19:50:43.108Z;functions.data_filter;  INSERE - DATA DE QUARTA-FEIRA: 04-10-2023
04-10-2023 19:50:45.064Z;functions.data_filter;  INSERE - DATA DA PROX TERCA-FEIRA: 10-10-2023
04-10-2023 19:50:45.882Z;functions.data_filter;  CLICK - BUTÃO DE EXECUTAR O FILTRO
04-10-2023 19:51:01.381Z;functions.waitForImage;  FILTER CLEAN image not found.
04-10-2023 19:52:03.076Z;functions.select_tipo_documento;  NOME DA COLUNA: Tipo de Documento
04-10-2023 19:52:04.750Z;functions.select_tipo_documento;  HOVER NOME DA COLUNA: Tipo de Documento
04-10-2023 19:52:04.886Z;functions.select_tipo_documento;  CLICA PARA APARECER O FILTRO PERSONALIZAR
04-10-2023 19:52:05.201Z;functions.select_tipo_documento;  CLICA NO FILTRO PERSONALIZAR
04-10-2023 19:52:06.859Z;functions.select_tipo_documento;  CLICA PARA SELECIONAR OPÇÕES DO FILTRO
04-10-2023 19:52:14.230Z;functions.select_tipo_documento;  CLICK BUTTON CONFIRMAR FILTRO
04-10-2023 19:52:16.234Z;functions.desmark_filter;  CLICK CHECKBOX LANÇAMENTOS A RECEBER
04-10-2023 19:52:17.575Z;functions.desmark_filter;  CLICK CHECKBOX LANÇAMENTOS BAIXADOS
04-10-2023 19:52:19.044Z;functions.desmark_filter;  CLICK CHECKBOX LANÇAMENTOS CANCELADOS
04-10-2023 19:52:20.574Z;functions.desmark_filter;  CLICK CHECKBOX LANÇAMENTOS FATURADOS
04-10-2023 19:52:22.446Z;functions.desmark_filter;  CLICK CHECKBOX LANÇAMENTOS FATURADOS
04-10-2023 19:52:23.704Z;functions.filter_IPTE;  CLICK NA PRIMEIRA LINHA E COLUNA DA TABELA
04-10-2023 19:52:38.819Z;functions.filter_IPTE;  147 PASSOS PARA DIREITA NA TABELA >>
04-10-2023 19:52:42.805Z;functions.filter_IPTE;  HOVER FILTER
04-10-2023 19:52:42.924Z;functions.filter_IPTE;  CLICK FILTER
04-10-2023 19:52:47.289Z;functions.filter_IPTE;  CLICA NO FILTRO PERSONALIZAR
04-10-2023 19:52:54.348Z;functions.check_table_record;  APERTA NÃO
04-10-2023 19:52:55.793Z;functions.check_table_record;  ABRE A NOTA
04-10-2023 19:53:01.501Z;functions.waitForImage;  INTEGRAÇÃO BANCÁRIA image found.
04-10-2023 19:53:03.619Z;functions.check_payment_type;  CLICA EM INTEGRAÇÃO BANCÁRIA
04-10-2023 19:53:20.532Z;functions.waitForImage;  BOLETO image found.
04-10-2023 19:53:22.645Z;functions.check_payment_type;  CLICA NO BOLETO
04-10-2023 19:53:24.738Z;functions.waitForImage;  PRESS BUTTON OK image found.
04-10-2023 19:53:26.740Z;functions.check_payment_type;  FORMA DE PAGAMENTO BOLETO - OK
04-10-2023 19:53:28.884Z;functions.waitForImage;  PRESS BUTTON OK image found.
04-10-2023 19:53:30.994Z;functions.check_payment_type;  PRESS BUTTON OK
04-10-2023 19:53:33.103Z;functions.waitForImage;  PRESS BUTTON OK 2 image found.
04-10-2023 19:53:35.219Z;functions.check_payment_type;  PRESS BUTTON OK 2
04-10-2023 19:53:43.327Z;functions.check_table_record;  PRESS BUTTON DOWN
04-10-2023 19:53:45.434Z;functions.check_table_record;  ENTRANDO NO PRÓXIMO BOLETO
04-10-2023 19:53:52.570Z;functions.waitForImage;  INTEGRAÇÃO BANCÁRIA image found.
04-10-2023 19:53:54.686Z;functions.check_payment_type;  CLICA EM INTEGRAÇÃO BANCÁRIA
04-10-2023 19:54:11.566Z;functions.waitForImage;  BOLETO image found.
04-10-2023 19:54:13.696Z;functions.check_payment_type;  CLICA NO BOLETO
04-10-2023 19:54:15.800Z;functions.waitForImage;  PRESS BUTTON OK image found.
04-10-2023 19:54:17.803Z;functions.check_payment_type;  FORMA DE PAGAMENTO BOLETO - OK
04-10-2023 19:54:19.916Z;functions.waitForImage;  PRESS BUTTON OK image found.
04-10-2023 19:54:22.034Z;functions.check_payment_type;  PRESS BUTTON OK
04-10-2023 19:54:24.119Z;functions.waitForImage;  PRESS BUTTON OK 2 image found.
04-10-2023 19:54:26.246Z;functions.check_payment_type;  PRESS BUTTON OK 2
04-10-2023 19:54:34.353Z;functions.check_table_record;  PRESS BUTTON DOWN
04-10-2023 19:54:36.460Z;functions.check_table_record;  ENTRANDO NO PRÓXIMO BOLETO
04-10-2023 19:54:43.567Z;functions.waitForImage;  INTEGRAÇÃO BANCÁRIA image found.
04-10-2023 19:54:45.694Z;functions.check_payment_type;  CLICA EM INTEGRAÇÃO BANCÁRIA
04-10-2023 19:55:02.575Z;functions.waitForImage;  BOLETO image found.
04-10-2023 19:55:04.694Z;functions.check_payment_type;  CLICA NO BOLETO
04-10-2023 19:55:06.815Z;functions.waitForImage;  PRESS BUTTON OK image found.
04-10-2023 19:55:08.817Z;functions.check_payment_type;  FORMA DE PAGAMENTO BOLETO - OK
04-10-2023 19:55:10.946Z;functions.waitForImage;  PRESS BUTTON OK image found.
04-10-2023 19:55:13.055Z;functions.check_payment_type;  PRESS BUTTON OK
04-10-2023 19:55:15.170Z;functions.waitForImage;  PRESS BUTTON OK 2 image found.
04-10-2023 19:55:17.294Z;functions.check_payment_type;  PRESS BUTTON OK 2
04-10-2023 19:55:25.403Z;functions.check_table_record;  PRESS BUTTON DOWN
04-10-2023 19:55:27.511Z;functions.check_table_record;  ENTRANDO NO PRÓXIMO BOLETO
04-10-2023 19:55:34.649Z;functions.waitForImage;  INTEGRAÇÃO BANCÁRIA image found.
04-10-2023 19:55:36.763Z;functions.check_payment_type;  CLICA EM INTEGRAÇÃO BANCÁRIA
04-10-2023 19:55:53.652Z;functions.waitForImage;  BOLETO image found.
04-10-2023 19:55:55.772Z;functions.check_payment_type;  CLICA NO BOLETO
04-10-2023 19:55:57.889Z;functions.waitForImage;  PRESS BUTTON OK image found.
04-10-2023 19:55:59.891Z;functions.check_payment_type;  FORMA DE PAGAMENTO BOLETO - OK
04-10-2023 19:56:02.008Z;functions.waitForImage;  PRESS BUTTON OK image found.
04-10-2023 19:56:04.135Z;functions.check_payment_type;  PRESS BUTTON OK
04-10-2023 19:56:06.251Z;functions.waitForImage;  PRESS BUTTON OK 2 image found.
04-10-2023 19:56:08.362Z;functions.check_payment_type;  PRESS BUTTON OK 2
04-10-2023 19:56:16.471Z;functions.check_table_record;  PRESS BUTTON DOWN
04-10-2023 19:56:18.578Z;functions.check_table_record;  ENTRANDO NO PRÓXIMO BOLETO
04-10-2023 19:56:25.698Z;functions.waitForImage;  INTEGRAÇÃO BANCÁRIA image found.
04-10-2023 19:56:27.814Z;functions.check_payment_type;  CLICA EM INTEGRAÇÃO BANCÁRIA
04-10-2023 19:56:44.719Z;functions.waitForImage;  BOLETO image found.
04-10-2023 19:56:46.831Z;functions.check_payment_type;  CLICA NO BOLETO
04-10-2023 19:56:48.911Z;functions.waitForImage;  PRESS BUTTON OK image found.
04-10-2023 19:56:50.913Z;functions.check_payment_type;  FORMA DE PAGAMENTO BOLETO - OK
04-10-2023 19:56:53.012Z;functions.waitForImage;  PRESS BUTTON OK image found.
04-10-2023 19:56:55.131Z;functions.check_payment_type;  PRESS BUTTON OK
04-10-2023 19:56:57.248Z;functions.waitForImage;  PRESS BUTTON OK 2 image found.
04-10-2023 19:56:59.367Z;functions.check_payment_type;  PRESS BUTTON OK 2
04-10-2023 19:57:07.475Z;functions.check_table_record;  PRESS BUTTON DOWN
04-10-2023 19:57:09.579Z;functions.check_table_record;  ENTRANDO NO PRÓXIMO BOLETO
04-10-2023 19:57:16.703Z;functions.waitForImage;  INTEGRAÇÃO BANCÁRIA image found.
04-10-2023 19:57:18.834Z;functions.check_payment_type;  CLICA EM INTEGRAÇÃO BANCÁRIA
04-10-2023 19:57:35.691Z;functions.waitForImage;  BOLETO image found.
04-10-2023 19:57:37.822Z;functions.check_payment_type;  CLICA NO BOLETO
04-10-2023 19:57:39.932Z;functions.waitForImage;  PRESS BUTTON OK image found.
04-10-2023 19:57:41.934Z;functions.check_payment_type;  FORMA DE PAGAMENTO BOLETO - OK
04-10-2023 19:57:44.039Z;functions.waitForImage;  PRESS BUTTON OK image found.
04-10-2023 19:57:46.170Z;functions.check_payment_type;  PRESS BUTTON OK
04-10-2023 19:57:48.306Z;functions.waitForImage;  PRESS BUTTON OK 2 image found.
04-10-2023 19:57:50.418Z;functions.check_payment_type;  PRESS BUTTON OK 2
04-10-2023 19:57:56.426Z;functions.process_lancamentos;  SELECIONA TODOS OS LANÇAMENTOS PARA SEREM PROCESSADOS
04-10-2023 19:58:01.362Z;functions.process_lancamentos;  CLICA PARA APARECER CONTA/CAIXA
04-10-2023 19:58:02.825Z;functions.process_lancamentos;  SELECIONA CONTA/CAIXA
04-10-2023 19:58:03.990Z;functions.process_lancamentos;  CLICA NO BOTÃO [...]
04-10-2023 19:58:06.678Z;functions.process_lancamentos;  CLICA NO CAMPO PESQUISA E DIGITA: %3212
04-10-2023 19:58:07.735Z;functions.process_lancamentos;  CLICA NO BOTÃO DO FILTRO
04-10-2023 19:58:08.757Z;functions.process_lancamentos;  CLICA NO BOTÃO OK
04-10-2023 19:58:09.718Z;functions.process_lancamentos;  CLICA NO BOTÃO EXECUTAR
