26-09-2023 17:21:59.159Z;functions.bot_text_art;      __     
26-09-2023 17:21:59.161Z;functions.bot_text_art;     [____]    
26-09-2023 17:21:59.161Z;functions.bot_text_art;   |=]()()[=|  
26-09-2023 17:21:59.162Z;functions.bot_text_art;     _\==/__    _____    ____              _____    ___   _  __
26-09-2023 17:21:59.163Z;functions.bot_text_art;   |__|   |_|  |  _  \  / ___|   | |      |_   _| / ___| | |/ /
26-09-2023 17:21:59.163Z;functions.bot_text_art;   |_|_/\_|_|  | |  | | | |      | |        | |   | |    | ' / 
26-09-2023 17:21:59.165Z;functions.bot_text_art;   | | __ | |  | |  | | | |      | |        | |   | |    |  <  
26-09-2023 17:21:59.166Z;functions.bot_text_art;   |_|[  ]|_|  | |__| | | |____  | |____   _| |_  | |__  | . \ 
26-09-2023 17:21:59.169Z;functions.bot_text_art;   \_|_||_|_/  |_____/   \_____| |______| |_____| \ ___| |_|\_\
26-09-2023 17:21:59.170Z;functions.bot_text_art;     |_||_|                                                     
26-09-2023 17:21:59.171Z;functions.bot_text_art;     | ||_|_   
26-09-2023 17:21:59.172Z;functions.bot_text_art;   |___||___|  
26-09-2023 17:21:59.173Z;functions.bot_text_art;               
26-09-2023 17:21:59.181Z;functions.open_RM;  OPEN PROGRAM RM
26-09-2023 17:22:08.036Z;functions.loggin_RM;  ENTER USER_NAME
26-09-2023 17:22:09.223Z;functions.loggin_RM;  ENTER PASSWORD
26-09-2023 17:22:10.277Z;functions.loggin_RM;  ENTER RM
26-09-2023 17:22:34.039Z;functions.enter_contas_a_pagar;  CLICK - TOTVS - LINHA RM
26-09-2023 17:22:38.653Z;functions.enter_contas_a_pagar;  CLICK - BACK OFFICE
26-09-2023 17:22:41.618Z;functions.enter_contas_a_pagar;  CLICK - GESTAO FINANCEIRA
26-09-2023 17:22:45.200Z;functions.enter_contas_a_pagar;  CLICK - CONTAS A PAGAR
26-09-2023 17:22:46.304Z;functions.enter_contas_a_pagar;  CLICK - LANCAMENTOS
26-09-2023 17:22:46.308Z;functions.data_filter;  CLICK - SELECIONA A DATA DE QUARTA FEIRA E DA PROXIMA TERÇA
26-09-2023 17:22:46.309Z;functions.data_filter;  QUARTA-FEIRA: 27-09-2023
26-09-2023 17:22:46.309Z;functions.data_filter;  TERCA-FEIRA: 03-10-2023
26-09-2023 17:22:52.938Z;functions.data_filter;  CLICK - SELECIONA FILTRO
26-09-2023 17:22:54.344Z;functions.data_filter;  CLICK - BUTÃO DE SELECAO DE FILTRO
26-09-2023 17:22:56.843Z;functions.data_filter;  INSERE - DATA DE QUARTA-FEIRA: 27-09-2023
26-09-2023 17:22:58.844Z;functions.data_filter;  INSERE - DATA DA PROX TERCA-FEIRA: 03-10-2023
26-09-2023 17:22:59.738Z;functions.data_filter;  CLICK - BUTÃO DE EXECUTAR O FILTRO
26-09-2023 17:23:05.258Z;functions.select_tipo_documento;  NOME DA COLUNA: Tipo de Documento
26-09-2023 17:23:06.823Z;functions.select_tipo_documento;  HOVER NOME DA COLUNA: Tipo de Documento
26-09-2023 17:23:06.943Z;functions.select_tipo_documento;  CLICA PARA APARECER O FILTRO PERSONALIZAR
26-09-2023 17:23:07.265Z;functions.select_tipo_documento;  CLICA NO FILTRO PERSONALIZAR
26-09-2023 17:23:08.838Z;functions.select_tipo_documento;  CLICA PARA SELECIONAR OPÇÕES DO FILTRO
26-09-2023 17:23:16.256Z;functions.select_tipo_documento;  CLICK BUTTON CONFIRMAR FILTRO
26-09-2023 17:23:17.743Z;functions.desmark_filter;  CLICK CHECKBOX LANÇAMENTOS A RECEBER
26-09-2023 17:23:18.884Z;functions.desmark_filter;  CLICK CHECKBOX LANÇAMENTOS BAIXADOS
26-09-2023 17:23:20.204Z;functions.desmark_filter;  CLICK CHECKBOX LANÇAMENTOS CANCELADOS
26-09-2023 17:23:21.669Z;functions.desmark_filter;  CLICK CHECKBOX LANÇAMENTOS FATURADOS
26-09-2023 17:23:23.249Z;functions.desmark_filter;  CLICK CHECKBOX LANÇAMENTOS FATURADOS
26-09-2023 17:23:24.568Z;functions.filter_IPTE;  CLICK NA PRIMEIRA LINHA E COLUNA DA TABELA
26-09-2023 17:23:39.622Z;functions.filter_IPTE;  147 PASSOS PARA DIREITA NA TABELA >>
26-09-2023 17:23:43.333Z;functions.filter_IPTE;  HOVER FILTER
26-09-2023 17:23:43.467Z;functions.filter_IPTE;  CLICK FILTER
26-09-2023 17:23:47.824Z;functions.filter_IPTE;  CLICA NO FILTRO PERSONALIZAR
26-09-2023 17:24:07.424Z;functions.show_exception_and_exit;  'NoneType' object has no attribute 'double_click'
Traceback (most recent call last):
  File "c:\projetos\remessas\main.py", line 20, in <module>
    check_payment_type()
  File "c:\projetos\remessas\SUBPROGRAMS\functions.py", line 260, in check_payment_type
    row_IPTE.double_click()
    ^^^^^^^^^^^^^^^^^^^^^
AttributeError: 'NoneType' object has no attribute 'double_click'
