26-09-2023 17:59:54.077Z;functions.bot_text_art;      __     
26-09-2023 17:59:54.077Z;functions.bot_text_art;     [____]    
26-09-2023 17:59:54.078Z;functions.bot_text_art;   |=]()()[=|  
26-09-2023 17:59:54.078Z;functions.bot_text_art;     _\==/__    _____    ____              _____    ___   _  __
26-09-2023 17:59:54.078Z;functions.bot_text_art;   |__|   |_|  |  _  \  / ___|   | |      |_   _| / ___| | |/ /
26-09-2023 17:59:54.079Z;functions.bot_text_art;   |_|_/\_|_|  | |  | | | |      | |        | |   | |    | ' / 
26-09-2023 17:59:54.080Z;functions.bot_text_art;   | | __ | |  | |  | | | |      | |        | |   | |    |  <  
26-09-2023 17:59:54.080Z;functions.bot_text_art;   |_|[  ]|_|  | |__| | | |____  | |____   _| |_  | |__  | . \ 
26-09-2023 17:59:54.083Z;functions.bot_text_art;   \_|_||_|_/  |_____/   \_____| |______| |_____| \ ___| |_|\_\
26-09-2023 17:59:54.083Z;functions.bot_text_art;     |_||_|                                                     
26-09-2023 17:59:54.084Z;functions.bot_text_art;     | ||_|_   
26-09-2023 17:59:54.085Z;functions.bot_text_art;   |___||___|  
26-09-2023 17:59:54.085Z;functions.bot_text_art;               
26-09-2023 17:59:54.090Z;functions.open_RM;  OPEN PROGRAM RM
26-09-2023 18:00:02.615Z;functions.loggin_RM;  ENTER USER_NAME
26-09-2023 18:00:03.767Z;functions.loggin_RM;  ENTER PASSWORD
26-09-2023 18:00:04.662Z;functions.loggin_RM;  ENTER RM
26-09-2023 18:00:27.581Z;functions.enter_contas_a_pagar;  CLICK - TOTVS - LINHA RM
26-09-2023 18:00:31.816Z;functions.enter_contas_a_pagar;  CLICK - BACK OFFICE
26-09-2023 18:00:34.645Z;functions.enter_contas_a_pagar;  CLICK - GESTAO FINANCEIRA
26-09-2023 18:00:38.154Z;functions.enter_contas_a_pagar;  CLICK - CONTAS A PAGAR
26-09-2023 18:00:39.278Z;functions.enter_contas_a_pagar;  CLICK - LANCAMENTOS
26-09-2023 18:00:39.281Z;functions.data_filter;  CLICK - SELECIONA A DATA DE QUARTA FEIRA E DA PROXIMA TERÇA
26-09-2023 18:00:39.283Z;functions.data_filter;  QUARTA-FEIRA: 27-09-2023
26-09-2023 18:00:39.283Z;functions.data_filter;  TERCA-FEIRA: 03-10-2023
26-09-2023 18:00:45.694Z;functions.data_filter;  CLICK - SELECIONA FILTRO
26-09-2023 18:00:47.129Z;functions.data_filter;  CLICK - BUTÃO DE SELECAO DE FILTRO
26-09-2023 18:00:49.624Z;functions.data_filter;  INSERE - DATA DE QUARTA-FEIRA: 27-09-2023
26-09-2023 18:00:51.599Z;functions.data_filter;  INSERE - DATA DA PROX TERCA-FEIRA: 03-10-2023
26-09-2023 18:00:52.508Z;functions.data_filter;  CLICK - BUTÃO DE EXECUTAR O FILTRO
26-09-2023 18:00:58.264Z;functions.select_tipo_documento;  NOME DA COLUNA: Tipo de Documento
26-09-2023 18:00:59.835Z;functions.select_tipo_documento;  HOVER NOME DA COLUNA: Tipo de Documento
26-09-2023 18:00:59.970Z;functions.select_tipo_documento;  CLICA PARA APARECER O FILTRO PERSONALIZAR
26-09-2023 18:01:00.409Z;functions.select_tipo_documento;  CLICA NO FILTRO PERSONALIZAR
26-09-2023 18:01:01.910Z;functions.select_tipo_documento;  CLICA PARA SELECIONAR OPÇÕES DO FILTRO
26-09-2023 18:01:09.228Z;functions.select_tipo_documento;  CLICK BUTTON CONFIRMAR FILTRO
26-09-2023 18:01:10.787Z;functions.desmark_filter;  CLICK CHECKBOX LANÇAMENTOS A RECEBER
26-09-2023 18:01:12.083Z;functions.desmark_filter;  CLICK CHECKBOX LANÇAMENTOS BAIXADOS
26-09-2023 18:01:13.407Z;functions.desmark_filter;  CLICK CHECKBOX LANÇAMENTOS CANCELADOS
26-09-2023 18:01:14.840Z;functions.desmark_filter;  CLICK CHECKBOX LANÇAMENTOS FATURADOS
26-09-2023 18:01:16.514Z;functions.desmark_filter;  CLICK CHECKBOX LANÇAMENTOS FATURADOS
26-09-2023 18:01:17.842Z;functions.filter_IPTE;  CLICK NA PRIMEIRA LINHA E COLUNA DA TABELA
26-09-2023 18:01:32.926Z;functions.filter_IPTE;  147 PASSOS PARA DIREITA NA TABELA >>
26-09-2023 18:01:36.576Z;functions.filter_IPTE;  HOVER FILTER
26-09-2023 18:01:36.694Z;functions.filter_IPTE;  CLICK FILTER
26-09-2023 18:01:41.060Z;functions.filter_IPTE;  CLICA NO FILTRO PERSONALIZAR
26-09-2023 18:01:44.415Z;functions.check_payment_type;  ABRE A NOTA
26-09-2023 18:01:50.581Z;functions.waitForImage;  INTEGRAÇÃO BANCÁRIA image found.
26-09-2023 18:01:52.701Z;functions.check_payment_type;  CLICA EM INTEGRAÇÃO BANCÁRIA
26-09-2023 18:02:08.150Z;functions.waitForImage;  BOLETO image found.
26-09-2023 18:02:10.268Z;functions.check_payment_type;  CLICA NO BOLETO
26-09-2023 18:02:20.899Z;functions.waitForImage;  PRESS BUTTON OK image found.
26-09-2023 18:02:23.020Z;functions.check_payment_type;  PRESS BUTTON OK
26-09-2023 18:02:23.172Z;functions.waitForImage;  PRESS BUTTON OK 2 image found.
26-09-2023 18:02:25.347Z;functions.check_payment_type;  PRESS BUTTON OK 2
