2024-04-12 12:56:44,506; INFO; parameters.<module>.103: Pasta local: \\Riofs\dados\Documentos Financeiro\Extratos bancarios\Ebury\2024\04 - Abril
2024-04-12 12:56:44,506; INFO; functions.getPid.1034: Dentro função GetPid

2024-04-12 12:56:44,787; INFO; functions.bot_text_art.7:     ____   
2024-04-12 12:56:44,787; INFO; functions.bot_text_art.8:    [____]    
2024-04-12 12:56:44,787; INFO; functions.bot_text_art.9:  |=]()()[=|  
2024-04-12 12:56:44,787; INFO; functions.bot_text_art.10:    _\==/__    _____    ____     _        _____    ___   _  __
2024-04-12 12:56:44,787; INFO; functions.bot_text_art.11:  |__|   |_|  |  _  \  / ___|   | |      |_   _| / ___| | |/ /
2024-04-12 12:56:44,787; INFO; functions.bot_text_art.12:  |_|_/\_|_|  | |  | | | |      | |        | |   | |    | ' / 
2024-04-12 12:56:44,787; INFO; functions.bot_text_art.13:  | | __ | |  | |  | | | |      | |        | |   | |    |  <  
2024-04-12 12:56:44,787; INFO; functions.bot_text_art.14:  |_|[  ]|_|  | |__| | | |____  | |____   _| |_  | |__  | . \ 
2024-04-12 12:56:44,787; INFO; functions.bot_text_art.15:  \_|_||_|_/  |_____/   \_____| |______| |_____| \ ___| |_|\_\
2024-04-12 12:56:44,787; INFO; functions.bot_text_art.16:    |_||_|                                                     
2024-04-12 12:56:44,787; INFO; functions.bot_text_art.17:    | ||_|_   
2024-04-12 12:56:44,787; INFO; functions.bot_text_art.18:  |___||___|  
2024-04-12 12:56:44,787; INFO; functions.bot_text_art.19:              
2024-04-12 12:56:44,787; INFO; functions.headerExcel.967: Criando EXCEL
2024-04-12 12:56:44,802; INFO; functions.headerExcel.987: EXCEL iniciado
2024-04-12 12:56:44,803; INFO; main.process.15: TODOS ARQUIVOS NA PASTA ['\\\\Riofs\\dados\\Documentos Financeiro\\Extratos bancarios\\Ebury\\2024\\04 - Abril\\Ebury - Parcial até 08-04.pdf'].
2024-04-12 12:56:44,804; INFO; main.process.23: SERÃO TRATADOS 1 ARQUIVOS.
2024-04-12 12:56:44,804; INFO; main.process.24: ARQUIVOS: ['\\\\Riofs\\dados\\Documentos Financeiro\\Extratos bancarios\\Ebury\\2024\\04 - Abril\\Ebury - Parcial até 08-04.pdf']
2024-04-12 12:56:44,805; INFO; main.process.33: INICIO DO PROCESSAMENTO DO ARQUIVO 1: \\Riofs\dados\Documentos Financeiro\Extratos bancarios\Ebury\2024\04 - Abril\Ebury - Parcial até 08-04.pdf
2024-04-12 12:56:44,886; INFO; functions.informacoes_extraidas.605: texto: Oceanica Netherlands B.V.
Mr. Andre Ponce de Leon Arruda
Apollolaan 151
Extracto de Conta
Período do extrato: 01-04-2024 00:00 - 30-04-2024 23:59
Registo de instrução: 08-04-2024 17:56
Moeda: Todos
Resumo
Conta de Moeda
Saldo Inicial Fundos recebidos A sair Saldo final
Estrangeira
USD 400163.87 399503.19 -749595.76 50071.30
NOK 12017.67 166155.00 -172025.00 6147.67
MXN 0.00 0.00 0.00 0.00
GBP 2440.12 3000.00 -4863.34 576.78
SGD 0.00 33717.00 -33717.00 0.00
EUR 12900.09 441360.00 -444801.45 9458.64
Obrigado por escolher Ebury.
Se tiver alguma dúvida entre em contato com o seu gestor de conta através do +31 (0) 20 795 6690.
Página 1 de 12
2024-04-12 12:56:44,975; INFO; functions.informacoes_extraidas.605: texto: Movimentos: Todas as moedas
Registo de
Descrição Montante Saldo
operação
Pagamento devolvido PI3993937 Bertling logistics Aberdeen Limited
08-04-2024
Payment for identifiable services - Oceanica Netherlands B.V. EUR 8360.00 EUR 9458.64
13:27
PI3993937 1131-24
Pagamento PI3993937 Bertling logistics Aberdeen Limited
08-04-2024
Payment for identifiable services - Oceanica Netherlands B.V. EUR -8360.00 EUR 1098.64
09:41
PI3993937 1131-24
08-04-2024 Comprado EUR EBPOTR3376301
EUR 3000.00 EUR 9458.64
09:38 EURUSD1.099408Compra/venda de moeda
08-04-2024 Vendido USD EBPOTR3376301
USD -3298.22 USD 50071.30
09:38 EURUSD1.099408Compra/venda de moeda
Pagamento PI3991205 Kongsberg Maritime AS
07-04-2024
Payment for identifiable services - Oceanica Netherlands B.V. NOK -166155.00 NOK 6147.67
20:24
PI3991205 10167246
07-04-2024 Comprado NOK EBPOTR3374322
NOK 166155.00 NOK 172302.67
20:24 USDNOK10.566872Compra/Venda de moeda
Pagamento PI3991194 ISLE OF MAN - GOVERNMENT
07-04-2024
Payment for identifiable services - Oceanica Netherlands B.V. GBP -3293.34 GBP 576.78
20:23
PI3991194 477026
07-04-2024 Comprado GBP EBPOTR3374299
GBP 3000.00 GBP 3870.12
20:23 GBPUSD1.280124Compra/Venda de moeda
07-04-2024 Vendido USD EBPOTR3374322
USD -15724.14 USD 53369.52
20:04 USDNOK10.566872Compra/Venda de moeda
07-04-2024 Vendido USD EBPOTR3374299
USD -3840.37 USD 69093.66
20:04 GBPUSD1.280124Compra/Venda de moeda
Pagamento PI3991105 Loyens and Loeff N.V
07-04-2024
Payment for identifiable services - Oceanica Netherlands B.V. EUR -7695.60 EUR 6458.64
20:03
PI3991105 1622766
Pagamento PI3991191 ISLE OF MAN - GOVERNMENT
07-04-2024
Payment for identifiable services - Oceanica Netherlands B.V. GBP -650.00 GBP 870.12
20:03
PI3991191 476414
Pagamento PI3991188 ISLE OF MAN - GOVERNMENT
07-04-2024
Payment for identifiable services - Oceanica Netherlands B.V. GBP -650.00 GBP 1520.12
20:03
PI3991188 476415
Obrigado por escolher Ebury.
Se tiver alguma dúvida entre em contato com o seu gestor de conta através do +31 (0) 20 795 6690.
Página 2 de 12
2024-04-12 12:56:45,064; INFO; functions.informacoes_extraidas.605: texto: Pagamento PI3991184 ISLE OF MAN - GOVERNMENT
07-04-2024
Payment for identifiable services - Oceanica Netherlands B.V. GBP -270.00 GBP 2170.12
20:03
PI3991184 476446
Pagamento PI3988296 Flushing Shipping Agencies
04-04-2024
Payment for identifiable services - Oceanica Netherlands B.V. EUR -28538.35 EUR 14154.24
20:23
PI3988296 PK2224000061
04-04-2024 Comprado EUR EBPOTR3372347
EUR 29000.00 EUR 42692.59
20:23 EURUSD1.102082Compra/Venda de moeda
04-04-2024 Vendido USD EBPOTR3372347
USD -31960.38 USD 72934.03
20:04 EURUSD1.102082Compra/Venda de moeda
Pagamento PI3983592 Holland Accommodation Rentals VOF
03-04-2024
Payment for identifiable services - Oceanica Netherlands B.V. EUR -400207.50 EUR 13692.59
20:23
PI3983592 241450004 - 90perc. restantes
03-04-2024 Comprado EUR EBPOTR3369777
EUR 401000.00 EUR 413900.09
20:23 EURUSD1.099358Compra/Venda de moeda
Pagamento PI3983616 Sigmasat USA Inc
03-04-2024
Payment for identifiable services - Oceanica Netherlands B.V. USD -1050.00 USD 104894.41
20:03
PI3983616 137224
Pagamento PI3983615 Sigmasat USA Inc
03-04-2024
Payment for identifiable services - Oceanica Netherlands B.V. USD -2324.00 USD 105944.41
20:03
PI3983615 137124
Pagamento PI3983613 Sigmasat USA Inc
03-04-2024
Payment for identifiable services - Oceanica Netherlands B.V. USD -315.00 USD 108268.41
20:03
PI3983613 137024
Pagamento PI3983612 Sigmasat USA Inc
03-04-2024
Payment for identifiable services - Oceanica Netherlands B.V. USD -315.00 USD 108583.41
20:03
PI3983612 136924
Pagamento PI3983610 Sigmasat USA Inc
03-04-2024
Payment for identifiable services - Oceanica Netherlands B.V. USD -5960.00 USD 108898.41
20:03
PI3983610 136724
Pagamento PI3983608 Sigmasat USA Inc
03-04-2024
Payment for identifiable services - Oceanica Netherlands B.V. USD -315.00 USD 114858.41
20:03
PI3983608 136824
Pagamento PI3983606 Sigmasat USA Inc
03-04-2024
Payment for identifiable services - Oceanica Netherlands B.V. USD -5960.00 USD 115173.41
20:03
PI3983606 136624
Obrigado por escolher Ebury.
Se tiver alguma dúvida entre em contato com o seu gestor de conta através do +31 (0) 20 795 6690.
Página 3 de 12
2024-04-12 12:56:45,156; INFO; functions.informacoes_extraidas.605: texto: Pagamento PI3983602 Sigmasat USA Inc
03-04-2024
Payment for identifiable services - Oceanica Netherlands B.V. USD -5960.00 USD 121133.41
20:03
PI3983602 136524
Pagamento PI3983600 Sigmasat USA Inc
03-04-2024
Payment for identifiable services - Oceanica Netherlands B.V. USD -43520.00 USD 127093.41
20:03
PI3983600 136324
Pagamento PI3983598 Sigmasat USA Inc
03-04-2024
Payment for identifiable services - Oceanica Netherlands B.V. USD -5960.00 USD 170613.41
20:03
PI3983598 136424
Pagamento PI3983596 Sigmasat USA Inc
03-04-2024
Payment for identifiable services - Oceanica Netherlands B.V. USD -43520.00 USD 176573.41
20:03
PI3983596 136224
Pagamento PI3983595 Sigmasat USA Inc
03-04-2024
Payment for identifiable services - Oceanica Netherlands B.V. USD -5960.00 USD 220093.41
20:03
PI3983595 137324
03-04-2024 Vendido USD EBPOTR3369777
USD -440842.56 USD 226053.41
20:03 EURUSD1.099358Compra/Venda de moeda
Fundos OCEANICA ENGENHARIA E CONSULTO
03-04-2024
BR6960701190032120000026755C1 - - NL66EBUR2845860862 - USD 392503.19 USD 666895.97
13:18
2024040300418807
Pagamento PI3974692 PT. LABROY SHIPBUILDING ENGINEERING
01-04-2024
Payment for identifiable services - Oceanica Netherlands B.V. SGD -33717.00 SGD 0.00
20:23
PI3974692 3005
01-04-2024 Comprado SGD EBPOTR3364284
SGD 33717.00 SGD 33717.00
20:23 USDSGD1.332521Compra/Venda de moeda
01-04-2024 Vendido USD EBPOTR3364284
USD -25303.17 USD 274392.78
20:08 USDSGD1.332521Compra/Venda de moeda
Pagamento PI3974527 DIMO
01-04-2024
Payment for identifiable services - Oceanica Netherlands B.V. NOK -5870.00 NOK 6147.67
20:05
PI3974527 1029039
Pagamento PI3974550 ARGO COMMUNICATIONS
01-04-2024
Payment for identifiable services - Oceanica Netherlands B.V. USD -7000.00 USD 299695.95
11:19
PI3974550 3748
Pagamento PI3974525 SEABRIDGE MARINE ENGINEERING AND
01-04-2024 EQUIPMENT (SHANGHAI) LTD
USD -77456.92 USD 306695.95
10:52 Payment for identifiable services - Oceanica Netherlands B.V.
PI3974525 SMEE2024032801
Obrigado por escolher Ebury.
Se tiver alguma dúvida entre em contato com o seu gestor de conta através do +31 (0) 20 795 6690.
Página 4 de 12
2024-04-12 12:56:45,202; INFO; functions.informacoes_extraidas.605: texto: Pagamento PI3974513 PT. SNEPAC SHIPPING
01-04-2024
Payment for identifiable services - Oceanica Netherlands B.V. USD -165.00 USD 384152.87
10:44
PI3974513 1000128
Pagamento PI3974498 PICOLO E ASSOCIADOS LTDA INC
01-04-2024
Payment for identifiable services - Oceanica Netherlands B.V. USD -12600.00 USD 384317.87
10:27
PI3974498 10014
Pagamento PI3974497 PICOLO E ASSOCIADOS LTDA INC
01-04-2024
Payment for identifiable services - Oceanica Netherlands B.V. USD -3246.00 USD 396917.87
10:26
PI3974497 9991
Pagamento devolvido PI3974407 ARGO COMMUNICATIONS
01-04-2024
Payment for identifiable services - Oceanica Netherlands B.V. USD 7000.00 USD 400163.87
09:34
PI3974407 3748
Pagamento PI3974407 ARGO COMMUNICATIONS
01-04-2024
Payment for identifiable services - Oceanica Netherlands B.V. USD -7000.00 USD 393163.87
09:11
PI3974407 3748
Obrigado por escolher Ebury.
Se tiver alguma dúvida entre em contato com o seu gestor de conta através do +31 (0) 20 795 6690.
Página 5 de 12
2024-04-12 12:56:45,282; INFO; functions.informacoes_extraidas.605: texto: Movimentos: USD Conta
Registo de
Descrição Montante Saldo
operação
08-04-2024 Vendido USD EBPOTR3376301
USD -3298.22 USD 50071.30
09:38 EURUSD1.099408Compra/venda de moeda
07-04-2024 Vendido USD EBPOTR3374322
USD -15724.14 USD 53369.52
20:04 USDNOK10.566872Compra/Venda de moeda
07-04-2024 Vendido USD EBPOTR3374299
USD -3840.37 USD 69093.66
20:04 GBPUSD1.280124Compra/Venda de moeda
04-04-2024 Vendido USD EBPOTR3372347
USD -31960.38 USD 72934.03
20:04 EURUSD1.102082Compra/Venda de moeda
Pagamento PI3983616 Sigmasat USA Inc
03-04-2024
Payment for identifiable services - Oceanica Netherlands B.V. USD -1050.00 USD 104894.41
20:03
PI3983616 137224
Pagamento PI3983615 Sigmasat USA Inc
03-04-2024
Payment for identifiable services - Oceanica Netherlands B.V. USD -2324.00 USD 105944.41
20:03
PI3983615 137124
Pagamento PI3983613 Sigmasat USA Inc
03-04-2024
Payment for identifiable services - Oceanica Netherlands B.V. USD -315.00 USD 108268.41
20:03
PI3983613 137024
Pagamento PI3983612 Sigmasat USA Inc
03-04-2024
Payment for identifiable services - Oceanica Netherlands B.V. USD -315.00 USD 108583.41
20:03
PI3983612 136924
Pagamento PI3983610 Sigmasat USA Inc
03-04-2024
Payment for identifiable services - Oceanica Netherlands B.V. USD -5960.00 USD 108898.41
20:03
PI3983610 136724
Pagamento PI3983608 Sigmasat USA Inc
03-04-2024
Payment for identifiable services - Oceanica Netherlands B.V. USD -315.00 USD 114858.41
20:03
PI3983608 136824
Pagamento PI3983606 Sigmasat USA Inc
03-04-2024
Payment for identifiable services - Oceanica Netherlands B.V. USD -5960.00 USD 115173.41
20:03
PI3983606 136624
Pagamento PI3983602 Sigmasat USA Inc
03-04-2024
Payment for identifiable services - Oceanica Netherlands B.V. USD -5960.00 USD 121133.41
20:03
PI3983602 136524
Obrigado por escolher Ebury.
Se tiver alguma dúvida entre em contato com o seu gestor de conta através do +31 (0) 20 795 6690.
Página 6 de 12
2024-04-12 12:56:45,461; INFO; functions.informacoes_extraidas.605: texto: Pagamento PI3983600 Sigmasat USA Inc
03-04-2024
Payment for identifiable services - Oceanica Netherlands B.V. USD -43520.00 USD 127093.41
20:03
PI3983600 136324
Pagamento PI3983598 Sigmasat USA Inc
03-04-2024
Payment for identifiable services - Oceanica Netherlands B.V. USD -5960.00 USD 170613.41
20:03
PI3983598 136424
Pagamento PI3983596 Sigmasat USA Inc
03-04-2024
Payment for identifiable services - Oceanica Netherlands B.V. USD -43520.00 USD 176573.41
20:03
PI3983596 136224
Pagamento PI3983595 Sigmasat USA Inc
03-04-2024
Payment for identifiable services - Oceanica Netherlands B.V. USD -5960.00 USD 220093.41
20:03
PI3983595 137324
03-04-2024 Vendido USD EBPOTR3369777
USD -440842.56 USD 226053.41
20:03 EURUSD1.099358Compra/Venda de moeda
Fundos OCEANICA ENGENHARIA E CONSULTO
03-04-2024
BR6960701190032120000026755C1 - - NL66EBUR2845860862 - USD 392503.19 USD 666895.97
13:18
2024040300418807
01-04-2024 Vendido USD EBPOTR3364284
USD -25303.17 USD 274392.78
20:08 USDSGD1.332521Compra/Venda de moeda
Pagamento PI3974550 ARGO COMMUNICATIONS
01-04-2024
Payment for identifiable services - Oceanica Netherlands B.V. USD -7000.00 USD 299695.95
11:19
PI3974550 3748
Pagamento PI3974525 SEABRIDGE MARINE ENGINEERING AND
01-04-2024 EQUIPMENT (SHANGHAI) LTD
USD -77456.92 USD 306695.95
10:52 Payment for identifiable services - Oceanica Netherlands B.V.
PI3974525 SMEE2024032801
Pagamento PI3974513 PT. SNEPAC SHIPPING
01-04-2024
Payment for identifiable services - Oceanica Netherlands B.V. USD -165.00 USD 384152.87
10:44
PI3974513 1000128
Pagamento PI3974498 PICOLO E ASSOCIADOS LTDA INC
01-04-2024
Payment for identifiable services - Oceanica Netherlands B.V. USD -12600.00 USD 384317.87
10:27
PI3974498 10014
Pagamento PI3974497 PICOLO E ASSOCIADOS LTDA INC
01-04-2024
Payment for identifiable services - Oceanica Netherlands B.V. USD -3246.00 USD 396917.87
10:26
PI3974497 9991
Pagamento devolvido PI3974407 ARGO COMMUNICATIONS
01-04-2024
Payment for identifiable services - Oceanica Netherlands B.V. USD 7000.00 USD 400163.87
09:34
PI3974407 3748
Obrigado por escolher Ebury.
Se tiver alguma dúvida entre em contato com o seu gestor de conta através do +31 (0) 20 795 6690.
Página 7 de 12
2024-04-12 12:56:45,481; INFO; functions.informacoes_extraidas.605: texto: Pagamento PI3974407 ARGO COMMUNICATIONS
01-04-2024
Payment for identifiable services - Oceanica Netherlands B.V. USD -7000.00 USD 393163.87
09:11
PI3974407 3748
Obrigado por escolher Ebury.
Se tiver alguma dúvida entre em contato com o seu gestor de conta através do +31 (0) 20 795 6690.
Página 8 de 12
2024-04-12 12:56:45,511; INFO; functions.informacoes_extraidas.605: texto: Movimentos: NOK Conta
Registo de
Descrição Montante Saldo
operação
Pagamento PI3991205 Kongsberg Maritime AS
07-04-2024
Payment for identifiable services - Oceanica Netherlands B.V. NOK -166155.00 NOK 6147.67
20:24
PI3991205 10167246
07-04-2024 Comprado NOK EBPOTR3374322
NOK 166155.00 NOK 172302.67
20:24 USDNOK10.566872Compra/Venda de moeda
Pagamento PI3974527 DIMO
01-04-2024
Payment for identifiable services - Oceanica Netherlands B.V. NOK -5870.00 NOK 6147.67
20:05
PI3974527 1029039
Obrigado por escolher Ebury.
Se tiver alguma dúvida entre em contato com o seu gestor de conta através do +31 (0) 20 795 6690.
Página 9 de 12
2024-04-12 12:56:45,554; INFO; functions.informacoes_extraidas.605: texto: Movimentos: GBP Conta
Registo de
Descrição Montante Saldo
operação
Pagamento PI3991194 ISLE OF MAN - GOVERNMENT
07-04-2024
Payment for identifiable services - Oceanica Netherlands B.V. GBP -3293.34 GBP 576.78
20:23
PI3991194 477026
07-04-2024 Comprado GBP EBPOTR3374299
GBP 3000.00 GBP 3870.12
20:23 GBPUSD1.280124Compra/Venda de moeda
Pagamento PI3991191 ISLE OF MAN - GOVERNMENT
07-04-2024
Payment for identifiable services - Oceanica Netherlands B.V. GBP -650.00 GBP 870.12
20:03
PI3991191 476414
Pagamento PI3991188 ISLE OF MAN - GOVERNMENT
07-04-2024
Payment for identifiable services - Oceanica Netherlands B.V. GBP -650.00 GBP 1520.12
20:03
PI3991188 476415
Pagamento PI3991184 ISLE OF MAN - GOVERNMENT
07-04-2024
Payment for identifiable services - Oceanica Netherlands B.V. GBP -270.00 GBP 2170.12
20:03
PI3991184 476446
Obrigado por escolher Ebury.
Se tiver alguma dúvida entre em contato com o seu gestor de conta através do +31 (0) 20 795 6690.
Página 10 de 12
2024-04-12 12:56:45,580; INFO; functions.informacoes_extraidas.605: texto: Movimentos: SGD Conta
Registo de
Descrição Montante Saldo
operação
Pagamento PI3974692 PT. LABROY SHIPBUILDING ENGINEERING
01-04-2024
Payment for identifiable services - Oceanica Netherlands B.V. SGD -33717.00 SGD 0.00
20:23
PI3974692 3005
01-04-2024 Comprado SGD EBPOTR3364284
SGD 33717.00 SGD 33717.00
20:23 USDSGD1.332521Compra/Venda de moeda
Obrigado por escolher Ebury.
Se tiver alguma dúvida entre em contato com o seu gestor de conta através do +31 (0) 20 795 6690.
Página 11 de 12
2024-04-12 12:56:45,642; INFO; functions.informacoes_extraidas.605: texto: Movimentos: EUR Conta
Registo de
Descrição Montante Saldo
operação
Pagamento devolvido PI3993937 Bertling logistics Aberdeen Limited
08-04-2024
Payment for identifiable services - Oceanica Netherlands B.V. EUR 8360.00 EUR 9458.64
13:27
PI3993937 1131-24
Pagamento PI3993937 Bertling logistics Aberdeen Limited
08-04-2024
Payment for identifiable services - Oceanica Netherlands B.V. EUR -8360.00 EUR 1098.64
09:41
PI3993937 1131-24
08-04-2024 Comprado EUR EBPOTR3376301
EUR 3000.00 EUR 9458.64
09:38 EURUSD1.099408Compra/venda de moeda
Pagamento PI3991105 Loyens and Loeff N.V
07-04-2024
Payment for identifiable services - Oceanica Netherlands B.V. EUR -7695.60 EUR 6458.64
20:03
PI3991105 1622766
Pagamento PI3988296 Flushing Shipping Agencies
04-04-2024
Payment for identifiable services - Oceanica Netherlands B.V. EUR -28538.35 EUR 14154.24
20:23
PI3988296 PK2224000061
04-04-2024 Comprado EUR EBPOTR3372347
EUR 29000.00 EUR 42692.59
20:23 EURUSD1.102082Compra/Venda de moeda
Pagamento PI3983592 Holland Accommodation Rentals VOF
03-04-2024
Payment for identifiable services - Oceanica Netherlands B.V. EUR -400207.50 EUR 13692.59
20:23
PI3983592 241450004 - 90perc. restantes
03-04-2024 Comprado EUR EBPOTR3369777
EUR 401000.00 EUR 413900.09
20:23 EURUSD1.099358Compra/Venda de moeda
Obrigado por escolher Ebury.
Se tiver alguma dúvida entre em contato com o seu gestor de conta através do +31 (0) 20 795 6690.
Página 12 de 12
2024-04-12 12:56:45,648; INFO; functions.excelProcessoCompleto.1112: Adicionando aba de PROCESSOS EXTRAÍDOS ao EXCEL existente
2024-04-12 12:56:45,649; INFO; functions.excelProcessoCompleto.1126: Aba de TODOS EXTRAÍDOS ao EXCEL existente
2024-04-12 12:56:45,652; INFO; main.process.42: PROCESSOS EXTRAIDOS COM ERRO: 3
2024-04-12 12:56:45,652; INFO; main.process.43: PROCESSOS COM ERRO: [{'data': '01-04-2024', 'pi': '3974692', 'inv': '3005', 'moeda': 'SGD', 'montante': '-33717.00', 'saldo': '0.00', 'nome': 'PT. LABROY SHIPBUILDING ENGINEERING', 'cod': None}, {'data': '01-04-2024', 'pi': '3974525', 'inv': None, 'moeda': 'USD', 'montante': '-77456.92', 'saldo': '306695.95', 'nome': 'SEABRIDGE MARINE ENGINEERING AND', 'cod': None}, {'data': '01-04-2024', 'pi': '3974692', 'inv': '3005', 'moeda': 'SGD', 'montante': '-33717.00', 'saldo': '0.00', 'nome': 'PT. LABROY SHIPBUILDING ENGINEERING', 'cod': None}]
2024-04-12 12:56:45,653; INFO; functions.excelErro.1062: Adicionando aba de ERRO ao EXCEL existente
2024-04-12 12:56:45,660; INFO; functions.excelErro.1078: Aba de ERRO adicionada ao EXCEL existente
2024-04-12 12:56:45,661; INFO; main.process.46: PROCESSOS EXTRAIDOS CORRETAMENTE: 55
2024-04-12 12:56:45,661; INFO; main.process.47: PROCESSOS A SEREM TRATADOS: [{'data': '08-04-2024', 'pi': '3993937', 'inv': '1131', 'moeda': 'EUR', 'montante': '-8360.00', 'saldo': '1098.64', 'nome': 'Bertling logistics Aberdeen Limited', 'cod': None}, {'data': '07-04-2024', 'pi': '3991205', 'inv': '10167246', 'moeda': 'NOK', 'montante': '-166155.00', 'saldo': '6147.67', 'nome': 'Kongsberg Maritime AS', 'cod': None}, {'data': '07-04-2024', 'pi': '3991194', 'inv': '477026', 'moeda': 'GBP', 'montante': '-3293.34', 'saldo': '576.78', 'nome': 'ISLE OF MAN - GOVERNMENT', 'cod': None}, {'data': '07-04-2024', 'pi': '3991105', 'inv': '1622766', 'moeda': 'EUR', 'montante': '-7695.60', 'saldo': '6458.64', 'nome': 'Loyens and Loeff N.V', 'cod': None}, {'data': '07-04-2024', 'pi': '3991191', 'inv': '476414', 'moeda': 'GBP', 'montante': '-650.00', 'saldo': '870.12', 'nome': 'ISLE OF MAN - GOVERNMENT', 'cod': None}, {'data': '07-04-2024', 'pi': '3991188', 'inv': '476415', 'moeda': 'GBP', 'montante': '-650.00', 'saldo': '1520.12', 'nome': 'ISLE OF MAN - GOVERNMENT', 'cod': None}, {'data': '07-04-2024', 'pi': '3991184', 'inv': '476446', 'moeda': 'GBP', 'montante': '-270.00', 'saldo': '2170.12', 'nome': 'ISLE OF MAN - GOVERNMENT', 'cod': None}, {'data': '04-04-2024', 'pi': '3988296', 'inv': '241450004', 'moeda': 'EUR', 'montante': '-28538.35', 'saldo': '14154.24', 'nome': 'Flushing Shipping Agencies', 'cod': None}, {'data': '03-04-2024', 'pi': '3983592', 'inv': '241450004', 'moeda': 'EUR', 'montante': '-400207.50', 'saldo': '13692.59', 'nome': 'Holland Accommodation Rentals VOF', 'cod': None}, {'data': '03-04-2024', 'pi': '3983616', 'inv': '137224', 'moeda': 'USD', 'montante': '-1050.00', 'saldo': '104894.41', 'nome': 'Sigmasat USA Inc', 'cod': None}, {'data': '03-04-2024', 'pi': '3983615', 'inv': '137124', 'moeda': 'USD', 'montante': '-2324.00', 'saldo': '105944.41', 'nome': 'Sigmasat USA Inc', 'cod': None}, {'data': '03-04-2024', 'pi': '3983613', 'inv': '137024', 'moeda': 'USD', 'montante': '-315.00', 'saldo': '108268.41', 'nome': 'Sigmasat USA Inc', 'cod': None}, {'data': '03-04-2024', 'pi': '3983612', 'inv': '136924', 'moeda': 'USD', 'montante': '-315.00', 'saldo': '108583.41', 'nome': 'Sigmasat USA Inc', 'cod': None}, {'data': '03-04-2024', 'pi': '3983610', 'inv': '136724', 'moeda': 'USD', 'montante': '-5960.00', 'saldo': '108898.41', 'nome': 'Sigmasat USA Inc', 'cod': None}, {'data': '03-04-2024', 'pi': '3983608', 'inv': '136824', 'moeda': 'USD', 'montante': '-315.00', 'saldo': '114858.41', 'nome': 'Sigmasat USA Inc', 'cod': None}, {'data': '03-04-2024', 'pi': '3983606', 'inv': '136624', 'moeda': 'USD', 'montante': '-5960.00', 'saldo': '115173.41', 'nome': 'Sigmasat USA Inc', 'cod': None}, {'data': '03-04-2024', 'pi': '3983602', 'inv': '136524', 'moeda': 'USD', 'montante': '-5960.00', 'saldo': '121133.41', 'nome': 'Sigmasat USA Inc', 'cod': None}, {'data': '03-04-2024', 'pi': '3983600', 'inv': '136324', 'moeda': 'USD', 'montante': '-43520.00', 'saldo': '127093.41', 'nome': 'Sigmasat USA Inc', 'cod': None}, {'data': '03-04-2024', 'pi': '3983598', 'inv': '136424', 'moeda': 'USD', 'montante': '-5960.00', 'saldo': '170613.41', 'nome': 'Sigmasat USA Inc', 'cod': None}, {'data': '03-04-2024', 'pi': '3983596', 'inv': '136224', 'moeda': 'USD', 'montante': '-43520.00', 'saldo': '176573.41', 'nome': 'Sigmasat USA Inc', 'cod': None}, {'data': '03-04-2024', 'pi': '3983595', 'inv': '137324', 'moeda': 'USD', 'montante': '-5960.00', 'saldo': '220093.41', 'nome': 'Sigmasat USA Inc', 'cod': None}, {'data': '01-04-2024', 'pi': '3974527', 'inv': '1029039', 'moeda': 'NOK', 'montante': '-5870.00', 'saldo': '6147.67', 'nome': 'DIMO', 'cod': None}, {'data': '01-04-2024', 'pi': '3974550', 'inv': '3748', 'moeda': 'USD', 'montante': '-7000.00', 'saldo': '299695.95', 'nome': 'ARGO COMMUNICATIONS', 'cod': None}, {'data': '01-04-2024', 'pi': '3974513', 'inv': '1000128', 'moeda': 'USD', 'montante': '-165.00', 'saldo': '384152.87', 'nome': 'PT. SNEPAC SHIPPING', 'cod': None}, {'data': '01-04-2024', 'pi': '3974498', 'inv': '10014', 'moeda': 'USD', 'montante': '-12600.00', 'saldo': '384317.87', 'nome': 'PICOLO E ASSOCIADOS LTDA INC', 'cod': None}, {'data': '01-04-2024', 'pi': '3974497', 'inv': '9991', 'moeda': 'USD', 'montante': '-3246.00', 'saldo': '396917.87', 'nome': 'PICOLO E ASSOCIADOS LTDA INC', 'cod': None}, {'data': '01-04-2024', 'pi': '3974407', 'inv': '3748', 'moeda': 'USD', 'montante': '-7000.00', 'saldo': '393163.87', 'nome': 'ARGO COMMUNICATIONS', 'cod': None}, {'data': '03-04-2024', 'pi': '3983616', 'inv': '137224', 'moeda': 'USD', 'montante': '-1050.00', 'saldo': '104894.41', 'nome': 'Sigmasat USA Inc', 'cod': None}, {'data': '03-04-2024', 'pi': '3983615', 'inv': '137124', 'moeda': 'USD', 'montante': '-2324.00', 'saldo': '105944.41', 'nome': 'Sigmasat USA Inc', 'cod': None}, {'data': '03-04-2024', 'pi': '3983613', 'inv': '137024', 'moeda': 'USD', 'montante': '-315.00', 'saldo': '108268.41', 'nome': 'Sigmasat USA Inc', 'cod': None}, {'data': '03-04-2024', 'pi': '3983612', 'inv': '136924', 'moeda': 'USD', 'montante': '-315.00', 'saldo': '108583.41', 'nome': 'Sigmasat USA Inc', 'cod': None}, {'data': '03-04-2024', 'pi': '3983610', 'inv': '136724', 'moeda': 'USD', 'montante': '-5960.00', 'saldo': '108898.41', 'nome': 'Sigmasat USA Inc', 'cod': None}, {'data': '03-04-2024', 'pi': '3983608', 'inv': '136824', 'moeda': 'USD', 'montante': '-315.00', 'saldo': '114858.41', 'nome': 'Sigmasat USA Inc', 'cod': None}, {'data': '03-04-2024', 'pi': '3983606', 'inv': '136624', 'moeda': 'USD', 'montante': '-5960.00', 'saldo': '115173.41', 'nome': 'Sigmasat USA Inc', 'cod': None}, {'data': '03-04-2024', 'pi': '3983602', 'inv': '136524', 'moeda': 'USD', 'montante': '-5960.00', 'saldo': '121133.41', 'nome': 'Sigmasat USA Inc', 'cod': None}, {'data': '03-04-2024', 'pi': '3983600', 'inv': '136324', 'moeda': 'USD', 'montante': '-43520.00', 'saldo': '127093.41', 'nome': 'Sigmasat USA Inc', 'cod': None}, {'data': '03-04-2024', 'pi': '3983598', 'inv': '136424', 'moeda': 'USD', 'montante': '-5960.00', 'saldo': '170613.41', 'nome': 'Sigmasat USA Inc', 'cod': None}, {'data': '03-04-2024', 'pi': '3983596', 'inv': '136224', 'moeda': 'USD', 'montante': '-43520.00', 'saldo': '176573.41', 'nome': 'Sigmasat USA Inc', 'cod': None}, {'data': '03-04-2024', 'pi': '3983595', 'inv': '137324', 'moeda': 'USD', 'montante': '-5960.00', 'saldo': '220093.41', 'nome': 'Sigmasat USA Inc', 'cod': None}, {'data': '01-04-2024', 'pi': '3974550', 'inv': '3748', 'moeda': 'USD', 'montante': '-7000.00', 'saldo': '299695.95', 'nome': 'ARGO COMMUNICATIONS', 'cod': None}, {'data': '01-04-2024', 'pi': '3974525', 'inv': '1000128', 'moeda': 'USD', 'montante': '-77456.92', 'saldo': '306695.95', 'nome': 'SEABRIDGE MARINE ENGINEERING AND', 'cod': None}, {'data': '01-04-2024', 'pi': '3974513', 'inv': '1000128', 'moeda': 'USD', 'montante': '-165.00', 'saldo': '384152.87', 'nome': 'PT. SNEPAC SHIPPING', 'cod': None}, {'data': '01-04-2024', 'pi': '3974498', 'inv': '10014', 'moeda': 'USD', 'montante': '-12600.00', 'saldo': '384317.87', 'nome': 'PICOLO E ASSOCIADOS LTDA INC', 'cod': None}, {'data': '01-04-2024', 'pi': '3974497', 'inv': '9991', 'moeda': 'USD', 'montante': '-3246.00', 'saldo': '396917.87', 'nome': 'PICOLO E ASSOCIADOS LTDA INC', 'cod': None}, {'data': '01-04-2024', 'pi': '3974407', 'inv': '3748', 'moeda': 'USD', 'montante': '-7000.00', 'saldo': '393163.87', 'nome': 'ARGO COMMUNICATIONS', 'cod': None}, {'data': '07-04-2024', 'pi': '3991205', 'inv': '10167246', 'moeda': 'NOK', 'montante': '-166155.00', 'saldo': '6147.67', 'nome': 'Kongsberg Maritime AS', 'cod': None}, {'data': '01-04-2024', 'pi': '3974527', 'inv': '1029039', 'moeda': 'NOK', 'montante': '-5870.00', 'saldo': '6147.67', 'nome': 'DIMO', 'cod': None}, {'data': '07-04-2024', 'pi': '3991194', 'inv': '477026', 'moeda': 'GBP', 'montante': '-3293.34', 'saldo': '576.78', 'nome': 'ISLE OF MAN - GOVERNMENT', 'cod': None}, {'data': '07-04-2024', 'pi': '3991191', 'inv': '476414', 'moeda': 'GBP', 'montante': '-650.00', 'saldo': '870.12', 'nome': 'ISLE OF MAN - GOVERNMENT', 'cod': None}, {'data': '07-04-2024', 'pi': '3991188', 'inv': '476415', 'moeda': 'GBP', 'montante': '-650.00', 'saldo': '1520.12', 'nome': 'ISLE OF MAN - GOVERNMENT', 'cod': None}, {'data': '07-04-2024', 'pi': '3991184', 'inv': '476446', 'moeda': 'GBP', 'montante': '-270.00', 'saldo': '2170.12', 'nome': 'ISLE OF MAN - GOVERNMENT', 'cod': None}, {'data': '08-04-2024', 'pi': '3993937', 'inv': '1131', 'moeda': 'EUR', 'montante': '-8360.00', 'saldo': '1098.64', 'nome': 'Bertling logistics Aberdeen Limited', 'cod': None}, {'data': '07-04-2024', 'pi': '3991105', 'inv': '1622766', 'moeda': 'EUR', 'montante': '-7695.60', 'saldo': '6458.64', 'nome': 'Loyens and Loeff N.V', 'cod': None}, {'data': '04-04-2024', 'pi': '3988296', 'inv': '241450004', 'moeda': 'EUR', 'montante': '-28538.35', 'saldo': '14154.24', 'nome': 'Flushing Shipping Agencies', 'cod': None}, {'data': '03-04-2024', 'pi': '3983592', 'inv': '241450004', 'moeda': 'EUR', 'montante': '-400207.50', 'saldo': '13692.59', 'nome': 'Holland Accommodation Rentals VOF', 'cod': None}]
2024-04-12 12:56:45,666; INFO; functions.mover_para_lidos.1178: MOVENDO ARQUIVO Ebury - Parcial até 08-04.pdf.
2024-04-12 12:56:45,666; INFO; functions.mover_para_lidos.1186: Pasta "Lidos" já existe
2024-04-12 12:56:45,673; INFO; functions.mover_para_lidos.1203: ARQUIVO Ebury - Parcial até 08-04.pdf MOVIDO PARA LIDOS.
2024-04-12 12:56:45,677; INFO; functions.open_RM.50: OPEN PROGRAM RM
2024-04-12 12:56:54,375; INFO; functions.loggin_RM.65: ENTER USER_NAME
2024-04-12 12:56:55,220; INFO; functions.loggin_RM.70: ENTER PASSWORD
2024-04-12 12:56:55,927; INFO; functions.loggin_RM.74: ENTER RM
2024-04-12 12:57:36,021; INFO; functions.waitForImage.930: LICENCAS EXCEDIDAS image not found.
2024-04-12 12:57:36,709; INFO; functions.enter_coligada.96: CLICK CONTEXTO
2024-04-12 12:57:38,209; INFO; functions.enter_coligada.99: CLICK COLIGADA 2
2024-04-12 12:57:40,943; INFO; functions.enter_coligada.103: INSERE O COLIGADA CODE = 2
2024-04-12 12:57:41,046; INFO; functions.enter_coligada.105: APERTA TAB PARA PREENCHER O CAMPO COM A STRING: OCEANICA ENGENHARIA E CONSULTORIA S.A.
2024-04-12 12:57:42,553; INFO; functions.enter_coligada.108: CLICK AVANÇAR NOVAMENTE
2024-04-12 12:57:45,741; INFO; functions.enter_coligada.112: CLICK CONCLUIR
2024-04-12 12:58:11,037; INFO; functions.enter_coligada.115: POP UP COLIGADA CLICADO PARA DESAPARECER
2024-04-12 12:58:11,647; INFO; functions.enter_contas_a_pagar.126: CLICK - TOTVS - LINHA RM
2024-04-12 12:58:14,335; INFO; functions.enter_contas_a_pagar.131: CLICK - BACK OFFICE
2024-04-12 12:58:16,931; INFO; functions.enter_contas_a_pagar.136: CLICK - GESTAO FINANCEIRA
2024-04-12 12:58:22,647; INFO; functions.enter_contas_a_pagar.141: CLICK - CONTAS A PAGAR
2024-04-12 12:58:22,751; INFO; functions.waitForImage.899: LANÇAMENTOS image found.
2024-04-12 12:58:22,853; INFO; functions.enter_contas_a_pagar.156: CLICA EM LANÇAMENTOS
2024-04-12 12:58:47,954; INFO; functions.waitForImage.930: LICENCAS EXCEDIDAS image not found.
2024-04-12 12:58:47,956; INFO; main.process.64: extrato_list_nao_tratado processo 0
2024-04-12 12:58:47,957; INFO; main.process.71: PROCESSO 1 de 55 A SER TRATADO: {'data': '08-04-2024', 'pi': '3993937', 'inv': '1131', 'moeda': 'EUR', 'montante': '-8360.00', 'saldo': '1098.64', 'nome': 'Bertling logistics Aberdeen Limited', 'cod': None}
2024-04-12 12:58:47,957; INFO; main.process.82: inv original 1131. tamanho 4
2024-04-12 12:58:47,957; INFO; main.process.87: inv TRATADA 00000113101. tamanho 11
2024-04-12 12:58:47,958; INFO; main.process.99: data: 08042024 <class 'str'>

                        pi: 3993937 <class 'str'>

                        inv: 00000113101 <class 'str'>

                        moeda: EUR <class 'str'>

                        montante: 8360,00 <class 'str'>

                        saldo: 1098.64 <class 'str'>

                        nome: Bertling logistics Aberdeen Limited <class 'str'>

                        cod: None <class 'NoneType'>
2024-04-12 12:58:47,961; INFO; functions.filter_lancamento.196: filter_lancamento : 1
2024-04-12 12:58:58,225; INFO; functions.filter_lancamento.223: ESCREVE Número do documento NO FILTRO
2024-04-12 12:58:59,835; INFO; functions.filter_lancamento.228: CLICK - BOTÃO DE SELECAO DE FILTRO
2024-04-12 12:59:01,813; INFO; functions.filter_lancamento.253: VALOR DE 00000113101 FILTRO
2024-04-12 12:59:02,459; INFO; functions.filter_lancamento.258: CLICK - BOTÃO DE EXECUTAR O FILTRO
2024-04-12 12:59:06,803; INFO; functions.desmark_filter.315: CLICK CHECKBOX LANÇAMENTOS A RECEBER
2024-04-12 12:59:07,616; INFO; functions.desmark_filter.319: CLICK CHECKBOX LANÇAMENTOS BAIXADOS
2024-04-12 12:59:08,488; INFO; functions.desmark_filter.323: CLICK CHECKBOX LANÇAMENTOS CANCELADOS
2024-04-12 12:59:09,383; INFO; functions.desmark_filter.327: CLICK CHECKBOX LANÇAMENTOS FATURADOS
2024-04-12 12:59:10,289; INFO; functions.desmark_filter.331: ATUALIZA O FILTRO
2024-04-12 12:59:10,371; INFO; functions.waitForImage.899: FILTER CLEAN image found.
2024-04-12 12:59:10,474; INFO; functions.filter_clean.266: CLICA NO BOTÃO X DO LIMPA FILTRO - TENTATIVA 1
2024-04-12 12:59:22,538; INFO; functions.waitForImage.930: FILTER CLEAN image not found.
2024-04-12 12:59:22,538; INFO; functions.filter_clean.269: BOTÃO X DO LIMPA FILTRO NÃO ENCONTRADO - TENTATIVA 2
2024-04-12 12:59:32,600; INFO; functions.waitForImage.930: FILTER CLEAN image not found.
2024-04-12 12:59:32,600; INFO; functions.filter_clean.269: BOTÃO X DO LIMPA FILTRO NÃO ENCONTRADO - TENTATIVA 3
2024-04-12 12:59:33,444; INFO; functions.select_tipo_documento.276: NOME DA COLUNA: Tipo de Documento
2024-04-12 12:59:34,710; INFO; functions.select_tipo_documento.280: HOVER NOME DA COLUNA: Tipo de Documento
2024-04-12 12:59:36,311; INFO; functions.select_tipo_documento.292: CLICA NO FILTRO PERSONALIZAR
2024-04-12 12:59:37,210; INFO; functions.select_tipo_documento.296: CLICA PARA SELECIONAR OPÇÕES DO FILTRO
2024-04-12 12:59:44,241; INFO; functions.select_tipo_documento.308: CLICK BUTTON CONFIRMAR FILTRO
2024-04-12 12:59:44,241; INFO; functions.check_table_record.336: VERIFICANDO SE A TABELA ESTÁ VAZIA
2024-04-12 12:59:45,053; INFO; functions.check_table_record.340: VERIFICAdo
2024-04-12 12:59:53,185; INFO; functions.check_table_record.346: CTRL+G
2024-04-12 12:59:53,786; INFO; functions.check_table_record.350: Para este processo é necessário que existam registros na visão.
2024-04-12 12:59:56,788; INFO; functions.check_table_record.357: SEM REGISTROS ENCONTRADOS
2024-04-12 12:59:56,889; INFO; main.process.134: Nenhuma INV encontrada
2024-04-12 12:59:56,889; INFO; main.process.64: extrato_list_nao_tratado processo 1
2024-04-12 12:59:56,890; INFO; main.process.68: PASSANDO PARA PROXIMO PROCESSO
2024-04-12 12:59:56,890; INFO; main.process.71: PROCESSO 2 de 55 A SER TRATADO: {'data': '07-04-2024', 'pi': '3991205', 'inv': '10167246', 'moeda': 'NOK', 'montante': '-166155.00', 'saldo': '6147.67', 'nome': 'Kongsberg Maritime AS', 'cod': None}
2024-04-12 12:59:56,890; INFO; main.process.82: inv original 10167246. tamanho 8
2024-04-12 12:59:56,890; INFO; main.process.87: inv TRATADA 01016724601. tamanho 11
2024-04-12 12:59:56,891; INFO; main.process.99: data: 07042024 <class 'str'>

                        pi: 3991205 <class 'str'>

                        inv: 01016724601 <class 'str'>

                        moeda: NOK <class 'str'>

                        montante: 166155,00 <class 'str'>

                        saldo: 6147.67 <class 'str'>

                        nome: Kongsberg Maritime AS <class 'str'>

                        cod: None <class 'NoneType'>
2024-04-12 12:59:56,892; INFO; main.process.111: Tratado em execução anterior do BOT
2024-04-12 12:59:56,893; INFO; main.process.64: extrato_list_nao_tratado processo 2
2024-04-12 12:59:56,893; INFO; main.process.68: PASSANDO PARA PROXIMO PROCESSO
2024-04-12 12:59:56,893; INFO; main.process.71: PROCESSO 3 de 55 A SER TRATADO: {'data': '07-04-2024', 'pi': '3991194', 'inv': '477026', 'moeda': 'GBP', 'montante': '-3293.34', 'saldo': '576.78', 'nome': 'ISLE OF MAN - GOVERNMENT', 'cod': None}
2024-04-12 12:59:56,893; INFO; main.process.82: inv original 477026. tamanho 6
2024-04-12 12:59:56,894; INFO; main.process.87: inv TRATADA 00047702601. tamanho 11
2024-04-12 12:59:56,894; INFO; main.process.99: data: 07042024 <class 'str'>

                        pi: 3991194 <class 'str'>

                        inv: 00047702601 <class 'str'>

                        moeda: GBP <class 'str'>

                        montante: 3293,34 <class 'str'>

                        saldo: 576.78 <class 'str'>

                        nome: ISLE OF MAN - GOVERNMENT <class 'str'>

                        cod: None <class 'NoneType'>
2024-04-12 12:59:56,896; INFO; functions.filter_lancamento.231: filter_lancamento : 2
2024-04-12 12:59:58,663; INFO; functions.waitForImage.899: NOVO FILTRO image found.
2024-04-12 12:59:58,794; INFO; functions.filter_lancamento.240: CLICK - BOTÃO DE NOVA SELECAO DE FILTRO
2024-04-12 13:00:00,503; INFO; functions.filter_lancamento.253: VALOR DE 00047702601 FILTRO
2024-04-12 13:00:01,122; INFO; functions.filter_lancamento.258: CLICK - BOTÃO DE EXECUTAR O FILTRO
2024-04-12 13:00:01,122; INFO; functions.check_table_record.336: VERIFICANDO SE A TABELA ESTÁ VAZIA
2024-04-12 13:00:03,460; INFO; functions.check_table_record.340: VERIFICAdo
2024-04-12 13:00:04,266; INFO; functions.check_table_record.346: CTRL+G
2024-04-12 13:00:04,866; INFO; functions.check_table_record.350: ATENÇÃO: 

Este processo exige que seja selecionado ao menos um registro para sua execução.
Como não foi feita nenhuma seleção, você deseja executá-lo para TODOS os 1 registros?
2024-04-12 13:00:06,870; INFO; functions.check_table_record.364: NUMERO DE REGISTROS ENCONTRADOS: 1
2024-04-12 13:00:08,588; INFO; functions.check_table_record.370: CLICK NÃO
2024-04-12 13:00:10,616; INFO; functions.check_inv.468: MOVIDO PRA CIMA 1 VEZES
2024-04-12 13:00:11,561; INFO; functions.check_inv.475: PRIMEIRA CELULA CLICADA
2024-04-12 13:00:15,097; INFO; functions.check_inv.479: 35 PASSOS PARA ESQUERDA
2024-04-12 13:00:16,916; INFO; functions.check_inv.484: 18 PASSOS PARA DIREITA
2024-04-12 13:00:18,917; INFO; functions.check_inv.490: BUSCA NA LINHA: 1
2024-04-12 13:00:18,917; INFO; functions.check_inv.496: ctrl c
2024-04-12 13:00:19,519; INFO; functions.check_inv.500: Historico completo: INV - 00477026 - ISLE OF MAN GOVERNMENT 
2024-04-12 13:00:19,519; INFO; functions.check_inv.545: ULTIMA INV, COLIGADA OU VALOR INCORRETAS ENCONTRADAS: 00477026 - ISLE OF MAN GOVERNMENT 
2024-04-12 13:00:19,519; INFO; functions.check_inv.548: Processo não encontrado
2024-04-12 13:00:19,519; INFO; main.process.141: Processo não encontrado
2024-04-12 13:00:19,519; INFO; main.process.143: Processo não encontrado
2024-04-12 13:00:19,519; INFO; main.process.64: extrato_list_nao_tratado processo 3
2024-04-12 13:00:19,519; INFO; main.process.68: PASSANDO PARA PROXIMO PROCESSO
2024-04-12 13:00:19,519; INFO; main.process.71: PROCESSO 4 de 55 A SER TRATADO: {'data': '07-04-2024', 'pi': '3991105', 'inv': '1622766', 'moeda': 'EUR', 'montante': '-7695.60', 'saldo': '6458.64', 'nome': 'Loyens and Loeff N.V', 'cod': None}
2024-04-12 13:00:19,519; INFO; main.process.82: inv original 1622766. tamanho 7
2024-04-12 13:00:19,519; INFO; main.process.87: inv TRATADA 00162276601. tamanho 11
2024-04-12 13:00:19,519; INFO; main.process.99: data: 07042024 <class 'str'>

                        pi: 3991105 <class 'str'>

                        inv: 00162276601 <class 'str'>

                        moeda: EUR <class 'str'>

                        montante: 7695,60 <class 'str'>

                        saldo: 6458.64 <class 'str'>

                        nome: Loyens and Loeff N.V <class 'str'>

                        cod: None <class 'NoneType'>
2024-04-12 13:00:19,519; INFO; functions.filter_lancamento.231: filter_lancamento : 2
2024-04-12 13:00:21,335; INFO; functions.waitForImage.899: NOVO FILTRO image found.
2024-04-12 13:00:21,499; INFO; functions.filter_lancamento.240: CLICK - BOTÃO DE NOVA SELECAO DE FILTRO
2024-04-12 13:00:23,220; INFO; functions.filter_lancamento.253: VALOR DE 00162276601 FILTRO
2024-04-12 13:00:23,835; INFO; functions.filter_lancamento.258: CLICK - BOTÃO DE EXECUTAR O FILTRO
2024-04-12 13:00:23,835; INFO; functions.check_table_record.336: VERIFICANDO SE A TABELA ESTÁ VAZIA
2024-04-12 13:00:25,757; INFO; functions.check_table_record.340: VERIFICAdo
2024-04-12 13:00:26,544; INFO; functions.check_table_record.346: CTRL+G
2024-04-12 13:00:27,147; INFO; functions.check_table_record.350: ATENÇÃO: 

Este processo exige que seja selecionado ao menos um registro para sua execução.
Como não foi feita nenhuma seleção, você deseja executá-lo para TODOS os 1 registros?
2024-04-12 13:00:29,157; INFO; functions.check_table_record.364: NUMERO DE REGISTROS ENCONTRADOS: 1
2024-04-12 13:00:30,861; INFO; functions.check_table_record.370: CLICK NÃO
2024-04-12 13:00:32,882; INFO; functions.check_inv.468: MOVIDO PRA CIMA 1 VEZES
2024-04-12 13:00:33,813; INFO; functions.check_inv.475: PRIMEIRA CELULA CLICADA
2024-04-12 13:00:37,342; INFO; functions.check_inv.479: 35 PASSOS PARA ESQUERDA
2024-04-12 13:00:39,174; INFO; functions.check_inv.484: 18 PASSOS PARA DIREITA
2024-04-12 13:00:41,175; INFO; functions.check_inv.490: BUSCA NA LINHA: 1
2024-04-12 13:00:41,175; INFO; functions.check_inv.496: ctrl c
2024-04-12 13:00:41,788; INFO; functions.check_inv.500: Historico completo: INV - 01622766 - Loyens & Loeff N.V 
2024-04-12 13:00:41,788; INFO; functions.check_inv.545: ULTIMA INV, COLIGADA OU VALOR INCORRETAS ENCONTRADAS: 01622766 - Loyens & Loeff N.V 
2024-04-12 13:00:41,788; INFO; functions.check_inv.548: Processo não encontrado
2024-04-12 13:00:41,788; INFO; main.process.141: Processo não encontrado
2024-04-12 13:00:41,788; INFO; main.process.143: Processo não encontrado
2024-04-12 13:00:41,788; INFO; main.process.64: extrato_list_nao_tratado processo 4
2024-04-12 13:00:41,788; INFO; main.process.68: PASSANDO PARA PROXIMO PROCESSO
2024-04-12 13:00:41,788; INFO; main.process.71: PROCESSO 5 de 55 A SER TRATADO: {'data': '07-04-2024', 'pi': '3991191', 'inv': '476414', 'moeda': 'GBP', 'montante': '-650.00', 'saldo': '870.12', 'nome': 'ISLE OF MAN - GOVERNMENT', 'cod': None}
2024-04-12 13:00:41,788; INFO; main.process.82: inv original 476414. tamanho 6
2024-04-12 13:00:41,788; INFO; main.process.87: inv TRATADA 00047641401. tamanho 11
2024-04-12 13:00:41,788; INFO; main.process.99: data: 07042024 <class 'str'>

                        pi: 3991191 <class 'str'>

                        inv: 00047641401 <class 'str'>

                        moeda: GBP <class 'str'>

                        montante: 650,00 <class 'str'>

                        saldo: 870.12 <class 'str'>

                        nome: ISLE OF MAN - GOVERNMENT <class 'str'>

                        cod: None <class 'NoneType'>
2024-04-12 13:00:41,788; INFO; functions.filter_lancamento.231: filter_lancamento : 2
2024-04-12 13:00:43,586; INFO; functions.waitForImage.899: NOVO FILTRO image found.
2024-04-12 13:00:43,726; INFO; functions.filter_lancamento.240: CLICK - BOTÃO DE NOVA SELECAO DE FILTRO
2024-04-12 13:00:45,439; INFO; functions.filter_lancamento.253: VALOR DE 00047641401 FILTRO
2024-04-12 13:00:46,069; INFO; functions.filter_lancamento.258: CLICK - BOTÃO DE EXECUTAR O FILTRO
2024-04-12 13:00:46,069; INFO; functions.check_table_record.336: VERIFICANDO SE A TABELA ESTÁ VAZIA
2024-04-12 13:00:47,882; INFO; functions.check_table_record.340: VERIFICAdo
2024-04-12 13:00:48,649; INFO; functions.check_table_record.346: CTRL+G
2024-04-12 13:00:49,257; INFO; functions.check_table_record.350: ATENÇÃO: 

Este processo exige que seja selecionado ao menos um registro para sua execução.
Como não foi feita nenhuma seleção, você deseja executá-lo para TODOS os 1 registros?
2024-04-12 13:00:51,261; INFO; functions.check_table_record.364: NUMERO DE REGISTROS ENCONTRADOS: 1
2024-04-12 13:00:52,954; INFO; functions.check_table_record.370: CLICK NÃO
2024-04-12 13:00:54,991; INFO; functions.check_inv.468: MOVIDO PRA CIMA 1 VEZES
2024-04-12 13:00:55,936; INFO; functions.check_inv.475: PRIMEIRA CELULA CLICADA
2024-04-12 13:00:59,463; INFO; functions.check_inv.479: 35 PASSOS PARA ESQUERDA
2024-04-12 13:01:01,288; INFO; functions.check_inv.484: 18 PASSOS PARA DIREITA
2024-04-12 13:01:03,289; INFO; functions.check_inv.490: BUSCA NA LINHA: 1
2024-04-12 13:01:03,289; INFO; functions.check_inv.496: ctrl c
2024-04-12 13:01:03,891; INFO; functions.check_inv.500: Historico completo: INV - 00476414 - ISLE OF MAN GOVERNMENT 
2024-04-12 13:01:03,891; INFO; functions.check_inv.545: ULTIMA INV, COLIGADA OU VALOR INCORRETAS ENCONTRADAS: 00476414 - ISLE OF MAN GOVERNMENT 
2024-04-12 13:01:03,891; INFO; functions.check_inv.548: Processo não encontrado
2024-04-12 13:01:03,891; INFO; main.process.141: Processo não encontrado
2024-04-12 13:01:03,891; INFO; main.process.143: Processo não encontrado
2024-04-12 13:01:03,891; INFO; main.process.64: extrato_list_nao_tratado processo 5
2024-04-12 13:01:03,891; INFO; main.process.68: PASSANDO PARA PROXIMO PROCESSO
2024-04-12 13:01:03,891; INFO; main.process.71: PROCESSO 6 de 55 A SER TRATADO: {'data': '07-04-2024', 'pi': '3991188', 'inv': '476415', 'moeda': 'GBP', 'montante': '-650.00', 'saldo': '1520.12', 'nome': 'ISLE OF MAN - GOVERNMENT', 'cod': None}
2024-04-12 13:01:03,891; INFO; main.process.82: inv original 476415. tamanho 6
2024-04-12 13:01:03,891; INFO; main.process.87: inv TRATADA 00047641501. tamanho 11
2024-04-12 13:01:03,891; INFO; main.process.99: data: 07042024 <class 'str'>

                        pi: 3991188 <class 'str'>

                        inv: 00047641501 <class 'str'>

                        moeda: GBP <class 'str'>

                        montante: 650,00 <class 'str'>

                        saldo: 1520.12 <class 'str'>

                        nome: ISLE OF MAN - GOVERNMENT <class 'str'>

                        cod: None <class 'NoneType'>
2024-04-12 13:01:03,891; INFO; functions.filter_lancamento.231: filter_lancamento : 2
2024-04-12 13:01:05,694; INFO; functions.waitForImage.899: NOVO FILTRO image found.
2024-04-12 13:01:05,822; INFO; functions.filter_lancamento.240: CLICK - BOTÃO DE NOVA SELECAO DE FILTRO
2024-04-12 13:01:07,564; INFO; functions.filter_lancamento.253: VALOR DE 00047641501 FILTRO
2024-04-12 13:01:08,210; INFO; functions.filter_lancamento.258: CLICK - BOTÃO DE EXECUTAR O FILTRO
2024-04-12 13:01:08,210; INFO; functions.check_table_record.336: VERIFICANDO SE A TABELA ESTÁ VAZIA
2024-04-12 13:01:09,991; INFO; functions.check_table_record.340: VERIFICAdo
2024-04-12 13:01:10,774; INFO; functions.check_table_record.346: CTRL+G
2024-04-12 13:01:11,382; INFO; functions.check_table_record.350: ATENÇÃO: 

Este processo exige que seja selecionado ao menos um registro para sua execução.
Como não foi feita nenhuma seleção, você deseja executá-lo para TODOS os 1 registros?
2024-04-12 13:01:13,395; INFO; functions.check_table_record.364: NUMERO DE REGISTROS ENCONTRADOS: 1
2024-04-12 13:01:15,097; INFO; functions.check_table_record.370: CLICK NÃO
2024-04-12 13:01:17,116; INFO; functions.check_inv.468: MOVIDO PRA CIMA 1 VEZES
2024-04-12 13:01:18,061; INFO; functions.check_inv.475: PRIMEIRA CELULA CLICADA
2024-04-12 13:01:21,586; INFO; functions.check_inv.479: 35 PASSOS PARA ESQUERDA
2024-04-12 13:01:23,399; INFO; functions.check_inv.484: 18 PASSOS PARA DIREITA
2024-04-12 13:01:25,400; INFO; functions.check_inv.490: BUSCA NA LINHA: 1
2024-04-12 13:01:25,400; INFO; functions.check_inv.496: ctrl c
2024-04-12 13:01:26,002; INFO; functions.check_inv.500: Historico completo: INV - 00476415 - ISLE OF MAN GOVERNMENT 
2024-04-12 13:01:26,002; INFO; functions.check_inv.545: ULTIMA INV, COLIGADA OU VALOR INCORRETAS ENCONTRADAS: 00476415 - ISLE OF MAN GOVERNMENT 
2024-04-12 13:01:26,002; INFO; functions.check_inv.548: Processo não encontrado
2024-04-12 13:01:26,002; INFO; main.process.141: Processo não encontrado
2024-04-12 13:01:26,002; INFO; main.process.143: Processo não encontrado
2024-04-12 13:01:26,003; INFO; main.process.64: extrato_list_nao_tratado processo 6
2024-04-12 13:01:26,003; INFO; main.process.68: PASSANDO PARA PROXIMO PROCESSO
2024-04-12 13:01:26,003; INFO; main.process.71: PROCESSO 7 de 55 A SER TRATADO: {'data': '07-04-2024', 'pi': '3991184', 'inv': '476446', 'moeda': 'GBP', 'montante': '-270.00', 'saldo': '2170.12', 'nome': 'ISLE OF MAN - GOVERNMENT', 'cod': None}
2024-04-12 13:01:26,004; INFO; main.process.82: inv original 476446. tamanho 6
2024-04-12 13:01:26,004; INFO; main.process.87: inv TRATADA 00047644601. tamanho 11
2024-04-12 13:01:26,004; INFO; main.process.99: data: 07042024 <class 'str'>

                        pi: 3991184 <class 'str'>

                        inv: 00047644601 <class 'str'>

                        moeda: GBP <class 'str'>

                        montante: 270,00 <class 'str'>

                        saldo: 2170.12 <class 'str'>

                        nome: ISLE OF MAN - GOVERNMENT <class 'str'>

                        cod: None <class 'NoneType'>
2024-04-12 13:01:26,006; INFO; functions.filter_lancamento.231: filter_lancamento : 2
2024-04-12 13:01:27,757; INFO; functions.waitForImage.899: NOVO FILTRO image found.
2024-04-12 13:01:27,875; INFO; functions.filter_lancamento.240: CLICK - BOTÃO DE NOVA SELECAO DE FILTRO
2024-04-12 13:01:29,594; INFO; functions.filter_lancamento.253: VALOR DE 00047644601 FILTRO
2024-04-12 13:01:30,210; INFO; functions.filter_lancamento.258: CLICK - BOTÃO DE EXECUTAR O FILTRO
2024-04-12 13:01:30,210; INFO; functions.check_table_record.336: VERIFICANDO SE A TABELA ESTÁ VAZIA
2024-04-12 13:01:31,898; INFO; functions.check_table_record.340: VERIFICAdo
2024-04-12 13:01:32,681; INFO; functions.check_table_record.346: CTRL+G
2024-04-12 13:01:33,288; INFO; functions.check_table_record.350: ATENÇÃO: 

Este processo exige que seja selecionado ao menos um registro para sua execução.
Como não foi feita nenhuma seleção, você deseja executá-lo para TODOS os 1 registros?
2024-04-12 13:01:35,292; INFO; functions.check_table_record.364: NUMERO DE REGISTROS ENCONTRADOS: 1
2024-04-12 13:01:36,987; INFO; functions.check_table_record.370: CLICK NÃO
2024-04-12 13:01:39,023; INFO; functions.check_inv.468: MOVIDO PRA CIMA 1 VEZES
2024-04-12 13:01:39,967; INFO; functions.check_inv.475: PRIMEIRA CELULA CLICADA
2024-04-12 13:01:43,489; INFO; functions.check_inv.479: 35 PASSOS PARA ESQUERDA
2024-04-12 13:01:45,303; INFO; functions.check_inv.484: 18 PASSOS PARA DIREITA
2024-04-12 13:01:47,304; INFO; functions.check_inv.490: BUSCA NA LINHA: 1
2024-04-12 13:01:47,304; INFO; functions.check_inv.496: ctrl c
2024-04-12 13:01:47,906; INFO; functions.check_inv.500: Historico completo: INV - 00476446 - ISLE OF MAN GOVERNMENT 
2024-04-12 13:01:47,906; INFO; functions.check_inv.545: ULTIMA INV, COLIGADA OU VALOR INCORRETAS ENCONTRADAS: 00476446 - ISLE OF MAN GOVERNMENT 
2024-04-12 13:01:47,906; INFO; functions.check_inv.548: Processo não encontrado
2024-04-12 13:01:47,906; INFO; main.process.141: Processo não encontrado
2024-04-12 13:01:47,906; INFO; main.process.143: Processo não encontrado
2024-04-12 13:01:47,906; INFO; main.process.64: extrato_list_nao_tratado processo 7
2024-04-12 13:01:47,906; INFO; main.process.68: PASSANDO PARA PROXIMO PROCESSO
2024-04-12 13:01:47,906; INFO; main.process.71: PROCESSO 8 de 55 A SER TRATADO: {'data': '04-04-2024', 'pi': '3988296', 'inv': '241450004', 'moeda': 'EUR', 'montante': '-28538.35', 'saldo': '14154.24', 'nome': 'Flushing Shipping Agencies', 'cod': None}
2024-04-12 13:01:47,906; INFO; main.process.82: inv original 241450004. tamanho 9
2024-04-12 13:01:47,906; INFO; main.process.87: inv TRATADA 24145000401. tamanho 11
2024-04-12 13:01:47,906; INFO; main.process.99: data: 04042024 <class 'str'>

                        pi: 3988296 <class 'str'>

                        inv: 24145000401 <class 'str'>

                        moeda: EUR <class 'str'>

                        montante: 28538,35 <class 'str'>

                        saldo: 14154.24 <class 'str'>

                        nome: Flushing Shipping Agencies <class 'str'>

                        cod: None <class 'NoneType'>
2024-04-12 13:01:47,906; INFO; functions.filter_lancamento.231: filter_lancamento : 2
2024-04-12 13:01:49,663; INFO; functions.waitForImage.899: NOVO FILTRO image found.
2024-04-12 13:01:49,795; INFO; functions.filter_lancamento.240: CLICK - BOTÃO DE NOVA SELECAO DE FILTRO
2024-04-12 13:01:51,501; INFO; functions.filter_lancamento.253: VALOR DE 24145000401 FILTRO
2024-04-12 13:01:52,116; INFO; functions.filter_lancamento.258: CLICK - BOTÃO DE EXECUTAR O FILTRO
2024-04-12 13:01:52,116; INFO; functions.check_table_record.336: VERIFICANDO SE A TABELA ESTÁ VAZIA
2024-04-12 13:01:53,679; INFO; functions.check_table_record.340: VERIFICAdo
2024-04-12 13:02:01,798; INFO; functions.check_table_record.346: CTRL+G
2024-04-12 13:02:02,393; INFO; functions.check_table_record.350: Para este processo é necessário que existam registros na visão.
2024-04-12 13:02:05,395; INFO; functions.check_table_record.357: SEM REGISTROS ENCONTRADOS
2024-04-12 13:02:05,496; INFO; main.process.134: Nenhuma INV encontrada
2024-04-12 13:02:05,496; INFO; main.process.64: extrato_list_nao_tratado processo 8
2024-04-12 13:02:05,497; INFO; main.process.68: PASSANDO PARA PROXIMO PROCESSO
2024-04-12 13:02:05,498; INFO; main.process.71: PROCESSO 9 de 55 A SER TRATADO: {'data': '03-04-2024', 'pi': '3983592', 'inv': '241450004', 'moeda': 'EUR', 'montante': '-400207.50', 'saldo': '13692.59', 'nome': 'Holland Accommodation Rentals VOF', 'cod': None}
2024-04-12 13:02:05,498; INFO; main.process.82: inv original 241450004. tamanho 9
2024-04-12 13:02:05,498; INFO; main.process.87: inv TRATADA 24145000401. tamanho 11
2024-04-12 13:02:05,498; INFO; main.process.99: data: 03042024 <class 'str'>

                        pi: 3983592 <class 'str'>

                        inv: 24145000401 <class 'str'>

                        moeda: EUR <class 'str'>

                        montante: 400207,50 <class 'str'>

                        saldo: 13692.59 <class 'str'>

                        nome: Holland Accommodation Rentals VOF <class 'str'>

                        cod: None <class 'NoneType'>
2024-04-12 13:02:05,500; INFO; functions.filter_lancamento.231: filter_lancamento : 2
2024-04-12 13:02:07,289; INFO; functions.waitForImage.899: NOVO FILTRO image found.
2024-04-12 13:02:07,407; INFO; functions.filter_lancamento.240: CLICK - BOTÃO DE NOVA SELECAO DE FILTRO
2024-04-12 13:02:09,127; INFO; functions.filter_lancamento.253: VALOR DE 24145000401 FILTRO
2024-04-12 13:02:09,764; INFO; functions.filter_lancamento.258: CLICK - BOTÃO DE EXECUTAR O FILTRO
2024-04-12 13:02:09,764; INFO; functions.check_table_record.336: VERIFICANDO SE A TABELA ESTÁ VAZIA
2024-04-12 13:02:11,255; INFO; functions.check_table_record.340: VERIFICAdo
2024-04-12 13:02:19,343; INFO; functions.check_table_record.346: CTRL+G
2024-04-12 13:02:19,947; INFO; functions.check_table_record.350: Para este processo é necessário que existam registros na visão.
2024-04-12 13:02:22,948; INFO; functions.check_table_record.357: SEM REGISTROS ENCONTRADOS
2024-04-12 13:02:23,049; INFO; main.process.134: Nenhuma INV encontrada
2024-04-12 13:02:23,049; INFO; main.process.64: extrato_list_nao_tratado processo 9
2024-04-12 13:02:23,049; INFO; main.process.68: PASSANDO PARA PROXIMO PROCESSO
2024-04-12 13:02:23,049; INFO; main.process.71: PROCESSO 10 de 55 A SER TRATADO: {'data': '03-04-2024', 'pi': '3983616', 'inv': '137224', 'moeda': 'USD', 'montante': '-1050.00', 'saldo': '104894.41', 'nome': 'Sigmasat USA Inc', 'cod': None}
2024-04-12 13:02:23,050; INFO; main.process.82: inv original 137224. tamanho 6
2024-04-12 13:02:23,051; INFO; main.process.87: inv TRATADA 00013722401. tamanho 11
2024-04-12 13:02:23,051; INFO; main.process.99: data: 03042024 <class 'str'>

                        pi: 3983616 <class 'str'>

                        inv: 00013722401 <class 'str'>

                        moeda: USD <class 'str'>

                        montante: 1050,00 <class 'str'>

                        saldo: 104894.41 <class 'str'>

                        nome: Sigmasat USA Inc <class 'str'>

                        cod: None <class 'NoneType'>
2024-04-12 13:02:23,052; INFO; main.process.111: Tratado em execução anterior do BOT
2024-04-12 13:02:23,053; INFO; main.process.64: extrato_list_nao_tratado processo 10
2024-04-12 13:02:23,053; INFO; main.process.68: PASSANDO PARA PROXIMO PROCESSO
2024-04-12 13:02:23,053; INFO; main.process.71: PROCESSO 11 de 55 A SER TRATADO: {'data': '03-04-2024', 'pi': '3983615', 'inv': '137124', 'moeda': 'USD', 'montante': '-2324.00', 'saldo': '105944.41', 'nome': 'Sigmasat USA Inc', 'cod': None}
2024-04-12 13:02:23,054; INFO; main.process.82: inv original 137124. tamanho 6
2024-04-12 13:02:23,055; INFO; main.process.87: inv TRATADA 00013712401. tamanho 11
2024-04-12 13:02:23,056; INFO; main.process.99: data: 03042024 <class 'str'>

                        pi: 3983615 <class 'str'>

                        inv: 00013712401 <class 'str'>

                        moeda: USD <class 'str'>

                        montante: 2324,00 <class 'str'>

                        saldo: 105944.41 <class 'str'>

                        nome: Sigmasat USA Inc <class 'str'>

                        cod: None <class 'NoneType'>
2024-04-12 13:02:23,057; INFO; main.process.111: Tratado em execução anterior do BOT
2024-04-12 13:02:23,058; INFO; main.process.64: extrato_list_nao_tratado processo 11
2024-04-12 13:02:23,058; INFO; main.process.68: PASSANDO PARA PROXIMO PROCESSO
2024-04-12 13:02:23,058; INFO; main.process.71: PROCESSO 12 de 55 A SER TRATADO: {'data': '03-04-2024', 'pi': '3983613', 'inv': '137024', 'moeda': 'USD', 'montante': '-315.00', 'saldo': '108268.41', 'nome': 'Sigmasat USA Inc', 'cod': None}
2024-04-12 13:02:23,059; INFO; main.process.82: inv original 137024. tamanho 6
2024-04-12 13:02:23,060; INFO; main.process.87: inv TRATADA 00013702401. tamanho 11
2024-04-12 13:02:23,060; INFO; main.process.99: data: 03042024 <class 'str'>

                        pi: 3983613 <class 'str'>

                        inv: 00013702401 <class 'str'>

                        moeda: USD <class 'str'>

                        montante: 315,00 <class 'str'>

                        saldo: 108268.41 <class 'str'>

                        nome: Sigmasat USA Inc <class 'str'>

                        cod: None <class 'NoneType'>
2024-04-12 13:02:23,062; INFO; main.process.111: Tratado em execução anterior do BOT
2024-04-12 13:02:23,062; INFO; main.process.64: extrato_list_nao_tratado processo 12
2024-04-12 13:02:23,062; INFO; main.process.68: PASSANDO PARA PROXIMO PROCESSO
2024-04-12 13:02:23,064; INFO; main.process.71: PROCESSO 13 de 55 A SER TRATADO: {'data': '03-04-2024', 'pi': '3983612', 'inv': '136924', 'moeda': 'USD', 'montante': '-315.00', 'saldo': '108583.41', 'nome': 'Sigmasat USA Inc', 'cod': None}
2024-04-12 13:02:23,065; INFO; main.process.82: inv original 136924. tamanho 6
2024-04-12 13:02:23,065; INFO; main.process.87: inv TRATADA 00013692401. tamanho 11
2024-04-12 13:02:23,065; INFO; main.process.99: data: 03042024 <class 'str'>

                        pi: 3983612 <class 'str'>

                        inv: 00013692401 <class 'str'>

                        moeda: USD <class 'str'>

                        montante: 315,00 <class 'str'>

                        saldo: 108583.41 <class 'str'>

                        nome: Sigmasat USA Inc <class 'str'>

                        cod: None <class 'NoneType'>
2024-04-12 13:02:23,069; INFO; main.process.111: Tratado em execução anterior do BOT
2024-04-12 13:02:23,069; INFO; main.process.64: extrato_list_nao_tratado processo 13
2024-04-12 13:02:23,070; INFO; main.process.68: PASSANDO PARA PROXIMO PROCESSO
2024-04-12 13:02:23,070; INFO; main.process.71: PROCESSO 14 de 55 A SER TRATADO: {'data': '03-04-2024', 'pi': '3983610', 'inv': '136724', 'moeda': 'USD', 'montante': '-5960.00', 'saldo': '108898.41', 'nome': 'Sigmasat USA Inc', 'cod': None}
2024-04-12 13:02:23,070; INFO; main.process.82: inv original 136724. tamanho 6
2024-04-12 13:02:23,070; INFO; main.process.87: inv TRATADA 00013672401. tamanho 11
2024-04-12 13:02:23,071; INFO; main.process.99: data: 03042024 <class 'str'>

                        pi: 3983610 <class 'str'>

                        inv: 00013672401 <class 'str'>

                        moeda: USD <class 'str'>

                        montante: 5960,00 <class 'str'>

                        saldo: 108898.41 <class 'str'>

                        nome: Sigmasat USA Inc <class 'str'>

                        cod: None <class 'NoneType'>
2024-04-12 13:02:23,072; INFO; main.process.111: Tratado em execução anterior do BOT
2024-04-12 13:02:23,072; INFO; main.process.64: extrato_list_nao_tratado processo 14
2024-04-12 13:02:23,073; INFO; main.process.68: PASSANDO PARA PROXIMO PROCESSO
2024-04-12 13:02:23,073; INFO; main.process.71: PROCESSO 15 de 55 A SER TRATADO: {'data': '03-04-2024', 'pi': '3983608', 'inv': '136824', 'moeda': 'USD', 'montante': '-315.00', 'saldo': '114858.41', 'nome': 'Sigmasat USA Inc', 'cod': None}
2024-04-12 13:02:23,073; INFO; main.process.82: inv original 136824. tamanho 6
2024-04-12 13:02:23,073; INFO; main.process.87: inv TRATADA 00013682401. tamanho 11
2024-04-12 13:02:23,074; INFO; main.process.99: data: 03042024 <class 'str'>

                        pi: 3983608 <class 'str'>

                        inv: 00013682401 <class 'str'>

                        moeda: USD <class 'str'>

                        montante: 315,00 <class 'str'>

                        saldo: 114858.41 <class 'str'>

                        nome: Sigmasat USA Inc <class 'str'>

                        cod: None <class 'NoneType'>
2024-04-12 13:02:23,075; INFO; main.process.111: Tratado em execução anterior do BOT
2024-04-12 13:02:23,075; INFO; main.process.64: extrato_list_nao_tratado processo 15
2024-04-12 13:02:23,076; INFO; main.process.68: PASSANDO PARA PROXIMO PROCESSO
2024-04-12 13:02:23,076; INFO; main.process.71: PROCESSO 16 de 55 A SER TRATADO: {'data': '03-04-2024', 'pi': '3983606', 'inv': '136624', 'moeda': 'USD', 'montante': '-5960.00', 'saldo': '115173.41', 'nome': 'Sigmasat USA Inc', 'cod': None}
2024-04-12 13:02:23,076; INFO; main.process.82: inv original 136624. tamanho 6
2024-04-12 13:02:23,077; INFO; main.process.87: inv TRATADA 00013662401. tamanho 11
2024-04-12 13:02:23,077; INFO; main.process.99: data: 03042024 <class 'str'>

                        pi: 3983606 <class 'str'>

                        inv: 00013662401 <class 'str'>

                        moeda: USD <class 'str'>

                        montante: 5960,00 <class 'str'>

                        saldo: 115173.41 <class 'str'>

                        nome: Sigmasat USA Inc <class 'str'>

                        cod: None <class 'NoneType'>
2024-04-12 13:02:23,079; INFO; main.process.111: Tratado em execução anterior do BOT
2024-04-12 13:02:23,079; INFO; main.process.64: extrato_list_nao_tratado processo 16
2024-04-12 13:02:23,080; INFO; main.process.68: PASSANDO PARA PROXIMO PROCESSO
2024-04-12 13:02:23,080; INFO; main.process.71: PROCESSO 17 de 55 A SER TRATADO: {'data': '03-04-2024', 'pi': '3983602', 'inv': '136524', 'moeda': 'USD', 'montante': '-5960.00', 'saldo': '121133.41', 'nome': 'Sigmasat USA Inc', 'cod': None}
2024-04-12 13:02:23,081; INFO; main.process.82: inv original 136524. tamanho 6
2024-04-12 13:02:23,081; INFO; main.process.87: inv TRATADA 00013652401. tamanho 11
2024-04-12 13:02:23,081; INFO; main.process.99: data: 03042024 <class 'str'>

                        pi: 3983602 <class 'str'>

                        inv: 00013652401 <class 'str'>

                        moeda: USD <class 'str'>

                        montante: 5960,00 <class 'str'>

                        saldo: 121133.41 <class 'str'>

                        nome: Sigmasat USA Inc <class 'str'>

                        cod: None <class 'NoneType'>
2024-04-12 13:02:23,083; INFO; main.process.111: Tratado em execução anterior do BOT
2024-04-12 13:02:23,083; INFO; main.process.64: extrato_list_nao_tratado processo 17
2024-04-12 13:02:23,084; INFO; main.process.68: PASSANDO PARA PROXIMO PROCESSO
2024-04-12 13:02:23,084; INFO; main.process.71: PROCESSO 18 de 55 A SER TRATADO: {'data': '03-04-2024', 'pi': '3983600', 'inv': '136324', 'moeda': 'USD', 'montante': '-43520.00', 'saldo': '127093.41', 'nome': 'Sigmasat USA Inc', 'cod': None}
2024-04-12 13:02:23,084; INFO; main.process.82: inv original 136324. tamanho 6
2024-04-12 13:02:23,084; INFO; main.process.87: inv TRATADA 00013632401. tamanho 11
2024-04-12 13:02:23,085; INFO; main.process.99: data: 03042024 <class 'str'>

                        pi: 3983600 <class 'str'>

                        inv: 00013632401 <class 'str'>

                        moeda: USD <class 'str'>

                        montante: 43520,00 <class 'str'>

                        saldo: 127093.41 <class 'str'>

                        nome: Sigmasat USA Inc <class 'str'>

                        cod: None <class 'NoneType'>
2024-04-12 13:02:23,086; INFO; main.process.111: Tratado em execução anterior do BOT
2024-04-12 13:02:23,087; INFO; main.process.64: extrato_list_nao_tratado processo 18
2024-04-12 13:02:23,087; INFO; main.process.68: PASSANDO PARA PROXIMO PROCESSO
2024-04-12 13:02:23,087; INFO; main.process.71: PROCESSO 19 de 55 A SER TRATADO: {'data': '03-04-2024', 'pi': '3983598', 'inv': '136424', 'moeda': 'USD', 'montante': '-5960.00', 'saldo': '170613.41', 'nome': 'Sigmasat USA Inc', 'cod': None}
2024-04-12 13:02:23,088; INFO; main.process.82: inv original 136424. tamanho 6
2024-04-12 13:02:23,088; INFO; main.process.87: inv TRATADA 00013642401. tamanho 11
2024-04-12 13:02:23,088; INFO; main.process.99: data: 03042024 <class 'str'>

                        pi: 3983598 <class 'str'>

                        inv: 00013642401 <class 'str'>

                        moeda: USD <class 'str'>

                        montante: 5960,00 <class 'str'>

                        saldo: 170613.41 <class 'str'>

                        nome: Sigmasat USA Inc <class 'str'>

                        cod: None <class 'NoneType'>
2024-04-12 13:02:23,090; INFO; main.process.111: Tratado em execução anterior do BOT
2024-04-12 13:02:23,090; INFO; main.process.64: extrato_list_nao_tratado processo 19
2024-04-12 13:02:23,091; INFO; main.process.68: PASSANDO PARA PROXIMO PROCESSO
2024-04-12 13:02:23,091; INFO; main.process.71: PROCESSO 20 de 55 A SER TRATADO: {'data': '03-04-2024', 'pi': '3983596', 'inv': '136224', 'moeda': 'USD', 'montante': '-43520.00', 'saldo': '176573.41', 'nome': 'Sigmasat USA Inc', 'cod': None}
2024-04-12 13:02:23,091; INFO; main.process.82: inv original 136224. tamanho 6
2024-04-12 13:02:23,092; INFO; main.process.87: inv TRATADA 00013622401. tamanho 11
2024-04-12 13:02:23,092; INFO; main.process.99: data: 03042024 <class 'str'>

                        pi: 3983596 <class 'str'>

                        inv: 00013622401 <class 'str'>

                        moeda: USD <class 'str'>

                        montante: 43520,00 <class 'str'>

                        saldo: 176573.41 <class 'str'>

                        nome: Sigmasat USA Inc <class 'str'>

                        cod: None <class 'NoneType'>
2024-04-12 13:02:23,093; INFO; main.process.111: Tratado em execução anterior do BOT
2024-04-12 13:02:23,094; INFO; main.process.64: extrato_list_nao_tratado processo 20
2024-04-12 13:02:23,094; INFO; main.process.68: PASSANDO PARA PROXIMO PROCESSO
2024-04-12 13:02:23,094; INFO; main.process.71: PROCESSO 21 de 55 A SER TRATADO: {'data': '03-04-2024', 'pi': '3983595', 'inv': '137324', 'moeda': 'USD', 'montante': '-5960.00', 'saldo': '220093.41', 'nome': 'Sigmasat USA Inc', 'cod': None}
2024-04-12 13:02:23,095; INFO; main.process.82: inv original 137324. tamanho 6
2024-04-12 13:02:23,095; INFO; main.process.87: inv TRATADA 00013732401. tamanho 11
2024-04-12 13:02:23,096; INFO; main.process.99: data: 03042024 <class 'str'>

                        pi: 3983595 <class 'str'>

                        inv: 00013732401 <class 'str'>

                        moeda: USD <class 'str'>

                        montante: 5960,00 <class 'str'>

                        saldo: 220093.41 <class 'str'>

                        nome: Sigmasat USA Inc <class 'str'>

                        cod: None <class 'NoneType'>
2024-04-12 13:02:23,097; INFO; main.process.111: Tratado em execução anterior do BOT
2024-04-12 13:02:23,097; INFO; main.process.64: extrato_list_nao_tratado processo 21
2024-04-12 13:02:23,098; INFO; main.process.68: PASSANDO PARA PROXIMO PROCESSO
2024-04-12 13:02:23,098; INFO; main.process.71: PROCESSO 22 de 55 A SER TRATADO: {'data': '01-04-2024', 'pi': '3974527', 'inv': '1029039', 'moeda': 'NOK', 'montante': '-5870.00', 'saldo': '6147.67', 'nome': 'DIMO', 'cod': None}
2024-04-12 13:02:23,098; INFO; main.process.82: inv original 1029039. tamanho 7
2024-04-12 13:02:23,099; INFO; main.process.87: inv TRATADA 00102903901. tamanho 11
2024-04-12 13:02:23,099; INFO; main.process.99: data: 01042024 <class 'str'>

                        pi: 3974527 <class 'str'>

                        inv: 00102903901 <class 'str'>

                        moeda: NOK <class 'str'>

                        montante: 5870,00 <class 'str'>

                        saldo: 6147.67 <class 'str'>

                        nome: DIMO <class 'str'>

                        cod: None <class 'NoneType'>
2024-04-12 13:02:23,100; INFO; main.process.111: Tratado em execução anterior do BOT
2024-04-12 13:02:23,101; INFO; main.process.64: extrato_list_nao_tratado processo 22
2024-04-12 13:02:23,101; INFO; main.process.68: PASSANDO PARA PROXIMO PROCESSO
2024-04-12 13:02:23,101; INFO; main.process.71: PROCESSO 23 de 55 A SER TRATADO: {'data': '01-04-2024', 'pi': '3974550', 'inv': '3748', 'moeda': 'USD', 'montante': '-7000.00', 'saldo': '299695.95', 'nome': 'ARGO COMMUNICATIONS', 'cod': None}
2024-04-12 13:02:23,102; INFO; main.process.82: inv original 3748. tamanho 4
2024-04-12 13:02:23,102; INFO; main.process.87: inv TRATADA 00000374801. tamanho 11
2024-04-12 13:02:23,102; INFO; main.process.99: data: 01042024 <class 'str'>

                        pi: 3974550 <class 'str'>

                        inv: 00000374801 <class 'str'>

                        moeda: USD <class 'str'>

                        montante: 7000,00 <class 'str'>

                        saldo: 299695.95 <class 'str'>

                        nome: ARGO COMMUNICATIONS <class 'str'>

                        cod: None <class 'NoneType'>
2024-04-12 13:02:23,104; INFO; main.process.111: Tratado em execução anterior do BOT
2024-04-12 13:02:23,105; INFO; main.process.64: extrato_list_nao_tratado processo 23
2024-04-12 13:02:23,105; INFO; main.process.68: PASSANDO PARA PROXIMO PROCESSO
2024-04-12 13:02:23,105; INFO; main.process.71: PROCESSO 24 de 55 A SER TRATADO: {'data': '01-04-2024', 'pi': '3974513', 'inv': '1000128', 'moeda': 'USD', 'montante': '-165.00', 'saldo': '384152.87', 'nome': 'PT. SNEPAC SHIPPING', 'cod': None}
2024-04-12 13:02:23,106; INFO; main.process.82: inv original 1000128. tamanho 7
2024-04-12 13:02:23,106; INFO; main.process.87: inv TRATADA 00100012801. tamanho 11
2024-04-12 13:02:23,107; INFO; main.process.99: data: 01042024 <class 'str'>

                        pi: 3974513 <class 'str'>

                        inv: 00100012801 <class 'str'>

                        moeda: USD <class 'str'>

                        montante: 165,00 <class 'str'>

                        saldo: 384152.87 <class 'str'>

                        nome: PT. SNEPAC SHIPPING <class 'str'>

                        cod: None <class 'NoneType'>
2024-04-12 13:02:23,109; INFO; functions.filter_lancamento.231: filter_lancamento : 2
2024-04-12 13:02:24,929; INFO; functions.waitForImage.899: NOVO FILTRO image found.
2024-04-12 13:02:25,061; INFO; functions.filter_lancamento.240: CLICK - BOTÃO DE NOVA SELECAO DE FILTRO
2024-04-12 13:02:26,783; INFO; functions.filter_lancamento.253: VALOR DE 00100012801 FILTRO
2024-04-12 13:02:27,398; INFO; functions.filter_lancamento.258: CLICK - BOTÃO DE EXECUTAR O FILTRO
2024-04-12 13:02:27,398; INFO; functions.check_table_record.336: VERIFICANDO SE A TABELA ESTÁ VAZIA
2024-04-12 13:02:29,929; INFO; functions.check_table_record.340: VERIFICAdo
2024-04-12 13:02:30,711; INFO; functions.check_table_record.346: CTRL+G
2024-04-12 13:02:31,312; INFO; functions.check_table_record.350: ATENÇÃO: 

Este processo exige que seja selecionado ao menos um registro para sua execução.
Como não foi feita nenhuma seleção, você deseja executá-lo para TODOS os 1 registros?
2024-04-12 13:02:33,314; INFO; functions.check_table_record.364: NUMERO DE REGISTROS ENCONTRADOS: 1
2024-04-12 13:02:35,017; INFO; functions.check_table_record.370: CLICK NÃO
2024-04-12 13:02:37,070; INFO; functions.check_inv.468: MOVIDO PRA CIMA 1 VEZES
2024-04-12 13:02:38,030; INFO; functions.check_inv.475: PRIMEIRA CELULA CLICADA
2024-04-12 13:02:41,565; INFO; functions.check_inv.479: 35 PASSOS PARA ESQUERDA
2024-04-12 13:02:43,386; INFO; functions.check_inv.484: 18 PASSOS PARA DIREITA
2024-04-12 13:02:45,387; INFO; functions.check_inv.490: BUSCA NA LINHA: 1
2024-04-12 13:02:45,387; INFO; functions.check_inv.496: ctrl c
2024-04-12 13:02:45,988; INFO; functions.check_inv.500: Historico completo: INV - 01000128 - PT SNEPAC SHIPPING 
2024-04-12 13:02:46,489; INFO; functions.check_inv.523: INV E COLIGADA CORRETA ENCONTRADA: 01000128 - PT SNEPAC SHIPPING 
2024-04-12 13:02:46,892; INFO; functions.check_inv.527: 4 PASSOS PARA ESQUERDA
2024-04-12 13:02:46,993; INFO; functions.check_inv.530: ctrl c
2024-04-12 13:02:47,494; INFO; functions.check_inv.536: VALOR PROCESSO: 165,00
2024-04-12 13:02:47,494; INFO; functions.check_inv.537: VALOR PROCESSO2: <class 'str'>
2024-04-12 13:02:47,494; INFO; functions.check_inv.540: VALOR CORRETO ENCONTRADO.
2024-04-12 13:02:47,494; INFO; main.process.141: None
2024-04-12 13:02:49,597; INFO; functions.define_moeda.563: ctrl + enter
2024-04-12 13:03:01,046; INFO; functions.waitForImage.921: INTEGRAÇÃO BANCÁRIA image found.
2024-04-12 13:03:03,155; INFO; functions.define_moeda.569: CLICK EM VALOR
2024-04-12 13:03:03,559; INFO; functions.define_moeda.573: 4 TAB
