2024-04-12 13:09:32,727; INFO; parameters.<module>.103: Pasta local: \\Riofs\dados\Documentos Financeiro\Extratos bancarios\Ebury\2024\04 - Abril
2024-04-12 13:09:32,727; INFO; functions.getPid.1038: Dentro função GetPid

2024-04-12 13:09:32,928; INFO; functions.getPid.1048: Process RM.exe / PID: 10100 found.
2024-04-12 13:09:32,945; INFO; functions.pidKillFinish.1059: Process RM.exe / PID: 10100 killed.
2024-04-12 13:09:32,947; INFO; functions.bot_text_art.7:     ____   
2024-04-12 13:09:32,947; INFO; functions.bot_text_art.8:    [____]    
2024-04-12 13:09:32,948; INFO; functions.bot_text_art.9:  |=]()()[=|  
2024-04-12 13:09:32,948; INFO; functions.bot_text_art.10:    _\==/__    _____    ____     _        _____    ___   _  __
2024-04-12 13:09:32,949; INFO; functions.bot_text_art.11:  |__|   |_|  |  _  \  / ___|   | |      |_   _| / ___| | |/ /
2024-04-12 13:09:32,950; INFO; functions.bot_text_art.12:  |_|_/\_|_|  | |  | | | |      | |        | |   | |    | ' / 
2024-04-12 13:09:32,950; INFO; functions.bot_text_art.13:  | | __ | |  | |  | | | |      | |        | |   | |    |  <  
2024-04-12 13:09:32,951; INFO; functions.bot_text_art.14:  |_|[  ]|_|  | |__| | | |____  | |____   _| |_  | |__  | . \ 
2024-04-12 13:09:32,951; INFO; functions.bot_text_art.15:  \_|_||_|_/  |_____/   \_____| |______| |_____| \ ___| |_|\_\
2024-04-12 13:09:32,952; INFO; functions.bot_text_art.16:    |_||_|                                                     
2024-04-12 13:09:32,952; INFO; functions.bot_text_art.17:    | ||_|_   
2024-04-12 13:09:32,953; INFO; functions.bot_text_art.18:  |___||___|  
2024-04-12 13:09:32,954; INFO; functions.bot_text_art.19:              
2024-04-12 13:09:32,954; INFO; functions.headerExcel.971: Criando EXCEL
2024-04-12 13:09:32,956; INFO; functions.headerExcel.991: EXCEL iniciado
2024-04-12 13:09:32,957; INFO; main.process.15: TODOS ARQUIVOS NA PASTA ['\\\\Riofs\\dados\\Documentos Financeiro\\Extratos bancarios\\Ebury\\2024\\04 - Abril\\Ebury - Parcial até 08-04.pdf'].
2024-04-12 13:09:32,957; INFO; main.process.23: SERÃO TRATADOS 1 ARQUIVOS.
2024-04-12 13:09:32,957; INFO; main.process.24: ARQUIVOS: ['\\\\Riofs\\dados\\Documentos Financeiro\\Extratos bancarios\\Ebury\\2024\\04 - Abril\\Ebury - Parcial até 08-04.pdf']
2024-04-12 13:09:32,957; INFO; main.process.33: INICIO DO PROCESSAMENTO DO ARQUIVO 1: \\Riofs\dados\Documentos Financeiro\Extratos bancarios\Ebury\2024\04 - Abril\Ebury - Parcial até 08-04.pdf
2024-04-12 13:09:33,046; INFO; functions.informacoes_extraidas.609: texto: Oceanica Netherlands B.V.
Mr. Andre Ponce de Leon Arruda
Apollolaan 151
Extracto de Conta
Período do extrato: 01-04-2024 00:00 - 30-04-2024 23:59
Registo de instrução: 08-04-2024 17:56
Moeda: Todos
Resumo
Conta de Moeda
Saldo Inicial Fundos recebidos A sair Saldo final
Estrangeira
USD 400163.87 399503.19 -749595.76 50071.30
NOK 12017.67 166155.00 -172025.00 6147.67
MXN 0.00 0.00 0.00 0.00
GBP 2440.12 3000.00 -4863.34 576.78
SGD 0.00 33717.00 -33717.00 0.00
EUR 12900.09 441360.00 -444801.45 9458.64
Obrigado por escolher Ebury.
Se tiver alguma dúvida entre em contato com o seu gestor de conta através do +31 (0) 20 795 6690.
Página 1 de 12
2024-04-12 13:09:33,131; INFO; functions.informacoes_extraidas.609: texto: Movimentos: Todas as moedas
Registo de
Descrição Montante Saldo
operação
Pagamento devolvido PI3993937 Bertling logistics Aberdeen Limited
08-04-2024
Payment for identifiable services - Oceanica Netherlands B.V. EUR 8360.00 EUR 9458.64
13:27
PI3993937 1131-24
Pagamento PI3993937 Bertling logistics Aberdeen Limited
08-04-2024
Payment for identifiable services - Oceanica Netherlands B.V. EUR -8360.00 EUR 1098.64
09:41
PI3993937 1131-24
08-04-2024 Comprado EUR EBPOTR3376301
EUR 3000.00 EUR 9458.64
09:38 EURUSD1.099408Compra/venda de moeda
08-04-2024 Vendido USD EBPOTR3376301
USD -3298.22 USD 50071.30
09:38 EURUSD1.099408Compra/venda de moeda
Pagamento PI3991205 Kongsberg Maritime AS
07-04-2024
Payment for identifiable services - Oceanica Netherlands B.V. NOK -166155.00 NOK 6147.67
20:24
PI3991205 10167246
07-04-2024 Comprado NOK EBPOTR3374322
NOK 166155.00 NOK 172302.67
20:24 USDNOK10.566872Compra/Venda de moeda
Pagamento PI3991194 ISLE OF MAN - GOVERNMENT
07-04-2024
Payment for identifiable services - Oceanica Netherlands B.V. GBP -3293.34 GBP 576.78
20:23
PI3991194 477026
07-04-2024 Comprado GBP EBPOTR3374299
GBP 3000.00 GBP 3870.12
20:23 GBPUSD1.280124Compra/Venda de moeda
07-04-2024 Vendido USD EBPOTR3374322
USD -15724.14 USD 53369.52
20:04 USDNOK10.566872Compra/Venda de moeda
07-04-2024 Vendido USD EBPOTR3374299
USD -3840.37 USD 69093.66
20:04 GBPUSD1.280124Compra/Venda de moeda
Pagamento PI3991105 Loyens and Loeff N.V
07-04-2024
Payment for identifiable services - Oceanica Netherlands B.V. EUR -7695.60 EUR 6458.64
20:03
PI3991105 1622766
Pagamento PI3991191 ISLE OF MAN - GOVERNMENT
07-04-2024
Payment for identifiable services - Oceanica Netherlands B.V. GBP -650.00 GBP 870.12
20:03
PI3991191 476414
Pagamento PI3991188 ISLE OF MAN - GOVERNMENT
07-04-2024
Payment for identifiable services - Oceanica Netherlands B.V. GBP -650.00 GBP 1520.12
20:03
PI3991188 476415
Obrigado por escolher Ebury.
Se tiver alguma dúvida entre em contato com o seu gestor de conta através do +31 (0) 20 795 6690.
Página 2 de 12
2024-04-12 13:09:33,219; INFO; functions.informacoes_extraidas.609: texto: Pagamento PI3991184 ISLE OF MAN - GOVERNMENT
07-04-2024
Payment for identifiable services - Oceanica Netherlands B.V. GBP -270.00 GBP 2170.12
20:03
PI3991184 476446
Pagamento PI3988296 Flushing Shipping Agencies
04-04-2024
Payment for identifiable services - Oceanica Netherlands B.V. EUR -28538.35 EUR 14154.24
20:23
PI3988296 PK2224000061
04-04-2024 Comprado EUR EBPOTR3372347
EUR 29000.00 EUR 42692.59
20:23 EURUSD1.102082Compra/Venda de moeda
04-04-2024 Vendido USD EBPOTR3372347
USD -31960.38 USD 72934.03
20:04 EURUSD1.102082Compra/Venda de moeda
Pagamento PI3983592 Holland Accommodation Rentals VOF
03-04-2024
Payment for identifiable services - Oceanica Netherlands B.V. EUR -400207.50 EUR 13692.59
20:23
PI3983592 241450004 - 90perc. restantes
03-04-2024 Comprado EUR EBPOTR3369777
EUR 401000.00 EUR 413900.09
20:23 EURUSD1.099358Compra/Venda de moeda
Pagamento PI3983616 Sigmasat USA Inc
03-04-2024
Payment for identifiable services - Oceanica Netherlands B.V. USD -1050.00 USD 104894.41
20:03
PI3983616 137224
Pagamento PI3983615 Sigmasat USA Inc
03-04-2024
Payment for identifiable services - Oceanica Netherlands B.V. USD -2324.00 USD 105944.41
20:03
PI3983615 137124
Pagamento PI3983613 Sigmasat USA Inc
03-04-2024
Payment for identifiable services - Oceanica Netherlands B.V. USD -315.00 USD 108268.41
20:03
PI3983613 137024
Pagamento PI3983612 Sigmasat USA Inc
03-04-2024
Payment for identifiable services - Oceanica Netherlands B.V. USD -315.00 USD 108583.41
20:03
PI3983612 136924
Pagamento PI3983610 Sigmasat USA Inc
03-04-2024
Payment for identifiable services - Oceanica Netherlands B.V. USD -5960.00 USD 108898.41
20:03
PI3983610 136724
Pagamento PI3983608 Sigmasat USA Inc
03-04-2024
Payment for identifiable services - Oceanica Netherlands B.V. USD -315.00 USD 114858.41
20:03
PI3983608 136824
Pagamento PI3983606 Sigmasat USA Inc
03-04-2024
Payment for identifiable services - Oceanica Netherlands B.V. USD -5960.00 USD 115173.41
20:03
PI3983606 136624
Obrigado por escolher Ebury.
Se tiver alguma dúvida entre em contato com o seu gestor de conta através do +31 (0) 20 795 6690.
Página 3 de 12
2024-04-12 13:09:33,311; INFO; functions.informacoes_extraidas.609: texto: Pagamento PI3983602 Sigmasat USA Inc
03-04-2024
Payment for identifiable services - Oceanica Netherlands B.V. USD -5960.00 USD 121133.41
20:03
PI3983602 136524
Pagamento PI3983600 Sigmasat USA Inc
03-04-2024
Payment for identifiable services - Oceanica Netherlands B.V. USD -43520.00 USD 127093.41
20:03
PI3983600 136324
Pagamento PI3983598 Sigmasat USA Inc
03-04-2024
Payment for identifiable services - Oceanica Netherlands B.V. USD -5960.00 USD 170613.41
20:03
PI3983598 136424
Pagamento PI3983596 Sigmasat USA Inc
03-04-2024
Payment for identifiable services - Oceanica Netherlands B.V. USD -43520.00 USD 176573.41
20:03
PI3983596 136224
Pagamento PI3983595 Sigmasat USA Inc
03-04-2024
Payment for identifiable services - Oceanica Netherlands B.V. USD -5960.00 USD 220093.41
20:03
PI3983595 137324
03-04-2024 Vendido USD EBPOTR3369777
USD -440842.56 USD 226053.41
20:03 EURUSD1.099358Compra/Venda de moeda
Fundos OCEANICA ENGENHARIA E CONSULTO
03-04-2024
BR6960701190032120000026755C1 - - NL66EBUR2845860862 - USD 392503.19 USD 666895.97
13:18
2024040300418807
Pagamento PI3974692 PT. LABROY SHIPBUILDING ENGINEERING
01-04-2024
Payment for identifiable services - Oceanica Netherlands B.V. SGD -33717.00 SGD 0.00
20:23
PI3974692 3005
01-04-2024 Comprado SGD EBPOTR3364284
SGD 33717.00 SGD 33717.00
20:23 USDSGD1.332521Compra/Venda de moeda
01-04-2024 Vendido USD EBPOTR3364284
USD -25303.17 USD 274392.78
20:08 USDSGD1.332521Compra/Venda de moeda
Pagamento PI3974527 DIMO
01-04-2024
Payment for identifiable services - Oceanica Netherlands B.V. NOK -5870.00 NOK 6147.67
20:05
PI3974527 1029039
Pagamento PI3974550 ARGO COMMUNICATIONS
01-04-2024
Payment for identifiable services - Oceanica Netherlands B.V. USD -7000.00 USD 299695.95
11:19
PI3974550 3748
Pagamento PI3974525 SEABRIDGE MARINE ENGINEERING AND
01-04-2024 EQUIPMENT (SHANGHAI) LTD
USD -77456.92 USD 306695.95
10:52 Payment for identifiable services - Oceanica Netherlands B.V.
PI3974525 SMEE2024032801
Obrigado por escolher Ebury.
Se tiver alguma dúvida entre em contato com o seu gestor de conta através do +31 (0) 20 795 6690.
Página 4 de 12
2024-04-12 13:09:33,357; INFO; functions.informacoes_extraidas.609: texto: Pagamento PI3974513 PT. SNEPAC SHIPPING
01-04-2024
Payment for identifiable services - Oceanica Netherlands B.V. USD -165.00 USD 384152.87
10:44
PI3974513 1000128
Pagamento PI3974498 PICOLO E ASSOCIADOS LTDA INC
01-04-2024
Payment for identifiable services - Oceanica Netherlands B.V. USD -12600.00 USD 384317.87
10:27
PI3974498 10014
Pagamento PI3974497 PICOLO E ASSOCIADOS LTDA INC
01-04-2024
Payment for identifiable services - Oceanica Netherlands B.V. USD -3246.00 USD 396917.87
10:26
PI3974497 9991
Pagamento devolvido PI3974407 ARGO COMMUNICATIONS
01-04-2024
Payment for identifiable services - Oceanica Netherlands B.V. USD 7000.00 USD 400163.87
09:34
PI3974407 3748
Pagamento PI3974407 ARGO COMMUNICATIONS
01-04-2024
Payment for identifiable services - Oceanica Netherlands B.V. USD -7000.00 USD 393163.87
09:11
PI3974407 3748
Obrigado por escolher Ebury.
Se tiver alguma dúvida entre em contato com o seu gestor de conta através do +31 (0) 20 795 6690.
Página 5 de 12
2024-04-12 13:09:33,438; INFO; functions.informacoes_extraidas.609: texto: Movimentos: USD Conta
Registo de
Descrição Montante Saldo
operação
08-04-2024 Vendido USD EBPOTR3376301
USD -3298.22 USD 50071.30
09:38 EURUSD1.099408Compra/venda de moeda
07-04-2024 Vendido USD EBPOTR3374322
USD -15724.14 USD 53369.52
20:04 USDNOK10.566872Compra/Venda de moeda
07-04-2024 Vendido USD EBPOTR3374299
USD -3840.37 USD 69093.66
20:04 GBPUSD1.280124Compra/Venda de moeda
04-04-2024 Vendido USD EBPOTR3372347
USD -31960.38 USD 72934.03
20:04 EURUSD1.102082Compra/Venda de moeda
Pagamento PI3983616 Sigmasat USA Inc
03-04-2024
Payment for identifiable services - Oceanica Netherlands B.V. USD -1050.00 USD 104894.41
20:03
PI3983616 137224
Pagamento PI3983615 Sigmasat USA Inc
03-04-2024
Payment for identifiable services - Oceanica Netherlands B.V. USD -2324.00 USD 105944.41
20:03
PI3983615 137124
Pagamento PI3983613 Sigmasat USA Inc
03-04-2024
Payment for identifiable services - Oceanica Netherlands B.V. USD -315.00 USD 108268.41
20:03
PI3983613 137024
Pagamento PI3983612 Sigmasat USA Inc
03-04-2024
Payment for identifiable services - Oceanica Netherlands B.V. USD -315.00 USD 108583.41
20:03
PI3983612 136924
Pagamento PI3983610 Sigmasat USA Inc
03-04-2024
Payment for identifiable services - Oceanica Netherlands B.V. USD -5960.00 USD 108898.41
20:03
PI3983610 136724
Pagamento PI3983608 Sigmasat USA Inc
03-04-2024
Payment for identifiable services - Oceanica Netherlands B.V. USD -315.00 USD 114858.41
20:03
PI3983608 136824
Pagamento PI3983606 Sigmasat USA Inc
03-04-2024
Payment for identifiable services - Oceanica Netherlands B.V. USD -5960.00 USD 115173.41
20:03
PI3983606 136624
Pagamento PI3983602 Sigmasat USA Inc
03-04-2024
Payment for identifiable services - Oceanica Netherlands B.V. USD -5960.00 USD 121133.41
20:03
PI3983602 136524
Obrigado por escolher Ebury.
Se tiver alguma dúvida entre em contato com o seu gestor de conta através do +31 (0) 20 795 6690.
Página 6 de 12
2024-04-12 13:09:33,554; INFO; functions.informacoes_extraidas.609: texto: Pagamento PI3983600 Sigmasat USA Inc
03-04-2024
Payment for identifiable services - Oceanica Netherlands B.V. USD -43520.00 USD 127093.41
20:03
PI3983600 136324
Pagamento PI3983598 Sigmasat USA Inc
03-04-2024
Payment for identifiable services - Oceanica Netherlands B.V. USD -5960.00 USD 170613.41
20:03
PI3983598 136424
Pagamento PI3983596 Sigmasat USA Inc
03-04-2024
Payment for identifiable services - Oceanica Netherlands B.V. USD -43520.00 USD 176573.41
20:03
PI3983596 136224
Pagamento PI3983595 Sigmasat USA Inc
03-04-2024
Payment for identifiable services - Oceanica Netherlands B.V. USD -5960.00 USD 220093.41
20:03
PI3983595 137324
03-04-2024 Vendido USD EBPOTR3369777
USD -440842.56 USD 226053.41
20:03 EURUSD1.099358Compra/Venda de moeda
Fundos OCEANICA ENGENHARIA E CONSULTO
03-04-2024
BR6960701190032120000026755C1 - - NL66EBUR2845860862 - USD 392503.19 USD 666895.97
13:18
2024040300418807
01-04-2024 Vendido USD EBPOTR3364284
USD -25303.17 USD 274392.78
20:08 USDSGD1.332521Compra/Venda de moeda
Pagamento PI3974550 ARGO COMMUNICATIONS
01-04-2024
Payment for identifiable services - Oceanica Netherlands B.V. USD -7000.00 USD 299695.95
11:19
PI3974550 3748
Pagamento PI3974525 SEABRIDGE MARINE ENGINEERING AND
01-04-2024 EQUIPMENT (SHANGHAI) LTD
USD -77456.92 USD 306695.95
10:52 Payment for identifiable services - Oceanica Netherlands B.V.
PI3974525 SMEE2024032801
Pagamento PI3974513 PT. SNEPAC SHIPPING
01-04-2024
Payment for identifiable services - Oceanica Netherlands B.V. USD -165.00 USD 384152.87
10:44
PI3974513 1000128
Pagamento PI3974498 PICOLO E ASSOCIADOS LTDA INC
01-04-2024
Payment for identifiable services - Oceanica Netherlands B.V. USD -12600.00 USD 384317.87
10:27
PI3974498 10014
Pagamento PI3974497 PICOLO E ASSOCIADOS LTDA INC
01-04-2024
Payment for identifiable services - Oceanica Netherlands B.V. USD -3246.00 USD 396917.87
10:26
PI3974497 9991
Pagamento devolvido PI3974407 ARGO COMMUNICATIONS
01-04-2024
Payment for identifiable services - Oceanica Netherlands B.V. USD 7000.00 USD 400163.87
09:34
PI3974407 3748
Obrigado por escolher Ebury.
Se tiver alguma dúvida entre em contato com o seu gestor de conta através do +31 (0) 20 795 6690.
Página 7 de 12
2024-04-12 13:09:33,575; INFO; functions.informacoes_extraidas.609: texto: Pagamento PI3974407 ARGO COMMUNICATIONS
01-04-2024
Payment for identifiable services - Oceanica Netherlands B.V. USD -7000.00 USD 393163.87
09:11
PI3974407 3748
Obrigado por escolher Ebury.
Se tiver alguma dúvida entre em contato com o seu gestor de conta através do +31 (0) 20 795 6690.
Página 8 de 12
2024-04-12 13:09:33,608; INFO; functions.informacoes_extraidas.609: texto: Movimentos: NOK Conta
Registo de
Descrição Montante Saldo
operação
Pagamento PI3991205 Kongsberg Maritime AS
07-04-2024
Payment for identifiable services - Oceanica Netherlands B.V. NOK -166155.00 NOK 6147.67
20:24
PI3991205 10167246
07-04-2024 Comprado NOK EBPOTR3374322
NOK 166155.00 NOK 172302.67
20:24 USDNOK10.566872Compra/Venda de moeda
Pagamento PI3974527 DIMO
01-04-2024
Payment for identifiable services - Oceanica Netherlands B.V. NOK -5870.00 NOK 6147.67
20:05
PI3974527 1029039
Obrigado por escolher Ebury.
Se tiver alguma dúvida entre em contato com o seu gestor de conta através do +31 (0) 20 795 6690.
Página 9 de 12
2024-04-12 13:09:33,654; INFO; functions.informacoes_extraidas.609: texto: Movimentos: GBP Conta
Registo de
Descrição Montante Saldo
operação
Pagamento PI3991194 ISLE OF MAN - GOVERNMENT
07-04-2024
Payment for identifiable services - Oceanica Netherlands B.V. GBP -3293.34 GBP 576.78
20:23
PI3991194 477026
07-04-2024 Comprado GBP EBPOTR3374299
GBP 3000.00 GBP 3870.12
20:23 GBPUSD1.280124Compra/Venda de moeda
Pagamento PI3991191 ISLE OF MAN - GOVERNMENT
07-04-2024
Payment for identifiable services - Oceanica Netherlands B.V. GBP -650.00 GBP 870.12
20:03
PI3991191 476414
Pagamento PI3991188 ISLE OF MAN - GOVERNMENT
07-04-2024
Payment for identifiable services - Oceanica Netherlands B.V. GBP -650.00 GBP 1520.12
20:03
PI3991188 476415
Pagamento PI3991184 ISLE OF MAN - GOVERNMENT
07-04-2024
Payment for identifiable services - Oceanica Netherlands B.V. GBP -270.00 GBP 2170.12
20:03
PI3991184 476446
Obrigado por escolher Ebury.
Se tiver alguma dúvida entre em contato com o seu gestor de conta através do +31 (0) 20 795 6690.
Página 10 de 12
2024-04-12 13:09:33,678; INFO; functions.informacoes_extraidas.609: texto: Movimentos: SGD Conta
Registo de
Descrição Montante Saldo
operação
Pagamento PI3974692 PT. LABROY SHIPBUILDING ENGINEERING
01-04-2024
Payment for identifiable services - Oceanica Netherlands B.V. SGD -33717.00 SGD 0.00
20:23
PI3974692 3005
01-04-2024 Comprado SGD EBPOTR3364284
SGD 33717.00 SGD 33717.00
20:23 USDSGD1.332521Compra/Venda de moeda
Obrigado por escolher Ebury.
Se tiver alguma dúvida entre em contato com o seu gestor de conta através do +31 (0) 20 795 6690.
Página 11 de 12
2024-04-12 13:09:33,738; INFO; functions.informacoes_extraidas.609: texto: Movimentos: EUR Conta
Registo de
Descrição Montante Saldo
operação
Pagamento devolvido PI3993937 Bertling logistics Aberdeen Limited
08-04-2024
Payment for identifiable services - Oceanica Netherlands B.V. EUR 8360.00 EUR 9458.64
13:27
PI3993937 1131-24
Pagamento PI3993937 Bertling logistics Aberdeen Limited
08-04-2024
Payment for identifiable services - Oceanica Netherlands B.V. EUR -8360.00 EUR 1098.64
09:41
PI3993937 1131-24
08-04-2024 Comprado EUR EBPOTR3376301
EUR 3000.00 EUR 9458.64
09:38 EURUSD1.099408Compra/venda de moeda
Pagamento PI3991105 Loyens and Loeff N.V
07-04-2024
Payment for identifiable services - Oceanica Netherlands B.V. EUR -7695.60 EUR 6458.64
20:03
PI3991105 1622766
Pagamento PI3988296 Flushing Shipping Agencies
04-04-2024
Payment for identifiable services - Oceanica Netherlands B.V. EUR -28538.35 EUR 14154.24
20:23
PI3988296 PK2224000061
04-04-2024 Comprado EUR EBPOTR3372347
EUR 29000.00 EUR 42692.59
20:23 EURUSD1.102082Compra/Venda de moeda
Pagamento PI3983592 Holland Accommodation Rentals VOF
03-04-2024
Payment for identifiable services - Oceanica Netherlands B.V. EUR -400207.50 EUR 13692.59
20:23
PI3983592 241450004 - 90perc. restantes
03-04-2024 Comprado EUR EBPOTR3369777
EUR 401000.00 EUR 413900.09
20:23 EURUSD1.099358Compra/Venda de moeda
Obrigado por escolher Ebury.
Se tiver alguma dúvida entre em contato com o seu gestor de conta através do +31 (0) 20 795 6690.
Página 12 de 12
2024-04-12 13:09:33,742; INFO; functions.excelProcessoCompleto.1116: Adicionando aba de PROCESSOS EXTRAÍDOS ao EXCEL existente
2024-04-12 13:09:33,744; INFO; functions.excelProcessoCompleto.1130: Aba de TODOS EXTRAÍDOS ao EXCEL existente
2024-04-12 13:09:33,747; INFO; main.process.42: PROCESSOS EXTRAIDOS COM ERRO: 3
2024-04-12 13:09:33,748; INFO; main.process.43: PROCESSOS COM ERRO: [{'data': '01-04-2024', 'pi': '3974692', 'inv': '3005', 'moeda': 'SGD', 'montante': '-33717.00', 'saldo': '0.00', 'nome': 'PT. LABROY SHIPBUILDING ENGINEERING', 'cod': None}, {'data': '01-04-2024', 'pi': '3974525', 'inv': None, 'moeda': 'USD', 'montante': '-77456.92', 'saldo': '306695.95', 'nome': 'SEABRIDGE MARINE ENGINEERING AND', 'cod': None}, {'data': '01-04-2024', 'pi': '3974692', 'inv': '3005', 'moeda': 'SGD', 'montante': '-33717.00', 'saldo': '0.00', 'nome': 'PT. LABROY SHIPBUILDING ENGINEERING', 'cod': None}]
2024-04-12 13:09:33,751; INFO; functions.excelErro.1066: Adicionando aba de ERRO ao EXCEL existente
2024-04-12 13:09:33,754; INFO; functions.excelErro.1082: Aba de ERRO adicionada ao EXCEL existente
2024-04-12 13:09:33,755; INFO; main.process.46: PROCESSOS EXTRAIDOS CORRETAMENTE: 55
2024-04-12 13:09:33,756; INFO; main.process.47: PROCESSOS A SEREM TRATADOS: [{'data': '08-04-2024', 'pi': '3993937', 'inv': '1131', 'moeda': 'EUR', 'montante': '-8360.00', 'saldo': '1098.64', 'nome': 'Bertling logistics Aberdeen Limited', 'cod': None}, {'data': '07-04-2024', 'pi': '3991205', 'inv': '10167246', 'moeda': 'NOK', 'montante': '-166155.00', 'saldo': '6147.67', 'nome': 'Kongsberg Maritime AS', 'cod': None}, {'data': '07-04-2024', 'pi': '3991194', 'inv': '477026', 'moeda': 'GBP', 'montante': '-3293.34', 'saldo': '576.78', 'nome': 'ISLE OF MAN - GOVERNMENT', 'cod': None}, {'data': '07-04-2024', 'pi': '3991105', 'inv': '1622766', 'moeda': 'EUR', 'montante': '-7695.60', 'saldo': '6458.64', 'nome': 'Loyens and Loeff N.V', 'cod': None}, {'data': '07-04-2024', 'pi': '3991191', 'inv': '476414', 'moeda': 'GBP', 'montante': '-650.00', 'saldo': '870.12', 'nome': 'ISLE OF MAN - GOVERNMENT', 'cod': None}, {'data': '07-04-2024', 'pi': '3991188', 'inv': '476415', 'moeda': 'GBP', 'montante': '-650.00', 'saldo': '1520.12', 'nome': 'ISLE OF MAN - GOVERNMENT', 'cod': None}, {'data': '07-04-2024', 'pi': '3991184', 'inv': '476446', 'moeda': 'GBP', 'montante': '-270.00', 'saldo': '2170.12', 'nome': 'ISLE OF MAN - GOVERNMENT', 'cod': None}, {'data': '04-04-2024', 'pi': '3988296', 'inv': '241450004', 'moeda': 'EUR', 'montante': '-28538.35', 'saldo': '14154.24', 'nome': 'Flushing Shipping Agencies', 'cod': None}, {'data': '03-04-2024', 'pi': '3983592', 'inv': '241450004', 'moeda': 'EUR', 'montante': '-400207.50', 'saldo': '13692.59', 'nome': 'Holland Accommodation Rentals VOF', 'cod': None}, {'data': '03-04-2024', 'pi': '3983616', 'inv': '137224', 'moeda': 'USD', 'montante': '-1050.00', 'saldo': '104894.41', 'nome': 'Sigmasat USA Inc', 'cod': None}, {'data': '03-04-2024', 'pi': '3983615', 'inv': '137124', 'moeda': 'USD', 'montante': '-2324.00', 'saldo': '105944.41', 'nome': 'Sigmasat USA Inc', 'cod': None}, {'data': '03-04-2024', 'pi': '3983613', 'inv': '137024', 'moeda': 'USD', 'montante': '-315.00', 'saldo': '108268.41', 'nome': 'Sigmasat USA Inc', 'cod': None}, {'data': '03-04-2024', 'pi': '3983612', 'inv': '136924', 'moeda': 'USD', 'montante': '-315.00', 'saldo': '108583.41', 'nome': 'Sigmasat USA Inc', 'cod': None}, {'data': '03-04-2024', 'pi': '3983610', 'inv': '136724', 'moeda': 'USD', 'montante': '-5960.00', 'saldo': '108898.41', 'nome': 'Sigmasat USA Inc', 'cod': None}, {'data': '03-04-2024', 'pi': '3983608', 'inv': '136824', 'moeda': 'USD', 'montante': '-315.00', 'saldo': '114858.41', 'nome': 'Sigmasat USA Inc', 'cod': None}, {'data': '03-04-2024', 'pi': '3983606', 'inv': '136624', 'moeda': 'USD', 'montante': '-5960.00', 'saldo': '115173.41', 'nome': 'Sigmasat USA Inc', 'cod': None}, {'data': '03-04-2024', 'pi': '3983602', 'inv': '136524', 'moeda': 'USD', 'montante': '-5960.00', 'saldo': '121133.41', 'nome': 'Sigmasat USA Inc', 'cod': None}, {'data': '03-04-2024', 'pi': '3983600', 'inv': '136324', 'moeda': 'USD', 'montante': '-43520.00', 'saldo': '127093.41', 'nome': 'Sigmasat USA Inc', 'cod': None}, {'data': '03-04-2024', 'pi': '3983598', 'inv': '136424', 'moeda': 'USD', 'montante': '-5960.00', 'saldo': '170613.41', 'nome': 'Sigmasat USA Inc', 'cod': None}, {'data': '03-04-2024', 'pi': '3983596', 'inv': '136224', 'moeda': 'USD', 'montante': '-43520.00', 'saldo': '176573.41', 'nome': 'Sigmasat USA Inc', 'cod': None}, {'data': '03-04-2024', 'pi': '3983595', 'inv': '137324', 'moeda': 'USD', 'montante': '-5960.00', 'saldo': '220093.41', 'nome': 'Sigmasat USA Inc', 'cod': None}, {'data': '01-04-2024', 'pi': '3974527', 'inv': '1029039', 'moeda': 'NOK', 'montante': '-5870.00', 'saldo': '6147.67', 'nome': 'DIMO', 'cod': None}, {'data': '01-04-2024', 'pi': '3974550', 'inv': '3748', 'moeda': 'USD', 'montante': '-7000.00', 'saldo': '299695.95', 'nome': 'ARGO COMMUNICATIONS', 'cod': None}, {'data': '01-04-2024', 'pi': '3974513', 'inv': '1000128', 'moeda': 'USD', 'montante': '-165.00', 'saldo': '384152.87', 'nome': 'PT. SNEPAC SHIPPING', 'cod': None}, {'data': '01-04-2024', 'pi': '3974498', 'inv': '10014', 'moeda': 'USD', 'montante': '-12600.00', 'saldo': '384317.87', 'nome': 'PICOLO E ASSOCIADOS LTDA INC', 'cod': None}, {'data': '01-04-2024', 'pi': '3974497', 'inv': '9991', 'moeda': 'USD', 'montante': '-3246.00', 'saldo': '396917.87', 'nome': 'PICOLO E ASSOCIADOS LTDA INC', 'cod': None}, {'data': '01-04-2024', 'pi': '3974407', 'inv': '3748', 'moeda': 'USD', 'montante': '-7000.00', 'saldo': '393163.87', 'nome': 'ARGO COMMUNICATIONS', 'cod': None}, {'data': '03-04-2024', 'pi': '3983616', 'inv': '137224', 'moeda': 'USD', 'montante': '-1050.00', 'saldo': '104894.41', 'nome': 'Sigmasat USA Inc', 'cod': None}, {'data': '03-04-2024', 'pi': '3983615', 'inv': '137124', 'moeda': 'USD', 'montante': '-2324.00', 'saldo': '105944.41', 'nome': 'Sigmasat USA Inc', 'cod': None}, {'data': '03-04-2024', 'pi': '3983613', 'inv': '137024', 'moeda': 'USD', 'montante': '-315.00', 'saldo': '108268.41', 'nome': 'Sigmasat USA Inc', 'cod': None}, {'data': '03-04-2024', 'pi': '3983612', 'inv': '136924', 'moeda': 'USD', 'montante': '-315.00', 'saldo': '108583.41', 'nome': 'Sigmasat USA Inc', 'cod': None}, {'data': '03-04-2024', 'pi': '3983610', 'inv': '136724', 'moeda': 'USD', 'montante': '-5960.00', 'saldo': '108898.41', 'nome': 'Sigmasat USA Inc', 'cod': None}, {'data': '03-04-2024', 'pi': '3983608', 'inv': '136824', 'moeda': 'USD', 'montante': '-315.00', 'saldo': '114858.41', 'nome': 'Sigmasat USA Inc', 'cod': None}, {'data': '03-04-2024', 'pi': '3983606', 'inv': '136624', 'moeda': 'USD', 'montante': '-5960.00', 'saldo': '115173.41', 'nome': 'Sigmasat USA Inc', 'cod': None}, {'data': '03-04-2024', 'pi': '3983602', 'inv': '136524', 'moeda': 'USD', 'montante': '-5960.00', 'saldo': '121133.41', 'nome': 'Sigmasat USA Inc', 'cod': None}, {'data': '03-04-2024', 'pi': '3983600', 'inv': '136324', 'moeda': 'USD', 'montante': '-43520.00', 'saldo': '127093.41', 'nome': 'Sigmasat USA Inc', 'cod': None}, {'data': '03-04-2024', 'pi': '3983598', 'inv': '136424', 'moeda': 'USD', 'montante': '-5960.00', 'saldo': '170613.41', 'nome': 'Sigmasat USA Inc', 'cod': None}, {'data': '03-04-2024', 'pi': '3983596', 'inv': '136224', 'moeda': 'USD', 'montante': '-43520.00', 'saldo': '176573.41', 'nome': 'Sigmasat USA Inc', 'cod': None}, {'data': '03-04-2024', 'pi': '3983595', 'inv': '137324', 'moeda': 'USD', 'montante': '-5960.00', 'saldo': '220093.41', 'nome': 'Sigmasat USA Inc', 'cod': None}, {'data': '01-04-2024', 'pi': '3974550', 'inv': '3748', 'moeda': 'USD', 'montante': '-7000.00', 'saldo': '299695.95', 'nome': 'ARGO COMMUNICATIONS', 'cod': None}, {'data': '01-04-2024', 'pi': '3974525', 'inv': '1000128', 'moeda': 'USD', 'montante': '-77456.92', 'saldo': '306695.95', 'nome': 'SEABRIDGE MARINE ENGINEERING AND', 'cod': None}, {'data': '01-04-2024', 'pi': '3974513', 'inv': '1000128', 'moeda': 'USD', 'montante': '-165.00', 'saldo': '384152.87', 'nome': 'PT. SNEPAC SHIPPING', 'cod': None}, {'data': '01-04-2024', 'pi': '3974498', 'inv': '10014', 'moeda': 'USD', 'montante': '-12600.00', 'saldo': '384317.87', 'nome': 'PICOLO E ASSOCIADOS LTDA INC', 'cod': None}, {'data': '01-04-2024', 'pi': '3974497', 'inv': '9991', 'moeda': 'USD', 'montante': '-3246.00', 'saldo': '396917.87', 'nome': 'PICOLO E ASSOCIADOS LTDA INC', 'cod': None}, {'data': '01-04-2024', 'pi': '3974407', 'inv': '3748', 'moeda': 'USD', 'montante': '-7000.00', 'saldo': '393163.87', 'nome': 'ARGO COMMUNICATIONS', 'cod': None}, {'data': '07-04-2024', 'pi': '3991205', 'inv': '10167246', 'moeda': 'NOK', 'montante': '-166155.00', 'saldo': '6147.67', 'nome': 'Kongsberg Maritime AS', 'cod': None}, {'data': '01-04-2024', 'pi': '3974527', 'inv': '1029039', 'moeda': 'NOK', 'montante': '-5870.00', 'saldo': '6147.67', 'nome': 'DIMO', 'cod': None}, {'data': '07-04-2024', 'pi': '3991194', 'inv': '477026', 'moeda': 'GBP', 'montante': '-3293.34', 'saldo': '576.78', 'nome': 'ISLE OF MAN - GOVERNMENT', 'cod': None}, {'data': '07-04-2024', 'pi': '3991191', 'inv': '476414', 'moeda': 'GBP', 'montante': '-650.00', 'saldo': '870.12', 'nome': 'ISLE OF MAN - GOVERNMENT', 'cod': None}, {'data': '07-04-2024', 'pi': '3991188', 'inv': '476415', 'moeda': 'GBP', 'montante': '-650.00', 'saldo': '1520.12', 'nome': 'ISLE OF MAN - GOVERNMENT', 'cod': None}, {'data': '07-04-2024', 'pi': '3991184', 'inv': '476446', 'moeda': 'GBP', 'montante': '-270.00', 'saldo': '2170.12', 'nome': 'ISLE OF MAN - GOVERNMENT', 'cod': None}, {'data': '08-04-2024', 'pi': '3993937', 'inv': '1131', 'moeda': 'EUR', 'montante': '-8360.00', 'saldo': '1098.64', 'nome': 'Bertling logistics Aberdeen Limited', 'cod': None}, {'data': '07-04-2024', 'pi': '3991105', 'inv': '1622766', 'moeda': 'EUR', 'montante': '-7695.60', 'saldo': '6458.64', 'nome': 'Loyens and Loeff N.V', 'cod': None}, {'data': '04-04-2024', 'pi': '3988296', 'inv': '241450004', 'moeda': 'EUR', 'montante': '-28538.35', 'saldo': '14154.24', 'nome': 'Flushing Shipping Agencies', 'cod': None}, {'data': '03-04-2024', 'pi': '3983592', 'inv': '241450004', 'moeda': 'EUR', 'montante': '-400207.50', 'saldo': '13692.59', 'nome': 'Holland Accommodation Rentals VOF', 'cod': None}]
2024-04-12 13:09:33,760; INFO; functions.mover_para_lidos.1182: MOVENDO ARQUIVO Ebury - Parcial até 08-04.pdf.
2024-04-12 13:09:33,761; INFO; functions.mover_para_lidos.1190: Pasta "Lidos" já existe
2024-04-12 13:09:33,767; INFO; functions.mover_para_lidos.1207: ARQUIVO Ebury - Parcial até 08-04.pdf MOVIDO PARA LIDOS.
2024-04-12 13:09:33,771; INFO; functions.open_RM.50: OPEN PROGRAM RM
2024-04-12 13:09:44,317; INFO; functions.loggin_RM.65: ENTER USER_NAME
2024-04-12 13:09:45,158; INFO; functions.loggin_RM.70: ENTER PASSWORD
2024-04-12 13:09:45,861; INFO; functions.loggin_RM.74: ENTER RM
2024-04-12 13:10:26,040; INFO; functions.waitForImage.934: LICENCAS EXCEDIDAS image not found.
2024-04-12 13:10:26,743; INFO; functions.enter_coligada.96: CLICK CONTEXTO
2024-04-12 13:10:28,462; INFO; functions.enter_coligada.99: CLICK COLIGADA 2
2024-04-12 13:10:31,977; INFO; functions.enter_coligada.103: INSERE O COLIGADA CODE = 2
2024-04-12 13:10:32,080; INFO; functions.enter_coligada.105: APERTA TAB PARA PREENCHER O CAMPO COM A STRING: OCEANICA ENGENHARIA E CONSULTORIA S.A.
2024-04-12 13:10:33,993; INFO; functions.enter_coligada.108: CLICK AVANÇAR NOVAMENTE
2024-04-12 13:10:37,494; INFO; functions.enter_coligada.112: CLICK CONCLUIR
2024-04-12 13:10:53,602; INFO; functions.enter_coligada.115: POP UP COLIGADA CLICADO PARA DESAPARECER
2024-04-12 13:10:54,212; INFO; functions.enter_contas_a_pagar.126: CLICK - TOTVS - LINHA RM
2024-04-12 13:10:56,899; INFO; functions.enter_contas_a_pagar.131: CLICK - BACK OFFICE
2024-04-12 13:10:59,525; INFO; functions.enter_contas_a_pagar.136: CLICK - GESTAO FINANCEIRA
2024-04-12 13:11:07,086; INFO; functions.enter_contas_a_pagar.141: CLICK - CONTAS A PAGAR
2024-04-12 13:11:07,190; INFO; functions.waitForImage.903: LANÇAMENTOS image found.
2024-04-12 13:11:07,301; INFO; functions.enter_contas_a_pagar.156: CLICA EM LANÇAMENTOS
2024-04-12 13:11:32,393; INFO; functions.waitForImage.934: LICENCAS EXCEDIDAS image not found.
2024-04-12 13:11:32,395; INFO; main.process.64: extrato_list_nao_tratado processo 0
2024-04-12 13:11:32,395; INFO; main.process.71: PROCESSO 1 de 55 A SER TRATADO: {'data': '08-04-2024', 'pi': '3993937', 'inv': '1131', 'moeda': 'EUR', 'montante': '-8360.00', 'saldo': '1098.64', 'nome': 'Bertling logistics Aberdeen Limited', 'cod': None}
2024-04-12 13:11:32,395; INFO; main.process.82: inv original 1131. tamanho 4
2024-04-12 13:11:32,395; INFO; main.process.87: inv TRATADA 00000113101. tamanho 11
2024-04-12 13:11:32,396; INFO; main.process.99: data: 08042024 <class 'str'>

                        pi: 3993937 <class 'str'>

                        inv: 00000113101 <class 'str'>

                        moeda: EUR <class 'str'>

                        montante: 8360,00 <class 'str'>

                        saldo: 1098.64 <class 'str'>

                        nome: Bertling logistics Aberdeen Limited <class 'str'>

                        cod: None <class 'NoneType'>
2024-04-12 13:11:32,398; INFO; main.process.64: extrato_list_nao_tratado processo 1
2024-04-12 13:11:32,398; INFO; main.process.68: PASSANDO PARA PROXIMO PROCESSO
2024-04-12 13:11:32,398; INFO; main.process.71: PROCESSO 2 de 55 A SER TRATADO: {'data': '07-04-2024', 'pi': '3991205', 'inv': '10167246', 'moeda': 'NOK', 'montante': '-166155.00', 'saldo': '6147.67', 'nome': 'Kongsberg Maritime AS', 'cod': None}
2024-04-12 13:11:32,399; INFO; main.process.82: inv original 10167246. tamanho 8
2024-04-12 13:11:32,400; INFO; main.process.87: inv TRATADA 01016724601. tamanho 11
2024-04-12 13:11:32,400; INFO; main.process.99: data: 07042024 <class 'str'>

                        pi: 3991205 <class 'str'>

                        inv: 01016724601 <class 'str'>

                        moeda: NOK <class 'str'>

                        montante: 166155,00 <class 'str'>

                        saldo: 6147.67 <class 'str'>

                        nome: Kongsberg Maritime AS <class 'str'>

                        cod: None <class 'NoneType'>
2024-04-12 13:11:32,402; INFO; main.process.111: Tratado em execução anterior do BOT
2024-04-12 13:11:32,402; INFO; main.process.64: extrato_list_nao_tratado processo 2
2024-04-12 13:11:32,403; INFO; main.process.68: PASSANDO PARA PROXIMO PROCESSO
2024-04-12 13:11:32,403; INFO; main.process.71: PROCESSO 3 de 55 A SER TRATADO: {'data': '07-04-2024', 'pi': '3991194', 'inv': '477026', 'moeda': 'GBP', 'montante': '-3293.34', 'saldo': '576.78', 'nome': 'ISLE OF MAN - GOVERNMENT', 'cod': None}
2024-04-12 13:11:32,403; INFO; main.process.82: inv original 477026. tamanho 6
2024-04-12 13:11:32,404; INFO; main.process.87: inv TRATADA 00047702601. tamanho 11
2024-04-12 13:11:32,404; INFO; main.process.99: data: 07042024 <class 'str'>

                        pi: 3991194 <class 'str'>

                        inv: 00047702601 <class 'str'>

                        moeda: GBP <class 'str'>

                        montante: 3293,34 <class 'str'>

                        saldo: 576.78 <class 'str'>

                        nome: ISLE OF MAN - GOVERNMENT <class 'str'>

                        cod: None <class 'NoneType'>
2024-04-12 13:11:32,406; INFO; main.process.64: extrato_list_nao_tratado processo 3
2024-04-12 13:11:32,406; INFO; main.process.68: PASSANDO PARA PROXIMO PROCESSO
2024-04-12 13:11:32,407; INFO; main.process.71: PROCESSO 4 de 55 A SER TRATADO: {'data': '07-04-2024', 'pi': '3991105', 'inv': '1622766', 'moeda': 'EUR', 'montante': '-7695.60', 'saldo': '6458.64', 'nome': 'Loyens and Loeff N.V', 'cod': None}
2024-04-12 13:11:32,407; INFO; main.process.82: inv original 1622766. tamanho 7
2024-04-12 13:11:32,408; INFO; main.process.87: inv TRATADA 00162276601. tamanho 11
2024-04-12 13:11:32,408; INFO; main.process.99: data: 07042024 <class 'str'>

                        pi: 3991105 <class 'str'>

                        inv: 00162276601 <class 'str'>

                        moeda: EUR <class 'str'>

                        montante: 7695,60 <class 'str'>

                        saldo: 6458.64 <class 'str'>

                        nome: Loyens and Loeff N.V <class 'str'>

                        cod: None <class 'NoneType'>
2024-04-12 13:11:32,411; INFO; main.process.64: extrato_list_nao_tratado processo 4
2024-04-12 13:11:32,411; INFO; main.process.68: PASSANDO PARA PROXIMO PROCESSO
2024-04-12 13:11:32,412; INFO; main.process.71: PROCESSO 5 de 55 A SER TRATADO: {'data': '07-04-2024', 'pi': '3991191', 'inv': '476414', 'moeda': 'GBP', 'montante': '-650.00', 'saldo': '870.12', 'nome': 'ISLE OF MAN - GOVERNMENT', 'cod': None}
2024-04-12 13:11:32,412; INFO; main.process.82: inv original 476414. tamanho 6
2024-04-12 13:11:32,412; INFO; main.process.87: inv TRATADA 00047641401. tamanho 11
2024-04-12 13:11:32,413; INFO; main.process.99: data: 07042024 <class 'str'>

                        pi: 3991191 <class 'str'>

                        inv: 00047641401 <class 'str'>

                        moeda: GBP <class 'str'>

                        montante: 650,00 <class 'str'>

                        saldo: 870.12 <class 'str'>

                        nome: ISLE OF MAN - GOVERNMENT <class 'str'>

                        cod: None <class 'NoneType'>
2024-04-12 13:11:32,416; INFO; main.process.64: extrato_list_nao_tratado processo 5
2024-04-12 13:11:32,417; INFO; main.process.68: PASSANDO PARA PROXIMO PROCESSO
2024-04-12 13:11:32,417; INFO; main.process.71: PROCESSO 6 de 55 A SER TRATADO: {'data': '07-04-2024', 'pi': '3991188', 'inv': '476415', 'moeda': 'GBP', 'montante': '-650.00', 'saldo': '1520.12', 'nome': 'ISLE OF MAN - GOVERNMENT', 'cod': None}
2024-04-12 13:11:32,418; INFO; main.process.82: inv original 476415. tamanho 6
2024-04-12 13:11:32,418; INFO; main.process.87: inv TRATADA 00047641501. tamanho 11
2024-04-12 13:11:32,418; INFO; main.process.99: data: 07042024 <class 'str'>

                        pi: 3991188 <class 'str'>

                        inv: 00047641501 <class 'str'>

                        moeda: GBP <class 'str'>

                        montante: 650,00 <class 'str'>

                        saldo: 1520.12 <class 'str'>

                        nome: ISLE OF MAN - GOVERNMENT <class 'str'>

                        cod: None <class 'NoneType'>
2024-04-12 13:11:32,420; INFO; main.process.64: extrato_list_nao_tratado processo 6
2024-04-12 13:11:32,420; INFO; main.process.68: PASSANDO PARA PROXIMO PROCESSO
2024-04-12 13:11:32,421; INFO; main.process.71: PROCESSO 7 de 55 A SER TRATADO: {'data': '07-04-2024', 'pi': '3991184', 'inv': '476446', 'moeda': 'GBP', 'montante': '-270.00', 'saldo': '2170.12', 'nome': 'ISLE OF MAN - GOVERNMENT', 'cod': None}
2024-04-12 13:11:32,421; INFO; main.process.82: inv original 476446. tamanho 6
2024-04-12 13:11:32,421; INFO; main.process.87: inv TRATADA 00047644601. tamanho 11
2024-04-12 13:11:32,421; INFO; main.process.99: data: 07042024 <class 'str'>

                        pi: 3991184 <class 'str'>

                        inv: 00047644601 <class 'str'>

                        moeda: GBP <class 'str'>

                        montante: 270,00 <class 'str'>

                        saldo: 2170.12 <class 'str'>

                        nome: ISLE OF MAN - GOVERNMENT <class 'str'>

                        cod: None <class 'NoneType'>
2024-04-12 13:11:32,423; INFO; main.process.64: extrato_list_nao_tratado processo 7
2024-04-12 13:11:32,423; INFO; main.process.68: PASSANDO PARA PROXIMO PROCESSO
2024-04-12 13:11:32,423; INFO; main.process.71: PROCESSO 8 de 55 A SER TRATADO: {'data': '04-04-2024', 'pi': '3988296', 'inv': '241450004', 'moeda': 'EUR', 'montante': '-28538.35', 'saldo': '14154.24', 'nome': 'Flushing Shipping Agencies', 'cod': None}
2024-04-12 13:11:32,424; INFO; main.process.82: inv original 241450004. tamanho 9
2024-04-12 13:11:32,424; INFO; main.process.87: inv TRATADA 24145000401. tamanho 11
2024-04-12 13:11:32,424; INFO; main.process.99: data: 04042024 <class 'str'>

                        pi: 3988296 <class 'str'>

                        inv: 24145000401 <class 'str'>

                        moeda: EUR <class 'str'>

                        montante: 28538,35 <class 'str'>

                        saldo: 14154.24 <class 'str'>

                        nome: Flushing Shipping Agencies <class 'str'>

                        cod: None <class 'NoneType'>
2024-04-12 13:11:32,427; INFO; main.process.64: extrato_list_nao_tratado processo 8
2024-04-12 13:11:32,427; INFO; main.process.68: PASSANDO PARA PROXIMO PROCESSO
2024-04-12 13:11:32,427; INFO; main.process.71: PROCESSO 9 de 55 A SER TRATADO: {'data': '03-04-2024', 'pi': '3983592', 'inv': '241450004', 'moeda': 'EUR', 'montante': '-400207.50', 'saldo': '13692.59', 'nome': 'Holland Accommodation Rentals VOF', 'cod': None}
2024-04-12 13:11:32,428; INFO; main.process.82: inv original 241450004. tamanho 9
2024-04-12 13:11:32,428; INFO; main.process.87: inv TRATADA 24145000401. tamanho 11
2024-04-12 13:11:32,428; INFO; main.process.99: data: 03042024 <class 'str'>

                        pi: 3983592 <class 'str'>

                        inv: 24145000401 <class 'str'>

                        moeda: EUR <class 'str'>

                        montante: 400207,50 <class 'str'>

                        saldo: 13692.59 <class 'str'>

                        nome: Holland Accommodation Rentals VOF <class 'str'>

                        cod: None <class 'NoneType'>
2024-04-12 13:11:32,430; INFO; main.process.64: extrato_list_nao_tratado processo 9
2024-04-12 13:11:32,430; INFO; main.process.68: PASSANDO PARA PROXIMO PROCESSO
2024-04-12 13:11:32,432; INFO; main.process.71: PROCESSO 10 de 55 A SER TRATADO: {'data': '03-04-2024', 'pi': '3983616', 'inv': '137224', 'moeda': 'USD', 'montante': '-1050.00', 'saldo': '104894.41', 'nome': 'Sigmasat USA Inc', 'cod': None}
2024-04-12 13:11:32,432; INFO; main.process.82: inv original 137224. tamanho 6
2024-04-12 13:11:32,432; INFO; main.process.87: inv TRATADA 00013722401. tamanho 11
2024-04-12 13:11:32,433; INFO; main.process.99: data: 03042024 <class 'str'>

                        pi: 3983616 <class 'str'>

                        inv: 00013722401 <class 'str'>

                        moeda: USD <class 'str'>

                        montante: 1050,00 <class 'str'>

                        saldo: 104894.41 <class 'str'>

                        nome: Sigmasat USA Inc <class 'str'>

                        cod: None <class 'NoneType'>
2024-04-12 13:11:32,434; INFO; main.process.111: Tratado em execução anterior do BOT
2024-04-12 13:11:32,435; INFO; main.process.64: extrato_list_nao_tratado processo 10
2024-04-12 13:11:32,435; INFO; main.process.68: PASSANDO PARA PROXIMO PROCESSO
2024-04-12 13:11:32,436; INFO; main.process.71: PROCESSO 11 de 55 A SER TRATADO: {'data': '03-04-2024', 'pi': '3983615', 'inv': '137124', 'moeda': 'USD', 'montante': '-2324.00', 'saldo': '105944.41', 'nome': 'Sigmasat USA Inc', 'cod': None}
2024-04-12 13:11:32,436; INFO; main.process.82: inv original 137124. tamanho 6
2024-04-12 13:11:32,437; INFO; main.process.87: inv TRATADA 00013712401. tamanho 11
2024-04-12 13:11:32,437; INFO; main.process.99: data: 03042024 <class 'str'>

                        pi: 3983615 <class 'str'>

                        inv: 00013712401 <class 'str'>

                        moeda: USD <class 'str'>

                        montante: 2324,00 <class 'str'>

                        saldo: 105944.41 <class 'str'>

                        nome: Sigmasat USA Inc <class 'str'>

                        cod: None <class 'NoneType'>
2024-04-12 13:11:32,438; INFO; main.process.111: Tratado em execução anterior do BOT
2024-04-12 13:11:32,439; INFO; main.process.64: extrato_list_nao_tratado processo 11
2024-04-12 13:11:32,439; INFO; main.process.68: PASSANDO PARA PROXIMO PROCESSO
2024-04-12 13:11:32,442; INFO; main.process.71: PROCESSO 12 de 55 A SER TRATADO: {'data': '03-04-2024', 'pi': '3983613', 'inv': '137024', 'moeda': 'USD', 'montante': '-315.00', 'saldo': '108268.41', 'nome': 'Sigmasat USA Inc', 'cod': None}
2024-04-12 13:11:32,442; INFO; main.process.82: inv original 137024. tamanho 6
2024-04-12 13:11:32,443; INFO; main.process.87: inv TRATADA 00013702401. tamanho 11
2024-04-12 13:11:32,444; INFO; main.process.99: data: 03042024 <class 'str'>

                        pi: 3983613 <class 'str'>

                        inv: 00013702401 <class 'str'>

                        moeda: USD <class 'str'>

                        montante: 315,00 <class 'str'>

                        saldo: 108268.41 <class 'str'>

                        nome: Sigmasat USA Inc <class 'str'>

                        cod: None <class 'NoneType'>
2024-04-12 13:11:32,447; INFO; main.process.111: Tratado em execução anterior do BOT
2024-04-12 13:11:32,448; INFO; main.process.64: extrato_list_nao_tratado processo 12
2024-04-12 13:11:32,448; INFO; main.process.68: PASSANDO PARA PROXIMO PROCESSO
2024-04-12 13:11:32,449; INFO; main.process.71: PROCESSO 13 de 55 A SER TRATADO: {'data': '03-04-2024', 'pi': '3983612', 'inv': '136924', 'moeda': 'USD', 'montante': '-315.00', 'saldo': '108583.41', 'nome': 'Sigmasat USA Inc', 'cod': None}
2024-04-12 13:11:32,449; INFO; main.process.82: inv original 136924. tamanho 6
2024-04-12 13:11:32,450; INFO; main.process.87: inv TRATADA 00013692401. tamanho 11
2024-04-12 13:11:32,451; INFO; main.process.99: data: 03042024 <class 'str'>

                        pi: 3983612 <class 'str'>

                        inv: 00013692401 <class 'str'>

                        moeda: USD <class 'str'>

                        montante: 315,00 <class 'str'>

                        saldo: 108583.41 <class 'str'>

                        nome: Sigmasat USA Inc <class 'str'>

                        cod: None <class 'NoneType'>
2024-04-12 13:11:32,452; INFO; main.process.111: Tratado em execução anterior do BOT
2024-04-12 13:11:32,453; INFO; main.process.64: extrato_list_nao_tratado processo 13
2024-04-12 13:11:32,453; INFO; main.process.68: PASSANDO PARA PROXIMO PROCESSO
2024-04-12 13:11:32,454; INFO; main.process.71: PROCESSO 14 de 55 A SER TRATADO: {'data': '03-04-2024', 'pi': '3983610', 'inv': '136724', 'moeda': 'USD', 'montante': '-5960.00', 'saldo': '108898.41', 'nome': 'Sigmasat USA Inc', 'cod': None}
2024-04-12 13:11:32,454; INFO; main.process.82: inv original 136724. tamanho 6
2024-04-12 13:11:32,454; INFO; main.process.87: inv TRATADA 00013672401. tamanho 11
2024-04-12 13:11:32,454; INFO; main.process.99: data: 03042024 <class 'str'>

                        pi: 3983610 <class 'str'>

                        inv: 00013672401 <class 'str'>

                        moeda: USD <class 'str'>

                        montante: 5960,00 <class 'str'>

                        saldo: 108898.41 <class 'str'>

                        nome: Sigmasat USA Inc <class 'str'>

                        cod: None <class 'NoneType'>
2024-04-12 13:11:32,456; INFO; main.process.111: Tratado em execução anterior do BOT
2024-04-12 13:11:32,456; INFO; main.process.64: extrato_list_nao_tratado processo 14
2024-04-12 13:11:32,457; INFO; main.process.68: PASSANDO PARA PROXIMO PROCESSO
2024-04-12 13:11:32,457; INFO; main.process.71: PROCESSO 15 de 55 A SER TRATADO: {'data': '03-04-2024', 'pi': '3983608', 'inv': '136824', 'moeda': 'USD', 'montante': '-315.00', 'saldo': '114858.41', 'nome': 'Sigmasat USA Inc', 'cod': None}
2024-04-12 13:11:32,457; INFO; main.process.82: inv original 136824. tamanho 6
2024-04-12 13:11:32,458; INFO; main.process.87: inv TRATADA 00013682401. tamanho 11
2024-04-12 13:11:32,458; INFO; main.process.99: data: 03042024 <class 'str'>

                        pi: 3983608 <class 'str'>

                        inv: 00013682401 <class 'str'>

                        moeda: USD <class 'str'>

                        montante: 315,00 <class 'str'>

                        saldo: 114858.41 <class 'str'>

                        nome: Sigmasat USA Inc <class 'str'>

                        cod: None <class 'NoneType'>
2024-04-12 13:11:32,460; INFO; main.process.111: Tratado em execução anterior do BOT
2024-04-12 13:11:32,460; INFO; main.process.64: extrato_list_nao_tratado processo 15
2024-04-12 13:11:32,460; INFO; main.process.68: PASSANDO PARA PROXIMO PROCESSO
2024-04-12 13:11:32,461; INFO; main.process.71: PROCESSO 16 de 55 A SER TRATADO: {'data': '03-04-2024', 'pi': '3983606', 'inv': '136624', 'moeda': 'USD', 'montante': '-5960.00', 'saldo': '115173.41', 'nome': 'Sigmasat USA Inc', 'cod': None}
2024-04-12 13:11:32,461; INFO; main.process.82: inv original 136624. tamanho 6
2024-04-12 13:11:32,461; INFO; main.process.87: inv TRATADA 00013662401. tamanho 11
2024-04-12 13:11:32,461; INFO; main.process.99: data: 03042024 <class 'str'>

                        pi: 3983606 <class 'str'>

                        inv: 00013662401 <class 'str'>

                        moeda: USD <class 'str'>

                        montante: 5960,00 <class 'str'>

                        saldo: 115173.41 <class 'str'>

                        nome: Sigmasat USA Inc <class 'str'>

                        cod: None <class 'NoneType'>
2024-04-12 13:11:32,464; INFO; main.process.111: Tratado em execução anterior do BOT
2024-04-12 13:11:32,464; INFO; main.process.64: extrato_list_nao_tratado processo 16
2024-04-12 13:11:32,464; INFO; main.process.68: PASSANDO PARA PROXIMO PROCESSO
2024-04-12 13:11:32,465; INFO; main.process.71: PROCESSO 17 de 55 A SER TRATADO: {'data': '03-04-2024', 'pi': '3983602', 'inv': '136524', 'moeda': 'USD', 'montante': '-5960.00', 'saldo': '121133.41', 'nome': 'Sigmasat USA Inc', 'cod': None}
2024-04-12 13:11:32,465; INFO; main.process.82: inv original 136524. tamanho 6
2024-04-12 13:11:32,466; INFO; main.process.87: inv TRATADA 00013652401. tamanho 11
2024-04-12 13:11:32,466; INFO; main.process.99: data: 03042024 <class 'str'>

                        pi: 3983602 <class 'str'>

                        inv: 00013652401 <class 'str'>

                        moeda: USD <class 'str'>

                        montante: 5960,00 <class 'str'>

                        saldo: 121133.41 <class 'str'>

                        nome: Sigmasat USA Inc <class 'str'>

                        cod: None <class 'NoneType'>
2024-04-12 13:11:32,467; INFO; main.process.111: Tratado em execução anterior do BOT
2024-04-12 13:11:32,468; INFO; main.process.64: extrato_list_nao_tratado processo 17
2024-04-12 13:11:32,468; INFO; main.process.68: PASSANDO PARA PROXIMO PROCESSO
2024-04-12 13:11:32,468; INFO; main.process.71: PROCESSO 18 de 55 A SER TRATADO: {'data': '03-04-2024', 'pi': '3983600', 'inv': '136324', 'moeda': 'USD', 'montante': '-43520.00', 'saldo': '127093.41', 'nome': 'Sigmasat USA Inc', 'cod': None}
2024-04-12 13:11:32,469; INFO; main.process.82: inv original 136324. tamanho 6
2024-04-12 13:11:32,469; INFO; main.process.87: inv TRATADA 00013632401. tamanho 11
2024-04-12 13:11:32,469; INFO; main.process.99: data: 03042024 <class 'str'>

                        pi: 3983600 <class 'str'>

                        inv: 00013632401 <class 'str'>

                        moeda: USD <class 'str'>

                        montante: 43520,00 <class 'str'>

                        saldo: 127093.41 <class 'str'>

                        nome: Sigmasat USA Inc <class 'str'>

                        cod: None <class 'NoneType'>
2024-04-12 13:11:32,472; INFO; main.process.111: Tratado em execução anterior do BOT
2024-04-12 13:11:32,473; INFO; main.process.64: extrato_list_nao_tratado processo 18
2024-04-12 13:11:32,473; INFO; main.process.68: PASSANDO PARA PROXIMO PROCESSO
2024-04-12 13:11:32,473; INFO; main.process.71: PROCESSO 19 de 55 A SER TRATADO: {'data': '03-04-2024', 'pi': '3983598', 'inv': '136424', 'moeda': 'USD', 'montante': '-5960.00', 'saldo': '170613.41', 'nome': 'Sigmasat USA Inc', 'cod': None}
2024-04-12 13:11:32,474; INFO; main.process.82: inv original 136424. tamanho 6
2024-04-12 13:11:32,474; INFO; main.process.87: inv TRATADA 00013642401. tamanho 11
2024-04-12 13:11:32,474; INFO; main.process.99: data: 03042024 <class 'str'>

                        pi: 3983598 <class 'str'>

                        inv: 00013642401 <class 'str'>

                        moeda: USD <class 'str'>

                        montante: 5960,00 <class 'str'>

                        saldo: 170613.41 <class 'str'>

                        nome: Sigmasat USA Inc <class 'str'>

                        cod: None <class 'NoneType'>
2024-04-12 13:11:32,476; INFO; main.process.111: Tratado em execução anterior do BOT
2024-04-12 13:11:32,477; INFO; main.process.64: extrato_list_nao_tratado processo 19
2024-04-12 13:11:32,477; INFO; main.process.68: PASSANDO PARA PROXIMO PROCESSO
2024-04-12 13:11:32,477; INFO; main.process.71: PROCESSO 20 de 55 A SER TRATADO: {'data': '03-04-2024', 'pi': '3983596', 'inv': '136224', 'moeda': 'USD', 'montante': '-43520.00', 'saldo': '176573.41', 'nome': 'Sigmasat USA Inc', 'cod': None}
2024-04-12 13:11:32,477; INFO; main.process.82: inv original 136224. tamanho 6
2024-04-12 13:11:32,478; INFO; main.process.87: inv TRATADA 00013622401. tamanho 11
2024-04-12 13:11:32,478; INFO; main.process.99: data: 03042024 <class 'str'>

                        pi: 3983596 <class 'str'>

                        inv: 00013622401 <class 'str'>

                        moeda: USD <class 'str'>

                        montante: 43520,00 <class 'str'>

                        saldo: 176573.41 <class 'str'>

                        nome: Sigmasat USA Inc <class 'str'>

                        cod: None <class 'NoneType'>
2024-04-12 13:11:32,480; INFO; main.process.111: Tratado em execução anterior do BOT
2024-04-12 13:11:32,481; INFO; main.process.64: extrato_list_nao_tratado processo 20
2024-04-12 13:11:32,481; INFO; main.process.68: PASSANDO PARA PROXIMO PROCESSO
2024-04-12 13:11:32,481; INFO; main.process.71: PROCESSO 21 de 55 A SER TRATADO: {'data': '03-04-2024', 'pi': '3983595', 'inv': '137324', 'moeda': 'USD', 'montante': '-5960.00', 'saldo': '220093.41', 'nome': 'Sigmasat USA Inc', 'cod': None}
2024-04-12 13:11:32,481; INFO; main.process.82: inv original 137324. tamanho 6
2024-04-12 13:11:32,482; INFO; main.process.87: inv TRATADA 00013732401. tamanho 11
2024-04-12 13:11:32,482; INFO; main.process.99: data: 03042024 <class 'str'>

                        pi: 3983595 <class 'str'>

                        inv: 00013732401 <class 'str'>

                        moeda: USD <class 'str'>

                        montante: 5960,00 <class 'str'>

                        saldo: 220093.41 <class 'str'>

                        nome: Sigmasat USA Inc <class 'str'>

                        cod: None <class 'NoneType'>
2024-04-12 13:11:32,484; INFO; main.process.111: Tratado em execução anterior do BOT
2024-04-12 13:11:32,484; INFO; main.process.64: extrato_list_nao_tratado processo 21
2024-04-12 13:11:32,484; INFO; main.process.68: PASSANDO PARA PROXIMO PROCESSO
2024-04-12 13:11:32,484; INFO; main.process.71: PROCESSO 22 de 55 A SER TRATADO: {'data': '01-04-2024', 'pi': '3974527', 'inv': '1029039', 'moeda': 'NOK', 'montante': '-5870.00', 'saldo': '6147.67', 'nome': 'DIMO', 'cod': None}
2024-04-12 13:11:32,485; INFO; main.process.82: inv original 1029039. tamanho 7
2024-04-12 13:11:32,485; INFO; main.process.87: inv TRATADA 00102903901. tamanho 11
2024-04-12 13:11:32,485; INFO; main.process.99: data: 01042024 <class 'str'>

                        pi: 3974527 <class 'str'>

                        inv: 00102903901 <class 'str'>

                        moeda: NOK <class 'str'>

                        montante: 5870,00 <class 'str'>

                        saldo: 6147.67 <class 'str'>

                        nome: DIMO <class 'str'>

                        cod: None <class 'NoneType'>
2024-04-12 13:11:32,487; INFO; main.process.111: Tratado em execução anterior do BOT
2024-04-12 13:11:32,487; INFO; main.process.64: extrato_list_nao_tratado processo 22
2024-04-12 13:11:32,487; INFO; main.process.68: PASSANDO PARA PROXIMO PROCESSO
2024-04-12 13:11:32,488; INFO; main.process.71: PROCESSO 23 de 55 A SER TRATADO: {'data': '01-04-2024', 'pi': '3974550', 'inv': '3748', 'moeda': 'USD', 'montante': '-7000.00', 'saldo': '299695.95', 'nome': 'ARGO COMMUNICATIONS', 'cod': None}
2024-04-12 13:11:32,488; INFO; main.process.82: inv original 3748. tamanho 4
2024-04-12 13:11:32,489; INFO; main.process.87: inv TRATADA 00000374801. tamanho 11
2024-04-12 13:11:32,489; INFO; main.process.99: data: 01042024 <class 'str'>

                        pi: 3974550 <class 'str'>

                        inv: 00000374801 <class 'str'>

                        moeda: USD <class 'str'>

                        montante: 7000,00 <class 'str'>

                        saldo: 299695.95 <class 'str'>

                        nome: ARGO COMMUNICATIONS <class 'str'>

                        cod: None <class 'NoneType'>
2024-04-12 13:11:32,490; INFO; main.process.111: Tratado em execução anterior do BOT
2024-04-12 13:11:32,491; INFO; main.process.64: extrato_list_nao_tratado processo 23
2024-04-12 13:11:32,491; INFO; main.process.68: PASSANDO PARA PROXIMO PROCESSO
2024-04-12 13:11:32,492; INFO; main.process.71: PROCESSO 24 de 55 A SER TRATADO: {'data': '01-04-2024', 'pi': '3974513', 'inv': '1000128', 'moeda': 'USD', 'montante': '-165.00', 'saldo': '384152.87', 'nome': 'PT. SNEPAC SHIPPING', 'cod': None}
2024-04-12 13:11:32,492; INFO; main.process.82: inv original 1000128. tamanho 7
2024-04-12 13:11:32,492; INFO; main.process.87: inv TRATADA 00100012801. tamanho 11
2024-04-12 13:11:32,493; INFO; main.process.99: data: 01042024 <class 'str'>

                        pi: 3974513 <class 'str'>

                        inv: 00100012801 <class 'str'>

                        moeda: USD <class 'str'>

                        montante: 165,00 <class 'str'>

                        saldo: 384152.87 <class 'str'>

                        nome: PT. SNEPAC SHIPPING <class 'str'>

                        cod: None <class 'NoneType'>
2024-04-12 13:11:32,495; INFO; main.process.64: extrato_list_nao_tratado processo 24
2024-04-12 13:11:32,495; INFO; main.process.68: PASSANDO PARA PROXIMO PROCESSO
2024-04-12 13:11:32,495; INFO; main.process.71: PROCESSO 25 de 55 A SER TRATADO: {'data': '01-04-2024', 'pi': '3974498', 'inv': '10014', 'moeda': 'USD', 'montante': '-12600.00', 'saldo': '384317.87', 'nome': 'PICOLO E ASSOCIADOS LTDA INC', 'cod': None}
2024-04-12 13:11:32,496; INFO; main.process.82: inv original 10014. tamanho 5
2024-04-12 13:11:32,496; INFO; main.process.87: inv TRATADA 00001001401. tamanho 11
2024-04-12 13:11:32,497; INFO; main.process.99: data: 01042024 <class 'str'>

                        pi: 3974498 <class 'str'>

                        inv: 00001001401 <class 'str'>

                        moeda: USD <class 'str'>

                        montante: 12600,00 <class 'str'>

                        saldo: 384317.87 <class 'str'>

                        nome: PICOLO E ASSOCIADOS LTDA INC <class 'str'>

                        cod: None <class 'NoneType'>
2024-04-12 13:11:32,498; INFO; main.process.64: extrato_list_nao_tratado processo 25
2024-04-12 13:11:32,498; INFO; main.process.68: PASSANDO PARA PROXIMO PROCESSO
2024-04-12 13:11:32,499; INFO; main.process.71: PROCESSO 26 de 55 A SER TRATADO: {'data': '01-04-2024', 'pi': '3974497', 'inv': '9991', 'moeda': 'USD', 'montante': '-3246.00', 'saldo': '396917.87', 'nome': 'PICOLO E ASSOCIADOS LTDA INC', 'cod': None}
2024-04-12 13:11:32,499; INFO; main.process.82: inv original 9991. tamanho 4
2024-04-12 13:11:32,500; INFO; main.process.87: inv TRATADA 00000999101. tamanho 11
2024-04-12 13:11:32,500; INFO; main.process.99: data: 01042024 <class 'str'>

                        pi: 3974497 <class 'str'>

                        inv: 00000999101 <class 'str'>

                        moeda: USD <class 'str'>

                        montante: 3246,00 <class 'str'>

                        saldo: 396917.87 <class 'str'>

                        nome: PICOLO E ASSOCIADOS LTDA INC <class 'str'>

                        cod: None <class 'NoneType'>
2024-04-12 13:11:32,502; INFO; main.process.64: extrato_list_nao_tratado processo 26
2024-04-12 13:11:32,502; INFO; main.process.68: PASSANDO PARA PROXIMO PROCESSO
2024-04-12 13:11:32,503; INFO; main.process.71: PROCESSO 27 de 55 A SER TRATADO: {'data': '01-04-2024', 'pi': '3974407', 'inv': '3748', 'moeda': 'USD', 'montante': '-7000.00', 'saldo': '393163.87', 'nome': 'ARGO COMMUNICATIONS', 'cod': None}
2024-04-12 13:11:32,503; INFO; main.process.82: inv original 3748. tamanho 4
2024-04-12 13:11:32,503; INFO; main.process.87: inv TRATADA 00000374801. tamanho 11
2024-04-12 13:11:32,504; INFO; main.process.99: data: 01042024 <class 'str'>

                        pi: 3974407 <class 'str'>

                        inv: 00000374801 <class 'str'>

                        moeda: USD <class 'str'>

                        montante: 7000,00 <class 'str'>

                        saldo: 393163.87 <class 'str'>

                        nome: ARGO COMMUNICATIONS <class 'str'>

                        cod: None <class 'NoneType'>
2024-04-12 13:11:32,506; INFO; main.process.64: extrato_list_nao_tratado processo 27
2024-04-12 13:11:32,506; INFO; main.process.68: PASSANDO PARA PROXIMO PROCESSO
2024-04-12 13:11:32,506; INFO; main.process.71: PROCESSO 28 de 55 A SER TRATADO: {'data': '03-04-2024', 'pi': '3983616', 'inv': '137224', 'moeda': 'USD', 'montante': '-1050.00', 'saldo': '104894.41', 'nome': 'Sigmasat USA Inc', 'cod': None}
2024-04-12 13:11:32,507; INFO; main.process.82: inv original 137224. tamanho 6
2024-04-12 13:11:32,507; INFO; main.process.87: inv TRATADA 00013722401. tamanho 11
2024-04-12 13:11:32,507; INFO; main.process.99: data: 03042024 <class 'str'>

                        pi: 3983616 <class 'str'>

                        inv: 00013722401 <class 'str'>

                        moeda: USD <class 'str'>

                        montante: 1050,00 <class 'str'>

                        saldo: 104894.41 <class 'str'>

                        nome: Sigmasat USA Inc <class 'str'>

                        cod: None <class 'NoneType'>
2024-04-12 13:11:32,509; INFO; main.process.111: Tratado em execução anterior do BOT
2024-04-12 13:11:32,509; INFO; main.process.64: extrato_list_nao_tratado processo 28
2024-04-12 13:11:32,510; INFO; main.process.68: PASSANDO PARA PROXIMO PROCESSO
2024-04-12 13:11:32,510; INFO; main.process.71: PROCESSO 29 de 55 A SER TRATADO: {'data': '03-04-2024', 'pi': '3983615', 'inv': '137124', 'moeda': 'USD', 'montante': '-2324.00', 'saldo': '105944.41', 'nome': 'Sigmasat USA Inc', 'cod': None}
2024-04-12 13:11:32,510; INFO; main.process.82: inv original 137124. tamanho 6
2024-04-12 13:11:32,511; INFO; main.process.87: inv TRATADA 00013712401. tamanho 11
2024-04-12 13:11:32,511; INFO; main.process.99: data: 03042024 <class 'str'>

                        pi: 3983615 <class 'str'>

                        inv: 00013712401 <class 'str'>

                        moeda: USD <class 'str'>

                        montante: 2324,00 <class 'str'>

                        saldo: 105944.41 <class 'str'>

                        nome: Sigmasat USA Inc <class 'str'>

                        cod: None <class 'NoneType'>
2024-04-12 13:11:32,513; INFO; main.process.111: Tratado em execução anterior do BOT
2024-04-12 13:11:32,513; INFO; main.process.64: extrato_list_nao_tratado processo 29
2024-04-12 13:11:32,513; INFO; main.process.68: PASSANDO PARA PROXIMO PROCESSO
2024-04-12 13:11:32,514; INFO; main.process.71: PROCESSO 30 de 55 A SER TRATADO: {'data': '03-04-2024', 'pi': '3983613', 'inv': '137024', 'moeda': 'USD', 'montante': '-315.00', 'saldo': '108268.41', 'nome': 'Sigmasat USA Inc', 'cod': None}
2024-04-12 13:11:32,514; INFO; main.process.82: inv original 137024. tamanho 6
2024-04-12 13:11:32,515; INFO; main.process.87: inv TRATADA 00013702401. tamanho 11
2024-04-12 13:11:32,515; INFO; main.process.99: data: 03042024 <class 'str'>

                        pi: 3983613 <class 'str'>

                        inv: 00013702401 <class 'str'>

                        moeda: USD <class 'str'>

                        montante: 315,00 <class 'str'>

                        saldo: 108268.41 <class 'str'>

                        nome: Sigmasat USA Inc <class 'str'>

                        cod: None <class 'NoneType'>
2024-04-12 13:11:32,517; INFO; main.process.111: Tratado em execução anterior do BOT
2024-04-12 13:11:32,518; INFO; main.process.64: extrato_list_nao_tratado processo 30
2024-04-12 13:11:32,518; INFO; main.process.68: PASSANDO PARA PROXIMO PROCESSO
2024-04-12 13:11:32,518; INFO; main.process.71: PROCESSO 31 de 55 A SER TRATADO: {'data': '03-04-2024', 'pi': '3983612', 'inv': '136924', 'moeda': 'USD', 'montante': '-315.00', 'saldo': '108583.41', 'nome': 'Sigmasat USA Inc', 'cod': None}
2024-04-12 13:11:32,519; INFO; main.process.82: inv original 136924. tamanho 6
2024-04-12 13:11:32,519; INFO; main.process.87: inv TRATADA 00013692401. tamanho 11
2024-04-12 13:11:32,520; INFO; main.process.99: data: 03042024 <class 'str'>

                        pi: 3983612 <class 'str'>

                        inv: 00013692401 <class 'str'>

                        moeda: USD <class 'str'>

                        montante: 315,00 <class 'str'>

                        saldo: 108583.41 <class 'str'>

                        nome: Sigmasat USA Inc <class 'str'>

                        cod: None <class 'NoneType'>
2024-04-12 13:11:32,521; INFO; main.process.111: Tratado em execução anterior do BOT
2024-04-12 13:11:32,522; INFO; main.process.64: extrato_list_nao_tratado processo 31
2024-04-12 13:11:32,522; INFO; main.process.68: PASSANDO PARA PROXIMO PROCESSO
2024-04-12 13:11:32,522; INFO; main.process.71: PROCESSO 32 de 55 A SER TRATADO: {'data': '03-04-2024', 'pi': '3983610', 'inv': '136724', 'moeda': 'USD', 'montante': '-5960.00', 'saldo': '108898.41', 'nome': 'Sigmasat USA Inc', 'cod': None}
2024-04-12 13:11:32,523; INFO; main.process.82: inv original 136724. tamanho 6
2024-04-12 13:11:32,534; INFO; main.process.87: inv TRATADA 00013672401. tamanho 11
2024-04-12 13:11:32,534; INFO; main.process.99: data: 03042024 <class 'str'>

                        pi: 3983610 <class 'str'>

                        inv: 00013672401 <class 'str'>

                        moeda: USD <class 'str'>

                        montante: 5960,00 <class 'str'>

                        saldo: 108898.41 <class 'str'>

                        nome: Sigmasat USA Inc <class 'str'>

                        cod: None <class 'NoneType'>
2024-04-12 13:11:32,536; INFO; main.process.111: Tratado em execução anterior do BOT
2024-04-12 13:11:32,537; INFO; main.process.64: extrato_list_nao_tratado processo 32
2024-04-12 13:11:32,537; INFO; main.process.68: PASSANDO PARA PROXIMO PROCESSO
2024-04-12 13:11:32,538; INFO; main.process.71: PROCESSO 33 de 55 A SER TRATADO: {'data': '03-04-2024', 'pi': '3983608', 'inv': '136824', 'moeda': 'USD', 'montante': '-315.00', 'saldo': '114858.41', 'nome': 'Sigmasat USA Inc', 'cod': None}
2024-04-12 13:11:32,538; INFO; main.process.82: inv original 136824. tamanho 6
2024-04-12 13:11:32,538; INFO; main.process.87: inv TRATADA 00013682401. tamanho 11
2024-04-12 13:11:32,538; INFO; main.process.99: data: 03042024 <class 'str'>

                        pi: 3983608 <class 'str'>

                        inv: 00013682401 <class 'str'>

                        moeda: USD <class 'str'>

                        montante: 315,00 <class 'str'>

                        saldo: 114858.41 <class 'str'>

                        nome: Sigmasat USA Inc <class 'str'>

                        cod: None <class 'NoneType'>
2024-04-12 13:11:32,540; INFO; main.process.111: Tratado em execução anterior do BOT
2024-04-12 13:11:32,541; INFO; main.process.64: extrato_list_nao_tratado processo 33
2024-04-12 13:11:32,541; INFO; main.process.68: PASSANDO PARA PROXIMO PROCESSO
2024-04-12 13:11:32,541; INFO; main.process.71: PROCESSO 34 de 55 A SER TRATADO: {'data': '03-04-2024', 'pi': '3983606', 'inv': '136624', 'moeda': 'USD', 'montante': '-5960.00', 'saldo': '115173.41', 'nome': 'Sigmasat USA Inc', 'cod': None}
2024-04-12 13:11:32,541; INFO; main.process.82: inv original 136624. tamanho 6
2024-04-12 13:11:32,542; INFO; main.process.87: inv TRATADA 00013662401. tamanho 11
2024-04-12 13:11:32,542; INFO; main.process.99: data: 03042024 <class 'str'>

                        pi: 3983606 <class 'str'>

                        inv: 00013662401 <class 'str'>

                        moeda: USD <class 'str'>

                        montante: 5960,00 <class 'str'>

                        saldo: 115173.41 <class 'str'>

                        nome: Sigmasat USA Inc <class 'str'>

                        cod: None <class 'NoneType'>
2024-04-12 13:11:32,543; INFO; main.process.111: Tratado em execução anterior do BOT
2024-04-12 13:11:32,544; INFO; main.process.64: extrato_list_nao_tratado processo 34
2024-04-12 13:11:32,544; INFO; main.process.68: PASSANDO PARA PROXIMO PROCESSO
2024-04-12 13:11:32,545; INFO; main.process.71: PROCESSO 35 de 55 A SER TRATADO: {'data': '03-04-2024', 'pi': '3983602', 'inv': '136524', 'moeda': 'USD', 'montante': '-5960.00', 'saldo': '121133.41', 'nome': 'Sigmasat USA Inc', 'cod': None}
2024-04-12 13:11:32,545; INFO; main.process.82: inv original 136524. tamanho 6
2024-04-12 13:11:32,546; INFO; main.process.87: inv TRATADA 00013652401. tamanho 11
2024-04-12 13:11:32,546; INFO; main.process.99: data: 03042024 <class 'str'>

                        pi: 3983602 <class 'str'>

                        inv: 00013652401 <class 'str'>

                        moeda: USD <class 'str'>

                        montante: 5960,00 <class 'str'>

                        saldo: 121133.41 <class 'str'>

                        nome: Sigmasat USA Inc <class 'str'>

                        cod: None <class 'NoneType'>
2024-04-12 13:11:32,547; INFO; main.process.111: Tratado em execução anterior do BOT
2024-04-12 13:11:32,548; INFO; main.process.64: extrato_list_nao_tratado processo 35
2024-04-12 13:11:32,548; INFO; main.process.68: PASSANDO PARA PROXIMO PROCESSO
2024-04-12 13:11:32,548; INFO; main.process.71: PROCESSO 36 de 55 A SER TRATADO: {'data': '03-04-2024', 'pi': '3983600', 'inv': '136324', 'moeda': 'USD', 'montante': '-43520.00', 'saldo': '127093.41', 'nome': 'Sigmasat USA Inc', 'cod': None}
2024-04-12 13:11:32,549; INFO; main.process.82: inv original 136324. tamanho 6
2024-04-12 13:11:32,549; INFO; main.process.87: inv TRATADA 00013632401. tamanho 11
2024-04-12 13:11:32,549; INFO; main.process.99: data: 03042024 <class 'str'>

                        pi: 3983600 <class 'str'>

                        inv: 00013632401 <class 'str'>

                        moeda: USD <class 'str'>

                        montante: 43520,00 <class 'str'>

                        saldo: 127093.41 <class 'str'>

                        nome: Sigmasat USA Inc <class 'str'>

                        cod: None <class 'NoneType'>
2024-04-12 13:11:32,551; INFO; main.process.111: Tratado em execução anterior do BOT
2024-04-12 13:11:32,551; INFO; main.process.64: extrato_list_nao_tratado processo 36
2024-04-12 13:11:32,551; INFO; main.process.68: PASSANDO PARA PROXIMO PROCESSO
2024-04-12 13:11:32,552; INFO; main.process.71: PROCESSO 37 de 55 A SER TRATADO: {'data': '03-04-2024', 'pi': '3983598', 'inv': '136424', 'moeda': 'USD', 'montante': '-5960.00', 'saldo': '170613.41', 'nome': 'Sigmasat USA Inc', 'cod': None}
2024-04-12 13:11:32,552; INFO; main.process.82: inv original 136424. tamanho 6
2024-04-12 13:11:32,552; INFO; main.process.87: inv TRATADA 00013642401. tamanho 11
2024-04-12 13:11:32,552; INFO; main.process.99: data: 03042024 <class 'str'>

                        pi: 3983598 <class 'str'>

                        inv: 00013642401 <class 'str'>

                        moeda: USD <class 'str'>

                        montante: 5960,00 <class 'str'>

                        saldo: 170613.41 <class 'str'>

                        nome: Sigmasat USA Inc <class 'str'>

                        cod: None <class 'NoneType'>
2024-04-12 13:11:32,554; INFO; main.process.111: Tratado em execução anterior do BOT
2024-04-12 13:11:32,554; INFO; main.process.64: extrato_list_nao_tratado processo 37
2024-04-12 13:11:32,556; INFO; main.process.68: PASSANDO PARA PROXIMO PROCESSO
2024-04-12 13:11:32,556; INFO; main.process.71: PROCESSO 38 de 55 A SER TRATADO: {'data': '03-04-2024', 'pi': '3983596', 'inv': '136224', 'moeda': 'USD', 'montante': '-43520.00', 'saldo': '176573.41', 'nome': 'Sigmasat USA Inc', 'cod': None}
2024-04-12 13:11:32,556; INFO; main.process.82: inv original 136224. tamanho 6
2024-04-12 13:11:32,556; INFO; main.process.87: inv TRATADA 00013622401. tamanho 11
2024-04-12 13:11:32,558; INFO; main.process.99: data: 03042024 <class 'str'>

                        pi: 3983596 <class 'str'>

                        inv: 00013622401 <class 'str'>

                        moeda: USD <class 'str'>

                        montante: 43520,00 <class 'str'>

                        saldo: 176573.41 <class 'str'>

                        nome: Sigmasat USA Inc <class 'str'>

                        cod: None <class 'NoneType'>
2024-04-12 13:11:32,559; INFO; main.process.111: Tratado em execução anterior do BOT
2024-04-12 13:11:32,560; INFO; main.process.64: extrato_list_nao_tratado processo 38
2024-04-12 13:11:32,561; INFO; main.process.68: PASSANDO PARA PROXIMO PROCESSO
2024-04-12 13:11:32,561; INFO; main.process.71: PROCESSO 39 de 55 A SER TRATADO: {'data': '03-04-2024', 'pi': '3983595', 'inv': '137324', 'moeda': 'USD', 'montante': '-5960.00', 'saldo': '220093.41', 'nome': 'Sigmasat USA Inc', 'cod': None}
2024-04-12 13:11:32,562; INFO; main.process.82: inv original 137324. tamanho 6
2024-04-12 13:11:32,562; INFO; main.process.87: inv TRATADA 00013732401. tamanho 11
2024-04-12 13:11:32,562; INFO; main.process.99: data: 03042024 <class 'str'>

                        pi: 3983595 <class 'str'>

                        inv: 00013732401 <class 'str'>

                        moeda: USD <class 'str'>

                        montante: 5960,00 <class 'str'>

                        saldo: 220093.41 <class 'str'>

                        nome: Sigmasat USA Inc <class 'str'>

                        cod: None <class 'NoneType'>
2024-04-12 13:11:32,564; INFO; main.process.111: Tratado em execução anterior do BOT
2024-04-12 13:11:32,564; INFO; main.process.64: extrato_list_nao_tratado processo 39
2024-04-12 13:11:32,565; INFO; main.process.68: PASSANDO PARA PROXIMO PROCESSO
2024-04-12 13:11:32,566; INFO; main.process.71: PROCESSO 40 de 55 A SER TRATADO: {'data': '01-04-2024', 'pi': '3974550', 'inv': '3748', 'moeda': 'USD', 'montante': '-7000.00', 'saldo': '299695.95', 'nome': 'ARGO COMMUNICATIONS', 'cod': None}
2024-04-12 13:11:32,566; INFO; main.process.82: inv original 3748. tamanho 4
2024-04-12 13:11:32,566; INFO; main.process.87: inv TRATADA 00000374801. tamanho 11
2024-04-12 13:11:32,567; INFO; main.process.99: data: 01042024 <class 'str'>

                        pi: 3974550 <class 'str'>

                        inv: 00000374801 <class 'str'>

                        moeda: USD <class 'str'>

                        montante: 7000,00 <class 'str'>

                        saldo: 299695.95 <class 'str'>

                        nome: ARGO COMMUNICATIONS <class 'str'>

                        cod: None <class 'NoneType'>
2024-04-12 13:11:32,568; INFO; main.process.111: Tratado em execução anterior do BOT
2024-04-12 13:11:32,569; INFO; main.process.64: extrato_list_nao_tratado processo 40
2024-04-12 13:11:32,569; INFO; main.process.68: PASSANDO PARA PROXIMO PROCESSO
2024-04-12 13:11:32,569; INFO; main.process.71: PROCESSO 41 de 55 A SER TRATADO: {'data': '01-04-2024', 'pi': '3974525', 'inv': '1000128', 'moeda': 'USD', 'montante': '-77456.92', 'saldo': '306695.95', 'nome': 'SEABRIDGE MARINE ENGINEERING AND', 'cod': None}
2024-04-12 13:11:32,570; INFO; main.process.82: inv original 1000128. tamanho 7
2024-04-12 13:11:32,570; INFO; main.process.87: inv TRATADA 00100012801. tamanho 11
2024-04-12 13:11:32,571; INFO; main.process.99: data: 01042024 <class 'str'>

                        pi: 3974525 <class 'str'>

                        inv: 00100012801 <class 'str'>

                        moeda: USD <class 'str'>

                        montante: 77456,92 <class 'str'>

                        saldo: 306695.95 <class 'str'>

                        nome: SEABRIDGE MARINE ENGINEERING AND <class 'str'>

                        cod: None <class 'NoneType'>
2024-04-12 13:11:32,572; INFO; main.process.64: extrato_list_nao_tratado processo 41
2024-04-12 13:11:32,573; INFO; main.process.68: PASSANDO PARA PROXIMO PROCESSO
2024-04-12 13:11:32,573; INFO; main.process.71: PROCESSO 42 de 55 A SER TRATADO: {'data': '01-04-2024', 'pi': '3974513', 'inv': '1000128', 'moeda': 'USD', 'montante': '-165.00', 'saldo': '384152.87', 'nome': 'PT. SNEPAC SHIPPING', 'cod': None}
2024-04-12 13:11:32,573; INFO; main.process.82: inv original 1000128. tamanho 7
2024-04-12 13:11:32,574; INFO; main.process.87: inv TRATADA 00100012801. tamanho 11
2024-04-12 13:11:32,574; INFO; main.process.99: data: 01042024 <class 'str'>

                        pi: 3974513 <class 'str'>

                        inv: 00100012801 <class 'str'>

                        moeda: USD <class 'str'>

                        montante: 165,00 <class 'str'>

                        saldo: 384152.87 <class 'str'>

                        nome: PT. SNEPAC SHIPPING <class 'str'>

                        cod: None <class 'NoneType'>
2024-04-12 13:11:32,576; INFO; functions.filter_lancamento.231: filter_lancamento : 2
