2024-04-12 14:19:42,687; INFO; parameters.<module>.103: Pasta local: \\Riofs\dados\Documentos Financeiro\Extratos bancarios\Ebury\2024\04 - Abril
2024-04-12 14:19:42,687; INFO; functions.getPid.1071: Dentro função GetPid

2024-04-12 14:19:42,906; INFO; functions.bot_text_art.7:     ____   
2024-04-12 14:19:42,906; INFO; functions.bot_text_art.8:    [____]    
2024-04-12 14:19:42,906; INFO; functions.bot_text_art.9:  |=]()()[=|  
2024-04-12 14:19:42,906; INFO; functions.bot_text_art.10:    _\==/__    _____    ____     _        _____    ___   _  __
2024-04-12 14:19:42,906; INFO; functions.bot_text_art.11:  |__|   |_|  |  _  \  / ___|   | |      |_   _| / ___| | |/ /
2024-04-12 14:19:42,906; INFO; functions.bot_text_art.12:  |_|_/\_|_|  | |  | | | |      | |        | |   | |    | ' / 
2024-04-12 14:19:42,906; INFO; functions.bot_text_art.13:  | | __ | |  | |  | | | |      | |        | |   | |    |  <  
2024-04-12 14:19:42,906; INFO; functions.bot_text_art.14:  |_|[  ]|_|  | |__| | | |____  | |____   _| |_  | |__  | . \ 
2024-04-12 14:19:42,906; INFO; functions.bot_text_art.15:  \_|_||_|_/  |_____/   \_____| |______| |_____| \ ___| |_|\_\
2024-04-12 14:19:42,906; INFO; functions.bot_text_art.16:    |_||_|                                                     
2024-04-12 14:19:42,906; INFO; functions.bot_text_art.17:    | ||_|_   
2024-04-12 14:19:42,906; INFO; functions.bot_text_art.18:  |___||___|  
2024-04-12 14:19:42,906; INFO; functions.bot_text_art.19:              
2024-04-12 14:19:42,906; INFO; functions.headerExcel.1004: Criando EXCEL
2024-04-12 14:19:42,922; INFO; functions.headerExcel.1024: EXCEL iniciado
2024-04-12 14:19:42,924; INFO; main.process.15: TODOS ARQUIVOS NA PASTA ['\\\\Riofs\\dados\\Documentos Financeiro\\Extratos bancarios\\Ebury\\2024\\04 - Abril\\Ebury - Parcial até 08-04.pdf'].
2024-04-12 14:19:42,924; INFO; main.process.23: SERÃO TRATADOS 1 ARQUIVOS.
2024-04-12 14:19:42,924; INFO; main.process.24: ARQUIVOS: ['\\\\Riofs\\dados\\Documentos Financeiro\\Extratos bancarios\\Ebury\\2024\\04 - Abril\\Ebury - Parcial até 08-04.pdf']
2024-04-12 14:19:42,925; INFO; main.process.33: INICIO DO PROCESSAMENTO DO ARQUIVO 1: \\Riofs\dados\Documentos Financeiro\Extratos bancarios\Ebury\2024\04 - Abril\Ebury - Parcial até 08-04.pdf
2024-04-12 14:19:43,064; INFO; functions.informacoes_extraidas.642: texto: Oceanica Netherlands B.V.
Mr. Andre Ponce de Leon Arruda
Apollolaan 151
Extracto de Conta
Período do extrato: 01-04-2024 00:00 - 30-04-2024 23:59
Registo de instrução: 08-04-2024 17:56
Moeda: Todos
Resumo
Conta de Moeda
Saldo Inicial Fundos recebidos A sair Saldo final
Estrangeira
USD 400163.87 399503.19 -749595.76 50071.30
NOK 12017.67 166155.00 -172025.00 6147.67
MXN 0.00 0.00 0.00 0.00
GBP 2440.12 3000.00 -4863.34 576.78
SGD 0.00 33717.00 -33717.00 0.00
EUR 12900.09 441360.00 -444801.45 9458.64
Obrigado por escolher Ebury.
Se tiver alguma dúvida entre em contato com o seu gestor de conta através do +31 (0) 20 795 6690.
Página 1 de 12
2024-04-12 14:19:43,148; INFO; functions.informacoes_extraidas.642: texto: Movimentos: Todas as moedas
Registo de
Descrição Montante Saldo
operação
Pagamento devolvido PI3993937 Bertling logistics Aberdeen Limited
08-04-2024
Payment for identifiable services - Oceanica Netherlands B.V. EUR 8360.00 EUR 9458.64
13:27
PI3993937 1131-24
Pagamento PI3993937 Bertling logistics Aberdeen Limited
08-04-2024
Payment for identifiable services - Oceanica Netherlands B.V. EUR -8360.00 EUR 1098.64
09:41
PI3993937 1131-24
08-04-2024 Comprado EUR EBPOTR3376301
EUR 3000.00 EUR 9458.64
09:38 EURUSD1.099408Compra/venda de moeda
08-04-2024 Vendido USD EBPOTR3376301
USD -3298.22 USD 50071.30
09:38 EURUSD1.099408Compra/venda de moeda
Pagamento PI3991205 Kongsberg Maritime AS
07-04-2024
Payment for identifiable services - Oceanica Netherlands B.V. NOK -166155.00 NOK 6147.67
20:24
PI3991205 10167246
07-04-2024 Comprado NOK EBPOTR3374322
NOK 166155.00 NOK 172302.67
20:24 USDNOK10.566872Compra/Venda de moeda
Pagamento PI3991194 ISLE OF MAN - GOVERNMENT
07-04-2024
Payment for identifiable services - Oceanica Netherlands B.V. GBP -3293.34 GBP 576.78
20:23
PI3991194 477026
07-04-2024 Comprado GBP EBPOTR3374299
GBP 3000.00 GBP 3870.12
20:23 GBPUSD1.280124Compra/Venda de moeda
07-04-2024 Vendido USD EBPOTR3374322
USD -15724.14 USD 53369.52
20:04 USDNOK10.566872Compra/Venda de moeda
07-04-2024 Vendido USD EBPOTR3374299
USD -3840.37 USD 69093.66
20:04 GBPUSD1.280124Compra/Venda de moeda
Pagamento PI3991105 Loyens and Loeff N.V
07-04-2024
Payment for identifiable services - Oceanica Netherlands B.V. EUR -7695.60 EUR 6458.64
20:03
PI3991105 1622766
Pagamento PI3991191 ISLE OF MAN - GOVERNMENT
07-04-2024
Payment for identifiable services - Oceanica Netherlands B.V. GBP -650.00 GBP 870.12
20:03
PI3991191 476414
Pagamento PI3991188 ISLE OF MAN - GOVERNMENT
07-04-2024
Payment for identifiable services - Oceanica Netherlands B.V. GBP -650.00 GBP 1520.12
20:03
PI3991188 476415
Obrigado por escolher Ebury.
Se tiver alguma dúvida entre em contato com o seu gestor de conta através do +31 (0) 20 795 6690.
Página 2 de 12
2024-04-12 14:19:43,237; INFO; functions.informacoes_extraidas.642: texto: Pagamento PI3991184 ISLE OF MAN - GOVERNMENT
07-04-2024
Payment for identifiable services - Oceanica Netherlands B.V. GBP -270.00 GBP 2170.12
20:03
PI3991184 476446
Pagamento PI3988296 Flushing Shipping Agencies
04-04-2024
Payment for identifiable services - Oceanica Netherlands B.V. EUR -28538.35 EUR 14154.24
20:23
PI3988296 PK2224000061
04-04-2024 Comprado EUR EBPOTR3372347
EUR 29000.00 EUR 42692.59
20:23 EURUSD1.102082Compra/Venda de moeda
04-04-2024 Vendido USD EBPOTR3372347
USD -31960.38 USD 72934.03
20:04 EURUSD1.102082Compra/Venda de moeda
Pagamento PI3983592 Holland Accommodation Rentals VOF
03-04-2024
Payment for identifiable services - Oceanica Netherlands B.V. EUR -400207.50 EUR 13692.59
20:23
PI3983592 241450004 - 90perc. restantes
03-04-2024 Comprado EUR EBPOTR3369777
EUR 401000.00 EUR 413900.09
20:23 EURUSD1.099358Compra/Venda de moeda
Pagamento PI3983616 Sigmasat USA Inc
03-04-2024
Payment for identifiable services - Oceanica Netherlands B.V. USD -1050.00 USD 104894.41
20:03
PI3983616 137224
Pagamento PI3983615 Sigmasat USA Inc
03-04-2024
Payment for identifiable services - Oceanica Netherlands B.V. USD -2324.00 USD 105944.41
20:03
PI3983615 137124
Pagamento PI3983613 Sigmasat USA Inc
03-04-2024
Payment for identifiable services - Oceanica Netherlands B.V. USD -315.00 USD 108268.41
20:03
PI3983613 137024
Pagamento PI3983612 Sigmasat USA Inc
03-04-2024
Payment for identifiable services - Oceanica Netherlands B.V. USD -315.00 USD 108583.41
20:03
PI3983612 136924
Pagamento PI3983610 Sigmasat USA Inc
03-04-2024
Payment for identifiable services - Oceanica Netherlands B.V. USD -5960.00 USD 108898.41
20:03
PI3983610 136724
Pagamento PI3983608 Sigmasat USA Inc
03-04-2024
Payment for identifiable services - Oceanica Netherlands B.V. USD -315.00 USD 114858.41
20:03
PI3983608 136824
Pagamento PI3983606 Sigmasat USA Inc
03-04-2024
Payment for identifiable services - Oceanica Netherlands B.V. USD -5960.00 USD 115173.41
20:03
PI3983606 136624
Obrigado por escolher Ebury.
Se tiver alguma dúvida entre em contato com o seu gestor de conta através do +31 (0) 20 795 6690.
Página 3 de 12
2024-04-12 14:19:43,331; INFO; functions.informacoes_extraidas.642: texto: Pagamento PI3983602 Sigmasat USA Inc
03-04-2024
Payment for identifiable services - Oceanica Netherlands B.V. USD -5960.00 USD 121133.41
20:03
PI3983602 136524
Pagamento PI3983600 Sigmasat USA Inc
03-04-2024
Payment for identifiable services - Oceanica Netherlands B.V. USD -43520.00 USD 127093.41
20:03
PI3983600 136324
Pagamento PI3983598 Sigmasat USA Inc
03-04-2024
Payment for identifiable services - Oceanica Netherlands B.V. USD -5960.00 USD 170613.41
20:03
PI3983598 136424
Pagamento PI3983596 Sigmasat USA Inc
03-04-2024
Payment for identifiable services - Oceanica Netherlands B.V. USD -43520.00 USD 176573.41
20:03
PI3983596 136224
Pagamento PI3983595 Sigmasat USA Inc
03-04-2024
Payment for identifiable services - Oceanica Netherlands B.V. USD -5960.00 USD 220093.41
20:03
PI3983595 137324
03-04-2024 Vendido USD EBPOTR3369777
USD -440842.56 USD 226053.41
20:03 EURUSD1.099358Compra/Venda de moeda
Fundos OCEANICA ENGENHARIA E CONSULTO
03-04-2024
BR6960701190032120000026755C1 - - NL66EBUR2845860862 - USD 392503.19 USD 666895.97
13:18
2024040300418807
Pagamento PI3974692 PT. LABROY SHIPBUILDING ENGINEERING
01-04-2024
Payment for identifiable services - Oceanica Netherlands B.V. SGD -33717.00 SGD 0.00
20:23
PI3974692 3005
01-04-2024 Comprado SGD EBPOTR3364284
SGD 33717.00 SGD 33717.00
20:23 USDSGD1.332521Compra/Venda de moeda
01-04-2024 Vendido USD EBPOTR3364284
USD -25303.17 USD 274392.78
20:08 USDSGD1.332521Compra/Venda de moeda
Pagamento PI3974527 DIMO
01-04-2024
Payment for identifiable services - Oceanica Netherlands B.V. NOK -5870.00 NOK 6147.67
20:05
PI3974527 1029039
Pagamento PI3974550 ARGO COMMUNICATIONS
01-04-2024
Payment for identifiable services - Oceanica Netherlands B.V. USD -7000.00 USD 299695.95
11:19
PI3974550 3748
Pagamento PI3974525 SEABRIDGE MARINE ENGINEERING AND
01-04-2024 EQUIPMENT (SHANGHAI) LTD
USD -77456.92 USD 306695.95
10:52 Payment for identifiable services - Oceanica Netherlands B.V.
PI3974525 SMEE2024032801
Obrigado por escolher Ebury.
Se tiver alguma dúvida entre em contato com o seu gestor de conta através do +31 (0) 20 795 6690.
Página 4 de 12
2024-04-12 14:19:43,376; INFO; functions.informacoes_extraidas.642: texto: Pagamento PI3974513 PT. SNEPAC SHIPPING
01-04-2024
Payment for identifiable services - Oceanica Netherlands B.V. USD -165.00 USD 384152.87
10:44
PI3974513 1000128
Pagamento PI3974498 PICOLO E ASSOCIADOS LTDA INC
01-04-2024
Payment for identifiable services - Oceanica Netherlands B.V. USD -12600.00 USD 384317.87
10:27
PI3974498 10014
Pagamento PI3974497 PICOLO E ASSOCIADOS LTDA INC
01-04-2024
Payment for identifiable services - Oceanica Netherlands B.V. USD -3246.00 USD 396917.87
10:26
PI3974497 9991
Pagamento devolvido PI3974407 ARGO COMMUNICATIONS
01-04-2024
Payment for identifiable services - Oceanica Netherlands B.V. USD 7000.00 USD 400163.87
09:34
PI3974407 3748
Pagamento PI3974407 ARGO COMMUNICATIONS
01-04-2024
Payment for identifiable services - Oceanica Netherlands B.V. USD -7000.00 USD 393163.87
09:11
PI3974407 3748
Obrigado por escolher Ebury.
Se tiver alguma dúvida entre em contato com o seu gestor de conta através do +31 (0) 20 795 6690.
Página 5 de 12
2024-04-12 14:19:43,460; INFO; functions.informacoes_extraidas.642: texto: Movimentos: USD Conta
Registo de
Descrição Montante Saldo
operação
08-04-2024 Vendido USD EBPOTR3376301
USD -3298.22 USD 50071.30
09:38 EURUSD1.099408Compra/venda de moeda
07-04-2024 Vendido USD EBPOTR3374322
USD -15724.14 USD 53369.52
20:04 USDNOK10.566872Compra/Venda de moeda
07-04-2024 Vendido USD EBPOTR3374299
USD -3840.37 USD 69093.66
20:04 GBPUSD1.280124Compra/Venda de moeda
04-04-2024 Vendido USD EBPOTR3372347
USD -31960.38 USD 72934.03
20:04 EURUSD1.102082Compra/Venda de moeda
Pagamento PI3983616 Sigmasat USA Inc
03-04-2024
Payment for identifiable services - Oceanica Netherlands B.V. USD -1050.00 USD 104894.41
20:03
PI3983616 137224
Pagamento PI3983615 Sigmasat USA Inc
03-04-2024
Payment for identifiable services - Oceanica Netherlands B.V. USD -2324.00 USD 105944.41
20:03
PI3983615 137124
Pagamento PI3983613 Sigmasat USA Inc
03-04-2024
Payment for identifiable services - Oceanica Netherlands B.V. USD -315.00 USD 108268.41
20:03
PI3983613 137024
Pagamento PI3983612 Sigmasat USA Inc
03-04-2024
Payment for identifiable services - Oceanica Netherlands B.V. USD -315.00 USD 108583.41
20:03
PI3983612 136924
Pagamento PI3983610 Sigmasat USA Inc
03-04-2024
Payment for identifiable services - Oceanica Netherlands B.V. USD -5960.00 USD 108898.41
20:03
PI3983610 136724
Pagamento PI3983608 Sigmasat USA Inc
03-04-2024
Payment for identifiable services - Oceanica Netherlands B.V. USD -315.00 USD 114858.41
20:03
PI3983608 136824
Pagamento PI3983606 Sigmasat USA Inc
03-04-2024
Payment for identifiable services - Oceanica Netherlands B.V. USD -5960.00 USD 115173.41
20:03
PI3983606 136624
Pagamento PI3983602 Sigmasat USA Inc
03-04-2024
Payment for identifiable services - Oceanica Netherlands B.V. USD -5960.00 USD 121133.41
20:03
PI3983602 136524
Obrigado por escolher Ebury.
Se tiver alguma dúvida entre em contato com o seu gestor de conta através do +31 (0) 20 795 6690.
Página 6 de 12
2024-04-12 14:19:43,580; INFO; functions.informacoes_extraidas.642: texto: Pagamento PI3983600 Sigmasat USA Inc
03-04-2024
Payment for identifiable services - Oceanica Netherlands B.V. USD -43520.00 USD 127093.41
20:03
PI3983600 136324
Pagamento PI3983598 Sigmasat USA Inc
03-04-2024
Payment for identifiable services - Oceanica Netherlands B.V. USD -5960.00 USD 170613.41
20:03
PI3983598 136424
Pagamento PI3983596 Sigmasat USA Inc
03-04-2024
Payment for identifiable services - Oceanica Netherlands B.V. USD -43520.00 USD 176573.41
20:03
PI3983596 136224
Pagamento PI3983595 Sigmasat USA Inc
03-04-2024
Payment for identifiable services - Oceanica Netherlands B.V. USD -5960.00 USD 220093.41
20:03
PI3983595 137324
03-04-2024 Vendido USD EBPOTR3369777
USD -440842.56 USD 226053.41
20:03 EURUSD1.099358Compra/Venda de moeda
Fundos OCEANICA ENGENHARIA E CONSULTO
03-04-2024
BR6960701190032120000026755C1 - - NL66EBUR2845860862 - USD 392503.19 USD 666895.97
13:18
2024040300418807
01-04-2024 Vendido USD EBPOTR3364284
USD -25303.17 USD 274392.78
20:08 USDSGD1.332521Compra/Venda de moeda
Pagamento PI3974550 ARGO COMMUNICATIONS
01-04-2024
Payment for identifiable services - Oceanica Netherlands B.V. USD -7000.00 USD 299695.95
11:19
PI3974550 3748
Pagamento PI3974525 SEABRIDGE MARINE ENGINEERING AND
01-04-2024 EQUIPMENT (SHANGHAI) LTD
USD -77456.92 USD 306695.95
10:52 Payment for identifiable services - Oceanica Netherlands B.V.
PI3974525 SMEE2024032801
Pagamento PI3974513 PT. SNEPAC SHIPPING
01-04-2024
Payment for identifiable services - Oceanica Netherlands B.V. USD -165.00 USD 384152.87
10:44
PI3974513 1000128
Pagamento PI3974498 PICOLO E ASSOCIADOS LTDA INC
01-04-2024
Payment for identifiable services - Oceanica Netherlands B.V. USD -12600.00 USD 384317.87
10:27
PI3974498 10014
Pagamento PI3974497 PICOLO E ASSOCIADOS LTDA INC
01-04-2024
Payment for identifiable services - Oceanica Netherlands B.V. USD -3246.00 USD 396917.87
10:26
PI3974497 9991
Pagamento devolvido PI3974407 ARGO COMMUNICATIONS
01-04-2024
Payment for identifiable services - Oceanica Netherlands B.V. USD 7000.00 USD 400163.87
09:34
PI3974407 3748
Obrigado por escolher Ebury.
Se tiver alguma dúvida entre em contato com o seu gestor de conta através do +31 (0) 20 795 6690.
Página 7 de 12
2024-04-12 14:19:43,601; INFO; functions.informacoes_extraidas.642: texto: Pagamento PI3974407 ARGO COMMUNICATIONS
01-04-2024
Payment for identifiable services - Oceanica Netherlands B.V. USD -7000.00 USD 393163.87
09:11
PI3974407 3748
Obrigado por escolher Ebury.
Se tiver alguma dúvida entre em contato com o seu gestor de conta através do +31 (0) 20 795 6690.
Página 8 de 12
2024-04-12 14:19:43,634; INFO; functions.informacoes_extraidas.642: texto: Movimentos: NOK Conta
Registo de
Descrição Montante Saldo
operação
Pagamento PI3991205 Kongsberg Maritime AS
07-04-2024
Payment for identifiable services - Oceanica Netherlands B.V. NOK -166155.00 NOK 6147.67
20:24
PI3991205 10167246
07-04-2024 Comprado NOK EBPOTR3374322
NOK 166155.00 NOK 172302.67
20:24 USDNOK10.566872Compra/Venda de moeda
Pagamento PI3974527 DIMO
01-04-2024
Payment for identifiable services - Oceanica Netherlands B.V. NOK -5870.00 NOK 6147.67
20:05
PI3974527 1029039
Obrigado por escolher Ebury.
Se tiver alguma dúvida entre em contato com o seu gestor de conta através do +31 (0) 20 795 6690.
Página 9 de 12
2024-04-12 14:19:43,677; INFO; functions.informacoes_extraidas.642: texto: Movimentos: GBP Conta
Registo de
Descrição Montante Saldo
operação
Pagamento PI3991194 ISLE OF MAN - GOVERNMENT
07-04-2024
Payment for identifiable services - Oceanica Netherlands B.V. GBP -3293.34 GBP 576.78
20:23
PI3991194 477026
07-04-2024 Comprado GBP EBPOTR3374299
GBP 3000.00 GBP 3870.12
20:23 GBPUSD1.280124Compra/Venda de moeda
Pagamento PI3991191 ISLE OF MAN - GOVERNMENT
07-04-2024
Payment for identifiable services - Oceanica Netherlands B.V. GBP -650.00 GBP 870.12
20:03
PI3991191 476414
Pagamento PI3991188 ISLE OF MAN - GOVERNMENT
07-04-2024
Payment for identifiable services - Oceanica Netherlands B.V. GBP -650.00 GBP 1520.12
20:03
PI3991188 476415
Pagamento PI3991184 ISLE OF MAN - GOVERNMENT
07-04-2024
Payment for identifiable services - Oceanica Netherlands B.V. GBP -270.00 GBP 2170.12
20:03
PI3991184 476446
Obrigado por escolher Ebury.
Se tiver alguma dúvida entre em contato com o seu gestor de conta através do +31 (0) 20 795 6690.
Página 10 de 12
2024-04-12 14:19:43,704; INFO; functions.informacoes_extraidas.642: texto: Movimentos: SGD Conta
Registo de
Descrição Montante Saldo
operação
Pagamento PI3974692 PT. LABROY SHIPBUILDING ENGINEERING
01-04-2024
Payment for identifiable services - Oceanica Netherlands B.V. SGD -33717.00 SGD 0.00
20:23
PI3974692 3005
01-04-2024 Comprado SGD EBPOTR3364284
SGD 33717.00 SGD 33717.00
20:23 USDSGD1.332521Compra/Venda de moeda
Obrigado por escolher Ebury.
Se tiver alguma dúvida entre em contato com o seu gestor de conta através do +31 (0) 20 795 6690.
Página 11 de 12
2024-04-12 14:19:43,767; INFO; functions.informacoes_extraidas.642: texto: Movimentos: EUR Conta
Registo de
Descrição Montante Saldo
operação
Pagamento devolvido PI3993937 Bertling logistics Aberdeen Limited
08-04-2024
Payment for identifiable services - Oceanica Netherlands B.V. EUR 8360.00 EUR 9458.64
13:27
PI3993937 1131-24
Pagamento PI3993937 Bertling logistics Aberdeen Limited
08-04-2024
Payment for identifiable services - Oceanica Netherlands B.V. EUR -8360.00 EUR 1098.64
09:41
PI3993937 1131-24
08-04-2024 Comprado EUR EBPOTR3376301
EUR 3000.00 EUR 9458.64
09:38 EURUSD1.099408Compra/venda de moeda
Pagamento PI3991105 Loyens and Loeff N.V
07-04-2024
Payment for identifiable services - Oceanica Netherlands B.V. EUR -7695.60 EUR 6458.64
20:03
PI3991105 1622766
Pagamento PI3988296 Flushing Shipping Agencies
04-04-2024
Payment for identifiable services - Oceanica Netherlands B.V. EUR -28538.35 EUR 14154.24
20:23
PI3988296 PK2224000061
04-04-2024 Comprado EUR EBPOTR3372347
EUR 29000.00 EUR 42692.59
20:23 EURUSD1.102082Compra/Venda de moeda
Pagamento PI3983592 Holland Accommodation Rentals VOF
03-04-2024
Payment for identifiable services - Oceanica Netherlands B.V. EUR -400207.50 EUR 13692.59
20:23
PI3983592 241450004 - 90perc. restantes
03-04-2024 Comprado EUR EBPOTR3369777
EUR 401000.00 EUR 413900.09
20:23 EURUSD1.099358Compra/Venda de moeda
Obrigado por escolher Ebury.
Se tiver alguma dúvida entre em contato com o seu gestor de conta através do +31 (0) 20 795 6690.
Página 12 de 12
2024-04-12 14:19:43,770; INFO; functions.excelProcessoCompleto.1149: Adicionando aba de PROCESSOS EXTRAÍDOS ao EXCEL existente
2024-04-12 14:19:43,771; INFO; functions.excelProcessoCompleto.1163: Aba de TODOS EXTRAÍDOS ao EXCEL existente
2024-04-12 14:19:43,774; INFO; main.process.42: PROCESSOS EXTRAIDOS COM ERRO: 3
2024-04-12 14:19:43,774; INFO; main.process.43: PROCESSOS COM ERRO: [{'data': '01-04-2024', 'pi': '3974692', 'inv': '3005', 'moeda': 'SGD', 'montante': '-33717.00', 'saldo': '0.00', 'nome': 'PT. LABROY SHIPBUILDING ENGINEERING', 'cod': None}, {'data': '01-04-2024', 'pi': '3974525', 'inv': None, 'moeda': 'USD', 'montante': '-77456.92', 'saldo': '306695.95', 'nome': 'SEABRIDGE MARINE ENGINEERING AND', 'cod': None}, {'data': '01-04-2024', 'pi': '3974692', 'inv': '3005', 'moeda': 'SGD', 'montante': '-33717.00', 'saldo': '0.00', 'nome': 'PT. LABROY SHIPBUILDING ENGINEERING', 'cod': None}]
2024-04-12 14:19:43,775; INFO; functions.excelErro.1099: Adicionando aba de ERRO ao EXCEL existente
2024-04-12 14:19:43,776; INFO; functions.excelErro.1115: Aba de ERRO adicionada ao EXCEL existente
2024-04-12 14:19:43,777; INFO; main.process.46: PROCESSOS EXTRAIDOS CORRETAMENTE: 55
2024-04-12 14:19:43,777; INFO; main.process.47: PROCESSOS A SEREM TRATADOS: [{'data': '08-04-2024', 'pi': '3993937', 'inv': '1131', 'moeda': 'EUR', 'montante': '-8360.00', 'saldo': '1098.64', 'nome': 'Bertling logistics Aberdeen Limited', 'cod': None}, {'data': '07-04-2024', 'pi': '3991205', 'inv': '10167246', 'moeda': 'NOK', 'montante': '-166155.00', 'saldo': '6147.67', 'nome': 'Kongsberg Maritime AS', 'cod': None}, {'data': '07-04-2024', 'pi': '3991194', 'inv': '477026', 'moeda': 'GBP', 'montante': '-3293.34', 'saldo': '576.78', 'nome': 'ISLE OF MAN - GOVERNMENT', 'cod': None}, {'data': '07-04-2024', 'pi': '3991105', 'inv': '1622766', 'moeda': 'EUR', 'montante': '-7695.60', 'saldo': '6458.64', 'nome': 'Loyens and Loeff N.V', 'cod': None}, {'data': '07-04-2024', 'pi': '3991191', 'inv': '476414', 'moeda': 'GBP', 'montante': '-650.00', 'saldo': '870.12', 'nome': 'ISLE OF MAN - GOVERNMENT', 'cod': None}, {'data': '07-04-2024', 'pi': '3991188', 'inv': '476415', 'moeda': 'GBP', 'montante': '-650.00', 'saldo': '1520.12', 'nome': 'ISLE OF MAN - GOVERNMENT', 'cod': None}, {'data': '07-04-2024', 'pi': '3991184', 'inv': '476446', 'moeda': 'GBP', 'montante': '-270.00', 'saldo': '2170.12', 'nome': 'ISLE OF MAN - GOVERNMENT', 'cod': None}, {'data': '04-04-2024', 'pi': '3988296', 'inv': '241450004', 'moeda': 'EUR', 'montante': '-28538.35', 'saldo': '14154.24', 'nome': 'Flushing Shipping Agencies', 'cod': None}, {'data': '03-04-2024', 'pi': '3983592', 'inv': '241450004', 'moeda': 'EUR', 'montante': '-400207.50', 'saldo': '13692.59', 'nome': 'Holland Accommodation Rentals VOF', 'cod': None}, {'data': '03-04-2024', 'pi': '3983616', 'inv': '137224', 'moeda': 'USD', 'montante': '-1050.00', 'saldo': '104894.41', 'nome': 'Sigmasat USA Inc', 'cod': None}, {'data': '03-04-2024', 'pi': '3983615', 'inv': '137124', 'moeda': 'USD', 'montante': '-2324.00', 'saldo': '105944.41', 'nome': 'Sigmasat USA Inc', 'cod': None}, {'data': '03-04-2024', 'pi': '3983613', 'inv': '137024', 'moeda': 'USD', 'montante': '-315.00', 'saldo': '108268.41', 'nome': 'Sigmasat USA Inc', 'cod': None}, {'data': '03-04-2024', 'pi': '3983612', 'inv': '136924', 'moeda': 'USD', 'montante': '-315.00', 'saldo': '108583.41', 'nome': 'Sigmasat USA Inc', 'cod': None}, {'data': '03-04-2024', 'pi': '3983610', 'inv': '136724', 'moeda': 'USD', 'montante': '-5960.00', 'saldo': '108898.41', 'nome': 'Sigmasat USA Inc', 'cod': None}, {'data': '03-04-2024', 'pi': '3983608', 'inv': '136824', 'moeda': 'USD', 'montante': '-315.00', 'saldo': '114858.41', 'nome': 'Sigmasat USA Inc', 'cod': None}, {'data': '03-04-2024', 'pi': '3983606', 'inv': '136624', 'moeda': 'USD', 'montante': '-5960.00', 'saldo': '115173.41', 'nome': 'Sigmasat USA Inc', 'cod': None}, {'data': '03-04-2024', 'pi': '3983602', 'inv': '136524', 'moeda': 'USD', 'montante': '-5960.00', 'saldo': '121133.41', 'nome': 'Sigmasat USA Inc', 'cod': None}, {'data': '03-04-2024', 'pi': '3983600', 'inv': '136324', 'moeda': 'USD', 'montante': '-43520.00', 'saldo': '127093.41', 'nome': 'Sigmasat USA Inc', 'cod': None}, {'data': '03-04-2024', 'pi': '3983598', 'inv': '136424', 'moeda': 'USD', 'montante': '-5960.00', 'saldo': '170613.41', 'nome': 'Sigmasat USA Inc', 'cod': None}, {'data': '03-04-2024', 'pi': '3983596', 'inv': '136224', 'moeda': 'USD', 'montante': '-43520.00', 'saldo': '176573.41', 'nome': 'Sigmasat USA Inc', 'cod': None}, {'data': '03-04-2024', 'pi': '3983595', 'inv': '137324', 'moeda': 'USD', 'montante': '-5960.00', 'saldo': '220093.41', 'nome': 'Sigmasat USA Inc', 'cod': None}, {'data': '01-04-2024', 'pi': '3974527', 'inv': '1029039', 'moeda': 'NOK', 'montante': '-5870.00', 'saldo': '6147.67', 'nome': 'DIMO', 'cod': None}, {'data': '01-04-2024', 'pi': '3974550', 'inv': '3748', 'moeda': 'USD', 'montante': '-7000.00', 'saldo': '299695.95', 'nome': 'ARGO COMMUNICATIONS', 'cod': None}, {'data': '01-04-2024', 'pi': '3974513', 'inv': '1000128', 'moeda': 'USD', 'montante': '-165.00', 'saldo': '384152.87', 'nome': 'PT. SNEPAC SHIPPING', 'cod': None}, {'data': '01-04-2024', 'pi': '3974498', 'inv': '10014', 'moeda': 'USD', 'montante': '-12600.00', 'saldo': '384317.87', 'nome': 'PICOLO E ASSOCIADOS LTDA INC', 'cod': None}, {'data': '01-04-2024', 'pi': '3974497', 'inv': '9991', 'moeda': 'USD', 'montante': '-3246.00', 'saldo': '396917.87', 'nome': 'PICOLO E ASSOCIADOS LTDA INC', 'cod': None}, {'data': '01-04-2024', 'pi': '3974407', 'inv': '3748', 'moeda': 'USD', 'montante': '-7000.00', 'saldo': '393163.87', 'nome': 'ARGO COMMUNICATIONS', 'cod': None}, {'data': '03-04-2024', 'pi': '3983616', 'inv': '137224', 'moeda': 'USD', 'montante': '-1050.00', 'saldo': '104894.41', 'nome': 'Sigmasat USA Inc', 'cod': None}, {'data': '03-04-2024', 'pi': '3983615', 'inv': '137124', 'moeda': 'USD', 'montante': '-2324.00', 'saldo': '105944.41', 'nome': 'Sigmasat USA Inc', 'cod': None}, {'data': '03-04-2024', 'pi': '3983613', 'inv': '137024', 'moeda': 'USD', 'montante': '-315.00', 'saldo': '108268.41', 'nome': 'Sigmasat USA Inc', 'cod': None}, {'data': '03-04-2024', 'pi': '3983612', 'inv': '136924', 'moeda': 'USD', 'montante': '-315.00', 'saldo': '108583.41', 'nome': 'Sigmasat USA Inc', 'cod': None}, {'data': '03-04-2024', 'pi': '3983610', 'inv': '136724', 'moeda': 'USD', 'montante': '-5960.00', 'saldo': '108898.41', 'nome': 'Sigmasat USA Inc', 'cod': None}, {'data': '03-04-2024', 'pi': '3983608', 'inv': '136824', 'moeda': 'USD', 'montante': '-315.00', 'saldo': '114858.41', 'nome': 'Sigmasat USA Inc', 'cod': None}, {'data': '03-04-2024', 'pi': '3983606', 'inv': '136624', 'moeda': 'USD', 'montante': '-5960.00', 'saldo': '115173.41', 'nome': 'Sigmasat USA Inc', 'cod': None}, {'data': '03-04-2024', 'pi': '3983602', 'inv': '136524', 'moeda': 'USD', 'montante': '-5960.00', 'saldo': '121133.41', 'nome': 'Sigmasat USA Inc', 'cod': None}, {'data': '03-04-2024', 'pi': '3983600', 'inv': '136324', 'moeda': 'USD', 'montante': '-43520.00', 'saldo': '127093.41', 'nome': 'Sigmasat USA Inc', 'cod': None}, {'data': '03-04-2024', 'pi': '3983598', 'inv': '136424', 'moeda': 'USD', 'montante': '-5960.00', 'saldo': '170613.41', 'nome': 'Sigmasat USA Inc', 'cod': None}, {'data': '03-04-2024', 'pi': '3983596', 'inv': '136224', 'moeda': 'USD', 'montante': '-43520.00', 'saldo': '176573.41', 'nome': 'Sigmasat USA Inc', 'cod': None}, {'data': '03-04-2024', 'pi': '3983595', 'inv': '137324', 'moeda': 'USD', 'montante': '-5960.00', 'saldo': '220093.41', 'nome': 'Sigmasat USA Inc', 'cod': None}, {'data': '01-04-2024', 'pi': '3974550', 'inv': '3748', 'moeda': 'USD', 'montante': '-7000.00', 'saldo': '299695.95', 'nome': 'ARGO COMMUNICATIONS', 'cod': None}, {'data': '01-04-2024', 'pi': '3974525', 'inv': '1000128', 'moeda': 'USD', 'montante': '-77456.92', 'saldo': '306695.95', 'nome': 'SEABRIDGE MARINE ENGINEERING AND', 'cod': None}, {'data': '01-04-2024', 'pi': '3974513', 'inv': '1000128', 'moeda': 'USD', 'montante': '-165.00', 'saldo': '384152.87', 'nome': 'PT. SNEPAC SHIPPING', 'cod': None}, {'data': '01-04-2024', 'pi': '3974498', 'inv': '10014', 'moeda': 'USD', 'montante': '-12600.00', 'saldo': '384317.87', 'nome': 'PICOLO E ASSOCIADOS LTDA INC', 'cod': None}, {'data': '01-04-2024', 'pi': '3974497', 'inv': '9991', 'moeda': 'USD', 'montante': '-3246.00', 'saldo': '396917.87', 'nome': 'PICOLO E ASSOCIADOS LTDA INC', 'cod': None}, {'data': '01-04-2024', 'pi': '3974407', 'inv': '3748', 'moeda': 'USD', 'montante': '-7000.00', 'saldo': '393163.87', 'nome': 'ARGO COMMUNICATIONS', 'cod': None}, {'data': '07-04-2024', 'pi': '3991205', 'inv': '10167246', 'moeda': 'NOK', 'montante': '-166155.00', 'saldo': '6147.67', 'nome': 'Kongsberg Maritime AS', 'cod': None}, {'data': '01-04-2024', 'pi': '3974527', 'inv': '1029039', 'moeda': 'NOK', 'montante': '-5870.00', 'saldo': '6147.67', 'nome': 'DIMO', 'cod': None}, {'data': '07-04-2024', 'pi': '3991194', 'inv': '477026', 'moeda': 'GBP', 'montante': '-3293.34', 'saldo': '576.78', 'nome': 'ISLE OF MAN - GOVERNMENT', 'cod': None}, {'data': '07-04-2024', 'pi': '3991191', 'inv': '476414', 'moeda': 'GBP', 'montante': '-650.00', 'saldo': '870.12', 'nome': 'ISLE OF MAN - GOVERNMENT', 'cod': None}, {'data': '07-04-2024', 'pi': '3991188', 'inv': '476415', 'moeda': 'GBP', 'montante': '-650.00', 'saldo': '1520.12', 'nome': 'ISLE OF MAN - GOVERNMENT', 'cod': None}, {'data': '07-04-2024', 'pi': '3991184', 'inv': '476446', 'moeda': 'GBP', 'montante': '-270.00', 'saldo': '2170.12', 'nome': 'ISLE OF MAN - GOVERNMENT', 'cod': None}, {'data': '08-04-2024', 'pi': '3993937', 'inv': '1131', 'moeda': 'EUR', 'montante': '-8360.00', 'saldo': '1098.64', 'nome': 'Bertling logistics Aberdeen Limited', 'cod': None}, {'data': '07-04-2024', 'pi': '3991105', 'inv': '1622766', 'moeda': 'EUR', 'montante': '-7695.60', 'saldo': '6458.64', 'nome': 'Loyens and Loeff N.V', 'cod': None}, {'data': '04-04-2024', 'pi': '3988296', 'inv': '241450004', 'moeda': 'EUR', 'montante': '-28538.35', 'saldo': '14154.24', 'nome': 'Flushing Shipping Agencies', 'cod': None}, {'data': '03-04-2024', 'pi': '3983592', 'inv': '241450004', 'moeda': 'EUR', 'montante': '-400207.50', 'saldo': '13692.59', 'nome': 'Holland Accommodation Rentals VOF', 'cod': None}]
2024-04-12 14:19:43,792; INFO; functions.mover_para_lidos.1215: MOVENDO ARQUIVO Ebury - Parcial até 08-04.pdf.
2024-04-12 14:19:43,793; INFO; functions.mover_para_lidos.1223: Pasta "Lidos" já existe
2024-04-12 14:19:43,800; INFO; functions.mover_para_lidos.1240: ARQUIVO Ebury - Parcial até 08-04.pdf MOVIDO PARA LIDOS.
2024-04-12 14:19:43,805; INFO; functions.open_RM.50: OPEN PROGRAM RM
2024-04-12 14:19:54,794; INFO; functions.loggin_RM.65: ENTER USER_NAME
2024-04-12 14:19:55,635; INFO; functions.loggin_RM.70: ENTER PASSWORD
2024-04-12 14:19:56,313; INFO; functions.loggin_RM.74: ENTER RM
2024-04-12 14:20:36,453; INFO; functions.waitForImage.967: LICENCAS EXCEDIDAS image not found.
2024-04-12 14:20:37,156; INFO; functions.enter_coligada.96: CLICK CONTEXTO
2024-04-12 14:20:38,718; INFO; functions.enter_coligada.99: CLICK COLIGADA 2
2024-04-12 14:20:41,734; INFO; functions.enter_coligada.103: INSERE O COLIGADA CODE = 2
2024-04-12 14:20:41,836; INFO; functions.enter_coligada.105: APERTA TAB PARA PREENCHER O CAMPO COM A STRING: OCEANICA ENGENHARIA E CONSULTORIA S.A.
2024-04-12 14:20:43,376; INFO; functions.enter_coligada.108: CLICK AVANÇAR NOVAMENTE
2024-04-12 14:20:46,657; INFO; functions.enter_coligada.112: CLICK CONCLUIR
2024-04-12 14:20:57,828; INFO; functions.enter_coligada.115: POP UP COLIGADA CLICADO PARA DESAPARECER
2024-04-12 14:20:58,437; INFO; functions.enter_contas_a_pagar.126: CLICK - TOTVS - LINHA RM
2024-04-12 14:21:01,125; INFO; functions.enter_contas_a_pagar.131: CLICK - BACK OFFICE
2024-04-12 14:21:03,721; INFO; functions.enter_contas_a_pagar.136: CLICK - GESTAO FINANCEIRA
2024-04-12 14:21:12,875; INFO; functions.enter_contas_a_pagar.141: CLICK - CONTAS A PAGAR
2024-04-12 14:21:12,958; INFO; functions.waitForImage.936: LANÇAMENTOS image found.
2024-04-12 14:21:13,061; INFO; functions.enter_contas_a_pagar.156: CLICA EM LANÇAMENTOS
2024-04-12 14:21:38,183; INFO; functions.waitForImage.967: LICENCAS EXCEDIDAS image not found.
2024-04-12 14:21:38,185; INFO; main.process.64: extrato_list_nao_tratado processo 0
2024-04-12 14:21:38,185; INFO; main.process.71: PROCESSO 1 de 55 A SER TRATADO: {'data': '08-04-2024', 'pi': '3993937', 'inv': '1131', 'moeda': 'EUR', 'montante': '-8360.00', 'saldo': '1098.64', 'nome': 'Bertling logistics Aberdeen Limited', 'cod': None}
2024-04-12 14:21:38,186; INFO; main.process.82: inv original 1131. tamanho 4
2024-04-12 14:21:38,186; INFO; main.process.87: inv TRATADA 00000113101. tamanho 11
2024-04-12 14:21:38,186; INFO; main.process.99: data: 08042024 <class 'str'>

                        pi: 3993937 <class 'str'>

                        inv: 00000113101 <class 'str'>

                        moeda: EUR <class 'str'>

                        montante: 8360,00 <class 'str'>

                        saldo: 1098.64 <class 'str'>

                        nome: Bertling logistics Aberdeen Limited <class 'str'>

                        cod: None <class 'NoneType'>
2024-04-12 14:21:38,188; INFO; main.process.64: extrato_list_nao_tratado processo 1
2024-04-12 14:21:38,188; INFO; main.process.68: PASSANDO PARA PROXIMO PROCESSO
2024-04-12 14:21:38,188; INFO; main.process.71: PROCESSO 2 de 55 A SER TRATADO: {'data': '07-04-2024', 'pi': '3991205', 'inv': '10167246', 'moeda': 'NOK', 'montante': '-166155.00', 'saldo': '6147.67', 'nome': 'Kongsberg Maritime AS', 'cod': None}
2024-04-12 14:21:38,189; INFO; main.process.82: inv original 10167246. tamanho 8
2024-04-12 14:21:38,189; INFO; main.process.87: inv TRATADA 01016724601. tamanho 11
2024-04-12 14:21:38,189; INFO; main.process.99: data: 07042024 <class 'str'>

                        pi: 3991205 <class 'str'>

                        inv: 01016724601 <class 'str'>

                        moeda: NOK <class 'str'>

                        montante: 166155,00 <class 'str'>

                        saldo: 6147.67 <class 'str'>

                        nome: Kongsberg Maritime AS <class 'str'>

                        cod: None <class 'NoneType'>
2024-04-12 14:21:38,191; INFO; main.process.111: Tratado em execução anterior do BOT
2024-04-12 14:21:38,192; INFO; main.process.64: extrato_list_nao_tratado processo 2
2024-04-12 14:21:38,192; INFO; main.process.68: PASSANDO PARA PROXIMO PROCESSO
2024-04-12 14:21:38,193; INFO; main.process.71: PROCESSO 3 de 55 A SER TRATADO: {'data': '07-04-2024', 'pi': '3991194', 'inv': '477026', 'moeda': 'GBP', 'montante': '-3293.34', 'saldo': '576.78', 'nome': 'ISLE OF MAN - GOVERNMENT', 'cod': None}
2024-04-12 14:21:38,193; INFO; main.process.82: inv original 477026. tamanho 6
2024-04-12 14:21:38,193; INFO; main.process.87: inv TRATADA 00047702601. tamanho 11
2024-04-12 14:21:38,194; INFO; main.process.99: data: 07042024 <class 'str'>

                        pi: 3991194 <class 'str'>

                        inv: 00047702601 <class 'str'>

                        moeda: GBP <class 'str'>

                        montante: 3293,34 <class 'str'>

                        saldo: 576.78 <class 'str'>

                        nome: ISLE OF MAN - GOVERNMENT <class 'str'>

                        cod: None <class 'NoneType'>
2024-04-12 14:21:38,195; INFO; main.process.64: extrato_list_nao_tratado processo 3
2024-04-12 14:21:38,196; INFO; main.process.68: PASSANDO PARA PROXIMO PROCESSO
2024-04-12 14:21:38,196; INFO; main.process.71: PROCESSO 4 de 55 A SER TRATADO: {'data': '07-04-2024', 'pi': '3991105', 'inv': '1622766', 'moeda': 'EUR', 'montante': '-7695.60', 'saldo': '6458.64', 'nome': 'Loyens and Loeff N.V', 'cod': None}
2024-04-12 14:21:38,197; INFO; main.process.82: inv original 1622766. tamanho 7
2024-04-12 14:21:38,198; INFO; main.process.87: inv TRATADA 00162276601. tamanho 11
2024-04-12 14:21:38,198; INFO; main.process.99: data: 07042024 <class 'str'>

                        pi: 3991105 <class 'str'>

                        inv: 00162276601 <class 'str'>

                        moeda: EUR <class 'str'>

                        montante: 7695,60 <class 'str'>

                        saldo: 6458.64 <class 'str'>

                        nome: Loyens and Loeff N.V <class 'str'>

                        cod: None <class 'NoneType'>
2024-04-12 14:21:38,200; INFO; main.process.64: extrato_list_nao_tratado processo 4
2024-04-12 14:21:38,200; INFO; main.process.68: PASSANDO PARA PROXIMO PROCESSO
2024-04-12 14:21:38,200; INFO; main.process.71: PROCESSO 5 de 55 A SER TRATADO: {'data': '07-04-2024', 'pi': '3991191', 'inv': '476414', 'moeda': 'GBP', 'montante': '-650.00', 'saldo': '870.12', 'nome': 'ISLE OF MAN - GOVERNMENT', 'cod': None}
2024-04-12 14:21:38,201; INFO; main.process.82: inv original 476414. tamanho 6
2024-04-12 14:21:38,201; INFO; main.process.87: inv TRATADA 00047641401. tamanho 11
2024-04-12 14:21:38,202; INFO; main.process.99: data: 07042024 <class 'str'>

                        pi: 3991191 <class 'str'>

                        inv: 00047641401 <class 'str'>

                        moeda: GBP <class 'str'>

                        montante: 650,00 <class 'str'>

                        saldo: 870.12 <class 'str'>

                        nome: ISLE OF MAN - GOVERNMENT <class 'str'>

                        cod: None <class 'NoneType'>
2024-04-12 14:21:38,204; INFO; main.process.64: extrato_list_nao_tratado processo 5
2024-04-12 14:21:38,204; INFO; main.process.68: PASSANDO PARA PROXIMO PROCESSO
2024-04-12 14:21:38,205; INFO; main.process.71: PROCESSO 6 de 55 A SER TRATADO: {'data': '07-04-2024', 'pi': '3991188', 'inv': '476415', 'moeda': 'GBP', 'montante': '-650.00', 'saldo': '1520.12', 'nome': 'ISLE OF MAN - GOVERNMENT', 'cod': None}
2024-04-12 14:21:38,205; INFO; main.process.82: inv original 476415. tamanho 6
2024-04-12 14:21:38,206; INFO; main.process.87: inv TRATADA 00047641501. tamanho 11
2024-04-12 14:21:38,206; INFO; main.process.99: data: 07042024 <class 'str'>

                        pi: 3991188 <class 'str'>

                        inv: 00047641501 <class 'str'>

                        moeda: GBP <class 'str'>

                        montante: 650,00 <class 'str'>

                        saldo: 1520.12 <class 'str'>

                        nome: ISLE OF MAN - GOVERNMENT <class 'str'>

                        cod: None <class 'NoneType'>
2024-04-12 14:21:38,207; INFO; main.process.64: extrato_list_nao_tratado processo 6
2024-04-12 14:21:38,208; INFO; main.process.68: PASSANDO PARA PROXIMO PROCESSO
2024-04-12 14:21:38,208; INFO; main.process.71: PROCESSO 7 de 55 A SER TRATADO: {'data': '07-04-2024', 'pi': '3991184', 'inv': '476446', 'moeda': 'GBP', 'montante': '-270.00', 'saldo': '2170.12', 'nome': 'ISLE OF MAN - GOVERNMENT', 'cod': None}
2024-04-12 14:21:38,208; INFO; main.process.82: inv original 476446. tamanho 6
2024-04-12 14:21:38,208; INFO; main.process.87: inv TRATADA 00047644601. tamanho 11
2024-04-12 14:21:38,209; INFO; main.process.99: data: 07042024 <class 'str'>

                        pi: 3991184 <class 'str'>

                        inv: 00047644601 <class 'str'>

                        moeda: GBP <class 'str'>

                        montante: 270,00 <class 'str'>

                        saldo: 2170.12 <class 'str'>

                        nome: ISLE OF MAN - GOVERNMENT <class 'str'>

                        cod: None <class 'NoneType'>
2024-04-12 14:21:38,210; INFO; main.process.64: extrato_list_nao_tratado processo 7
2024-04-12 14:21:38,210; INFO; main.process.68: PASSANDO PARA PROXIMO PROCESSO
2024-04-12 14:21:38,211; INFO; main.process.71: PROCESSO 8 de 55 A SER TRATADO: {'data': '04-04-2024', 'pi': '3988296', 'inv': '241450004', 'moeda': 'EUR', 'montante': '-28538.35', 'saldo': '14154.24', 'nome': 'Flushing Shipping Agencies', 'cod': None}
2024-04-12 14:21:38,211; INFO; main.process.82: inv original 241450004. tamanho 9
2024-04-12 14:21:38,211; INFO; main.process.87: inv TRATADA 24145000401. tamanho 11
2024-04-12 14:21:38,211; INFO; main.process.99: data: 04042024 <class 'str'>

                        pi: 3988296 <class 'str'>

                        inv: 24145000401 <class 'str'>

                        moeda: EUR <class 'str'>

                        montante: 28538,35 <class 'str'>

                        saldo: 14154.24 <class 'str'>

                        nome: Flushing Shipping Agencies <class 'str'>

                        cod: None <class 'NoneType'>
2024-04-12 14:21:38,213; INFO; main.process.64: extrato_list_nao_tratado processo 8
2024-04-12 14:21:38,213; INFO; main.process.68: PASSANDO PARA PROXIMO PROCESSO
2024-04-12 14:21:38,213; INFO; main.process.71: PROCESSO 9 de 55 A SER TRATADO: {'data': '03-04-2024', 'pi': '3983592', 'inv': '241450004', 'moeda': 'EUR', 'montante': '-400207.50', 'saldo': '13692.59', 'nome': 'Holland Accommodation Rentals VOF', 'cod': None}
2024-04-12 14:21:38,214; INFO; main.process.82: inv original 241450004. tamanho 9
2024-04-12 14:21:38,214; INFO; main.process.87: inv TRATADA 24145000401. tamanho 11
2024-04-12 14:21:38,215; INFO; main.process.99: data: 03042024 <class 'str'>

                        pi: 3983592 <class 'str'>

                        inv: 24145000401 <class 'str'>

                        moeda: EUR <class 'str'>

                        montante: 400207,50 <class 'str'>

                        saldo: 13692.59 <class 'str'>

                        nome: Holland Accommodation Rentals VOF <class 'str'>

                        cod: None <class 'NoneType'>
2024-04-12 14:21:38,216; INFO; main.process.64: extrato_list_nao_tratado processo 9
2024-04-12 14:21:38,217; INFO; main.process.68: PASSANDO PARA PROXIMO PROCESSO
2024-04-12 14:21:38,217; INFO; main.process.71: PROCESSO 10 de 55 A SER TRATADO: {'data': '03-04-2024', 'pi': '3983616', 'inv': '137224', 'moeda': 'USD', 'montante': '-1050.00', 'saldo': '104894.41', 'nome': 'Sigmasat USA Inc', 'cod': None}
2024-04-12 14:21:38,217; INFO; main.process.82: inv original 137224. tamanho 6
2024-04-12 14:21:38,217; INFO; main.process.87: inv TRATADA 00013722401. tamanho 11
2024-04-12 14:21:38,218; INFO; main.process.99: data: 03042024 <class 'str'>

                        pi: 3983616 <class 'str'>

                        inv: 00013722401 <class 'str'>

                        moeda: USD <class 'str'>

                        montante: 1050,00 <class 'str'>

                        saldo: 104894.41 <class 'str'>

                        nome: Sigmasat USA Inc <class 'str'>

                        cod: None <class 'NoneType'>
2024-04-12 14:21:38,220; INFO; main.process.111: Tratado em execução anterior do BOT
2024-04-12 14:21:38,221; INFO; main.process.64: extrato_list_nao_tratado processo 10
2024-04-12 14:21:38,221; INFO; main.process.68: PASSANDO PARA PROXIMO PROCESSO
2024-04-12 14:21:38,221; INFO; main.process.71: PROCESSO 11 de 55 A SER TRATADO: {'data': '03-04-2024', 'pi': '3983615', 'inv': '137124', 'moeda': 'USD', 'montante': '-2324.00', 'saldo': '105944.41', 'nome': 'Sigmasat USA Inc', 'cod': None}
2024-04-12 14:21:38,222; INFO; main.process.82: inv original 137124. tamanho 6
2024-04-12 14:21:38,222; INFO; main.process.87: inv TRATADA 00013712401. tamanho 11
2024-04-12 14:21:38,222; INFO; main.process.99: data: 03042024 <class 'str'>

                        pi: 3983615 <class 'str'>

                        inv: 00013712401 <class 'str'>

                        moeda: USD <class 'str'>

                        montante: 2324,00 <class 'str'>

                        saldo: 105944.41 <class 'str'>

                        nome: Sigmasat USA Inc <class 'str'>

                        cod: None <class 'NoneType'>
2024-04-12 14:21:38,224; INFO; main.process.111: Tratado em execução anterior do BOT
2024-04-12 14:21:38,224; INFO; main.process.64: extrato_list_nao_tratado processo 11
2024-04-12 14:21:38,225; INFO; main.process.68: PASSANDO PARA PROXIMO PROCESSO
2024-04-12 14:21:38,225; INFO; main.process.71: PROCESSO 12 de 55 A SER TRATADO: {'data': '03-04-2024', 'pi': '3983613', 'inv': '137024', 'moeda': 'USD', 'montante': '-315.00', 'saldo': '108268.41', 'nome': 'Sigmasat USA Inc', 'cod': None}
2024-04-12 14:21:38,225; INFO; main.process.82: inv original 137024. tamanho 6
2024-04-12 14:21:38,226; INFO; main.process.87: inv TRATADA 00013702401. tamanho 11
2024-04-12 14:21:38,226; INFO; main.process.99: data: 03042024 <class 'str'>

                        pi: 3983613 <class 'str'>

                        inv: 00013702401 <class 'str'>

                        moeda: USD <class 'str'>

                        montante: 315,00 <class 'str'>

                        saldo: 108268.41 <class 'str'>

                        nome: Sigmasat USA Inc <class 'str'>

                        cod: None <class 'NoneType'>
2024-04-12 14:21:38,228; INFO; main.process.111: Tratado em execução anterior do BOT
2024-04-12 14:21:38,228; INFO; main.process.64: extrato_list_nao_tratado processo 12
2024-04-12 14:21:38,229; INFO; main.process.68: PASSANDO PARA PROXIMO PROCESSO
2024-04-12 14:21:38,230; INFO; main.process.71: PROCESSO 13 de 55 A SER TRATADO: {'data': '03-04-2024', 'pi': '3983612', 'inv': '136924', 'moeda': 'USD', 'montante': '-315.00', 'saldo': '108583.41', 'nome': 'Sigmasat USA Inc', 'cod': None}
2024-04-12 14:21:38,230; INFO; main.process.82: inv original 136924. tamanho 6
2024-04-12 14:21:38,231; INFO; main.process.87: inv TRATADA 00013692401. tamanho 11
2024-04-12 14:21:38,231; INFO; main.process.99: data: 03042024 <class 'str'>

                        pi: 3983612 <class 'str'>

                        inv: 00013692401 <class 'str'>

                        moeda: USD <class 'str'>

                        montante: 315,00 <class 'str'>

                        saldo: 108583.41 <class 'str'>

                        nome: Sigmasat USA Inc <class 'str'>

                        cod: None <class 'NoneType'>
2024-04-12 14:21:38,232; INFO; main.process.111: Tratado em execução anterior do BOT
2024-04-12 14:21:38,233; INFO; main.process.64: extrato_list_nao_tratado processo 13
2024-04-12 14:21:38,233; INFO; main.process.68: PASSANDO PARA PROXIMO PROCESSO
2024-04-12 14:21:38,233; INFO; main.process.71: PROCESSO 14 de 55 A SER TRATADO: {'data': '03-04-2024', 'pi': '3983610', 'inv': '136724', 'moeda': 'USD', 'montante': '-5960.00', 'saldo': '108898.41', 'nome': 'Sigmasat USA Inc', 'cod': None}
2024-04-12 14:21:38,234; INFO; main.process.82: inv original 136724. tamanho 6
2024-04-12 14:21:38,234; INFO; main.process.87: inv TRATADA 00013672401. tamanho 11
2024-04-12 14:21:38,235; INFO; main.process.99: data: 03042024 <class 'str'>

                        pi: 3983610 <class 'str'>

                        inv: 00013672401 <class 'str'>

                        moeda: USD <class 'str'>

                        montante: 5960,00 <class 'str'>

                        saldo: 108898.41 <class 'str'>

                        nome: Sigmasat USA Inc <class 'str'>

                        cod: None <class 'NoneType'>
2024-04-12 14:21:38,236; INFO; main.process.111: Tratado em execução anterior do BOT
2024-04-12 14:21:38,237; INFO; main.process.64: extrato_list_nao_tratado processo 14
2024-04-12 14:21:38,237; INFO; main.process.68: PASSANDO PARA PROXIMO PROCESSO
2024-04-12 14:21:38,237; INFO; main.process.71: PROCESSO 15 de 55 A SER TRATADO: {'data': '03-04-2024', 'pi': '3983608', 'inv': '136824', 'moeda': 'USD', 'montante': '-315.00', 'saldo': '114858.41', 'nome': 'Sigmasat USA Inc', 'cod': None}
2024-04-12 14:21:38,237; INFO; main.process.82: inv original 136824. tamanho 6
2024-04-12 14:21:38,237; INFO; main.process.87: inv TRATADA 00013682401. tamanho 11
2024-04-12 14:21:38,238; INFO; main.process.99: data: 03042024 <class 'str'>

                        pi: 3983608 <class 'str'>

                        inv: 00013682401 <class 'str'>

                        moeda: USD <class 'str'>

                        montante: 315,00 <class 'str'>

                        saldo: 114858.41 <class 'str'>

                        nome: Sigmasat USA Inc <class 'str'>

                        cod: None <class 'NoneType'>
2024-04-12 14:21:38,239; INFO; main.process.111: Tratado em execução anterior do BOT
2024-04-12 14:21:38,240; INFO; main.process.64: extrato_list_nao_tratado processo 15
2024-04-12 14:21:38,240; INFO; main.process.68: PASSANDO PARA PROXIMO PROCESSO
2024-04-12 14:21:38,240; INFO; main.process.71: PROCESSO 16 de 55 A SER TRATADO: {'data': '03-04-2024', 'pi': '3983606', 'inv': '136624', 'moeda': 'USD', 'montante': '-5960.00', 'saldo': '115173.41', 'nome': 'Sigmasat USA Inc', 'cod': None}
2024-04-12 14:21:38,241; INFO; main.process.82: inv original 136624. tamanho 6
2024-04-12 14:21:38,241; INFO; main.process.87: inv TRATADA 00013662401. tamanho 11
2024-04-12 14:21:38,241; INFO; main.process.99: data: 03042024 <class 'str'>

                        pi: 3983606 <class 'str'>

                        inv: 00013662401 <class 'str'>

                        moeda: USD <class 'str'>

                        montante: 5960,00 <class 'str'>

                        saldo: 115173.41 <class 'str'>

                        nome: Sigmasat USA Inc <class 'str'>

                        cod: None <class 'NoneType'>
2024-04-12 14:21:38,243; INFO; main.process.111: Tratado em execução anterior do BOT
2024-04-12 14:21:38,243; INFO; main.process.64: extrato_list_nao_tratado processo 16
2024-04-12 14:21:38,243; INFO; main.process.68: PASSANDO PARA PROXIMO PROCESSO
2024-04-12 14:21:38,243; INFO; main.process.71: PROCESSO 17 de 55 A SER TRATADO: {'data': '03-04-2024', 'pi': '3983602', 'inv': '136524', 'moeda': 'USD', 'montante': '-5960.00', 'saldo': '121133.41', 'nome': 'Sigmasat USA Inc', 'cod': None}
2024-04-12 14:21:38,244; INFO; main.process.82: inv original 136524. tamanho 6
2024-04-12 14:21:38,244; INFO; main.process.87: inv TRATADA 00013652401. tamanho 11
2024-04-12 14:21:38,244; INFO; main.process.99: data: 03042024 <class 'str'>

                        pi: 3983602 <class 'str'>

                        inv: 00013652401 <class 'str'>

                        moeda: USD <class 'str'>

                        montante: 5960,00 <class 'str'>

                        saldo: 121133.41 <class 'str'>

                        nome: Sigmasat USA Inc <class 'str'>

                        cod: None <class 'NoneType'>
2024-04-12 14:21:38,246; INFO; main.process.111: Tratado em execução anterior do BOT
2024-04-12 14:21:38,246; INFO; main.process.64: extrato_list_nao_tratado processo 17
2024-04-12 14:21:38,247; INFO; main.process.68: PASSANDO PARA PROXIMO PROCESSO
2024-04-12 14:21:38,247; INFO; main.process.71: PROCESSO 18 de 55 A SER TRATADO: {'data': '03-04-2024', 'pi': '3983600', 'inv': '136324', 'moeda': 'USD', 'montante': '-43520.00', 'saldo': '127093.41', 'nome': 'Sigmasat USA Inc', 'cod': None}
2024-04-12 14:21:38,247; INFO; main.process.82: inv original 136324. tamanho 6
2024-04-12 14:21:38,247; INFO; main.process.87: inv TRATADA 00013632401. tamanho 11
2024-04-12 14:21:38,248; INFO; main.process.99: data: 03042024 <class 'str'>

                        pi: 3983600 <class 'str'>

                        inv: 00013632401 <class 'str'>

                        moeda: USD <class 'str'>

                        montante: 43520,00 <class 'str'>

                        saldo: 127093.41 <class 'str'>

                        nome: Sigmasat USA Inc <class 'str'>

                        cod: None <class 'NoneType'>
2024-04-12 14:21:38,249; INFO; main.process.111: Tratado em execução anterior do BOT
2024-04-12 14:21:38,250; INFO; main.process.64: extrato_list_nao_tratado processo 18
2024-04-12 14:21:38,250; INFO; main.process.68: PASSANDO PARA PROXIMO PROCESSO
2024-04-12 14:21:38,251; INFO; main.process.71: PROCESSO 19 de 55 A SER TRATADO: {'data': '03-04-2024', 'pi': '3983598', 'inv': '136424', 'moeda': 'USD', 'montante': '-5960.00', 'saldo': '170613.41', 'nome': 'Sigmasat USA Inc', 'cod': None}
2024-04-12 14:21:38,251; INFO; main.process.82: inv original 136424. tamanho 6
2024-04-12 14:21:38,252; INFO; main.process.87: inv TRATADA 00013642401. tamanho 11
2024-04-12 14:21:38,252; INFO; main.process.99: data: 03042024 <class 'str'>

                        pi: 3983598 <class 'str'>

                        inv: 00013642401 <class 'str'>

                        moeda: USD <class 'str'>

                        montante: 5960,00 <class 'str'>

                        saldo: 170613.41 <class 'str'>

                        nome: Sigmasat USA Inc <class 'str'>

                        cod: None <class 'NoneType'>
2024-04-12 14:21:38,254; INFO; main.process.111: Tratado em execução anterior do BOT
2024-04-12 14:21:38,254; INFO; main.process.64: extrato_list_nao_tratado processo 19
2024-04-12 14:21:38,256; INFO; main.process.68: PASSANDO PARA PROXIMO PROCESSO
2024-04-12 14:21:38,257; INFO; main.process.71: PROCESSO 20 de 55 A SER TRATADO: {'data': '03-04-2024', 'pi': '3983596', 'inv': '136224', 'moeda': 'USD', 'montante': '-43520.00', 'saldo': '176573.41', 'nome': 'Sigmasat USA Inc', 'cod': None}
2024-04-12 14:21:38,257; INFO; main.process.82: inv original 136224. tamanho 6
2024-04-12 14:21:38,257; INFO; main.process.87: inv TRATADA 00013622401. tamanho 11
2024-04-12 14:21:38,258; INFO; main.process.99: data: 03042024 <class 'str'>

                        pi: 3983596 <class 'str'>

                        inv: 00013622401 <class 'str'>

                        moeda: USD <class 'str'>

                        montante: 43520,00 <class 'str'>

                        saldo: 176573.41 <class 'str'>

                        nome: Sigmasat USA Inc <class 'str'>

                        cod: None <class 'NoneType'>
2024-04-12 14:21:38,260; INFO; main.process.111: Tratado em execução anterior do BOT
2024-04-12 14:21:38,260; INFO; main.process.64: extrato_list_nao_tratado processo 20
2024-04-12 14:21:38,261; INFO; main.process.68: PASSANDO PARA PROXIMO PROCESSO
2024-04-12 14:21:38,261; INFO; main.process.71: PROCESSO 21 de 55 A SER TRATADO: {'data': '03-04-2024', 'pi': '3983595', 'inv': '137324', 'moeda': 'USD', 'montante': '-5960.00', 'saldo': '220093.41', 'nome': 'Sigmasat USA Inc', 'cod': None}
2024-04-12 14:21:38,261; INFO; main.process.82: inv original 137324. tamanho 6
2024-04-12 14:21:38,262; INFO; main.process.87: inv TRATADA 00013732401. tamanho 11
2024-04-12 14:21:38,262; INFO; main.process.99: data: 03042024 <class 'str'>

                        pi: 3983595 <class 'str'>

                        inv: 00013732401 <class 'str'>

                        moeda: USD <class 'str'>

                        montante: 5960,00 <class 'str'>

                        saldo: 220093.41 <class 'str'>

                        nome: Sigmasat USA Inc <class 'str'>

                        cod: None <class 'NoneType'>
2024-04-12 14:21:38,263; INFO; main.process.111: Tratado em execução anterior do BOT
2024-04-12 14:21:38,264; INFO; main.process.64: extrato_list_nao_tratado processo 21
2024-04-12 14:21:38,264; INFO; main.process.68: PASSANDO PARA PROXIMO PROCESSO
2024-04-12 14:21:38,264; INFO; main.process.71: PROCESSO 22 de 55 A SER TRATADO: {'data': '01-04-2024', 'pi': '3974527', 'inv': '1029039', 'moeda': 'NOK', 'montante': '-5870.00', 'saldo': '6147.67', 'nome': 'DIMO', 'cod': None}
2024-04-12 14:21:38,265; INFO; main.process.82: inv original 1029039. tamanho 7
2024-04-12 14:21:38,266; INFO; main.process.87: inv TRATADA 00102903901. tamanho 11
2024-04-12 14:21:38,266; INFO; main.process.99: data: 01042024 <class 'str'>

                        pi: 3974527 <class 'str'>

                        inv: 00102903901 <class 'str'>

                        moeda: NOK <class 'str'>

                        montante: 5870,00 <class 'str'>

                        saldo: 6147.67 <class 'str'>

                        nome: DIMO <class 'str'>

                        cod: None <class 'NoneType'>
2024-04-12 14:21:38,268; INFO; main.process.111: Tratado em execução anterior do BOT
2024-04-12 14:21:38,269; INFO; main.process.64: extrato_list_nao_tratado processo 22
2024-04-12 14:21:38,269; INFO; main.process.68: PASSANDO PARA PROXIMO PROCESSO
2024-04-12 14:21:38,270; INFO; main.process.71: PROCESSO 23 de 55 A SER TRATADO: {'data': '01-04-2024', 'pi': '3974550', 'inv': '3748', 'moeda': 'USD', 'montante': '-7000.00', 'saldo': '299695.95', 'nome': 'ARGO COMMUNICATIONS', 'cod': None}
2024-04-12 14:21:38,270; INFO; main.process.82: inv original 3748. tamanho 4
2024-04-12 14:21:38,271; INFO; main.process.87: inv TRATADA 00000374801. tamanho 11
2024-04-12 14:21:38,271; INFO; main.process.99: data: 01042024 <class 'str'>

                        pi: 3974550 <class 'str'>

                        inv: 00000374801 <class 'str'>

                        moeda: USD <class 'str'>

                        montante: 7000,00 <class 'str'>

                        saldo: 299695.95 <class 'str'>

                        nome: ARGO COMMUNICATIONS <class 'str'>

                        cod: None <class 'NoneType'>
2024-04-12 14:21:38,273; INFO; main.process.111: Tratado em execução anterior do BOT
2024-04-12 14:21:38,273; INFO; main.process.64: extrato_list_nao_tratado processo 23
2024-04-12 14:21:38,273; INFO; main.process.68: PASSANDO PARA PROXIMO PROCESSO
2024-04-12 14:21:38,274; INFO; main.process.71: PROCESSO 24 de 55 A SER TRATADO: {'data': '01-04-2024', 'pi': '3974513', 'inv': '1000128', 'moeda': 'USD', 'montante': '-165.00', 'saldo': '384152.87', 'nome': 'PT. SNEPAC SHIPPING', 'cod': None}
2024-04-12 14:21:38,274; INFO; main.process.82: inv original 1000128. tamanho 7
2024-04-12 14:21:38,275; INFO; main.process.87: inv TRATADA 00100012801. tamanho 11
2024-04-12 14:21:38,275; INFO; main.process.99: data: 01042024 <class 'str'>

                        pi: 3974513 <class 'str'>

                        inv: 00100012801 <class 'str'>

                        moeda: USD <class 'str'>

                        montante: 165,00 <class 'str'>

                        saldo: 384152.87 <class 'str'>

                        nome: PT. SNEPAC SHIPPING <class 'str'>

                        cod: None <class 'NoneType'>
2024-04-12 14:21:38,276; INFO; main.process.64: extrato_list_nao_tratado processo 24
2024-04-12 14:21:38,277; INFO; main.process.68: PASSANDO PARA PROXIMO PROCESSO
2024-04-12 14:21:38,277; INFO; main.process.71: PROCESSO 25 de 55 A SER TRATADO: {'data': '01-04-2024', 'pi': '3974498', 'inv': '10014', 'moeda': 'USD', 'montante': '-12600.00', 'saldo': '384317.87', 'nome': 'PICOLO E ASSOCIADOS LTDA INC', 'cod': None}
2024-04-12 14:21:38,277; INFO; main.process.82: inv original 10014. tamanho 5
2024-04-12 14:21:38,278; INFO; main.process.87: inv TRATADA 00001001401. tamanho 11
2024-04-12 14:21:38,278; INFO; main.process.99: data: 01042024 <class 'str'>

                        pi: 3974498 <class 'str'>

                        inv: 00001001401 <class 'str'>

                        moeda: USD <class 'str'>

                        montante: 12600,00 <class 'str'>

                        saldo: 384317.87 <class 'str'>

                        nome: PICOLO E ASSOCIADOS LTDA INC <class 'str'>

                        cod: None <class 'NoneType'>
2024-04-12 14:21:38,279; INFO; main.process.64: extrato_list_nao_tratado processo 25
2024-04-12 14:21:38,280; INFO; main.process.68: PASSANDO PARA PROXIMO PROCESSO
2024-04-12 14:21:38,281; INFO; main.process.71: PROCESSO 26 de 55 A SER TRATADO: {'data': '01-04-2024', 'pi': '3974497', 'inv': '9991', 'moeda': 'USD', 'montante': '-3246.00', 'saldo': '396917.87', 'nome': 'PICOLO E ASSOCIADOS LTDA INC', 'cod': None}
2024-04-12 14:21:38,281; INFO; main.process.82: inv original 9991. tamanho 4
2024-04-12 14:21:38,282; INFO; main.process.87: inv TRATADA 00000999101. tamanho 11
2024-04-12 14:21:38,282; INFO; main.process.99: data: 01042024 <class 'str'>

                        pi: 3974497 <class 'str'>

                        inv: 00000999101 <class 'str'>

                        moeda: USD <class 'str'>

                        montante: 3246,00 <class 'str'>

                        saldo: 396917.87 <class 'str'>

                        nome: PICOLO E ASSOCIADOS LTDA INC <class 'str'>

                        cod: None <class 'NoneType'>
2024-04-12 14:21:38,284; INFO; main.process.64: extrato_list_nao_tratado processo 26
2024-04-12 14:21:38,285; INFO; main.process.68: PASSANDO PARA PROXIMO PROCESSO
2024-04-12 14:21:38,285; INFO; main.process.71: PROCESSO 27 de 55 A SER TRATADO: {'data': '01-04-2024', 'pi': '3974407', 'inv': '3748', 'moeda': 'USD', 'montante': '-7000.00', 'saldo': '393163.87', 'nome': 'ARGO COMMUNICATIONS', 'cod': None}
2024-04-12 14:21:38,286; INFO; main.process.82: inv original 3748. tamanho 4
2024-04-12 14:21:38,286; INFO; main.process.87: inv TRATADA 00000374801. tamanho 11
2024-04-12 14:21:38,286; INFO; main.process.99: data: 01042024 <class 'str'>

                        pi: 3974407 <class 'str'>

                        inv: 00000374801 <class 'str'>

                        moeda: USD <class 'str'>

                        montante: 7000,00 <class 'str'>

                        saldo: 393163.87 <class 'str'>

                        nome: ARGO COMMUNICATIONS <class 'str'>

                        cod: None <class 'NoneType'>
2024-04-12 14:21:38,287; INFO; main.process.64: extrato_list_nao_tratado processo 27
2024-04-12 14:21:38,288; INFO; main.process.68: PASSANDO PARA PROXIMO PROCESSO
2024-04-12 14:21:38,288; INFO; main.process.71: PROCESSO 28 de 55 A SER TRATADO: {'data': '03-04-2024', 'pi': '3983616', 'inv': '137224', 'moeda': 'USD', 'montante': '-1050.00', 'saldo': '104894.41', 'nome': 'Sigmasat USA Inc', 'cod': None}
2024-04-12 14:21:38,288; INFO; main.process.82: inv original 137224. tamanho 6
2024-04-12 14:21:38,289; INFO; main.process.87: inv TRATADA 00013722401. tamanho 11
2024-04-12 14:21:38,289; INFO; main.process.99: data: 03042024 <class 'str'>

                        pi: 3983616 <class 'str'>

                        inv: 00013722401 <class 'str'>

                        moeda: USD <class 'str'>

                        montante: 1050,00 <class 'str'>

                        saldo: 104894.41 <class 'str'>

                        nome: Sigmasat USA Inc <class 'str'>

                        cod: None <class 'NoneType'>
2024-04-12 14:21:38,291; INFO; main.process.111: Tratado em execução anterior do BOT
2024-04-12 14:21:38,291; INFO; main.process.64: extrato_list_nao_tratado processo 28
2024-04-12 14:21:38,292; INFO; main.process.68: PASSANDO PARA PROXIMO PROCESSO
2024-04-12 14:21:38,292; INFO; main.process.71: PROCESSO 29 de 55 A SER TRATADO: {'data': '03-04-2024', 'pi': '3983615', 'inv': '137124', 'moeda': 'USD', 'montante': '-2324.00', 'saldo': '105944.41', 'nome': 'Sigmasat USA Inc', 'cod': None}
2024-04-12 14:21:38,293; INFO; main.process.82: inv original 137124. tamanho 6
2024-04-12 14:21:38,293; INFO; main.process.87: inv TRATADA 00013712401. tamanho 11
2024-04-12 14:21:38,293; INFO; main.process.99: data: 03042024 <class 'str'>

                        pi: 3983615 <class 'str'>

                        inv: 00013712401 <class 'str'>

                        moeda: USD <class 'str'>

                        montante: 2324,00 <class 'str'>

                        saldo: 105944.41 <class 'str'>

                        nome: Sigmasat USA Inc <class 'str'>

                        cod: None <class 'NoneType'>
2024-04-12 14:21:38,295; INFO; main.process.111: Tratado em execução anterior do BOT
2024-04-12 14:21:38,296; INFO; main.process.64: extrato_list_nao_tratado processo 29
2024-04-12 14:21:38,297; INFO; main.process.68: PASSANDO PARA PROXIMO PROCESSO
2024-04-12 14:21:38,297; INFO; main.process.71: PROCESSO 30 de 55 A SER TRATADO: {'data': '03-04-2024', 'pi': '3983613', 'inv': '137024', 'moeda': 'USD', 'montante': '-315.00', 'saldo': '108268.41', 'nome': 'Sigmasat USA Inc', 'cod': None}
2024-04-12 14:21:38,297; INFO; main.process.82: inv original 137024. tamanho 6
2024-04-12 14:21:38,298; INFO; main.process.87: inv TRATADA 00013702401. tamanho 11
2024-04-12 14:21:38,298; INFO; main.process.99: data: 03042024 <class 'str'>

                        pi: 3983613 <class 'str'>

                        inv: 00013702401 <class 'str'>

                        moeda: USD <class 'str'>

                        montante: 315,00 <class 'str'>

                        saldo: 108268.41 <class 'str'>

                        nome: Sigmasat USA Inc <class 'str'>

                        cod: None <class 'NoneType'>
2024-04-12 14:21:38,300; INFO; main.process.111: Tratado em execução anterior do BOT
2024-04-12 14:21:38,300; INFO; main.process.64: extrato_list_nao_tratado processo 30
2024-04-12 14:21:38,301; INFO; main.process.68: PASSANDO PARA PROXIMO PROCESSO
2024-04-12 14:21:38,301; INFO; main.process.71: PROCESSO 31 de 55 A SER TRATADO: {'data': '03-04-2024', 'pi': '3983612', 'inv': '136924', 'moeda': 'USD', 'montante': '-315.00', 'saldo': '108583.41', 'nome': 'Sigmasat USA Inc', 'cod': None}
2024-04-12 14:21:38,302; INFO; main.process.82: inv original 136924. tamanho 6
2024-04-12 14:21:38,305; INFO; main.process.87: inv TRATADA 00013692401. tamanho 11
2024-04-12 14:21:38,305; INFO; main.process.99: data: 03042024 <class 'str'>

                        pi: 3983612 <class 'str'>

                        inv: 00013692401 <class 'str'>

                        moeda: USD <class 'str'>

                        montante: 315,00 <class 'str'>

                        saldo: 108583.41 <class 'str'>

                        nome: Sigmasat USA Inc <class 'str'>

                        cod: None <class 'NoneType'>
2024-04-12 14:21:38,307; INFO; main.process.111: Tratado em execução anterior do BOT
2024-04-12 14:21:38,307; INFO; main.process.64: extrato_list_nao_tratado processo 31
2024-04-12 14:21:38,308; INFO; main.process.68: PASSANDO PARA PROXIMO PROCESSO
2024-04-12 14:21:38,308; INFO; main.process.71: PROCESSO 32 de 55 A SER TRATADO: {'data': '03-04-2024', 'pi': '3983610', 'inv': '136724', 'moeda': 'USD', 'montante': '-5960.00', 'saldo': '108898.41', 'nome': 'Sigmasat USA Inc', 'cod': None}
2024-04-12 14:21:38,308; INFO; main.process.82: inv original 136724. tamanho 6
2024-04-12 14:21:38,309; INFO; main.process.87: inv TRATADA 00013672401. tamanho 11
2024-04-12 14:21:38,309; INFO; main.process.99: data: 03042024 <class 'str'>

                        pi: 3983610 <class 'str'>

                        inv: 00013672401 <class 'str'>

                        moeda: USD <class 'str'>

                        montante: 5960,00 <class 'str'>

                        saldo: 108898.41 <class 'str'>

                        nome: Sigmasat USA Inc <class 'str'>

                        cod: None <class 'NoneType'>
2024-04-12 14:21:38,311; INFO; main.process.111: Tratado em execução anterior do BOT
2024-04-12 14:21:38,311; INFO; main.process.64: extrato_list_nao_tratado processo 32
2024-04-12 14:21:38,312; INFO; main.process.68: PASSANDO PARA PROXIMO PROCESSO
2024-04-12 14:21:38,312; INFO; main.process.71: PROCESSO 33 de 55 A SER TRATADO: {'data': '03-04-2024', 'pi': '3983608', 'inv': '136824', 'moeda': 'USD', 'montante': '-315.00', 'saldo': '114858.41', 'nome': 'Sigmasat USA Inc', 'cod': None}
2024-04-12 14:21:38,312; INFO; main.process.82: inv original 136824. tamanho 6
2024-04-12 14:21:38,313; INFO; main.process.87: inv TRATADA 00013682401. tamanho 11
2024-04-12 14:21:38,313; INFO; main.process.99: data: 03042024 <class 'str'>

                        pi: 3983608 <class 'str'>

                        inv: 00013682401 <class 'str'>

                        moeda: USD <class 'str'>

                        montante: 315,00 <class 'str'>

                        saldo: 114858.41 <class 'str'>

                        nome: Sigmasat USA Inc <class 'str'>

                        cod: None <class 'NoneType'>
2024-04-12 14:21:38,315; INFO; main.process.111: Tratado em execução anterior do BOT
2024-04-12 14:21:38,315; INFO; main.process.64: extrato_list_nao_tratado processo 33
2024-04-12 14:21:38,316; INFO; main.process.68: PASSANDO PARA PROXIMO PROCESSO
2024-04-12 14:21:38,316; INFO; main.process.71: PROCESSO 34 de 55 A SER TRATADO: {'data': '03-04-2024', 'pi': '3983606', 'inv': '136624', 'moeda': 'USD', 'montante': '-5960.00', 'saldo': '115173.41', 'nome': 'Sigmasat USA Inc', 'cod': None}
2024-04-12 14:21:38,316; INFO; main.process.82: inv original 136624. tamanho 6
2024-04-12 14:21:38,317; INFO; main.process.87: inv TRATADA 00013662401. tamanho 11
2024-04-12 14:21:38,317; INFO; main.process.99: data: 03042024 <class 'str'>

                        pi: 3983606 <class 'str'>

                        inv: 00013662401 <class 'str'>

                        moeda: USD <class 'str'>

                        montante: 5960,00 <class 'str'>

                        saldo: 115173.41 <class 'str'>

                        nome: Sigmasat USA Inc <class 'str'>

                        cod: None <class 'NoneType'>
2024-04-12 14:21:38,318; INFO; main.process.111: Tratado em execução anterior do BOT
2024-04-12 14:21:38,319; INFO; main.process.64: extrato_list_nao_tratado processo 34
2024-04-12 14:21:38,319; INFO; main.process.68: PASSANDO PARA PROXIMO PROCESSO
2024-04-12 14:21:38,320; INFO; main.process.71: PROCESSO 35 de 55 A SER TRATADO: {'data': '03-04-2024', 'pi': '3983602', 'inv': '136524', 'moeda': 'USD', 'montante': '-5960.00', 'saldo': '121133.41', 'nome': 'Sigmasat USA Inc', 'cod': None}
2024-04-12 14:21:38,320; INFO; main.process.82: inv original 136524. tamanho 6
2024-04-12 14:21:38,321; INFO; main.process.87: inv TRATADA 00013652401. tamanho 11
2024-04-12 14:21:38,321; INFO; main.process.99: data: 03042024 <class 'str'>

                        pi: 3983602 <class 'str'>

                        inv: 00013652401 <class 'str'>

                        moeda: USD <class 'str'>

                        montante: 5960,00 <class 'str'>

                        saldo: 121133.41 <class 'str'>

                        nome: Sigmasat USA Inc <class 'str'>

                        cod: None <class 'NoneType'>
2024-04-12 14:21:38,323; INFO; main.process.111: Tratado em execução anterior do BOT
2024-04-12 14:21:38,324; INFO; main.process.64: extrato_list_nao_tratado processo 35
2024-04-12 14:21:38,325; INFO; main.process.68: PASSANDO PARA PROXIMO PROCESSO
2024-04-12 14:21:38,326; INFO; main.process.71: PROCESSO 36 de 55 A SER TRATADO: {'data': '03-04-2024', 'pi': '3983600', 'inv': '136324', 'moeda': 'USD', 'montante': '-43520.00', 'saldo': '127093.41', 'nome': 'Sigmasat USA Inc', 'cod': None}
2024-04-12 14:21:38,326; INFO; main.process.82: inv original 136324. tamanho 6
2024-04-12 14:21:38,326; INFO; main.process.87: inv TRATADA 00013632401. tamanho 11
2024-04-12 14:21:38,327; INFO; main.process.99: data: 03042024 <class 'str'>

                        pi: 3983600 <class 'str'>

                        inv: 00013632401 <class 'str'>

                        moeda: USD <class 'str'>

                        montante: 43520,00 <class 'str'>

                        saldo: 127093.41 <class 'str'>

                        nome: Sigmasat USA Inc <class 'str'>

                        cod: None <class 'NoneType'>
2024-04-12 14:21:38,329; INFO; main.process.111: Tratado em execução anterior do BOT
2024-04-12 14:21:38,330; INFO; main.process.64: extrato_list_nao_tratado processo 36
2024-04-12 14:21:38,330; INFO; main.process.68: PASSANDO PARA PROXIMO PROCESSO
2024-04-12 14:21:38,331; INFO; main.process.71: PROCESSO 37 de 55 A SER TRATADO: {'data': '03-04-2024', 'pi': '3983598', 'inv': '136424', 'moeda': 'USD', 'montante': '-5960.00', 'saldo': '170613.41', 'nome': 'Sigmasat USA Inc', 'cod': None}
2024-04-12 14:21:38,331; INFO; main.process.82: inv original 136424. tamanho 6
2024-04-12 14:21:38,332; INFO; main.process.87: inv TRATADA 00013642401. tamanho 11
2024-04-12 14:21:38,332; INFO; main.process.99: data: 03042024 <class 'str'>

                        pi: 3983598 <class 'str'>

                        inv: 00013642401 <class 'str'>

                        moeda: USD <class 'str'>

                        montante: 5960,00 <class 'str'>

                        saldo: 170613.41 <class 'str'>

                        nome: Sigmasat USA Inc <class 'str'>

                        cod: None <class 'NoneType'>
2024-04-12 14:21:38,334; INFO; main.process.111: Tratado em execução anterior do BOT
2024-04-12 14:21:38,335; INFO; main.process.64: extrato_list_nao_tratado processo 37
2024-04-12 14:21:38,336; INFO; main.process.68: PASSANDO PARA PROXIMO PROCESSO
2024-04-12 14:21:38,337; INFO; main.process.71: PROCESSO 38 de 55 A SER TRATADO: {'data': '03-04-2024', 'pi': '3983596', 'inv': '136224', 'moeda': 'USD', 'montante': '-43520.00', 'saldo': '176573.41', 'nome': 'Sigmasat USA Inc', 'cod': None}
2024-04-12 14:21:38,338; INFO; main.process.82: inv original 136224. tamanho 6
2024-04-12 14:21:38,339; INFO; main.process.87: inv TRATADA 00013622401. tamanho 11
2024-04-12 14:21:38,340; INFO; main.process.99: data: 03042024 <class 'str'>

                        pi: 3983596 <class 'str'>

                        inv: 00013622401 <class 'str'>

                        moeda: USD <class 'str'>

                        montante: 43520,00 <class 'str'>

                        saldo: 176573.41 <class 'str'>

                        nome: Sigmasat USA Inc <class 'str'>

                        cod: None <class 'NoneType'>
2024-04-12 14:21:38,347; INFO; main.process.111: Tratado em execução anterior do BOT
2024-04-12 14:21:38,348; INFO; main.process.64: extrato_list_nao_tratado processo 38
2024-04-12 14:21:38,349; INFO; main.process.68: PASSANDO PARA PROXIMO PROCESSO
2024-04-12 14:21:38,349; INFO; main.process.71: PROCESSO 39 de 55 A SER TRATADO: {'data': '03-04-2024', 'pi': '3983595', 'inv': '137324', 'moeda': 'USD', 'montante': '-5960.00', 'saldo': '220093.41', 'nome': 'Sigmasat USA Inc', 'cod': None}
2024-04-12 14:21:38,351; INFO; main.process.82: inv original 137324. tamanho 6
2024-04-12 14:21:38,353; INFO; main.process.87: inv TRATADA 00013732401. tamanho 11
2024-04-12 14:21:38,353; INFO; main.process.99: data: 03042024 <class 'str'>

                        pi: 3983595 <class 'str'>

                        inv: 00013732401 <class 'str'>

                        moeda: USD <class 'str'>

                        montante: 5960,00 <class 'str'>

                        saldo: 220093.41 <class 'str'>

                        nome: Sigmasat USA Inc <class 'str'>

                        cod: None <class 'NoneType'>
2024-04-12 14:21:38,355; INFO; main.process.111: Tratado em execução anterior do BOT
2024-04-12 14:21:38,355; INFO; main.process.64: extrato_list_nao_tratado processo 39
2024-04-12 14:21:38,356; INFO; main.process.68: PASSANDO PARA PROXIMO PROCESSO
2024-04-12 14:21:38,356; INFO; main.process.71: PROCESSO 40 de 55 A SER TRATADO: {'data': '01-04-2024', 'pi': '3974550', 'inv': '3748', 'moeda': 'USD', 'montante': '-7000.00', 'saldo': '299695.95', 'nome': 'ARGO COMMUNICATIONS', 'cod': None}
2024-04-12 14:21:38,356; INFO; main.process.82: inv original 3748. tamanho 4
2024-04-12 14:21:38,357; INFO; main.process.87: inv TRATADA 00000374801. tamanho 11
2024-04-12 14:21:38,357; INFO; main.process.99: data: 01042024 <class 'str'>

                        pi: 3974550 <class 'str'>

                        inv: 00000374801 <class 'str'>

                        moeda: USD <class 'str'>

                        montante: 7000,00 <class 'str'>

                        saldo: 299695.95 <class 'str'>

                        nome: ARGO COMMUNICATIONS <class 'str'>

                        cod: None <class 'NoneType'>
2024-04-12 14:21:38,360; INFO; main.process.111: Tratado em execução anterior do BOT
2024-04-12 14:21:38,360; INFO; main.process.64: extrato_list_nao_tratado processo 40
2024-04-12 14:21:38,360; INFO; main.process.68: PASSANDO PARA PROXIMO PROCESSO
2024-04-12 14:21:38,361; INFO; main.process.71: PROCESSO 41 de 55 A SER TRATADO: {'data': '01-04-2024', 'pi': '3974525', 'inv': '1000128', 'moeda': 'USD', 'montante': '-77456.92', 'saldo': '306695.95', 'nome': 'SEABRIDGE MARINE ENGINEERING AND', 'cod': None}
2024-04-12 14:21:38,361; INFO; main.process.82: inv original 1000128. tamanho 7
2024-04-12 14:21:38,361; INFO; main.process.87: inv TRATADA 00100012801. tamanho 11
2024-04-12 14:21:38,361; INFO; main.process.99: data: 01042024 <class 'str'>

                        pi: 3974525 <class 'str'>

                        inv: 00100012801 <class 'str'>

                        moeda: USD <class 'str'>

                        montante: 77456,92 <class 'str'>

                        saldo: 306695.95 <class 'str'>

                        nome: SEABRIDGE MARINE ENGINEERING AND <class 'str'>

                        cod: None <class 'NoneType'>
2024-04-12 14:21:38,363; INFO; functions.filter_lancamento.196: filter_lancamento : 1
2024-04-12 14:21:48,547; INFO; functions.filter_lancamento.223: ESCREVE Número do documento NO FILTRO
2024-04-12 14:21:50,156; INFO; functions.filter_lancamento.228: CLICK - BOTÃO DE SELECAO DE FILTRO
2024-04-12 14:21:52,134; INFO; functions.filter_lancamento.253: VALOR DE 00100012801 FILTRO
2024-04-12 14:21:52,781; INFO; functions.filter_lancamento.258: CLICK - BOTÃO DE EXECUTAR O FILTRO
2024-04-12 14:21:57,906; INFO; functions.desmark_filter.315: CLICK CHECKBOX LANÇAMENTOS A RECEBER
2024-04-12 14:21:58,711; INFO; functions.desmark_filter.319: CLICK CHECKBOX LANÇAMENTOS BAIXADOS
2024-04-12 14:21:59,528; INFO; functions.desmark_filter.323: CLICK CHECKBOX LANÇAMENTOS CANCELADOS
2024-04-12 14:22:00,375; INFO; functions.desmark_filter.327: CLICK CHECKBOX LANÇAMENTOS FATURADOS
2024-04-12 14:22:01,281; INFO; functions.desmark_filter.331: ATUALIZA O FILTRO
2024-04-12 14:22:01,368; INFO; functions.waitForImage.936: FILTER CLEAN image found.
2024-04-12 14:22:01,470; INFO; functions.filter_clean.266: CLICA NO BOTÃO X DO LIMPA FILTRO - TENTATIVA 1
2024-04-12 14:22:13,609; INFO; functions.waitForImage.967: FILTER CLEAN image not found.
2024-04-12 14:22:13,609; INFO; functions.filter_clean.269: BOTÃO X DO LIMPA FILTRO NÃO ENCONTRADO - TENTATIVA 2
2024-04-12 14:22:23,609; INFO; functions.waitForImage.967: FILTER CLEAN image not found.
2024-04-12 14:22:23,609; INFO; functions.filter_clean.269: BOTÃO X DO LIMPA FILTRO NÃO ENCONTRADO - TENTATIVA 3
2024-04-12 14:22:24,440; INFO; functions.select_tipo_documento.276: NOME DA COLUNA: Tipo de Documento
2024-04-12 14:22:25,687; INFO; functions.select_tipo_documento.280: HOVER NOME DA COLUNA: Tipo de Documento
2024-04-12 14:22:27,279; INFO; functions.select_tipo_documento.292: CLICA NO FILTRO PERSONALIZAR
2024-04-12 14:22:28,187; INFO; functions.select_tipo_documento.296: CLICA PARA SELECIONAR OPÇÕES DO FILTRO
2024-04-12 14:22:35,219; INFO; functions.select_tipo_documento.308: CLICK BUTTON CONFIRMAR FILTRO
2024-04-12 14:22:35,219; INFO; functions.check_table_record.336: VERIFICANDO SE A TABELA ESTÁ VAZIA
2024-04-12 14:22:36,031; INFO; functions.check_table_record.340: VERIFICAdo
2024-04-12 14:22:36,810; INFO; functions.check_table_record.346: CTRL+G
2024-04-12 14:22:37,414; INFO; functions.check_table_record.350: ATENÇÃO: 

Este processo exige que seja selecionado ao menos um registro para sua execução.
Como não foi feita nenhuma seleção, você deseja executá-lo para TODOS os 1 registros?
2024-04-12 14:22:39,415; INFO; functions.check_table_record.364: NUMERO DE REGISTROS ENCONTRADOS: 1
2024-04-12 14:22:41,120; INFO; functions.check_table_record.370: CLICK NÃO
2024-04-12 14:22:43,109; INFO; functions.check_inv.468: MOVIDO PRA CIMA 1 VEZES
2024-04-12 14:22:44,038; INFO; functions.check_inv.475: PRIMEIRA CELULA CLICADA
