2024-04-12 14:26:57,262; INFO; parameters.<module>.103: Pasta local: \\Riofs\dados\Documentos Financeiro\Extratos bancarios\Ebury\2024\04 - Abril
2024-04-12 14:26:57,263; INFO; functions.getPid.1075: Dentro função GetPid

2024-04-12 14:26:57,502; INFO; functions.getPid.1085: Process RM.exe / PID: 14096 found.
2024-04-12 14:26:57,508; INFO; functions.pidKillFinish.1096: Process RM.exe / PID: 14096 killed.
2024-04-12 14:26:57,509; INFO; functions.bot_text_art.7:     ____   
2024-04-12 14:26:57,510; INFO; functions.bot_text_art.8:    [____]    
2024-04-12 14:26:57,522; INFO; functions.bot_text_art.9:  |=]()()[=|  
2024-04-12 14:26:57,523; INFO; functions.bot_text_art.10:    _\==/__    _____    ____     _        _____    ___   _  __
2024-04-12 14:26:57,529; INFO; functions.bot_text_art.11:  |__|   |_|  |  _  \  / ___|   | |      |_   _| / ___| | |/ /
2024-04-12 14:26:57,529; INFO; functions.bot_text_art.12:  |_|_/\_|_|  | |  | | | |      | |        | |   | |    | ' / 
2024-04-12 14:26:57,533; INFO; functions.bot_text_art.13:  | | __ | |  | |  | | | |      | |        | |   | |    |  <  
2024-04-12 14:26:57,535; INFO; functions.bot_text_art.14:  |_|[  ]|_|  | |__| | | |____  | |____   _| |_  | |__  | . \ 
2024-04-12 14:26:57,537; INFO; functions.bot_text_art.15:  \_|_||_|_/  |_____/   \_____| |______| |_____| \ ___| |_|\_\
2024-04-12 14:26:57,537; INFO; functions.bot_text_art.16:    |_||_|                                                     
2024-04-12 14:26:57,538; INFO; functions.bot_text_art.17:    | ||_|_   
2024-04-12 14:26:57,538; INFO; functions.bot_text_art.18:  |___||___|  
2024-04-12 14:26:57,539; INFO; functions.bot_text_art.19:              
2024-04-12 14:26:57,539; INFO; functions.headerExcel.1008: Criando EXCEL
2024-04-12 14:26:57,544; INFO; functions.headerExcel.1028: EXCEL iniciado
2024-04-12 14:26:57,557; INFO; main.process.15: TODOS ARQUIVOS NA PASTA ['\\\\Riofs\\dados\\Documentos Financeiro\\Extratos bancarios\\Ebury\\2024\\04 - Abril\\Ebury - Parcial até 08-04.pdf'].
2024-04-12 14:26:57,558; INFO; main.process.23: SERÃO TRATADOS 1 ARQUIVOS.
2024-04-12 14:26:57,559; INFO; main.process.24: ARQUIVOS: ['\\\\Riofs\\dados\\Documentos Financeiro\\Extratos bancarios\\Ebury\\2024\\04 - Abril\\Ebury - Parcial até 08-04.pdf']
2024-04-12 14:26:57,560; INFO; main.process.33: INICIO DO PROCESSAMENTO DO ARQUIVO 1: \\Riofs\dados\Documentos Financeiro\Extratos bancarios\Ebury\2024\04 - Abril\Ebury - Parcial até 08-04.pdf
2024-04-12 14:26:57,737; INFO; functions.informacoes_extraidas.646: texto: Oceanica Netherlands B.V.
Mr. Andre Ponce de Leon Arruda
Apollolaan 151
Extracto de Conta
Período do extrato: 01-04-2024 00:00 - 30-04-2024 23:59
Registo de instrução: 08-04-2024 17:56
Moeda: Todos
Resumo
Conta de Moeda
Saldo Inicial Fundos recebidos A sair Saldo final
Estrangeira
USD 400163.87 399503.19 -749595.76 50071.30
NOK 12017.67 166155.00 -172025.00 6147.67
MXN 0.00 0.00 0.00 0.00
GBP 2440.12 3000.00 -4863.34 576.78
SGD 0.00 33717.00 -33717.00 0.00
EUR 12900.09 441360.00 -444801.45 9458.64
Obrigado por escolher Ebury.
Se tiver alguma dúvida entre em contato com o seu gestor de conta através do +31 (0) 20 795 6690.
Página 1 de 12
2024-04-12 14:26:57,821; INFO; functions.informacoes_extraidas.646: texto: Movimentos: Todas as moedas
Registo de
Descrição Montante Saldo
operação
Pagamento devolvido PI3993937 Bertling logistics Aberdeen Limited
08-04-2024
Payment for identifiable services - Oceanica Netherlands B.V. EUR 8360.00 EUR 9458.64
13:27
PI3993937 1131-24
Pagamento PI3993937 Bertling logistics Aberdeen Limited
08-04-2024
Payment for identifiable services - Oceanica Netherlands B.V. EUR -8360.00 EUR 1098.64
09:41
PI3993937 1131-24
08-04-2024 Comprado EUR EBPOTR3376301
EUR 3000.00 EUR 9458.64
09:38 EURUSD1.099408Compra/venda de moeda
08-04-2024 Vendido USD EBPOTR3376301
USD -3298.22 USD 50071.30
09:38 EURUSD1.099408Compra/venda de moeda
Pagamento PI3991205 Kongsberg Maritime AS
07-04-2024
Payment for identifiable services - Oceanica Netherlands B.V. NOK -166155.00 NOK 6147.67
20:24
PI3991205 10167246
07-04-2024 Comprado NOK EBPOTR3374322
NOK 166155.00 NOK 172302.67
20:24 USDNOK10.566872Compra/Venda de moeda
Pagamento PI3991194 ISLE OF MAN - GOVERNMENT
07-04-2024
Payment for identifiable services - Oceanica Netherlands B.V. GBP -3293.34 GBP 576.78
20:23
PI3991194 477026
07-04-2024 Comprado GBP EBPOTR3374299
GBP 3000.00 GBP 3870.12
20:23 GBPUSD1.280124Compra/Venda de moeda
07-04-2024 Vendido USD EBPOTR3374322
USD -15724.14 USD 53369.52
20:04 USDNOK10.566872Compra/Venda de moeda
07-04-2024 Vendido USD EBPOTR3374299
USD -3840.37 USD 69093.66
20:04 GBPUSD1.280124Compra/Venda de moeda
Pagamento PI3991105 Loyens and Loeff N.V
07-04-2024
Payment for identifiable services - Oceanica Netherlands B.V. EUR -7695.60 EUR 6458.64
20:03
PI3991105 1622766
Pagamento PI3991191 ISLE OF MAN - GOVERNMENT
07-04-2024
Payment for identifiable services - Oceanica Netherlands B.V. GBP -650.00 GBP 870.12
20:03
PI3991191 476414
Pagamento PI3991188 ISLE OF MAN - GOVERNMENT
07-04-2024
Payment for identifiable services - Oceanica Netherlands B.V. GBP -650.00 GBP 1520.12
20:03
PI3991188 476415
Obrigado por escolher Ebury.
Se tiver alguma dúvida entre em contato com o seu gestor de conta através do +31 (0) 20 795 6690.
Página 2 de 12
2024-04-12 14:26:57,910; INFO; functions.informacoes_extraidas.646: texto: Pagamento PI3991184 ISLE OF MAN - GOVERNMENT
07-04-2024
Payment for identifiable services - Oceanica Netherlands B.V. GBP -270.00 GBP 2170.12
20:03
PI3991184 476446
Pagamento PI3988296 Flushing Shipping Agencies
04-04-2024
Payment for identifiable services - Oceanica Netherlands B.V. EUR -28538.35 EUR 14154.24
20:23
PI3988296 PK2224000061
04-04-2024 Comprado EUR EBPOTR3372347
EUR 29000.00 EUR 42692.59
20:23 EURUSD1.102082Compra/Venda de moeda
04-04-2024 Vendido USD EBPOTR3372347
USD -31960.38 USD 72934.03
20:04 EURUSD1.102082Compra/Venda de moeda
Pagamento PI3983592 Holland Accommodation Rentals VOF
03-04-2024
Payment for identifiable services - Oceanica Netherlands B.V. EUR -400207.50 EUR 13692.59
20:23
PI3983592 241450004 - 90perc. restantes
03-04-2024 Comprado EUR EBPOTR3369777
EUR 401000.00 EUR 413900.09
20:23 EURUSD1.099358Compra/Venda de moeda
Pagamento PI3983616 Sigmasat USA Inc
03-04-2024
Payment for identifiable services - Oceanica Netherlands B.V. USD -1050.00 USD 104894.41
20:03
PI3983616 137224
Pagamento PI3983615 Sigmasat USA Inc
03-04-2024
Payment for identifiable services - Oceanica Netherlands B.V. USD -2324.00 USD 105944.41
20:03
PI3983615 137124
Pagamento PI3983613 Sigmasat USA Inc
03-04-2024
Payment for identifiable services - Oceanica Netherlands B.V. USD -315.00 USD 108268.41
20:03
PI3983613 137024
Pagamento PI3983612 Sigmasat USA Inc
03-04-2024
Payment for identifiable services - Oceanica Netherlands B.V. USD -315.00 USD 108583.41
20:03
PI3983612 136924
Pagamento PI3983610 Sigmasat USA Inc
03-04-2024
Payment for identifiable services - Oceanica Netherlands B.V. USD -5960.00 USD 108898.41
20:03
PI3983610 136724
Pagamento PI3983608 Sigmasat USA Inc
03-04-2024
Payment for identifiable services - Oceanica Netherlands B.V. USD -315.00 USD 114858.41
20:03
PI3983608 136824
Pagamento PI3983606 Sigmasat USA Inc
03-04-2024
Payment for identifiable services - Oceanica Netherlands B.V. USD -5960.00 USD 115173.41
20:03
PI3983606 136624
Obrigado por escolher Ebury.
Se tiver alguma dúvida entre em contato com o seu gestor de conta através do +31 (0) 20 795 6690.
Página 3 de 12
2024-04-12 14:26:57,998; INFO; functions.informacoes_extraidas.646: texto: Pagamento PI3983602 Sigmasat USA Inc
03-04-2024
Payment for identifiable services - Oceanica Netherlands B.V. USD -5960.00 USD 121133.41
20:03
PI3983602 136524
Pagamento PI3983600 Sigmasat USA Inc
03-04-2024
Payment for identifiable services - Oceanica Netherlands B.V. USD -43520.00 USD 127093.41
20:03
PI3983600 136324
Pagamento PI3983598 Sigmasat USA Inc
03-04-2024
Payment for identifiable services - Oceanica Netherlands B.V. USD -5960.00 USD 170613.41
20:03
PI3983598 136424
Pagamento PI3983596 Sigmasat USA Inc
03-04-2024
Payment for identifiable services - Oceanica Netherlands B.V. USD -43520.00 USD 176573.41
20:03
PI3983596 136224
Pagamento PI3983595 Sigmasat USA Inc
03-04-2024
Payment for identifiable services - Oceanica Netherlands B.V. USD -5960.00 USD 220093.41
20:03
PI3983595 137324
03-04-2024 Vendido USD EBPOTR3369777
USD -440842.56 USD 226053.41
20:03 EURUSD1.099358Compra/Venda de moeda
Fundos OCEANICA ENGENHARIA E CONSULTO
03-04-2024
BR6960701190032120000026755C1 - - NL66EBUR2845860862 - USD 392503.19 USD 666895.97
13:18
2024040300418807
Pagamento PI3974692 PT. LABROY SHIPBUILDING ENGINEERING
01-04-2024
Payment for identifiable services - Oceanica Netherlands B.V. SGD -33717.00 SGD 0.00
20:23
PI3974692 3005
01-04-2024 Comprado SGD EBPOTR3364284
SGD 33717.00 SGD 33717.00
20:23 USDSGD1.332521Compra/Venda de moeda
01-04-2024 Vendido USD EBPOTR3364284
USD -25303.17 USD 274392.78
20:08 USDSGD1.332521Compra/Venda de moeda
Pagamento PI3974527 DIMO
01-04-2024
Payment for identifiable services - Oceanica Netherlands B.V. NOK -5870.00 NOK 6147.67
20:05
PI3974527 1029039
Pagamento PI3974550 ARGO COMMUNICATIONS
01-04-2024
Payment for identifiable services - Oceanica Netherlands B.V. USD -7000.00 USD 299695.95
11:19
PI3974550 3748
Pagamento PI3974525 SEABRIDGE MARINE ENGINEERING AND
01-04-2024 EQUIPMENT (SHANGHAI) LTD
USD -77456.92 USD 306695.95
10:52 Payment for identifiable services - Oceanica Netherlands B.V.
PI3974525 SMEE2024032801
Obrigado por escolher Ebury.
Se tiver alguma dúvida entre em contato com o seu gestor de conta através do +31 (0) 20 795 6690.
Página 4 de 12
2024-04-12 14:26:58,042; INFO; functions.informacoes_extraidas.646: texto: Pagamento PI3974513 PT. SNEPAC SHIPPING
01-04-2024
Payment for identifiable services - Oceanica Netherlands B.V. USD -165.00 USD 384152.87
10:44
PI3974513 1000128
Pagamento PI3974498 PICOLO E ASSOCIADOS LTDA INC
01-04-2024
Payment for identifiable services - Oceanica Netherlands B.V. USD -12600.00 USD 384317.87
10:27
PI3974498 10014
Pagamento PI3974497 PICOLO E ASSOCIADOS LTDA INC
01-04-2024
Payment for identifiable services - Oceanica Netherlands B.V. USD -3246.00 USD 396917.87
10:26
PI3974497 9991
Pagamento devolvido PI3974407 ARGO COMMUNICATIONS
01-04-2024
Payment for identifiable services - Oceanica Netherlands B.V. USD 7000.00 USD 400163.87
09:34
PI3974407 3748
Pagamento PI3974407 ARGO COMMUNICATIONS
01-04-2024
Payment for identifiable services - Oceanica Netherlands B.V. USD -7000.00 USD 393163.87
09:11
PI3974407 3748
Obrigado por escolher Ebury.
Se tiver alguma dúvida entre em contato com o seu gestor de conta através do +31 (0) 20 795 6690.
Página 5 de 12
2024-04-12 14:26:58,121; INFO; functions.informacoes_extraidas.646: texto: Movimentos: USD Conta
Registo de
Descrição Montante Saldo
operação
08-04-2024 Vendido USD EBPOTR3376301
USD -3298.22 USD 50071.30
09:38 EURUSD1.099408Compra/venda de moeda
07-04-2024 Vendido USD EBPOTR3374322
USD -15724.14 USD 53369.52
20:04 USDNOK10.566872Compra/Venda de moeda
07-04-2024 Vendido USD EBPOTR3374299
USD -3840.37 USD 69093.66
20:04 GBPUSD1.280124Compra/Venda de moeda
04-04-2024 Vendido USD EBPOTR3372347
USD -31960.38 USD 72934.03
20:04 EURUSD1.102082Compra/Venda de moeda
Pagamento PI3983616 Sigmasat USA Inc
03-04-2024
Payment for identifiable services - Oceanica Netherlands B.V. USD -1050.00 USD 104894.41
20:03
PI3983616 137224
Pagamento PI3983615 Sigmasat USA Inc
03-04-2024
Payment for identifiable services - Oceanica Netherlands B.V. USD -2324.00 USD 105944.41
20:03
PI3983615 137124
Pagamento PI3983613 Sigmasat USA Inc
03-04-2024
Payment for identifiable services - Oceanica Netherlands B.V. USD -315.00 USD 108268.41
20:03
PI3983613 137024
Pagamento PI3983612 Sigmasat USA Inc
03-04-2024
Payment for identifiable services - Oceanica Netherlands B.V. USD -315.00 USD 108583.41
20:03
PI3983612 136924
Pagamento PI3983610 Sigmasat USA Inc
03-04-2024
Payment for identifiable services - Oceanica Netherlands B.V. USD -5960.00 USD 108898.41
20:03
PI3983610 136724
Pagamento PI3983608 Sigmasat USA Inc
03-04-2024
Payment for identifiable services - Oceanica Netherlands B.V. USD -315.00 USD 114858.41
20:03
PI3983608 136824
Pagamento PI3983606 Sigmasat USA Inc
03-04-2024
Payment for identifiable services - Oceanica Netherlands B.V. USD -5960.00 USD 115173.41
20:03
PI3983606 136624
Pagamento PI3983602 Sigmasat USA Inc
03-04-2024
Payment for identifiable services - Oceanica Netherlands B.V. USD -5960.00 USD 121133.41
20:03
PI3983602 136524
Obrigado por escolher Ebury.
Se tiver alguma dúvida entre em contato com o seu gestor de conta através do +31 (0) 20 795 6690.
Página 6 de 12
2024-04-12 14:26:58,244; INFO; functions.informacoes_extraidas.646: texto: Pagamento PI3983600 Sigmasat USA Inc
03-04-2024
Payment for identifiable services - Oceanica Netherlands B.V. USD -43520.00 USD 127093.41
20:03
PI3983600 136324
Pagamento PI3983598 Sigmasat USA Inc
03-04-2024
Payment for identifiable services - Oceanica Netherlands B.V. USD -5960.00 USD 170613.41
20:03
PI3983598 136424
Pagamento PI3983596 Sigmasat USA Inc
03-04-2024
Payment for identifiable services - Oceanica Netherlands B.V. USD -43520.00 USD 176573.41
20:03
PI3983596 136224
Pagamento PI3983595 Sigmasat USA Inc
03-04-2024
Payment for identifiable services - Oceanica Netherlands B.V. USD -5960.00 USD 220093.41
20:03
PI3983595 137324
03-04-2024 Vendido USD EBPOTR3369777
USD -440842.56 USD 226053.41
20:03 EURUSD1.099358Compra/Venda de moeda
Fundos OCEANICA ENGENHARIA E CONSULTO
03-04-2024
BR6960701190032120000026755C1 - - NL66EBUR2845860862 - USD 392503.19 USD 666895.97
13:18
2024040300418807
01-04-2024 Vendido USD EBPOTR3364284
USD -25303.17 USD 274392.78
20:08 USDSGD1.332521Compra/Venda de moeda
Pagamento PI3974550 ARGO COMMUNICATIONS
01-04-2024
Payment for identifiable services - Oceanica Netherlands B.V. USD -7000.00 USD 299695.95
11:19
PI3974550 3748
Pagamento PI3974525 SEABRIDGE MARINE ENGINEERING AND
01-04-2024 EQUIPMENT (SHANGHAI) LTD
USD -77456.92 USD 306695.95
10:52 Payment for identifiable services - Oceanica Netherlands B.V.
PI3974525 SMEE2024032801
Pagamento PI3974513 PT. SNEPAC SHIPPING
01-04-2024
Payment for identifiable services - Oceanica Netherlands B.V. USD -165.00 USD 384152.87
10:44
PI3974513 1000128
Pagamento PI3974498 PICOLO E ASSOCIADOS LTDA INC
01-04-2024
Payment for identifiable services - Oceanica Netherlands B.V. USD -12600.00 USD 384317.87
10:27
PI3974498 10014
Pagamento PI3974497 PICOLO E ASSOCIADOS LTDA INC
01-04-2024
Payment for identifiable services - Oceanica Netherlands B.V. USD -3246.00 USD 396917.87
10:26
PI3974497 9991
Pagamento devolvido PI3974407 ARGO COMMUNICATIONS
01-04-2024
Payment for identifiable services - Oceanica Netherlands B.V. USD 7000.00 USD 400163.87
09:34
PI3974407 3748
Obrigado por escolher Ebury.
Se tiver alguma dúvida entre em contato com o seu gestor de conta através do +31 (0) 20 795 6690.
Página 7 de 12
2024-04-12 14:26:58,265; INFO; functions.informacoes_extraidas.646: texto: Pagamento PI3974407 ARGO COMMUNICATIONS
01-04-2024
Payment for identifiable services - Oceanica Netherlands B.V. USD -7000.00 USD 393163.87
09:11
PI3974407 3748
Obrigado por escolher Ebury.
Se tiver alguma dúvida entre em contato com o seu gestor de conta através do +31 (0) 20 795 6690.
Página 8 de 12
2024-04-12 14:26:58,294; INFO; functions.informacoes_extraidas.646: texto: Movimentos: NOK Conta
Registo de
Descrição Montante Saldo
operação
Pagamento PI3991205 Kongsberg Maritime AS
07-04-2024
Payment for identifiable services - Oceanica Netherlands B.V. NOK -166155.00 NOK 6147.67
20:24
PI3991205 10167246
07-04-2024 Comprado NOK EBPOTR3374322
NOK 166155.00 NOK 172302.67
20:24 USDNOK10.566872Compra/Venda de moeda
Pagamento PI3974527 DIMO
01-04-2024
Payment for identifiable services - Oceanica Netherlands B.V. NOK -5870.00 NOK 6147.67
20:05
PI3974527 1029039
Obrigado por escolher Ebury.
Se tiver alguma dúvida entre em contato com o seu gestor de conta através do +31 (0) 20 795 6690.
Página 9 de 12
2024-04-12 14:26:58,339; INFO; functions.informacoes_extraidas.646: texto: Movimentos: GBP Conta
Registo de
Descrição Montante Saldo
operação
Pagamento PI3991194 ISLE OF MAN - GOVERNMENT
07-04-2024
Payment for identifiable services - Oceanica Netherlands B.V. GBP -3293.34 GBP 576.78
20:23
PI3991194 477026
07-04-2024 Comprado GBP EBPOTR3374299
GBP 3000.00 GBP 3870.12
20:23 GBPUSD1.280124Compra/Venda de moeda
Pagamento PI3991191 ISLE OF MAN - GOVERNMENT
07-04-2024
Payment for identifiable services - Oceanica Netherlands B.V. GBP -650.00 GBP 870.12
20:03
PI3991191 476414
Pagamento PI3991188 ISLE OF MAN - GOVERNMENT
07-04-2024
Payment for identifiable services - Oceanica Netherlands B.V. GBP -650.00 GBP 1520.12
20:03
PI3991188 476415
Pagamento PI3991184 ISLE OF MAN - GOVERNMENT
07-04-2024
Payment for identifiable services - Oceanica Netherlands B.V. GBP -270.00 GBP 2170.12
20:03
PI3991184 476446
Obrigado por escolher Ebury.
Se tiver alguma dúvida entre em contato com o seu gestor de conta através do +31 (0) 20 795 6690.
Página 10 de 12
2024-04-12 14:26:58,365; INFO; functions.informacoes_extraidas.646: texto: Movimentos: SGD Conta
Registo de
Descrição Montante Saldo
operação
Pagamento PI3974692 PT. LABROY SHIPBUILDING ENGINEERING
01-04-2024
Payment for identifiable services - Oceanica Netherlands B.V. SGD -33717.00 SGD 0.00
20:23
PI3974692 3005
01-04-2024 Comprado SGD EBPOTR3364284
SGD 33717.00 SGD 33717.00
20:23 USDSGD1.332521Compra/Venda de moeda
Obrigado por escolher Ebury.
Se tiver alguma dúvida entre em contato com o seu gestor de conta através do +31 (0) 20 795 6690.
Página 11 de 12
2024-04-12 14:26:58,425; INFO; functions.informacoes_extraidas.646: texto: Movimentos: EUR Conta
Registo de
Descrição Montante Saldo
operação
Pagamento devolvido PI3993937 Bertling logistics Aberdeen Limited
08-04-2024
Payment for identifiable services - Oceanica Netherlands B.V. EUR 8360.00 EUR 9458.64
13:27
PI3993937 1131-24
Pagamento PI3993937 Bertling logistics Aberdeen Limited
08-04-2024
Payment for identifiable services - Oceanica Netherlands B.V. EUR -8360.00 EUR 1098.64
09:41
PI3993937 1131-24
08-04-2024 Comprado EUR EBPOTR3376301
EUR 3000.00 EUR 9458.64
09:38 EURUSD1.099408Compra/venda de moeda
Pagamento PI3991105 Loyens and Loeff N.V
07-04-2024
Payment for identifiable services - Oceanica Netherlands B.V. EUR -7695.60 EUR 6458.64
20:03
PI3991105 1622766
Pagamento PI3988296 Flushing Shipping Agencies
04-04-2024
Payment for identifiable services - Oceanica Netherlands B.V. EUR -28538.35 EUR 14154.24
20:23
PI3988296 PK2224000061
04-04-2024 Comprado EUR EBPOTR3372347
EUR 29000.00 EUR 42692.59
20:23 EURUSD1.102082Compra/Venda de moeda
Pagamento PI3983592 Holland Accommodation Rentals VOF
03-04-2024
Payment for identifiable services - Oceanica Netherlands B.V. EUR -400207.50 EUR 13692.59
20:23
PI3983592 241450004 - 90perc. restantes
03-04-2024 Comprado EUR EBPOTR3369777
EUR 401000.00 EUR 413900.09
20:23 EURUSD1.099358Compra/Venda de moeda
Obrigado por escolher Ebury.
Se tiver alguma dúvida entre em contato com o seu gestor de conta através do +31 (0) 20 795 6690.
Página 12 de 12
2024-04-12 14:26:58,430; INFO; functions.excelProcessoCompleto.1153: Adicionando aba de PROCESSOS EXTRAÍDOS ao EXCEL existente
2024-04-12 14:26:58,431; INFO; functions.excelProcessoCompleto.1167: Aba de TODOS EXTRAÍDOS ao EXCEL existente
2024-04-12 14:26:58,435; INFO; main.process.42: PROCESSOS EXTRAIDOS COM ERRO: 3
2024-04-12 14:26:58,435; INFO; main.process.43: PROCESSOS COM ERRO: [{'data': '01-04-2024', 'pi': '3974692', 'inv': '3005', 'moeda': 'SGD', 'montante': '-33717.00', 'saldo': '0.00', 'nome': 'PT. LABROY SHIPBUILDING ENGINEERING', 'cod': None}, {'data': '01-04-2024', 'pi': '3974525', 'inv': None, 'moeda': 'USD', 'montante': '-77456.92', 'saldo': '306695.95', 'nome': 'SEABRIDGE MARINE ENGINEERING AND', 'cod': None}, {'data': '01-04-2024', 'pi': '3974692', 'inv': '3005', 'moeda': 'SGD', 'montante': '-33717.00', 'saldo': '0.00', 'nome': 'PT. LABROY SHIPBUILDING ENGINEERING', 'cod': None}]
2024-04-12 14:26:58,436; INFO; functions.excelErro.1103: Adicionando aba de ERRO ao EXCEL existente
2024-04-12 14:26:58,436; INFO; functions.excelErro.1119: Aba de ERRO adicionada ao EXCEL existente
2024-04-12 14:26:58,437; INFO; main.process.46: PROCESSOS EXTRAIDOS CORRETAMENTE: 55
2024-04-12 14:26:58,437; INFO; main.process.47: PROCESSOS A SEREM TRATADOS: [{'data': '08-04-2024', 'pi': '3993937', 'inv': '1131', 'moeda': 'EUR', 'montante': '-8360.00', 'saldo': '1098.64', 'nome': 'Bertling logistics Aberdeen Limited', 'cod': None}, {'data': '07-04-2024', 'pi': '3991205', 'inv': '10167246', 'moeda': 'NOK', 'montante': '-166155.00', 'saldo': '6147.67', 'nome': 'Kongsberg Maritime AS', 'cod': None}, {'data': '07-04-2024', 'pi': '3991194', 'inv': '477026', 'moeda': 'GBP', 'montante': '-3293.34', 'saldo': '576.78', 'nome': 'ISLE OF MAN - GOVERNMENT', 'cod': None}, {'data': '07-04-2024', 'pi': '3991105', 'inv': '1622766', 'moeda': 'EUR', 'montante': '-7695.60', 'saldo': '6458.64', 'nome': 'Loyens and Loeff N.V', 'cod': None}, {'data': '07-04-2024', 'pi': '3991191', 'inv': '476414', 'moeda': 'GBP', 'montante': '-650.00', 'saldo': '870.12', 'nome': 'ISLE OF MAN - GOVERNMENT', 'cod': None}, {'data': '07-04-2024', 'pi': '3991188', 'inv': '476415', 'moeda': 'GBP', 'montante': '-650.00', 'saldo': '1520.12', 'nome': 'ISLE OF MAN - GOVERNMENT', 'cod': None}, {'data': '07-04-2024', 'pi': '3991184', 'inv': '476446', 'moeda': 'GBP', 'montante': '-270.00', 'saldo': '2170.12', 'nome': 'ISLE OF MAN - GOVERNMENT', 'cod': None}, {'data': '04-04-2024', 'pi': '3988296', 'inv': '241450004', 'moeda': 'EUR', 'montante': '-28538.35', 'saldo': '14154.24', 'nome': 'Flushing Shipping Agencies', 'cod': None}, {'data': '03-04-2024', 'pi': '3983592', 'inv': '241450004', 'moeda': 'EUR', 'montante': '-400207.50', 'saldo': '13692.59', 'nome': 'Holland Accommodation Rentals VOF', 'cod': None}, {'data': '03-04-2024', 'pi': '3983616', 'inv': '137224', 'moeda': 'USD', 'montante': '-1050.00', 'saldo': '104894.41', 'nome': 'Sigmasat USA Inc', 'cod': None}, {'data': '03-04-2024', 'pi': '3983615', 'inv': '137124', 'moeda': 'USD', 'montante': '-2324.00', 'saldo': '105944.41', 'nome': 'Sigmasat USA Inc', 'cod': None}, {'data': '03-04-2024', 'pi': '3983613', 'inv': '137024', 'moeda': 'USD', 'montante': '-315.00', 'saldo': '108268.41', 'nome': 'Sigmasat USA Inc', 'cod': None}, {'data': '03-04-2024', 'pi': '3983612', 'inv': '136924', 'moeda': 'USD', 'montante': '-315.00', 'saldo': '108583.41', 'nome': 'Sigmasat USA Inc', 'cod': None}, {'data': '03-04-2024', 'pi': '3983610', 'inv': '136724', 'moeda': 'USD', 'montante': '-5960.00', 'saldo': '108898.41', 'nome': 'Sigmasat USA Inc', 'cod': None}, {'data': '03-04-2024', 'pi': '3983608', 'inv': '136824', 'moeda': 'USD', 'montante': '-315.00', 'saldo': '114858.41', 'nome': 'Sigmasat USA Inc', 'cod': None}, {'data': '03-04-2024', 'pi': '3983606', 'inv': '136624', 'moeda': 'USD', 'montante': '-5960.00', 'saldo': '115173.41', 'nome': 'Sigmasat USA Inc', 'cod': None}, {'data': '03-04-2024', 'pi': '3983602', 'inv': '136524', 'moeda': 'USD', 'montante': '-5960.00', 'saldo': '121133.41', 'nome': 'Sigmasat USA Inc', 'cod': None}, {'data': '03-04-2024', 'pi': '3983600', 'inv': '136324', 'moeda': 'USD', 'montante': '-43520.00', 'saldo': '127093.41', 'nome': 'Sigmasat USA Inc', 'cod': None}, {'data': '03-04-2024', 'pi': '3983598', 'inv': '136424', 'moeda': 'USD', 'montante': '-5960.00', 'saldo': '170613.41', 'nome': 'Sigmasat USA Inc', 'cod': None}, {'data': '03-04-2024', 'pi': '3983596', 'inv': '136224', 'moeda': 'USD', 'montante': '-43520.00', 'saldo': '176573.41', 'nome': 'Sigmasat USA Inc', 'cod': None}, {'data': '03-04-2024', 'pi': '3983595', 'inv': '137324', 'moeda': 'USD', 'montante': '-5960.00', 'saldo': '220093.41', 'nome': 'Sigmasat USA Inc', 'cod': None}, {'data': '01-04-2024', 'pi': '3974527', 'inv': '1029039', 'moeda': 'NOK', 'montante': '-5870.00', 'saldo': '6147.67', 'nome': 'DIMO', 'cod': None}, {'data': '01-04-2024', 'pi': '3974550', 'inv': '3748', 'moeda': 'USD', 'montante': '-7000.00', 'saldo': '299695.95', 'nome': 'ARGO COMMUNICATIONS', 'cod': None}, {'data': '01-04-2024', 'pi': '3974513', 'inv': '1000128', 'moeda': 'USD', 'montante': '-165.00', 'saldo': '384152.87', 'nome': 'PT. SNEPAC SHIPPING', 'cod': None}, {'data': '01-04-2024', 'pi': '3974498', 'inv': '10014', 'moeda': 'USD', 'montante': '-12600.00', 'saldo': '384317.87', 'nome': 'PICOLO E ASSOCIADOS LTDA INC', 'cod': None}, {'data': '01-04-2024', 'pi': '3974497', 'inv': '9991', 'moeda': 'USD', 'montante': '-3246.00', 'saldo': '396917.87', 'nome': 'PICOLO E ASSOCIADOS LTDA INC', 'cod': None}, {'data': '01-04-2024', 'pi': '3974407', 'inv': '3748', 'moeda': 'USD', 'montante': '-7000.00', 'saldo': '393163.87', 'nome': 'ARGO COMMUNICATIONS', 'cod': None}, {'data': '03-04-2024', 'pi': '3983616', 'inv': '137224', 'moeda': 'USD', 'montante': '-1050.00', 'saldo': '104894.41', 'nome': 'Sigmasat USA Inc', 'cod': None}, {'data': '03-04-2024', 'pi': '3983615', 'inv': '137124', 'moeda': 'USD', 'montante': '-2324.00', 'saldo': '105944.41', 'nome': 'Sigmasat USA Inc', 'cod': None}, {'data': '03-04-2024', 'pi': '3983613', 'inv': '137024', 'moeda': 'USD', 'montante': '-315.00', 'saldo': '108268.41', 'nome': 'Sigmasat USA Inc', 'cod': None}, {'data': '03-04-2024', 'pi': '3983612', 'inv': '136924', 'moeda': 'USD', 'montante': '-315.00', 'saldo': '108583.41', 'nome': 'Sigmasat USA Inc', 'cod': None}, {'data': '03-04-2024', 'pi': '3983610', 'inv': '136724', 'moeda': 'USD', 'montante': '-5960.00', 'saldo': '108898.41', 'nome': 'Sigmasat USA Inc', 'cod': None}, {'data': '03-04-2024', 'pi': '3983608', 'inv': '136824', 'moeda': 'USD', 'montante': '-315.00', 'saldo': '114858.41', 'nome': 'Sigmasat USA Inc', 'cod': None}, {'data': '03-04-2024', 'pi': '3983606', 'inv': '136624', 'moeda': 'USD', 'montante': '-5960.00', 'saldo': '115173.41', 'nome': 'Sigmasat USA Inc', 'cod': None}, {'data': '03-04-2024', 'pi': '3983602', 'inv': '136524', 'moeda': 'USD', 'montante': '-5960.00', 'saldo': '121133.41', 'nome': 'Sigmasat USA Inc', 'cod': None}, {'data': '03-04-2024', 'pi': '3983600', 'inv': '136324', 'moeda': 'USD', 'montante': '-43520.00', 'saldo': '127093.41', 'nome': 'Sigmasat USA Inc', 'cod': None}, {'data': '03-04-2024', 'pi': '3983598', 'inv': '136424', 'moeda': 'USD', 'montante': '-5960.00', 'saldo': '170613.41', 'nome': 'Sigmasat USA Inc', 'cod': None}, {'data': '03-04-2024', 'pi': '3983596', 'inv': '136224', 'moeda': 'USD', 'montante': '-43520.00', 'saldo': '176573.41', 'nome': 'Sigmasat USA Inc', 'cod': None}, {'data': '03-04-2024', 'pi': '3983595', 'inv': '137324', 'moeda': 'USD', 'montante': '-5960.00', 'saldo': '220093.41', 'nome': 'Sigmasat USA Inc', 'cod': None}, {'data': '01-04-2024', 'pi': '3974550', 'inv': '3748', 'moeda': 'USD', 'montante': '-7000.00', 'saldo': '299695.95', 'nome': 'ARGO COMMUNICATIONS', 'cod': None}, {'data': '01-04-2024', 'pi': '3974525', 'inv': '1000128', 'moeda': 'USD', 'montante': '-77456.92', 'saldo': '306695.95', 'nome': 'SEABRIDGE MARINE ENGINEERING AND', 'cod': None}, {'data': '01-04-2024', 'pi': '3974513', 'inv': '1000128', 'moeda': 'USD', 'montante': '-165.00', 'saldo': '384152.87', 'nome': 'PT. SNEPAC SHIPPING', 'cod': None}, {'data': '01-04-2024', 'pi': '3974498', 'inv': '10014', 'moeda': 'USD', 'montante': '-12600.00', 'saldo': '384317.87', 'nome': 'PICOLO E ASSOCIADOS LTDA INC', 'cod': None}, {'data': '01-04-2024', 'pi': '3974497', 'inv': '9991', 'moeda': 'USD', 'montante': '-3246.00', 'saldo': '396917.87', 'nome': 'PICOLO E ASSOCIADOS LTDA INC', 'cod': None}, {'data': '01-04-2024', 'pi': '3974407', 'inv': '3748', 'moeda': 'USD', 'montante': '-7000.00', 'saldo': '393163.87', 'nome': 'ARGO COMMUNICATIONS', 'cod': None}, {'data': '07-04-2024', 'pi': '3991205', 'inv': '10167246', 'moeda': 'NOK', 'montante': '-166155.00', 'saldo': '6147.67', 'nome': 'Kongsberg Maritime AS', 'cod': None}, {'data': '01-04-2024', 'pi': '3974527', 'inv': '1029039', 'moeda': 'NOK', 'montante': '-5870.00', 'saldo': '6147.67', 'nome': 'DIMO', 'cod': None}, {'data': '07-04-2024', 'pi': '3991194', 'inv': '477026', 'moeda': 'GBP', 'montante': '-3293.34', 'saldo': '576.78', 'nome': 'ISLE OF MAN - GOVERNMENT', 'cod': None}, {'data': '07-04-2024', 'pi': '3991191', 'inv': '476414', 'moeda': 'GBP', 'montante': '-650.00', 'saldo': '870.12', 'nome': 'ISLE OF MAN - GOVERNMENT', 'cod': None}, {'data': '07-04-2024', 'pi': '3991188', 'inv': '476415', 'moeda': 'GBP', 'montante': '-650.00', 'saldo': '1520.12', 'nome': 'ISLE OF MAN - GOVERNMENT', 'cod': None}, {'data': '07-04-2024', 'pi': '3991184', 'inv': '476446', 'moeda': 'GBP', 'montante': '-270.00', 'saldo': '2170.12', 'nome': 'ISLE OF MAN - GOVERNMENT', 'cod': None}, {'data': '08-04-2024', 'pi': '3993937', 'inv': '1131', 'moeda': 'EUR', 'montante': '-8360.00', 'saldo': '1098.64', 'nome': 'Bertling logistics Aberdeen Limited', 'cod': None}, {'data': '07-04-2024', 'pi': '3991105', 'inv': '1622766', 'moeda': 'EUR', 'montante': '-7695.60', 'saldo': '6458.64', 'nome': 'Loyens and Loeff N.V', 'cod': None}, {'data': '04-04-2024', 'pi': '3988296', 'inv': '241450004', 'moeda': 'EUR', 'montante': '-28538.35', 'saldo': '14154.24', 'nome': 'Flushing Shipping Agencies', 'cod': None}, {'data': '03-04-2024', 'pi': '3983592', 'inv': '241450004', 'moeda': 'EUR', 'montante': '-400207.50', 'saldo': '13692.59', 'nome': 'Holland Accommodation Rentals VOF', 'cod': None}]
2024-04-12 14:26:58,447; INFO; functions.mover_para_lidos.1219: MOVENDO ARQUIVO Ebury - Parcial até 08-04.pdf.
2024-04-12 14:26:58,449; INFO; functions.mover_para_lidos.1227: Pasta "Lidos" já existe
2024-04-12 14:26:58,461; INFO; functions.mover_para_lidos.1244: ARQUIVO Ebury - Parcial até 08-04.pdf MOVIDO PARA LIDOS.
2024-04-12 14:26:58,465; INFO; functions.open_RM.50: OPEN PROGRAM RM
2024-04-12 14:27:07,698; INFO; functions.loggin_RM.65: ENTER USER_NAME
2024-04-12 14:27:08,573; INFO; functions.loggin_RM.70: ENTER PASSWORD
2024-04-12 14:27:09,302; INFO; functions.loggin_RM.74: ENTER RM
2024-04-12 14:27:49,453; INFO; functions.waitForImage.971: LICENCAS EXCEDIDAS image not found.
2024-04-12 14:27:50,156; INFO; functions.enter_coligada.96: CLICK CONTEXTO
2024-04-12 14:27:51,876; INFO; functions.enter_coligada.99: CLICK COLIGADA 2
2024-04-12 14:27:55,406; INFO; functions.enter_coligada.103: INSERE O COLIGADA CODE = 2
2024-04-12 14:27:55,508; INFO; functions.enter_coligada.105: APERTA TAB PARA PREENCHER O CAMPO COM A STRING: OCEANICA ENGENHARIA E CONSULTORIA S.A.
2024-04-12 14:27:57,313; INFO; functions.enter_coligada.108: CLICK AVANÇAR NOVAMENTE
2024-04-12 14:28:00,658; INFO; functions.enter_coligada.112: CLICK CONCLUIR
2024-04-12 14:28:15,860; INFO; functions.enter_coligada.115: POP UP COLIGADA CLICADO PARA DESAPARECER
2024-04-12 14:28:16,500; INFO; functions.enter_contas_a_pagar.126: CLICK - TOTVS - LINHA RM
2024-04-12 14:28:19,188; INFO; functions.enter_contas_a_pagar.131: CLICK - BACK OFFICE
2024-04-12 14:28:21,815; INFO; functions.enter_contas_a_pagar.136: CLICK - GESTAO FINANCEIRA
2024-04-12 14:28:29,750; INFO; functions.enter_contas_a_pagar.141: CLICK - CONTAS A PAGAR
2024-04-12 14:28:29,838; INFO; functions.waitForImage.940: LANÇAMENTOS image found.
2024-04-12 14:28:29,940; INFO; functions.enter_contas_a_pagar.156: CLICA EM LANÇAMENTOS
2024-04-12 14:28:54,999; INFO; functions.waitForImage.971: LICENCAS EXCEDIDAS image not found.
2024-04-12 14:28:55,000; INFO; main.process.64: extrato_list_nao_tratado processo 0
2024-04-12 14:28:55,001; INFO; main.process.71: PROCESSO 1 de 55 A SER TRATADO: {'data': '08-04-2024', 'pi': '3993937', 'inv': '1131', 'moeda': 'EUR', 'montante': '-8360.00', 'saldo': '1098.64', 'nome': 'Bertling logistics Aberdeen Limited', 'cod': None}
2024-04-12 14:28:55,002; INFO; main.process.82: inv original 1131. tamanho 4
2024-04-12 14:28:55,002; INFO; main.process.87: inv TRATADA 00000113101. tamanho 11
2024-04-12 14:28:55,003; INFO; main.process.99: data: 08042024 <class 'str'>

                        pi: 3993937 <class 'str'>

                        inv: 00000113101 <class 'str'>

                        moeda: EUR <class 'str'>

                        montante: 8360,00 <class 'str'>

                        saldo: 1098.64 <class 'str'>

                        nome: Bertling logistics Aberdeen Limited <class 'str'>

                        cod: None <class 'NoneType'>
2024-04-12 14:28:55,005; INFO; main.process.64: extrato_list_nao_tratado processo 1
2024-04-12 14:28:55,005; INFO; main.process.68: PASSANDO PARA PROXIMO PROCESSO
2024-04-12 14:28:55,006; INFO; main.process.71: PROCESSO 2 de 55 A SER TRATADO: {'data': '07-04-2024', 'pi': '3991205', 'inv': '10167246', 'moeda': 'NOK', 'montante': '-166155.00', 'saldo': '6147.67', 'nome': 'Kongsberg Maritime AS', 'cod': None}
2024-04-12 14:28:55,006; INFO; main.process.82: inv original 10167246. tamanho 8
2024-04-12 14:28:55,007; INFO; main.process.87: inv TRATADA 01016724601. tamanho 11
2024-04-12 14:28:55,007; INFO; main.process.99: data: 07042024 <class 'str'>

                        pi: 3991205 <class 'str'>

                        inv: 01016724601 <class 'str'>

                        moeda: NOK <class 'str'>

                        montante: 166155,00 <class 'str'>

                        saldo: 6147.67 <class 'str'>

                        nome: Kongsberg Maritime AS <class 'str'>

                        cod: None <class 'NoneType'>
2024-04-12 14:28:55,008; INFO; main.process.111: Tratado em execução anterior do BOT
2024-04-12 14:28:55,009; INFO; main.process.64: extrato_list_nao_tratado processo 2
2024-04-12 14:28:55,009; INFO; main.process.68: PASSANDO PARA PROXIMO PROCESSO
2024-04-12 14:28:55,010; INFO; main.process.71: PROCESSO 3 de 55 A SER TRATADO: {'data': '07-04-2024', 'pi': '3991194', 'inv': '477026', 'moeda': 'GBP', 'montante': '-3293.34', 'saldo': '576.78', 'nome': 'ISLE OF MAN - GOVERNMENT', 'cod': None}
2024-04-12 14:28:55,010; INFO; main.process.82: inv original 477026. tamanho 6
2024-04-12 14:28:55,010; INFO; main.process.87: inv TRATADA 00047702601. tamanho 11
2024-04-12 14:28:55,011; INFO; main.process.99: data: 07042024 <class 'str'>

                        pi: 3991194 <class 'str'>

                        inv: 00047702601 <class 'str'>

                        moeda: GBP <class 'str'>

                        montante: 3293,34 <class 'str'>

                        saldo: 576.78 <class 'str'>

                        nome: ISLE OF MAN - GOVERNMENT <class 'str'>

                        cod: None <class 'NoneType'>
2024-04-12 14:28:55,012; INFO; main.process.64: extrato_list_nao_tratado processo 3
2024-04-12 14:28:55,012; INFO; main.process.68: PASSANDO PARA PROXIMO PROCESSO
2024-04-12 14:28:55,016; INFO; main.process.71: PROCESSO 4 de 55 A SER TRATADO: {'data': '07-04-2024', 'pi': '3991105', 'inv': '1622766', 'moeda': 'EUR', 'montante': '-7695.60', 'saldo': '6458.64', 'nome': 'Loyens and Loeff N.V', 'cod': None}
2024-04-12 14:28:55,018; INFO; main.process.82: inv original 1622766. tamanho 7
2024-04-12 14:28:55,018; INFO; main.process.87: inv TRATADA 00162276601. tamanho 11
2024-04-12 14:28:55,018; INFO; main.process.99: data: 07042024 <class 'str'>

                        pi: 3991105 <class 'str'>

                        inv: 00162276601 <class 'str'>

                        moeda: EUR <class 'str'>

                        montante: 7695,60 <class 'str'>

                        saldo: 6458.64 <class 'str'>

                        nome: Loyens and Loeff N.V <class 'str'>

                        cod: None <class 'NoneType'>
2024-04-12 14:28:55,020; INFO; main.process.64: extrato_list_nao_tratado processo 4
2024-04-12 14:28:55,020; INFO; main.process.68: PASSANDO PARA PROXIMO PROCESSO
2024-04-12 14:28:55,021; INFO; main.process.71: PROCESSO 5 de 55 A SER TRATADO: {'data': '07-04-2024', 'pi': '3991191', 'inv': '476414', 'moeda': 'GBP', 'montante': '-650.00', 'saldo': '870.12', 'nome': 'ISLE OF MAN - GOVERNMENT', 'cod': None}
2024-04-12 14:28:55,022; INFO; main.process.82: inv original 476414. tamanho 6
2024-04-12 14:28:55,023; INFO; main.process.87: inv TRATADA 00047641401. tamanho 11
2024-04-12 14:28:55,023; INFO; main.process.99: data: 07042024 <class 'str'>

                        pi: 3991191 <class 'str'>

                        inv: 00047641401 <class 'str'>

                        moeda: GBP <class 'str'>

                        montante: 650,00 <class 'str'>

                        saldo: 870.12 <class 'str'>

                        nome: ISLE OF MAN - GOVERNMENT <class 'str'>

                        cod: None <class 'NoneType'>
2024-04-12 14:28:55,024; INFO; main.process.64: extrato_list_nao_tratado processo 5
2024-04-12 14:28:55,025; INFO; main.process.68: PASSANDO PARA PROXIMO PROCESSO
2024-04-12 14:28:55,025; INFO; main.process.71: PROCESSO 6 de 55 A SER TRATADO: {'data': '07-04-2024', 'pi': '3991188', 'inv': '476415', 'moeda': 'GBP', 'montante': '-650.00', 'saldo': '1520.12', 'nome': 'ISLE OF MAN - GOVERNMENT', 'cod': None}
2024-04-12 14:28:55,026; INFO; main.process.82: inv original 476415. tamanho 6
2024-04-12 14:28:55,026; INFO; main.process.87: inv TRATADA 00047641501. tamanho 11
2024-04-12 14:28:55,026; INFO; main.process.99: data: 07042024 <class 'str'>

                        pi: 3991188 <class 'str'>

                        inv: 00047641501 <class 'str'>

                        moeda: GBP <class 'str'>

                        montante: 650,00 <class 'str'>

                        saldo: 1520.12 <class 'str'>

                        nome: ISLE OF MAN - GOVERNMENT <class 'str'>

                        cod: None <class 'NoneType'>
2024-04-12 14:28:55,028; INFO; main.process.64: extrato_list_nao_tratado processo 6
2024-04-12 14:28:55,028; INFO; main.process.68: PASSANDO PARA PROXIMO PROCESSO
2024-04-12 14:28:55,028; INFO; main.process.71: PROCESSO 7 de 55 A SER TRATADO: {'data': '07-04-2024', 'pi': '3991184', 'inv': '476446', 'moeda': 'GBP', 'montante': '-270.00', 'saldo': '2170.12', 'nome': 'ISLE OF MAN - GOVERNMENT', 'cod': None}
2024-04-12 14:28:55,028; INFO; main.process.82: inv original 476446. tamanho 6
2024-04-12 14:28:55,029; INFO; main.process.87: inv TRATADA 00047644601. tamanho 11
2024-04-12 14:28:55,029; INFO; main.process.99: data: 07042024 <class 'str'>

                        pi: 3991184 <class 'str'>

                        inv: 00047644601 <class 'str'>

                        moeda: GBP <class 'str'>

                        montante: 270,00 <class 'str'>

                        saldo: 2170.12 <class 'str'>

                        nome: ISLE OF MAN - GOVERNMENT <class 'str'>

                        cod: None <class 'NoneType'>
2024-04-12 14:28:55,031; INFO; main.process.64: extrato_list_nao_tratado processo 7
2024-04-12 14:28:55,031; INFO; main.process.68: PASSANDO PARA PROXIMO PROCESSO
2024-04-12 14:28:55,032; INFO; main.process.71: PROCESSO 8 de 55 A SER TRATADO: {'data': '04-04-2024', 'pi': '3988296', 'inv': '241450004', 'moeda': 'EUR', 'montante': '-28538.35', 'saldo': '14154.24', 'nome': 'Flushing Shipping Agencies', 'cod': None}
2024-04-12 14:28:55,032; INFO; main.process.82: inv original 241450004. tamanho 9
2024-04-12 14:28:55,033; INFO; main.process.87: inv TRATADA 24145000401. tamanho 11
2024-04-12 14:28:55,034; INFO; main.process.99: data: 04042024 <class 'str'>

                        pi: 3988296 <class 'str'>

                        inv: 24145000401 <class 'str'>

                        moeda: EUR <class 'str'>

                        montante: 28538,35 <class 'str'>

                        saldo: 14154.24 <class 'str'>

                        nome: Flushing Shipping Agencies <class 'str'>

                        cod: None <class 'NoneType'>
2024-04-12 14:28:55,036; INFO; main.process.64: extrato_list_nao_tratado processo 8
2024-04-12 14:28:55,036; INFO; main.process.68: PASSANDO PARA PROXIMO PROCESSO
2024-04-12 14:28:55,037; INFO; main.process.71: PROCESSO 9 de 55 A SER TRATADO: {'data': '03-04-2024', 'pi': '3983592', 'inv': '241450004', 'moeda': 'EUR', 'montante': '-400207.50', 'saldo': '13692.59', 'nome': 'Holland Accommodation Rentals VOF', 'cod': None}
2024-04-12 14:28:55,037; INFO; main.process.82: inv original 241450004. tamanho 9
2024-04-12 14:28:55,037; INFO; main.process.87: inv TRATADA 24145000401. tamanho 11
2024-04-12 14:28:55,038; INFO; main.process.99: data: 03042024 <class 'str'>

                        pi: 3983592 <class 'str'>

                        inv: 24145000401 <class 'str'>

                        moeda: EUR <class 'str'>

                        montante: 400207,50 <class 'str'>

                        saldo: 13692.59 <class 'str'>

                        nome: Holland Accommodation Rentals VOF <class 'str'>

                        cod: None <class 'NoneType'>
2024-04-12 14:28:55,039; INFO; main.process.64: extrato_list_nao_tratado processo 9
2024-04-12 14:28:55,040; INFO; main.process.68: PASSANDO PARA PROXIMO PROCESSO
2024-04-12 14:28:55,040; INFO; main.process.71: PROCESSO 10 de 55 A SER TRATADO: {'data': '03-04-2024', 'pi': '3983616', 'inv': '137224', 'moeda': 'USD', 'montante': '-1050.00', 'saldo': '104894.41', 'nome': 'Sigmasat USA Inc', 'cod': None}
2024-04-12 14:28:55,042; INFO; main.process.82: inv original 137224. tamanho 6
2024-04-12 14:28:55,042; INFO; main.process.87: inv TRATADA 00013722401. tamanho 11
2024-04-12 14:28:55,044; INFO; main.process.99: data: 03042024 <class 'str'>

                        pi: 3983616 <class 'str'>

                        inv: 00013722401 <class 'str'>

                        moeda: USD <class 'str'>

                        montante: 1050,00 <class 'str'>

                        saldo: 104894.41 <class 'str'>

                        nome: Sigmasat USA Inc <class 'str'>

                        cod: None <class 'NoneType'>
2024-04-12 14:28:55,047; INFO; main.process.111: Tratado em execução anterior do BOT
2024-04-12 14:28:55,048; INFO; main.process.64: extrato_list_nao_tratado processo 10
2024-04-12 14:28:55,048; INFO; main.process.68: PASSANDO PARA PROXIMO PROCESSO
2024-04-12 14:28:55,048; INFO; main.process.71: PROCESSO 11 de 55 A SER TRATADO: {'data': '03-04-2024', 'pi': '3983615', 'inv': '137124', 'moeda': 'USD', 'montante': '-2324.00', 'saldo': '105944.41', 'nome': 'Sigmasat USA Inc', 'cod': None}
2024-04-12 14:28:55,049; INFO; main.process.82: inv original 137124. tamanho 6
2024-04-12 14:28:55,049; INFO; main.process.87: inv TRATADA 00013712401. tamanho 11
2024-04-12 14:28:55,049; INFO; main.process.99: data: 03042024 <class 'str'>

                        pi: 3983615 <class 'str'>

                        inv: 00013712401 <class 'str'>

                        moeda: USD <class 'str'>

                        montante: 2324,00 <class 'str'>

                        saldo: 105944.41 <class 'str'>

                        nome: Sigmasat USA Inc <class 'str'>

                        cod: None <class 'NoneType'>
2024-04-12 14:28:55,051; INFO; main.process.111: Tratado em execução anterior do BOT
2024-04-12 14:28:55,051; INFO; main.process.64: extrato_list_nao_tratado processo 11
2024-04-12 14:28:55,052; INFO; main.process.68: PASSANDO PARA PROXIMO PROCESSO
2024-04-12 14:28:55,052; INFO; main.process.71: PROCESSO 12 de 55 A SER TRATADO: {'data': '03-04-2024', 'pi': '3983613', 'inv': '137024', 'moeda': 'USD', 'montante': '-315.00', 'saldo': '108268.41', 'nome': 'Sigmasat USA Inc', 'cod': None}
2024-04-12 14:28:55,052; INFO; main.process.82: inv original 137024. tamanho 6
2024-04-12 14:28:55,052; INFO; main.process.87: inv TRATADA 00013702401. tamanho 11
2024-04-12 14:28:55,053; INFO; main.process.99: data: 03042024 <class 'str'>

                        pi: 3983613 <class 'str'>

                        inv: 00013702401 <class 'str'>

                        moeda: USD <class 'str'>

                        montante: 315,00 <class 'str'>

                        saldo: 108268.41 <class 'str'>

                        nome: Sigmasat USA Inc <class 'str'>

                        cod: None <class 'NoneType'>
2024-04-12 14:28:55,054; INFO; main.process.111: Tratado em execução anterior do BOT
2024-04-12 14:28:55,055; INFO; main.process.64: extrato_list_nao_tratado processo 12
2024-04-12 14:28:55,055; INFO; main.process.68: PASSANDO PARA PROXIMO PROCESSO
2024-04-12 14:28:55,055; INFO; main.process.71: PROCESSO 13 de 55 A SER TRATADO: {'data': '03-04-2024', 'pi': '3983612', 'inv': '136924', 'moeda': 'USD', 'montante': '-315.00', 'saldo': '108583.41', 'nome': 'Sigmasat USA Inc', 'cod': None}
2024-04-12 14:28:55,055; INFO; main.process.82: inv original 136924. tamanho 6
2024-04-12 14:28:55,056; INFO; main.process.87: inv TRATADA 00013692401. tamanho 11
2024-04-12 14:28:55,056; INFO; main.process.99: data: 03042024 <class 'str'>

                        pi: 3983612 <class 'str'>

                        inv: 00013692401 <class 'str'>

                        moeda: USD <class 'str'>

                        montante: 315,00 <class 'str'>

                        saldo: 108583.41 <class 'str'>

                        nome: Sigmasat USA Inc <class 'str'>

                        cod: None <class 'NoneType'>
2024-04-12 14:28:55,058; INFO; main.process.111: Tratado em execução anterior do BOT
2024-04-12 14:28:55,058; INFO; main.process.64: extrato_list_nao_tratado processo 13
2024-04-12 14:28:55,058; INFO; main.process.68: PASSANDO PARA PROXIMO PROCESSO
2024-04-12 14:28:55,058; INFO; main.process.71: PROCESSO 14 de 55 A SER TRATADO: {'data': '03-04-2024', 'pi': '3983610', 'inv': '136724', 'moeda': 'USD', 'montante': '-5960.00', 'saldo': '108898.41', 'nome': 'Sigmasat USA Inc', 'cod': None}
2024-04-12 14:28:55,059; INFO; main.process.82: inv original 136724. tamanho 6
2024-04-12 14:28:55,059; INFO; main.process.87: inv TRATADA 00013672401. tamanho 11
2024-04-12 14:28:55,059; INFO; main.process.99: data: 03042024 <class 'str'>

                        pi: 3983610 <class 'str'>

                        inv: 00013672401 <class 'str'>

                        moeda: USD <class 'str'>

                        montante: 5960,00 <class 'str'>

                        saldo: 108898.41 <class 'str'>

                        nome: Sigmasat USA Inc <class 'str'>

                        cod: None <class 'NoneType'>
2024-04-12 14:28:55,061; INFO; main.process.111: Tratado em execução anterior do BOT
2024-04-12 14:28:55,061; INFO; main.process.64: extrato_list_nao_tratado processo 14
2024-04-12 14:28:55,062; INFO; main.process.68: PASSANDO PARA PROXIMO PROCESSO
2024-04-12 14:28:55,063; INFO; main.process.71: PROCESSO 15 de 55 A SER TRATADO: {'data': '03-04-2024', 'pi': '3983608', 'inv': '136824', 'moeda': 'USD', 'montante': '-315.00', 'saldo': '114858.41', 'nome': 'Sigmasat USA Inc', 'cod': None}
2024-04-12 14:28:55,063; INFO; main.process.82: inv original 136824. tamanho 6
2024-04-12 14:28:55,063; INFO; main.process.87: inv TRATADA 00013682401. tamanho 11
2024-04-12 14:28:55,064; INFO; main.process.99: data: 03042024 <class 'str'>

                        pi: 3983608 <class 'str'>

                        inv: 00013682401 <class 'str'>

                        moeda: USD <class 'str'>

                        montante: 315,00 <class 'str'>

                        saldo: 114858.41 <class 'str'>

                        nome: Sigmasat USA Inc <class 'str'>

                        cod: None <class 'NoneType'>
2024-04-12 14:28:55,066; INFO; main.process.111: Tratado em execução anterior do BOT
2024-04-12 14:28:55,066; INFO; main.process.64: extrato_list_nao_tratado processo 15
2024-04-12 14:28:55,067; INFO; main.process.68: PASSANDO PARA PROXIMO PROCESSO
2024-04-12 14:28:55,067; INFO; main.process.71: PROCESSO 16 de 55 A SER TRATADO: {'data': '03-04-2024', 'pi': '3983606', 'inv': '136624', 'moeda': 'USD', 'montante': '-5960.00', 'saldo': '115173.41', 'nome': 'Sigmasat USA Inc', 'cod': None}
2024-04-12 14:28:55,068; INFO; main.process.82: inv original 136624. tamanho 6
2024-04-12 14:28:55,068; INFO; main.process.87: inv TRATADA 00013662401. tamanho 11
2024-04-12 14:28:55,068; INFO; main.process.99: data: 03042024 <class 'str'>

                        pi: 3983606 <class 'str'>

                        inv: 00013662401 <class 'str'>

                        moeda: USD <class 'str'>

                        montante: 5960,00 <class 'str'>

                        saldo: 115173.41 <class 'str'>

                        nome: Sigmasat USA Inc <class 'str'>

                        cod: None <class 'NoneType'>
2024-04-12 14:28:55,070; INFO; main.process.111: Tratado em execução anterior do BOT
2024-04-12 14:28:55,070; INFO; main.process.64: extrato_list_nao_tratado processo 16
2024-04-12 14:28:55,070; INFO; main.process.68: PASSANDO PARA PROXIMO PROCESSO
2024-04-12 14:28:55,071; INFO; main.process.71: PROCESSO 17 de 55 A SER TRATADO: {'data': '03-04-2024', 'pi': '3983602', 'inv': '136524', 'moeda': 'USD', 'montante': '-5960.00', 'saldo': '121133.41', 'nome': 'Sigmasat USA Inc', 'cod': None}
2024-04-12 14:28:55,072; INFO; main.process.82: inv original 136524. tamanho 6
2024-04-12 14:28:55,073; INFO; main.process.87: inv TRATADA 00013652401. tamanho 11
2024-04-12 14:28:55,073; INFO; main.process.99: data: 03042024 <class 'str'>

                        pi: 3983602 <class 'str'>

                        inv: 00013652401 <class 'str'>

                        moeda: USD <class 'str'>

                        montante: 5960,00 <class 'str'>

                        saldo: 121133.41 <class 'str'>

                        nome: Sigmasat USA Inc <class 'str'>

                        cod: None <class 'NoneType'>
2024-04-12 14:28:55,075; INFO; main.process.111: Tratado em execução anterior do BOT
2024-04-12 14:28:55,075; INFO; main.process.64: extrato_list_nao_tratado processo 17
2024-04-12 14:28:55,075; INFO; main.process.68: PASSANDO PARA PROXIMO PROCESSO
2024-04-12 14:28:55,076; INFO; main.process.71: PROCESSO 18 de 55 A SER TRATADO: {'data': '03-04-2024', 'pi': '3983600', 'inv': '136324', 'moeda': 'USD', 'montante': '-43520.00', 'saldo': '127093.41', 'nome': 'Sigmasat USA Inc', 'cod': None}
2024-04-12 14:28:55,076; INFO; main.process.82: inv original 136324. tamanho 6
2024-04-12 14:28:55,076; INFO; main.process.87: inv TRATADA 00013632401. tamanho 11
2024-04-12 14:28:55,077; INFO; main.process.99: data: 03042024 <class 'str'>

                        pi: 3983600 <class 'str'>

                        inv: 00013632401 <class 'str'>

                        moeda: USD <class 'str'>

                        montante: 43520,00 <class 'str'>

                        saldo: 127093.41 <class 'str'>

                        nome: Sigmasat USA Inc <class 'str'>

                        cod: None <class 'NoneType'>
2024-04-12 14:28:55,079; INFO; main.process.111: Tratado em execução anterior do BOT
2024-04-12 14:28:55,079; INFO; main.process.64: extrato_list_nao_tratado processo 18
2024-04-12 14:28:55,079; INFO; main.process.68: PASSANDO PARA PROXIMO PROCESSO
2024-04-12 14:28:55,080; INFO; main.process.71: PROCESSO 19 de 55 A SER TRATADO: {'data': '03-04-2024', 'pi': '3983598', 'inv': '136424', 'moeda': 'USD', 'montante': '-5960.00', 'saldo': '170613.41', 'nome': 'Sigmasat USA Inc', 'cod': None}
2024-04-12 14:28:55,080; INFO; main.process.82: inv original 136424. tamanho 6
2024-04-12 14:28:55,080; INFO; main.process.87: inv TRATADA 00013642401. tamanho 11
2024-04-12 14:28:55,080; INFO; main.process.99: data: 03042024 <class 'str'>

                        pi: 3983598 <class 'str'>

                        inv: 00013642401 <class 'str'>

                        moeda: USD <class 'str'>

                        montante: 5960,00 <class 'str'>

                        saldo: 170613.41 <class 'str'>

                        nome: Sigmasat USA Inc <class 'str'>

                        cod: None <class 'NoneType'>
2024-04-12 14:28:55,082; INFO; main.process.111: Tratado em execução anterior do BOT
2024-04-12 14:28:55,082; INFO; main.process.64: extrato_list_nao_tratado processo 19
2024-04-12 14:28:55,083; INFO; main.process.68: PASSANDO PARA PROXIMO PROCESSO
2024-04-12 14:28:55,083; INFO; main.process.71: PROCESSO 20 de 55 A SER TRATADO: {'data': '03-04-2024', 'pi': '3983596', 'inv': '136224', 'moeda': 'USD', 'montante': '-43520.00', 'saldo': '176573.41', 'nome': 'Sigmasat USA Inc', 'cod': None}
2024-04-12 14:28:55,084; INFO; main.process.82: inv original 136224. tamanho 6
2024-04-12 14:28:55,084; INFO; main.process.87: inv TRATADA 00013622401. tamanho 11
2024-04-12 14:28:55,084; INFO; main.process.99: data: 03042024 <class 'str'>

                        pi: 3983596 <class 'str'>

                        inv: 00013622401 <class 'str'>

                        moeda: USD <class 'str'>

                        montante: 43520,00 <class 'str'>

                        saldo: 176573.41 <class 'str'>

                        nome: Sigmasat USA Inc <class 'str'>

                        cod: None <class 'NoneType'>
2024-04-12 14:28:55,086; INFO; main.process.111: Tratado em execução anterior do BOT
2024-04-12 14:28:55,086; INFO; main.process.64: extrato_list_nao_tratado processo 20
2024-04-12 14:28:55,086; INFO; main.process.68: PASSANDO PARA PROXIMO PROCESSO
2024-04-12 14:28:55,086; INFO; main.process.71: PROCESSO 21 de 55 A SER TRATADO: {'data': '03-04-2024', 'pi': '3983595', 'inv': '137324', 'moeda': 'USD', 'montante': '-5960.00', 'saldo': '220093.41', 'nome': 'Sigmasat USA Inc', 'cod': None}
2024-04-12 14:28:55,087; INFO; main.process.82: inv original 137324. tamanho 6
2024-04-12 14:28:55,087; INFO; main.process.87: inv TRATADA 00013732401. tamanho 11
2024-04-12 14:28:55,087; INFO; main.process.99: data: 03042024 <class 'str'>

                        pi: 3983595 <class 'str'>

                        inv: 00013732401 <class 'str'>

                        moeda: USD <class 'str'>

                        montante: 5960,00 <class 'str'>

                        saldo: 220093.41 <class 'str'>

                        nome: Sigmasat USA Inc <class 'str'>

                        cod: None <class 'NoneType'>
2024-04-12 14:28:55,089; INFO; main.process.111: Tratado em execução anterior do BOT
2024-04-12 14:28:55,090; INFO; main.process.64: extrato_list_nao_tratado processo 21
2024-04-12 14:28:55,090; INFO; main.process.68: PASSANDO PARA PROXIMO PROCESSO
2024-04-12 14:28:55,090; INFO; main.process.71: PROCESSO 22 de 55 A SER TRATADO: {'data': '01-04-2024', 'pi': '3974527', 'inv': '1029039', 'moeda': 'NOK', 'montante': '-5870.00', 'saldo': '6147.67', 'nome': 'DIMO', 'cod': None}
2024-04-12 14:28:55,090; INFO; main.process.82: inv original 1029039. tamanho 7
2024-04-12 14:28:55,090; INFO; main.process.87: inv TRATADA 00102903901. tamanho 11
2024-04-12 14:28:55,091; INFO; main.process.99: data: 01042024 <class 'str'>

                        pi: 3974527 <class 'str'>

                        inv: 00102903901 <class 'str'>

                        moeda: NOK <class 'str'>

                        montante: 5870,00 <class 'str'>

                        saldo: 6147.67 <class 'str'>

                        nome: DIMO <class 'str'>

                        cod: None <class 'NoneType'>
2024-04-12 14:28:55,092; INFO; main.process.111: Tratado em execução anterior do BOT
2024-04-12 14:28:55,093; INFO; main.process.64: extrato_list_nao_tratado processo 22
2024-04-12 14:28:55,094; INFO; main.process.68: PASSANDO PARA PROXIMO PROCESSO
2024-04-12 14:28:55,094; INFO; main.process.71: PROCESSO 23 de 55 A SER TRATADO: {'data': '01-04-2024', 'pi': '3974550', 'inv': '3748', 'moeda': 'USD', 'montante': '-7000.00', 'saldo': '299695.95', 'nome': 'ARGO COMMUNICATIONS', 'cod': None}
2024-04-12 14:28:55,094; INFO; main.process.82: inv original 3748. tamanho 4
2024-04-12 14:28:55,095; INFO; main.process.87: inv TRATADA 00000374801. tamanho 11
2024-04-12 14:28:55,095; INFO; main.process.99: data: 01042024 <class 'str'>

                        pi: 3974550 <class 'str'>

                        inv: 00000374801 <class 'str'>

                        moeda: USD <class 'str'>

                        montante: 7000,00 <class 'str'>

                        saldo: 299695.95 <class 'str'>

                        nome: ARGO COMMUNICATIONS <class 'str'>

                        cod: None <class 'NoneType'>
2024-04-12 14:28:55,097; INFO; main.process.111: Tratado em execução anterior do BOT
2024-04-12 14:28:55,097; INFO; main.process.64: extrato_list_nao_tratado processo 23
2024-04-12 14:28:55,098; INFO; main.process.68: PASSANDO PARA PROXIMO PROCESSO
2024-04-12 14:28:55,098; INFO; main.process.71: PROCESSO 24 de 55 A SER TRATADO: {'data': '01-04-2024', 'pi': '3974513', 'inv': '1000128', 'moeda': 'USD', 'montante': '-165.00', 'saldo': '384152.87', 'nome': 'PT. SNEPAC SHIPPING', 'cod': None}
2024-04-12 14:28:55,098; INFO; main.process.82: inv original 1000128. tamanho 7
2024-04-12 14:28:55,099; INFO; main.process.87: inv TRATADA 00100012801. tamanho 11
2024-04-12 14:28:55,099; INFO; main.process.99: data: 01042024 <class 'str'>

                        pi: 3974513 <class 'str'>

                        inv: 00100012801 <class 'str'>

                        moeda: USD <class 'str'>

                        montante: 165,00 <class 'str'>

                        saldo: 384152.87 <class 'str'>

                        nome: PT. SNEPAC SHIPPING <class 'str'>

                        cod: None <class 'NoneType'>
2024-04-12 14:28:55,100; INFO; main.process.64: extrato_list_nao_tratado processo 24
2024-04-12 14:28:55,101; INFO; main.process.68: PASSANDO PARA PROXIMO PROCESSO
2024-04-12 14:28:55,101; INFO; main.process.71: PROCESSO 25 de 55 A SER TRATADO: {'data': '01-04-2024', 'pi': '3974498', 'inv': '10014', 'moeda': 'USD', 'montante': '-12600.00', 'saldo': '384317.87', 'nome': 'PICOLO E ASSOCIADOS LTDA INC', 'cod': None}
2024-04-12 14:28:55,101; INFO; main.process.82: inv original 10014. tamanho 5
2024-04-12 14:28:55,102; INFO; main.process.87: inv TRATADA 00001001401. tamanho 11
2024-04-12 14:28:55,102; INFO; main.process.99: data: 01042024 <class 'str'>

                        pi: 3974498 <class 'str'>

                        inv: 00001001401 <class 'str'>

                        moeda: USD <class 'str'>

                        montante: 12600,00 <class 'str'>

                        saldo: 384317.87 <class 'str'>

                        nome: PICOLO E ASSOCIADOS LTDA INC <class 'str'>

                        cod: None <class 'NoneType'>
2024-04-12 14:28:55,103; INFO; main.process.64: extrato_list_nao_tratado processo 25
2024-04-12 14:28:55,104; INFO; main.process.68: PASSANDO PARA PROXIMO PROCESSO
2024-04-12 14:28:55,104; INFO; main.process.71: PROCESSO 26 de 55 A SER TRATADO: {'data': '01-04-2024', 'pi': '3974497', 'inv': '9991', 'moeda': 'USD', 'montante': '-3246.00', 'saldo': '396917.87', 'nome': 'PICOLO E ASSOCIADOS LTDA INC', 'cod': None}
2024-04-12 14:28:55,104; INFO; main.process.82: inv original 9991. tamanho 4
2024-04-12 14:28:55,105; INFO; main.process.87: inv TRATADA 00000999101. tamanho 11
2024-04-12 14:28:55,105; INFO; main.process.99: data: 01042024 <class 'str'>

                        pi: 3974497 <class 'str'>

                        inv: 00000999101 <class 'str'>

                        moeda: USD <class 'str'>

                        montante: 3246,00 <class 'str'>

                        saldo: 396917.87 <class 'str'>

                        nome: PICOLO E ASSOCIADOS LTDA INC <class 'str'>

                        cod: None <class 'NoneType'>
2024-04-12 14:28:55,106; INFO; main.process.64: extrato_list_nao_tratado processo 26
2024-04-12 14:28:55,107; INFO; main.process.68: PASSANDO PARA PROXIMO PROCESSO
2024-04-12 14:28:55,107; INFO; main.process.71: PROCESSO 27 de 55 A SER TRATADO: {'data': '01-04-2024', 'pi': '3974407', 'inv': '3748', 'moeda': 'USD', 'montante': '-7000.00', 'saldo': '393163.87', 'nome': 'ARGO COMMUNICATIONS', 'cod': None}
2024-04-12 14:28:55,107; INFO; main.process.82: inv original 3748. tamanho 4
2024-04-12 14:28:55,108; INFO; main.process.87: inv TRATADA 00000374801. tamanho 11
2024-04-12 14:28:55,108; INFO; main.process.99: data: 01042024 <class 'str'>

                        pi: 3974407 <class 'str'>

                        inv: 00000374801 <class 'str'>

                        moeda: USD <class 'str'>

                        montante: 7000,00 <class 'str'>

                        saldo: 393163.87 <class 'str'>

                        nome: ARGO COMMUNICATIONS <class 'str'>

                        cod: None <class 'NoneType'>
2024-04-12 14:28:55,110; INFO; main.process.64: extrato_list_nao_tratado processo 27
2024-04-12 14:28:55,110; INFO; main.process.68: PASSANDO PARA PROXIMO PROCESSO
2024-04-12 14:28:55,110; INFO; main.process.71: PROCESSO 28 de 55 A SER TRATADO: {'data': '03-04-2024', 'pi': '3983616', 'inv': '137224', 'moeda': 'USD', 'montante': '-1050.00', 'saldo': '104894.41', 'nome': 'Sigmasat USA Inc', 'cod': None}
2024-04-12 14:28:55,111; INFO; main.process.82: inv original 137224. tamanho 6
2024-04-12 14:28:55,111; INFO; main.process.87: inv TRATADA 00013722401. tamanho 11
2024-04-12 14:28:55,111; INFO; main.process.99: data: 03042024 <class 'str'>

                        pi: 3983616 <class 'str'>

                        inv: 00013722401 <class 'str'>

                        moeda: USD <class 'str'>

                        montante: 1050,00 <class 'str'>

                        saldo: 104894.41 <class 'str'>

                        nome: Sigmasat USA Inc <class 'str'>

                        cod: None <class 'NoneType'>
2024-04-12 14:28:55,113; INFO; main.process.111: Tratado em execução anterior do BOT
2024-04-12 14:28:55,113; INFO; main.process.64: extrato_list_nao_tratado processo 28
2024-04-12 14:28:55,114; INFO; main.process.68: PASSANDO PARA PROXIMO PROCESSO
2024-04-12 14:28:55,114; INFO; main.process.71: PROCESSO 29 de 55 A SER TRATADO: {'data': '03-04-2024', 'pi': '3983615', 'inv': '137124', 'moeda': 'USD', 'montante': '-2324.00', 'saldo': '105944.41', 'nome': 'Sigmasat USA Inc', 'cod': None}
2024-04-12 14:28:55,114; INFO; main.process.82: inv original 137124. tamanho 6
2024-04-12 14:28:55,115; INFO; main.process.87: inv TRATADA 00013712401. tamanho 11
2024-04-12 14:28:55,115; INFO; main.process.99: data: 03042024 <class 'str'>

                        pi: 3983615 <class 'str'>

                        inv: 00013712401 <class 'str'>

                        moeda: USD <class 'str'>

                        montante: 2324,00 <class 'str'>

                        saldo: 105944.41 <class 'str'>

                        nome: Sigmasat USA Inc <class 'str'>

                        cod: None <class 'NoneType'>
2024-04-12 14:28:55,117; INFO; main.process.111: Tratado em execução anterior do BOT
2024-04-12 14:28:55,117; INFO; main.process.64: extrato_list_nao_tratado processo 29
2024-04-12 14:28:55,118; INFO; main.process.68: PASSANDO PARA PROXIMO PROCESSO
2024-04-12 14:28:55,118; INFO; main.process.71: PROCESSO 30 de 55 A SER TRATADO: {'data': '03-04-2024', 'pi': '3983613', 'inv': '137024', 'moeda': 'USD', 'montante': '-315.00', 'saldo': '108268.41', 'nome': 'Sigmasat USA Inc', 'cod': None}
2024-04-12 14:28:55,118; INFO; main.process.82: inv original 137024. tamanho 6
2024-04-12 14:28:55,119; INFO; main.process.87: inv TRATADA 00013702401. tamanho 11
2024-04-12 14:28:55,119; INFO; main.process.99: data: 03042024 <class 'str'>

                        pi: 3983613 <class 'str'>

                        inv: 00013702401 <class 'str'>

                        moeda: USD <class 'str'>

                        montante: 315,00 <class 'str'>

                        saldo: 108268.41 <class 'str'>

                        nome: Sigmasat USA Inc <class 'str'>

                        cod: None <class 'NoneType'>
2024-04-12 14:28:55,121; INFO; main.process.111: Tratado em execução anterior do BOT
2024-04-12 14:28:55,121; INFO; main.process.64: extrato_list_nao_tratado processo 30
2024-04-12 14:28:55,121; INFO; main.process.68: PASSANDO PARA PROXIMO PROCESSO
2024-04-12 14:28:55,122; INFO; main.process.71: PROCESSO 31 de 55 A SER TRATADO: {'data': '03-04-2024', 'pi': '3983612', 'inv': '136924', 'moeda': 'USD', 'montante': '-315.00', 'saldo': '108583.41', 'nome': 'Sigmasat USA Inc', 'cod': None}
2024-04-12 14:28:55,122; INFO; main.process.82: inv original 136924. tamanho 6
2024-04-12 14:28:55,123; INFO; main.process.87: inv TRATADA 00013692401. tamanho 11
2024-04-12 14:28:55,123; INFO; main.process.99: data: 03042024 <class 'str'>

                        pi: 3983612 <class 'str'>

                        inv: 00013692401 <class 'str'>

                        moeda: USD <class 'str'>

                        montante: 315,00 <class 'str'>

                        saldo: 108583.41 <class 'str'>

                        nome: Sigmasat USA Inc <class 'str'>

                        cod: None <class 'NoneType'>
2024-04-12 14:28:55,125; INFO; main.process.111: Tratado em execução anterior do BOT
2024-04-12 14:28:55,126; INFO; main.process.64: extrato_list_nao_tratado processo 31
2024-04-12 14:28:55,126; INFO; main.process.68: PASSANDO PARA PROXIMO PROCESSO
2024-04-12 14:28:55,126; INFO; main.process.71: PROCESSO 32 de 55 A SER TRATADO: {'data': '03-04-2024', 'pi': '3983610', 'inv': '136724', 'moeda': 'USD', 'montante': '-5960.00', 'saldo': '108898.41', 'nome': 'Sigmasat USA Inc', 'cod': None}
2024-04-12 14:28:55,127; INFO; main.process.82: inv original 136724. tamanho 6
2024-04-12 14:28:55,127; INFO; main.process.87: inv TRATADA 00013672401. tamanho 11
2024-04-12 14:28:55,128; INFO; main.process.99: data: 03042024 <class 'str'>

                        pi: 3983610 <class 'str'>

                        inv: 00013672401 <class 'str'>

                        moeda: USD <class 'str'>

                        montante: 5960,00 <class 'str'>

                        saldo: 108898.41 <class 'str'>

                        nome: Sigmasat USA Inc <class 'str'>

                        cod: None <class 'NoneType'>
2024-04-12 14:28:55,129; INFO; main.process.111: Tratado em execução anterior do BOT
2024-04-12 14:28:55,130; INFO; main.process.64: extrato_list_nao_tratado processo 32
2024-04-12 14:28:55,130; INFO; main.process.68: PASSANDO PARA PROXIMO PROCESSO
2024-04-12 14:28:55,130; INFO; main.process.71: PROCESSO 33 de 55 A SER TRATADO: {'data': '03-04-2024', 'pi': '3983608', 'inv': '136824', 'moeda': 'USD', 'montante': '-315.00', 'saldo': '114858.41', 'nome': 'Sigmasat USA Inc', 'cod': None}
2024-04-12 14:28:55,131; INFO; main.process.82: inv original 136824. tamanho 6
2024-04-12 14:28:55,131; INFO; main.process.87: inv TRATADA 00013682401. tamanho 11
2024-04-12 14:28:55,131; INFO; main.process.99: data: 03042024 <class 'str'>

                        pi: 3983608 <class 'str'>

                        inv: 00013682401 <class 'str'>

                        moeda: USD <class 'str'>

                        montante: 315,00 <class 'str'>

                        saldo: 114858.41 <class 'str'>

                        nome: Sigmasat USA Inc <class 'str'>

                        cod: None <class 'NoneType'>
2024-04-12 14:28:55,136; INFO; main.process.111: Tratado em execução anterior do BOT
2024-04-12 14:28:55,137; INFO; main.process.64: extrato_list_nao_tratado processo 33
2024-04-12 14:28:55,137; INFO; main.process.68: PASSANDO PARA PROXIMO PROCESSO
2024-04-12 14:28:55,138; INFO; main.process.71: PROCESSO 34 de 55 A SER TRATADO: {'data': '03-04-2024', 'pi': '3983606', 'inv': '136624', 'moeda': 'USD', 'montante': '-5960.00', 'saldo': '115173.41', 'nome': 'Sigmasat USA Inc', 'cod': None}
2024-04-12 14:28:55,138; INFO; main.process.82: inv original 136624. tamanho 6
2024-04-12 14:28:55,138; INFO; main.process.87: inv TRATADA 00013662401. tamanho 11
2024-04-12 14:28:55,139; INFO; main.process.99: data: 03042024 <class 'str'>

                        pi: 3983606 <class 'str'>

                        inv: 00013662401 <class 'str'>

                        moeda: USD <class 'str'>

                        montante: 5960,00 <class 'str'>

                        saldo: 115173.41 <class 'str'>

                        nome: Sigmasat USA Inc <class 'str'>

                        cod: None <class 'NoneType'>
2024-04-12 14:28:55,140; INFO; main.process.111: Tratado em execução anterior do BOT
2024-04-12 14:28:55,141; INFO; main.process.64: extrato_list_nao_tratado processo 34
2024-04-12 14:28:55,141; INFO; main.process.68: PASSANDO PARA PROXIMO PROCESSO
2024-04-12 14:28:55,141; INFO; main.process.71: PROCESSO 35 de 55 A SER TRATADO: {'data': '03-04-2024', 'pi': '3983602', 'inv': '136524', 'moeda': 'USD', 'montante': '-5960.00', 'saldo': '121133.41', 'nome': 'Sigmasat USA Inc', 'cod': None}
2024-04-12 14:28:55,142; INFO; main.process.82: inv original 136524. tamanho 6
2024-04-12 14:28:55,142; INFO; main.process.87: inv TRATADA 00013652401. tamanho 11
2024-04-12 14:28:55,142; INFO; main.process.99: data: 03042024 <class 'str'>

                        pi: 3983602 <class 'str'>

                        inv: 00013652401 <class 'str'>

                        moeda: USD <class 'str'>

                        montante: 5960,00 <class 'str'>

                        saldo: 121133.41 <class 'str'>

                        nome: Sigmasat USA Inc <class 'str'>

                        cod: None <class 'NoneType'>
2024-04-12 14:28:55,145; INFO; main.process.111: Tratado em execução anterior do BOT
2024-04-12 14:28:55,145; INFO; main.process.64: extrato_list_nao_tratado processo 35
2024-04-12 14:28:55,146; INFO; main.process.68: PASSANDO PARA PROXIMO PROCESSO
2024-04-12 14:28:55,146; INFO; main.process.71: PROCESSO 36 de 55 A SER TRATADO: {'data': '03-04-2024', 'pi': '3983600', 'inv': '136324', 'moeda': 'USD', 'montante': '-43520.00', 'saldo': '127093.41', 'nome': 'Sigmasat USA Inc', 'cod': None}
2024-04-12 14:28:55,146; INFO; main.process.82: inv original 136324. tamanho 6
2024-04-12 14:28:55,146; INFO; main.process.87: inv TRATADA 00013632401. tamanho 11
2024-04-12 14:28:55,147; INFO; main.process.99: data: 03042024 <class 'str'>

                        pi: 3983600 <class 'str'>

                        inv: 00013632401 <class 'str'>

                        moeda: USD <class 'str'>

                        montante: 43520,00 <class 'str'>

                        saldo: 127093.41 <class 'str'>

                        nome: Sigmasat USA Inc <class 'str'>

                        cod: None <class 'NoneType'>
2024-04-12 14:28:55,148; INFO; main.process.111: Tratado em execução anterior do BOT
2024-04-12 14:28:55,149; INFO; main.process.64: extrato_list_nao_tratado processo 36
2024-04-12 14:28:55,149; INFO; main.process.68: PASSANDO PARA PROXIMO PROCESSO
2024-04-12 14:28:55,149; INFO; main.process.71: PROCESSO 37 de 55 A SER TRATADO: {'data': '03-04-2024', 'pi': '3983598', 'inv': '136424', 'moeda': 'USD', 'montante': '-5960.00', 'saldo': '170613.41', 'nome': 'Sigmasat USA Inc', 'cod': None}
2024-04-12 14:28:55,149; INFO; main.process.82: inv original 136424. tamanho 6
2024-04-12 14:28:55,150; INFO; main.process.87: inv TRATADA 00013642401. tamanho 11
2024-04-12 14:28:55,150; INFO; main.process.99: data: 03042024 <class 'str'>

                        pi: 3983598 <class 'str'>

                        inv: 00013642401 <class 'str'>

                        moeda: USD <class 'str'>

                        montante: 5960,00 <class 'str'>

                        saldo: 170613.41 <class 'str'>

                        nome: Sigmasat USA Inc <class 'str'>

                        cod: None <class 'NoneType'>
2024-04-12 14:28:55,151; INFO; main.process.111: Tratado em execução anterior do BOT
2024-04-12 14:28:55,152; INFO; main.process.64: extrato_list_nao_tratado processo 37
2024-04-12 14:28:55,152; INFO; main.process.68: PASSANDO PARA PROXIMO PROCESSO
2024-04-12 14:28:55,153; INFO; main.process.71: PROCESSO 38 de 55 A SER TRATADO: {'data': '03-04-2024', 'pi': '3983596', 'inv': '136224', 'moeda': 'USD', 'montante': '-43520.00', 'saldo': '176573.41', 'nome': 'Sigmasat USA Inc', 'cod': None}
2024-04-12 14:28:55,153; INFO; main.process.82: inv original 136224. tamanho 6
2024-04-12 14:28:55,153; INFO; main.process.87: inv TRATADA 00013622401. tamanho 11
2024-04-12 14:28:55,153; INFO; main.process.99: data: 03042024 <class 'str'>

                        pi: 3983596 <class 'str'>

                        inv: 00013622401 <class 'str'>

                        moeda: USD <class 'str'>

                        montante: 43520,00 <class 'str'>

                        saldo: 176573.41 <class 'str'>

                        nome: Sigmasat USA Inc <class 'str'>

                        cod: None <class 'NoneType'>
2024-04-12 14:28:55,155; INFO; main.process.111: Tratado em execução anterior do BOT
2024-04-12 14:28:55,156; INFO; main.process.64: extrato_list_nao_tratado processo 38
2024-04-12 14:28:55,156; INFO; main.process.68: PASSANDO PARA PROXIMO PROCESSO
2024-04-12 14:28:55,156; INFO; main.process.71: PROCESSO 39 de 55 A SER TRATADO: {'data': '03-04-2024', 'pi': '3983595', 'inv': '137324', 'moeda': 'USD', 'montante': '-5960.00', 'saldo': '220093.41', 'nome': 'Sigmasat USA Inc', 'cod': None}
2024-04-12 14:28:55,156; INFO; main.process.82: inv original 137324. tamanho 6
2024-04-12 14:28:55,157; INFO; main.process.87: inv TRATADA 00013732401. tamanho 11
2024-04-12 14:28:55,157; INFO; main.process.99: data: 03042024 <class 'str'>

                        pi: 3983595 <class 'str'>

                        inv: 00013732401 <class 'str'>

                        moeda: USD <class 'str'>

                        montante: 5960,00 <class 'str'>

                        saldo: 220093.41 <class 'str'>

                        nome: Sigmasat USA Inc <class 'str'>

                        cod: None <class 'NoneType'>
2024-04-12 14:28:55,160; INFO; main.process.111: Tratado em execução anterior do BOT
2024-04-12 14:28:55,161; INFO; main.process.64: extrato_list_nao_tratado processo 39
2024-04-12 14:28:55,161; INFO; main.process.68: PASSANDO PARA PROXIMO PROCESSO
2024-04-12 14:28:55,161; INFO; main.process.71: PROCESSO 40 de 55 A SER TRATADO: {'data': '01-04-2024', 'pi': '3974550', 'inv': '3748', 'moeda': 'USD', 'montante': '-7000.00', 'saldo': '299695.95', 'nome': 'ARGO COMMUNICATIONS', 'cod': None}
2024-04-12 14:28:55,162; INFO; main.process.82: inv original 3748. tamanho 4
2024-04-12 14:28:55,162; INFO; main.process.87: inv TRATADA 00000374801. tamanho 11
2024-04-12 14:28:55,162; INFO; main.process.99: data: 01042024 <class 'str'>

                        pi: 3974550 <class 'str'>

                        inv: 00000374801 <class 'str'>

                        moeda: USD <class 'str'>

                        montante: 7000,00 <class 'str'>

                        saldo: 299695.95 <class 'str'>

                        nome: ARGO COMMUNICATIONS <class 'str'>

                        cod: None <class 'NoneType'>
2024-04-12 14:28:55,164; INFO; main.process.111: Tratado em execução anterior do BOT
2024-04-12 14:28:55,164; INFO; main.process.64: extrato_list_nao_tratado processo 40
2024-04-12 14:28:55,165; INFO; main.process.68: PASSANDO PARA PROXIMO PROCESSO
2024-04-12 14:28:55,165; INFO; main.process.71: PROCESSO 41 de 55 A SER TRATADO: {'data': '01-04-2024', 'pi': '3974525', 'inv': '1000128', 'moeda': 'USD', 'montante': '-77456.92', 'saldo': '306695.95', 'nome': 'SEABRIDGE MARINE ENGINEERING AND', 'cod': None}
2024-04-12 14:28:55,166; INFO; main.process.82: inv original 1000128. tamanho 7
2024-04-12 14:28:55,166; INFO; main.process.87: inv TRATADA 00100012801. tamanho 11
2024-04-12 14:28:55,166; INFO; main.process.99: data: 01042024 <class 'str'>

                        pi: 3974525 <class 'str'>

                        inv: 00100012801 <class 'str'>

                        moeda: USD <class 'str'>

                        montante: 77456,92 <class 'str'>

                        saldo: 306695.95 <class 'str'>

                        nome: SEABRIDGE MARINE ENGINEERING AND <class 'str'>

                        cod: None <class 'NoneType'>
2024-04-12 14:28:55,168; INFO; functions.filter_lancamento.196: filter_lancamento : 1
2024-04-12 14:29:05,453; INFO; functions.filter_lancamento.223: ESCREVE Número do documento NO FILTRO
2024-04-12 14:29:07,063; INFO; functions.filter_lancamento.228: CLICK - BOTÃO DE SELECAO DE FILTRO
2024-04-12 14:29:09,073; INFO; functions.filter_lancamento.253: VALOR DE 00100012801 FILTRO
2024-04-12 14:29:09,719; INFO; functions.filter_lancamento.258: CLICK - BOTÃO DE EXECUTAR O FILTRO
2024-04-12 14:29:14,782; INFO; functions.desmark_filter.315: CLICK CHECKBOX LANÇAMENTOS A RECEBER
2024-04-12 14:29:15,594; INFO; functions.desmark_filter.319: CLICK CHECKBOX LANÇAMENTOS BAIXADOS
2024-04-12 14:29:16,439; INFO; functions.desmark_filter.323: CLICK CHECKBOX LANÇAMENTOS CANCELADOS
2024-04-12 14:29:17,363; INFO; functions.desmark_filter.327: CLICK CHECKBOX LANÇAMENTOS FATURADOS
2024-04-12 14:29:18,250; INFO; functions.desmark_filter.331: ATUALIZA O FILTRO
2024-04-12 14:29:18,339; INFO; functions.waitForImage.940: FILTER CLEAN image found.
2024-04-12 14:29:18,441; INFO; functions.filter_clean.266: CLICA NO BOTÃO X DO LIMPA FILTRO - TENTATIVA 1
2024-04-12 14:29:30,547; INFO; functions.waitForImage.971: FILTER CLEAN image not found.
2024-04-12 14:29:30,547; INFO; functions.filter_clean.269: BOTÃO X DO LIMPA FILTRO NÃO ENCONTRADO - TENTATIVA 2
2024-04-12 14:29:40,641; INFO; functions.waitForImage.971: FILTER CLEAN image not found.
2024-04-12 14:29:40,641; INFO; functions.filter_clean.269: BOTÃO X DO LIMPA FILTRO NÃO ENCONTRADO - TENTATIVA 3
2024-04-12 14:29:41,547; INFO; functions.select_tipo_documento.276: NOME DA COLUNA: Tipo de Documento
2024-04-12 14:29:42,797; INFO; functions.select_tipo_documento.280: HOVER NOME DA COLUNA: Tipo de Documento
2024-04-12 14:29:44,383; INFO; functions.select_tipo_documento.292: CLICA NO FILTRO PERSONALIZAR
2024-04-12 14:29:45,313; INFO; functions.select_tipo_documento.296: CLICA PARA SELECIONAR OPÇÕES DO FILTRO
2024-04-12 14:29:52,344; INFO; functions.select_tipo_documento.308: CLICK BUTTON CONFIRMAR FILTRO
2024-04-12 14:29:52,344; INFO; functions.check_table_record.336: VERIFICANDO SE A TABELA ESTÁ VAZIA
2024-04-12 14:29:53,172; INFO; functions.check_table_record.340: VERIFICAdo
2024-04-12 14:29:53,962; INFO; functions.check_table_record.346: CTRL+G
2024-04-12 14:29:54,578; INFO; functions.check_table_record.350: ATENÇÃO: 

Este processo exige que seja selecionado ao menos um registro para sua execução.
Como não foi feita nenhuma seleção, você deseja executá-lo para TODOS os 1 registros?
2024-04-12 14:29:56,583; INFO; functions.check_table_record.364: NUMERO DE REGISTROS ENCONTRADOS: 1
2024-04-12 14:29:58,305; INFO; functions.check_table_record.370: CLICK NÃO
2024-04-12 14:30:00,328; INFO; functions.check_inv.468: MOVIDO PRA CIMA 1 VEZES
2024-04-12 14:30:01,289; INFO; functions.check_inv.475: PRIMEIRA CELULA CLICADA
2024-04-12 14:30:04,818; INFO; functions.check_inv.479: 35 PASSOS PARA ESQUERDA
2024-04-12 14:30:06,648; INFO; functions.check_inv.484: 18 PASSOS PARA DIREITA
2024-04-12 14:30:08,649; INFO; functions.check_inv.490: BUSCA NA LINHA: 1
2024-04-12 14:30:08,649; INFO; functions.check_inv.496: ctrl c
2024-04-12 14:30:09,251; INFO; functions.check_inv.500: Historico completo: INV - 01000128 - PT SNEPAC SHIPPING 
2024-04-12 14:30:09,251; INFO; functions.check_inv.586: ULTIMA INV, COLIGADA OU VALOR INCORRETAS ENCONTRADAS: 01000128 - PT SNEPAC SHIPPING 
2024-04-12 14:30:09,251; INFO; functions.check_inv.589: Processo não encontrado
2024-04-12 14:30:09,251; INFO; main.process.144: Processo não encontrado
2024-04-12 14:30:09,251; INFO; main.process.146: Processo não encontrado
2024-04-12 14:30:09,251; INFO; main.process.64: extrato_list_nao_tratado processo 41
2024-04-12 14:30:09,251; INFO; main.process.68: PASSANDO PARA PROXIMO PROCESSO
2024-04-12 14:30:09,251; INFO; main.process.71: PROCESSO 42 de 55 A SER TRATADO: {'data': '01-04-2024', 'pi': '3974513', 'inv': '1000128', 'moeda': 'USD', 'montante': '-165.00', 'saldo': '384152.87', 'nome': 'PT. SNEPAC SHIPPING', 'cod': None}
2024-04-12 14:30:09,251; INFO; main.process.82: inv original 1000128. tamanho 7
2024-04-12 14:30:09,251; INFO; main.process.87: inv TRATADA 00100012801. tamanho 11
2024-04-12 14:30:09,251; INFO; main.process.99: data: 01042024 <class 'str'>

                        pi: 3974513 <class 'str'>

                        inv: 00100012801 <class 'str'>

                        moeda: USD <class 'str'>

                        montante: 165,00 <class 'str'>

                        saldo: 384152.87 <class 'str'>

                        nome: PT. SNEPAC SHIPPING <class 'str'>

                        cod: None <class 'NoneType'>
2024-04-12 14:30:09,251; INFO; functions.filter_lancamento.231: filter_lancamento : 2
2024-04-12 14:30:11,079; INFO; functions.waitForImage.940: NOVO FILTRO image found.
2024-04-12 14:30:11,205; INFO; functions.filter_lancamento.240: CLICK - BOTÃO DE NOVA SELECAO DE FILTRO
2024-04-12 14:30:12,955; INFO; functions.filter_lancamento.253: VALOR DE 00100012801 FILTRO
2024-04-12 14:30:13,625; INFO; functions.filter_lancamento.258: CLICK - BOTÃO DE EXECUTAR O FILTRO
2024-04-12 14:30:13,625; INFO; functions.check_table_record.336: VERIFICANDO SE A TABELA ESTÁ VAZIA
2024-04-12 14:30:15,419; INFO; functions.check_table_record.340: VERIFICAdo
2024-04-12 14:30:16,197; INFO; functions.check_table_record.346: CTRL+G
2024-04-12 14:30:16,813; INFO; functions.check_table_record.350: ATENÇÃO: 

Este processo exige que seja selecionado ao menos um registro para sua execução.
Como não foi feita nenhuma seleção, você deseja executá-lo para TODOS os 1 registros?
2024-04-12 14:30:18,828; INFO; functions.check_table_record.364: NUMERO DE REGISTROS ENCONTRADOS: 1
