07-11-2023 16:55:20.905Z;functions.bot_text_art;      ____   
07-11-2023 16:55:20.905Z;functions.bot_text_art;     [____]    
07-11-2023 16:55:20.905Z;functions.bot_text_art;   |=]()()[=|  
07-11-2023 16:55:20.905Z;functions.bot_text_art;     _\==/__    _____    ____     _        _____    ___   _  __
07-11-2023 16:55:20.906Z;functions.bot_text_art;   |__|   |_|  |  _  \  / ___|   | |      |_   _| / ___| | |/ /
07-11-2023 16:55:20.906Z;functions.bot_text_art;   |_|_/\_|_|  | |  | | | |      | |        | |   | |    | ' / 
07-11-2023 16:55:20.906Z;functions.bot_text_art;   | | __ | |  | |  | | | |      | |        | |   | |    |  <  
07-11-2023 16:55:20.907Z;functions.bot_text_art;   |_|[  ]|_|  | |__| | | |____  | |____   _| |_  | |__  | . \ 
07-11-2023 16:55:20.908Z;functions.bot_text_art;   \_|_||_|_/  |_____/   \_____| |______| |_____| \ ___| |_|\_\
07-11-2023 16:55:20.908Z;functions.bot_text_art;     |_||_|                                                     
07-11-2023 16:55:20.908Z;functions.bot_text_art;     | ||_|_   
07-11-2023 16:55:20.908Z;functions.bot_text_art;   |___||___|  
07-11-2023 16:55:20.909Z;functions.bot_text_art;               
07-11-2023 16:55:20.912Z;functions.open_RM;  OPEN PROGRAM RM
07-11-2023 16:55:27.989Z;functions.loggin_RM;  ENTER USER_NAME
07-11-2023 16:55:28.784Z;functions.loggin_RM;  ENTER PASSWORD
07-11-2023 16:55:29.436Z;functions.loggin_RM;  ENTER RM
07-11-2023 16:55:49.508Z;functions.enter_coligada;  CLICK CONTEXTO
07-11-2023 16:55:53.377Z;functions.enter_coligada;  CLICK COLIGADA 1
07-11-2023 16:55:54.566Z;functions.enter_coligada;  CLICK AVANÇAR
07-11-2023 16:55:56.415Z;functions.enter_coligada;  INSERE O COLIGADA CODE = 1
07-11-2023 16:55:56.517Z;functions.enter_coligada;  APERTA TAB PARA PREENCHER O CAMPO COM A STRING: OCEANICA ENGENHARIA E CONSULTORIA S.A.
07-11-2023 16:55:57.493Z;functions.enter_coligada;  CLICK AVANÇAR NOVAMENTE
07-11-2023 16:55:58.369Z;functions.enter_coligada;  CLICK CONCLUIR
07-11-2023 16:56:08.980Z;functions.enter_coligada;  POP UP COLIGADA DESAPARECER
07-11-2023 16:56:09.600Z;functions.enter_contas_a_pagar;  CLICK - TOTVS - LINHA RM
07-11-2023 16:56:10.691Z;functions.enter_contas_a_pagar;  CLICK - BACK OFFICE
07-11-2023 16:56:12.999Z;functions.enter_contas_a_pagar;  CLICK - GESTAO FINANCEIRA
07-11-2023 16:56:18.265Z;functions.enter_contas_a_pagar;  CLICK - CONTAS A PAGAR
07-11-2023 16:56:18.354Z;functions.waitForImage;  LANÇAMENTOS image found.
07-11-2023 16:56:20.481Z;functions.enter_contas_a_pagar;  CLICA EM LANÇAMENTOS
07-11-2023 16:56:22.482Z;functions.data_filter;  CLICK - SELECIONA A DATA DE QUARTA FEIRA E DA PROXIMA TERÇA
07-11-2023 16:56:22.482Z;functions.data_filter;  QUARTA-FEIRA: 08-11-2023
07-11-2023 16:56:22.483Z;functions.data_filter;  TERCA-FEIRA: 14-11-2023
07-11-2023 16:56:28.511Z;functions.data_filter;  ESCREVE REMESSA PAGAMENTO PIX NO FILTRO
07-11-2023 16:56:29.117Z;functions.data_filter;  CLICK - BUTÃO DE SELECAO DE FILTRO
07-11-2023 16:56:31.254Z;functions.data_filter;  INSERE - DATA DE QUARTA-FEIRA: 08-11-2023
07-11-2023 16:56:32.824Z;functions.data_filter;  INSERE - DATA DA PROX TERCA-FEIRA: 14-11-2023
07-11-2023 16:56:33.427Z;functions.data_filter;  CLICK - BUTÃO DE EXECUTAR O FILTRO
07-11-2023 16:56:46.541Z;functions.select_tipo_documento;  NOME DA COLUNA: Tipo de Documento
07-11-2023 16:56:47.740Z;functions.select_tipo_documento;  HOVER NOME DA COLUNA: Tipo de Documento
07-11-2023 16:56:47.874Z;functions.select_tipo_documento;  CLICA PARA APARECER O FILTRO PERSONALIZAR
07-11-2023 16:56:48.184Z;functions.select_tipo_documento;  CLICA NO FILTRO PERSONALIZAR
07-11-2023 16:56:49.037Z;functions.select_tipo_documento;  CLICA PARA SELECIONAR OPÇÕES DO FILTRO
07-11-2023 16:56:56.072Z;functions.select_tipo_documento;  CLICK BUTTON CONFIRMAR FILTRO
07-11-2023 16:56:57.002Z;functions.desmark_filter;  CLICK CHECKBOX LANÇAMENTOS A RECEBER
07-11-2023 16:56:57.797Z;functions.desmark_filter;  CLICK CHECKBOX LANÇAMENTOS BAIXADOS
07-11-2023 16:56:58.627Z;functions.desmark_filter;  CLICK CHECKBOX LANÇAMENTOS CANCELADOS
07-11-2023 16:56:59.483Z;functions.desmark_filter;  CLICK CHECKBOX LANÇAMENTOS FATURADOS
07-11-2023 16:57:00.414Z;functions.desmark_filter;  CLICK CHECKBOX LANÇAMENTOS FATURADOS
07-11-2023 16:57:01.166Z;functions.process_lancamentos;  SELECIONA TODOS OS LANÇAMENTOS PARA SEREM PROCESSADOS
07-11-2023 16:57:22.842Z;functions.show_exception_and_exit;  'NoneType' object has no attribute 'click'
Traceback (most recent call last):
  File "c:\Projetos\Remessas_Pix\main.py", line 18, in <module>
    process_lancamentos()
  File "c:\Projetos\Remessas_Pix\SUBPROGRAMS\functions.py", line 428, in process_lancamentos
    click_combo.click()
    ^^^^^^^^^^^^^^^^^
AttributeError: 'NoneType' object has no attribute 'click'
