2023-12-11 18:42:35.846Z;teste2.check_inv;  35 PASSOS PARA ESQUERDA
2023-12-11 18:42:37.793Z;teste2.check_inv;  19 PASSOS PARA DIREITA
2023-12-11 18:42:39.794Z;teste2.check_inv;  BUSCA NA LINHA: 0
2023-12-11 18:42:39.796Z;teste2.check_inv;  ctrl c
2023-12-11 18:42:40.402Z;teste2.check_inv;  Historico completo: INV - xxxxx - VDR SPECIALIZED CRANE EQUIPMENT MANUFACTURING LLC
2023-12-11 18:42:40.405Z;teste2.check_inv;  INV E COLIGADA INCORRETAS ENCONTRADAS: erro: INV NÃO ENCONTRADA - erro: COLIGADA NÃO ENCONTRADA
2023-12-11 18:42:40.408Z;teste2.check_inv;  TESTE: 51
2023-12-11 18:42:41.012Z;teste2.check_inv;  APERTA PARA BAIXO PARA VERIFICAR O PRÓXIMO REGISTRO
2023-12-11 18:42:41.013Z;teste2.check_inv;  BUSCA NA LINHA: 1
2023-12-11 18:42:41.015Z;teste2.check_inv;  ctrl c
2023-12-11 18:42:41.621Z;teste2.check_inv;  Historico completo: INV - 020558915 - KONGSBERG MARITIME AS
2023-12-11 18:42:41.622Z;teste2.check_inv;  INV E COLIGADA INCORRETAS ENCONTRADAS: 020558915 - KONGSBERG MARITIME AS
2023-12-11 18:42:41.624Z;teste2.check_inv;  TESTE: 51
2023-12-11 18:42:42.227Z;teste2.check_inv;  APERTA PARA BAIXO PARA VERIFICAR O PRÓXIMO REGISTRO
2023-12-11 18:42:42.228Z;teste2.check_inv;  BUSCA NA LINHA: 2
2023-12-11 18:42:42.230Z;teste2.check_inv;  ctrl c
2023-12-11 18:42:42.835Z;teste2.check_inv;  Historico completo: INV - 02022685 - TSCHUDI SHIP MANAGEMENT AS 
2023-12-11 18:42:42.837Z;teste2.check_inv;  INV E COLIGADA INCORRETAS ENCONTRADAS: 02022685 - TSCHUDI SHIP MANAGEMENT AS 
2023-12-11 18:42:42.840Z;teste2.check_inv;  TESTE: 51
2023-12-11 18:42:43.443Z;teste2.check_inv;  APERTA PARA BAIXO PARA VERIFICAR O PRÓXIMO REGISTRO
2023-12-11 18:42:43.444Z;teste2.check_inv;  BUSCA NA LINHA: 3
2023-12-11 18:42:43.445Z;teste2.check_inv;  ctrl c
2023-12-11 18:42:44.050Z;teste2.check_inv;  Historico completo: INV - 19042023 - TSCHUDI SHIP MANAGEMENT AS 
2023-12-11 18:42:44.052Z;teste2.check_inv;  INV E COLIGADA INCORRETAS ENCONTRADAS: 19042023 - TSCHUDI SHIP MANAGEMENT AS 
2023-12-11 18:42:44.054Z;teste2.check_inv;  TESTE: 51
2023-12-11 18:42:44.657Z;teste2.check_inv;  APERTA PARA BAIXO PARA VERIFICAR O PRÓXIMO REGISTRO
2023-12-11 18:42:44.658Z;teste2.check_inv;  BUSCA NA LINHA: 4
2023-12-11 18:42:44.660Z;teste2.check_inv;  ctrl c
2023-12-11 18:42:45.265Z;teste2.check_inv;  Historico completo: INV - 23032023 - TSCHUDI SHIP MANAGEMENT AS 
2023-12-11 18:42:45.267Z;teste2.check_inv;  INV E COLIGADA INCORRETAS ENCONTRADAS: 23032023 - TSCHUDI SHIP MANAGEMENT AS 
2023-12-11 18:42:45.268Z;teste2.check_inv;  TESTE: 51
2023-12-11 18:42:45.872Z;teste2.check_inv;  APERTA PARA BAIXO PARA VERIFICAR O PRÓXIMO REGISTRO
2023-12-11 18:42:45.873Z;teste2.check_inv;  BUSCA NA LINHA: 5
2023-12-11 18:42:45.876Z;teste2.check_inv;  ctrl c
2023-12-11 18:42:46.482Z;teste2.check_inv;  Historico completo: INV - 00017986 - INTERTRUST GROUP A CSC COMPANY 
2023-12-11 18:42:46.484Z;teste2.check_inv;  INV E COLIGADA INCORRETAS ENCONTRADAS: 00017986 - INTERTRUST GROUP A CSC COMPANY 
2023-12-11 18:42:46.486Z;teste2.check_inv;  TESTE: 51
2023-12-11 18:42:47.089Z;teste2.check_inv;  APERTA PARA BAIXO PARA VERIFICAR O PRÓXIMO REGISTRO
2023-12-11 18:42:47.091Z;teste2.check_inv;  BUSCA NA LINHA: 6
2023-12-11 18:42:47.092Z;teste2.check_inv;  ctrl c
2023-12-11 18:42:47.700Z;teste2.check_inv;  Historico completo: INV - 00016246 - INTERTRUST GROUP A CSC COMPANY 
2023-12-11 18:42:47.702Z;teste2.check_inv;  INV E COLIGADA INCORRETAS ENCONTRADAS: 00016246 - INTERTRUST GROUP A CSC COMPANY 
2023-12-11 18:42:47.703Z;teste2.check_inv;  TESTE: 51
2023-12-11 18:42:48.307Z;teste2.check_inv;  APERTA PARA BAIXO PARA VERIFICAR O PRÓXIMO REGISTRO
2023-12-11 18:42:48.308Z;teste2.check_inv;  BUSCA NA LINHA: 7
2023-12-11 18:42:48.309Z;teste2.check_inv;  ctrl c
2023-12-11 18:42:48.914Z;teste2.check_inv;  Historico completo: INV - 00016855 - INTERTRUST GROUP A CSC COMPANY 
2023-12-11 18:42:48.916Z;teste2.check_inv;  INV E COLIGADA INCORRETAS ENCONTRADAS: 00016855 - INTERTRUST GROUP A CSC COMPANY 
2023-12-11 18:42:48.918Z;teste2.check_inv;  TESTE: 51
2023-12-11 18:42:49.522Z;teste2.check_inv;  APERTA PARA BAIXO PARA VERIFICAR O PRÓXIMO REGISTRO
2023-12-11 18:42:49.523Z;teste2.check_inv;  BUSCA NA LINHA: 8
2023-12-11 18:42:49.524Z;teste2.check_inv;  ctrl c
2023-12-11 18:42:50.129Z;teste2.check_inv;  Historico completo: INV - 00015566 - INTERTRUST GROUP A CSC COMPANY 
2023-12-11 18:42:50.131Z;teste2.check_inv;  INV E COLIGADA INCORRETAS ENCONTRADAS: 00015566 - INTERTRUST GROUP A CSC COMPANY 
2023-12-11 18:42:50.133Z;teste2.check_inv;  TESTE: 51
2023-12-11 18:42:50.738Z;teste2.check_inv;  APERTA PARA BAIXO PARA VERIFICAR O PRÓXIMO REGISTRO
2023-12-11 18:42:50.739Z;teste2.check_inv;  BUSCA NA LINHA: 9
2023-12-11 18:42:50.740Z;teste2.check_inv;  ctrl c
2023-12-11 18:42:51.345Z;teste2.check_inv;  Historico completo: INV - 00014116 - INTERTRUST GROUP A CSC COMPANY 
2023-12-11 18:42:51.347Z;teste2.check_inv;  INV E COLIGADA INCORRETAS ENCONTRADAS: 00014116 - INTERTRUST GROUP A CSC COMPANY 
2023-12-11 18:42:51.349Z;teste2.check_inv;  TESTE: 51
2023-12-11 18:42:51.952Z;teste2.check_inv;  APERTA PARA BAIXO PARA VERIFICAR O PRÓXIMO REGISTRO
2023-12-11 18:42:51.953Z;teste2.check_inv;  BUSCA NA LINHA: 10
2023-12-11 18:42:51.954Z;teste2.check_inv;  ctrl c
2023-12-11 18:42:52.560Z;teste2.check_inv;  Historico completo: INV - 003231968 - Brunvoll AS
2023-12-11 18:42:52.562Z;teste2.check_inv;  INV E COLIGADA INCORRETAS ENCONTRADAS: 003231968 - Brunvoll AS
2023-12-11 18:42:52.563Z;teste2.check_inv;  TESTE: 51
2023-12-11 18:42:53.166Z;teste2.check_inv;  APERTA PARA BAIXO PARA VERIFICAR O PRÓXIMO REGISTRO
2023-12-11 18:42:53.167Z;teste2.check_inv;  BUSCA NA LINHA: 11
2023-12-11 18:42:53.168Z;teste2.check_inv;  ctrl c
2023-12-11 18:42:53.774Z;teste2.check_inv;  Historico completo: INV - 04816723 - CORROSION MARITIME 
2023-12-11 18:42:53.775Z;teste2.check_inv;  INV E COLIGADA INCORRETAS ENCONTRADAS: 04816723 - CORROSION MARITIME 
2023-12-11 18:42:53.778Z;teste2.check_inv;  TESTE: 51
2023-12-11 18:42:54.381Z;teste2.check_inv;  APERTA PARA BAIXO PARA VERIFICAR O PRÓXIMO REGISTRO
2023-12-11 18:42:54.382Z;teste2.check_inv;  BUSCA NA LINHA: 12
2023-12-11 18:42:54.383Z;teste2.check_inv;  ctrl c
2023-12-11 18:42:54.988Z;teste2.check_inv;  Historico completo: INV - 00005596 - MOTIVE POWER MARINE E PORT SHIPYARD 
2023-12-11 18:42:54.990Z;teste2.check_inv;  INV E COLIGADA INCORRETAS ENCONTRADAS: 00005596 - MOTIVE POWER MARINE E PORT SHIPYARD 
2023-12-11 18:42:54.992Z;teste2.check_inv;  TESTE: 51
2023-12-11 18:42:55.595Z;teste2.check_inv;  APERTA PARA BAIXO PARA VERIFICAR O PRÓXIMO REGISTRO
2023-12-11 18:42:55.596Z;teste2.check_inv;  BUSCA NA LINHA: 13
2023-12-11 18:42:55.597Z;teste2.check_inv;  ctrl c
2023-12-11 18:42:56.202Z;teste2.check_inv;  Historico completo: INV - 00002621 - NORDIC P&I AS 
2023-12-11 18:42:56.204Z;teste2.check_inv;  INV E COLIGADA INCORRETAS ENCONTRADAS: 00002621 - NORDIC P&I AS 
2023-12-11 18:42:56.206Z;teste2.check_inv;  TESTE: 51
2023-12-11 18:42:56.808Z;teste2.check_inv;  APERTA PARA BAIXO PARA VERIFICAR O PRÓXIMO REGISTRO
2023-12-11 18:42:56.809Z;teste2.check_inv;  BUSCA NA LINHA: 14
2023-12-11 18:42:56.810Z;teste2.check_inv;  ctrl c
2023-12-11 18:42:57.414Z;teste2.check_inv;  Historico completo: INV - 90306846 - KONGSBERG MARITIME AS 
2023-12-11 18:42:57.415Z;teste2.check_inv;  INV E COLIGADA INCORRETAS ENCONTRADAS: 90306846 - KONGSBERG MARITIME AS 
2023-12-11 18:42:57.417Z;teste2.check_inv;  TESTE: 51
2023-12-11 18:42:58.020Z;teste2.check_inv;  APERTA PARA BAIXO PARA VERIFICAR O PRÓXIMO REGISTRO
2023-12-11 18:42:58.021Z;teste2.check_inv;  BUSCA NA LINHA: 15
2023-12-11 18:42:58.022Z;teste2.check_inv;  ctrl c
2023-12-11 18:42:58.627Z;teste2.check_inv;  Historico completo: INV - 90306844 - KONGSBERG MARITIME AS 
2023-12-11 18:42:58.628Z;teste2.check_inv;  INV E COLIGADA INCORRETAS ENCONTRADAS: 90306844 - KONGSBERG MARITIME AS 
2023-12-11 18:42:58.630Z;teste2.check_inv;  TESTE: 51
2023-12-11 18:42:59.233Z;teste2.check_inv;  APERTA PARA BAIXO PARA VERIFICAR O PRÓXIMO REGISTRO
2023-12-11 18:42:59.235Z;teste2.check_inv;  BUSCA NA LINHA: 16
2023-12-11 18:42:59.235Z;teste2.check_inv;  ctrl c
2023-12-11 18:42:59.840Z;teste2.check_inv;  Historico completo: INV - 01612796 - Loyens & Loeff N.V 
2023-12-11 18:42:59.841Z;teste2.check_inv;  INV E COLIGADA INCORRETAS ENCONTRADAS: 01612796 - Loyens & Loeff N.V 
2023-12-11 18:42:59.843Z;teste2.check_inv;  TESTE: 51
2023-12-11 18:43:00.447Z;teste2.check_inv;  APERTA PARA BAIXO PARA VERIFICAR O PRÓXIMO REGISTRO
2023-12-11 18:43:00.448Z;teste2.check_inv;  BUSCA NA LINHA: 17
2023-12-11 18:43:00.449Z;teste2.check_inv;  ctrl c
2023-12-11 18:43:01.054Z;teste2.check_inv;  Historico completo: INV - 01027042 - DIMO 
2023-12-11 18:43:01.055Z;teste2.check_inv;  INV E COLIGADA INCORRETAS ENCONTRADAS: 01027042 - DIMO 
2023-12-11 18:43:01.056Z;teste2.check_inv;  TESTE: 51
2023-12-11 18:43:01.660Z;teste2.check_inv;  APERTA PARA BAIXO PARA VERIFICAR O PRÓXIMO REGISTRO
2023-12-11 18:43:01.661Z;teste2.check_inv;  BUSCA NA LINHA: 18
2023-12-11 18:43:01.662Z;teste2.check_inv;  ctrl c
2023-12-11 18:43:02.268Z;teste2.check_inv;  Historico completo: INV - 01027039 - DIMO 
2023-12-11 18:43:02.270Z;teste2.check_inv;  INV E COLIGADA INCORRETAS ENCONTRADAS: 01027039 - DIMO 
2023-12-11 18:43:02.272Z;teste2.check_inv;  TESTE: 51
2023-12-11 18:43:02.876Z;teste2.check_inv;  APERTA PARA BAIXO PARA VERIFICAR O PRÓXIMO REGISTRO
2023-12-11 18:43:02.877Z;teste2.check_inv;  BUSCA NA LINHA: 19
2023-12-11 18:43:02.878Z;teste2.check_inv;  ctrl c
2023-12-11 18:43:03.485Z;teste2.check_inv;  Historico completo: INV - 10166948 - KONGSBERG MARITIME AS 
2023-12-11 18:43:03.486Z;teste2.check_inv;  INV E COLIGADA INCORRETAS ENCONTRADAS: 10166948 - KONGSBERG MARITIME AS 
2023-12-11 18:43:03.488Z;teste2.check_inv;  TESTE: 51
2023-12-11 18:43:04.092Z;teste2.check_inv;  APERTA PARA BAIXO PARA VERIFICAR O PRÓXIMO REGISTRO
2023-12-11 18:43:04.093Z;teste2.check_inv;  BUSCA NA LINHA: 20
2023-12-11 18:43:04.094Z;teste2.check_inv;  ctrl c
2023-12-11 18:43:04.699Z;teste2.check_inv;  Historico completo: INV - 00000123 - BLUE GIMBALS PROJECT MANAGEMENT SERVICES 
2023-12-11 18:43:04.701Z;teste2.check_inv;  INV E COLIGADA INCORRETAS ENCONTRADAS: 00000123 - BLUE GIMBALS PROJECT MANAGEMENT SERVICES 
2023-12-11 18:43:04.704Z;teste2.check_inv;  TESTE: 51
2023-12-11 18:43:05.308Z;teste2.check_inv;  APERTA PARA BAIXO PARA VERIFICAR O PRÓXIMO REGISTRO
2023-12-11 18:43:05.309Z;teste2.check_inv;  BUSCA NA LINHA: 21
2023-12-11 18:43:05.311Z;teste2.check_inv;  ctrl c
2023-12-11 18:43:05.915Z;teste2.check_inv;  Historico completo: INV - 020573606 - KONGSBERG MARITIME AS
2023-12-11 18:43:05.916Z;teste2.check_inv;  INV E COLIGADA INCORRETAS ENCONTRADAS: 020573606 - KONGSBERG MARITIME AS
2023-12-11 18:43:05.918Z;teste2.check_inv;  TESTE: 51
2023-12-11 18:43:06.521Z;teste2.check_inv;  APERTA PARA BAIXO PARA VERIFICAR O PRÓXIMO REGISTRO
2023-12-11 18:43:06.522Z;teste2.check_inv;  BUSCA NA LINHA: 22
2023-12-11 18:43:06.524Z;teste2.check_inv;  ctrl c
2023-12-11 18:43:07.129Z;teste2.check_inv;  Historico completo: INV - 10646632 - DNV AS 
2023-12-11 18:43:07.131Z;teste2.check_inv;  INV E COLIGADA INCORRETAS ENCONTRADAS: 10646632 - DNV AS 
2023-12-11 18:43:07.132Z;teste2.check_inv;  TESTE: 51
2023-12-11 18:43:07.736Z;teste2.check_inv;  APERTA PARA BAIXO PARA VERIFICAR O PRÓXIMO REGISTRO
2023-12-11 18:43:07.737Z;teste2.check_inv;  BUSCA NA LINHA: 23
2023-12-11 18:43:07.738Z;teste2.check_inv;  ctrl c
2023-12-11 18:43:08.343Z;teste2.check_inv;  Historico completo: INV - 04230499 - Ocean TG Norway AS 
2023-12-11 18:43:08.344Z;teste2.check_inv;  INV E COLIGADA INCORRETAS ENCONTRADAS: 04230499 - Ocean TG Norway AS 
2023-12-11 18:43:08.346Z;teste2.check_inv;  TESTE: 51
2023-12-11 18:43:08.950Z;teste2.check_inv;  APERTA PARA BAIXO PARA VERIFICAR O PRÓXIMO REGISTRO
2023-12-11 18:43:08.951Z;teste2.check_inv;  BUSCA NA LINHA: 24
2023-12-11 18:43:08.952Z;teste2.check_inv;  ctrl c
2023-12-11 18:43:09.557Z;teste2.check_inv;  Historico completo: INV - 04230734 - Ocean TG Norway AS 
2023-12-11 18:43:09.558Z;teste2.check_inv;  INV E COLIGADA INCORRETAS ENCONTRADAS: 04230734 - Ocean TG Norway AS 
2023-12-11 18:43:09.560Z;teste2.check_inv;  TESTE: 51
2023-12-11 18:43:10.164Z;teste2.check_inv;  APERTA PARA BAIXO PARA VERIFICAR O PRÓXIMO REGISTRO
2023-12-11 18:43:10.165Z;teste2.check_inv;  BUSCA NA LINHA: 25
2023-12-11 18:43:10.166Z;teste2.check_inv;  ctrl c
2023-12-11 18:43:10.771Z;teste2.check_inv;  Historico completo: INV - 20230113 - UniSea AS 
2023-12-11 18:43:10.772Z;teste2.check_inv;  INV E COLIGADA INCORRETAS ENCONTRADAS: 20230113 - UniSea AS 
2023-12-11 18:43:10.773Z;teste2.check_inv;  TESTE: 51
2023-12-11 18:43:11.377Z;teste2.check_inv;  APERTA PARA BAIXO PARA VERIFICAR O PRÓXIMO REGISTRO
2023-12-11 18:43:11.378Z;teste2.check_inv;  BUSCA NA LINHA: 26
2023-12-11 18:43:11.379Z;teste2.check_inv;  ctrl c
2023-12-11 18:43:11.983Z;teste2.check_inv;  Historico completo: INV - 00016477 - MARLINK SA 
2023-12-11 18:43:11.984Z;teste2.check_inv;  INV E COLIGADA INCORRETAS ENCONTRADAS: 00016477 - MARLINK SA 
2023-12-11 18:43:11.985Z;teste2.check_inv;  TESTE: 51
2023-12-11 18:43:12.588Z;teste2.check_inv;  APERTA PARA BAIXO PARA VERIFICAR O PRÓXIMO REGISTRO
2023-12-11 18:43:12.590Z;teste2.check_inv;  BUSCA NA LINHA: 27
2023-12-11 18:43:12.591Z;teste2.check_inv;  ctrl c
2023-12-11 18:43:13.196Z;teste2.check_inv;  Historico completo: INV - 00580085 - MARLINK SA 
2023-12-11 18:43:13.197Z;teste2.check_inv;  INV E COLIGADA INCORRETAS ENCONTRADAS: 00580085 - MARLINK SA 
2023-12-11 18:43:13.198Z;teste2.check_inv;  TESTE: 51
2023-12-11 18:43:13.802Z;teste2.check_inv;  APERTA PARA BAIXO PARA VERIFICAR O PRÓXIMO REGISTRO
2023-12-11 18:43:13.803Z;teste2.check_inv;  BUSCA NA LINHA: 28
2023-12-11 18:43:13.805Z;teste2.check_inv;  ctrl c
2023-12-11 18:43:14.411Z;teste2.check_inv;  Historico completo: INV - 18092023 - TSCHUDI SHIP MANAGEMENT AS 
2023-12-11 18:43:14.413Z;teste2.check_inv;  INV E COLIGADA INCORRETAS ENCONTRADAS: 18092023 - TSCHUDI SHIP MANAGEMENT AS 
2023-12-11 18:43:14.415Z;teste2.check_inv;  TESTE: 51
2023-12-11 18:43:15.019Z;teste2.check_inv;  APERTA PARA BAIXO PARA VERIFICAR O PRÓXIMO REGISTRO
2023-12-11 18:43:15.020Z;teste2.check_inv;  BUSCA NA LINHA: 29
2023-12-11 18:43:15.021Z;teste2.check_inv;  ctrl c
2023-12-11 18:43:15.628Z;teste2.check_inv;  Historico completo: INV - 18092023 - TSCHUDI SHIP MANAGEMENT AS 
2023-12-11 18:43:15.630Z;teste2.check_inv;  INV E COLIGADA INCORRETAS ENCONTRADAS: 18092023 - TSCHUDI SHIP MANAGEMENT AS 
2023-12-11 18:43:15.631Z;teste2.check_inv;  TESTE: 51
2023-12-11 18:43:16.234Z;teste2.check_inv;  APERTA PARA BAIXO PARA VERIFICAR O PRÓXIMO REGISTRO
2023-12-11 18:43:16.235Z;teste2.check_inv;  BUSCA NA LINHA: 30
2023-12-11 18:43:16.236Z;teste2.check_inv;  ctrl c
2023-12-11 18:43:16.842Z;teste2.check_inv;  Historico completo: INV - 18092023 - TSCHUDI SHIP MANAGEMENT AS 
2023-12-11 18:43:16.844Z;teste2.check_inv;  INV E COLIGADA INCORRETAS ENCONTRADAS: 18092023 - TSCHUDI SHIP MANAGEMENT AS 
2023-12-11 18:43:16.846Z;teste2.check_inv;  TESTE: 51
2023-12-11 18:43:17.449Z;teste2.check_inv;  APERTA PARA BAIXO PARA VERIFICAR O PRÓXIMO REGISTRO
2023-12-11 18:43:17.450Z;teste2.check_inv;  BUSCA NA LINHA: 31
2023-12-11 18:43:17.451Z;teste2.check_inv;  ctrl c
2023-12-11 18:43:18.058Z;teste2.check_inv;  Historico completo: INV - 18092023 - TSCHUDI SHIP MANAGEMENT AS 
2023-12-11 18:43:18.060Z;teste2.check_inv;  INV E COLIGADA INCORRETAS ENCONTRADAS: 18092023 - TSCHUDI SHIP MANAGEMENT AS 
2023-12-11 18:43:18.062Z;teste2.check_inv;  TESTE: 51
2023-12-11 18:43:18.666Z;teste2.check_inv;  APERTA PARA BAIXO PARA VERIFICAR O PRÓXIMO REGISTRO
2023-12-11 18:43:18.668Z;teste2.check_inv;  BUSCA NA LINHA: 32
2023-12-11 18:43:18.669Z;teste2.check_inv;  ctrl c
2023-12-11 18:43:19.272Z;teste2.check_inv;  Historico completo: INV - 00100339 - NORDIC P&I AS 
2023-12-11 18:43:19.274Z;teste2.check_inv;  INV E COLIGADA INCORRETAS ENCONTRADAS: 00100339 - NORDIC P&I AS 
2023-12-11 18:43:19.276Z;teste2.check_inv;  TESTE: 51
2023-12-11 18:43:19.879Z;teste2.check_inv;  APERTA PARA BAIXO PARA VERIFICAR O PRÓXIMO REGISTRO
2023-12-11 18:43:19.880Z;teste2.check_inv;  BUSCA NA LINHA: 33
2023-12-11 18:43:19.881Z;teste2.check_inv;  ctrl c
2023-12-11 18:43:20.487Z;teste2.check_inv;  Historico completo: INV - 00002639 - NORDIC P&I AS 
2023-12-11 18:43:20.488Z;teste2.check_inv;  INV E COLIGADA INCORRETAS ENCONTRADAS: 00002639 - NORDIC P&I AS 
2023-12-11 18:43:20.490Z;teste2.check_inv;  TESTE: 51
2023-12-11 18:43:21.093Z;teste2.check_inv;  APERTA PARA BAIXO PARA VERIFICAR O PRÓXIMO REGISTRO
2023-12-11 18:43:21.094Z;teste2.check_inv;  BUSCA NA LINHA: 34
2023-12-11 18:43:21.095Z;teste2.check_inv;  ctrl c
2023-12-11 18:43:21.699Z;teste2.check_inv;  Historico completo: INV - 00230120 - TSCHUDI SHIP MANAGEMENT AS 
2023-12-11 18:43:21.701Z;teste2.check_inv;  INV E COLIGADA INCORRETAS ENCONTRADAS: 00230120 - TSCHUDI SHIP MANAGEMENT AS 
2023-12-11 18:43:21.703Z;teste2.check_inv;  TESTE: 51
2023-12-11 18:43:22.307Z;teste2.check_inv;  APERTA PARA BAIXO PARA VERIFICAR O PRÓXIMO REGISTRO
2023-12-11 18:43:22.308Z;teste2.check_inv;  BUSCA NA LINHA: 35
2023-12-11 18:43:22.310Z;teste2.check_inv;  ctrl c
2023-12-11 18:43:22.914Z;teste2.check_inv;  Historico completo: INV - 90296988 - KONGSBERG MARITIME AS 
2023-12-11 18:43:22.915Z;teste2.check_inv;  INV E COLIGADA INCORRETAS ENCONTRADAS: 90296988 - KONGSBERG MARITIME AS 
2023-12-11 18:43:22.917Z;teste2.check_inv;  TESTE: 51
2023-12-11 18:43:23.520Z;teste2.check_inv;  APERTA PARA BAIXO PARA VERIFICAR O PRÓXIMO REGISTRO
2023-12-11 18:43:23.521Z;teste2.check_inv;  BUSCA NA LINHA: 36
2023-12-11 18:43:23.522Z;teste2.check_inv;  ctrl c
2023-12-11 18:43:24.127Z;teste2.check_inv;  Historico completo: INV - 10647338 - DNV AS 
2023-12-11 18:43:24.128Z;teste2.check_inv;  INV E COLIGADA INCORRETAS ENCONTRADAS: 10647338 - DNV AS 
2023-12-11 18:43:24.130Z;teste2.check_inv;  TESTE: 51
2023-12-11 18:43:24.734Z;teste2.check_inv;  APERTA PARA BAIXO PARA VERIFICAR O PRÓXIMO REGISTRO
2023-12-11 18:43:24.735Z;teste2.check_inv;  BUSCA NA LINHA: 37
2023-12-11 18:43:24.736Z;teste2.check_inv;  ctrl c
2023-12-11 18:43:25.341Z;teste2.check_inv;  Historico completo: INV - 00361656 - GREEN YARD KLEVEN AS 
2023-12-11 18:43:25.342Z;teste2.check_inv;  INV E COLIGADA INCORRETAS ENCONTRADAS: 00361656 - GREEN YARD KLEVEN AS 
2023-12-11 18:43:25.344Z;teste2.check_inv;  TESTE: 51
2023-12-11 18:43:25.947Z;teste2.check_inv;  APERTA PARA BAIXO PARA VERIFICAR O PRÓXIMO REGISTRO
2023-12-11 18:43:25.948Z;teste2.check_inv;  BUSCA NA LINHA: 38
2023-12-11 18:43:25.949Z;teste2.check_inv;  ctrl c
2023-12-11 18:43:26.555Z;teste2.check_inv;  Historico completo: INV - 20230215 - UniSea AS 
2023-12-11 18:43:26.556Z;teste2.check_inv;  INV E COLIGADA INCORRETAS ENCONTRADAS: 20230215 - UniSea AS 
2023-12-11 18:43:26.558Z;teste2.check_inv;  TESTE: 51
2023-12-11 18:43:27.162Z;teste2.check_inv;  APERTA PARA BAIXO PARA VERIFICAR O PRÓXIMO REGISTRO
2023-12-11 18:43:27.164Z;teste2.check_inv;  BUSCA NA LINHA: 39
2023-12-11 18:43:27.165Z;teste2.check_inv;  ctrl c
2023-12-11 18:43:27.770Z;teste2.check_inv;  Historico completo: INV - 01027040 - DIMO 
2023-12-11 18:43:27.771Z;teste2.check_inv;  INV E COLIGADA INCORRETAS ENCONTRADAS: 01027040 - DIMO 
2023-12-11 18:43:27.772Z;teste2.check_inv;  TESTE: 51
2023-12-11 18:43:28.376Z;teste2.check_inv;  APERTA PARA BAIXO PARA VERIFICAR O PRÓXIMO REGISTRO
2023-12-11 18:43:28.377Z;teste2.check_inv;  BUSCA NA LINHA: 40
2023-12-11 18:43:28.378Z;teste2.check_inv;  ctrl c
2023-12-11 18:43:28.984Z;teste2.check_inv;  Historico completo: INV - 01027041 - DIMO 
2023-12-11 18:43:28.985Z;teste2.check_inv;  INV E COLIGADA INCORRETAS ENCONTRADAS: 01027041 - DIMO 
2023-12-11 18:43:28.987Z;teste2.check_inv;  TESTE: 51
2023-12-11 18:43:29.590Z;teste2.check_inv;  APERTA PARA BAIXO PARA VERIFICAR O PRÓXIMO REGISTRO
2023-12-11 18:43:29.591Z;teste2.check_inv;  BUSCA NA LINHA: 41
2023-12-11 18:43:29.592Z;teste2.check_inv;  ctrl c
2023-12-11 18:43:30.196Z;teste2.check_inv;  Historico completo: INV - 00000223 - BLUE GIMBALS PROJECT MANAGEMENT SERVICES 
2023-12-11 18:43:30.198Z;teste2.check_inv;  INV E COLIGADA INCORRETAS ENCONTRADAS: 00000223 - BLUE GIMBALS PROJECT MANAGEMENT SERVICES 
2023-12-11 18:43:30.200Z;teste2.check_inv;  TESTE: 51
2023-12-11 18:43:30.805Z;teste2.check_inv;  APERTA PARA BAIXO PARA VERIFICAR O PRÓXIMO REGISTRO
2023-12-11 18:43:30.806Z;teste2.check_inv;  BUSCA NA LINHA: 42
2023-12-11 18:43:30.807Z;teste2.check_inv;  ctrl c
2023-12-11 18:43:31.412Z;teste2.check_inv;  Historico completo: INV - 02023620 - TSCHUDI SHIP MANAGEMENT AS 
2023-12-11 18:43:31.414Z;teste2.check_inv;  INV E COLIGADA INCORRETAS ENCONTRADAS: 02023620 - TSCHUDI SHIP MANAGEMENT AS 
2023-12-11 18:43:31.416Z;teste2.check_inv;  TESTE: 51
2023-12-11 18:43:32.020Z;teste2.check_inv;  APERTA PARA BAIXO PARA VERIFICAR O PRÓXIMO REGISTRO
2023-12-11 18:43:32.021Z;teste2.check_inv;  BUSCA NA LINHA: 43
2023-12-11 18:43:32.022Z;teste2.check_inv;  ctrl c
2023-12-11 18:43:32.627Z;teste2.check_inv;  Historico completo: INV - 02023618 - TSCHUDI SHIP MANAGEMENT AS 
2023-12-11 18:43:33.131Z;teste2.check_inv;  INV CORRETA ENCONTRADA: 02023618
2023-12-11 18:43:33.132Z;teste2.check_inv;  COLIGADA ENCONTRADA: TSCHUDI SHIP MANAGEMENT AS 
