07-12-2023 10:49:29.563Z;functions.enter_coligada;  CLICK CONTEXTO
07-12-2023 10:49:31.476Z;functions.enter_coligada;  CLICK COLIGADA 2
07-12-2023 10:49:34.918Z;functions.enter_coligada;  INSERE O COLIGADA CODE = 2
07-12-2023 10:49:35.022Z;functions.enter_coligada;  APERTA TAB PARA PREENCHER O CAMPO COM A STRING: OCEANICA ENGENHARIA E CONSULTORIA S.A.
07-12-2023 10:49:36.323Z;functions.enter_coligada;  CLICK AVANÇAR NOVAMENTE
07-12-2023 10:49:37.636Z;functions.enter_coligada;  CLICK CONCLUIR
07-12-2023 10:50:04.444Z;functions.enter_coligada;  POP UP COLIGADA DESAPARECER
07-12-2023 10:50:08.273Z;functions.enter_contas_a_pagar;  CLICK - TOTVS - LINHA RM
07-12-2023 10:50:12.256Z;functions.enter_contas_a_pagar;  CLICK - BACK OFFICE
07-12-2023 10:50:13.205Z;functions.enter_contas_a_pagar;  CLICK - GESTAO FINANCEIRA
07-12-2023 10:50:20.257Z;functions.enter_contas_a_pagar;  CLICK - CONTAS A PAGAR
07-12-2023 10:50:21.158Z;functions.waitForImage;  LANÇAMENTOS image found.
07-12-2023 10:50:23.279Z;functions.enter_contas_a_pagar;  CLICA EM LANÇAMENTOS
07-12-2023 10:50:28.085Z;functions.filter_lancamento;  ESCREVE Histórico NO FILTRO
07-12-2023 10:50:28.916Z;functions.filter_lancamento;  CLICK - BUTÃO DE SELECAO DE FILTRO
07-12-2023 10:50:31.092Z;functions.filter_lancamento;  CLICK - BUTÃO DE SELECAO DE FILTRO
07-12-2023 10:50:32.004Z;functions.filter_lancamento;  CLICK - BUTÃO DE EXECUTAR O FILTRO
07-12-2023 10:50:55.341Z;functions.desmark_filter;  CLICK CHECKBOX LANÇAMENTOS A RECEBER
07-12-2023 10:50:57.238Z;functions.desmark_filter;  CLICK CHECKBOX LANÇAMENTOS BAIXADOS
07-12-2023 10:50:59.380Z;functions.desmark_filter;  CLICK CHECKBOX LANÇAMENTOS CANCELADOS
07-12-2023 10:51:01.587Z;functions.desmark_filter;  CLICK CHECKBOX LANÇAMENTOS FATURADOS
07-12-2023 10:51:03.974Z;functions.desmark_filter;  ATUALIZA O FILTRO
07-12-2023 10:51:04.168Z;functions.waitForImage;  FILTER CLEAN image found.
07-12-2023 10:51:07.272Z;functions.filter_clean;  CLICA NO BOTÃO X DO LIMPA FILTRO
07-12-2023 10:51:10.956Z;functions.select_tipo_documento;  NOME DA COLUNA: Tipo de Documento
07-12-2023 10:51:12.736Z;functions.select_tipo_documento;  HOVER NOME DA COLUNA: Tipo de Documento
07-12-2023 10:51:12.871Z;functions.select_tipo_documento;  CLICA PARA APARECER O FILTRO PERSONALIZAR
07-12-2023 10:51:13.263Z;functions.select_tipo_documento;  CLICA NO FILTRO PERSONALIZAR
07-12-2023 10:51:14.559Z;functions.select_tipo_documento;  CLICA PARA SELECIONAR OPÇÕES DO FILTRO
07-12-2023 10:51:21.837Z;functions.select_tipo_documento;  CLICK BUTTON CONFIRMAR FILTRO
07-12-2023 10:51:21.840Z;functions.check_table_record;  VERIFICANDO SE A TABELA ESTÁ VAZIA
07-12-2023 10:51:34.792Z;functions.check_table_record;  ATENÇÃO: 

Este processo exige que seja selecionado ao menos um registro para sua execução.
Como não foi feita nenhuma seleção, você deseja executá-lo para TODOS os 52 registros?
07-12-2023 10:51:36.796Z;functions.check_table_record;  NUMERO DE TUPLAS: 52
07-12-2023 10:51:36.797Z;functions.check_table_record;  TABELA CONTÉM REGISTROS
07-12-2023 10:51:45.774Z;functions.check_table_record;  CLICK NÃO
07-12-2023 10:51:52.148Z;functions.check_inv;  SELECIONA A PRIMEIRA LINHA REF LANÇAMENTO
07-12-2023 10:51:53.784Z;functions.check_inv;  16 PASSOS PARA DIREITA
07-12-2023 10:51:55.786Z;functions.check_inv;  ctrl c
07-12-2023 10:51:57.894Z;functions.check_inv;  INV: INV - 00525829 - DNV AS 
07-12-2023 10:51:57.998Z;functions.check_inv;  APERTA PARA BAIXO PARA VERIFICAR O PRÓXIMO REGISTRO
07-12-2023 10:52:02.000Z;functions.check_inv;  ctrl c
07-12-2023 10:52:04.106Z;functions.check_inv;  INV: INV - 10218917 - KONGSBERG MARITIME AS 
07-12-2023 10:52:04.210Z;functions.check_inv;  APERTA PARA BAIXO PARA VERIFICAR O PRÓXIMO REGISTRO
07-12-2023 10:52:08.212Z;functions.check_inv;  ctrl c
07-12-2023 10:52:10.318Z;functions.check_inv;  INV: INV - xxxxx - VDR SPECIALIZED CRANE EQUIPMENT MANUFACTURING LLC
07-12-2023 10:52:10.422Z;functions.check_inv;  APERTA PARA BAIXO PARA VERIFICAR O PRÓXIMO REGISTRO
07-12-2023 10:52:14.425Z;functions.check_inv;  ctrl c
07-12-2023 10:52:16.531Z;functions.check_inv;  INV: INV - 020558915 - KONGSBERG MARITIME AS
07-12-2023 10:52:16.635Z;functions.check_inv;  APERTA PARA BAIXO PARA VERIFICAR O PRÓXIMO REGISTRO
07-12-2023 10:52:20.641Z;functions.check_inv;  ctrl c
07-12-2023 10:52:22.747Z;functions.check_inv;  INV: INV - 000747431 - KONGSBERG MARITIME AS
07-12-2023 10:52:22.851Z;functions.check_inv;  APERTA PARA BAIXO PARA VERIFICAR O PRÓXIMO REGISTRO
07-12-2023 10:52:26.852Z;functions.check_inv;  ctrl c
07-12-2023 10:52:28.957Z;functions.check_inv;  INV: INV - 000747439 - KONGSBERG MARITIME AS
07-12-2023 10:52:29.065Z;functions.check_inv;  APERTA PARA BAIXO PARA VERIFICAR O PRÓXIMO REGISTRO
07-12-2023 10:52:33.097Z;functions.check_inv;  ctrl c
07-12-2023 10:52:35.201Z;functions.check_inv;  INV: INV - 01401514 - STONE MARINE SERVICES  
07-12-2023 10:52:35.304Z;functions.check_inv;  APERTA PARA BAIXO PARA VERIFICAR O PRÓXIMO REGISTRO
07-12-2023 10:52:39.306Z;functions.check_inv;  ctrl c
07-12-2023 10:52:41.410Z;functions.check_inv;  INV: INV - 02022685 - TSCHUDI SHIP MANAGEMENT AS 
07-12-2023 10:52:41.515Z;functions.check_inv;  APERTA PARA BAIXO PARA VERIFICAR O PRÓXIMO REGISTRO
07-12-2023 10:52:45.517Z;functions.check_inv;  ctrl c
07-12-2023 10:52:47.622Z;functions.check_inv;  INV: INV - 19042023 - TSCHUDI SHIP MANAGEMENT AS 
07-12-2023 10:52:47.726Z;functions.check_inv;  APERTA PARA BAIXO PARA VERIFICAR O PRÓXIMO REGISTRO
07-12-2023 10:52:51.728Z;functions.check_inv;  ctrl c
07-12-2023 10:52:53.835Z;functions.check_inv;  INV: INV - 23032023 - TSCHUDI SHIP MANAGEMENT AS 
07-12-2023 10:52:53.939Z;functions.check_inv;  APERTA PARA BAIXO PARA VERIFICAR O PRÓXIMO REGISTRO
07-12-2023 10:52:57.942Z;functions.check_inv;  ctrl c
07-12-2023 10:53:00.048Z;functions.check_inv;  INV: INV - 10584435 - DNV AS 
07-12-2023 10:53:00.152Z;functions.check_inv;  APERTA PARA BAIXO PARA VERIFICAR O PRÓXIMO REGISTRO
07-12-2023 10:53:04.154Z;functions.check_inv;  ctrl c
07-12-2023 10:53:06.260Z;functions.check_inv;  INV: INV - 00017986 - INTERTRUST GROUP A CSC COMPANY 
07-12-2023 10:53:06.364Z;functions.check_inv;  APERTA PARA BAIXO PARA VERIFICAR O PRÓXIMO REGISTRO
07-12-2023 10:53:10.366Z;functions.check_inv;  ctrl c
07-12-2023 10:53:12.470Z;functions.check_inv;  INV: INV - 00016246 - INTERTRUST GROUP A CSC COMPANY 
07-12-2023 10:53:12.574Z;functions.check_inv;  APERTA PARA BAIXO PARA VERIFICAR O PRÓXIMO REGISTRO
07-12-2023 10:53:16.577Z;functions.check_inv;  ctrl c
07-12-2023 10:53:18.682Z;functions.check_inv;  INV: INV - 00016855 - INTERTRUST GROUP A CSC COMPANY 
07-12-2023 10:53:18.786Z;functions.check_inv;  APERTA PARA BAIXO PARA VERIFICAR O PRÓXIMO REGISTRO
07-12-2023 10:53:22.789Z;functions.check_inv;  ctrl c
07-12-2023 10:53:24.895Z;functions.check_inv;  INV: INV - 00015566 - INTERTRUST GROUP A CSC COMPANY 
07-12-2023 10:53:24.999Z;functions.check_inv;  APERTA PARA BAIXO PARA VERIFICAR O PRÓXIMO REGISTRO
07-12-2023 10:53:29.001Z;functions.check_inv;  ctrl c
07-12-2023 10:53:31.106Z;functions.check_inv;  INV: INV - 00014116 - INTERTRUST GROUP A CSC COMPANY 
07-12-2023 10:53:31.210Z;functions.check_inv;  APERTA PARA BAIXO PARA VERIFICAR O PRÓXIMO REGISTRO
07-12-2023 10:53:35.213Z;functions.check_inv;  ctrl c
07-12-2023 10:53:37.318Z;functions.check_inv;  INV: INV - 003231968 - Brunvoll AS
07-12-2023 10:53:37.422Z;functions.check_inv;  APERTA PARA BAIXO PARA VERIFICAR O PRÓXIMO REGISTRO
07-12-2023 10:53:41.424Z;functions.check_inv;  ctrl c
07-12-2023 10:53:43.530Z;functions.check_inv;  INV: INV - 04816723 - CORROSION MARITIME 
07-12-2023 10:53:43.634Z;functions.check_inv;  APERTA PARA BAIXO PARA VERIFICAR O PRÓXIMO REGISTRO
07-12-2023 10:53:47.636Z;functions.check_inv;  ctrl c
07-12-2023 10:53:49.741Z;functions.check_inv;  INV: INV - 00005596 - MOTIVE POWER MARINE E PORT SHIPYARD 
07-12-2023 10:53:49.845Z;functions.check_inv;  APERTA PARA BAIXO PARA VERIFICAR O PRÓXIMO REGISTRO
07-12-2023 10:53:53.847Z;functions.check_inv;  ctrl c
07-12-2023 10:53:55.952Z;functions.check_inv;  INV: INV - 00002621 - NORDIC P&I AS 
07-12-2023 10:53:56.056Z;functions.check_inv;  APERTA PARA BAIXO PARA VERIFICAR O PRÓXIMO REGISTRO
07-12-2023 10:54:00.059Z;functions.check_inv;  ctrl c
07-12-2023 10:54:02.164Z;functions.check_inv;  INV: INV - 90306846 - KONGSBERG MARITIME AS 
07-12-2023 10:54:02.267Z;functions.check_inv;  APERTA PARA BAIXO PARA VERIFICAR O PRÓXIMO REGISTRO
07-12-2023 10:54:06.270Z;functions.check_inv;  ctrl c
07-12-2023 10:54:08.376Z;functions.check_inv;  INV: INV - 90306844 - KONGSBERG MARITIME AS 
07-12-2023 10:54:08.481Z;functions.check_inv;  APERTA PARA BAIXO PARA VERIFICAR O PRÓXIMO REGISTRO
07-12-2023 10:54:12.484Z;functions.check_inv;  ctrl c
07-12-2023 10:54:14.588Z;functions.check_inv;  INV: INV - 01612796 - Loyens & Loeff N.V 
07-12-2023 10:54:14.692Z;functions.check_inv;  APERTA PARA BAIXO PARA VERIFICAR O PRÓXIMO REGISTRO
07-12-2023 10:54:18.694Z;functions.check_inv;  ctrl c
07-12-2023 10:54:20.799Z;functions.check_inv;  INV: INV - 01027042 - DIMO 
07-12-2023 10:54:20.903Z;functions.check_inv;  APERTA PARA BAIXO PARA VERIFICAR O PRÓXIMO REGISTRO
07-12-2023 10:54:24.906Z;functions.check_inv;  ctrl c
07-12-2023 10:54:27.011Z;functions.check_inv;  INV: INV - 01027039 - DIMO 
07-12-2023 10:54:27.115Z;functions.check_inv;  APERTA PARA BAIXO PARA VERIFICAR O PRÓXIMO REGISTRO
07-12-2023 10:54:31.117Z;functions.check_inv;  ctrl c
07-12-2023 10:54:33.223Z;functions.check_inv;  INV: INV - 10166948 - KONGSBERG MARITIME AS 
07-12-2023 10:54:33.328Z;functions.check_inv;  APERTA PARA BAIXO PARA VERIFICAR O PRÓXIMO REGISTRO
07-12-2023 10:54:37.333Z;functions.check_inv;  ctrl c
07-12-2023 10:54:39.438Z;functions.check_inv;  INV: INV - 00000123 - BLUE GIMBALS PROJECT MANAGEMENT SERVICES 
07-12-2023 10:54:39.542Z;functions.check_inv;  APERTA PARA BAIXO PARA VERIFICAR O PRÓXIMO REGISTRO
07-12-2023 10:54:43.544Z;functions.check_inv;  ctrl c
07-12-2023 10:54:45.648Z;functions.check_inv;  INV: INV - 020573606 - KONGSBERG MARITIME AS
07-12-2023 10:54:45.754Z;functions.check_inv;  APERTA PARA BAIXO PARA VERIFICAR O PRÓXIMO REGISTRO
07-12-2023 10:54:49.758Z;functions.check_inv;  ctrl c
07-12-2023 10:54:51.865Z;functions.check_inv;  INV: INV - 10646632 - DNV AS 
07-12-2023 10:54:51.969Z;functions.check_inv;  APERTA PARA BAIXO PARA VERIFICAR O PRÓXIMO REGISTRO
07-12-2023 10:54:55.971Z;functions.check_inv;  ctrl c
07-12-2023 10:54:58.076Z;functions.check_inv;  INV: INV - 04230499 - Ocean TG Norway AS 
07-12-2023 10:54:58.182Z;functions.check_inv;  APERTA PARA BAIXO PARA VERIFICAR O PRÓXIMO REGISTRO
07-12-2023 10:55:02.186Z;functions.check_inv;  ctrl c
07-12-2023 10:55:04.290Z;functions.check_inv;  INV: INV - 04230734 - Ocean TG Norway AS 
07-12-2023 10:55:04.394Z;functions.check_inv;  APERTA PARA BAIXO PARA VERIFICAR O PRÓXIMO REGISTRO
07-12-2023 10:55:08.396Z;functions.check_inv;  ctrl c
07-12-2023 10:55:10.502Z;functions.check_inv;  INV: INV - 20230113 - UniSea AS 
07-12-2023 10:55:10.605Z;functions.check_inv;  APERTA PARA BAIXO PARA VERIFICAR O PRÓXIMO REGISTRO
07-12-2023 10:55:14.606Z;functions.check_inv;  ctrl c
07-12-2023 10:55:16.712Z;functions.check_inv;  INV: INV - 00016477 - MARLINK SA 
07-12-2023 10:55:16.816Z;functions.check_inv;  APERTA PARA BAIXO PARA VERIFICAR O PRÓXIMO REGISTRO
07-12-2023 10:55:20.819Z;functions.check_inv;  ctrl c
07-12-2023 10:55:22.924Z;functions.check_inv;  INV: INV - 00580085 - MARLINK SA 
07-12-2023 10:55:23.027Z;functions.check_inv;  APERTA PARA BAIXO PARA VERIFICAR O PRÓXIMO REGISTRO
07-12-2023 10:55:27.030Z;functions.check_inv;  ctrl c
07-12-2023 10:55:29.137Z;functions.check_inv;  INV: INV - 18092023 - TSCHUDI SHIP MANAGEMENT AS 
07-12-2023 10:55:29.241Z;functions.check_inv;  APERTA PARA BAIXO PARA VERIFICAR O PRÓXIMO REGISTRO
07-12-2023 10:55:33.243Z;functions.check_inv;  ctrl c
07-12-2023 10:55:35.349Z;functions.check_inv;  INV: INV - 18092023 - TSCHUDI SHIP MANAGEMENT AS 
07-12-2023 10:55:35.453Z;functions.check_inv;  APERTA PARA BAIXO PARA VERIFICAR O PRÓXIMO REGISTRO
07-12-2023 10:55:39.458Z;functions.check_inv;  ctrl c
07-12-2023 10:55:41.563Z;functions.check_inv;  INV: INV - 18092023 - TSCHUDI SHIP MANAGEMENT AS 
07-12-2023 10:55:41.666Z;functions.check_inv;  APERTA PARA BAIXO PARA VERIFICAR O PRÓXIMO REGISTRO
07-12-2023 10:55:45.668Z;functions.check_inv;  ctrl c
07-12-2023 10:55:47.773Z;functions.check_inv;  INV: INV - 18092023 - TSCHUDI SHIP MANAGEMENT AS 
07-12-2023 10:55:47.877Z;functions.check_inv;  APERTA PARA BAIXO PARA VERIFICAR O PRÓXIMO REGISTRO
07-12-2023 10:55:51.883Z;functions.check_inv;  ctrl c
