07-12-2023 11:42:37.906Z;functions.enter_coligada;  CLICK CONTEXTO
07-12-2023 11:42:39.885Z;functions.enter_coligada;  CLICK COLIGADA 2
07-12-2023 11:42:43.377Z;functions.enter_coligada;  INSERE O COLIGADA CODE = 2
07-12-2023 11:42:43.530Z;functions.enter_coligada;  APERTA TAB PARA PREENCHER O CAMPO COM A STRING: OCEANICA ENGENHARIA E CONSULTORIA S.A.
07-12-2023 11:42:44.883Z;functions.enter_coligada;  CLICK AVANÇAR NOVAMENTE
07-12-2023 11:42:48.224Z;functions.enter_coligada;  CLICK CONCLUIR
07-12-2023 11:43:13.166Z;functions.enter_coligada;  POP UP COLIGADA CLICADO PARA DESAPARECER
07-12-2023 11:43:16.986Z;functions.enter_contas_a_pagar;  CLICK - TOTVS - LINHA RM
07-12-2023 11:43:19.968Z;functions.enter_contas_a_pagar;  CLICK - BACK OFFICE
07-12-2023 11:43:20.936Z;functions.enter_contas_a_pagar;  CLICK - GESTAO FINANCEIRA
07-12-2023 11:43:28.239Z;functions.enter_contas_a_pagar;  CLICK - CONTAS A PAGAR
07-12-2023 11:43:28.674Z;functions.waitForImage;  LANÇAMENTOS image found.
07-12-2023 11:43:30.794Z;functions.enter_contas_a_pagar;  CLICA EM LANÇAMENTOS
07-12-2023 11:43:35.811Z;functions.filter_lancamento;  ESCREVE Histórico NO FILTRO
07-12-2023 11:43:36.692Z;functions.filter_lancamento;  CLICK - BUTÃO DE SELECAO DE FILTRO
07-12-2023 11:43:38.871Z;functions.filter_lancamento;  CLICK - BUTÃO DE SELECAO DE FILTRO
07-12-2023 11:43:39.786Z;functions.filter_lancamento;  CLICK - BUTÃO DE EXECUTAR O FILTRO
07-12-2023 11:44:04.649Z;functions.desmark_filter;  CLICK CHECKBOX LANÇAMENTOS A RECEBER
07-12-2023 11:44:06.750Z;functions.desmark_filter;  CLICK CHECKBOX LANÇAMENTOS BAIXADOS
07-12-2023 11:44:08.937Z;functions.desmark_filter;  CLICK CHECKBOX LANÇAMENTOS CANCELADOS
07-12-2023 11:44:11.284Z;functions.desmark_filter;  CLICK CHECKBOX LANÇAMENTOS FATURADOS
07-12-2023 11:44:13.670Z;functions.desmark_filter;  ATUALIZA O FILTRO
07-12-2023 11:44:13.966Z;functions.waitForImage;  FILTER CLEAN image found.
07-12-2023 11:44:17.096Z;functions.filter_clean;  CLICA NO BOTÃO X DO LIMPA FILTRO
07-12-2023 11:44:20.791Z;functions.select_tipo_documento;  NOME DA COLUNA: Tipo de Documento
07-12-2023 11:44:22.554Z;functions.select_tipo_documento;  HOVER NOME DA COLUNA: Tipo de Documento
07-12-2023 11:44:23.359Z;functions.select_tipo_documento;  CLICA NO FILTRO PERSONALIZAR
07-12-2023 11:44:24.690Z;functions.select_tipo_documento;  CLICA PARA SELECIONAR OPÇÕES DO FILTRO
07-12-2023 11:44:31.957Z;functions.select_tipo_documento;  CLICK BUTTON CONFIRMAR FILTRO
07-12-2023 11:44:31.965Z;functions.check_table_record;  VERIFICANDO SE A TABELA ESTÁ VAZIA
07-12-2023 11:44:38.335Z;functions.check_table_record;  ATENÇÃO: 

Este processo exige que seja selecionado ao menos um registro para sua execução.
Como não foi feita nenhuma seleção, você deseja executá-lo para TODOS os 52 registros?
07-12-2023 11:44:40.339Z;functions.check_table_record;  NUMERO DE TUPLAS: 52
07-12-2023 11:44:40.340Z;functions.check_table_record;  TABELA CONTÉM REGISTROS
07-12-2023 11:44:42.244Z;functions.check_table_record;  CLICK NÃO
07-12-2023 11:44:48.712Z;functions.check_inv;  SELECIONA A PRIMEIRA LINHA REF LANÇAMENTO
07-12-2023 11:44:50.626Z;functions.check_inv;  16 PASSOS PARA DIREITA
