07-12-2023 15:36:27.402Z;functions.bot_text_art;      ____   
07-12-2023 15:36:27.404Z;functions.bot_text_art;     [____]    
07-12-2023 15:36:27.406Z;functions.bot_text_art;   |=]()()[=|  
07-12-2023 15:36:27.407Z;functions.bot_text_art;     _\==/__    _____    ____     _        _____    ___   _  __
07-12-2023 15:36:27.409Z;functions.bot_text_art;   |__|   |_|  |  _  \  / ___|   | |      |_   _| / ___| | |/ /
07-12-2023 15:36:27.411Z;functions.bot_text_art;   |_|_/\_|_|  | |  | | | |      | |        | |   | |    | ' / 
07-12-2023 15:36:27.413Z;functions.bot_text_art;   | | __ | |  | |  | | | |      | |        | |   | |    |  <  
07-12-2023 15:36:27.414Z;functions.bot_text_art;   |_|[  ]|_|  | |__| | | |____  | |____   _| |_  | |__  | . \ 
07-12-2023 15:36:27.417Z;functions.bot_text_art;   \_|_||_|_/  |_____/   \_____| |______| |_____| \ ___| |_|\_\
07-12-2023 15:36:27.419Z;functions.bot_text_art;     |_||_|                                                     
07-12-2023 15:36:27.420Z;functions.bot_text_art;     | ||_|_   
07-12-2023 15:36:27.421Z;functions.bot_text_art;   |___||___|  
07-12-2023 15:36:27.422Z;functions.bot_text_art;               
07-12-2023 15:36:27.435Z;functions.open_RM;  OPEN PROGRAM RM
07-12-2023 15:36:44.790Z;functions.loggin_RM;  ENTER USER_NAME
07-12-2023 15:36:46.263Z;functions.loggin_RM;  ENTER PASSWORD
07-12-2023 15:36:47.436Z;functions.loggin_RM;  ENTER RM
07-12-2023 15:37:27.040Z;functions.enter_coligada;  CLICK CONTEXTO
07-12-2023 15:37:32.449Z;functions.enter_coligada;  CLICK COLIGADA 2
07-12-2023 15:37:36.654Z;functions.enter_coligada;  INSERE O COLIGADA CODE = 2
07-12-2023 15:37:36.929Z;functions.enter_coligada;  APERTA TAB PARA PREENCHER O CAMPO COM A STRING: OCEANICA ENGENHARIA E CONSULTORIA S.A.
07-12-2023 15:37:38.488Z;functions.enter_coligada;  CLICK AVANÇAR NOVAMENTE
07-12-2023 15:37:41.797Z;functions.enter_coligada;  CLICK CONCLUIR
07-12-2023 15:38:06.665Z;functions.enter_coligada;  POP UP COLIGADA CLICADO PARA DESAPARECER
07-12-2023 15:38:10.530Z;functions.enter_contas_a_pagar;  CLICK - TOTVS - LINHA RM
07-12-2023 15:38:13.534Z;functions.enter_contas_a_pagar;  CLICK - BACK OFFICE
07-12-2023 15:38:16.435Z;functions.enter_contas_a_pagar;  CLICK - GESTAO FINANCEIRA
07-12-2023 15:38:24.283Z;functions.enter_contas_a_pagar;  CLICK - CONTAS A PAGAR
07-12-2023 15:38:24.689Z;functions.waitForImage;  LANÇAMENTOS image found.
07-12-2023 15:38:26.818Z;functions.enter_contas_a_pagar;  CLICA EM LANÇAMENTOS
07-12-2023 15:38:38.344Z;functions.filter_lancamento;  ESCREVE Histórico NO FILTRO
07-12-2023 15:38:39.249Z;functions.filter_lancamento;  CLICK - BUTÃO DE SELECAO DE FILTRO
07-12-2023 15:38:41.431Z;functions.filter_lancamento;  CLICK - BUTÃO DE SELECAO DE FILTRO
07-12-2023 15:38:42.376Z;functions.filter_lancamento;  CLICK - BUTÃO DE EXECUTAR O FILTRO
07-12-2023 15:39:09.327Z;functions.desmark_filter;  CLICK CHECKBOX LANÇAMENTOS A RECEBER
07-12-2023 15:39:11.698Z;functions.desmark_filter;  CLICK CHECKBOX LANÇAMENTOS BAIXADOS
07-12-2023 15:39:14.015Z;functions.desmark_filter;  CLICK CHECKBOX LANÇAMENTOS CANCELADOS
07-12-2023 15:39:16.493Z;functions.desmark_filter;  CLICK CHECKBOX LANÇAMENTOS FATURADOS
07-12-2023 15:39:19.133Z;functions.desmark_filter;  ATUALIZA O FILTRO
07-12-2023 15:39:19.349Z;functions.waitForImage;  FILTER CLEAN image found.
07-12-2023 15:39:22.455Z;functions.filter_clean;  CLICA NO BOTÃO X DO LIMPA FILTRO
07-12-2023 15:39:26.296Z;functions.select_tipo_documento;  NOME DA COLUNA: Tipo de Documento
07-12-2023 15:39:28.140Z;functions.select_tipo_documento;  HOVER NOME DA COLUNA: Tipo de Documento
07-12-2023 15:39:28.898Z;functions.select_tipo_documento;  CLICA NO FILTRO PERSONALIZAR
07-12-2023 15:39:31.522Z;functions.select_tipo_documento;  CLICA PARA SELECIONAR OPÇÕES DO FILTRO
07-12-2023 15:39:38.820Z;functions.select_tipo_documento;  CLICK BUTTON CONFIRMAR FILTRO
07-12-2023 15:39:38.822Z;functions.check_table_record;  VERIFICANDO SE A TABELA ESTÁ VAZIA
07-12-2023 15:39:45.337Z;functions.check_table_record;  ATENÇÃO: 

Este processo exige que seja selecionado ao menos um registro para sua execução.
Como não foi feita nenhuma seleção, você deseja executá-lo para TODOS os 52 registros?
07-12-2023 15:39:47.341Z;functions.check_table_record;  NUMERO DE TUPLAS: 52
07-12-2023 15:39:47.342Z;functions.check_table_record;  TABELA CONTÉM REGISTROS
07-12-2023 15:39:49.294Z;functions.check_table_record;  CLICK NÃO
07-12-2023 15:39:59.451Z;functions.check_inv;  35 PASSOS PARA ESQUERDA
07-12-2023 15:40:01.391Z;functions.check_inv;  19 PASSOS PARA DIREITA
07-12-2023 15:40:03.393Z;functions.check_inv;  ctrl c
07-12-2023 15:40:04.000Z;functions.check_inv;  Historico completo: INV - 00525829 - DNV AS 
07-12-2023 15:40:04.001Z;functions.check_inv;  INV: 00525829
07-12-2023 15:40:04.110Z;functions.check_inv;  APERTA PARA BAIXO PARA VERIFICAR O PRÓXIMO REGISTRO
07-12-2023 15:40:05.114Z;functions.check_inv;  ctrl c
07-12-2023 15:40:05.720Z;functions.check_inv;  Historico completo: INV - 10218917 - KONGSBERG MARITIME AS 
07-12-2023 15:40:05.721Z;functions.check_inv;  INV: 10218917
07-12-2023 15:40:05.827Z;functions.check_inv;  APERTA PARA BAIXO PARA VERIFICAR O PRÓXIMO REGISTRO
07-12-2023 15:40:06.832Z;functions.check_inv;  ctrl c
07-12-2023 15:40:07.438Z;functions.check_inv;  Historico completo: INV - xxxxx - VDR SPECIALIZED CRANE EQUIPMENT MANUFACTURING LLC
07-12-2023 15:40:07.440Z;functions.check_inv;  INV: NÃO ENCONTRADA
07-12-2023 15:40:07.544Z;functions.check_inv;  APERTA PARA BAIXO PARA VERIFICAR O PRÓXIMO REGISTRO
07-12-2023 15:40:08.546Z;functions.check_inv;  ctrl c
07-12-2023 15:40:09.151Z;functions.check_inv;  Historico completo: INV - 020558915 - KONGSBERG MARITIME AS
07-12-2023 15:40:09.152Z;functions.check_inv;  INV: 020558915
07-12-2023 15:40:09.256Z;functions.check_inv;  APERTA PARA BAIXO PARA VERIFICAR O PRÓXIMO REGISTRO
07-12-2023 15:40:10.260Z;functions.check_inv;  ctrl c
07-12-2023 15:40:10.865Z;functions.check_inv;  Historico completo: INV - 000747431 - KONGSBERG MARITIME AS
07-12-2023 15:40:10.866Z;functions.check_inv;  INV: 000747431
07-12-2023 15:40:10.969Z;functions.check_inv;  APERTA PARA BAIXO PARA VERIFICAR O PRÓXIMO REGISTRO
07-12-2023 15:40:11.970Z;functions.check_inv;  ctrl c
07-12-2023 15:40:12.575Z;functions.check_inv;  Historico completo: INV - 000747439 - KONGSBERG MARITIME AS
07-12-2023 15:40:12.576Z;functions.check_inv;  INV: 000747439
07-12-2023 15:40:12.680Z;functions.check_inv;  APERTA PARA BAIXO PARA VERIFICAR O PRÓXIMO REGISTRO
07-12-2023 15:40:13.681Z;functions.check_inv;  ctrl c
07-12-2023 15:40:14.286Z;functions.check_inv;  Historico completo: INV - 01401514 - STONE MARINE SERVICES  
07-12-2023 15:40:14.288Z;functions.check_inv;  INV: 01401514
07-12-2023 15:40:14.392Z;functions.check_inv;  APERTA PARA BAIXO PARA VERIFICAR O PRÓXIMO REGISTRO
07-12-2023 15:40:15.393Z;functions.check_inv;  ctrl c
07-12-2023 15:40:15.998Z;functions.check_inv;  Historico completo: INV - 02022685 - TSCHUDI SHIP MANAGEMENT AS 
07-12-2023 15:40:16.001Z;functions.check_inv;  INV: 02022685
07-12-2023 15:40:16.105Z;functions.check_inv;  APERTA PARA BAIXO PARA VERIFICAR O PRÓXIMO REGISTRO
07-12-2023 15:40:17.107Z;functions.check_inv;  ctrl c
07-12-2023 15:40:17.715Z;functions.check_inv;  Historico completo: INV - 19042023 - TSCHUDI SHIP MANAGEMENT AS 
07-12-2023 15:40:17.717Z;functions.check_inv;  INV: 19042023
07-12-2023 15:40:17.821Z;functions.check_inv;  APERTA PARA BAIXO PARA VERIFICAR O PRÓXIMO REGISTRO
07-12-2023 15:40:18.822Z;functions.check_inv;  ctrl c
07-12-2023 15:40:19.426Z;functions.check_inv;  Historico completo: INV - 23032023 - TSCHUDI SHIP MANAGEMENT AS 
07-12-2023 15:40:19.428Z;functions.check_inv;  INV: 23032023
07-12-2023 15:40:19.533Z;functions.check_inv;  APERTA PARA BAIXO PARA VERIFICAR O PRÓXIMO REGISTRO
07-12-2023 15:40:20.535Z;functions.check_inv;  ctrl c
07-12-2023 15:40:21.140Z;functions.check_inv;  Historico completo: INV - 10584435 - DNV AS 
07-12-2023 15:40:21.141Z;functions.check_inv;  INV: 10584435
07-12-2023 15:40:21.246Z;functions.check_inv;  APERTA PARA BAIXO PARA VERIFICAR O PRÓXIMO REGISTRO
07-12-2023 15:40:22.249Z;functions.check_inv;  ctrl c
07-12-2023 15:40:22.856Z;functions.check_inv;  Historico completo: INV - 00017986 - INTERTRUST GROUP A CSC COMPANY 
07-12-2023 15:40:22.859Z;functions.check_inv;  INV: 00017986
07-12-2023 15:40:22.963Z;functions.check_inv;  APERTA PARA BAIXO PARA VERIFICAR O PRÓXIMO REGISTRO
07-12-2023 15:40:23.965Z;functions.check_inv;  ctrl c
07-12-2023 15:40:24.571Z;functions.check_inv;  Historico completo:         encerra_prog()

07-12-2023 15:40:24.573Z;functions.check_inv;  INV: NÃO ENCONTRADA
07-12-2023 15:40:24.680Z;functions.check_inv;  APERTA PARA BAIXO PARA VERIFICAR O PRÓXIMO REGISTRO
