07-12-2023 15:42:15.042Z;functions.check_inv;  35 PASSOS PARA ESQUERDA
07-12-2023 15:42:16.990Z;functions.check_inv;  19 PASSOS PARA DIREITA
07-12-2023 15:42:18.993Z;functions.check_inv;  ctrl c
07-12-2023 15:42:19.601Z;functions.check_inv;  Historico completo: INV - 00525829 - DNV AS 
07-12-2023 15:42:19.602Z;functions.check_inv;  INV: 00525829
07-12-2023 15:42:19.706Z;functions.check_inv;  APERTA PARA BAIXO PARA VERIFICAR O PRÓXIMO REGISTRO
07-12-2023 15:42:20.708Z;functions.check_inv;  ctrl c
07-12-2023 15:42:21.312Z;functions.check_inv;  Historico completo: INV - 10218917 - KONGSBERG MARITIME AS 
07-12-2023 15:42:21.314Z;functions.check_inv;  INV: 10218917
07-12-2023 15:42:21.418Z;functions.check_inv;  APERTA PARA BAIXO PARA VERIFICAR O PRÓXIMO REGISTRO
07-12-2023 15:42:22.421Z;functions.check_inv;  ctrl c
07-12-2023 15:42:23.027Z;functions.check_inv;  Historico completo: INV - xxxxx - VDR SPECIALIZED CRANE EQUIPMENT MANUFACTURING LLC
07-12-2023 15:42:23.029Z;functions.check_inv;  INV: NÃO ENCONTRADA
07-12-2023 15:42:23.132Z;functions.check_inv;  APERTA PARA BAIXO PARA VERIFICAR O PRÓXIMO REGISTRO
07-12-2023 15:42:24.135Z;functions.check_inv;  ctrl c
07-12-2023 15:42:24.739Z;functions.check_inv;  Historico completo: INV - 020558915 - KONGSBERG MARITIME AS
07-12-2023 15:42:24.741Z;functions.check_inv;  INV: 020558915
07-12-2023 15:42:24.845Z;functions.check_inv;  APERTA PARA BAIXO PARA VERIFICAR O PRÓXIMO REGISTRO
07-12-2023 15:42:25.849Z;functions.check_inv;  ctrl c
07-12-2023 15:42:26.454Z;functions.check_inv;  Historico completo: INV - 000747431 - KONGSBERG MARITIME AS
07-12-2023 15:42:26.455Z;functions.check_inv;  INV: 000747431
07-12-2023 15:42:26.559Z;functions.check_inv;  APERTA PARA BAIXO PARA VERIFICAR O PRÓXIMO REGISTRO
07-12-2023 15:42:27.563Z;functions.check_inv;  ctrl c
07-12-2023 15:42:28.168Z;functions.check_inv;  Historico completo: INV - 000747439 - KONGSBERG MARITIME AS
07-12-2023 15:42:28.169Z;functions.check_inv;  INV: 000747439
07-12-2023 15:42:28.274Z;functions.check_inv;  APERTA PARA BAIXO PARA VERIFICAR O PRÓXIMO REGISTRO
07-12-2023 15:42:29.277Z;functions.check_inv;  ctrl c
07-12-2023 15:42:29.882Z;functions.check_inv;  Historico completo: INV - 01401514 - STONE MARINE SERVICES  
07-12-2023 15:42:29.883Z;functions.check_inv;  INV: 01401514
07-12-2023 15:42:29.987Z;functions.check_inv;  APERTA PARA BAIXO PARA VERIFICAR O PRÓXIMO REGISTRO
07-12-2023 15:42:30.989Z;functions.check_inv;  ctrl c
07-12-2023 15:42:31.594Z;functions.check_inv;  Historico completo: INV - 02022685 - TSCHUDI SHIP MANAGEMENT AS 
07-12-2023 15:42:31.596Z;functions.check_inv;  INV: 02022685
07-12-2023 15:42:31.700Z;functions.check_inv;  APERTA PARA BAIXO PARA VERIFICAR O PRÓXIMO REGISTRO
07-12-2023 15:42:32.703Z;functions.check_inv;  ctrl c
07-12-2023 15:42:33.308Z;functions.check_inv;  Historico completo: INV - 19042023 - TSCHUDI SHIP MANAGEMENT AS 
07-12-2023 15:42:33.310Z;functions.check_inv;  INV: 19042023
07-12-2023 15:42:33.415Z;functions.check_inv;  APERTA PARA BAIXO PARA VERIFICAR O PRÓXIMO REGISTRO
07-12-2023 15:42:34.417Z;functions.check_inv;  ctrl c
07-12-2023 15:42:35.023Z;functions.check_inv;  Historico completo: INV - 23032023 - TSCHUDI SHIP MANAGEMENT AS 
07-12-2023 15:42:35.025Z;functions.check_inv;  INV: 23032023
07-12-2023 15:42:35.129Z;functions.check_inv;  APERTA PARA BAIXO PARA VERIFICAR O PRÓXIMO REGISTRO
07-12-2023 15:42:36.131Z;functions.check_inv;  ctrl c
07-12-2023 15:42:36.738Z;functions.check_inv;  Historico completo: INV - 10584435 - DNV AS 
07-12-2023 15:42:36.740Z;functions.check_inv;  INV: 10584435
07-12-2023 15:42:37.346Z;functions.check_inv;  ctrl c
07-12-2023 15:42:37.952Z;functions.check_inv;  Historico completo: INV - 10584435 - DNV AS 
07-12-2023 15:42:37.954Z;functions.check_inv;  INV: 10584435
07-12-2023 15:42:38.559Z;functions.check_inv;  ctrl c
07-12-2023 15:42:39.163Z;functions.check_inv;  Historico completo: INV - 10584435 - DNV AS 
07-12-2023 15:42:39.165Z;functions.check_inv;  INV: 10584435
07-12-2023 15:42:39.773Z;functions.check_inv;  ctrl c
07-12-2023 15:42:40.380Z;functions.check_inv;  Historico completo: INV - 10584435 - DNV AS 
07-12-2023 15:42:40.382Z;functions.check_inv;  INV: 10584435
07-12-2023 15:42:40.986Z;functions.check_inv;  ctrl c
07-12-2023 15:42:41.591Z;functions.check_inv;  Historico completo: INV - 10584435 - DNV AS 
07-12-2023 15:42:41.592Z;functions.check_inv;  INV: 10584435
07-12-2023 15:42:42.197Z;functions.check_inv;  ctrl c
07-12-2023 15:42:43.018Z;functions.check_inv;  Historico completo: INV - 10584435 - DNV AS 
07-12-2023 15:42:43.020Z;functions.check_inv;  INV: 10584435
07-12-2023 15:42:43.623Z;functions.check_inv;  ctrl c
07-12-2023 15:42:44.227Z;functions.check_inv;  Historico completo: INV - 10584435 - DNV AS 
07-12-2023 15:42:44.228Z;functions.check_inv;  INV: 10584435
07-12-2023 15:42:44.832Z;functions.check_inv;  ctrl c
07-12-2023 15:42:45.434Z;functions.check_inv;  Historico completo: INV - 10584435 - DNV AS 
07-12-2023 15:42:45.435Z;functions.check_inv;  INV: 10584435
07-12-2023 15:42:46.040Z;functions.check_inv;  ctrl c
07-12-2023 15:42:46.651Z;functions.check_inv;  Historico completo: INV - 10584435 - DNV AS 
07-12-2023 15:42:46.654Z;functions.check_inv;  INV: 10584435
07-12-2023 15:42:47.261Z;functions.check_inv;  ctrl c
07-12-2023 15:42:47.867Z;functions.check_inv;  Historico completo: INV - 10584435 - DNV AS 
07-12-2023 15:42:47.869Z;functions.check_inv;  INV: 10584435
07-12-2023 15:42:48.477Z;functions.check_inv;  ctrl c
07-12-2023 15:42:49.084Z;functions.check_inv;  Historico completo: INV
07-12-2023 15:42:49.088Z;functions.check_inv;  INV: NÃO ENCONTRADA
07-12-2023 15:42:49.191Z;functions.check_inv;  APERTA PARA BAIXO PARA VERIFICAR O PRÓXIMO REGISTRO
07-12-2023 15:42:50.201Z;functions.check_inv;  ctrl c
07-12-2023 15:42:50.806Z;functions.check_inv;  Historico completo: INV
07-12-2023 15:42:50.807Z;functions.check_inv;  INV: NÃO ENCONTRADA
07-12-2023 15:42:50.911Z;functions.check_inv;  APERTA PARA BAIXO PARA VERIFICAR O PRÓXIMO REGISTRO
07-12-2023 15:42:51.913Z;functions.check_inv;  ctrl c
07-12-2023 15:42:52.518Z;functions.check_inv;  Historico completo: INV
07-12-2023 15:42:52.520Z;functions.check_inv;  INV: NÃO ENCONTRADA
07-12-2023 15:42:52.625Z;functions.check_inv;  APERTA PARA BAIXO PARA VERIFICAR O PRÓXIMO REGISTRO
07-12-2023 15:42:53.627Z;functions.check_inv;  ctrl c
07-12-2023 15:42:54.232Z;functions.check_inv;  Historico completo: INV
07-12-2023 15:42:54.233Z;functions.check_inv;  INV: NÃO ENCONTRADA
07-12-2023 15:42:54.337Z;functions.check_inv;  APERTA PARA BAIXO PARA VERIFICAR O PRÓXIMO REGISTRO
07-12-2023 15:42:55.339Z;functions.check_inv;  ctrl c
07-12-2023 15:42:55.944Z;functions.check_inv;  Historico completo: INV
07-12-2023 15:42:55.945Z;functions.check_inv;  INV: NÃO ENCONTRADA
07-12-2023 15:42:56.050Z;functions.check_inv;  APERTA PARA BAIXO PARA VERIFICAR O PRÓXIMO REGISTRO
07-12-2023 15:42:57.052Z;functions.check_inv;  ctrl c
07-12-2023 15:42:57.657Z;functions.check_inv;  Historico completo: INV
07-12-2023 15:42:57.658Z;functions.check_inv;  INV: NÃO ENCONTRADA
07-12-2023 15:42:57.762Z;functions.check_inv;  APERTA PARA BAIXO PARA VERIFICAR O PRÓXIMO REGISTRO
07-12-2023 15:42:58.763Z;functions.check_inv;  ctrl c
07-12-2023 15:42:59.367Z;functions.check_inv;  Historico completo: INV
07-12-2023 15:42:59.368Z;functions.check_inv;  INV: NÃO ENCONTRADA
07-12-2023 15:42:59.473Z;functions.check_inv;  APERTA PARA BAIXO PARA VERIFICAR O PRÓXIMO REGISTRO
07-12-2023 15:43:00.475Z;functions.check_inv;  ctrl c
07-12-2023 15:43:01.080Z;functions.check_inv;  Historico completo: INV
07-12-2023 15:43:01.081Z;functions.check_inv;  INV: NÃO ENCONTRADA
07-12-2023 15:43:01.185Z;functions.check_inv;  APERTA PARA BAIXO PARA VERIFICAR O PRÓXIMO REGISTRO
07-12-2023 15:43:02.186Z;functions.check_inv;  ctrl c
07-12-2023 15:43:02.791Z;functions.check_inv;  Historico completo: INV
07-12-2023 15:43:02.792Z;functions.check_inv;  INV: NÃO ENCONTRADA
07-12-2023 15:43:02.896Z;functions.check_inv;  APERTA PARA BAIXO PARA VERIFICAR O PRÓXIMO REGISTRO
07-12-2023 15:43:03.898Z;functions.check_inv;  ctrl c
07-12-2023 15:43:04.505Z;functions.check_inv;  Historico completo: INV
07-12-2023 15:43:04.506Z;functions.check_inv;  INV: NÃO ENCONTRADA
07-12-2023 15:43:04.610Z;functions.check_inv;  APERTA PARA BAIXO PARA VERIFICAR O PRÓXIMO REGISTRO
07-12-2023 15:43:05.613Z;functions.check_inv;  ctrl c
07-12-2023 15:43:06.218Z;functions.check_inv;  Historico completo: INV
07-12-2023 15:43:06.219Z;functions.check_inv;  INV: NÃO ENCONTRADA
07-12-2023 15:43:06.322Z;functions.check_inv;  APERTA PARA BAIXO PARA VERIFICAR O PRÓXIMO REGISTRO
07-12-2023 15:43:07.324Z;functions.check_inv;  ctrl c
07-12-2023 15:43:07.930Z;functions.check_inv;  Historico completo: INV
07-12-2023 15:43:07.931Z;functions.check_inv;  INV: NÃO ENCONTRADA
07-12-2023 15:43:08.036Z;functions.check_inv;  APERTA PARA BAIXO PARA VERIFICAR O PRÓXIMO REGISTRO
07-12-2023 15:43:09.037Z;functions.check_inv;  ctrl c
07-12-2023 15:43:09.642Z;functions.check_inv;  Historico completo: INV
07-12-2023 15:43:09.643Z;functions.check_inv;  INV: NÃO ENCONTRADA
07-12-2023 15:43:09.748Z;functions.check_inv;  APERTA PARA BAIXO PARA VERIFICAR O PRÓXIMO REGISTRO
07-12-2023 15:43:10.751Z;functions.check_inv;  ctrl c
07-12-2023 15:43:11.355Z;functions.check_inv;  Historico completo: INV
07-12-2023 15:43:11.357Z;functions.check_inv;  INV: NÃO ENCONTRADA
07-12-2023 15:43:11.460Z;functions.check_inv;  APERTA PARA BAIXO PARA VERIFICAR O PRÓXIMO REGISTRO
07-12-2023 15:43:12.462Z;functions.check_inv;  ctrl c
07-12-2023 15:43:13.067Z;functions.check_inv;  Historico completo: INV
07-12-2023 15:43:13.068Z;functions.check_inv;  INV: NÃO ENCONTRADA
07-12-2023 15:43:13.172Z;functions.check_inv;  APERTA PARA BAIXO PARA VERIFICAR O PRÓXIMO REGISTRO
07-12-2023 15:43:14.175Z;functions.check_inv;  ctrl c
07-12-2023 15:43:14.779Z;functions.check_inv;  Historico completo: INV
07-12-2023 15:43:14.780Z;functions.check_inv;  INV: NÃO ENCONTRADA
07-12-2023 15:43:14.884Z;functions.check_inv;  APERTA PARA BAIXO PARA VERIFICAR O PRÓXIMO REGISTRO
07-12-2023 15:43:15.886Z;functions.check_inv;  ctrl c
07-12-2023 15:43:16.490Z;functions.check_inv;  Historico completo: INV
07-12-2023 15:43:16.491Z;functions.check_inv;  INV: NÃO ENCONTRADA
07-12-2023 15:43:16.594Z;functions.check_inv;  APERTA PARA BAIXO PARA VERIFICAR O PRÓXIMO REGISTRO
07-12-2023 15:43:17.597Z;functions.check_inv;  ctrl c
07-12-2023 15:43:18.201Z;functions.check_inv;  Historico completo: INV
07-12-2023 15:43:18.204Z;functions.check_inv;  INV: NÃO ENCONTRADA
07-12-2023 15:43:18.306Z;functions.check_inv;  APERTA PARA BAIXO PARA VERIFICAR O PRÓXIMO REGISTRO
07-12-2023 15:43:19.308Z;functions.check_inv;  ctrl c
07-12-2023 15:43:19.913Z;functions.check_inv;  Historico completo: INV
07-12-2023 15:43:19.914Z;functions.check_inv;  INV: NÃO ENCONTRADA
07-12-2023 15:43:20.018Z;functions.check_inv;  APERTA PARA BAIXO PARA VERIFICAR O PRÓXIMO REGISTRO
07-12-2023 15:43:21.022Z;functions.check_inv;  ctrl c
07-12-2023 15:43:21.627Z;functions.check_inv;  Historico completo: INV
07-12-2023 15:43:21.628Z;functions.check_inv;  INV: NÃO ENCONTRADA
07-12-2023 15:43:21.731Z;functions.check_inv;  APERTA PARA BAIXO PARA VERIFICAR O PRÓXIMO REGISTRO
07-12-2023 15:43:22.733Z;functions.check_inv;  ctrl c
07-12-2023 15:43:23.337Z;functions.check_inv;  Historico completo: INV
07-12-2023 15:43:23.338Z;functions.check_inv;  INV: NÃO ENCONTRADA
07-12-2023 15:43:23.442Z;functions.check_inv;  APERTA PARA BAIXO PARA VERIFICAR O PRÓXIMO REGISTRO
07-12-2023 15:43:24.444Z;functions.check_inv;  ctrl c
07-12-2023 15:43:25.049Z;functions.check_inv;  Historico completo: INV
07-12-2023 15:43:25.050Z;functions.check_inv;  INV: NÃO ENCONTRADA
07-12-2023 15:43:25.153Z;functions.check_inv;  APERTA PARA BAIXO PARA VERIFICAR O PRÓXIMO REGISTRO
07-12-2023 15:43:26.155Z;functions.check_inv;  ctrl c
07-12-2023 15:43:26.759Z;functions.check_inv;  Historico completo: INV
07-12-2023 15:43:26.761Z;functions.check_inv;  INV: NÃO ENCONTRADA
07-12-2023 15:43:26.864Z;functions.check_inv;  APERTA PARA BAIXO PARA VERIFICAR O PRÓXIMO REGISTRO
07-12-2023 15:43:27.868Z;functions.check_inv;  ctrl c
07-12-2023 15:43:28.472Z;functions.check_inv;  Historico completo: INV
07-12-2023 15:43:28.474Z;functions.check_inv;  INV: NÃO ENCONTRADA
07-12-2023 15:43:28.578Z;functions.check_inv;  APERTA PARA BAIXO PARA VERIFICAR O PRÓXIMO REGISTRO
07-12-2023 15:43:29.581Z;functions.check_inv;  ctrl c
07-12-2023 15:43:30.185Z;functions.check_inv;  Historico completo: INV
07-12-2023 15:43:30.186Z;functions.check_inv;  INV: NÃO ENCONTRADA
07-12-2023 15:43:30.289Z;functions.check_inv;  APERTA PARA BAIXO PARA VERIFICAR O PRÓXIMO REGISTRO
07-12-2023 15:43:31.292Z;functions.check_inv;  ctrl c
07-12-2023 15:43:31.899Z;functions.check_inv;  Historico completo: INV
07-12-2023 15:43:31.900Z;functions.check_inv;  INV: NÃO ENCONTRADA
07-12-2023 15:43:32.004Z;functions.check_inv;  APERTA PARA BAIXO PARA VERIFICAR O PRÓXIMO REGISTRO
07-12-2023 15:43:33.005Z;functions.check_inv;  ctrl c
07-12-2023 15:43:33.610Z;functions.check_inv;  Historico completo: INV
07-12-2023 15:43:33.611Z;functions.check_inv;  INV: NÃO ENCONTRADA
07-12-2023 15:43:33.715Z;functions.check_inv;  APERTA PARA BAIXO PARA VERIFICAR O PRÓXIMO REGISTRO
07-12-2023 15:43:34.718Z;functions.check_inv;  ctrl c
07-12-2023 15:43:35.324Z;functions.check_inv;  Historico completo: INV
07-12-2023 15:43:35.326Z;functions.check_inv;  INV: NÃO ENCONTRADA
07-12-2023 15:43:35.429Z;functions.check_inv;  APERTA PARA BAIXO PARA VERIFICAR O PRÓXIMO REGISTRO
07-12-2023 15:43:36.431Z;functions.check_inv;  ctrl c
07-12-2023 15:43:37.036Z;functions.check_inv;  Historico completo: check_inv()
    define_moeda()
    baixa_inv()
    emailSuccess()
    
07-12-2023 15:43:37.042Z;functions.check_inv;  INV: NÃO ENCONTRADA
07-12-2023 15:43:37.145Z;functions.check_inv;  APERTA PARA BAIXO PARA VERIFICAR O PRÓXIMO REGISTRO
07-12-2023 15:43:38.151Z;functions.check_inv;  ctrl c
07-12-2023 15:43:38.757Z;functions.check_inv;  Historico completo: 

07-12-2023 15:43:38.759Z;functions.check_inv;  INV: NÃO ENCONTRADA
07-12-2023 15:43:38.863Z;functions.check_inv;  APERTA PARA BAIXO PARA VERIFICAR O PRÓXIMO REGISTRO
07-12-2023 15:43:39.872Z;functions.check_inv;  ctrl c
07-12-2023 15:43:40.480Z;functions.check_inv;  Historico completo: 

07-12-2023 15:43:40.482Z;functions.check_inv;  INV: NÃO ENCONTRADA
07-12-2023 15:43:40.585Z;functions.check_inv;  APERTA PARA BAIXO PARA VERIFICAR O PRÓXIMO REGISTRO
07-12-2023 15:43:41.593Z;functions.check_inv;  ctrl c
07-12-2023 15:43:42.233Z;functions.check_inv;  Historico completo: 

07-12-2023 15:43:42.238Z;functions.check_inv;  INV: NÃO ENCONTRADA
07-12-2023 15:43:42.341Z;functions.check_inv;  APERTA PARA BAIXO PARA VERIFICAR O PRÓXIMO REGISTRO
