07-12-2023 17:17:29.658Z;functions.bot_text_art;      ____   
07-12-2023 17:17:29.659Z;functions.bot_text_art;     [____]    
07-12-2023 17:17:29.660Z;functions.bot_text_art;   |=]()()[=|  
07-12-2023 17:17:29.661Z;functions.bot_text_art;     _\==/__    _____    ____     _        _____    ___   _  __
07-12-2023 17:17:29.662Z;functions.bot_text_art;   |__|   |_|  |  _  \  / ___|   | |      |_   _| / ___| | |/ /
07-12-2023 17:17:29.663Z;functions.bot_text_art;   |_|_/\_|_|  | |  | | | |      | |        | |   | |    | ' / 
07-12-2023 17:17:29.664Z;functions.bot_text_art;   | | __ | |  | |  | | | |      | |        | |   | |    |  <  
07-12-2023 17:17:29.665Z;functions.bot_text_art;   |_|[  ]|_|  | |__| | | |____  | |____   _| |_  | |__  | . \ 
07-12-2023 17:17:29.668Z;functions.bot_text_art;   \_|_||_|_/  |_____/   \_____| |______| |_____| \ ___| |_|\_\
07-12-2023 17:17:29.668Z;functions.bot_text_art;     |_||_|                                                     
07-12-2023 17:17:29.669Z;functions.bot_text_art;     | ||_|_   
07-12-2023 17:17:29.670Z;functions.bot_text_art;   |___||___|  
07-12-2023 17:17:29.671Z;functions.bot_text_art;               
07-12-2023 17:17:29.686Z;functions.open_RM;  OPEN PROGRAM RM
07-12-2023 17:17:47.724Z;functions.loggin_RM;  ENTER USER_NAME
07-12-2023 17:17:49.217Z;functions.loggin_RM;  ENTER PASSWORD
07-12-2023 17:17:50.738Z;functions.loggin_RM;  ENTER RM
07-12-2023 17:18:33.143Z;functions.enter_coligada;  CLICK CONTEXTO
07-12-2023 17:18:38.644Z;functions.enter_coligada;  CLICK COLIGADA 2
07-12-2023 17:18:43.057Z;functions.enter_coligada;  INSERE O COLIGADA CODE = 2
07-12-2023 17:18:43.186Z;functions.enter_coligada;  APERTA TAB PARA PREENCHER O CAMPO COM A STRING: OCEANICA ENGENHARIA E CONSULTORIA S.A.
07-12-2023 17:18:45.160Z;functions.enter_coligada;  CLICK AVANÇAR NOVAMENTE
07-12-2023 17:18:48.473Z;functions.enter_coligada;  CLICK CONCLUIR
07-12-2023 17:19:13.712Z;functions.enter_coligada;  POP UP COLIGADA CLICADO PARA DESAPARECER
07-12-2023 17:19:17.562Z;functions.enter_contas_a_pagar;  CLICK - TOTVS - LINHA RM
07-12-2023 17:19:20.528Z;functions.enter_contas_a_pagar;  CLICK - BACK OFFICE
07-12-2023 17:19:23.380Z;functions.enter_contas_a_pagar;  CLICK - GESTAO FINANCEIRA
07-12-2023 17:19:31.407Z;functions.enter_contas_a_pagar;  CLICK - CONTAS A PAGAR
07-12-2023 17:19:31.858Z;functions.waitForImage;  LANÇAMENTOS image found.
07-12-2023 17:19:33.983Z;functions.enter_contas_a_pagar;  CLICA EM LANÇAMENTOS
07-12-2023 17:19:46.668Z;functions.filter_lancamento;  ESCREVE Histórico NO FILTRO
07-12-2023 17:19:47.549Z;functions.filter_lancamento;  CLICK - BUTÃO DE SELECAO DE FILTRO
07-12-2023 17:19:49.825Z;functions.filter_lancamento;  CLICK - BUTÃO DE SELECAO DE FILTRO
07-12-2023 17:19:50.769Z;functions.filter_lancamento;  CLICK - BUTÃO DE EXECUTAR O FILTRO
07-12-2023 17:20:20.190Z;functions.desmark_filter;  CLICK CHECKBOX LANÇAMENTOS A RECEBER
07-12-2023 17:20:22.271Z;functions.desmark_filter;  CLICK CHECKBOX LANÇAMENTOS BAIXADOS
07-12-2023 17:20:24.509Z;functions.desmark_filter;  CLICK CHECKBOX LANÇAMENTOS CANCELADOS
07-12-2023 17:20:26.899Z;functions.desmark_filter;  CLICK CHECKBOX LANÇAMENTOS FATURADOS
07-12-2023 17:20:29.538Z;functions.desmark_filter;  ATUALIZA O FILTRO
