07-12-2023 17:24:34.199Z;functions.enter_coligada;  CLICK CONTEXTO
07-12-2023 17:24:36.318Z;functions.enter_coligada;  CLICK COLIGADA 2
07-12-2023 17:24:39.687Z;functions.enter_coligada;  INSERE O COLIGADA CODE = 2
07-12-2023 17:24:39.803Z;functions.enter_coligada;  APERTA TAB PARA PREENCHER O CAMPO COM A STRING: OCEANICA ENGENHARIA E CONSULTORIA S.A.
07-12-2023 17:24:41.140Z;functions.enter_coligada;  CLICK AVANÇAR NOVAMENTE
07-12-2023 17:24:44.537Z;functions.enter_coligada;  CLICK CONCLUIR
07-12-2023 17:25:09.863Z;functions.enter_coligada;  POP UP COLIGADA CLICADO PARA DESAPARECER
07-12-2023 17:25:13.745Z;functions.enter_contas_a_pagar;  CLICK - TOTVS - LINHA RM
07-12-2023 17:25:16.776Z;functions.enter_contas_a_pagar;  CLICK - BACK OFFICE
07-12-2023 17:25:17.780Z;functions.enter_contas_a_pagar;  CLICK - GESTAO FINANCEIRA
07-12-2023 17:25:25.136Z;functions.enter_contas_a_pagar;  CLICK - CONTAS A PAGAR
07-12-2023 17:25:25.521Z;functions.waitForImage;  LANÇAMENTOS image found.
07-12-2023 17:25:27.643Z;functions.enter_contas_a_pagar;  CLICA EM LANÇAMENTOS
07-12-2023 17:25:31.972Z;functions.filter_lancamento;  ESCREVE Histórico NO FILTRO
07-12-2023 17:25:32.852Z;functions.filter_lancamento;  CLICK - BUTÃO DE SELECAO DE FILTRO
07-12-2023 17:25:34.968Z;functions.filter_lancamento;  CLICK - BUTÃO DE SELECAO DE FILTRO
07-12-2023 17:25:35.916Z;functions.filter_lancamento;  CLICK - BUTÃO DE EXECUTAR O FILTRO
07-12-2023 17:25:58.711Z;functions.desmark_filter;  CLICK CHECKBOX LANÇAMENTOS A RECEBER
07-12-2023 17:26:00.679Z;functions.desmark_filter;  CLICK CHECKBOX LANÇAMENTOS BAIXADOS
07-12-2023 17:26:02.790Z;functions.desmark_filter;  CLICK CHECKBOX LANÇAMENTOS CANCELADOS
07-12-2023 17:26:05.267Z;functions.desmark_filter;  CLICK CHECKBOX LANÇAMENTOS FATURADOS
07-12-2023 17:26:07.904Z;functions.desmark_filter;  ATUALIZA O FILTRO
