07-12-2023 18:37:19.389Z;functions.check_inv;  35 PASSOS PARA ESQUERDA
07-12-2023 18:37:21.325Z;functions.check_inv;  19 PASSOS PARA DIREITA
07-12-2023 18:37:23.326Z;functions.check_inv;  ctrl c
07-12-2023 18:37:23.931Z;functions.check_inv;  Historico completo: INV - 00525829 - DNV AS 
07-12-2023 18:37:23.933Z;functions.check_inv;  INV: 00525829
07-12-2023 18:37:24.537Z;functions.check_inv;  APERTA PARA BAIXO PARA VERIFICAR O PRÓXIMO REGISTRO
07-12-2023 18:37:24.538Z;functions.check_inv;  ctrl c
07-12-2023 18:37:25.143Z;functions.check_inv;  Historico completo: INV - 10218917 - KONGSBERG MARITIME AS 
07-12-2023 18:37:25.145Z;functions.check_inv;  INV: 10218917
07-12-2023 18:37:25.748Z;functions.check_inv;  APERTA PARA BAIXO PARA VERIFICAR O PRÓXIMO REGISTRO
07-12-2023 18:37:25.751Z;functions.check_inv;  ctrl c
07-12-2023 18:37:26.356Z;functions.check_inv;  Historico completo: INV - xxxxx - VDR SPECIALIZED CRANE EQUIPMENT MANUFACTURING LLC
07-12-2023 18:37:26.359Z;functions.check_inv;  INV: NÃO ENCONTRADA
07-12-2023 18:37:26.962Z;functions.check_inv;  APERTA PARA BAIXO PARA VERIFICAR O PRÓXIMO REGISTRO
07-12-2023 18:37:26.963Z;functions.check_inv;  ctrl c
07-12-2023 18:37:27.571Z;functions.check_inv;  Historico completo: INV - 020558915 - KONGSBERG MARITIME AS
07-12-2023 18:37:27.571Z;functions.check_inv;  INV: 020558915
07-12-2023 18:37:28.175Z;functions.check_inv;  APERTA PARA BAIXO PARA VERIFICAR O PRÓXIMO REGISTRO
07-12-2023 18:37:28.176Z;functions.check_inv;  ctrl c
07-12-2023 18:37:28.782Z;functions.check_inv;  Historico completo: INV - 000747431 - KONGSBERG MARITIME AS
07-12-2023 18:37:28.783Z;functions.check_inv;  INV: 000747431
07-12-2023 18:37:41.014Z;functions.waitForImage;  INTEGRAÇÃO BANCÁRIA image found.
07-12-2023 18:37:43.148Z;functions.define_moeda;  CLICK EM VALOR
07-12-2023 18:37:43.560Z;functions.define_moeda;  4 TAB
07-12-2023 18:37:51.149Z;functions.waitForImage;  PRESS BUTTON OK image found.
07-12-2023 18:37:53.281Z;functions.define_moeda;  APERTA OK
07-12-2023 18:37:57.420Z;functions.baixa_inv;  CHECK LINHA
07-12-2023 18:37:58.799Z;functions.baixa_inv;  SELECIONA BOTÃO BAIXA
