07-12-2023 18:51:16.468Z;functions.check_inv;  35 PASSOS PARA ESQUERDA
07-12-2023 18:51:18.406Z;functions.check_inv;  19 PASSOS PARA DIREITA
07-12-2023 18:51:20.408Z;functions.check_inv;  ctrl c
07-12-2023 18:51:21.012Z;functions.check_inv;  Historico completo: 
07-12-2023 18:51:21.014Z;functions.check_inv;  INV: NÃO ENCONTRADA
07-12-2023 18:51:21.619Z;functions.check_inv;  APERTA PARA BAIXO PARA VERIFICAR O PRÓXIMO REGISTRO
07-12-2023 18:51:21.622Z;functions.check_inv;  ctrl c
07-12-2023 18:51:22.226Z;functions.check_inv;  Historico completo: 
07-12-2023 18:51:22.228Z;functions.check_inv;  INV: NÃO ENCONTRADA
07-12-2023 18:51:22.831Z;functions.check_inv;  APERTA PARA BAIXO PARA VERIFICAR O PRÓXIMO REGISTRO
07-12-2023 18:51:22.834Z;functions.check_inv;  ctrl c
07-12-2023 18:51:23.439Z;functions.check_inv;  Historico completo: 
07-12-2023 18:51:23.442Z;functions.check_inv;  INV: NÃO ENCONTRADA
07-12-2023 18:51:24.089Z;functions.check_inv;  APERTA PARA BAIXO PARA VERIFICAR O PRÓXIMO REGISTRO
07-12-2023 18:51:24.097Z;functions.check_inv;  ctrl c
07-12-2023 18:51:24.714Z;functions.check_inv;  Historico completo: 
07-12-2023 18:51:24.715Z;functions.check_inv;  INV: NÃO ENCONTRADA
07-12-2023 18:51:25.318Z;functions.check_inv;  APERTA PARA BAIXO PARA VERIFICAR O PRÓXIMO REGISTRO
07-12-2023 18:51:25.322Z;functions.check_inv;  ctrl c
07-12-2023 18:51:25.928Z;functions.check_inv;  Historico completo: 
07-12-2023 18:51:25.930Z;functions.check_inv;  INV: NÃO ENCONTRADA
07-12-2023 18:51:26.536Z;functions.check_inv;  APERTA PARA BAIXO PARA VERIFICAR O PRÓXIMO REGISTRO
07-12-2023 18:51:26.542Z;functions.check_inv;  ctrl c
07-12-2023 18:51:27.152Z;functions.check_inv;  Historico completo: 
07-12-2023 18:51:27.153Z;functions.check_inv;  INV: NÃO ENCONTRADA
07-12-2023 18:51:27.757Z;functions.check_inv;  APERTA PARA BAIXO PARA VERIFICAR O PRÓXIMO REGISTRO
07-12-2023 18:51:27.757Z;functions.check_inv;  ctrl c
07-12-2023 18:51:28.361Z;functions.check_inv;  Historico completo: 
07-12-2023 18:51:28.362Z;functions.check_inv;  INV: NÃO ENCONTRADA
07-12-2023 18:51:28.968Z;functions.check_inv;  APERTA PARA BAIXO PARA VERIFICAR O PRÓXIMO REGISTRO
07-12-2023 18:51:28.969Z;functions.check_inv;  ctrl c
07-12-2023 18:51:29.631Z;functions.check_inv;  Historico completo: 
07-12-2023 18:51:29.642Z;functions.check_inv;  INV: NÃO ENCONTRADA
07-12-2023 18:51:30.249Z;functions.check_inv;  APERTA PARA BAIXO PARA VERIFICAR O PRÓXIMO REGISTRO
07-12-2023 18:51:30.251Z;functions.check_inv;  ctrl c
07-12-2023 18:51:30.856Z;functions.check_inv;  Historico completo: 
07-12-2023 18:51:30.858Z;functions.check_inv;  INV: NÃO ENCONTRADA
07-12-2023 18:51:31.462Z;functions.check_inv;  APERTA PARA BAIXO PARA VERIFICAR O PRÓXIMO REGISTRO
07-12-2023 18:51:31.462Z;functions.check_inv;  ctrl c
07-12-2023 18:51:32.067Z;functions.check_inv;  Historico completo: 
07-12-2023 18:51:32.068Z;functions.check_inv;  INV: NÃO ENCONTRADA
07-12-2023 18:51:32.671Z;functions.check_inv;  APERTA PARA BAIXO PARA VERIFICAR O PRÓXIMO REGISTRO
07-12-2023 18:51:32.672Z;functions.check_inv;  ctrl c
07-12-2023 18:51:33.277Z;functions.check_inv;  Historico completo: 
07-12-2023 18:51:33.279Z;functions.check_inv;  INV: NÃO ENCONTRADA
07-12-2023 18:51:33.883Z;functions.check_inv;  APERTA PARA BAIXO PARA VERIFICAR O PRÓXIMO REGISTRO
07-12-2023 18:51:33.884Z;functions.check_inv;  ctrl c
07-12-2023 18:51:34.489Z;functions.check_inv;  Historico completo: 
07-12-2023 18:51:34.490Z;functions.check_inv;  INV: NÃO ENCONTRADA
07-12-2023 18:51:35.094Z;functions.check_inv;  APERTA PARA BAIXO PARA VERIFICAR O PRÓXIMO REGISTRO
07-12-2023 18:51:35.095Z;functions.check_inv;  ctrl c
07-12-2023 18:51:35.699Z;functions.check_inv;  Historico completo: 
07-12-2023 18:51:35.700Z;functions.check_inv;  INV: NÃO ENCONTRADA
07-12-2023 18:51:36.304Z;functions.check_inv;  APERTA PARA BAIXO PARA VERIFICAR O PRÓXIMO REGISTRO
07-12-2023 18:51:36.305Z;functions.check_inv;  ctrl c
07-12-2023 18:51:36.909Z;functions.check_inv;  Historico completo: 
07-12-2023 18:51:36.910Z;functions.check_inv;  INV: NÃO ENCONTRADA
07-12-2023 18:51:37.515Z;functions.check_inv;  APERTA PARA BAIXO PARA VERIFICAR O PRÓXIMO REGISTRO
07-12-2023 18:51:37.516Z;functions.check_inv;  ctrl c
07-12-2023 18:51:38.120Z;functions.check_inv;  Historico completo: 
07-12-2023 18:51:38.121Z;functions.check_inv;  INV: NÃO ENCONTRADA
07-12-2023 18:51:38.725Z;functions.check_inv;  APERTA PARA BAIXO PARA VERIFICAR O PRÓXIMO REGISTRO
07-12-2023 18:51:38.726Z;functions.check_inv;  ctrl c
07-12-2023 18:51:39.331Z;functions.check_inv;  Historico completo: 
07-12-2023 18:51:39.332Z;functions.check_inv;  INV: NÃO ENCONTRADA
07-12-2023 18:51:39.936Z;functions.check_inv;  APERTA PARA BAIXO PARA VERIFICAR O PRÓXIMO REGISTRO
07-12-2023 18:51:39.937Z;functions.check_inv;  ctrl c
07-12-2023 18:51:40.541Z;functions.check_inv;  Historico completo: 
07-12-2023 18:51:40.542Z;functions.check_inv;  INV: NÃO ENCONTRADA
07-12-2023 18:51:41.145Z;functions.check_inv;  APERTA PARA BAIXO PARA VERIFICAR O PRÓXIMO REGISTRO
07-12-2023 18:51:41.146Z;functions.check_inv;  ctrl c
07-12-2023 18:51:41.748Z;functions.check_inv;  Historico completo: 
07-12-2023 18:51:41.751Z;functions.check_inv;  INV: NÃO ENCONTRADA
07-12-2023 18:51:42.362Z;functions.check_inv;  APERTA PARA BAIXO PARA VERIFICAR O PRÓXIMO REGISTRO
07-12-2023 18:51:42.363Z;functions.check_inv;  ctrl c
07-12-2023 18:51:43.000Z;functions.check_inv;  Historico completo: 
07-12-2023 18:51:43.001Z;functions.check_inv;  INV: NÃO ENCONTRADA
07-12-2023 18:51:43.604Z;functions.check_inv;  APERTA PARA BAIXO PARA VERIFICAR O PRÓXIMO REGISTRO
07-12-2023 18:51:43.605Z;functions.check_inv;  ctrl c
07-12-2023 18:51:44.209Z;functions.check_inv;  Historico completo: 
07-12-2023 18:51:44.211Z;functions.check_inv;  INV: NÃO ENCONTRADA
07-12-2023 18:51:44.813Z;functions.check_inv;  APERTA PARA BAIXO PARA VERIFICAR O PRÓXIMO REGISTRO
07-12-2023 18:51:44.815Z;functions.check_inv;  ctrl c
07-12-2023 18:51:45.417Z;functions.check_inv;  Historico completo: 
07-12-2023 18:51:45.418Z;functions.check_inv;  INV: NÃO ENCONTRADA
07-12-2023 18:51:46.021Z;functions.check_inv;  APERTA PARA BAIXO PARA VERIFICAR O PRÓXIMO REGISTRO
07-12-2023 18:51:46.022Z;functions.check_inv;  ctrl c
07-12-2023 18:51:46.636Z;functions.check_inv;  Historico completo: 
07-12-2023 18:51:46.638Z;functions.check_inv;  INV: NÃO ENCONTRADA
07-12-2023 18:51:47.240Z;functions.check_inv;  APERTA PARA BAIXO PARA VERIFICAR O PRÓXIMO REGISTRO
07-12-2023 18:51:47.241Z;functions.check_inv;  ctrl c
07-12-2023 18:51:47.845Z;functions.check_inv;  Historico completo: 
07-12-2023 18:51:47.846Z;functions.check_inv;  INV: NÃO ENCONTRADA
07-12-2023 18:51:48.448Z;functions.check_inv;  APERTA PARA BAIXO PARA VERIFICAR O PRÓXIMO REGISTRO
07-12-2023 18:51:48.449Z;functions.check_inv;  ctrl c
07-12-2023 18:51:49.053Z;functions.check_inv;  Historico completo: 
07-12-2023 18:51:49.054Z;functions.check_inv;  INV: NÃO ENCONTRADA
07-12-2023 18:51:49.656Z;functions.check_inv;  APERTA PARA BAIXO PARA VERIFICAR O PRÓXIMO REGISTRO
07-12-2023 18:51:49.657Z;functions.check_inv;  ctrl c
07-12-2023 18:51:50.261Z;functions.check_inv;  Historico completo: 
07-12-2023 18:51:50.262Z;functions.check_inv;  INV: NÃO ENCONTRADA
07-12-2023 18:51:50.866Z;functions.check_inv;  APERTA PARA BAIXO PARA VERIFICAR O PRÓXIMO REGISTRO
07-12-2023 18:51:50.867Z;functions.check_inv;  ctrl c
07-12-2023 18:51:51.469Z;functions.check_inv;  Historico completo: 
07-12-2023 18:51:51.470Z;functions.check_inv;  INV: NÃO ENCONTRADA
07-12-2023 18:51:52.073Z;functions.check_inv;  APERTA PARA BAIXO PARA VERIFICAR O PRÓXIMO REGISTRO
07-12-2023 18:51:52.074Z;functions.check_inv;  ctrl c
07-12-2023 18:51:52.676Z;functions.check_inv;  Historico completo: 
07-12-2023 18:51:52.678Z;functions.check_inv;  INV: NÃO ENCONTRADA
07-12-2023 18:51:53.280Z;functions.check_inv;  APERTA PARA BAIXO PARA VERIFICAR O PRÓXIMO REGISTRO
07-12-2023 18:51:53.281Z;functions.check_inv;  ctrl c
07-12-2023 18:51:53.885Z;functions.check_inv;  Historico completo: 
07-12-2023 18:51:53.887Z;functions.check_inv;  INV: NÃO ENCONTRADA
07-12-2023 18:51:54.492Z;functions.check_inv;  APERTA PARA BAIXO PARA VERIFICAR O PRÓXIMO REGISTRO
07-12-2023 18:51:54.494Z;functions.check_inv;  ctrl c
07-12-2023 18:51:55.101Z;functions.check_inv;  Historico completo: 
07-12-2023 18:51:55.102Z;functions.check_inv;  INV: NÃO ENCONTRADA
07-12-2023 18:51:55.705Z;functions.check_inv;  APERTA PARA BAIXO PARA VERIFICAR O PRÓXIMO REGISTRO
07-12-2023 18:51:55.708Z;functions.check_inv;  ctrl c
07-12-2023 18:51:56.314Z;functions.check_inv;  Historico completo: 
07-12-2023 18:51:56.317Z;functions.check_inv;  INV: NÃO ENCONTRADA
07-12-2023 18:51:56.921Z;functions.check_inv;  APERTA PARA BAIXO PARA VERIFICAR O PRÓXIMO REGISTRO
07-12-2023 18:51:56.922Z;functions.check_inv;  ctrl c
07-12-2023 18:51:57.526Z;functions.check_inv;  Historico completo: 
07-12-2023 18:51:57.527Z;functions.check_inv;  INV: NÃO ENCONTRADA
07-12-2023 18:51:58.132Z;functions.check_inv;  APERTA PARA BAIXO PARA VERIFICAR O PRÓXIMO REGISTRO
07-12-2023 18:51:58.133Z;functions.check_inv;  ctrl c
07-12-2023 18:51:58.738Z;functions.check_inv;  Historico completo: 
07-12-2023 18:51:58.739Z;functions.check_inv;  INV: NÃO ENCONTRADA
07-12-2023 18:51:59.343Z;functions.check_inv;  APERTA PARA BAIXO PARA VERIFICAR O PRÓXIMO REGISTRO
07-12-2023 18:51:59.344Z;functions.check_inv;  ctrl c
07-12-2023 18:51:59.948Z;functions.check_inv;  Historico completo: 
07-12-2023 18:51:59.950Z;functions.check_inv;  INV: NÃO ENCONTRADA
07-12-2023 18:52:00.555Z;functions.check_inv;  APERTA PARA BAIXO PARA VERIFICAR O PRÓXIMO REGISTRO
07-12-2023 18:52:00.556Z;functions.check_inv;  ctrl c
07-12-2023 18:52:01.161Z;functions.check_inv;  Historico completo: 
07-12-2023 18:52:01.162Z;functions.check_inv;  INV: NÃO ENCONTRADA
07-12-2023 18:52:01.766Z;functions.check_inv;  APERTA PARA BAIXO PARA VERIFICAR O PRÓXIMO REGISTRO
07-12-2023 18:52:01.767Z;functions.check_inv;  ctrl c
07-12-2023 18:52:02.373Z;functions.check_inv;  Historico completo: 
07-12-2023 18:52:02.374Z;functions.check_inv;  INV: NÃO ENCONTRADA
07-12-2023 18:52:02.977Z;functions.check_inv;  APERTA PARA BAIXO PARA VERIFICAR O PRÓXIMO REGISTRO
07-12-2023 18:52:02.978Z;functions.check_inv;  ctrl c
07-12-2023 18:52:03.584Z;functions.check_inv;  Historico completo: 
07-12-2023 18:52:03.586Z;functions.check_inv;  INV: NÃO ENCONTRADA
07-12-2023 18:52:04.189Z;functions.check_inv;  APERTA PARA BAIXO PARA VERIFICAR O PRÓXIMO REGISTRO
07-12-2023 18:52:04.190Z;functions.check_inv;  ctrl c
07-12-2023 18:52:04.796Z;functions.check_inv;  Historico completo: 
07-12-2023 18:52:04.798Z;functions.check_inv;  INV: NÃO ENCONTRADA
07-12-2023 18:52:05.402Z;functions.check_inv;  APERTA PARA BAIXO PARA VERIFICAR O PRÓXIMO REGISTRO
07-12-2023 18:52:05.403Z;functions.check_inv;  ctrl c
07-12-2023 18:52:06.009Z;functions.check_inv;  Historico completo: Sem Repasse
07-12-2023 18:52:06.011Z;functions.check_inv;  INV: NÃO ENCONTRADA
07-12-2023 18:52:06.616Z;functions.check_inv;  APERTA PARA BAIXO PARA VERIFICAR O PRÓXIMO REGISTRO
07-12-2023 18:52:06.619Z;functions.check_inv;  ctrl c
07-12-2023 18:52:07.223Z;functions.check_inv;  Historico completo: Sem Repasse
07-12-2023 18:52:07.224Z;functions.check_inv;  INV: NÃO ENCONTRADA
07-12-2023 18:52:07.828Z;functions.check_inv;  APERTA PARA BAIXO PARA VERIFICAR O PRÓXIMO REGISTRO
07-12-2023 18:52:07.829Z;functions.check_inv;  ctrl c
07-12-2023 18:52:08.434Z;functions.check_inv;  Historico completo: Sem Repasse
07-12-2023 18:52:08.435Z;functions.check_inv;  INV: NÃO ENCONTRADA
07-12-2023 18:52:09.041Z;functions.check_inv;  APERTA PARA BAIXO PARA VERIFICAR O PRÓXIMO REGISTRO
07-12-2023 18:52:09.043Z;functions.check_inv;  ctrl c
07-12-2023 18:52:09.648Z;functions.check_inv;  Historico completo: 

07-12-2023 18:52:09.650Z;functions.check_inv;  INV: NÃO ENCONTRADA
07-12-2023 18:52:10.256Z;functions.check_inv;  APERTA PARA BAIXO PARA VERIFICAR O PRÓXIMO REGISTRO
07-12-2023 18:52:10.257Z;functions.check_inv;  ctrl c
