02-10-2023 18:21:03.636Z;functions.bot_text_art;      ____   
02-10-2023 18:21:03.637Z;functions.bot_text_art;     [____]    
02-10-2023 18:21:03.637Z;functions.bot_text_art;   |=]()()[=|  
02-10-2023 18:21:03.637Z;functions.bot_text_art;     _\==/__    _____    ____     _        _____    ___   _  __
02-10-2023 18:21:03.638Z;functions.bot_text_art;   |__|   |_|  |  _  \  / ___|   | |      |_   _| / ___| | |/ /
02-10-2023 18:21:03.638Z;functions.bot_text_art;   |_|_/\_|_|  | |  | | | |      | |        | |   | |    | ' / 
02-10-2023 18:21:03.639Z;functions.bot_text_art;   | | __ | |  | |  | | | |      | |        | |   | |    |  <  
02-10-2023 18:21:03.641Z;functions.bot_text_art;   |_|[  ]|_|  | |__| | | |____  | |____   _| |_  | |__  | . \ 
02-10-2023 18:21:03.643Z;functions.bot_text_art;   \_|_||_|_/  |_____/   \_____| |______| |_____| \ ___| |_|\_\
02-10-2023 18:21:03.644Z;functions.bot_text_art;     |_||_|                                                     
02-10-2023 18:21:03.644Z;functions.bot_text_art;     | ||_|_   
02-10-2023 18:21:03.645Z;functions.bot_text_art;   |___||___|  
02-10-2023 18:21:03.645Z;functions.bot_text_art;               
02-10-2023 18:21:03.652Z;functions.open_RM;  OPEN PROGRAM RM
02-10-2023 18:21:12.378Z;functions.loggin_RM;  ENTER USER_NAME
02-10-2023 18:21:13.493Z;functions.loggin_RM;  ENTER PASSWORD
02-10-2023 18:21:14.422Z;functions.loggin_RM;  ENTER RM
02-10-2023 18:21:38.592Z;functions.enter_coligada;  CLICK CONTEXTO
02-10-2023 18:21:43.056Z;functions.enter_coligada;  CLICK COLIGADA 1
02-10-2023 18:21:45.180Z;functions.enter_contas_a_pagar;  CLICK - TOTVS - LINHA RM
