02-10-2023 18:39:21.641Z;functions.bot_text_art;      ____   
02-10-2023 18:39:21.642Z;functions.bot_text_art;     [____]    
02-10-2023 18:39:21.642Z;functions.bot_text_art;   |=]()()[=|  
02-10-2023 18:39:21.642Z;functions.bot_text_art;     _\==/__    _____    ____     _        _____    ___   _  __
02-10-2023 18:39:21.643Z;functions.bot_text_art;   |__|   |_|  |  _  \  / ___|   | |      |_   _| / ___| | |/ /
02-10-2023 18:39:21.643Z;functions.bot_text_art;   |_|_/\_|_|  | |  | | | |      | |        | |   | |    | ' / 
02-10-2023 18:39:21.643Z;functions.bot_text_art;   | | __ | |  | |  | | | |      | |        | |   | |    |  <  
02-10-2023 18:39:21.644Z;functions.bot_text_art;   |_|[  ]|_|  | |__| | | |____  | |____   _| |_  | |__  | . \ 
02-10-2023 18:39:21.645Z;functions.bot_text_art;   \_|_||_|_/  |_____/   \_____| |______| |_____| \ ___| |_|\_\
02-10-2023 18:39:21.646Z;functions.bot_text_art;     |_||_|                                                     
02-10-2023 18:39:21.646Z;functions.bot_text_art;     | ||_|_   
02-10-2023 18:39:21.647Z;functions.bot_text_art;   |___||___|  
02-10-2023 18:39:21.648Z;functions.bot_text_art;               
02-10-2023 18:39:21.654Z;functions.open_RM;  OPEN PROGRAM RM
02-10-2023 18:39:30.347Z;functions.loggin_RM;  ENTER USER_NAME
02-10-2023 18:39:31.490Z;functions.loggin_RM;  ENTER PASSWORD
02-10-2023 18:39:32.481Z;functions.loggin_RM;  ENTER RM
02-10-2023 18:39:54.730Z;functions.enter_coligada;  CLICK CONTEXTO
02-10-2023 18:39:59.187Z;functions.enter_coligada;  CLICK COLIGADA 1
02-10-2023 18:40:00.954Z;functions.enter_coligada;  CLICK AVANÇAR
02-10-2023 18:40:03.159Z;functions.enter_coligada;  INSERE O COLIGADA CODE = 1
02-10-2023 18:40:03.263Z;functions.enter_coligada;  APERTA TAB PARA PREENCHER O CAMPO COM A STRING: OCEANICA ENGENHARIA E CONSULTORIA S.A.
02-10-2023 18:40:04.619Z;functions.enter_coligada;  CLICK AVANÇAR NOVAMENTE
02-10-2023 18:40:05.581Z;functions.enter_coligada;  CLICK CONCLUIR
02-10-2023 18:40:21.842Z;functions.enter_coligada;  POP UP COLIGADA DESAPARECER
02-10-2023 18:40:22.616Z;functions.enter_contas_a_pagar;  CLICK - TOTVS - LINHA RM
02-10-2023 18:40:24.025Z;functions.enter_contas_a_pagar;  CLICK - BACK OFFICE
02-10-2023 18:40:26.672Z;functions.enter_contas_a_pagar;  CLICK - GESTAO FINANCEIRA
02-10-2023 18:40:32.216Z;functions.enter_contas_a_pagar;  CLICK - CONTAS A PAGAR
02-10-2023 18:40:50.499Z;functions.show_exception_and_exit;  'NoneType' object has no attribute 'click'
Traceback (most recent call last):
  File "c:\projetos\remessas\main.py", line 16, in <module>
    enter_contas_a_pagar()
  File "c:\projetos\remessas\SUBPROGRAMS\functions.py", line 113, in enter_contas_a_pagar
    lancamentos.click()
    ^^^^^^^^^^^^^^^^^
AttributeError: 'NoneType' object has no attribute 'click'
