02-10-2023 19:03:09.239Z;functions.bot_text_art;      ____   
02-10-2023 19:03:09.240Z;functions.bot_text_art;     [____]    
02-10-2023 19:03:09.240Z;functions.bot_text_art;   |=]()()[=|  
02-10-2023 19:03:09.241Z;functions.bot_text_art;     _\==/__    _____    ____     _        _____    ___   _  __
02-10-2023 19:03:09.241Z;functions.bot_text_art;   |__|   |_|  |  _  \  / ___|   | |      |_   _| / ___| | |/ /
02-10-2023 19:03:09.241Z;functions.bot_text_art;   |_|_/\_|_|  | |  | | | |      | |        | |   | |    | ' / 
02-10-2023 19:03:09.242Z;functions.bot_text_art;   | | __ | |  | |  | | | |      | |        | |   | |    |  <  
02-10-2023 19:03:09.242Z;functions.bot_text_art;   |_|[  ]|_|  | |__| | | |____  | |____   _| |_  | |__  | . \ 
02-10-2023 19:03:09.243Z;functions.bot_text_art;   \_|_||_|_/  |_____/   \_____| |______| |_____| \ ___| |_|\_\
02-10-2023 19:03:09.244Z;functions.bot_text_art;     |_||_|                                                     
02-10-2023 19:03:09.244Z;functions.bot_text_art;     | ||_|_   
02-10-2023 19:03:09.245Z;functions.bot_text_art;   |___||___|  
02-10-2023 19:03:09.245Z;functions.bot_text_art;               
02-10-2023 19:03:09.252Z;functions.open_RM;  OPEN PROGRAM RM
02-10-2023 19:03:17.948Z;functions.loggin_RM;  ENTER USER_NAME
02-10-2023 19:03:19.136Z;functions.loggin_RM;  ENTER PASSWORD
02-10-2023 19:03:20.095Z;functions.loggin_RM;  ENTER RM
02-10-2023 19:03:44.119Z;functions.enter_coligada;  CLICK CONTEXTO
02-10-2023 19:03:48.612Z;functions.enter_coligada;  CLICK COLIGADA 1
02-10-2023 19:03:50.451Z;functions.enter_coligada;  CLICK AVANÇAR
02-10-2023 19:03:52.678Z;functions.enter_coligada;  INSERE O COLIGADA CODE = 1
02-10-2023 19:03:52.781Z;functions.enter_coligada;  APERTA TAB PARA PREENCHER O CAMPO COM A STRING: OCEANICA ENGENHARIA E CONSULTORIA S.A.
02-10-2023 19:03:53.765Z;functions.enter_coligada;  CLICK AVANÇAR NOVAMENTE
02-10-2023 19:03:54.769Z;functions.enter_coligada;  CLICK CONCLUIR
02-10-2023 19:04:10.153Z;functions.enter_coligada;  POP UP COLIGADA DESAPARECER
02-10-2023 19:04:10.930Z;functions.enter_contas_a_pagar;  CLICK - TOTVS - LINHA RM
02-10-2023 19:04:12.341Z;functions.enter_contas_a_pagar;  CLICK - BACK OFFICE
02-10-2023 19:04:14.917Z;functions.enter_contas_a_pagar;  CLICK - GESTAO FINANCEIRA
02-10-2023 19:04:20.632Z;functions.enter_contas_a_pagar;  CLICK - CONTAS A PAGAR
02-10-2023 19:04:21.364Z;functions.waitForImage;  LANÇAMENTOS image found.
02-10-2023 19:04:23.480Z;functions.enter_contas_a_pagar;  CLICA EM LANÇAMENTOS
02-10-2023 19:04:25.484Z;functions.data_filter;  CLICK - SELECIONA A DATA DE QUARTA FEIRA E DA PROXIMA TERÇA
02-10-2023 19:04:25.485Z;functions.data_filter;  QUARTA-FEIRA: 04-10-2023
02-10-2023 19:04:25.486Z;functions.data_filter;  TERCA-FEIRA: 10-10-2023
02-10-2023 19:04:32.624Z;functions.data_filter;  ESCREVE REMESSA BANCÁRIA NO FILTRO
02-10-2023 19:04:33.480Z;functions.data_filter;  CLICK - BUTÃO DE SELECAO DE FILTRO
02-10-2023 19:04:36.183Z;functions.data_filter;  INSERE - DATA DE QUARTA-FEIRA: 04-10-2023
02-10-2023 19:04:38.213Z;functions.data_filter;  INSERE - DATA DA PROX TERCA-FEIRA: 10-10-2023
02-10-2023 19:04:39.005Z;functions.data_filter;  CLICK - BUTÃO DE EXECUTAR O FILTRO
02-10-2023 19:04:54.526Z;functions.waitForImage;  FILTER CLEAN image not found.
02-10-2023 19:05:10.640Z;functions.show_exception_and_exit;  'NoneType' object has no attribute 'get_text'
Traceback (most recent call last):
  File "c:\projetos\remessas\main.py", line 19, in <module>
    select_tipo_documento()
  File "c:\projetos\remessas\SUBPROGRAMS\functions.py", line 214, in select_tipo_documento
    colunm_name = tipo_doc.get_text()
                  ^^^^^^^^^^^^^^^^^
AttributeError: 'NoneType' object has no attribute 'get_text'
