02-10-2023 19:10:02.411Z;functions.bot_text_art;      ____   
02-10-2023 19:10:02.412Z;functions.bot_text_art;     [____]    
02-10-2023 19:10:02.412Z;functions.bot_text_art;   |=]()()[=|  
02-10-2023 19:10:02.412Z;functions.bot_text_art;     _\==/__    _____    ____     _        _____    ___   _  __
02-10-2023 19:10:02.413Z;functions.bot_text_art;   |__|   |_|  |  _  \  / ___|   | |      |_   _| / ___| | |/ /
02-10-2023 19:10:02.414Z;functions.bot_text_art;   |_|_/\_|_|  | |  | | | |      | |        | |   | |    | ' / 
02-10-2023 19:10:02.414Z;functions.bot_text_art;   | | __ | |  | |  | | | |      | |        | |   | |    |  <  
02-10-2023 19:10:02.415Z;functions.bot_text_art;   |_|[  ]|_|  | |__| | | |____  | |____   _| |_  | |__  | . \ 
02-10-2023 19:10:02.417Z;functions.bot_text_art;   \_|_||_|_/  |_____/   \_____| |______| |_____| \ ___| |_|\_\
02-10-2023 19:10:02.419Z;functions.bot_text_art;     |_||_|                                                     
02-10-2023 19:10:02.420Z;functions.bot_text_art;     | ||_|_   
02-10-2023 19:10:02.421Z;functions.bot_text_art;   |___||___|  
02-10-2023 19:10:02.422Z;functions.bot_text_art;               
02-10-2023 19:10:02.436Z;functions.open_RM;  OPEN PROGRAM RM
02-10-2023 19:10:11.485Z;functions.loggin_RM;  ENTER USER_NAME
02-10-2023 19:10:12.601Z;functions.loggin_RM;  ENTER PASSWORD
02-10-2023 19:10:13.582Z;functions.loggin_RM;  ENTER RM
02-10-2023 19:10:36.445Z;functions.enter_coligada;  CLICK CONTEXTO
02-10-2023 19:10:40.955Z;functions.enter_coligada;  CLICK COLIGADA 1
02-10-2023 19:10:42.814Z;functions.enter_coligada;  CLICK AVANÇAR
02-10-2023 19:10:45.111Z;functions.enter_coligada;  INSERE O COLIGADA CODE = 1
02-10-2023 19:10:45.215Z;functions.enter_coligada;  APERTA TAB PARA PREENCHER O CAMPO COM A STRING: OCEANICA ENGENHARIA E CONSULTORIA S.A.
02-10-2023 19:10:46.177Z;functions.enter_coligada;  CLICK AVANÇAR NOVAMENTE
02-10-2023 19:10:47.185Z;functions.enter_coligada;  CLICK CONCLUIR
02-10-2023 19:11:02.493Z;functions.enter_coligada;  POP UP COLIGADA DESAPARECER
02-10-2023 19:11:03.280Z;functions.enter_contas_a_pagar;  CLICK - TOTVS - LINHA RM
02-10-2023 19:11:04.669Z;functions.enter_contas_a_pagar;  CLICK - BACK OFFICE
02-10-2023 19:11:07.236Z;functions.enter_contas_a_pagar;  CLICK - GESTAO FINANCEIRA
02-10-2023 19:11:12.731Z;functions.enter_contas_a_pagar;  CLICK - CONTAS A PAGAR
02-10-2023 19:11:13.459Z;functions.waitForImage;  LANÇAMENTOS image found.
02-10-2023 19:11:15.576Z;functions.enter_contas_a_pagar;  CLICA EM LANÇAMENTOS
02-10-2023 19:11:17.580Z;functions.data_filter;  CLICK - SELECIONA A DATA DE QUARTA FEIRA E DA PROXIMA TERÇA
02-10-2023 19:11:17.581Z;functions.data_filter;  QUARTA-FEIRA: 04-10-2023
02-10-2023 19:11:17.582Z;functions.data_filter;  TERCA-FEIRA: 10-10-2023
02-10-2023 19:11:25.204Z;functions.data_filter;  ESCREVE REMESSA BANCÁRIA NO FILTRO
02-10-2023 19:11:25.990Z;functions.data_filter;  CLICK - BUTÃO DE SELECAO DE FILTRO
02-10-2023 19:11:28.476Z;functions.data_filter;  INSERE - DATA DE QUARTA-FEIRA: 04-10-2023
02-10-2023 19:11:30.514Z;functions.data_filter;  INSERE - DATA DA PROX TERCA-FEIRA: 10-10-2023
02-10-2023 19:11:31.360Z;functions.data_filter;  CLICK - BUTÃO DE EXECUTAR O FILTRO
02-10-2023 19:11:46.801Z;functions.waitForImage;  FILTER CLEAN image not found.
02-10-2023 19:12:02.680Z;functions.select_tipo_documento;  NOME DA COLUNA: Tipo de Documento
02-10-2023 19:12:04.230Z;functions.select_tipo_documento;  HOVER NOME DA COLUNA: Tipo de Documento
02-10-2023 19:12:04.347Z;functions.select_tipo_documento;  CLICA PARA APARECER O FILTRO PERSONALIZAR
02-10-2023 19:12:04.661Z;functions.select_tipo_documento;  CLICA NO FILTRO PERSONALIZAR
02-10-2023 19:12:06.156Z;functions.select_tipo_documento;  CLICA PARA SELECIONAR OPÇÕES DO FILTRO
02-10-2023 19:12:13.411Z;functions.select_tipo_documento;  CLICK BUTTON CONFIRMAR FILTRO
02-10-2023 19:12:15.151Z;functions.desmark_filter;  CLICK CHECKBOX LANÇAMENTOS A RECEBER
02-10-2023 19:12:16.488Z;functions.desmark_filter;  CLICK CHECKBOX LANÇAMENTOS BAIXADOS
02-10-2023 19:12:17.828Z;functions.desmark_filter;  CLICK CHECKBOX LANÇAMENTOS CANCELADOS
02-10-2023 19:12:19.233Z;functions.desmark_filter;  CLICK CHECKBOX LANÇAMENTOS FATURADOS
02-10-2023 19:12:20.999Z;functions.desmark_filter;  CLICK CHECKBOX LANÇAMENTOS FATURADOS
02-10-2023 19:12:22.324Z;functions.filter_IPTE;  CLICK NA PRIMEIRA LINHA E COLUNA DA TABELA
02-10-2023 19:12:37.383Z;functions.filter_IPTE;  147 PASSOS PARA DIREITA NA TABELA >>
02-10-2023 19:12:41.516Z;functions.filter_IPTE;  HOVER FILTER
02-10-2023 19:12:41.649Z;functions.filter_IPTE;  CLICK FILTER
02-10-2023 19:12:45.989Z;functions.filter_IPTE;  CLICA NO FILTRO PERSONALIZAR
02-10-2023 19:13:37.232Z;functions.show_exception_and_exit;  Element can not be found.
Traceback (most recent call last):
  File "c:\projetos\remessas\main.py", line 22, in <module>
    check_table_record()
  File "c:\projetos\remessas\SUBPROGRAMS\functions.py", line 277, in check_table_record
    table_rows = ui(locator.rm.text_table_row).get_text()
                 ^^^^^^^^^^^^^^^^^^^^^^^^^^^^^^^^^^^^^^^^
  File "C:\projetos\remessas\venv\Lib\site-packages\clicknium\core\service\invokerservice.py", line 157, in wrapper
    raise exception;
    ^^^^^^^^^^^^^^^
clicknium.common.models.exceptions.ElementNotFoundError: Element can not be found.
