22-11-2023 20:19:22.892Z;functions.bot_text_art;      ____   
22-11-2023 20:19:22.892Z;functions.bot_text_art;     [____]    
22-11-2023 20:19:22.893Z;functions.bot_text_art;   |=]()()[=|  
22-11-2023 20:19:22.893Z;functions.bot_text_art;     _\==/__    _____    ____     _        _____    ___   _  __
22-11-2023 20:19:22.894Z;functions.bot_text_art;   |__|   |_|  |  _  \  / ___|   | |      |_   _| / ___| | |/ /
22-11-2023 20:19:22.895Z;functions.bot_text_art;   |_|_/\_|_|  | |  | | | |      | |        | |   | |    | ' / 
22-11-2023 20:19:22.897Z;functions.bot_text_art;   | | __ | |  | |  | | | |      | |        | |   | |    |  <  
22-11-2023 20:19:22.898Z;functions.bot_text_art;   |_|[  ]|_|  | |__| | | |____  | |____   _| |_  | |__  | . \ 
22-11-2023 20:19:22.900Z;functions.bot_text_art;   \_|_||_|_/  |_____/   \_____| |______| |_____| \ ___| |_|\_\
22-11-2023 20:19:22.902Z;functions.bot_text_art;     |_||_|                                                     
22-11-2023 20:19:22.903Z;functions.bot_text_art;     | ||_|_   
22-11-2023 20:19:22.904Z;functions.bot_text_art;   |___||___|  
22-11-2023 20:19:22.904Z;functions.bot_text_art;               
22-11-2023 20:19:22.916Z;functions.open_RM;  OPEN PROGRAM RM
22-11-2023 20:19:35.789Z;functions.loggin_RM;  ENTER USER_NAME
22-11-2023 20:19:37.184Z;functions.loggin_RM;  ENTER PASSWORD
22-11-2023 20:19:38.391Z;functions.loggin_RM;  ENTER RM
22-11-2023 20:20:12.560Z;functions.enter_coligada;  CLICK CONTEXTO
22-11-2023 20:20:17.690Z;functions.enter_coligada;  CLICK COLIGADA 1
22-11-2023 20:20:20.000Z;functions.enter_coligada;  CLICK AVANÇAR
22-11-2023 20:20:22.743Z;functions.enter_coligada;  INSERE O COLIGADA CODE = 1
22-11-2023 20:20:22.862Z;functions.enter_coligada;  APERTA TAB PARA PREENCHER O CAMPO COM A STRING: OCEANICA ENGENHARIA E CONSULTORIA S.A.
22-11-2023 20:20:24.207Z;functions.enter_coligada;  CLICK AVANÇAR NOVAMENTE
22-11-2023 20:20:25.482Z;functions.enter_coligada;  CLICK CONCLUIR
22-11-2023 20:20:48.579Z;functions.enter_coligada;  POP UP COLIGADA DESAPARECER
22-11-2023 20:20:49.433Z;functions.enter_contas_a_pagar;  CLICK - TOTVS - LINHA RM
22-11-2023 20:20:51.239Z;functions.enter_contas_a_pagar;  CLICK - BACK OFFICE
22-11-2023 20:20:54.035Z;functions.enter_contas_a_pagar;  CLICK - GESTAO FINANCEIRA
22-11-2023 20:21:00.784Z;functions.enter_contas_a_pagar;  CLICK - CONTAS A PAGAR
22-11-2023 20:21:01.676Z;functions.waitForImage;  LANÇAMENTOS image found.
22-11-2023 20:21:03.787Z;functions.enter_contas_a_pagar;  CLICA EM LANÇAMENTOS
22-11-2023 20:21:05.789Z;functions.data_filter;  DATA INICIO 22-11-2023
22-11-2023 20:21:05.790Z;functions.data_filter;  DATA FIM 28-11-2023
22-11-2023 20:21:05.791Z;functions.data_filter;  CLICK - SELECIONA A DATA DE QUARTA FEIRA E DA PROXIMA TERÇA
22-11-2023 20:21:05.793Z;functions.data_filter;  QUARTA-FEIRA: 22-11-2023
22-11-2023 20:21:05.794Z;functions.data_filter;  TERCA-FEIRA: 28-11-2023
22-11-2023 20:21:15.833Z;functions.data_filter;  ESCREVE REMESSA PAGAMENTO PIX NO FILTRO
22-11-2023 20:21:16.670Z;functions.data_filter;  CLICK - BUTÃO DE SELECAO DE FILTRO
22-11-2023 20:21:19.958Z;functions.data_filter;  INSERE - DATA DE QUARTA-FEIRA: 22-11-2023
22-11-2023 20:21:22.579Z;functions.data_filter;  INSERE - DATA DA PROX TERCA-FEIRA: 28-11-2023
22-11-2023 20:21:23.522Z;functions.data_filter;  CLICK - BUTÃO DE EXECUTAR O FILTRO
22-11-2023 20:21:29.316Z;functions.waitForImage;  FILTER CLEAN image found.
22-11-2023 20:21:31.437Z;functions.filter_clean;  CLICA NO BOTÃO X DO LIMPA FILTRO
22-11-2023 20:21:35.174Z;functions.select_tipo_documento;  NOME DA COLUNA: Tipo de Documento
22-11-2023 20:21:36.906Z;functions.select_tipo_documento;  HOVER NOME DA COLUNA: Tipo de Documento
22-11-2023 20:21:37.040Z;functions.select_tipo_documento;  CLICA PARA APARECER O FILTRO PERSONALIZAR
22-11-2023 20:21:37.361Z;functions.select_tipo_documento;  CLICA NO FILTRO PERSONALIZAR
22-11-2023 20:21:39.531Z;functions.select_tipo_documento;  CLICA PARA SELECIONAR OPÇÕES DO FILTRO
22-11-2023 20:21:46.826Z;functions.select_tipo_documento;  CLICK BUTTON CONFIRMAR FILTRO
22-11-2023 20:21:46.829Z;functions.check_table_record;  VERIFICANDO SE A TABELA ESTÁ VAZIA
22-11-2023 20:21:59.744Z;functions.check_table_record;  Para este processo é necessário que existam registros na visão.
22-11-2023 20:22:03.748Z;functions.check_table_record;  SEM REMESSAS PIX
22-11-2023 20:22:05.851Z;main.<module>;  SEM REMESSAS PIX
22-11-2023 20:22:08.228Z;errorhandler.__handle;  CSSStyleDeclaration: Unexpected token, ignoring upto '{        border: none;'. [1:174: {]
22-11-2023 20:22:08.231Z;errorhandler.__handle;  Property: Unknown Property name. [1:204: -ms-interpolation-mode]
22-11-2023 20:22:08.237Z;errorhandler.__handle;  CSSStyleDeclaration: Unexpected token, ignoring upto '}'. [1:267: }]
22-11-2023 20:22:08.242Z;errorhandler.__handle;  CSSStyleDeclaration: Unexpected token, ignoring upto '{        background-color: #f6f6f6;'. [1:281: {]
22-11-2023 20:22:08.259Z;errorhandler.__handle;  Property: Unknown Property name. [1:356: -webkit-font-smoothing]
22-11-2023 20:22:08.276Z;errorhandler.__handle;  Property: Unknown Property name. [1:486: -ms-text-size-adjust]
22-11-2023 20:22:08.280Z;errorhandler.__handle;  Property: Unknown Property name. [1:521: -webkit-text-size-adjust]
22-11-2023 20:22:08.284Z;errorhandler.__handle;  CSSStyleDeclaration: Unexpected token, ignoring upto '}'. [1:559: }]
22-11-2023 20:22:08.289Z;errorhandler.__handle;  CSSStyleDeclaration: Unexpected token, ignoring upto '{        border-collapse: separate;'. [1:574: {]
22-11-2023 20:22:08.293Z;errorhandler.__handle;  Property: Unknown Property name. [1:617: mso-table-lspace]
22-11-2023 20:22:08.297Z;errorhandler.__handle;  Property: Unknown Property name. [1:647: mso-table-rspace]
22-11-2023 20:22:08.302Z;errorhandler.__handle;  CSSStyleDeclaration: Unexpected token, ignoring upto '}'. [1:690: }]
22-11-2023 20:22:08.307Z;errorhandler.__handle;  CSSStyleDeclaration: Unexpected token, ignoring upto '{          font-family: sans-serif;'. [1:710: {]
22-11-2023 20:22:08.316Z;errorhandler.__handle;  CSSStyleDeclaration: Unexpected token, ignoring upto '}'. [1:808: }]
22-11-2023 20:22:08.322Z;errorhandler.__handle;  CSSStyleDeclaration: Unexpected token, ignoring upto '{        background-color: #f6f6f6;'. [1:941: {]
22-11-2023 20:22:08.326Z;errorhandler.__handle;  CSSStyleDeclaration: Unexpected token, ignoring upto '}'. [1:1003: }]
22-11-2023 20:22:08.330Z;errorhandler.__handle;  CSSStyleDeclaration: Unexpected token, ignoring upto '{        display: block;'. [1:1178: {]
22-11-2023 20:22:08.337Z;errorhandler.__handle;  CSSStyleDeclaration: Unexpected token, ignoring upto '}'. [1:1342: }]
22-11-2023 20:22:08.340Z;errorhandler.__handle;  CSSStyleDeclaration: Unexpected token, ignoring upto '{        box-sizing: border-box;'. [1:1452: {]
22-11-2023 20:22:08.348Z;errorhandler.__handle;  CSSStyleDeclaration: Unexpected token, ignoring upto '}'. [1:1584: }]
22-11-2023 20:22:08.353Z;errorhandler.__handle;  CSSStyleDeclaration: Unexpected token, ignoring upto '{        background: #ffffff;'. [1:1721: {]
22-11-2023 20:22:08.360Z;errorhandler.__handle;  CSSStyleDeclaration: Unexpected token, ignoring upto '}'. [1:1804: }]
22-11-2023 20:22:08.363Z;errorhandler.__handle;  CSSStyleDeclaration: Unexpected token, ignoring upto '{        box-sizing: border-box;'. [1:1822: {]
22-11-2023 20:22:08.368Z;errorhandler.__handle;  CSSStyleDeclaration: Unexpected token, ignoring upto '}'. [1:1883: }]
22-11-2023 20:22:08.372Z;errorhandler.__handle;  CSSStyleDeclaration: Unexpected token, ignoring upto '{        padding-bottom: 10px;'. [1:1907: {]
22-11-2023 20:22:08.377Z;errorhandler.__handle;  CSSStyleDeclaration: Unexpected token, ignoring upto '}'. [1:1969: }]
22-11-2023 20:22:08.380Z;errorhandler.__handle;  CSSStyleDeclaration: Unexpected token, ignoring upto '{        clear: both;'. [1:1986: {]
22-11-2023 20:22:08.387Z;errorhandler.__handle;  CSSStyleDeclaration: Unexpected token, ignoring upto '}'. [1:2086: }]
22-11-2023 20:22:08.391Z;errorhandler.__handle;  CSSStyleDeclaration: Unexpected token, ignoring upto '{          color: #999999;'. [1:2165: {]
22-11-2023 20:22:08.395Z;errorhandler.__handle;  CSSStyleDeclaration: Unexpected token, ignoring upto '}'. [1:2253: }]
22-11-2023 20:22:08.402Z;errorhandler.__handle;  CSSStyleDeclaration: Unexpected token, ignoring upto '{        color: #000000;'. [1:2404: {]
22-11-2023 20:22:08.408Z;errorhandler.__handle;  CSSStyleDeclaration: Unexpected token, ignoring upto '}'. [1:2563: }]
22-11-2023 20:22:08.412Z;errorhandler.__handle;  CSSStyleDeclaration: Unexpected token, ignoring upto '{        font-size: 35px;'. [1:2575: {]
22-11-2023 20:22:08.418Z;errorhandler.__handle;  CSSStyleDeclaration: Unexpected token, ignoring upto '}'. [1:2694: }]
22-11-2023 20:22:08.422Z;errorhandler.__handle;  CSSStyleDeclaration: Unexpected token, ignoring upto '{        font-family: sans-serif;'. [1:2723: {]
22-11-2023 20:22:08.428Z;errorhandler.__handle;  CSSStyleDeclaration: Unexpected token, ignoring upto '}'. [1:2861: }]
22-11-2023 20:22:08.434Z;errorhandler.__handle;  CSSStyleDeclaration: Unexpected token, ignoring upto '{          list-style-position: inside;'. [1:2905: {]
22-11-2023 20:22:08.437Z;errorhandler.__handle;  CSSStyleDeclaration: Unexpected token, ignoring upto '}'. [1:2978: }]
22-11-2023 20:22:08.440Z;errorhandler.__handle;  CSSStyleDeclaration: Unexpected token, ignoring upto '{        color: #3498db;'. [1:2989: {]
22-11-2023 20:22:08.445Z;errorhandler.__handle;  CSSStyleDeclaration: Unexpected token, ignoring upto '}'. [1:3055: }]
22-11-2023 20:22:08.450Z;errorhandler.__handle;  CSSStyleDeclaration: Unexpected token, ignoring upto '{        box-sizing: border-box;'. [1:3178: {]
22-11-2023 20:22:08.454Z;errorhandler.__handle;  CSSStyleDeclaration: Unexpected token, ignoring upto '}'. [1:3231: }]
22-11-2023 20:22:08.457Z;errorhandler.__handle;  CSSStyleDeclaration: Unexpected token, ignoring upto '{          padding-bottom: 15px;'. [1:3265: {]
22-11-2023 20:22:08.461Z;errorhandler.__handle;  CSSStyleDeclaration: Unexpected token, ignoring upto '}'. [1:3298: }]
22-11-2023 20:22:08.465Z;errorhandler.__handle;  CSSStyleDeclaration: Unexpected token, ignoring upto '{          width: auto;'. [1:3320: {]
22-11-2023 20:22:08.467Z;errorhandler.__handle;  CSSStyleDeclaration: Unexpected token, ignoring upto '}'. [1:3350: }]
22-11-2023 20:22:08.472Z;errorhandler.__handle;  CSSStyleDeclaration: Unexpected token, ignoring upto '{          background-color: #ffffff;'. [1:3375: {]
22-11-2023 20:22:08.476Z;errorhandler.__handle;  CSSStyleDeclaration: Unexpected token, ignoring upto '}'. [1:3477: }]
22-11-2023 20:22:08.482Z;errorhandler.__handle;  CSSStyleDeclaration: Unexpected token, ignoring upto '{          background-color: #ffffff;'. [1:3495: {]
22-11-2023 20:22:08.797Z;errorhandler.__handle;  CSSStyleDeclaration: Unexpected token, ignoring upto '}'. [1:3892: }]
22-11-2023 20:22:08.801Z;errorhandler.__handle;  CSSStyleDeclaration: Unexpected token, ignoring upto '{        background-color: #3498db;'. [1:3923: {]
22-11-2023 20:22:08.805Z;errorhandler.__handle;  CSSStyleDeclaration: Unexpected token, ignoring upto '}'. [1:3965: }]
22-11-2023 20:22:08.808Z;errorhandler.__handle;  CSSStyleDeclaration: Unexpected token, ignoring upto '{        background-color: #3498db;'. [1:3989: {]
22-11-2023 20:22:08.849Z;errorhandler.__handle;  CSSStyleDeclaration: Unexpected token, ignoring upto '}'. [1:4084: }]
22-11-2023 20:22:08.852Z;errorhandler.__handle;  CSSStyleDeclaration: Unexpected token, ignoring upto '{        margin-bottom: 0;'. [1:4234: {]
22-11-2023 20:22:08.854Z;errorhandler.__handle;  CSSStyleDeclaration: Unexpected token, ignoring upto '}'. [1:4267: }]
22-11-2023 20:22:08.857Z;errorhandler.__handle;  CSSStyleDeclaration: Unexpected token, ignoring upto '{        margin-top: 0;'. [1:4283: {]
22-11-2023 20:22:08.861Z;errorhandler.__handle;  CSSStyleDeclaration: Unexpected token, ignoring upto '}'. [1:4313: }]
22-11-2023 20:22:08.864Z;errorhandler.__handle;  CSSStyleDeclaration: Unexpected token, ignoring upto '{        text-align: center;'. [1:4336: {]
22-11-2023 20:22:08.867Z;errorhandler.__handle;  CSSStyleDeclaration: Unexpected token, ignoring upto '}'. [1:4371: }]
22-11-2023 20:22:08.870Z;errorhandler.__handle;  CSSStyleDeclaration: Unexpected token, ignoring upto '{        text-align: right;'. [1:4393: {]
22-11-2023 20:22:08.874Z;errorhandler.__handle;  CSSStyleDeclaration: Unexpected token, ignoring upto '}'. [1:4427: }]
22-11-2023 20:22:08.877Z;errorhandler.__handle;  CSSStyleDeclaration: Unexpected token, ignoring upto '{        text-align: left;'. [1:4448: {]
22-11-2023 20:22:08.879Z;errorhandler.__handle;  CSSStyleDeclaration: Unexpected token, ignoring upto '}'. [1:4481: }]
22-11-2023 20:22:08.881Z;errorhandler.__handle;  CSSStyleDeclaration: Unexpected token, ignoring upto '{        clear: both;'. [1:4497: {]
22-11-2023 20:22:08.884Z;errorhandler.__handle;  CSSStyleDeclaration: Unexpected token, ignoring upto '}'. [1:4525: }]
22-11-2023 20:22:08.889Z;errorhandler.__handle;  CSSStyleDeclaration: Unexpected token, ignoring upto '{        margin-top: 0;'. [1:4539: {]
22-11-2023 20:22:08.891Z;errorhandler.__handle;  CSSStyleDeclaration: Unexpected token, ignoring upto '}'. [1:4569: }]
22-11-2023 20:22:08.893Z;errorhandler.__handle;  CSSStyleDeclaration: Unexpected token, ignoring upto '{        margin-bottom: 0;'. [1:4583: {]
22-11-2023 20:22:08.896Z;errorhandler.__handle;  CSSStyleDeclaration: Unexpected token, ignoring upto '}'. [1:4616: }]
22-11-2023 20:22:08.898Z;errorhandler.__handle;  CSSStyleDeclaration: Unexpected token, ignoring upto '{        color: transparent;'. [1:4636: {]
22-11-2023 20:22:08.903Z;errorhandler.__handle;  Property: Unknown Property name. [1:4799: mso-hide]
22-11-2023 20:22:08.906Z;errorhandler.__handle;  CSSStyleDeclaration: Unexpected token, ignoring upto '}'. [1:4864: }]
22-11-2023 20:22:08.910Z;errorhandler.__handle;  CSSStyleDeclaration: Unexpected token, ignoring upto '{        text-decoration: none;'. [1:4887: {]
22-11-2023 20:22:08.913Z;errorhandler.__handle;  CSSStyleDeclaration: Unexpected token, ignoring upto '}'. [1:4925: }]
22-11-2023 20:22:08.915Z;errorhandler.__handle;  CSSStyleDeclaration: Unexpected token, ignoring upto '{        border: 0;'. [1:4937: {]
22-11-2023 20:22:08.919Z;errorhandler.__handle;  CSSStyleDeclaration: Unexpected token, ignoring upto '}'. [1:5027: }]
22-11-2023 20:22:08.926Z;errorhandler.__handle;  CSSStyleRule: No selector found: '{        table.body h1 {{          font-size: 28px !important;          margin-bottom: 10px !important;         }}        table.body p,        table.body ul,        table.body ol,        table.body td,        table.body span,        table.body a {{          font-size: 16px !important;         }}        table.body .wrapper,        table.body .article {{          padding: 10px !important;         }}        table.body .content {{          padding: 0 !important;         }}        table.body .container {{          padding: 0 !important;          width: 100% !important;         }}        table.body .main {{          border-left-width: 0 !important;          border-radius: 0 !important;          border-right-width: 0 !important;         }}        table.body .btn table {{          width: 100% !important;         }}        table.body .btn a {{          width: 100% !important;         }}        table.body .img-responsive {{          height: auto !important;          max-width: 100% !important;          width: auto !important;         }}      }'. [1:5217: {]
22-11-2023 20:22:08.936Z;errorhandler.__handle;  SelectorList: Unknown Syntax: ''
22-11-2023 20:22:08.941Z;errorhandler.__handle;  Property: No ":" after name found: table.body h1 {{          font-size: 28px !important;          margin-bottom: 10px !important;         }}        table.body p,        table.body ul,        table.body ol,        table.body td,        table.body span,        table.body a {{          font-size: 16px !important;         }}        table.body .wrapper,        table.body .article {{          padding: 10px !important;         }}        table.body .content {{          padding: 0 !important;         }}        table.body .container {{          padding: 0 !important;          width: 100% !important;         }}        table.body .main {{          border-left-width: 0 !important;          border-radius: 0 !important;          border-right-width: 0 !important;         }}        table.body .btn table {{          width: 100% !important;         }}        table.body .btn a {{          width: 100% !important;         }}        table.body .img-responsive {{          height: auto !important;          max-width: 100% !important;          width: auto !important;         }}       [1:6259:       ]
22-11-2023 20:22:08.950Z;errorhandler.__handle;  Property: No property value found: table.body h1 {{          font-size: 28px !important;          margin-bottom: 10px !important;         }}        table.body p,        table.body ul,        table.body ol,        table.body td,        table.body span,        table.body a {{          font-size: 16px !important;         }}        table.body .wrapper,        table.body .article {{          padding: 10px !important;         }}        table.body .content {{          padding: 0 !important;         }}        table.body .container {{          padding: 0 !important;          width: 100% !important;         }}        table.body .main {{          border-left-width: 0 !important;          border-radius: 0 !important;          border-right-width: 0 !important;         }}        table.body .btn table {{          width: 100% !important;         }}        table.body .btn a {{          width: 100% !important;         }}        table.body .img-responsive {{          height: auto !important;          max-width: 100% !important;          width: auto !important;         }}       [1:6259:       ]
22-11-2023 20:22:08.963Z;errorhandler.__handle;  CSSStyleDeclaration: Syntax Error in Property: table.body h1 {{          font-size: 28px !important;          margin-bottom: 10px !important;         }}        table.body p,        table.body ul,        table.body ol,        table.body td,        table.body span,        table.body a {{          font-size: 16px !important;         }}        table.body .wrapper,        table.body .article {{          padding: 10px !important;         }}        table.body .content {{          padding: 0 !important;         }}        table.body .container {{          padding: 0 !important;          width: 100% !important;         }}        table.body .main {{          border-left-width: 0 !important;          border-radius: 0 !important;          border-right-width: 0 !important;         }}        table.body .btn table {{          width: 100% !important;         }}        table.body .btn a {{          width: 100% !important;         }}        table.body .img-responsive {{          height: auto !important;          max-width: 100% !important;          width: auto !important;         }}      
22-11-2023 20:22:08.978Z;errorhandler.__handle;  CSSStyleRule: No selector found: '{        .ExternalClass {{          width: 100%;         }}        .ExternalClass,        .ExternalClass p,        .ExternalClass span,        .ExternalClass font,        .ExternalClass td,        .ExternalClass div {{          line-height: 100%;         }}        .apple-link a {{          color: inherit !important;          font-family: inherit !important;          font-size: inherit !important;          font-weight: inherit !important;          line-height: inherit !important;          text-decoration: none !important;         }}        #MessageViewBody a {{          color: inherit;          text-decoration: none;          font-size: inherit;          font-family: inherit;          font-weight: inherit;          line-height: inherit;        }}        .btn-primary table td:hover {{          background-color: #34495e !important;         }}        .btn-primary a:hover {{          background-color: #34495e !important;          border-color: #34495e !important;         }}       }'. [1:6420: {]
22-11-2023 20:22:08.987Z;errorhandler.__handle;  SelectorList: Unknown Syntax: ''
22-11-2023 20:22:08.988Z;errorhandler.__handle;  CSSStyleDeclaration: Unexpected token, ignoring upto '.ExternalClass {{          width: 100%;         }}        .ExternalClass,        .ExternalClass p,        .ExternalClass span,        .ExternalClass font,        .ExternalClass td,        .ExternalClass div {{          line-height: 100%;         }}        .apple-link a {{          color: inherit !important;          font-family: inherit !important;          font-size: inherit !important;          font-weight: inherit !important;          line-height: inherit !important;          text-decoration: none !important;         }}        #MessageViewBody a {{          color: inherit;          text-decoration: none;          font-size: inherit;          font-family: inherit;          font-weight: inherit;          line-height: inherit;        }}        .btn-primary table td:hover {{          background-color: #34495e !important;         }}        .btn-primary a:hover {{          background-color: #34495e !important;          border-color: #34495e !important;         }}       '. [1:6429: .]
22-11-2023 20:22:09.017Z;errorhandler.__handle;  Property: Unknown Property name. [1:1: -ms-interpolation-mode]
22-11-2023 20:22:09.022Z;errorhandler.__handle;  Property: Unknown Property name. [1:24: -webkit-font-smoothing]
22-11-2023 20:22:09.026Z;errorhandler.__handle;  Property: Unknown Property name. [1:109: -ms-text-size-adjust]
22-11-2023 20:22:09.028Z;errorhandler.__handle;  Property: Unknown Property name. [1:135: -webkit-text-size-adjust]
22-11-2023 20:22:09.031Z;errorhandler.__handle;  Property: Unknown Property name. [1:1: mso-table-lspace]
22-11-2023 20:22:09.033Z;errorhandler.__handle;  Property: Unknown Property name. [1:20: mso-table-rspace]
22-11-2023 20:22:09.058Z;errorhandler.__handle;  Property: Unknown Property name. [1:74: mso-hide]
22-11-2023 20:22:09.067Z;errorhandler.__handle;  Property: No ":" after name found: align-center [1:1: align-center]
22-11-2023 20:22:09.069Z;errorhandler.__handle;  Property: No property value found: align-center [1:1: align-center]
22-11-2023 20:22:09.071Z;errorhandler.__handle;  CSSStyleDeclaration: Syntax Error in Property: align-center
22-11-2023 20:22:09.074Z;errorhandler.__handle;  Property: Unknown Property name. [1:1: -ms-interpolation-mode]
22-11-2023 20:22:11.382Z;functions.emailSuccess;  Success e-mail sent.
22-11-2023 20:22:13.487Z;functions.encerra_prog;  FECHA A TABELA
22-11-2023 20:22:15.592Z;functions.encerra_prog;  FECHA O PROGRAMA
22-11-2023 20:22:17.714Z;functions.encerra_prog;  RM ENCERRADO
