05-10-2023 17:06:25.468Z;functions.bot_text_art;      ____   
05-10-2023 17:06:25.469Z;functions.bot_text_art;     [____]    
05-10-2023 17:06:25.470Z;functions.bot_text_art;   |=]()()[=|  
05-10-2023 17:06:25.470Z;functions.bot_text_art;     _\==/__    _____    ____     _        _____    ___   _  __
05-10-2023 17:06:25.470Z;functions.bot_text_art;   |__|   |_|  |  _  \  / ___|   | |      |_   _| / ___| | |/ /
05-10-2023 17:06:25.470Z;functions.bot_text_art;   |_|_/\_|_|  | |  | | | |      | |        | |   | |    | ' / 
05-10-2023 17:06:25.471Z;functions.bot_text_art;   | | __ | |  | |  | | | |      | |        | |   | |    |  <  
05-10-2023 17:06:25.472Z;functions.bot_text_art;   |_|[  ]|_|  | |__| | | |____  | |____   _| |_  | |__  | . \ 
05-10-2023 17:06:25.474Z;functions.bot_text_art;   \_|_||_|_/  |_____/   \_____| |______| |_____| \ ___| |_|\_\
05-10-2023 17:06:25.475Z;functions.bot_text_art;     |_||_|                                                     
05-10-2023 17:06:25.475Z;functions.bot_text_art;     | ||_|_   
05-10-2023 17:06:25.476Z;functions.bot_text_art;   |___||___|  
05-10-2023 17:06:25.476Z;functions.bot_text_art;               
05-10-2023 17:06:25.917Z;functions.open_RM;  OPEN PROGRAM RM
05-10-2023 17:11:51.871Z;functions.loggin_RM;  ENTER USER_NAME
05-10-2023 17:11:53.041Z;functions.loggin_RM;  ENTER PASSWORD
05-10-2023 17:11:54.082Z;functions.loggin_RM;  ENTER RM
05-10-2023 17:12:20.115Z;functions.enter_coligada;  CLICK CONTEXTO
05-10-2023 17:12:24.567Z;functions.enter_coligada;  CLICK COLIGADA 1
05-10-2023 17:12:26.081Z;functions.enter_coligada;  CLICK AVANÇAR
05-10-2023 17:12:28.331Z;functions.enter_coligada;  INSERE O COLIGADA CODE = 1
05-10-2023 17:12:28.434Z;functions.enter_coligada;  APERTA TAB PARA PREENCHER O CAMPO COM A STRING: OCEANICA ENGENHARIA E CONSULTORIA S.A.
05-10-2023 17:12:29.450Z;functions.enter_coligada;  CLICK AVANÇAR NOVAMENTE
05-10-2023 17:12:30.452Z;functions.enter_coligada;  CLICK CONCLUIR
05-10-2023 17:12:46.224Z;functions.enter_coligada;  POP UP COLIGADA DESAPARECER
05-10-2023 17:12:47.025Z;functions.enter_contas_a_pagar;  CLICK - TOTVS - LINHA RM
05-10-2023 17:12:48.477Z;functions.enter_contas_a_pagar;  CLICK - BACK OFFICE
05-10-2023 17:12:49.335Z;functions.enter_contas_a_pagar;  CLICK - GESTAO FINANCEIRA
05-10-2023 17:12:54.647Z;functions.enter_contas_a_pagar;  CLICK - CONTAS A PAGAR
05-10-2023 17:12:55.387Z;functions.waitForImage;  LANÇAMENTOS image found.
05-10-2023 17:12:57.512Z;functions.enter_contas_a_pagar;  CLICA EM LANÇAMENTOS
05-10-2023 17:12:59.516Z;functions.data_filter;  CLICK - SELECIONA A DATA DE QUARTA FEIRA E DA PROXIMA TERÇA
05-10-2023 17:12:59.517Z;functions.data_filter;  QUARTA-FEIRA: 04-10-2023
05-10-2023 17:12:59.518Z;functions.data_filter;  TERCA-FEIRA: 10-10-2023
05-10-2023 17:13:07.344Z;functions.data_filter;  ESCREVE REMESSA BANCÁRIA NO FILTRO
05-10-2023 17:13:08.160Z;functions.data_filter;  CLICK - BUTÃO DE SELECAO DE FILTRO
05-10-2023 17:13:10.686Z;functions.data_filter;  INSERE - DATA DE QUARTA-FEIRA: 04-10-2023
05-10-2023 17:13:12.638Z;functions.data_filter;  INSERE - DATA DA PROX TERCA-FEIRA: 10-10-2023
05-10-2023 17:13:13.474Z;functions.data_filter;  CLICK - BUTÃO DE EXECUTAR O FILTRO
05-10-2023 17:13:29.076Z;functions.waitForImage;  FILTER CLEAN image not found.
05-10-2023 17:13:48.727Z;functions.select_tipo_documento;  NOME DA COLUNA: Tipo de Documento
05-10-2023 17:13:50.385Z;functions.select_tipo_documento;  HOVER NOME DA COLUNA: Tipo de Documento
05-10-2023 17:13:50.503Z;functions.select_tipo_documento;  CLICA PARA APARECER O FILTRO PERSONALIZAR
05-10-2023 17:13:50.814Z;functions.select_tipo_documento;  CLICA NO FILTRO PERSONALIZAR
05-10-2023 17:13:52.383Z;functions.select_tipo_documento;  CLICA PARA SELECIONAR OPÇÕES DO FILTRO
05-10-2023 17:13:59.784Z;functions.select_tipo_documento;  CLICK BUTTON CONFIRMAR FILTRO
05-10-2023 17:14:01.185Z;functions.desmark_filter;  CLICK CHECKBOX LANÇAMENTOS A RECEBER
05-10-2023 17:14:02.527Z;functions.desmark_filter;  CLICK CHECKBOX LANÇAMENTOS BAIXADOS
05-10-2023 17:14:03.878Z;functions.desmark_filter;  CLICK CHECKBOX LANÇAMENTOS CANCELADOS
05-10-2023 17:14:05.379Z;functions.desmark_filter;  CLICK CHECKBOX LANÇAMENTOS FATURADOS
05-10-2023 17:14:07.037Z;functions.desmark_filter;  CLICK CHECKBOX LANÇAMENTOS FATURADOS
05-10-2023 17:14:08.205Z;functions.filter_IPTE;  CLICK NA PRIMEIRA LINHA E COLUNA DA TABELA
