05-10-2023 17:14:46.776Z;functions.bot_text_art;      ____   
05-10-2023 17:14:46.777Z;functions.bot_text_art;     [____]    
05-10-2023 17:14:46.777Z;functions.bot_text_art;   |=]()()[=|  
05-10-2023 17:14:46.778Z;functions.bot_text_art;     _\==/__    _____    ____     _        _____    ___   _  __
05-10-2023 17:14:46.778Z;functions.bot_text_art;   |__|   |_|  |  _  \  / ___|   | |      |_   _| / ___| | |/ /
05-10-2023 17:14:46.779Z;functions.bot_text_art;   |_|_/\_|_|  | |  | | | |      | |        | |   | |    | ' / 
05-10-2023 17:14:46.780Z;functions.bot_text_art;   | | __ | |  | |  | | | |      | |        | |   | |    |  <  
05-10-2023 17:14:46.781Z;functions.bot_text_art;   |_|[  ]|_|  | |__| | | |____  | |____   _| |_  | |__  | . \ 
05-10-2023 17:14:46.782Z;functions.bot_text_art;   \_|_||_|_/  |_____/   \_____| |______| |_____| \ ___| |_|\_\
05-10-2023 17:14:46.783Z;functions.bot_text_art;     |_||_|                                                     
05-10-2023 17:14:46.784Z;functions.bot_text_art;     | ||_|_   
05-10-2023 17:14:46.784Z;functions.bot_text_art;   |___||___|  
05-10-2023 17:14:46.785Z;functions.bot_text_art;               
05-10-2023 17:14:46.793Z;functions.open_RM;  OPEN PROGRAM RM
05-10-2023 17:14:56.045Z;functions.loggin_RM;  ENTER USER_NAME
05-10-2023 17:14:57.269Z;functions.loggin_RM;  ENTER PASSWORD
05-10-2023 17:14:58.177Z;functions.loggin_RM;  ENTER RM
05-10-2023 17:15:21.541Z;functions.enter_coligada;  CLICK CONTEXTO
05-10-2023 17:15:26.464Z;functions.enter_coligada;  CLICK COLIGADA 1
05-10-2023 17:15:28.047Z;functions.enter_coligada;  CLICK AVANÇAR
05-10-2023 17:15:30.257Z;functions.enter_coligada;  INSERE O COLIGADA CODE = 1
05-10-2023 17:15:30.359Z;functions.enter_coligada;  APERTA TAB PARA PREENCHER O CAMPO COM A STRING: OCEANICA ENGENHARIA E CONSULTORIA S.A.
05-10-2023 17:15:31.392Z;functions.enter_coligada;  CLICK AVANÇAR NOVAMENTE
05-10-2023 17:15:32.513Z;functions.enter_coligada;  CLICK CONCLUIR
05-10-2023 17:15:48.132Z;functions.enter_coligada;  POP UP COLIGADA DESAPARECER
05-10-2023 17:15:48.901Z;functions.enter_contas_a_pagar;  CLICK - TOTVS - LINHA RM
05-10-2023 17:15:50.352Z;functions.enter_contas_a_pagar;  CLICK - BACK OFFICE
05-10-2023 17:15:52.858Z;functions.enter_contas_a_pagar;  CLICK - GESTAO FINANCEIRA
05-10-2023 17:15:58.220Z;functions.enter_contas_a_pagar;  CLICK - CONTAS A PAGAR
05-10-2023 17:15:58.948Z;functions.waitForImage;  LANÇAMENTOS image found.
05-10-2023 17:16:01.080Z;functions.enter_contas_a_pagar;  CLICA EM LANÇAMENTOS
05-10-2023 17:16:03.084Z;functions.data_filter;  CLICK - SELECIONA A DATA DE QUARTA FEIRA E DA PROXIMA TERÇA
05-10-2023 17:16:03.084Z;functions.data_filter;  QUARTA-FEIRA: 04-10-2023
05-10-2023 17:16:03.085Z;functions.data_filter;  TERCA-FEIRA: 10-10-2023
05-10-2023 17:16:10.105Z;functions.data_filter;  ESCREVE REMESSA BANCÁRIA NO FILTRO
05-10-2023 17:16:10.901Z;functions.data_filter;  CLICK - BUTÃO DE SELECAO DE FILTRO
05-10-2023 17:16:13.393Z;functions.data_filter;  INSERE - DATA DE QUARTA-FEIRA: 04-10-2023
05-10-2023 17:16:15.397Z;functions.data_filter;  INSERE - DATA DA PROX TERCA-FEIRA: 10-10-2023
05-10-2023 17:16:16.262Z;functions.data_filter;  CLICK - BUTÃO DE EXECUTAR O FILTRO
05-10-2023 17:16:31.868Z;functions.waitForImage;  FILTER CLEAN image not found.
05-10-2023 17:16:45.284Z;functions.select_tipo_documento;  NOME DA COLUNA: Tipo de Documento
05-10-2023 17:16:47.004Z;functions.select_tipo_documento;  HOVER NOME DA COLUNA: Tipo de Documento
05-10-2023 17:16:47.138Z;functions.select_tipo_documento;  CLICA PARA APARECER O FILTRO PERSONALIZAR
05-10-2023 17:16:47.458Z;functions.select_tipo_documento;  CLICA NO FILTRO PERSONALIZAR
05-10-2023 17:16:49.072Z;functions.select_tipo_documento;  CLICA PARA SELECIONAR OPÇÕES DO FILTRO
05-10-2023 17:16:56.449Z;functions.select_tipo_documento;  CLICK BUTTON CONFIRMAR FILTRO
05-10-2023 17:16:58.252Z;functions.desmark_filter;  CLICK CHECKBOX LANÇAMENTOS A RECEBER
05-10-2023 17:16:59.469Z;functions.desmark_filter;  CLICK CHECKBOX LANÇAMENTOS BAIXADOS
05-10-2023 17:17:00.830Z;functions.desmark_filter;  CLICK CHECKBOX LANÇAMENTOS CANCELADOS
05-10-2023 17:17:02.332Z;functions.desmark_filter;  CLICK CHECKBOX LANÇAMENTOS FATURADOS
05-10-2023 17:17:03.658Z;functions.desmark_filter;  CLICK CHECKBOX LANÇAMENTOS FATURADOS
05-10-2023 17:17:05.254Z;functions.filter_IPTE;  CLICK NA PRIMEIRA LINHA E COLUNA DA TABELA
05-10-2023 17:17:20.359Z;functions.filter_IPTE;  147 PASSOS PARA DIREITA NA TABELA >>
05-10-2023 17:17:24.232Z;functions.filter_IPTE;  HOVER FILTER
05-10-2023 17:17:24.363Z;functions.filter_IPTE;  CLICK FILTER
05-10-2023 17:17:28.743Z;functions.filter_IPTE;  CLICA NO FILTRO PERSONALIZAR
05-10-2023 17:17:35.857Z;functions.check_table_record;  APERTA NÃO
05-10-2023 17:17:37.456Z;functions.check_table_record;  ABRE A NOTA
05-10-2023 17:17:44.464Z;functions.waitForImage;  INTEGRAÇÃO BANCÁRIA image found.
05-10-2023 17:17:46.576Z;functions.check_payment_type;  CLICA EM INTEGRAÇÃO BANCÁRIA
05-10-2023 17:18:03.453Z;functions.waitForImage;  BOLETO image found.
05-10-2023 17:18:05.558Z;functions.check_payment_type;  CLICA NO BOLETO
05-10-2023 17:18:07.662Z;functions.waitForImage;  PRESS BUTTON OK image found.
05-10-2023 17:18:09.665Z;functions.check_payment_type;  FORMA DE PAGAMENTO BOLETO - OK
05-10-2023 17:18:11.777Z;functions.waitForImage;  PRESS BUTTON OK image found.
05-10-2023 17:18:13.890Z;functions.check_payment_type;  PRESS BUTTON OK
05-10-2023 17:18:16.010Z;functions.waitForImage;  PRESS BUTTON OK 2 image found.
05-10-2023 17:18:18.119Z;functions.check_payment_type;  PRESS BUTTON OK 2
05-10-2023 17:18:26.230Z;functions.check_table_record;  PRESS BUTTON DOWN
05-10-2023 17:18:28.337Z;functions.check_table_record;  ENTRANDO NO PRÓXIMO BOLETO
05-10-2023 17:18:35.428Z;functions.waitForImage;  INTEGRAÇÃO BANCÁRIA image found.
05-10-2023 17:18:37.555Z;functions.check_payment_type;  CLICA EM INTEGRAÇÃO BANCÁRIA
05-10-2023 17:19:04.266Z;functions.show_exception_and_exit;  
Traceback (most recent call last):
  File "c:\projetos\remessas\main.py", line 20, in <module>
    check_table_record()
  File "c:\projetos\remessas\SUBPROGRAMS\functions.py", line 331, in check_table_record
    check_payment_type()
  File "c:\projetos\remessas\SUBPROGRAMS\functions.py", line 372, in check_payment_type
    select_boleto = waitForImage(image = boleto, timeout=10, name = 'BOLETO')
                    ^^^^^^^^^^^^^^^^^^^^^^^^^^^^^^^^^^^^^^^^^^^^^^^^^^^^^^^^^
  File "c:\projetos\remessas\SUBPROGRAMS\functions.py", line 467, in waitForImage
    location = pyautogui.locateOnScreen(image=image, confidence=0.9)
               ^^^^^^^^^^^^^^^^^^^^^^^^^^^^^^^^^^^^^^^^^^^^^^^^^^^^^
  File "C:\projetos\remessas\venv\Lib\site-packages\pyautogui\__init__.py", line 172, in wrapper
    return wrappedFunction(*args, **kwargs)
           ^^^^^^^^^^^^^^^^^^^^^^^^^^^^^^^^
  File "C:\projetos\remessas\venv\Lib\site-packages\pyautogui\__init__.py", line 210, in locateOnScreen
    return pyscreeze.locateOnScreen(*args, **kwargs)
           ^^^^^^^^^^^^^^^^^^^^^^^^^^^^^^^^^^^^^^^^^
  File "C:\projetos\remessas\venv\Lib\site-packages\pyscreeze\__init__.py", line 375, in locateOnScreen
    screenshotIm = screenshot(
                   ^^^^^^^^^^^
  File "C:\projetos\remessas\venv\Lib\site-packages\pyscreeze\__init__.py", line 512, in _screenshot_win32
    im = ImageGrab.grab()
         ^^^^^^^^^^^^^^^^
  File "C:\projetos\remessas\venv\Lib\site-packages\PIL\ImageGrab.py", line 47, in grab
    offset, size, data = Image.core.grabscreen_win32(
                         ^^^^^^^^^^^^^^^^^^^^^^^^^^^^
KeyboardInterrupt
