05-10-2023 17:22:36.645Z;functions.bot_text_art;      ____   
05-10-2023 17:22:36.646Z;functions.bot_text_art;     [____]    
05-10-2023 17:22:36.646Z;functions.bot_text_art;   |=]()()[=|  
05-10-2023 17:22:36.646Z;functions.bot_text_art;     _\==/__    _____    ____     _        _____    ___   _  __
05-10-2023 17:22:36.647Z;functions.bot_text_art;   |__|   |_|  |  _  \  / ___|   | |      |_   _| / ___| | |/ /
05-10-2023 17:22:36.647Z;functions.bot_text_art;   |_|_/\_|_|  | |  | | | |      | |        | |   | |    | ' / 
05-10-2023 17:22:36.648Z;functions.bot_text_art;   | | __ | |  | |  | | | |      | |        | |   | |    |  <  
05-10-2023 17:22:36.649Z;functions.bot_text_art;   |_|[  ]|_|  | |__| | | |____  | |____   _| |_  | |__  | . \ 
05-10-2023 17:22:36.650Z;functions.bot_text_art;   \_|_||_|_/  |_____/   \_____| |______| |_____| \ ___| |_|\_\
05-10-2023 17:22:36.651Z;functions.bot_text_art;     |_||_|                                                     
05-10-2023 17:22:36.651Z;functions.bot_text_art;     | ||_|_   
05-10-2023 17:22:36.652Z;functions.bot_text_art;   |___||___|  
05-10-2023 17:22:36.652Z;functions.bot_text_art;               
05-10-2023 17:22:36.660Z;functions.open_RM;  OPEN PROGRAM RM
05-10-2023 17:22:45.363Z;functions.loggin_RM;  ENTER USER_NAME
05-10-2023 17:22:46.574Z;functions.loggin_RM;  ENTER PASSWORD
05-10-2023 17:22:47.525Z;functions.loggin_RM;  ENTER RM
05-10-2023 17:23:11.188Z;functions.enter_coligada;  CLICK CONTEXTO
05-10-2023 17:23:15.785Z;functions.enter_coligada;  CLICK COLIGADA 1
05-10-2023 17:23:17.599Z;functions.enter_coligada;  CLICK AVANÇAR
05-10-2023 17:23:19.745Z;functions.enter_coligada;  INSERE O COLIGADA CODE = 1
05-10-2023 17:23:19.850Z;functions.enter_coligada;  APERTA TAB PARA PREENCHER O CAMPO COM A STRING: OCEANICA ENGENHARIA E CONSULTORIA S.A.
05-10-2023 17:23:20.936Z;functions.enter_coligada;  CLICK AVANÇAR NOVAMENTE
05-10-2023 17:23:21.964Z;functions.enter_coligada;  CLICK CONCLUIR
05-10-2023 17:23:37.059Z;functions.enter_coligada;  POP UP COLIGADA DESAPARECER
05-10-2023 17:23:37.835Z;functions.enter_contas_a_pagar;  CLICK - TOTVS - LINHA RM
05-10-2023 17:23:39.274Z;functions.enter_contas_a_pagar;  CLICK - BACK OFFICE
05-10-2023 17:23:41.926Z;functions.enter_contas_a_pagar;  CLICK - GESTAO FINANCEIRA
05-10-2023 17:23:47.427Z;functions.enter_contas_a_pagar;  CLICK - CONTAS A PAGAR
05-10-2023 17:23:48.163Z;functions.waitForImage;  LANÇAMENTOS image found.
05-10-2023 17:23:50.271Z;functions.enter_contas_a_pagar;  CLICA EM LANÇAMENTOS
05-10-2023 17:23:52.277Z;functions.data_filter;  CLICK - SELECIONA A DATA DE QUARTA FEIRA E DA PROXIMA TERÇA
05-10-2023 17:23:52.281Z;functions.data_filter;  QUARTA-FEIRA: 04-10-2023
05-10-2023 17:23:52.287Z;functions.data_filter;  TERCA-FEIRA: 10-10-2023
05-10-2023 17:23:59.344Z;functions.data_filter;  ESCREVE REMESSA BANCÁRIA NO FILTRO
05-10-2023 17:24:00.084Z;functions.data_filter;  CLICK - BUTÃO DE SELECAO DE FILTRO
05-10-2023 17:24:02.436Z;functions.data_filter;  INSERE - DATA DE QUARTA-FEIRA: 04-10-2023
05-10-2023 17:24:04.409Z;functions.data_filter;  INSERE - DATA DA PROX TERCA-FEIRA: 10-10-2023
05-10-2023 17:24:05.275Z;functions.data_filter;  CLICK - BUTÃO DE EXECUTAR O FILTRO
05-10-2023 17:24:20.328Z;functions.waitForImage;  FILTER CLEAN image not found.
05-10-2023 17:24:36.884Z;functions.select_tipo_documento;  NOME DA COLUNA: Tipo de Documento
05-10-2023 17:24:38.463Z;functions.select_tipo_documento;  HOVER NOME DA COLUNA: Tipo de Documento
05-10-2023 17:24:38.596Z;functions.select_tipo_documento;  CLICA PARA APARECER O FILTRO PERSONALIZAR
05-10-2023 17:24:38.914Z;functions.select_tipo_documento;  CLICA NO FILTRO PERSONALIZAR
05-10-2023 17:24:40.482Z;functions.select_tipo_documento;  CLICA PARA SELECIONAR OPÇÕES DO FILTRO
05-10-2023 17:24:47.737Z;functions.select_tipo_documento;  CLICK BUTTON CONFIRMAR FILTRO
05-10-2023 17:24:49.337Z;functions.desmark_filter;  CLICK CHECKBOX LANÇAMENTOS A RECEBER
05-10-2023 17:24:50.659Z;functions.desmark_filter;  CLICK CHECKBOX LANÇAMENTOS BAIXADOS
05-10-2023 17:24:52.061Z;functions.desmark_filter;  CLICK CHECKBOX LANÇAMENTOS CANCELADOS
05-10-2023 17:24:53.566Z;functions.desmark_filter;  CLICK CHECKBOX LANÇAMENTOS FATURADOS
05-10-2023 17:24:55.125Z;functions.desmark_filter;  CLICK CHECKBOX LANÇAMENTOS FATURADOS
05-10-2023 17:24:56.567Z;functions.filter_IPTE;  CLICK NA PRIMEIRA LINHA E COLUNA DA TABELA
05-10-2023 17:25:11.670Z;functions.filter_IPTE;  147 PASSOS PARA DIREITA NA TABELA >>
05-10-2023 17:25:15.691Z;functions.filter_IPTE;  HOVER FILTER
05-10-2023 17:25:15.813Z;functions.filter_IPTE;  CLICK FILTER
05-10-2023 17:25:20.214Z;functions.filter_IPTE;  CLICA NO FILTRO PERSONALIZAR
05-10-2023 17:25:27.305Z;functions.check_table_record;  APERTA NÃO
05-10-2023 17:25:28.742Z;functions.check_table_record;  ABRE A NOTA
05-10-2023 17:25:35.697Z;functions.waitForImage;  INTEGRAÇÃO BANCÁRIA image found.
05-10-2023 17:25:37.818Z;functions.check_payment_type;  CLICA EM INTEGRAÇÃO BANCÁRIA
05-10-2023 17:25:54.701Z;functions.waitForImage;  BOLETO image found.
05-10-2023 17:25:56.819Z;functions.check_payment_type;  CLICA NO BOLETO
05-10-2023 17:26:09.358Z;functions.waitForImage;  BOLETO image not found.
05-10-2023 17:26:09.462Z;functions.waitForImage;  PRESS BUTTON OK image found.
05-10-2023 17:26:11.464Z;functions.check_payment_type;  FORMA DE PAGAMENTO BOLETO - OK
05-10-2023 17:26:13.573Z;functions.waitForImage;  PRESS BUTTON OK image found.
05-10-2023 17:26:15.694Z;functions.check_payment_type;  PRESS BUTTON OK
05-10-2023 17:26:17.833Z;functions.waitForImage;  PRESS BUTTON OK 2 image found.
05-10-2023 17:26:19.943Z;functions.check_payment_type;  PRESS BUTTON OK 2
05-10-2023 17:26:28.053Z;functions.check_table_record;  PRESS BUTTON DOWN
05-10-2023 17:26:30.159Z;functions.check_table_record;  ENTRANDO NO PRÓXIMO BOLETO
05-10-2023 17:26:37.292Z;functions.waitForImage;  INTEGRAÇÃO BANCÁRIA image found.
05-10-2023 17:26:39.421Z;functions.check_payment_type;  CLICA EM INTEGRAÇÃO BANCÁRIA
05-10-2023 17:27:06.222Z;functions.waitForImage;  BOLETO image not found.
05-10-2023 17:27:06.316Z;functions.waitForImage;  BOLETO image found.
05-10-2023 17:27:08.444Z;functions.check_payment_type;  CLICA NO BOLETO EM MINUSCULO
05-10-2023 17:27:10.549Z;functions.waitForImage;  PRESS BUTTON OK image found.
05-10-2023 17:27:12.552Z;functions.check_payment_type;  FORMA DE PAGAMENTO BOLETO - OK
05-10-2023 17:27:14.686Z;functions.waitForImage;  PRESS BUTTON OK image found.
05-10-2023 17:27:16.794Z;functions.check_payment_type;  PRESS BUTTON OK
05-10-2023 17:27:18.920Z;functions.waitForImage;  PRESS BUTTON OK 2 image found.
05-10-2023 17:27:21.053Z;functions.check_payment_type;  PRESS BUTTON OK 2
05-10-2023 17:27:29.161Z;functions.check_table_record;  PRESS BUTTON DOWN
05-10-2023 17:27:31.268Z;functions.check_table_record;  ENTRANDO NO PRÓXIMO BOLETO
05-10-2023 17:27:38.371Z;functions.waitForImage;  INTEGRAÇÃO BANCÁRIA image found.
05-10-2023 17:27:40.495Z;functions.check_payment_type;  CLICA EM INTEGRAÇÃO BANCÁRIA
05-10-2023 17:27:57.388Z;functions.waitForImage;  BOLETO image found.
05-10-2023 17:27:59.499Z;functions.check_payment_type;  CLICA NO BOLETO
05-10-2023 17:28:11.970Z;functions.waitForImage;  BOLETO image not found.
05-10-2023 17:28:12.191Z;functions.waitForImage;  PRESS BUTTON OK image found.
05-10-2023 17:28:14.192Z;functions.check_payment_type;  FORMA DE PAGAMENTO BOLETO - OK
05-10-2023 17:28:16.337Z;functions.waitForImage;  PRESS BUTTON OK image found.
05-10-2023 17:28:18.452Z;functions.check_payment_type;  PRESS BUTTON OK
05-10-2023 17:28:20.574Z;functions.waitForImage;  PRESS BUTTON OK 2 image found.
05-10-2023 17:28:22.699Z;functions.check_payment_type;  PRESS BUTTON OK 2
05-10-2023 17:28:28.765Z;functions.process_lancamentos;  SELECIONA TODOS OS LANÇAMENTOS PARA SEREM PROCESSADOS
05-10-2023 17:28:33.758Z;functions.process_lancamentos;  CLICA PARA APARECER CONTA/CAIXA
05-10-2023 17:28:35.140Z;functions.process_lancamentos;  SELECIONA CONTA/CAIXA
05-10-2023 17:28:36.292Z;functions.process_lancamentos;  CLICA NO BOTÃO [...]
05-10-2023 17:28:38.075Z;functions.process_lancamentos;  CLICA NO CAMPO PESQUISA E DIGITA: %3212
05-10-2023 17:28:39.028Z;functions.process_lancamentos;  CLICA NO BOTÃO DO FILTRO
05-10-2023 17:28:40.228Z;functions.process_lancamentos;  CLICA NO BOTÃO OK
05-10-2023 17:28:41.198Z;functions.process_lancamentos;  CLICA NO BOTÃO EXECUTAR
