2024-03-28 15:37:46,800; INFO; parameters.<module>.102: Pasta local: \\Riofs\dados\Documentos Financeiro\Extratos bancarios\Ebury\2024\03 - Março
2024-03-28 15:37:46,816; INFO; functions.getPid.1002: Dentro função GetPid

2024-03-28 15:37:47,574; INFO; functions.getPid.1012: Process RM.exe / PID: 12564 found.
2024-03-28 15:37:47,574; INFO; functions.pidKillFinish.1023: Process RM.exe / PID: 12564 killed.
2024-03-28 15:37:47,574; INFO; functions.bot_text_art.7:     ____   
2024-03-28 15:37:47,574; INFO; functions.bot_text_art.8:    [____]    
2024-03-28 15:37:47,582; INFO; functions.bot_text_art.9:  |=]()()[=|  
2024-03-28 15:37:47,582; INFO; functions.bot_text_art.10:    _\==/__    _____    ____     _        _____    ___   _  __
2024-03-28 15:37:47,582; INFO; functions.bot_text_art.11:  |__|   |_|  |  _  \  / ___|   | |      |_   _| / ___| | |/ /
2024-03-28 15:37:47,582; INFO; functions.bot_text_art.12:  |_|_/\_|_|  | |  | | | |      | |        | |   | |    | ' / 
2024-03-28 15:37:47,582; INFO; functions.bot_text_art.13:  | | __ | |  | |  | | | |      | |        | |   | |    |  <  
2024-03-28 15:37:47,590; INFO; functions.bot_text_art.14:  |_|[  ]|_|  | |__| | | |____  | |____   _| |_  | |__  | . \ 
2024-03-28 15:37:47,688; INFO; functions.bot_text_art.15:  \_|_||_|_/  |_____/   \_____| |______| |_____| \ ___| |_|\_\
2024-03-28 15:37:47,761; INFO; functions.bot_text_art.16:    |_||_|                                                     
2024-03-28 15:37:47,783; INFO; functions.bot_text_art.17:    | ||_|_   
2024-03-28 15:37:47,786; INFO; functions.bot_text_art.18:  |___||___|  
2024-03-28 15:37:47,791; INFO; functions.bot_text_art.19:              
2024-03-28 15:37:47,793; INFO; functions.headerExcel.935: Criando EXCEL
2024-03-28 15:37:47,798; INFO; functions.headerExcel.955: EXCEL iniciado
2024-03-28 15:37:47,891; INFO; main.process.15: TODOS ARQUIVOS NA PASTA ['\\\\Riofs\\dados\\Documentos Financeiro\\Extratos bancarios\\Ebury\\2024\\03 - Março\\202403-Extrato mensal-EBPCLI541626 (16).pdf'].
2024-03-28 15:37:47,908; INFO; main.process.23: SERÃO TRATADOS 0 ARQUIVOS.
2024-03-28 15:37:47,926; INFO; main.process.24: ARQUIVOS: []
2024-03-28 15:37:47,934; INFO; main.process.28: NENHUM PDF "PARCIAL" DISPONÍVEL
2024-03-28 15:37:47,943; INFO; functions.encerra_prog.361: Fechando Excel...
2024-03-28 15:37:48,134; INFO; functions.getPid.1002: Dentro função GetPid

2024-03-28 15:37:48,956; INFO; functions.encerra_prog.367: RM ENCERRADO
2024-03-28 15:37:51,761; WARNING; errorhandler.__handle.104: Property: Unknown Property name. [1:203: -ms-interpolation-mode]
2024-03-28 15:37:51,803; WARNING; errorhandler.__handle.104: Property: Unknown Property name. [1:353: -webkit-font-smoothing]
2024-03-28 15:37:51,813; WARNING; errorhandler.__handle.104: Property: Unknown Property name. [1:483: -ms-text-size-adjust]
2024-03-28 15:37:51,815; WARNING; errorhandler.__handle.104: Property: Unknown Property name. [1:518: -webkit-text-size-adjust]
2024-03-28 15:37:51,819; WARNING; errorhandler.__handle.104: Property: Unknown Property name. [1:612: mso-table-lspace]
2024-03-28 15:37:51,821; WARNING; errorhandler.__handle.104: Property: Unknown Property name. [1:642: mso-table-rspace]
2024-03-28 15:37:52,152; WARNING; errorhandler.__handle.104: Property: Unknown Property name. [1:4734: mso-hide]
2024-03-28 15:37:52,265; WARNING; errorhandler.__handle.104: Property: Unknown Property name. [1:13: -ms-interpolation-mode]
2024-03-28 15:37:52,272; WARNING; errorhandler.__handle.104: Property: Unknown Property name. [1:49: -webkit-font-smoothing]
2024-03-28 15:37:52,280; WARNING; errorhandler.__handle.104: Property: Unknown Property name. [1:134: -ms-text-size-adjust]
2024-03-28 15:37:52,283; WARNING; errorhandler.__handle.104: Property: Unknown Property name. [1:160: -webkit-text-size-adjust]
2024-03-28 15:37:52,289; WARNING; errorhandler.__handle.104: Property: Unknown Property name. [1:26: mso-table-lspace]
2024-03-28 15:37:52,292; WARNING; errorhandler.__handle.104: Property: Unknown Property name. [1:45: mso-table-rspace]
2024-03-28 15:37:52,346; WARNING; errorhandler.__handle.104: Property: Unknown Property name. [1:92: mso-hide]
2024-03-28 15:37:52,369; ERROR; errorhandler.__handle.104: Property: No ":" after name found: align-center [1:1: align-center]
2024-03-28 15:37:52,379; ERROR; errorhandler.__handle.104: Property: No property value found: align-center [1:1: align-center]
2024-03-28 15:37:52,381; ERROR; errorhandler.__handle.104: CSSStyleDeclaration: Syntax Error in Property: align-center
2024-03-28 15:37:52,387; WARNING; errorhandler.__handle.104: Property: Unknown Property name. [1:14: -ms-interpolation-mode]
