2024-03-28 15:52:58,143; INFO; parameters.<module>.102: Pasta local: \\Riofs\dados\Documentos Financeiro\Extratos bancarios\Ebury\2024\03 - Março
2024-03-28 15:52:58,143; INFO; functions.getPid.1003: Dentro função GetPid

2024-03-28 15:52:58,769; INFO; functions.getPid.1013: Process RM.exe / PID: 11224 found.
2024-03-28 15:52:58,827; INFO; functions.pidKillFinish.1024: Process RM.exe / PID: 11224 killed.
2024-03-28 15:52:58,827; INFO; functions.bot_text_art.7:     ____   
2024-03-28 15:52:58,830; INFO; functions.bot_text_art.8:    [____]    
2024-03-28 15:52:59,002; INFO; functions.bot_text_art.9:  |=]()()[=|  
2024-03-28 15:52:59,064; INFO; functions.bot_text_art.10:    _\==/__    _____    ____     _        _____    ___   _  __
2024-03-28 15:52:59,080; INFO; functions.bot_text_art.11:  |__|   |_|  |  _  \  / ___|   | |      |_   _| / ___| | |/ /
2024-03-28 15:52:59,080; INFO; functions.bot_text_art.12:  |_|_/\_|_|  | |  | | | |      | |        | |   | |    | ' / 
2024-03-28 15:52:59,080; INFO; functions.bot_text_art.13:  | | __ | |  | |  | | | |      | |        | |   | |    |  <  
2024-03-28 15:52:59,080; INFO; functions.bot_text_art.14:  |_|[  ]|_|  | |__| | | |____  | |____   _| |_  | |__  | . \ 
2024-03-28 15:52:59,080; INFO; functions.bot_text_art.15:  \_|_||_|_/  |_____/   \_____| |______| |_____| \ ___| |_|\_\
2024-03-28 15:52:59,080; INFO; functions.bot_text_art.16:    |_||_|                                                     
2024-03-28 15:52:59,080; INFO; functions.bot_text_art.17:    | ||_|_   
2024-03-28 15:52:59,096; INFO; functions.bot_text_art.18:  |___||___|  
2024-03-28 15:52:59,096; INFO; functions.bot_text_art.19:              
2024-03-28 15:52:59,096; INFO; functions.headerExcel.936: Criando EXCEL
2024-03-28 15:52:59,111; INFO; functions.headerExcel.956: EXCEL iniciado
2024-03-28 15:52:59,111; INFO; main.process.15: TODOS ARQUIVOS NA PASTA ['\\\\Riofs\\dados\\Documentos Financeiro\\Extratos bancarios\\Ebury\\2024\\03 - Março\\202403-Extrato mensal-EBPCLI541626 (16).pdf'].
2024-03-28 15:52:59,111; INFO; main.process.23: SERÃO TRATADOS 0 ARQUIVOS.
2024-03-28 15:52:59,111; INFO; main.process.24: ARQUIVOS: []
2024-03-28 15:52:59,127; INFO; main.process.28: NENHUM PDF "PARCIAL" DISPONÍVEL
2024-03-28 15:52:59,127; INFO; functions.encerra_prog.362: Fechando Excel...
2024-03-28 15:52:59,205; INFO; functions.getPid.1003: Dentro função GetPid

2024-03-28 15:52:59,674; INFO; functions.encerra_prog.368: RM ENCERRADO
2024-03-28 15:53:01,752; WARNING; errorhandler.__handle.104: Property: Unknown Property name. [1:203: -ms-interpolation-mode]
2024-03-28 15:53:01,808; WARNING; errorhandler.__handle.104: Property: Unknown Property name. [1:353: -webkit-font-smoothing]
2024-03-28 15:53:01,822; WARNING; errorhandler.__handle.104: Property: Unknown Property name. [1:483: -ms-text-size-adjust]
2024-03-28 15:53:01,825; WARNING; errorhandler.__handle.104: Property: Unknown Property name. [1:518: -webkit-text-size-adjust]
2024-03-28 15:53:01,829; WARNING; errorhandler.__handle.104: Property: Unknown Property name. [1:612: mso-table-lspace]
2024-03-28 15:53:01,831; WARNING; errorhandler.__handle.104: Property: Unknown Property name. [1:642: mso-table-rspace]
2024-03-28 15:53:02,065; WARNING; errorhandler.__handle.104: Property: Unknown Property name. [1:4734: mso-hide]
2024-03-28 15:53:02,176; WARNING; errorhandler.__handle.104: Property: Unknown Property name. [1:13: -ms-interpolation-mode]
2024-03-28 15:53:02,176; WARNING; errorhandler.__handle.104: Property: Unknown Property name. [1:49: -webkit-font-smoothing]
2024-03-28 15:53:02,198; WARNING; errorhandler.__handle.104: Property: Unknown Property name. [1:134: -ms-text-size-adjust]
2024-03-28 15:53:02,202; WARNING; errorhandler.__handle.104: Property: Unknown Property name. [1:160: -webkit-text-size-adjust]
2024-03-28 15:53:02,208; WARNING; errorhandler.__handle.104: Property: Unknown Property name. [1:26: mso-table-lspace]
2024-03-28 15:53:02,210; WARNING; errorhandler.__handle.104: Property: Unknown Property name. [1:45: mso-table-rspace]
2024-03-28 15:53:02,262; WARNING; errorhandler.__handle.104: Property: Unknown Property name. [1:92: mso-hide]
2024-03-28 15:53:02,279; ERROR; errorhandler.__handle.104: Property: No ":" after name found: align-center [1:1: align-center]
2024-03-28 15:53:02,282; ERROR; errorhandler.__handle.104: Property: No property value found: align-center [1:1: align-center]
2024-03-28 15:53:02,286; ERROR; errorhandler.__handle.104: CSSStyleDeclaration: Syntax Error in Property: align-center
2024-03-28 15:53:02,291; WARNING; errorhandler.__handle.104: Property: Unknown Property name. [1:14: -ms-interpolation-mode]
2024-03-28 15:53:04,283; INFO; functions.emailErro.926: Warning e-mail sent.
