2024-03-28 15:58:57,329; INFO; parameters.<module>.102: Pasta local: \\Riofs\dados\Documentos Financeiro\Extratos bancarios\Ebury\2024\03 - Março
2024-03-28 15:58:57,329; INFO; functions.getPid.1005: Dentro função GetPid

2024-03-28 15:58:57,926; INFO; functions.bot_text_art.7:     ____   
2024-03-28 15:58:57,926; INFO; functions.bot_text_art.8:    [____]    
2024-03-28 15:58:57,926; INFO; functions.bot_text_art.9:  |=]()()[=|  
2024-03-28 15:58:57,926; INFO; functions.bot_text_art.10:    _\==/__    _____    ____     _        _____    ___   _  __
2024-03-28 15:58:57,941; INFO; functions.bot_text_art.11:  |__|   |_|  |  _  \  / ___|   | |      |_   _| / ___| | |/ /
2024-03-28 15:58:57,941; INFO; functions.bot_text_art.12:  |_|_/\_|_|  | |  | | | |      | |        | |   | |    | ' / 
2024-03-28 15:58:57,941; INFO; functions.bot_text_art.13:  | | __ | |  | |  | | | |      | |        | |   | |    |  <  
2024-03-28 15:58:57,941; INFO; functions.bot_text_art.14:  |_|[  ]|_|  | |__| | | |____  | |____   _| |_  | |__  | . \ 
2024-03-28 15:58:57,941; INFO; functions.bot_text_art.15:  \_|_||_|_/  |_____/   \_____| |______| |_____| \ ___| |_|\_\
2024-03-28 15:58:57,941; INFO; functions.bot_text_art.16:    |_||_|                                                     
2024-03-28 15:58:57,941; INFO; functions.bot_text_art.17:    | ||_|_   
2024-03-28 15:58:57,941; INFO; functions.bot_text_art.18:  |___||___|  
2024-03-28 15:58:57,941; INFO; functions.bot_text_art.19:              
2024-03-28 15:58:57,941; INFO; functions.headerExcel.938: Criando EXCEL
2024-03-28 15:58:57,954; INFO; functions.headerExcel.958: EXCEL iniciado
2024-03-28 15:58:57,954; INFO; main.process.15: TODOS ARQUIVOS NA PASTA ['\\\\Riofs\\dados\\Documentos Financeiro\\Extratos bancarios\\Ebury\\2024\\03 - Março\\202403-Extrato mensal-EBPCLI541626 (16).pdf'].
2024-03-28 15:58:57,974; INFO; main.process.23: SERÃO TRATADOS 0 ARQUIVOS.
2024-03-28 15:58:57,976; INFO; main.process.24: ARQUIVOS: []
2024-03-28 15:58:57,977; INFO; main.process.28: NENHUM PDF "PARCIAL" DISPONÍVEL
2024-03-28 15:58:57,978; INFO; functions.encerra_prog.364: Fechando Excel...
2024-03-28 15:58:58,004; INFO; functions.getPid.1005: Dentro função GetPid

2024-03-28 15:58:58,735; INFO; functions.encerra_prog.370: RM ENCERRADO
2024-03-28 15:59:00,923; WARNING; errorhandler.__handle.104: Property: Unknown Property name. [1:203: -ms-interpolation-mode]
2024-03-28 15:59:00,939; WARNING; errorhandler.__handle.104: Property: Unknown Property name. [1:353: -webkit-font-smoothing]
2024-03-28 15:59:00,954; WARNING; errorhandler.__handle.104: Property: Unknown Property name. [1:483: -ms-text-size-adjust]
2024-03-28 15:59:00,954; WARNING; errorhandler.__handle.104: Property: Unknown Property name. [1:518: -webkit-text-size-adjust]
2024-03-28 15:59:00,954; WARNING; errorhandler.__handle.104: Property: Unknown Property name. [1:612: mso-table-lspace]
2024-03-28 15:59:00,954; WARNING; errorhandler.__handle.104: Property: Unknown Property name. [1:642: mso-table-rspace]
2024-03-28 15:59:01,158; WARNING; errorhandler.__handle.104: Property: Unknown Property name. [1:4734: mso-hide]
2024-03-28 15:59:01,236; WARNING; errorhandler.__handle.104: Property: Unknown Property name. [1:13: -ms-interpolation-mode]
2024-03-28 15:59:01,243; WARNING; errorhandler.__handle.104: Property: Unknown Property name. [1:49: -webkit-font-smoothing]
2024-03-28 15:59:01,247; WARNING; errorhandler.__handle.104: Property: Unknown Property name. [1:134: -ms-text-size-adjust]
2024-03-28 15:59:01,248; WARNING; errorhandler.__handle.104: Property: Unknown Property name. [1:160: -webkit-text-size-adjust]
2024-03-28 15:59:01,252; WARNING; errorhandler.__handle.104: Property: Unknown Property name. [1:26: mso-table-lspace]
2024-03-28 15:59:01,253; WARNING; errorhandler.__handle.104: Property: Unknown Property name. [1:45: mso-table-rspace]
2024-03-28 15:59:01,286; WARNING; errorhandler.__handle.104: Property: Unknown Property name. [1:92: mso-hide]
2024-03-28 15:59:01,297; ERROR; errorhandler.__handle.104: Property: No ":" after name found: align-center [1:1: align-center]
2024-03-28 15:59:01,298; ERROR; errorhandler.__handle.104: Property: No property value found: align-center [1:1: align-center]
2024-03-28 15:59:01,300; ERROR; errorhandler.__handle.104: CSSStyleDeclaration: Syntax Error in Property: align-center
2024-03-28 15:59:01,303; WARNING; errorhandler.__handle.104: Property: Unknown Property name. [1:14: -ms-interpolation-mode]
2024-03-28 15:59:03,350; INFO; functions.emailErro.928: Warning e-mail sent.
