2024-03-28 16:49:03,732; INFO; parameters.<module>.102: Pasta local: \\Riofs\dados\Documentos Financeiro\Extratos bancarios\Ebury\2024\03 - Março
2024-03-28 16:49:03,732; INFO; functions.getPid.1011: Dentro função GetPid

2024-03-28 16:49:04,419; INFO; functions.bot_text_art.7:     ____   
2024-03-28 16:49:04,419; INFO; functions.bot_text_art.8:    [____]    
2024-03-28 16:49:04,419; INFO; functions.bot_text_art.9:  |=]()()[=|  
2024-03-28 16:49:04,419; INFO; functions.bot_text_art.10:    _\==/__    _____    ____     _        _____    ___   _  __
2024-03-28 16:49:04,419; INFO; functions.bot_text_art.11:  |__|   |_|  |  _  \  / ___|   | |      |_   _| / ___| | |/ /
2024-03-28 16:49:04,419; INFO; functions.bot_text_art.12:  |_|_/\_|_|  | |  | | | |      | |        | |   | |    | ' / 
2024-03-28 16:49:04,433; INFO; functions.bot_text_art.13:  | | __ | |  | |  | | | |      | |        | |   | |    |  <  
2024-03-28 16:49:04,434; INFO; functions.bot_text_art.14:  |_|[  ]|_|  | |__| | | |____  | |____   _| |_  | |__  | . \ 
2024-03-28 16:49:04,435; INFO; functions.bot_text_art.15:  \_|_||_|_/  |_____/   \_____| |______| |_____| \ ___| |_|\_\
2024-03-28 16:49:04,436; INFO; functions.bot_text_art.16:    |_||_|                                                     
2024-03-28 16:49:04,437; INFO; functions.bot_text_art.17:    | ||_|_   
2024-03-28 16:49:04,438; INFO; functions.bot_text_art.18:  |___||___|  
2024-03-28 16:49:04,439; INFO; functions.bot_text_art.19:              
2024-03-28 16:49:04,440; INFO; functions.headerExcel.944: Criando EXCEL
2024-03-28 16:49:04,446; INFO; functions.headerExcel.964: EXCEL iniciado
2024-03-28 16:49:04,452; INFO; main.process.15: TODOS ARQUIVOS NA PASTA ['\\\\Riofs\\dados\\Documentos Financeiro\\Extratos bancarios\\Ebury\\2024\\03 - Março\\202403-Extrato mensal-EBPCLI541626 (16).pdf'].
2024-03-28 16:49:04,455; INFO; main.process.23: SERÃO TRATADOS 0 ARQUIVOS.
2024-03-28 16:49:04,456; INFO; main.process.24: ARQUIVOS: []
2024-03-28 16:49:04,458; INFO; main.process.28: NENHUM PDF "PARCIAL" DISPONÍVEL
2024-03-28 16:49:04,459; INFO; functions.encerra_prog.368: Fechando Excel...
2024-03-28 16:49:04,518; INFO; functions.getPid.1011: Dentro função GetPid

2024-03-28 16:49:05,107; INFO; functions.encerra_prog.374: RM ENCERRADO
2024-03-28 16:49:06,857; WARNING; errorhandler.__handle.104: Property: Unknown Property name. [1:203: -ms-interpolation-mode]
2024-03-28 16:49:06,903; WARNING; errorhandler.__handle.104: Property: Unknown Property name. [1:353: -webkit-font-smoothing]
2024-03-28 16:49:06,916; WARNING; errorhandler.__handle.104: Property: Unknown Property name. [1:483: -ms-text-size-adjust]
2024-03-28 16:49:06,921; WARNING; errorhandler.__handle.104: Property: Unknown Property name. [1:518: -webkit-text-size-adjust]
2024-03-28 16:49:06,925; WARNING; errorhandler.__handle.104: Property: Unknown Property name. [1:612: mso-table-lspace]
2024-03-28 16:49:06,928; WARNING; errorhandler.__handle.104: Property: Unknown Property name. [1:642: mso-table-rspace]
2024-03-28 16:49:07,138; WARNING; errorhandler.__handle.104: Property: Unknown Property name. [1:4734: mso-hide]
2024-03-28 16:49:07,267; WARNING; errorhandler.__handle.104: Property: Unknown Property name. [1:13: -ms-interpolation-mode]
2024-03-28 16:49:07,272; WARNING; errorhandler.__handle.104: Property: Unknown Property name. [1:49: -webkit-font-smoothing]
2024-03-28 16:49:07,282; WARNING; errorhandler.__handle.104: Property: Unknown Property name. [1:134: -ms-text-size-adjust]
2024-03-28 16:49:07,307; WARNING; errorhandler.__handle.104: Property: Unknown Property name. [1:160: -webkit-text-size-adjust]
2024-03-28 16:49:07,312; WARNING; errorhandler.__handle.104: Property: Unknown Property name. [1:26: mso-table-lspace]
2024-03-28 16:49:07,315; WARNING; errorhandler.__handle.104: Property: Unknown Property name. [1:45: mso-table-rspace]
2024-03-28 16:49:07,357; WARNING; errorhandler.__handle.104: Property: Unknown Property name. [1:92: mso-hide]
2024-03-28 16:49:07,380; ERROR; errorhandler.__handle.104: Property: No ":" after name found: align-center [1:1: align-center]
2024-03-28 16:49:07,382; ERROR; errorhandler.__handle.104: Property: No property value found: align-center [1:1: align-center]
2024-03-28 16:49:07,384; ERROR; errorhandler.__handle.104: CSSStyleDeclaration: Syntax Error in Property: align-center
2024-03-28 16:49:07,391; WARNING; errorhandler.__handle.104: Property: Unknown Property name. [1:14: -ms-interpolation-mode]
2024-03-28 16:49:09,622; INFO; functions.emailErro.934: Warning e-mail sent.
