2024-02-23 13:56:32,801; INFO; functions.getPid.925: Dentro função GetPid

2024-02-23 13:56:33,629; INFO; functions.bot_text_art.7:     ____   
2024-02-23 13:56:33,629; INFO; functions.bot_text_art.8:    [____]    
2024-02-23 13:56:33,629; INFO; functions.bot_text_art.9:  |=]()()[=|  
2024-02-23 13:56:33,629; INFO; functions.bot_text_art.10:    _\==/__    _____    ____     _        _____    ___   _  __
2024-02-23 13:56:33,629; INFO; functions.bot_text_art.11:  |__|   |_|  |  _  \  / ___|   | |      |_   _| / ___| | |/ /
2024-02-23 13:56:33,629; INFO; functions.bot_text_art.12:  |_|_/\_|_|  | |  | | | |      | |        | |   | |    | ' / 
2024-02-23 13:56:33,642; INFO; functions.bot_text_art.13:  | | __ | |  | |  | | | |      | |        | |   | |    |  <  
2024-02-23 13:56:33,644; INFO; functions.bot_text_art.14:  |_|[  ]|_|  | |__| | | |____  | |____   _| |_  | |__  | . \ 
2024-02-23 13:56:33,646; INFO; functions.bot_text_art.15:  \_|_||_|_/  |_____/   \_____| |______| |_____| \ ___| |_|\_\
2024-02-23 13:56:33,648; INFO; functions.bot_text_art.16:    |_||_|                                                     
2024-02-23 13:56:33,651; INFO; functions.bot_text_art.17:    | ||_|_   
2024-02-23 13:56:33,668; INFO; functions.bot_text_art.18:  |___||___|  
2024-02-23 13:56:33,672; INFO; functions.bot_text_art.19:              
2024-02-23 13:56:33,675; INFO; functions.headerExcel.879: Criando EXCEL
2024-02-23 13:56:33,685; INFO; functions.headerExcel.899: EXCEL iniciado
2024-02-23 13:56:33,695; INFO; main.process.15: SERÃO TRATADOS 1 ARQUIVOS.
2024-02-23 13:56:33,695; INFO; main.process.20: ARQUIVO A SER TRATADO: \\Riofs\dados\Documentos Financeiro\Extratos bancarios\Ebury\2024\01 - Janeiro\Parcial até 11-01.pdf
2024-02-23 13:56:35,609; INFO; functions.excelProcessoCompleto.1101: Adicionando aba de PROCESSOS EXTRAÍDOS ao EXCEL existente
2024-02-23 13:56:35,610; INFO; functions.excelProcessoCompleto.1117: Aba de ERRO adicionada ao EXCEL existente
2024-02-23 13:56:35,611; INFO; functions.excelProcessoCompleto.1120: PROCESSO 1 A SER TRATADO: {'data': '09-01-2024', 'pi': '3788647', 'inv': '433546', 'moeda': 'MAN', 'montante': '-495.00', 'saldo': '2561.41', 'nome': 'ISLE OF MAN - GOVERNMENT', 'cod': None}
2024-02-23 13:56:35,611; INFO; functions.excelProcessoCompleto.1120: PROCESSO 2 A SER TRATADO: {'data': '09-01-2024', 'pi': '3788646', 'inv': '439484', 'moeda': 'MAN', 'montante': '-4605.00', 'saldo': '3056.41', 'nome': 'ISLE OF MAN - GOVERNMENT', 'cod': None}
2024-02-23 13:56:35,612; INFO; functions.excelProcessoCompleto.1120: PROCESSO 3 A SER TRATADO: {'data': '09-01-2024', 'pi': '3788645', 'inv': '445085', 'moeda': 'MAN', 'montante': '-43.00', 'saldo': '7661.41', 'nome': 'ISLE OF MAN - GOVERNMENT', 'cod': None}
2024-02-23 13:56:35,612; INFO; functions.excelProcessoCompleto.1120: PROCESSO 4 A SER TRATADO: {'data': '09-01-2024', 'pi': '3788644', 'inv': '430719', 'moeda': 'MAN', 'montante': '-495.00', 'saldo': '7704.41', 'nome': 'ISLE OF MAN - GOVERNMENT', 'cod': None}
2024-02-23 13:56:35,613; INFO; functions.excelProcessoCompleto.1120: PROCESSO 5 A SER TRATADO: {'data': '09-01-2024', 'pi': '3788643', 'inv': '449315', 'moeda': 'MAN', 'montante': '-256.00', 'saldo': '8199.41', 'nome': 'ISLE OF MAN - GOVERNMENT', 'cod': None}
2024-02-23 13:56:35,613; INFO; functions.excelProcessoCompleto.1120: PROCESSO 6 A SER TRATADO: {'data': '09-01-2024', 'pi': '3788641', 'inv': '449314', 'moeda': 'MAN', 'montante': '-256.00', 'saldo': '8455.41', 'nome': 'ISLE OF MAN - GOVERNMENT', 'cod': None}
2024-02-23 13:56:35,614; INFO; functions.excelProcessoCompleto.1120: PROCESSO 7 A SER TRATADO: {'data': '09-01-2024', 'pi': '3788640', 'inv': '449527', 'moeda': 'MAN', 'montante': '-2669.57', 'saldo': '8711.41', 'nome': 'ISLE OF MAN - GOVERNMENT', 'cod': None}
2024-02-23 13:56:35,614; INFO; functions.excelProcessoCompleto.1120: PROCESSO 8 A SER TRATADO: {'data': '09-01-2024', 'pi': '3788639', 'inv': '449526', 'moeda': 'MAN', 'montante': '-3203.71', 'saldo': '11380.98', 'nome': 'ISLE OF MAN - GOVERNMENT', 'cod': None}
2024-02-23 13:56:35,615; INFO; functions.excelProcessoCompleto.1120: PROCESSO 9 A SER TRATADO: {'data': '09-01-2024', 'pi': '3788638', 'inv': '449528', 'moeda': 'MAN', 'montante': '-512.00', 'saldo': '14584.69', 'nome': 'ISLE OF MAN - GOVERNMENT', 'cod': None}
2024-02-23 13:56:35,616; INFO; functions.excelProcessoCompleto.1120: PROCESSO 10 A SER TRATADO: {'data': '09-01-2024', 'pi': '3788636', 'inv': '449987', 'moeda': 'MAN', 'montante': '-506.00', 'saldo': '15096.69', 'nome': 'ISLE OF MAN - GOVERNMENT', 'cod': None}
2024-02-23 13:56:35,617; INFO; functions.excelProcessoCompleto.1120: PROCESSO 11 A SER TRATADO: {'data': '09-01-2024', 'pi': '3788624', 'inv': '451837', 'moeda': 'MAN', 'montante': '-506.00', 'saldo': '15602.69', 'nome': 'ISLE OF MAN - GOVERNMENT', 'cod': None}
2024-02-23 13:56:35,617; INFO; functions.excelProcessoCompleto.1120: PROCESSO 12 A SER TRATADO: {'data': '09-01-2024', 'pi': '3788623', 'inv': '433547', 'moeda': 'MAN', 'montante': '-495.00', 'saldo': '16108.69', 'nome': 'ISLE OF MAN - GOVERNMENT', 'cod': None}
2024-02-23 13:56:35,618; INFO; functions.excelProcessoCompleto.1120: PROCESSO 13 A SER TRATADO: {'data': '09-01-2024', 'pi': '3788622', 'inv': '459386', 'moeda': 'MAN', 'montante': '-4840.00', 'saldo': '16603.69', 'nome': 'ISLE OF MAN - GOVERNMENT', 'cod': None}
2024-02-23 13:56:35,618; INFO; functions.excelProcessoCompleto.1120: PROCESSO 14 A SER TRATADO: {'data': '09-01-2024', 'pi': '3788621', 'inv': '459384', 'moeda': 'MAN', 'montante': '-4840.00', 'saldo': '21443.69', 'nome': 'ISLE OF MAN - GOVERNMENT', 'cod': None}
2024-02-23 13:56:35,619; INFO; functions.excelProcessoCompleto.1120: PROCESSO 15 A SER TRATADO: {'data': '09-01-2024', 'pi': '3788620', 'inv': '459385', 'moeda': 'MAN', 'montante': '-4840.00', 'saldo': '26283.69', 'nome': 'ISLE OF MAN - GOVERNMENT', 'cod': None}
2024-02-23 13:56:35,619; INFO; functions.excelProcessoCompleto.1120: PROCESSO 16 A SER TRATADO: {'data': '09-01-2024', 'pi': '3788619', 'inv': '459468', 'moeda': 'MAN', 'montante': '-4678.00', 'saldo': '31123.69', 'nome': 'ISLE OF MAN - GOVERNMENT', 'cod': None}
2024-02-23 13:56:35,620; INFO; functions.excelProcessoCompleto.1120: PROCESSO 17 A SER TRATADO: {'data': '09-01-2024', 'pi': '3788617', 'inv': '459466', 'moeda': 'MAN', 'montante': '-4230.00', 'saldo': '35801.69', 'nome': 'ISLE OF MAN - GOVERNMENT', 'cod': None}
2024-02-23 13:56:35,621; INFO; functions.excelProcessoCompleto.1120: PROCESSO 18 A SER TRATADO: {'data': '09-01-2024', 'pi': '3788616', 'inv': '459467', 'moeda': 'MAN', 'montante': '-4230.00', 'saldo': '40031.69', 'nome': 'ISLE OF MAN - GOVERNMENT', 'cod': None}
2024-02-23 13:56:35,622; INFO; functions.excelProcessoCompleto.1120: PROCESSO 19 A SER TRATADO: {'data': '09-01-2024', 'pi': '3788615', 'inv': '459653', 'moeda': 'MAN', 'montante': '-4840.00', 'saldo': '44261.69', 'nome': 'ISLE OF MAN - GOVERNMENT', 'cod': None}
2024-02-23 13:56:35,622; INFO; functions.excelProcessoCompleto.1120: PROCESSO 20 A SER TRATADO: {'data': '09-01-2024', 'pi': '3788614', 'inv': '459651', 'moeda': 'MAN', 'montante': '-4240.00', 'saldo': '49101.69', 'nome': 'ISLE OF MAN - GOVERNMENT', 'cod': None}
2024-02-23 13:56:35,623; INFO; functions.excelProcessoCompleto.1120: PROCESSO 21 A SER TRATADO: {'data': '09-01-2024', 'pi': '3788613', 'inv': '459652', 'moeda': 'MAN', 'montante': '-4240.00', 'saldo': '53341.69', 'nome': 'ISLE OF MAN - GOVERNMENT', 'cod': None}
2024-02-23 13:56:35,624; INFO; functions.excelProcessoCompleto.1120: PROCESSO 22 A SER TRATADO: {'data': '09-01-2024', 'pi': '3788611', 'inv': '469181', 'moeda': 'MAN', 'montante': '-101.00', 'saldo': '57581.69', 'nome': 'ISLE OF MAN - GOVERNMENT', 'cod': None}
2024-02-23 13:56:35,625; INFO; functions.excelProcessoCompleto.1120: PROCESSO 23 A SER TRATADO: {'data': '09-01-2024', 'pi': '3788610', 'inv': '439485', 'moeda': 'MAN', 'montante': '-4605.00', 'saldo': '57682.69', 'nome': 'ISLE OF MAN - GOVERNMENT', 'cod': None}
2024-02-23 13:56:35,626; INFO; functions.excelProcessoCompleto.1120: PROCESSO 24 A SER TRATADO: {'data': '09-01-2024', 'pi': '3788608', 'inv': '468314', 'moeda': 'MAN', 'montante': '-1222.14', 'saldo': '62287.69', 'nome': 'ISLE OF MAN - GOVERNMENT', 'cod': None}
2024-02-23 13:56:35,626; INFO; functions.excelProcessoCompleto.1120: PROCESSO 25 A SER TRATADO: {'data': '09-01-2024', 'pi': '3788607', 'inv': '470668', 'moeda': 'MAN', 'montante': '-533.00', 'saldo': '63509.83', 'nome': 'ISLE OF MAN - GOVERNMENT', 'cod': None}
2024-02-23 13:56:35,627; INFO; functions.excelProcessoCompleto.1120: PROCESSO 26 A SER TRATADO: {'data': '09-01-2024', 'pi': '3788567', 'inv': '2120023432', 'moeda': 'EUR', 'montante': '-185159.40', 'saldo': '14148.51', 'nome': 'KONGSBERG MARITIME AS', 'cod': None}
2024-02-23 13:56:35,627; INFO; functions.excelProcessoCompleto.1120: PROCESSO 27 A SER TRATADO: {'data': '09-01-2024', 'pi': '3788562', 'inv': '2120023432', 'moeda': 'EUR', 'montante': '-90.75', 'saldo': '14307.91', 'nome': 'Intertrust B.V.', 'cod': None}
2024-02-23 13:56:35,628; INFO; functions.excelProcessoCompleto.1120: PROCESSO 28 A SER TRATADO: {'data': '09-01-2024', 'pi': '3788560', 'inv': '2120019900', 'moeda': 'EUR', 'montante': '-166.38', 'saldo': '14398.66', 'nome': 'Intertrust B.V.', 'cod': None}
2024-02-23 13:56:35,629; INFO; functions.excelProcessoCompleto.1120: PROCESSO 29 A SER TRATADO: {'data': '09-01-2024', 'pi': '3788609', 'inv': '466960', 'moeda': 'MAN', 'montante': '-101.00', 'saldo': '42.83', 'nome': 'ISLE OF MAN - GOVERNMENT', 'cod': None}
2024-02-23 13:56:35,630; INFO; functions.excelProcessoCompleto.1120: PROCESSO 30 A SER TRATADO: {'data': '09-01-2024', 'pi': '3788603', 'inv': '470834', 'moeda': 'MAN', 'montante': '-270.00', 'saldo': '143.83', 'nome': 'ISLE OF MAN - GOVERNMENT', 'cod': None}
2024-02-23 13:56:35,631; INFO; functions.excelProcessoCompleto.1120: PROCESSO 31 A SER TRATADO: {'data': '09-01-2024', 'pi': '3788602', 'inv': '470835', 'moeda': 'MAN', 'montante': '-270.00', 'saldo': '413.83', 'nome': 'ISLE OF MAN - GOVERNMENT', 'cod': None}
2024-02-23 13:56:35,631; INFO; functions.excelProcessoCompleto.1120: PROCESSO 32 A SER TRATADO: {'data': '09-01-2024', 'pi': '3788601', 'inv': '474618', 'moeda': 'MAN', 'montante': '-3819.72', 'saldo': '683.83', 'nome': 'ISLE OF MAN - GOVERNMENT', 'cod': None}
2024-02-23 13:56:35,632; INFO; functions.excelProcessoCompleto.1120: PROCESSO 33 A SER TRATADO: {'data': '08-01-2024', 'pi': '3785674', 'inv': '023800126', 'moeda': 'NOK', 'montante': '-918750.00', 'saldo': '41663.26', 'nome': 'Brunvoll AS', 'cod': None}
2024-02-23 13:56:35,633; INFO; functions.excelProcessoCompleto.1120: PROCESSO 34 A SER TRATADO: {'data': '08-01-2024', 'pi': '3785683', 'inv': '13724', 'moeda': 'USD', 'montante': '-3806.00', 'saldo': '967831.37', 'nome': 'AXESS Networks Solutions Germany GmbH', 'cod': None}
2024-02-23 13:56:35,633; INFO; functions.excelProcessoCompleto.1120: PROCESSO 35 A SER TRATADO: {'data': '08-01-2024', 'pi': '3784486', 'inv': '14240038', 'moeda': 'EUR', 'montante': '-1624.84', 'saldo': '14565.04', 'nome': 'AG Barista IV B.V.', 'cod': None}
2024-02-23 13:56:35,634; INFO; functions.excelProcessoCompleto.1120: PROCESSO 36 A SER TRATADO: {'data': '07-01-2024', 'pi': '3782176', 'inv': '2120023151', 'moeda': 'EUR', 'montante': '-13107.62', 'saldo': '11189.88', 'nome': 'Intertrust B.V.', 'cod': None}
2024-02-23 13:56:35,635; INFO; functions.excelProcessoCompleto.1120: PROCESSO 37 A SER TRATADO: {'data': '04-01-2024', 'pi': '3779076', 'inv': '6207483', 'moeda': 'NOK', 'montante': '-857316.23', 'saldo': '30413.26', 'nome': 'Ulmatec Skipservice AS', 'cod': None}
2024-02-23 13:56:35,636; INFO; functions.excelProcessoCompleto.1120: PROCESSO 38 A SER TRATADO: {'data': '04-01-2024', 'pi': '3779073', 'inv': '6207488', 'moeda': 'NOK', 'montante': '-1351540.30', 'saldo': '887729.49', 'nome': 'Ulmatec Skipservice AS', 'cod': None}
2024-02-23 13:56:35,638; INFO; functions.excelProcessoCompleto.1120: PROCESSO 39 A SER TRATADO: {'data': '04-01-2024', 'pi': '3779068', 'inv': '6207480', 'moeda': 'NOK', 'montante': '-1836000.00', 'saldo': '2239269.79', 'nome': 'Ulmatec Skipservice AS', 'cod': None}
2024-02-23 13:56:35,638; INFO; functions.excelProcessoCompleto.1120: PROCESSO 40 A SER TRATADO: {'data': '04-01-2024', 'pi': '3779063', 'inv': '6207486', 'moeda': 'NOK', 'montante': '-1836000.00', 'saldo': '4075269.79', 'nome': 'Ulmatec Skipservice AS', 'cod': None}
2024-02-23 13:56:35,639; INFO; functions.excelProcessoCompleto.1120: PROCESSO 41 A SER TRATADO: {'data': '04-01-2024', 'pi': '3779061', 'inv': '6207475', 'moeda': 'NOK', 'montante': '-1836000.00', 'saldo': '5911269.79', 'nome': 'Ulmatec Skipservice AS', 'cod': None}
2024-02-23 13:56:35,639; INFO; functions.excelProcessoCompleto.1120: PROCESSO 42 A SER TRATADO: {'data': '04-01-2024', 'pi': '3778834', 'inv': '6207560', 'moeda': 'NOK', 'montante': '-364784.48', 'saldo': '22269.79', 'nome': 'Ulmatec Skipservice AS', 'cod': None}
2024-02-23 13:56:35,640; INFO; functions.excelProcessoCompleto.1120: PROCESSO 43 A SER TRATADO: {'data': '04-01-2024', 'pi': '3778831', 'inv': '6207563', 'moeda': 'NOK', 'montante': '-456380.96', 'saldo': '387054.27', 'nome': 'Ulmatec Skipservice AS', 'cod': None}
2024-02-23 13:56:35,641; INFO; functions.excelProcessoCompleto.1120: PROCESSO 44 A SER TRATADO: {'data': '04-01-2024', 'pi': '3778829', 'inv': '6207565', 'moeda': 'NOK', 'montante': '-621458.50', 'saldo': '843435.23', 'nome': 'Ulmatec Skipservice AS', 'cod': None}
2024-02-23 13:56:35,641; INFO; functions.excelProcessoCompleto.1120: PROCESSO 45 A SER TRATADO: {'data': '04-01-2024', 'pi': '3778827', 'inv': '6207573', 'moeda': 'NOK', 'montante': '-140007.07', 'saldo': '1464893.73', 'nome': 'Ulmatec Skipservice AS', 'cod': None}
2024-02-23 13:56:35,642; INFO; functions.excelProcessoCompleto.1120: PROCESSO 46 A SER TRATADO: {'data': '04-01-2024', 'pi': '3779070', 'inv': '6207453', 'moeda': 'NOK', 'montante': '-8944.32', 'saldo': '24900.80', 'nome': 'Ulmatec Skipservice AS', 'cod': None}
2024-02-23 13:56:35,643; INFO; functions.excelProcessoCompleto.1120: PROCESSO 47 A SER TRATADO: {'data': '04-01-2024', 'pi': '3776948', 'inv': '004', 'moeda': 'EUR', 'montante': '-361830.00', 'saldo': '24297.50', 'nome': 'Tschudi Ship Management AS', 'cod': None}
2024-02-23 13:56:35,643; INFO; functions.excelProcessoCompleto.1120: PROCESSO 48 A SER TRATADO: {'data': '04-01-2024', 'pi': '3776769', 'inv': '004', 'moeda': 'LLC', 'montante': '-4500.00', 'saldo': '1396987.50', 'nome': 'Blue Gimbals Consultancy FZ-LLC', 'cod': None}
2024-02-23 13:56:35,643; INFO; functions.excelProcessoCompleto.1120: PROCESSO 49 A SER TRATADO: {'data': '04-01-2024', 'pi': '3776751', 'inv': '8001759', 'moeda': 'USD', 'montante': '-36252.00', 'saldo': '1401487.50', 'nome': 'Kongsberg Discovery AS', 'cod': None}
2024-02-23 13:56:35,644; INFO; functions.excelProcessoCompleto.1120: PROCESSO 50 A SER TRATADO: {'data': '03-01-2024', 'pi': '3774216', 'inv': '361844', 'moeda': 'NOK', 'montante': '-2305504.00', 'saldo': '33845.12', 'nome': 'Green Yard Kleven AS', 'cod': None}
2024-02-23 13:56:35,644; INFO; functions.excelProcessoCompleto.1120: PROCESSO 51 A SER TRATADO: {'data': '03-01-2024', 'pi': '3774214', 'inv': '361845', 'moeda': 'NOK', 'montante': '-7143684.98', 'saldo': '2339349.12', 'nome': 'Green Yard Kleven AS', 'cod': None}
2024-02-23 13:56:35,645; INFO; functions.excelProcessoCompleto.1120: PROCESSO 52 A SER TRATADO: {'data': '03-01-2024', 'pi': '3774208', 'inv': '6207211', 'moeda': 'NOK', 'montante': '-604810.00', 'saldo': '183034.10', 'nome': 'Ulmatec Skipservice AS', 'cod': None}
2024-02-23 13:56:35,648; INFO; functions.excelProcessoCompleto.1120: PROCESSO 53 A SER TRATADO: {'data': '03-01-2024', 'pi': '3774204', 'inv': '1027781', 'moeda': 'NOK', 'montante': '-125960.90', 'saldo': '787844.10', 'nome': 'DIMO', 'cod': None}
2024-02-23 13:56:35,649; INFO; functions.excelProcessoCompleto.1120: PROCESSO 54 A SER TRATADO: {'data': '03-01-2024', 'pi': '3774202', 'inv': '6207389', 'moeda': 'NOK', 'montante': '-150210.00', 'saldo': '913805.00', 'nome': 'Ulmatec Skipservice AS', 'cod': None}
2024-02-23 13:56:35,650; INFO; functions.excelProcessoCompleto.1120: PROCESSO 55 A SER TRATADO: {'data': '03-01-2024', 'pi': '3774158', 'inv': '10787', 'moeda': 'NOK', 'montante': '-20738.00', 'saldo': '1064015.00', 'nome': 'Marin Teknikk AS', 'cod': None}
2024-02-23 13:56:35,651; INFO; functions.excelProcessoCompleto.1120: PROCESSO 56 A SER TRATADO: {'data': '03-01-2024', 'pi': '3774156', 'inv': '10785', 'moeda': 'NOK', 'montante': '-81000.00', 'saldo': '1084753.00', 'nome': 'Marin Teknikk AS', 'cod': None}
2024-02-23 13:56:35,652; INFO; functions.excelProcessoCompleto.1120: PROCESSO 57 A SER TRATADO: {'data': '03-01-2024', 'pi': '3774210', 'inv': '10721', 'moeda': 'USD', 'montante': '-600.00', 'saldo': '1437739.50', 'nome': 'Mackay Communication Inc', 'cod': None}
2024-02-23 13:56:35,652; INFO; functions.excelProcessoCompleto.1120: PROCESSO 58 A SER TRATADO: {'data': '03-01-2024', 'pi': '3774207', 'inv': '10721', 'moeda': 'USD', 'montante': '-90512.02', 'saldo': '1438339.50', 'nome': 'UNISEA', 'cod': None}
2024-02-23 13:56:35,654; INFO; functions.excelProcessoCompleto.1120: PROCESSO 59 A SER TRATADO: {'data': '03-01-2024', 'pi': '3774197', 'inv': None, 'moeda': 'USD', 'montante': '-1030000.00', 'saldo': '1528851.52', 'nome': 'Wikborg Rein Advokatfirma AS', 'cod': None}
2024-02-23 13:56:35,654; INFO; functions.excelProcessoCompleto.1120: PROCESSO 60 A SER TRATADO: {'data': '03-01-2024', 'pi': '3774196', 'inv': None, 'moeda': 'USD', 'montante': '-1650000.00', 'saldo': '2558851.52', 'nome': 'Wikborg Rein Advokatfirma AS', 'cod': None}
2024-02-23 13:56:35,655; INFO; functions.excelProcessoCompleto.1120: PROCESSO 61 A SER TRATADO: {'data': '03-01-2024', 'pi': '3774195', 'inv': '10790', 'moeda': 'USD', 'montante': '-1650000.00', 'saldo': '4208851.52', 'nome': 'Wikborg Rein Advokatfirma AS', 'cod': None}
2024-02-23 13:56:35,656; INFO; functions.excelProcessoCompleto.1120: PROCESSO 62 A SER TRATADO: {'data': '03-01-2024', 'pi': '3774175', 'inv': '10790', 'moeda': 'USD', 'montante': '-12850.00', 'saldo': '5858851.52', 'nome': 'MARIN TEKNIKK', 'cod': None}
2024-02-23 13:56:35,656; INFO; functions.excelProcessoCompleto.1120: PROCESSO 63 A SER TRATADO: {'data': '03-01-2024', 'pi': '3774199', 'inv': '410010690223', 'moeda': 'DNV', 'montante': '-7510.67', 'saldo': '16127.50', 'nome': 'DNV AS', 'cod': None}
2024-02-23 13:56:35,657; INFO; functions.excelProcessoCompleto.1120: PROCESSO 64 A SER TRATADO: {'data': '02-01-2024', 'pi': '3771660', 'inv': '1189863', 'moeda': 'GBP', 'montante': '-155169.00', 'saldo': '4503.55', 'nome': 'European Management Marine Corp', 'cod': None}
2024-02-23 13:56:35,658; INFO; functions.excelProcessoCompleto.1120: PROCESSO 65 A SER TRATADO: {'data': '02-01-2024', 'pi': '3771632', 'inv': '6207287', 'moeda': 'NOK', 'montante': '-1110419.00', 'saldo': '1165753.00', 'nome': 'Ulmatec Skipservice AS', 'cod': None}
2024-02-23 13:56:35,658; INFO; functions.excelProcessoCompleto.1120: PROCESSO 66 A SER TRATADO: {'data': '02-01-2024', 'pi': '3771627', 'inv': '6207285', 'moeda': 'NOK', 'montante': '-1110419.00', 'saldo': '2276172.00', 'nome': 'Ulmatec Skipservice AS', 'cod': None}
2024-02-23 13:56:35,659; INFO; functions.excelProcessoCompleto.1120: PROCESSO 67 A SER TRATADO: {'data': '02-01-2024', 'pi': '3771620', 'inv': '6207397', 'moeda': 'NOK', 'montante': '-707339.15', 'saldo': '3386591.00', 'nome': 'Ulmatec Skipservice AS', 'cod': None}
2024-02-23 13:56:35,659; INFO; functions.excelProcessoCompleto.1120: PROCESSO 68 A SER TRATADO: {'data': '02-01-2024', 'pi': '3771613', 'inv': '6207395', 'moeda': 'NOK', 'montante': '-465748.00', 'saldo': '4093930.15', 'nome': 'Ulmatec Skipservice AS', 'cod': None}
2024-02-23 13:56:35,660; INFO; functions.excelProcessoCompleto.1120: PROCESSO 69 A SER TRATADO: {'data': '02-01-2024', 'pi': '3771611', 'inv': '6207393', 'moeda': 'NOK', 'montante': '-428786.00', 'saldo': '4559678.15', 'nome': 'Ulmatec Skipservice AS', 'cod': None}
2024-02-23 13:56:35,660; INFO; functions.excelProcessoCompleto.1120: PROCESSO 70 A SER TRATADO: {'data': '02-01-2024', 'pi': '3771608', 'inv': '6207390', 'moeda': 'NOK', 'montante': '-538963.75', 'saldo': '4988464.15', 'nome': 'Ulmatec Skipservice AS', 'cod': None}
2024-02-23 13:56:35,661; INFO; functions.excelProcessoCompleto.1120: PROCESSO 71 A SER TRATADO: {'data': '02-01-2024', 'pi': '3771624', 'inv': '6207283', 'moeda': 'NOK', 'montante': '-67619.00', 'saldo': '27427.90', 'nome': 'Ulmatec Skipservice AS', 'cod': None}
2024-02-23 13:56:35,662; INFO; functions.excelProcessoCompleto.1120: PROCESSO 72 A SER TRATADO: {'data': '02-01-2024', 'pi': '3771652', 'inv': '410010680855', 'moeda': 'DNV', 'montante': '-11494.80', 'saldo': '11638.17', 'nome': 'DNV AS', 'cod': None}
2024-02-23 13:56:35,662; INFO; functions.excelProcessoCompleto.1120: PROCESSO 73 A SER TRATADO: {'data': '02-01-2024', 'pi': '3771658', 'inv': '6300085845', 'moeda': 'USD', 'montante': '-3325.88', 'saldo': '7538868.48', 'nome': 'Marlink SA', 'cod': None}
2024-02-23 13:56:35,663; INFO; functions.excelProcessoCompleto.1120: PROCESSO 74 A SER TRATADO: {'data': '02-01-2024', 'pi': '3771656', 'inv': '6300088124', 'moeda': 'USD', 'montante': '-3323.00', 'saldo': '7542194.36', 'nome': 'Marlink SA', 'cod': None}
2024-02-23 13:56:35,715; INFO; functions.excelProcessoCompleto.1120: PROCESSO 75 A SER TRATADO: {'data': '08-01-2024', 'pi': '3785674', 'inv': '023800126', 'moeda': 'NOK', 'montante': '-918750.00', 'saldo': '41663.26', 'nome': 'Brunvoll AS', 'cod': None}
2024-02-23 13:56:35,743; INFO; functions.excelProcessoCompleto.1120: PROCESSO 76 A SER TRATADO: {'data': '04-01-2024', 'pi': '3779076', 'inv': '6207483', 'moeda': 'NOK', 'montante': '-857316.23', 'saldo': '30413.26', 'nome': 'Ulmatec Skipservice AS', 'cod': None}
2024-02-23 13:56:35,759; INFO; functions.excelProcessoCompleto.1120: PROCESSO 77 A SER TRATADO: {'data': '04-01-2024', 'pi': '3779073', 'inv': '6207488', 'moeda': 'NOK', 'montante': '-1351540.30', 'saldo': '887729.49', 'nome': 'Ulmatec Skipservice AS', 'cod': None}
2024-02-23 13:56:35,764; INFO; functions.excelProcessoCompleto.1120: PROCESSO 78 A SER TRATADO: {'data': '04-01-2024', 'pi': '3779068', 'inv': '6207480', 'moeda': 'NOK', 'montante': '-1836000.00', 'saldo': '2239269.79', 'nome': 'Ulmatec Skipservice AS', 'cod': None}
2024-02-23 13:56:35,765; INFO; functions.excelProcessoCompleto.1120: PROCESSO 79 A SER TRATADO: {'data': '04-01-2024', 'pi': '3779063', 'inv': '6207486', 'moeda': 'NOK', 'montante': '-1836000.00', 'saldo': '4075269.79', 'nome': 'Ulmatec Skipservice AS', 'cod': None}
2024-02-23 13:56:35,765; INFO; functions.excelProcessoCompleto.1120: PROCESSO 80 A SER TRATADO: {'data': '04-01-2024', 'pi': '3779061', 'inv': '6207475', 'moeda': 'NOK', 'montante': '-1836000.00', 'saldo': '5911269.79', 'nome': 'Ulmatec Skipservice AS', 'cod': None}
2024-02-23 13:56:35,766; INFO; functions.excelProcessoCompleto.1120: PROCESSO 81 A SER TRATADO: {'data': '04-01-2024', 'pi': '3778834', 'inv': '6207560', 'moeda': 'NOK', 'montante': '-364784.48', 'saldo': '22269.79', 'nome': 'Ulmatec Skipservice AS', 'cod': None}
2024-02-23 13:56:35,767; INFO; functions.excelProcessoCompleto.1120: PROCESSO 82 A SER TRATADO: {'data': '04-01-2024', 'pi': '3778831', 'inv': '6207563', 'moeda': 'NOK', 'montante': '-456380.96', 'saldo': '387054.27', 'nome': 'Ulmatec Skipservice AS', 'cod': None}
2024-02-23 13:56:35,795; INFO; functions.excelProcessoCompleto.1120: PROCESSO 83 A SER TRATADO: {'data': '04-01-2024', 'pi': '3778829', 'inv': '6207565', 'moeda': 'NOK', 'montante': '-621458.50', 'saldo': '843435.23', 'nome': 'Ulmatec Skipservice AS', 'cod': None}
2024-02-23 13:56:35,796; INFO; functions.excelProcessoCompleto.1120: PROCESSO 84 A SER TRATADO: {'data': '04-01-2024', 'pi': '3778827', 'inv': '6207573', 'moeda': 'NOK', 'montante': '-140007.07', 'saldo': '1464893.73', 'nome': 'Ulmatec Skipservice AS', 'cod': None}
2024-02-23 13:56:35,797; INFO; functions.excelProcessoCompleto.1120: PROCESSO 85 A SER TRATADO: {'data': '04-01-2024', 'pi': '3779070', 'inv': '6207453', 'moeda': 'NOK', 'montante': '-8944.32', 'saldo': '24900.80', 'nome': 'Ulmatec Skipservice AS', 'cod': None}
2024-02-23 13:56:35,797; INFO; functions.excelProcessoCompleto.1120: PROCESSO 86 A SER TRATADO: {'data': '03-01-2024', 'pi': '3774216', 'inv': '361844', 'moeda': 'NOK', 'montante': '-2305504.00', 'saldo': '33845.12', 'nome': 'Green Yard Kleven AS', 'cod': None}
2024-02-23 13:56:35,798; INFO; functions.excelProcessoCompleto.1120: PROCESSO 87 A SER TRATADO: {'data': '03-01-2024', 'pi': '3774214', 'inv': '361845', 'moeda': 'NOK', 'montante': '-7143684.98', 'saldo': '2339349.12', 'nome': 'Green Yard Kleven AS', 'cod': None}
2024-02-23 13:56:35,799; INFO; functions.excelProcessoCompleto.1120: PROCESSO 88 A SER TRATADO: {'data': '03-01-2024', 'pi': '3774208', 'inv': '6207211', 'moeda': 'NOK', 'montante': '-604810.00', 'saldo': '183034.10', 'nome': 'Ulmatec Skipservice AS', 'cod': None}
2024-02-23 13:56:35,799; INFO; functions.excelProcessoCompleto.1120: PROCESSO 89 A SER TRATADO: {'data': '03-01-2024', 'pi': '3774204', 'inv': '1027781', 'moeda': 'NOK', 'montante': '-125960.90', 'saldo': '787844.10', 'nome': 'DIMO', 'cod': None}
2024-02-23 13:56:35,800; INFO; functions.excelProcessoCompleto.1120: PROCESSO 90 A SER TRATADO: {'data': '03-01-2024', 'pi': '3774202', 'inv': '6207389', 'moeda': 'NOK', 'montante': '-150210.00', 'saldo': '913805.00', 'nome': 'Ulmatec Skipservice AS', 'cod': None}
2024-02-23 13:56:35,800; INFO; functions.excelProcessoCompleto.1120: PROCESSO 91 A SER TRATADO: {'data': '03-01-2024', 'pi': '3774158', 'inv': '10787', 'moeda': 'NOK', 'montante': '-20738.00', 'saldo': '1064015.00', 'nome': 'Marin Teknikk AS', 'cod': None}
2024-02-23 13:56:35,801; INFO; functions.excelProcessoCompleto.1120: PROCESSO 92 A SER TRATADO: {'data': '03-01-2024', 'pi': '3774156', 'inv': '10785', 'moeda': 'NOK', 'montante': '-81000.00', 'saldo': '1084753.00', 'nome': 'Marin Teknikk AS', 'cod': None}
2024-02-23 13:56:35,803; INFO; functions.excelProcessoCompleto.1120: PROCESSO 93 A SER TRATADO: {'data': '02-01-2024', 'pi': '3771632', 'inv': '6207287', 'moeda': 'NOK', 'montante': '-1110419.00', 'saldo': '1165753.00', 'nome': 'Ulmatec Skipservice AS', 'cod': None}
2024-02-23 13:56:35,804; INFO; functions.excelProcessoCompleto.1120: PROCESSO 94 A SER TRATADO: {'data': '02-01-2024', 'pi': '3771627', 'inv': '6207285', 'moeda': 'NOK', 'montante': '-1110419.00', 'saldo': '2276172.00', 'nome': 'Ulmatec Skipservice AS', 'cod': None}
2024-02-23 13:56:35,805; INFO; functions.excelProcessoCompleto.1120: PROCESSO 95 A SER TRATADO: {'data': '02-01-2024', 'pi': '3771620', 'inv': '6207397', 'moeda': 'NOK', 'montante': '-707339.15', 'saldo': '3386591.00', 'nome': 'Ulmatec Skipservice AS', 'cod': None}
2024-02-23 13:56:35,805; INFO; functions.excelProcessoCompleto.1120: PROCESSO 96 A SER TRATADO: {'data': '02-01-2024', 'pi': '3771613', 'inv': '6207395', 'moeda': 'NOK', 'montante': '-465748.00', 'saldo': '4093930.15', 'nome': 'Ulmatec Skipservice AS', 'cod': None}
2024-02-23 13:56:35,807; INFO; functions.excelProcessoCompleto.1120: PROCESSO 97 A SER TRATADO: {'data': '02-01-2024', 'pi': '3771611', 'inv': '6207393', 'moeda': 'NOK', 'montante': '-428786.00', 'saldo': '4559678.15', 'nome': 'Ulmatec Skipservice AS', 'cod': None}
2024-02-23 13:56:35,808; INFO; functions.excelProcessoCompleto.1120: PROCESSO 98 A SER TRATADO: {'data': '02-01-2024', 'pi': '3771608', 'inv': '6207390', 'moeda': 'NOK', 'montante': '-538963.75', 'saldo': '4988464.15', 'nome': 'Ulmatec Skipservice AS', 'cod': None}
2024-02-23 13:56:35,808; INFO; functions.excelProcessoCompleto.1120: PROCESSO 99 A SER TRATADO: {'data': '02-01-2024', 'pi': '3771624', 'inv': '6207283', 'moeda': 'NOK', 'montante': '-67619.00', 'saldo': '27427.90', 'nome': 'Ulmatec Skipservice AS', 'cod': None}
2024-02-23 13:56:35,809; INFO; functions.excelProcessoCompleto.1120: PROCESSO 100 A SER TRATADO: {'data': '08-01-2024', 'pi': '3785683', 'inv': '13724', 'moeda': 'USD', 'montante': '-3806.00', 'saldo': '967831.37', 'nome': 'AXESS Networks Solutions Germany GmbH', 'cod': None}
2024-02-23 13:56:35,809; INFO; functions.excelProcessoCompleto.1120: PROCESSO 101 A SER TRATADO: {'data': '04-01-2024', 'pi': '3776769', 'inv': '004', 'moeda': 'LLC', 'montante': '-4500.00', 'saldo': '1396987.50', 'nome': 'Blue Gimbals Consultancy FZ-LLC', 'cod': None}
2024-02-23 13:56:35,810; INFO; functions.excelProcessoCompleto.1120: PROCESSO 102 A SER TRATADO: {'data': '04-01-2024', 'pi': '3776751', 'inv': '8001759', 'moeda': 'USD', 'montante': '-36252.00', 'saldo': '1401487.50', 'nome': 'Kongsberg Discovery AS', 'cod': None}
2024-02-23 13:56:35,811; INFO; functions.excelProcessoCompleto.1120: PROCESSO 103 A SER TRATADO: {'data': '03-01-2024', 'pi': '3774210', 'inv': None, 'moeda': 'USD', 'montante': '-600.00', 'saldo': '1437739.50', 'nome': 'Mackay Communication Inc', 'cod': None}
2024-02-23 13:56:35,811; INFO; functions.excelProcessoCompleto.1120: PROCESSO 104 A SER TRATADO: {'data': '03-01-2024', 'pi': '3774207', 'inv': '10721', 'moeda': 'USD', 'montante': '-90512.02', 'saldo': '1438339.50', 'nome': 'UNISEA', 'cod': None}
2024-02-23 13:56:35,812; INFO; functions.excelProcessoCompleto.1120: PROCESSO 105 A SER TRATADO: {'data': '03-01-2024', 'pi': '3774197', 'inv': '10790', 'moeda': 'USD', 'montante': '-1030000.00', 'saldo': '1528851.52', 'nome': 'Wikborg Rein Advokatfirma AS', 'cod': None}
2024-02-23 13:56:35,812; INFO; functions.excelProcessoCompleto.1120: PROCESSO 106 A SER TRATADO: {'data': '03-01-2024', 'pi': '3774196', 'inv': '10790', 'moeda': 'USD', 'montante': '-1650000.00', 'saldo': '2558851.52', 'nome': 'Wikborg Rein Advokatfirma AS', 'cod': None}
2024-02-23 13:56:35,813; INFO; functions.excelProcessoCompleto.1120: PROCESSO 107 A SER TRATADO: {'data': '03-01-2024', 'pi': '3774195', 'inv': '10790', 'moeda': 'USD', 'montante': '-1650000.00', 'saldo': '4208851.52', 'nome': 'Wikborg Rein Advokatfirma AS', 'cod': None}
2024-02-23 13:56:35,814; INFO; functions.excelProcessoCompleto.1120: PROCESSO 108 A SER TRATADO: {'data': '03-01-2024', 'pi': '3774175', 'inv': '10790', 'moeda': 'USD', 'montante': '-12850.00', 'saldo': '5858851.52', 'nome': 'MARIN TEKNIKK', 'cod': None}
2024-02-23 13:56:35,815; INFO; functions.excelProcessoCompleto.1120: PROCESSO 109 A SER TRATADO: {'data': '02-01-2024', 'pi': '3771658', 'inv': '6300085845', 'moeda': 'USD', 'montante': '-3325.88', 'saldo': '7538868.48', 'nome': 'Marlink SA', 'cod': None}
2024-02-23 13:56:35,815; INFO; functions.excelProcessoCompleto.1120: PROCESSO 110 A SER TRATADO: {'data': '02-01-2024', 'pi': '3771656', 'inv': '6300088124', 'moeda': 'USD', 'montante': '-3323.00', 'saldo': '7542194.36', 'nome': 'Marlink SA', 'cod': None}
2024-02-23 13:56:35,816; INFO; functions.excelProcessoCompleto.1120: PROCESSO 111 A SER TRATADO: {'data': '09-01-2024', 'pi': '3788647', 'inv': '433546', 'moeda': 'MAN', 'montante': '-495.00', 'saldo': '2561.41', 'nome': 'ISLE OF MAN - GOVERNMENT', 'cod': None}
2024-02-23 13:56:35,816; INFO; functions.excelProcessoCompleto.1120: PROCESSO 112 A SER TRATADO: {'data': '09-01-2024', 'pi': '3788646', 'inv': '439484', 'moeda': 'MAN', 'montante': '-4605.00', 'saldo': '3056.41', 'nome': 'ISLE OF MAN - GOVERNMENT', 'cod': None}
2024-02-23 13:56:35,817; INFO; functions.excelProcessoCompleto.1120: PROCESSO 113 A SER TRATADO: {'data': '09-01-2024', 'pi': '3788645', 'inv': '445085', 'moeda': 'MAN', 'montante': '-43.00', 'saldo': '7661.41', 'nome': 'ISLE OF MAN - GOVERNMENT', 'cod': None}
2024-02-23 13:56:35,818; INFO; functions.excelProcessoCompleto.1120: PROCESSO 114 A SER TRATADO: {'data': '09-01-2024', 'pi': '3788644', 'inv': '430719', 'moeda': 'MAN', 'montante': '-495.00', 'saldo': '7704.41', 'nome': 'ISLE OF MAN - GOVERNMENT', 'cod': None}
2024-02-23 13:56:35,819; INFO; functions.excelProcessoCompleto.1120: PROCESSO 115 A SER TRATADO: {'data': '09-01-2024', 'pi': '3788643', 'inv': '449315', 'moeda': 'MAN', 'montante': '-256.00', 'saldo': '8199.41', 'nome': 'ISLE OF MAN - GOVERNMENT', 'cod': None}
2024-02-23 13:56:35,819; INFO; functions.excelProcessoCompleto.1120: PROCESSO 116 A SER TRATADO: {'data': '09-01-2024', 'pi': '3788641', 'inv': '449314', 'moeda': 'MAN', 'montante': '-256.00', 'saldo': '8455.41', 'nome': 'ISLE OF MAN - GOVERNMENT', 'cod': None}
2024-02-23 13:56:35,820; INFO; functions.excelProcessoCompleto.1120: PROCESSO 117 A SER TRATADO: {'data': '09-01-2024', 'pi': '3788640', 'inv': '449527', 'moeda': 'MAN', 'montante': '-2669.57', 'saldo': '8711.41', 'nome': 'ISLE OF MAN - GOVERNMENT', 'cod': None}
2024-02-23 13:56:35,820; INFO; functions.excelProcessoCompleto.1120: PROCESSO 118 A SER TRATADO: {'data': '09-01-2024', 'pi': '3788639', 'inv': '449526', 'moeda': 'MAN', 'montante': '-3203.71', 'saldo': '11380.98', 'nome': 'ISLE OF MAN - GOVERNMENT', 'cod': None}
2024-02-23 13:56:35,821; INFO; functions.excelProcessoCompleto.1120: PROCESSO 119 A SER TRATADO: {'data': '09-01-2024', 'pi': '3788638', 'inv': '449528', 'moeda': 'MAN', 'montante': '-512.00', 'saldo': '14584.69', 'nome': 'ISLE OF MAN - GOVERNMENT', 'cod': None}
2024-02-23 13:56:35,822; INFO; functions.excelProcessoCompleto.1120: PROCESSO 120 A SER TRATADO: {'data': '09-01-2024', 'pi': '3788636', 'inv': '449987', 'moeda': 'MAN', 'montante': '-506.00', 'saldo': '15096.69', 'nome': 'ISLE OF MAN - GOVERNMENT', 'cod': None}
2024-02-23 13:56:35,823; INFO; functions.excelProcessoCompleto.1120: PROCESSO 121 A SER TRATADO: {'data': '09-01-2024', 'pi': '3788624', 'inv': '451837', 'moeda': 'MAN', 'montante': '-506.00', 'saldo': '15602.69', 'nome': 'ISLE OF MAN - GOVERNMENT', 'cod': None}
2024-02-23 13:56:35,823; INFO; functions.excelProcessoCompleto.1120: PROCESSO 122 A SER TRATADO: {'data': '09-01-2024', 'pi': '3788623', 'inv': '433547', 'moeda': 'MAN', 'montante': '-495.00', 'saldo': '16108.69', 'nome': 'ISLE OF MAN - GOVERNMENT', 'cod': None}
2024-02-23 13:56:35,824; INFO; functions.excelProcessoCompleto.1120: PROCESSO 123 A SER TRATADO: {'data': '09-01-2024', 'pi': '3788622', 'inv': '459386', 'moeda': 'MAN', 'montante': '-4840.00', 'saldo': '16603.69', 'nome': 'ISLE OF MAN - GOVERNMENT', 'cod': None}
2024-02-23 13:56:35,825; INFO; functions.excelProcessoCompleto.1120: PROCESSO 124 A SER TRATADO: {'data': '09-01-2024', 'pi': '3788621', 'inv': '459384', 'moeda': 'MAN', 'montante': '-4840.00', 'saldo': '21443.69', 'nome': 'ISLE OF MAN - GOVERNMENT', 'cod': None}
2024-02-23 13:56:35,825; INFO; functions.excelProcessoCompleto.1120: PROCESSO 125 A SER TRATADO: {'data': '09-01-2024', 'pi': '3788620', 'inv': '459385', 'moeda': 'MAN', 'montante': '-4840.00', 'saldo': '26283.69', 'nome': 'ISLE OF MAN - GOVERNMENT', 'cod': None}
2024-02-23 13:56:35,826; INFO; functions.excelProcessoCompleto.1120: PROCESSO 126 A SER TRATADO: {'data': '09-01-2024', 'pi': '3788619', 'inv': '459468', 'moeda': 'MAN', 'montante': '-4678.00', 'saldo': '31123.69', 'nome': 'ISLE OF MAN - GOVERNMENT', 'cod': None}
2024-02-23 13:56:35,826; INFO; functions.excelProcessoCompleto.1120: PROCESSO 127 A SER TRATADO: {'data': '09-01-2024', 'pi': '3788617', 'inv': '459466', 'moeda': 'MAN', 'montante': '-4230.00', 'saldo': '35801.69', 'nome': 'ISLE OF MAN - GOVERNMENT', 'cod': None}
2024-02-23 13:56:35,827; INFO; functions.excelProcessoCompleto.1120: PROCESSO 128 A SER TRATADO: {'data': '09-01-2024', 'pi': '3788616', 'inv': '459467', 'moeda': 'MAN', 'montante': '-4230.00', 'saldo': '40031.69', 'nome': 'ISLE OF MAN - GOVERNMENT', 'cod': None}
2024-02-23 13:56:35,827; INFO; functions.excelProcessoCompleto.1120: PROCESSO 129 A SER TRATADO: {'data': '09-01-2024', 'pi': '3788615', 'inv': '459653', 'moeda': 'MAN', 'montante': '-4840.00', 'saldo': '44261.69', 'nome': 'ISLE OF MAN - GOVERNMENT', 'cod': None}
2024-02-23 13:56:35,828; INFO; functions.excelProcessoCompleto.1120: PROCESSO 130 A SER TRATADO: {'data': '09-01-2024', 'pi': '3788614', 'inv': '459651', 'moeda': 'MAN', 'montante': '-4240.00', 'saldo': '49101.69', 'nome': 'ISLE OF MAN - GOVERNMENT', 'cod': None}
2024-02-23 13:56:35,828; INFO; functions.excelProcessoCompleto.1120: PROCESSO 131 A SER TRATADO: {'data': '09-01-2024', 'pi': '3788613', 'inv': '459652', 'moeda': 'MAN', 'montante': '-4240.00', 'saldo': '53341.69', 'nome': 'ISLE OF MAN - GOVERNMENT', 'cod': None}
2024-02-23 13:56:35,829; INFO; functions.excelProcessoCompleto.1120: PROCESSO 132 A SER TRATADO: {'data': '09-01-2024', 'pi': '3788611', 'inv': '469181', 'moeda': 'MAN', 'montante': '-101.00', 'saldo': '57581.69', 'nome': 'ISLE OF MAN - GOVERNMENT', 'cod': None}
2024-02-23 13:56:35,829; INFO; functions.excelProcessoCompleto.1120: PROCESSO 133 A SER TRATADO: {'data': '09-01-2024', 'pi': '3788610', 'inv': '439485', 'moeda': 'MAN', 'montante': '-4605.00', 'saldo': '57682.69', 'nome': 'ISLE OF MAN - GOVERNMENT', 'cod': None}
2024-02-23 13:56:35,830; INFO; functions.excelProcessoCompleto.1120: PROCESSO 134 A SER TRATADO: {'data': '09-01-2024', 'pi': '3788608', 'inv': '468314', 'moeda': 'MAN', 'montante': '-1222.14', 'saldo': '62287.69', 'nome': 'ISLE OF MAN - GOVERNMENT', 'cod': None}
2024-02-23 13:56:35,831; INFO; functions.excelProcessoCompleto.1120: PROCESSO 135 A SER TRATADO: {'data': '09-01-2024', 'pi': '3788607', 'inv': '470668', 'moeda': 'MAN', 'montante': '-533.00', 'saldo': '63509.83', 'nome': 'ISLE OF MAN - GOVERNMENT', 'cod': None}
2024-02-23 13:56:35,831; INFO; functions.excelProcessoCompleto.1120: PROCESSO 136 A SER TRATADO: {'data': '09-01-2024', 'pi': '3788609', 'inv': '466960', 'moeda': 'MAN', 'montante': '-101.00', 'saldo': '42.83', 'nome': 'ISLE OF MAN - GOVERNMENT', 'cod': None}
2024-02-23 13:56:35,833; INFO; functions.excelProcessoCompleto.1120: PROCESSO 137 A SER TRATADO: {'data': '09-01-2024', 'pi': '3788603', 'inv': '470834', 'moeda': 'MAN', 'montante': '-270.00', 'saldo': '143.83', 'nome': 'ISLE OF MAN - GOVERNMENT', 'cod': None}
2024-02-23 13:56:35,835; INFO; functions.excelProcessoCompleto.1120: PROCESSO 138 A SER TRATADO: {'data': '09-01-2024', 'pi': '3788602', 'inv': '470835', 'moeda': 'MAN', 'montante': '-270.00', 'saldo': '413.83', 'nome': 'ISLE OF MAN - GOVERNMENT', 'cod': None}
2024-02-23 13:56:35,836; INFO; functions.excelProcessoCompleto.1120: PROCESSO 139 A SER TRATADO: {'data': '09-01-2024', 'pi': '3788601', 'inv': '474618', 'moeda': 'MAN', 'montante': '-3819.72', 'saldo': '683.83', 'nome': 'ISLE OF MAN - GOVERNMENT', 'cod': None}
2024-02-23 13:56:35,837; INFO; functions.excelProcessoCompleto.1120: PROCESSO 140 A SER TRATADO: {'data': '02-01-2024', 'pi': '3771660', 'inv': '1189863', 'moeda': 'GBP', 'montante': '-155169.00', 'saldo': '4503.55', 'nome': 'European Management Marine Corp', 'cod': None}
2024-02-23 13:56:35,837; INFO; functions.excelProcessoCompleto.1120: PROCESSO 141 A SER TRATADO: {'data': '09-01-2024', 'pi': '3788567', 'inv': '2120023432', 'moeda': 'EUR', 'montante': '-185159.40', 'saldo': '14148.51', 'nome': 'KONGSBERG MARITIME AS', 'cod': None}
2024-02-23 13:56:35,838; INFO; functions.excelProcessoCompleto.1120: PROCESSO 142 A SER TRATADO: {'data': '09-01-2024', 'pi': '3788562', 'inv': '2120023432', 'moeda': 'EUR', 'montante': '-90.75', 'saldo': '14307.91', 'nome': 'Intertrust B.V.', 'cod': None}
2024-02-23 13:56:35,840; INFO; functions.excelProcessoCompleto.1120: PROCESSO 143 A SER TRATADO: {'data': '09-01-2024', 'pi': '3788560', 'inv': '2120019900', 'moeda': 'EUR', 'montante': '-166.38', 'saldo': '14398.66', 'nome': 'Intertrust B.V.', 'cod': None}
2024-02-23 13:56:35,841; INFO; functions.excelProcessoCompleto.1120: PROCESSO 144 A SER TRATADO: {'data': '08-01-2024', 'pi': '3784486', 'inv': '14240038', 'moeda': 'EUR', 'montante': '-1624.84', 'saldo': '14565.04', 'nome': 'AG Barista IV B.V.', 'cod': None}
2024-02-23 13:56:35,841; INFO; functions.excelProcessoCompleto.1120: PROCESSO 145 A SER TRATADO: {'data': '07-01-2024', 'pi': '3782176', 'inv': '2120023151', 'moeda': 'EUR', 'montante': '-13107.62', 'saldo': '11189.88', 'nome': 'Intertrust B.V.', 'cod': None}
2024-02-23 13:56:35,842; INFO; functions.excelProcessoCompleto.1120: PROCESSO 146 A SER TRATADO: {'data': '04-01-2024', 'pi': '3776948', 'inv': '410010690223', 'moeda': 'EUR', 'montante': '-361830.00', 'saldo': '24297.50', 'nome': 'Tschudi Ship Management AS', 'cod': None}
2024-02-23 13:56:35,843; INFO; functions.excelProcessoCompleto.1120: PROCESSO 147 A SER TRATADO: {'data': '03-01-2024', 'pi': '3774199', 'inv': '410010690223', 'moeda': 'DNV', 'montante': '-7510.67', 'saldo': '16127.50', 'nome': 'DNV AS', 'cod': None}
2024-02-23 13:56:35,844; INFO; functions.excelProcessoCompleto.1120: PROCESSO 148 A SER TRATADO: {'data': '02-01-2024', 'pi': '3771652', 'inv': '410010680855', 'moeda': 'DNV', 'montante': '-11494.80', 'saldo': '11638.17', 'nome': 'DNV AS', 'cod': None}
2024-02-23 13:56:35,844; INFO; main.process.30: PROCESSOS EXTRAIDOS COM ERRO: 3
2024-02-23 13:56:35,845; INFO; main.process.31: PROCESSOS COM ERRO: [{'data': '03-01-2024', 'pi': '3774197', 'inv': None, 'moeda': 'USD', 'montante': '-1030000.00', 'saldo': '1528851.52', 'nome': 'Wikborg Rein Advokatfirma AS', 'cod': None}, {'data': '03-01-2024', 'pi': '3774196', 'inv': None, 'moeda': 'USD', 'montante': '-1650000.00', 'saldo': '2558851.52', 'nome': 'Wikborg Rein Advokatfirma AS', 'cod': None}, {'data': '03-01-2024', 'pi': '3774210', 'inv': None, 'moeda': 'USD', 'montante': '-600.00', 'saldo': '1437739.50', 'nome': 'Mackay Communication Inc', 'cod': None}]
2024-02-23 13:56:35,846; INFO; functions.excelErro.1006: Adicionando aba de ERRO ao EXCEL existente
2024-02-23 13:56:35,850; INFO; functions.excelErro.1022: Aba de ERRO adicionada ao EXCEL existente
2024-02-23 13:56:35,851; INFO; functions.excelErro.1025: PROCESSO 1 A SER TRATADO: {'data': '03-01-2024', 'pi': '3774197', 'inv': None, 'moeda': 'USD', 'montante': '-1030000.00', 'saldo': '1528851.52', 'nome': 'Wikborg Rein Advokatfirma AS', 'cod': None}
2024-02-23 13:56:35,851; INFO; functions.excelErro.1025: PROCESSO 2 A SER TRATADO: {'data': '03-01-2024', 'pi': '3774196', 'inv': None, 'moeda': 'USD', 'montante': '-1650000.00', 'saldo': '2558851.52', 'nome': 'Wikborg Rein Advokatfirma AS', 'cod': None}
2024-02-23 13:56:35,852; INFO; functions.excelErro.1025: PROCESSO 3 A SER TRATADO: {'data': '03-01-2024', 'pi': '3774210', 'inv': None, 'moeda': 'USD', 'montante': '-600.00', 'saldo': '1437739.50', 'nome': 'Mackay Communication Inc', 'cod': None}
2024-02-23 13:56:35,852; INFO; main.process.34: PROCESSOS EXTRAIDOS CORRETAMENTE: 145
2024-02-23 13:56:35,853; INFO; main.process.35: PROCESSOS A SEREM TRATADOS: [{'data': '09-01-2024', 'pi': '3788647', 'inv': '433546', 'moeda': 'MAN', 'montante': '-495.00', 'saldo': '2561.41', 'nome': 'ISLE OF MAN - GOVERNMENT', 'cod': None}, {'data': '09-01-2024', 'pi': '3788646', 'inv': '439484', 'moeda': 'MAN', 'montante': '-4605.00', 'saldo': '3056.41', 'nome': 'ISLE OF MAN - GOVERNMENT', 'cod': None}, {'data': '09-01-2024', 'pi': '3788645', 'inv': '445085', 'moeda': 'MAN', 'montante': '-43.00', 'saldo': '7661.41', 'nome': 'ISLE OF MAN - GOVERNMENT', 'cod': None}, {'data': '09-01-2024', 'pi': '3788644', 'inv': '430719', 'moeda': 'MAN', 'montante': '-495.00', 'saldo': '7704.41', 'nome': 'ISLE OF MAN - GOVERNMENT', 'cod': None}, {'data': '09-01-2024', 'pi': '3788643', 'inv': '449315', 'moeda': 'MAN', 'montante': '-256.00', 'saldo': '8199.41', 'nome': 'ISLE OF MAN - GOVERNMENT', 'cod': None}, {'data': '09-01-2024', 'pi': '3788641', 'inv': '449314', 'moeda': 'MAN', 'montante': '-256.00', 'saldo': '8455.41', 'nome': 'ISLE OF MAN - GOVERNMENT', 'cod': None}, {'data': '09-01-2024', 'pi': '3788640', 'inv': '449527', 'moeda': 'MAN', 'montante': '-2669.57', 'saldo': '8711.41', 'nome': 'ISLE OF MAN - GOVERNMENT', 'cod': None}, {'data': '09-01-2024', 'pi': '3788639', 'inv': '449526', 'moeda': 'MAN', 'montante': '-3203.71', 'saldo': '11380.98', 'nome': 'ISLE OF MAN - GOVERNMENT', 'cod': None}, {'data': '09-01-2024', 'pi': '3788638', 'inv': '449528', 'moeda': 'MAN', 'montante': '-512.00', 'saldo': '14584.69', 'nome': 'ISLE OF MAN - GOVERNMENT', 'cod': None}, {'data': '09-01-2024', 'pi': '3788636', 'inv': '449987', 'moeda': 'MAN', 'montante': '-506.00', 'saldo': '15096.69', 'nome': 'ISLE OF MAN - GOVERNMENT', 'cod': None}, {'data': '09-01-2024', 'pi': '3788624', 'inv': '451837', 'moeda': 'MAN', 'montante': '-506.00', 'saldo': '15602.69', 'nome': 'ISLE OF MAN - GOVERNMENT', 'cod': None}, {'data': '09-01-2024', 'pi': '3788623', 'inv': '433547', 'moeda': 'MAN', 'montante': '-495.00', 'saldo': '16108.69', 'nome': 'ISLE OF MAN - GOVERNMENT', 'cod': None}, {'data': '09-01-2024', 'pi': '3788622', 'inv': '459386', 'moeda': 'MAN', 'montante': '-4840.00', 'saldo': '16603.69', 'nome': 'ISLE OF MAN - GOVERNMENT', 'cod': None}, {'data': '09-01-2024', 'pi': '3788621', 'inv': '459384', 'moeda': 'MAN', 'montante': '-4840.00', 'saldo': '21443.69', 'nome': 'ISLE OF MAN - GOVERNMENT', 'cod': None}, {'data': '09-01-2024', 'pi': '3788620', 'inv': '459385', 'moeda': 'MAN', 'montante': '-4840.00', 'saldo': '26283.69', 'nome': 'ISLE OF MAN - GOVERNMENT', 'cod': None}, {'data': '09-01-2024', 'pi': '3788619', 'inv': '459468', 'moeda': 'MAN', 'montante': '-4678.00', 'saldo': '31123.69', 'nome': 'ISLE OF MAN - GOVERNMENT', 'cod': None}, {'data': '09-01-2024', 'pi': '3788617', 'inv': '459466', 'moeda': 'MAN', 'montante': '-4230.00', 'saldo': '35801.69', 'nome': 'ISLE OF MAN - GOVERNMENT', 'cod': None}, {'data': '09-01-2024', 'pi': '3788616', 'inv': '459467', 'moeda': 'MAN', 'montante': '-4230.00', 'saldo': '40031.69', 'nome': 'ISLE OF MAN - GOVERNMENT', 'cod': None}, {'data': '09-01-2024', 'pi': '3788615', 'inv': '459653', 'moeda': 'MAN', 'montante': '-4840.00', 'saldo': '44261.69', 'nome': 'ISLE OF MAN - GOVERNMENT', 'cod': None}, {'data': '09-01-2024', 'pi': '3788614', 'inv': '459651', 'moeda': 'MAN', 'montante': '-4240.00', 'saldo': '49101.69', 'nome': 'ISLE OF MAN - GOVERNMENT', 'cod': None}, {'data': '09-01-2024', 'pi': '3788613', 'inv': '459652', 'moeda': 'MAN', 'montante': '-4240.00', 'saldo': '53341.69', 'nome': 'ISLE OF MAN - GOVERNMENT', 'cod': None}, {'data': '09-01-2024', 'pi': '3788611', 'inv': '469181', 'moeda': 'MAN', 'montante': '-101.00', 'saldo': '57581.69', 'nome': 'ISLE OF MAN - GOVERNMENT', 'cod': None}, {'data': '09-01-2024', 'pi': '3788610', 'inv': '439485', 'moeda': 'MAN', 'montante': '-4605.00', 'saldo': '57682.69', 'nome': 'ISLE OF MAN - GOVERNMENT', 'cod': None}, {'data': '09-01-2024', 'pi': '3788608', 'inv': '468314', 'moeda': 'MAN', 'montante': '-1222.14', 'saldo': '62287.69', 'nome': 'ISLE OF MAN - GOVERNMENT', 'cod': None}, {'data': '09-01-2024', 'pi': '3788607', 'inv': '470668', 'moeda': 'MAN', 'montante': '-533.00', 'saldo': '63509.83', 'nome': 'ISLE OF MAN - GOVERNMENT', 'cod': None}, {'data': '09-01-2024', 'pi': '3788567', 'inv': '2120023432', 'moeda': 'EUR', 'montante': '-185159.40', 'saldo': '14148.51', 'nome': 'KONGSBERG MARITIME AS', 'cod': None}, {'data': '09-01-2024', 'pi': '3788562', 'inv': '2120023432', 'moeda': 'EUR', 'montante': '-90.75', 'saldo': '14307.91', 'nome': 'Intertrust B.V.', 'cod': None}, {'data': '09-01-2024', 'pi': '3788560', 'inv': '2120019900', 'moeda': 'EUR', 'montante': '-166.38', 'saldo': '14398.66', 'nome': 'Intertrust B.V.', 'cod': None}, {'data': '09-01-2024', 'pi': '3788609', 'inv': '466960', 'moeda': 'MAN', 'montante': '-101.00', 'saldo': '42.83', 'nome': 'ISLE OF MAN - GOVERNMENT', 'cod': None}, {'data': '09-01-2024', 'pi': '3788603', 'inv': '470834', 'moeda': 'MAN', 'montante': '-270.00', 'saldo': '143.83', 'nome': 'ISLE OF MAN - GOVERNMENT', 'cod': None}, {'data': '09-01-2024', 'pi': '3788602', 'inv': '470835', 'moeda': 'MAN', 'montante': '-270.00', 'saldo': '413.83', 'nome': 'ISLE OF MAN - GOVERNMENT', 'cod': None}, {'data': '09-01-2024', 'pi': '3788601', 'inv': '474618', 'moeda': 'MAN', 'montante': '-3819.72', 'saldo': '683.83', 'nome': 'ISLE OF MAN - GOVERNMENT', 'cod': None}, {'data': '08-01-2024', 'pi': '3785674', 'inv': '023800126', 'moeda': 'NOK', 'montante': '-918750.00', 'saldo': '41663.26', 'nome': 'Brunvoll AS', 'cod': None}, {'data': '08-01-2024', 'pi': '3785683', 'inv': '13724', 'moeda': 'USD', 'montante': '-3806.00', 'saldo': '967831.37', 'nome': 'AXESS Networks Solutions Germany GmbH', 'cod': None}, {'data': '08-01-2024', 'pi': '3784486', 'inv': '14240038', 'moeda': 'EUR', 'montante': '-1624.84', 'saldo': '14565.04', 'nome': 'AG Barista IV B.V.', 'cod': None}, {'data': '07-01-2024', 'pi': '3782176', 'inv': '2120023151', 'moeda': 'EUR', 'montante': '-13107.62', 'saldo': '11189.88', 'nome': 'Intertrust B.V.', 'cod': None}, {'data': '04-01-2024', 'pi': '3779076', 'inv': '6207483', 'moeda': 'NOK', 'montante': '-857316.23', 'saldo': '30413.26', 'nome': 'Ulmatec Skipservice AS', 'cod': None}, {'data': '04-01-2024', 'pi': '3779073', 'inv': '6207488', 'moeda': 'NOK', 'montante': '-1351540.30', 'saldo': '887729.49', 'nome': 'Ulmatec Skipservice AS', 'cod': None}, {'data': '04-01-2024', 'pi': '3779068', 'inv': '6207480', 'moeda': 'NOK', 'montante': '-1836000.00', 'saldo': '2239269.79', 'nome': 'Ulmatec Skipservice AS', 'cod': None}, {'data': '04-01-2024', 'pi': '3779063', 'inv': '6207486', 'moeda': 'NOK', 'montante': '-1836000.00', 'saldo': '4075269.79', 'nome': 'Ulmatec Skipservice AS', 'cod': None}, {'data': '04-01-2024', 'pi': '3779061', 'inv': '6207475', 'moeda': 'NOK', 'montante': '-1836000.00', 'saldo': '5911269.79', 'nome': 'Ulmatec Skipservice AS', 'cod': None}, {'data': '04-01-2024', 'pi': '3778834', 'inv': '6207560', 'moeda': 'NOK', 'montante': '-364784.48', 'saldo': '22269.79', 'nome': 'Ulmatec Skipservice AS', 'cod': None}, {'data': '04-01-2024', 'pi': '3778831', 'inv': '6207563', 'moeda': 'NOK', 'montante': '-456380.96', 'saldo': '387054.27', 'nome': 'Ulmatec Skipservice AS', 'cod': None}, {'data': '04-01-2024', 'pi': '3778829', 'inv': '6207565', 'moeda': 'NOK', 'montante': '-621458.50', 'saldo': '843435.23', 'nome': 'Ulmatec Skipservice AS', 'cod': None}, {'data': '04-01-2024', 'pi': '3778827', 'inv': '6207573', 'moeda': 'NOK', 'montante': '-140007.07', 'saldo': '1464893.73', 'nome': 'Ulmatec Skipservice AS', 'cod': None}, {'data': '04-01-2024', 'pi': '3779070', 'inv': '6207453', 'moeda': 'NOK', 'montante': '-8944.32', 'saldo': '24900.80', 'nome': 'Ulmatec Skipservice AS', 'cod': None}, {'data': '04-01-2024', 'pi': '3776948', 'inv': '004', 'moeda': 'EUR', 'montante': '-361830.00', 'saldo': '24297.50', 'nome': 'Tschudi Ship Management AS', 'cod': None}, {'data': '04-01-2024', 'pi': '3776769', 'inv': '004', 'moeda': 'LLC', 'montante': '-4500.00', 'saldo': '1396987.50', 'nome': 'Blue Gimbals Consultancy FZ-LLC', 'cod': None}, {'data': '04-01-2024', 'pi': '3776751', 'inv': '8001759', 'moeda': 'USD', 'montante': '-36252.00', 'saldo': '1401487.50', 'nome': 'Kongsberg Discovery AS', 'cod': None}, {'data': '03-01-2024', 'pi': '3774216', 'inv': '361844', 'moeda': 'NOK', 'montante': '-2305504.00', 'saldo': '33845.12', 'nome': 'Green Yard Kleven AS', 'cod': None}, {'data': '03-01-2024', 'pi': '3774214', 'inv': '361845', 'moeda': 'NOK', 'montante': '-7143684.98', 'saldo': '2339349.12', 'nome': 'Green Yard Kleven AS', 'cod': None}, {'data': '03-01-2024', 'pi': '3774208', 'inv': '6207211', 'moeda': 'NOK', 'montante': '-604810.00', 'saldo': '183034.10', 'nome': 'Ulmatec Skipservice AS', 'cod': None}, {'data': '03-01-2024', 'pi': '3774204', 'inv': '1027781', 'moeda': 'NOK', 'montante': '-125960.90', 'saldo': '787844.10', 'nome': 'DIMO', 'cod': None}, {'data': '03-01-2024', 'pi': '3774202', 'inv': '6207389', 'moeda': 'NOK', 'montante': '-150210.00', 'saldo': '913805.00', 'nome': 'Ulmatec Skipservice AS', 'cod': None}, {'data': '03-01-2024', 'pi': '3774158', 'inv': '10787', 'moeda': 'NOK', 'montante': '-20738.00', 'saldo': '1064015.00', 'nome': 'Marin Teknikk AS', 'cod': None}, {'data': '03-01-2024', 'pi': '3774156', 'inv': '10785', 'moeda': 'NOK', 'montante': '-81000.00', 'saldo': '1084753.00', 'nome': 'Marin Teknikk AS', 'cod': None}, {'data': '03-01-2024', 'pi': '3774210', 'inv': '10721', 'moeda': 'USD', 'montante': '-600.00', 'saldo': '1437739.50', 'nome': 'Mackay Communication Inc', 'cod': None}, {'data': '03-01-2024', 'pi': '3774207', 'inv': '10721', 'moeda': 'USD', 'montante': '-90512.02', 'saldo': '1438339.50', 'nome': 'UNISEA', 'cod': None}, {'data': '03-01-2024', 'pi': '3774195', 'inv': '10790', 'moeda': 'USD', 'montante': '-1650000.00', 'saldo': '4208851.52', 'nome': 'Wikborg Rein Advokatfirma AS', 'cod': None}, {'data': '03-01-2024', 'pi': '3774175', 'inv': '10790', 'moeda': 'USD', 'montante': '-12850.00', 'saldo': '5858851.52', 'nome': 'MARIN TEKNIKK', 'cod': None}, {'data': '03-01-2024', 'pi': '3774199', 'inv': '410010690223', 'moeda': 'DNV', 'montante': '-7510.67', 'saldo': '16127.50', 'nome': 'DNV AS', 'cod': None}, {'data': '02-01-2024', 'pi': '3771660', 'inv': '1189863', 'moeda': 'GBP', 'montante': '-155169.00', 'saldo': '4503.55', 'nome': 'European Management Marine Corp', 'cod': None}, {'data': '02-01-2024', 'pi': '3771632', 'inv': '6207287', 'moeda': 'NOK', 'montante': '-1110419.00', 'saldo': '1165753.00', 'nome': 'Ulmatec Skipservice AS', 'cod': None}, {'data': '02-01-2024', 'pi': '3771627', 'inv': '6207285', 'moeda': 'NOK', 'montante': '-1110419.00', 'saldo': '2276172.00', 'nome': 'Ulmatec Skipservice AS', 'cod': None}, {'data': '02-01-2024', 'pi': '3771620', 'inv': '6207397', 'moeda': 'NOK', 'montante': '-707339.15', 'saldo': '3386591.00', 'nome': 'Ulmatec Skipservice AS', 'cod': None}, {'data': '02-01-2024', 'pi': '3771613', 'inv': '6207395', 'moeda': 'NOK', 'montante': '-465748.00', 'saldo': '4093930.15', 'nome': 'Ulmatec Skipservice AS', 'cod': None}, {'data': '02-01-2024', 'pi': '3771611', 'inv': '6207393', 'moeda': 'NOK', 'montante': '-428786.00', 'saldo': '4559678.15', 'nome': 'Ulmatec Skipservice AS', 'cod': None}, {'data': '02-01-2024', 'pi': '3771608', 'inv': '6207390', 'moeda': 'NOK', 'montante': '-538963.75', 'saldo': '4988464.15', 'nome': 'Ulmatec Skipservice AS', 'cod': None}, {'data': '02-01-2024', 'pi': '3771624', 'inv': '6207283', 'moeda': 'NOK', 'montante': '-67619.00', 'saldo': '27427.90', 'nome': 'Ulmatec Skipservice AS', 'cod': None}, {'data': '02-01-2024', 'pi': '3771652', 'inv': '410010680855', 'moeda': 'DNV', 'montante': '-11494.80', 'saldo': '11638.17', 'nome': 'DNV AS', 'cod': None}, {'data': '02-01-2024', 'pi': '3771658', 'inv': '6300085845', 'moeda': 'USD', 'montante': '-3325.88', 'saldo': '7538868.48', 'nome': 'Marlink SA', 'cod': None}, {'data': '02-01-2024', 'pi': '3771656', 'inv': '6300088124', 'moeda': 'USD', 'montante': '-3323.00', 'saldo': '7542194.36', 'nome': 'Marlink SA', 'cod': None}, {'data': '08-01-2024', 'pi': '3785674', 'inv': '023800126', 'moeda': 'NOK', 'montante': '-918750.00', 'saldo': '41663.26', 'nome': 'Brunvoll AS', 'cod': None}, {'data': '04-01-2024', 'pi': '3779076', 'inv': '6207483', 'moeda': 'NOK', 'montante': '-857316.23', 'saldo': '30413.26', 'nome': 'Ulmatec Skipservice AS', 'cod': None}, {'data': '04-01-2024', 'pi': '3779073', 'inv': '6207488', 'moeda': 'NOK', 'montante': '-1351540.30', 'saldo': '887729.49', 'nome': 'Ulmatec Skipservice AS', 'cod': None}, {'data': '04-01-2024', 'pi': '3779068', 'inv': '6207480', 'moeda': 'NOK', 'montante': '-1836000.00', 'saldo': '2239269.79', 'nome': 'Ulmatec Skipservice AS', 'cod': None}, {'data': '04-01-2024', 'pi': '3779063', 'inv': '6207486', 'moeda': 'NOK', 'montante': '-1836000.00', 'saldo': '4075269.79', 'nome': 'Ulmatec Skipservice AS', 'cod': None}, {'data': '04-01-2024', 'pi': '3779061', 'inv': '6207475', 'moeda': 'NOK', 'montante': '-1836000.00', 'saldo': '5911269.79', 'nome': 'Ulmatec Skipservice AS', 'cod': None}, {'data': '04-01-2024', 'pi': '3778834', 'inv': '6207560', 'moeda': 'NOK', 'montante': '-364784.48', 'saldo': '22269.79', 'nome': 'Ulmatec Skipservice AS', 'cod': None}, {'data': '04-01-2024', 'pi': '3778831', 'inv': '6207563', 'moeda': 'NOK', 'montante': '-456380.96', 'saldo': '387054.27', 'nome': 'Ulmatec Skipservice AS', 'cod': None}, {'data': '04-01-2024', 'pi': '3778829', 'inv': '6207565', 'moeda': 'NOK', 'montante': '-621458.50', 'saldo': '843435.23', 'nome': 'Ulmatec Skipservice AS', 'cod': None}, {'data': '04-01-2024', 'pi': '3778827', 'inv': '6207573', 'moeda': 'NOK', 'montante': '-140007.07', 'saldo': '1464893.73', 'nome': 'Ulmatec Skipservice AS', 'cod': None}, {'data': '04-01-2024', 'pi': '3779070', 'inv': '6207453', 'moeda': 'NOK', 'montante': '-8944.32', 'saldo': '24900.80', 'nome': 'Ulmatec Skipservice AS', 'cod': None}, {'data': '03-01-2024', 'pi': '3774216', 'inv': '361844', 'moeda': 'NOK', 'montante': '-2305504.00', 'saldo': '33845.12', 'nome': 'Green Yard Kleven AS', 'cod': None}, {'data': '03-01-2024', 'pi': '3774214', 'inv': '361845', 'moeda': 'NOK', 'montante': '-7143684.98', 'saldo': '2339349.12', 'nome': 'Green Yard Kleven AS', 'cod': None}, {'data': '03-01-2024', 'pi': '3774208', 'inv': '6207211', 'moeda': 'NOK', 'montante': '-604810.00', 'saldo': '183034.10', 'nome': 'Ulmatec Skipservice AS', 'cod': None}, {'data': '03-01-2024', 'pi': '3774204', 'inv': '1027781', 'moeda': 'NOK', 'montante': '-125960.90', 'saldo': '787844.10', 'nome': 'DIMO', 'cod': None}, {'data': '03-01-2024', 'pi': '3774202', 'inv': '6207389', 'moeda': 'NOK', 'montante': '-150210.00', 'saldo': '913805.00', 'nome': 'Ulmatec Skipservice AS', 'cod': None}, {'data': '03-01-2024', 'pi': '3774158', 'inv': '10787', 'moeda': 'NOK', 'montante': '-20738.00', 'saldo': '1064015.00', 'nome': 'Marin Teknikk AS', 'cod': None}, {'data': '03-01-2024', 'pi': '3774156', 'inv': '10785', 'moeda': 'NOK', 'montante': '-81000.00', 'saldo': '1084753.00', 'nome': 'Marin Teknikk AS', 'cod': None}, {'data': '02-01-2024', 'pi': '3771632', 'inv': '6207287', 'moeda': 'NOK', 'montante': '-1110419.00', 'saldo': '1165753.00', 'nome': 'Ulmatec Skipservice AS', 'cod': None}, {'data': '02-01-2024', 'pi': '3771627', 'inv': '6207285', 'moeda': 'NOK', 'montante': '-1110419.00', 'saldo': '2276172.00', 'nome': 'Ulmatec Skipservice AS', 'cod': None}, {'data': '02-01-2024', 'pi': '3771620', 'inv': '6207397', 'moeda': 'NOK', 'montante': '-707339.15', 'saldo': '3386591.00', 'nome': 'Ulmatec Skipservice AS', 'cod': None}, {'data': '02-01-2024', 'pi': '3771613', 'inv': '6207395', 'moeda': 'NOK', 'montante': '-465748.00', 'saldo': '4093930.15', 'nome': 'Ulmatec Skipservice AS', 'cod': None}, {'data': '02-01-2024', 'pi': '3771611', 'inv': '6207393', 'moeda': 'NOK', 'montante': '-428786.00', 'saldo': '4559678.15', 'nome': 'Ulmatec Skipservice AS', 'cod': None}, {'data': '02-01-2024', 'pi': '3771608', 'inv': '6207390', 'moeda': 'NOK', 'montante': '-538963.75', 'saldo': '4988464.15', 'nome': 'Ulmatec Skipservice AS', 'cod': None}, {'data': '02-01-2024', 'pi': '3771624', 'inv': '6207283', 'moeda': 'NOK', 'montante': '-67619.00', 'saldo': '27427.90', 'nome': 'Ulmatec Skipservice AS', 'cod': None}, {'data': '08-01-2024', 'pi': '3785683', 'inv': '13724', 'moeda': 'USD', 'montante': '-3806.00', 'saldo': '967831.37', 'nome': 'AXESS Networks Solutions Germany GmbH', 'cod': None}, {'data': '04-01-2024', 'pi': '3776769', 'inv': '004', 'moeda': 'LLC', 'montante': '-4500.00', 'saldo': '1396987.50', 'nome': 'Blue Gimbals Consultancy FZ-LLC', 'cod': None}, {'data': '04-01-2024', 'pi': '3776751', 'inv': '8001759', 'moeda': 'USD', 'montante': '-36252.00', 'saldo': '1401487.50', 'nome': 'Kongsberg Discovery AS', 'cod': None}, {'data': '03-01-2024', 'pi': '3774207', 'inv': '10721', 'moeda': 'USD', 'montante': '-90512.02', 'saldo': '1438339.50', 'nome': 'UNISEA', 'cod': None}, {'data': '03-01-2024', 'pi': '3774197', 'inv': '10790', 'moeda': 'USD', 'montante': '-1030000.00', 'saldo': '1528851.52', 'nome': 'Wikborg Rein Advokatfirma AS', 'cod': None}, {'data': '03-01-2024', 'pi': '3774196', 'inv': '10790', 'moeda': 'USD', 'montante': '-1650000.00', 'saldo': '2558851.52', 'nome': 'Wikborg Rein Advokatfirma AS', 'cod': None}, {'data': '03-01-2024', 'pi': '3774195', 'inv': '10790', 'moeda': 'USD', 'montante': '-1650000.00', 'saldo': '4208851.52', 'nome': 'Wikborg Rein Advokatfirma AS', 'cod': None}, {'data': '03-01-2024', 'pi': '3774175', 'inv': '10790', 'moeda': 'USD', 'montante': '-12850.00', 'saldo': '5858851.52', 'nome': 'MARIN TEKNIKK', 'cod': None}, {'data': '02-01-2024', 'pi': '3771658', 'inv': '6300085845', 'moeda': 'USD', 'montante': '-3325.88', 'saldo': '7538868.48', 'nome': 'Marlink SA', 'cod': None}, {'data': '02-01-2024', 'pi': '3771656', 'inv': '6300088124', 'moeda': 'USD', 'montante': '-3323.00', 'saldo': '7542194.36', 'nome': 'Marlink SA', 'cod': None}, {'data': '09-01-2024', 'pi': '3788647', 'inv': '433546', 'moeda': 'MAN', 'montante': '-495.00', 'saldo': '2561.41', 'nome': 'ISLE OF MAN - GOVERNMENT', 'cod': None}, {'data': '09-01-2024', 'pi': '3788646', 'inv': '439484', 'moeda': 'MAN', 'montante': '-4605.00', 'saldo': '3056.41', 'nome': 'ISLE OF MAN - GOVERNMENT', 'cod': None}, {'data': '09-01-2024', 'pi': '3788645', 'inv': '445085', 'moeda': 'MAN', 'montante': '-43.00', 'saldo': '7661.41', 'nome': 'ISLE OF MAN - GOVERNMENT', 'cod': None}, {'data': '09-01-2024', 'pi': '3788644', 'inv': '430719', 'moeda': 'MAN', 'montante': '-495.00', 'saldo': '7704.41', 'nome': 'ISLE OF MAN - GOVERNMENT', 'cod': None}, {'data': '09-01-2024', 'pi': '3788643', 'inv': '449315', 'moeda': 'MAN', 'montante': '-256.00', 'saldo': '8199.41', 'nome': 'ISLE OF MAN - GOVERNMENT', 'cod': None}, {'data': '09-01-2024', 'pi': '3788641', 'inv': '449314', 'moeda': 'MAN', 'montante': '-256.00', 'saldo': '8455.41', 'nome': 'ISLE OF MAN - GOVERNMENT', 'cod': None}, {'data': '09-01-2024', 'pi': '3788640', 'inv': '449527', 'moeda': 'MAN', 'montante': '-2669.57', 'saldo': '8711.41', 'nome': 'ISLE OF MAN - GOVERNMENT', 'cod': None}, {'data': '09-01-2024', 'pi': '3788639', 'inv': '449526', 'moeda': 'MAN', 'montante': '-3203.71', 'saldo': '11380.98', 'nome': 'ISLE OF MAN - GOVERNMENT', 'cod': None}, {'data': '09-01-2024', 'pi': '3788638', 'inv': '449528', 'moeda': 'MAN', 'montante': '-512.00', 'saldo': '14584.69', 'nome': 'ISLE OF MAN - GOVERNMENT', 'cod': None}, {'data': '09-01-2024', 'pi': '3788636', 'inv': '449987', 'moeda': 'MAN', 'montante': '-506.00', 'saldo': '15096.69', 'nome': 'ISLE OF MAN - GOVERNMENT', 'cod': None}, {'data': '09-01-2024', 'pi': '3788624', 'inv': '451837', 'moeda': 'MAN', 'montante': '-506.00', 'saldo': '15602.69', 'nome': 'ISLE OF MAN - GOVERNMENT', 'cod': None}, {'data': '09-01-2024', 'pi': '3788623', 'inv': '433547', 'moeda': 'MAN', 'montante': '-495.00', 'saldo': '16108.69', 'nome': 'ISLE OF MAN - GOVERNMENT', 'cod': None}, {'data': '09-01-2024', 'pi': '3788622', 'inv': '459386', 'moeda': 'MAN', 'montante': '-4840.00', 'saldo': '16603.69', 'nome': 'ISLE OF MAN - GOVERNMENT', 'cod': None}, {'data': '09-01-2024', 'pi': '3788621', 'inv': '459384', 'moeda': 'MAN', 'montante': '-4840.00', 'saldo': '21443.69', 'nome': 'ISLE OF MAN - GOVERNMENT', 'cod': None}, {'data': '09-01-2024', 'pi': '3788620', 'inv': '459385', 'moeda': 'MAN', 'montante': '-4840.00', 'saldo': '26283.69', 'nome': 'ISLE OF MAN - GOVERNMENT', 'cod': None}, {'data': '09-01-2024', 'pi': '3788619', 'inv': '459468', 'moeda': 'MAN', 'montante': '-4678.00', 'saldo': '31123.69', 'nome': 'ISLE OF MAN - GOVERNMENT', 'cod': None}, {'data': '09-01-2024', 'pi': '3788617', 'inv': '459466', 'moeda': 'MAN', 'montante': '-4230.00', 'saldo': '35801.69', 'nome': 'ISLE OF MAN - GOVERNMENT', 'cod': None}, {'data': '09-01-2024', 'pi': '3788616', 'inv': '459467', 'moeda': 'MAN', 'montante': '-4230.00', 'saldo': '40031.69', 'nome': 'ISLE OF MAN - GOVERNMENT', 'cod': None}, {'data': '09-01-2024', 'pi': '3788615', 'inv': '459653', 'moeda': 'MAN', 'montante': '-4840.00', 'saldo': '44261.69', 'nome': 'ISLE OF MAN - GOVERNMENT', 'cod': None}, {'data': '09-01-2024', 'pi': '3788614', 'inv': '459651', 'moeda': 'MAN', 'montante': '-4240.00', 'saldo': '49101.69', 'nome': 'ISLE OF MAN - GOVERNMENT', 'cod': None}, {'data': '09-01-2024', 'pi': '3788613', 'inv': '459652', 'moeda': 'MAN', 'montante': '-4240.00', 'saldo': '53341.69', 'nome': 'ISLE OF MAN - GOVERNMENT', 'cod': None}, {'data': '09-01-2024', 'pi': '3788611', 'inv': '469181', 'moeda': 'MAN', 'montante': '-101.00', 'saldo': '57581.69', 'nome': 'ISLE OF MAN - GOVERNMENT', 'cod': None}, {'data': '09-01-2024', 'pi': '3788610', 'inv': '439485', 'moeda': 'MAN', 'montante': '-4605.00', 'saldo': '57682.69', 'nome': 'ISLE OF MAN - GOVERNMENT', 'cod': None}, {'data': '09-01-2024', 'pi': '3788608', 'inv': '468314', 'moeda': 'MAN', 'montante': '-1222.14', 'saldo': '62287.69', 'nome': 'ISLE OF MAN - GOVERNMENT', 'cod': None}, {'data': '09-01-2024', 'pi': '3788607', 'inv': '470668', 'moeda': 'MAN', 'montante': '-533.00', 'saldo': '63509.83', 'nome': 'ISLE OF MAN - GOVERNMENT', 'cod': None}, {'data': '09-01-2024', 'pi': '3788609', 'inv': '466960', 'moeda': 'MAN', 'montante': '-101.00', 'saldo': '42.83', 'nome': 'ISLE OF MAN - GOVERNMENT', 'cod': None}, {'data': '09-01-2024', 'pi': '3788603', 'inv': '470834', 'moeda': 'MAN', 'montante': '-270.00', 'saldo': '143.83', 'nome': 'ISLE OF MAN - GOVERNMENT', 'cod': None}, {'data': '09-01-2024', 'pi': '3788602', 'inv': '470835', 'moeda': 'MAN', 'montante': '-270.00', 'saldo': '413.83', 'nome': 'ISLE OF MAN - GOVERNMENT', 'cod': None}, {'data': '09-01-2024', 'pi': '3788601', 'inv': '474618', 'moeda': 'MAN', 'montante': '-3819.72', 'saldo': '683.83', 'nome': 'ISLE OF MAN - GOVERNMENT', 'cod': None}, {'data': '02-01-2024', 'pi': '3771660', 'inv': '1189863', 'moeda': 'GBP', 'montante': '-155169.00', 'saldo': '4503.55', 'nome': 'European Management Marine Corp', 'cod': None}, {'data': '09-01-2024', 'pi': '3788567', 'inv': '2120023432', 'moeda': 'EUR', 'montante': '-185159.40', 'saldo': '14148.51', 'nome': 'KONGSBERG MARITIME AS', 'cod': None}, {'data': '09-01-2024', 'pi': '3788562', 'inv': '2120023432', 'moeda': 'EUR', 'montante': '-90.75', 'saldo': '14307.91', 'nome': 'Intertrust B.V.', 'cod': None}, {'data': '09-01-2024', 'pi': '3788560', 'inv': '2120019900', 'moeda': 'EUR', 'montante': '-166.38', 'saldo': '14398.66', 'nome': 'Intertrust B.V.', 'cod': None}, {'data': '08-01-2024', 'pi': '3784486', 'inv': '14240038', 'moeda': 'EUR', 'montante': '-1624.84', 'saldo': '14565.04', 'nome': 'AG Barista IV B.V.', 'cod': None}, {'data': '07-01-2024', 'pi': '3782176', 'inv': '2120023151', 'moeda': 'EUR', 'montante': '-13107.62', 'saldo': '11189.88', 'nome': 'Intertrust B.V.', 'cod': None}, {'data': '04-01-2024', 'pi': '3776948', 'inv': '410010690223', 'moeda': 'EUR', 'montante': '-361830.00', 'saldo': '24297.50', 'nome': 'Tschudi Ship Management AS', 'cod': None}, {'data': '03-01-2024', 'pi': '3774199', 'inv': '410010690223', 'moeda': 'DNV', 'montante': '-7510.67', 'saldo': '16127.50', 'nome': 'DNV AS', 'cod': None}, {'data': '02-01-2024', 'pi': '3771652', 'inv': '410010680855', 'moeda': 'DNV', 'montante': '-11494.80', 'saldo': '11638.17', 'nome': 'DNV AS', 'cod': None}]
2024-02-23 13:56:35,877; INFO; functions.encerra_prog.319: Fechando Excel...
2024-02-23 13:56:35,956; INFO; functions.getPid.925: Dentro função GetPid

2024-02-23 13:56:36,460; INFO; functions.encerra_prog.324: RM ENCERRADO
2024-02-23 13:56:37,357; ERROR; functions.show_exception_and_exit.24: C:\Projetos\Retornos\Retorno_Pg_Moeda_Estrangeira/EXCEL_ERRO/2024-02-23/PROCESSOS COM ERRO EM - 13_56_32.xlsx must be a valid filepath or file handle (instance of io.IOBase). C:\Projetos\Retornos\Retorno_Pg_Moeda_Estrangeira/EXCEL_ERRO/2024-02-23/PROCESSOS COM ERRO EM - 13_56_32.xlsx is of type <class 'str'>
Traceback (most recent call last):
  File "c:\Projetos\Retornos\Retorno_Pg_Moeda_Estrangeira\main.py", line 148, in <module>
    emailSuccess(nome_bot, texto_msg)
  File "c:\Projetos\Retornos\Retorno_Pg_Moeda_Estrangeira\SUBPROGRAMS\functions.py", line 860, in emailSuccess
    yag.send(to=str(email_receivers).split(','), subject=f"BOT FINALIZADO - RETORNO PAGAMENTO EM MOEDA ESTRANGEIRA - BV",
  File "C:\Projetos\Retornos\Retorno_Pg_Moeda_Estrangeira\venv\Lib\site-packages\yagmail\sender.py", line 157, in send
    recipients, msg_strings = self.prepare_send(
                              ^^^^^^^^^^^^^^^^^^
  File "C:\Projetos\Retornos\Retorno_Pg_Moeda_Estrangeira\venv\Lib\site-packages\yagmail\sender.py", line 122, in prepare_send
    msg = prepare_message(
          ^^^^^^^^^^^^^^^^
  File "C:\Projetos\Retornos\Retorno_Pg_Moeda_Estrangeira\venv\Lib\site-packages\yagmail\message.py", line 69, in prepare_message
    raise TypeError(msg.format(a=a, tp=type(a)))
TypeError: C:\Projetos\Retornos\Retorno_Pg_Moeda_Estrangeira/EXCEL_ERRO/2024-02-23/PROCESSOS COM ERRO EM - 13_56_32.xlsx must be a valid filepath or file handle (instance of io.IOBase). C:\Projetos\Retornos\Retorno_Pg_Moeda_Estrangeira/EXCEL_ERRO/2024-02-23/PROCESSOS COM ERRO EM - 13_56_32.xlsx is of type <class 'str'>
2024-02-23 13:56:38,487; INFO; functions.encerra_prog.319: Fechando Excel...
2024-02-23 13:56:38,939; INFO; functions.getPid.925: Dentro função GetPid

2024-02-23 13:56:39,406; INFO; functions.encerra_prog.324: RM ENCERRADO
