2024-02-23 13:52:47,052; INFO; functions.getPid.925: Dentro função GetPid

2024-02-23 13:52:47,301; INFO; functions.bot_text_art.7:     ____   
2024-02-23 13:52:47,301; INFO; functions.bot_text_art.8:    [____]    
2024-02-23 13:52:47,301; INFO; functions.bot_text_art.9:  |=]()()[=|  
2024-02-23 13:52:47,301; INFO; functions.bot_text_art.10:    _\==/__    _____    ____     _        _____    ___   _  __
2024-02-23 13:52:47,301; INFO; functions.bot_text_art.11:  |__|   |_|  |  _  \  / ___|   | |      |_   _| / ___| | |/ /
2024-02-23 13:52:47,301; INFO; functions.bot_text_art.12:  |_|_/\_|_|  | |  | | | |      | |        | |   | |    | ' / 
2024-02-23 13:52:47,301; INFO; functions.bot_text_art.13:  | | __ | |  | |  | | | |      | |        | |   | |    |  <  
2024-02-23 13:52:47,301; INFO; functions.bot_text_art.14:  |_|[  ]|_|  | |__| | | |____  | |____   _| |_  | |__  | . \ 
2024-02-23 13:52:47,301; INFO; functions.bot_text_art.15:  \_|_||_|_/  |_____/   \_____| |______| |_____| \ ___| |_|\_\
2024-02-23 13:52:47,301; INFO; functions.bot_text_art.16:    |_||_|                                                     
2024-02-23 13:52:47,301; INFO; functions.bot_text_art.17:    | ||_|_   
2024-02-23 13:52:47,301; INFO; functions.bot_text_art.18:  |___||___|  
2024-02-23 13:52:47,301; INFO; functions.bot_text_art.19:              
2024-02-23 13:52:47,301; INFO; functions.headerExcel.879: Criando EXCEL
2024-02-23 13:52:47,301; INFO; functions.headerExcel.899: EXCEL iniciado
2024-02-23 13:52:47,317; INFO; main.process.15: SERÃO TRATADOS 1 ARQUIVOS.
2024-02-23 13:52:47,318; INFO; main.process.20: ARQUIVO A SER TRATADO: \\Riofs\dados\Documentos Financeiro\Extratos bancarios\Ebury\2024\01 - Janeiro\Parcial até 11-01.pdf
2024-02-23 13:52:48,832; INFO; functions.excelProcessoCompleto.1101: Adicionando aba de PROCESSOS EXTRAÍDOS ao EXCEL existente
2024-02-23 13:52:48,832; INFO; functions.excelProcessoCompleto.1117: Aba de ERRO adicionada ao EXCEL existente
2024-02-23 13:52:48,832; INFO; functions.excelProcessoCompleto.1120: PROCESSO 1 A SER TRATADO: {'data': '09-01-2024', 'pi': '3788647', 'inv': '433546', 'moeda': 'MAN', 'montante': '-495.00', 'saldo': '2561.41', 'nome': 'ISLE OF MAN - GOVERNMENT', 'cod': None}
2024-02-23 13:52:48,832; INFO; functions.excelProcessoCompleto.1120: PROCESSO 2 A SER TRATADO: {'data': '09-01-2024', 'pi': '3788646', 'inv': '439484', 'moeda': 'MAN', 'montante': '-4605.00', 'saldo': '3056.41', 'nome': 'ISLE OF MAN - GOVERNMENT', 'cod': None}
2024-02-23 13:52:48,832; INFO; functions.excelProcessoCompleto.1120: PROCESSO 3 A SER TRATADO: {'data': '09-01-2024', 'pi': '3788645', 'inv': '445085', 'moeda': 'MAN', 'montante': '-43.00', 'saldo': '7661.41', 'nome': 'ISLE OF MAN - GOVERNMENT', 'cod': None}
2024-02-23 13:52:48,832; INFO; functions.excelProcessoCompleto.1120: PROCESSO 4 A SER TRATADO: {'data': '09-01-2024', 'pi': '3788644', 'inv': '430719', 'moeda': 'MAN', 'montante': '-495.00', 'saldo': '7704.41', 'nome': 'ISLE OF MAN - GOVERNMENT', 'cod': None}
2024-02-23 13:52:48,832; INFO; functions.excelProcessoCompleto.1120: PROCESSO 5 A SER TRATADO: {'data': '09-01-2024', 'pi': '3788643', 'inv': '449315', 'moeda': 'MAN', 'montante': '-256.00', 'saldo': '8199.41', 'nome': 'ISLE OF MAN - GOVERNMENT', 'cod': None}
2024-02-23 13:52:48,842; INFO; functions.excelProcessoCompleto.1120: PROCESSO 6 A SER TRATADO: {'data': '09-01-2024', 'pi': '3788641', 'inv': '449314', 'moeda': 'MAN', 'montante': '-256.00', 'saldo': '8455.41', 'nome': 'ISLE OF MAN - GOVERNMENT', 'cod': None}
2024-02-23 13:52:48,843; INFO; functions.excelProcessoCompleto.1120: PROCESSO 7 A SER TRATADO: {'data': '09-01-2024', 'pi': '3788640', 'inv': '449527', 'moeda': 'MAN', 'montante': '-2669.57', 'saldo': '8711.41', 'nome': 'ISLE OF MAN - GOVERNMENT', 'cod': None}
2024-02-23 13:52:48,843; INFO; functions.excelProcessoCompleto.1120: PROCESSO 8 A SER TRATADO: {'data': '09-01-2024', 'pi': '3788639', 'inv': '449526', 'moeda': 'MAN', 'montante': '-3203.71', 'saldo': '11380.98', 'nome': 'ISLE OF MAN - GOVERNMENT', 'cod': None}
2024-02-23 13:52:48,844; INFO; functions.excelProcessoCompleto.1120: PROCESSO 9 A SER TRATADO: {'data': '09-01-2024', 'pi': '3788638', 'inv': '449528', 'moeda': 'MAN', 'montante': '-512.00', 'saldo': '14584.69', 'nome': 'ISLE OF MAN - GOVERNMENT', 'cod': None}
2024-02-23 13:52:48,845; INFO; functions.excelProcessoCompleto.1120: PROCESSO 10 A SER TRATADO: {'data': '09-01-2024', 'pi': '3788636', 'inv': '449987', 'moeda': 'MAN', 'montante': '-506.00', 'saldo': '15096.69', 'nome': 'ISLE OF MAN - GOVERNMENT', 'cod': None}
2024-02-23 13:52:48,845; INFO; functions.excelProcessoCompleto.1120: PROCESSO 11 A SER TRATADO: {'data': '09-01-2024', 'pi': '3788624', 'inv': '451837', 'moeda': 'MAN', 'montante': '-506.00', 'saldo': '15602.69', 'nome': 'ISLE OF MAN - GOVERNMENT', 'cod': None}
2024-02-23 13:52:48,846; INFO; functions.excelProcessoCompleto.1120: PROCESSO 12 A SER TRATADO: {'data': '09-01-2024', 'pi': '3788623', 'inv': '433547', 'moeda': 'MAN', 'montante': '-495.00', 'saldo': '16108.69', 'nome': 'ISLE OF MAN - GOVERNMENT', 'cod': None}
2024-02-23 13:52:48,846; INFO; functions.excelProcessoCompleto.1120: PROCESSO 13 A SER TRATADO: {'data': '09-01-2024', 'pi': '3788622', 'inv': '459386', 'moeda': 'MAN', 'montante': '-4840.00', 'saldo': '16603.69', 'nome': 'ISLE OF MAN - GOVERNMENT', 'cod': None}
2024-02-23 13:52:48,847; INFO; functions.excelProcessoCompleto.1120: PROCESSO 14 A SER TRATADO: {'data': '09-01-2024', 'pi': '3788621', 'inv': '459384', 'moeda': 'MAN', 'montante': '-4840.00', 'saldo': '21443.69', 'nome': 'ISLE OF MAN - GOVERNMENT', 'cod': None}
2024-02-23 13:52:48,848; INFO; functions.excelProcessoCompleto.1120: PROCESSO 15 A SER TRATADO: {'data': '09-01-2024', 'pi': '3788620', 'inv': '459385', 'moeda': 'MAN', 'montante': '-4840.00', 'saldo': '26283.69', 'nome': 'ISLE OF MAN - GOVERNMENT', 'cod': None}
2024-02-23 13:52:48,849; INFO; functions.excelProcessoCompleto.1120: PROCESSO 16 A SER TRATADO: {'data': '09-01-2024', 'pi': '3788619', 'inv': '459468', 'moeda': 'MAN', 'montante': '-4678.00', 'saldo': '31123.69', 'nome': 'ISLE OF MAN - GOVERNMENT', 'cod': None}
2024-02-23 13:52:48,850; INFO; functions.excelProcessoCompleto.1120: PROCESSO 17 A SER TRATADO: {'data': '09-01-2024', 'pi': '3788617', 'inv': '459466', 'moeda': 'MAN', 'montante': '-4230.00', 'saldo': '35801.69', 'nome': 'ISLE OF MAN - GOVERNMENT', 'cod': None}
2024-02-23 13:52:48,850; INFO; functions.excelProcessoCompleto.1120: PROCESSO 18 A SER TRATADO: {'data': '09-01-2024', 'pi': '3788616', 'inv': '459467', 'moeda': 'MAN', 'montante': '-4230.00', 'saldo': '40031.69', 'nome': 'ISLE OF MAN - GOVERNMENT', 'cod': None}
2024-02-23 13:52:48,851; INFO; functions.excelProcessoCompleto.1120: PROCESSO 19 A SER TRATADO: {'data': '09-01-2024', 'pi': '3788615', 'inv': '459653', 'moeda': 'MAN', 'montante': '-4840.00', 'saldo': '44261.69', 'nome': 'ISLE OF MAN - GOVERNMENT', 'cod': None}
2024-02-23 13:52:48,853; INFO; functions.excelProcessoCompleto.1120: PROCESSO 20 A SER TRATADO: {'data': '09-01-2024', 'pi': '3788614', 'inv': '459651', 'moeda': 'MAN', 'montante': '-4240.00', 'saldo': '49101.69', 'nome': 'ISLE OF MAN - GOVERNMENT', 'cod': None}
2024-02-23 13:52:48,854; INFO; functions.excelProcessoCompleto.1120: PROCESSO 21 A SER TRATADO: {'data': '09-01-2024', 'pi': '3788613', 'inv': '459652', 'moeda': 'MAN', 'montante': '-4240.00', 'saldo': '53341.69', 'nome': 'ISLE OF MAN - GOVERNMENT', 'cod': None}
2024-02-23 13:52:48,855; INFO; functions.excelProcessoCompleto.1120: PROCESSO 22 A SER TRATADO: {'data': '09-01-2024', 'pi': '3788611', 'inv': '469181', 'moeda': 'MAN', 'montante': '-101.00', 'saldo': '57581.69', 'nome': 'ISLE OF MAN - GOVERNMENT', 'cod': None}
2024-02-23 13:52:48,858; INFO; functions.excelProcessoCompleto.1120: PROCESSO 23 A SER TRATADO: {'data': '09-01-2024', 'pi': '3788610', 'inv': '439485', 'moeda': 'MAN', 'montante': '-4605.00', 'saldo': '57682.69', 'nome': 'ISLE OF MAN - GOVERNMENT', 'cod': None}
2024-02-23 13:52:48,859; INFO; functions.excelProcessoCompleto.1120: PROCESSO 24 A SER TRATADO: {'data': '09-01-2024', 'pi': '3788608', 'inv': '468314', 'moeda': 'MAN', 'montante': '-1222.14', 'saldo': '62287.69', 'nome': 'ISLE OF MAN - GOVERNMENT', 'cod': None}
2024-02-23 13:52:48,859; INFO; functions.excelProcessoCompleto.1120: PROCESSO 25 A SER TRATADO: {'data': '09-01-2024', 'pi': '3788607', 'inv': '470668', 'moeda': 'MAN', 'montante': '-533.00', 'saldo': '63509.83', 'nome': 'ISLE OF MAN - GOVERNMENT', 'cod': None}
2024-02-23 13:52:48,860; INFO; functions.excelProcessoCompleto.1120: PROCESSO 26 A SER TRATADO: {'data': '09-01-2024', 'pi': '3788567', 'inv': '2120023432', 'moeda': 'EUR', 'montante': '-185159.40', 'saldo': '14148.51', 'nome': 'KONGSBERG MARITIME AS', 'cod': None}
2024-02-23 13:52:48,861; INFO; functions.excelProcessoCompleto.1120: PROCESSO 27 A SER TRATADO: {'data': '09-01-2024', 'pi': '3788562', 'inv': '2120023432', 'moeda': 'EUR', 'montante': '-90.75', 'saldo': '14307.91', 'nome': 'Intertrust B.V.', 'cod': None}
2024-02-23 13:52:48,861; INFO; functions.excelProcessoCompleto.1120: PROCESSO 28 A SER TRATADO: {'data': '09-01-2024', 'pi': '3788560', 'inv': '2120019900', 'moeda': 'EUR', 'montante': '-166.38', 'saldo': '14398.66', 'nome': 'Intertrust B.V.', 'cod': None}
2024-02-23 13:52:48,862; INFO; functions.excelProcessoCompleto.1120: PROCESSO 29 A SER TRATADO: {'data': '09-01-2024', 'pi': '3788609', 'inv': '466960', 'moeda': 'MAN', 'montante': '-101.00', 'saldo': '42.83', 'nome': 'ISLE OF MAN - GOVERNMENT', 'cod': None}
2024-02-23 13:52:48,862; INFO; functions.excelProcessoCompleto.1120: PROCESSO 30 A SER TRATADO: {'data': '09-01-2024', 'pi': '3788603', 'inv': '470834', 'moeda': 'MAN', 'montante': '-270.00', 'saldo': '143.83', 'nome': 'ISLE OF MAN - GOVERNMENT', 'cod': None}
2024-02-23 13:52:48,863; INFO; functions.excelProcessoCompleto.1120: PROCESSO 31 A SER TRATADO: {'data': '09-01-2024', 'pi': '3788602', 'inv': '470835', 'moeda': 'MAN', 'montante': '-270.00', 'saldo': '413.83', 'nome': 'ISLE OF MAN - GOVERNMENT', 'cod': None}
2024-02-23 13:52:48,864; INFO; functions.excelProcessoCompleto.1120: PROCESSO 32 A SER TRATADO: {'data': '09-01-2024', 'pi': '3788601', 'inv': '474618', 'moeda': 'MAN', 'montante': '-3819.72', 'saldo': '683.83', 'nome': 'ISLE OF MAN - GOVERNMENT', 'cod': None}
2024-02-23 13:52:48,865; INFO; functions.excelProcessoCompleto.1120: PROCESSO 33 A SER TRATADO: {'data': '08-01-2024', 'pi': '3785674', 'inv': '023800126', 'moeda': 'NOK', 'montante': '-918750.00', 'saldo': '41663.26', 'nome': 'Brunvoll AS', 'cod': None}
2024-02-23 13:52:48,865; INFO; functions.excelProcessoCompleto.1120: PROCESSO 34 A SER TRATADO: {'data': '08-01-2024', 'pi': '3785683', 'inv': '13724', 'moeda': 'USD', 'montante': '-3806.00', 'saldo': '967831.37', 'nome': 'AXESS Networks Solutions Germany GmbH', 'cod': None}
2024-02-23 13:52:48,866; INFO; functions.excelProcessoCompleto.1120: PROCESSO 35 A SER TRATADO: {'data': '08-01-2024', 'pi': '3784486', 'inv': '14240038', 'moeda': 'EUR', 'montante': '-1624.84', 'saldo': '14565.04', 'nome': 'AG Barista IV B.V.', 'cod': None}
2024-02-23 13:52:48,866; INFO; functions.excelProcessoCompleto.1120: PROCESSO 36 A SER TRATADO: {'data': '07-01-2024', 'pi': '3782176', 'inv': '2120023151', 'moeda': 'EUR', 'montante': '-13107.62', 'saldo': '11189.88', 'nome': 'Intertrust B.V.', 'cod': None}
2024-02-23 13:52:48,867; INFO; functions.excelProcessoCompleto.1120: PROCESSO 37 A SER TRATADO: {'data': '04-01-2024', 'pi': '3779076', 'inv': '6207483', 'moeda': 'NOK', 'montante': '-857316.23', 'saldo': '30413.26', 'nome': 'Ulmatec Skipservice AS', 'cod': None}
2024-02-23 13:52:48,868; INFO; functions.excelProcessoCompleto.1120: PROCESSO 38 A SER TRATADO: {'data': '04-01-2024', 'pi': '3779073', 'inv': '6207488', 'moeda': 'NOK', 'montante': '-1351540.30', 'saldo': '887729.49', 'nome': 'Ulmatec Skipservice AS', 'cod': None}
2024-02-23 13:52:48,868; INFO; functions.excelProcessoCompleto.1120: PROCESSO 39 A SER TRATADO: {'data': '04-01-2024', 'pi': '3779068', 'inv': '6207480', 'moeda': 'NOK', 'montante': '-1836000.00', 'saldo': '2239269.79', 'nome': 'Ulmatec Skipservice AS', 'cod': None}
2024-02-23 13:52:48,869; INFO; functions.excelProcessoCompleto.1120: PROCESSO 40 A SER TRATADO: {'data': '04-01-2024', 'pi': '3779063', 'inv': '6207486', 'moeda': 'NOK', 'montante': '-1836000.00', 'saldo': '4075269.79', 'nome': 'Ulmatec Skipservice AS', 'cod': None}
2024-02-23 13:52:48,869; INFO; functions.excelProcessoCompleto.1120: PROCESSO 41 A SER TRATADO: {'data': '04-01-2024', 'pi': '3779061', 'inv': '6207475', 'moeda': 'NOK', 'montante': '-1836000.00', 'saldo': '5911269.79', 'nome': 'Ulmatec Skipservice AS', 'cod': None}
2024-02-23 13:52:48,870; INFO; functions.excelProcessoCompleto.1120: PROCESSO 42 A SER TRATADO: {'data': '04-01-2024', 'pi': '3778834', 'inv': '6207560', 'moeda': 'NOK', 'montante': '-364784.48', 'saldo': '22269.79', 'nome': 'Ulmatec Skipservice AS', 'cod': None}
2024-02-23 13:52:48,870; INFO; functions.excelProcessoCompleto.1120: PROCESSO 43 A SER TRATADO: {'data': '04-01-2024', 'pi': '3778831', 'inv': '6207563', 'moeda': 'NOK', 'montante': '-456380.96', 'saldo': '387054.27', 'nome': 'Ulmatec Skipservice AS', 'cod': None}
2024-02-23 13:52:48,871; INFO; functions.excelProcessoCompleto.1120: PROCESSO 44 A SER TRATADO: {'data': '04-01-2024', 'pi': '3778829', 'inv': '6207565', 'moeda': 'NOK', 'montante': '-621458.50', 'saldo': '843435.23', 'nome': 'Ulmatec Skipservice AS', 'cod': None}
2024-02-23 13:52:48,871; INFO; functions.excelProcessoCompleto.1120: PROCESSO 45 A SER TRATADO: {'data': '04-01-2024', 'pi': '3778827', 'inv': '6207573', 'moeda': 'NOK', 'montante': '-140007.07', 'saldo': '1464893.73', 'nome': 'Ulmatec Skipservice AS', 'cod': None}
2024-02-23 13:52:48,872; INFO; functions.excelProcessoCompleto.1120: PROCESSO 46 A SER TRATADO: {'data': '04-01-2024', 'pi': '3779070', 'inv': '6207453', 'moeda': 'NOK', 'montante': '-8944.32', 'saldo': '24900.80', 'nome': 'Ulmatec Skipservice AS', 'cod': None}
2024-02-23 13:52:48,873; INFO; functions.excelProcessoCompleto.1120: PROCESSO 47 A SER TRATADO: {'data': '04-01-2024', 'pi': '3776948', 'inv': '004', 'moeda': 'EUR', 'montante': '-361830.00', 'saldo': '24297.50', 'nome': 'Tschudi Ship Management AS', 'cod': None}
2024-02-23 13:52:48,874; INFO; functions.excelProcessoCompleto.1120: PROCESSO 48 A SER TRATADO: {'data': '04-01-2024', 'pi': '3776769', 'inv': '004', 'moeda': 'LLC', 'montante': '-4500.00', 'saldo': '1396987.50', 'nome': 'Blue Gimbals Consultancy FZ-LLC', 'cod': None}
2024-02-23 13:52:48,874; INFO; functions.excelProcessoCompleto.1120: PROCESSO 49 A SER TRATADO: {'data': '04-01-2024', 'pi': '3776751', 'inv': '8001759', 'moeda': 'USD', 'montante': '-36252.00', 'saldo': '1401487.50', 'nome': 'Kongsberg Discovery AS', 'cod': None}
2024-02-23 13:52:48,875; INFO; functions.excelProcessoCompleto.1120: PROCESSO 50 A SER TRATADO: {'data': '03-01-2024', 'pi': '3774216', 'inv': '361844', 'moeda': 'NOK', 'montante': '-2305504.00', 'saldo': '33845.12', 'nome': 'Green Yard Kleven AS', 'cod': None}
2024-02-23 13:52:48,875; INFO; functions.excelProcessoCompleto.1120: PROCESSO 51 A SER TRATADO: {'data': '03-01-2024', 'pi': '3774214', 'inv': '361845', 'moeda': 'NOK', 'montante': '-7143684.98', 'saldo': '2339349.12', 'nome': 'Green Yard Kleven AS', 'cod': None}
2024-02-23 13:52:48,876; INFO; functions.excelProcessoCompleto.1120: PROCESSO 52 A SER TRATADO: {'data': '03-01-2024', 'pi': '3774208', 'inv': '6207211', 'moeda': 'NOK', 'montante': '-604810.00', 'saldo': '183034.10', 'nome': 'Ulmatec Skipservice AS', 'cod': None}
2024-02-23 13:52:48,876; INFO; functions.excelProcessoCompleto.1120: PROCESSO 53 A SER TRATADO: {'data': '03-01-2024', 'pi': '3774204', 'inv': '1027781', 'moeda': 'NOK', 'montante': '-125960.90', 'saldo': '787844.10', 'nome': 'DIMO', 'cod': None}
2024-02-23 13:52:48,877; INFO; functions.excelProcessoCompleto.1120: PROCESSO 54 A SER TRATADO: {'data': '03-01-2024', 'pi': '3774202', 'inv': '6207389', 'moeda': 'NOK', 'montante': '-150210.00', 'saldo': '913805.00', 'nome': 'Ulmatec Skipservice AS', 'cod': None}
2024-02-23 13:52:48,923; INFO; functions.excelProcessoCompleto.1120: PROCESSO 55 A SER TRATADO: {'data': '03-01-2024', 'pi': '3774158', 'inv': '10787', 'moeda': 'NOK', 'montante': '-20738.00', 'saldo': '1064015.00', 'nome': 'Marin Teknikk AS', 'cod': None}
2024-02-23 13:52:48,928; INFO; functions.excelProcessoCompleto.1120: PROCESSO 56 A SER TRATADO: {'data': '03-01-2024', 'pi': '3774156', 'inv': '10785', 'moeda': 'NOK', 'montante': '-81000.00', 'saldo': '1084753.00', 'nome': 'Marin Teknikk AS', 'cod': None}
2024-02-23 13:52:48,952; INFO; functions.excelProcessoCompleto.1120: PROCESSO 57 A SER TRATADO: {'data': '03-01-2024', 'pi': '3774210', 'inv': '10721', 'moeda': 'USD', 'montante': '-600.00', 'saldo': '1437739.50', 'nome': 'Mackay Communication Inc', 'cod': None}
2024-02-23 13:52:48,954; INFO; functions.excelProcessoCompleto.1120: PROCESSO 58 A SER TRATADO: {'data': '03-01-2024', 'pi': '3774207', 'inv': '10721', 'moeda': 'USD', 'montante': '-90512.02', 'saldo': '1438339.50', 'nome': 'UNISEA', 'cod': None}
2024-02-23 13:52:48,954; INFO; functions.excelProcessoCompleto.1120: PROCESSO 59 A SER TRATADO: {'data': '03-01-2024', 'pi': '3774197', 'inv': None, 'moeda': 'USD', 'montante': '-1030000.00', 'saldo': '1528851.52', 'nome': 'Wikborg Rein Advokatfirma AS', 'cod': None}
2024-02-23 13:52:48,955; INFO; functions.excelProcessoCompleto.1120: PROCESSO 60 A SER TRATADO: {'data': '03-01-2024', 'pi': '3774196', 'inv': None, 'moeda': 'USD', 'montante': '-1650000.00', 'saldo': '2558851.52', 'nome': 'Wikborg Rein Advokatfirma AS', 'cod': None}
2024-02-23 13:52:48,955; INFO; functions.excelProcessoCompleto.1120: PROCESSO 61 A SER TRATADO: {'data': '03-01-2024', 'pi': '3774195', 'inv': '10790', 'moeda': 'USD', 'montante': '-1650000.00', 'saldo': '4208851.52', 'nome': 'Wikborg Rein Advokatfirma AS', 'cod': None}
2024-02-23 13:52:48,956; INFO; functions.excelProcessoCompleto.1120: PROCESSO 62 A SER TRATADO: {'data': '03-01-2024', 'pi': '3774175', 'inv': '10790', 'moeda': 'USD', 'montante': '-12850.00', 'saldo': '5858851.52', 'nome': 'MARIN TEKNIKK', 'cod': None}
2024-02-23 13:52:48,956; INFO; functions.excelProcessoCompleto.1120: PROCESSO 63 A SER TRATADO: {'data': '03-01-2024', 'pi': '3774199', 'inv': '410010690223', 'moeda': 'DNV', 'montante': '-7510.67', 'saldo': '16127.50', 'nome': 'DNV AS', 'cod': None}
2024-02-23 13:52:48,973; INFO; functions.excelProcessoCompleto.1120: PROCESSO 64 A SER TRATADO: {'data': '02-01-2024', 'pi': '3771660', 'inv': '1189863', 'moeda': 'GBP', 'montante': '-155169.00', 'saldo': '4503.55', 'nome': 'European Management Marine Corp', 'cod': None}
2024-02-23 13:52:48,974; INFO; functions.excelProcessoCompleto.1120: PROCESSO 65 A SER TRATADO: {'data': '02-01-2024', 'pi': '3771632', 'inv': '6207287', 'moeda': 'NOK', 'montante': '-1110419.00', 'saldo': '1165753.00', 'nome': 'Ulmatec Skipservice AS', 'cod': None}
2024-02-23 13:52:48,977; INFO; functions.excelProcessoCompleto.1120: PROCESSO 66 A SER TRATADO: {'data': '02-01-2024', 'pi': '3771627', 'inv': '6207285', 'moeda': 'NOK', 'montante': '-1110419.00', 'saldo': '2276172.00', 'nome': 'Ulmatec Skipservice AS', 'cod': None}
2024-02-23 13:52:48,978; INFO; functions.excelProcessoCompleto.1120: PROCESSO 67 A SER TRATADO: {'data': '02-01-2024', 'pi': '3771620', 'inv': '6207397', 'moeda': 'NOK', 'montante': '-707339.15', 'saldo': '3386591.00', 'nome': 'Ulmatec Skipservice AS', 'cod': None}
2024-02-23 13:52:48,980; INFO; functions.excelProcessoCompleto.1120: PROCESSO 68 A SER TRATADO: {'data': '02-01-2024', 'pi': '3771613', 'inv': '6207395', 'moeda': 'NOK', 'montante': '-465748.00', 'saldo': '4093930.15', 'nome': 'Ulmatec Skipservice AS', 'cod': None}
2024-02-23 13:52:48,981; INFO; functions.excelProcessoCompleto.1120: PROCESSO 69 A SER TRATADO: {'data': '02-01-2024', 'pi': '3771611', 'inv': '6207393', 'moeda': 'NOK', 'montante': '-428786.00', 'saldo': '4559678.15', 'nome': 'Ulmatec Skipservice AS', 'cod': None}
2024-02-23 13:52:48,981; INFO; functions.excelProcessoCompleto.1120: PROCESSO 70 A SER TRATADO: {'data': '02-01-2024', 'pi': '3771608', 'inv': '6207390', 'moeda': 'NOK', 'montante': '-538963.75', 'saldo': '4988464.15', 'nome': 'Ulmatec Skipservice AS', 'cod': None}
2024-02-23 13:52:48,982; INFO; functions.excelProcessoCompleto.1120: PROCESSO 71 A SER TRATADO: {'data': '02-01-2024', 'pi': '3771624', 'inv': '6207283', 'moeda': 'NOK', 'montante': '-67619.00', 'saldo': '27427.90', 'nome': 'Ulmatec Skipservice AS', 'cod': None}
2024-02-23 13:52:48,982; INFO; functions.excelProcessoCompleto.1120: PROCESSO 72 A SER TRATADO: {'data': '02-01-2024', 'pi': '3771652', 'inv': '410010680855', 'moeda': 'DNV', 'montante': '-11494.80', 'saldo': '11638.17', 'nome': 'DNV AS', 'cod': None}
2024-02-23 13:52:48,983; INFO; functions.excelProcessoCompleto.1120: PROCESSO 73 A SER TRATADO: {'data': '02-01-2024', 'pi': '3771658', 'inv': '6300085845', 'moeda': 'USD', 'montante': '-3325.88', 'saldo': '7538868.48', 'nome': 'Marlink SA', 'cod': None}
2024-02-23 13:52:48,983; INFO; functions.excelProcessoCompleto.1120: PROCESSO 74 A SER TRATADO: {'data': '02-01-2024', 'pi': '3771656', 'inv': '6300088124', 'moeda': 'USD', 'montante': '-3323.00', 'saldo': '7542194.36', 'nome': 'Marlink SA', 'cod': None}
2024-02-23 13:52:48,984; INFO; functions.excelProcessoCompleto.1120: PROCESSO 75 A SER TRATADO: {'data': '08-01-2024', 'pi': '3785674', 'inv': '023800126', 'moeda': 'NOK', 'montante': '-918750.00', 'saldo': '41663.26', 'nome': 'Brunvoll AS', 'cod': None}
2024-02-23 13:52:48,985; INFO; functions.excelProcessoCompleto.1120: PROCESSO 76 A SER TRATADO: {'data': '04-01-2024', 'pi': '3779076', 'inv': '6207483', 'moeda': 'NOK', 'montante': '-857316.23', 'saldo': '30413.26', 'nome': 'Ulmatec Skipservice AS', 'cod': None}
2024-02-23 13:52:48,985; INFO; functions.excelProcessoCompleto.1120: PROCESSO 77 A SER TRATADO: {'data': '04-01-2024', 'pi': '3779073', 'inv': '6207488', 'moeda': 'NOK', 'montante': '-1351540.30', 'saldo': '887729.49', 'nome': 'Ulmatec Skipservice AS', 'cod': None}
2024-02-23 13:52:48,986; INFO; functions.excelProcessoCompleto.1120: PROCESSO 78 A SER TRATADO: {'data': '04-01-2024', 'pi': '3779068', 'inv': '6207480', 'moeda': 'NOK', 'montante': '-1836000.00', 'saldo': '2239269.79', 'nome': 'Ulmatec Skipservice AS', 'cod': None}
2024-02-23 13:52:48,986; INFO; functions.excelProcessoCompleto.1120: PROCESSO 79 A SER TRATADO: {'data': '04-01-2024', 'pi': '3779063', 'inv': '6207486', 'moeda': 'NOK', 'montante': '-1836000.00', 'saldo': '4075269.79', 'nome': 'Ulmatec Skipservice AS', 'cod': None}
2024-02-23 13:52:48,987; INFO; functions.excelProcessoCompleto.1120: PROCESSO 80 A SER TRATADO: {'data': '04-01-2024', 'pi': '3779061', 'inv': '6207475', 'moeda': 'NOK', 'montante': '-1836000.00', 'saldo': '5911269.79', 'nome': 'Ulmatec Skipservice AS', 'cod': None}
2024-02-23 13:52:48,987; INFO; functions.excelProcessoCompleto.1120: PROCESSO 81 A SER TRATADO: {'data': '04-01-2024', 'pi': '3778834', 'inv': '6207560', 'moeda': 'NOK', 'montante': '-364784.48', 'saldo': '22269.79', 'nome': 'Ulmatec Skipservice AS', 'cod': None}
2024-02-23 13:52:48,988; INFO; functions.excelProcessoCompleto.1120: PROCESSO 82 A SER TRATADO: {'data': '04-01-2024', 'pi': '3778831', 'inv': '6207563', 'moeda': 'NOK', 'montante': '-456380.96', 'saldo': '387054.27', 'nome': 'Ulmatec Skipservice AS', 'cod': None}
2024-02-23 13:52:48,988; INFO; functions.excelProcessoCompleto.1120: PROCESSO 83 A SER TRATADO: {'data': '04-01-2024', 'pi': '3778829', 'inv': '6207565', 'moeda': 'NOK', 'montante': '-621458.50', 'saldo': '843435.23', 'nome': 'Ulmatec Skipservice AS', 'cod': None}
2024-02-23 13:52:48,990; INFO; functions.excelProcessoCompleto.1120: PROCESSO 84 A SER TRATADO: {'data': '04-01-2024', 'pi': '3778827', 'inv': '6207573', 'moeda': 'NOK', 'montante': '-140007.07', 'saldo': '1464893.73', 'nome': 'Ulmatec Skipservice AS', 'cod': None}
2024-02-23 13:52:48,991; INFO; functions.excelProcessoCompleto.1120: PROCESSO 85 A SER TRATADO: {'data': '04-01-2024', 'pi': '3779070', 'inv': '6207453', 'moeda': 'NOK', 'montante': '-8944.32', 'saldo': '24900.80', 'nome': 'Ulmatec Skipservice AS', 'cod': None}
2024-02-23 13:52:48,991; INFO; functions.excelProcessoCompleto.1120: PROCESSO 86 A SER TRATADO: {'data': '03-01-2024', 'pi': '3774216', 'inv': '361844', 'moeda': 'NOK', 'montante': '-2305504.00', 'saldo': '33845.12', 'nome': 'Green Yard Kleven AS', 'cod': None}
2024-02-23 13:52:48,992; INFO; functions.excelProcessoCompleto.1120: PROCESSO 87 A SER TRATADO: {'data': '03-01-2024', 'pi': '3774214', 'inv': '361845', 'moeda': 'NOK', 'montante': '-7143684.98', 'saldo': '2339349.12', 'nome': 'Green Yard Kleven AS', 'cod': None}
2024-02-23 13:52:48,993; INFO; functions.excelProcessoCompleto.1120: PROCESSO 88 A SER TRATADO: {'data': '03-01-2024', 'pi': '3774208', 'inv': '6207211', 'moeda': 'NOK', 'montante': '-604810.00', 'saldo': '183034.10', 'nome': 'Ulmatec Skipservice AS', 'cod': None}
2024-02-23 13:52:48,994; INFO; functions.excelProcessoCompleto.1120: PROCESSO 89 A SER TRATADO: {'data': '03-01-2024', 'pi': '3774204', 'inv': '1027781', 'moeda': 'NOK', 'montante': '-125960.90', 'saldo': '787844.10', 'nome': 'DIMO', 'cod': None}
2024-02-23 13:52:48,994; INFO; functions.excelProcessoCompleto.1120: PROCESSO 90 A SER TRATADO: {'data': '03-01-2024', 'pi': '3774202', 'inv': '6207389', 'moeda': 'NOK', 'montante': '-150210.00', 'saldo': '913805.00', 'nome': 'Ulmatec Skipservice AS', 'cod': None}
2024-02-23 13:52:48,995; INFO; functions.excelProcessoCompleto.1120: PROCESSO 91 A SER TRATADO: {'data': '03-01-2024', 'pi': '3774158', 'inv': '10787', 'moeda': 'NOK', 'montante': '-20738.00', 'saldo': '1064015.00', 'nome': 'Marin Teknikk AS', 'cod': None}
2024-02-23 13:52:48,995; INFO; functions.excelProcessoCompleto.1120: PROCESSO 92 A SER TRATADO: {'data': '03-01-2024', 'pi': '3774156', 'inv': '10785', 'moeda': 'NOK', 'montante': '-81000.00', 'saldo': '1084753.00', 'nome': 'Marin Teknikk AS', 'cod': None}
2024-02-23 13:52:48,996; INFO; functions.excelProcessoCompleto.1120: PROCESSO 93 A SER TRATADO: {'data': '02-01-2024', 'pi': '3771632', 'inv': '6207287', 'moeda': 'NOK', 'montante': '-1110419.00', 'saldo': '1165753.00', 'nome': 'Ulmatec Skipservice AS', 'cod': None}
2024-02-23 13:52:48,997; INFO; functions.excelProcessoCompleto.1120: PROCESSO 94 A SER TRATADO: {'data': '02-01-2024', 'pi': '3771627', 'inv': '6207285', 'moeda': 'NOK', 'montante': '-1110419.00', 'saldo': '2276172.00', 'nome': 'Ulmatec Skipservice AS', 'cod': None}
2024-02-23 13:52:48,997; INFO; functions.excelProcessoCompleto.1120: PROCESSO 95 A SER TRATADO: {'data': '02-01-2024', 'pi': '3771620', 'inv': '6207397', 'moeda': 'NOK', 'montante': '-707339.15', 'saldo': '3386591.00', 'nome': 'Ulmatec Skipservice AS', 'cod': None}
2024-02-23 13:52:48,998; INFO; functions.excelProcessoCompleto.1120: PROCESSO 96 A SER TRATADO: {'data': '02-01-2024', 'pi': '3771613', 'inv': '6207395', 'moeda': 'NOK', 'montante': '-465748.00', 'saldo': '4093930.15', 'nome': 'Ulmatec Skipservice AS', 'cod': None}
2024-02-23 13:52:48,998; INFO; functions.excelProcessoCompleto.1120: PROCESSO 97 A SER TRATADO: {'data': '02-01-2024', 'pi': '3771611', 'inv': '6207393', 'moeda': 'NOK', 'montante': '-428786.00', 'saldo': '4559678.15', 'nome': 'Ulmatec Skipservice AS', 'cod': None}
2024-02-23 13:52:48,999; INFO; functions.excelProcessoCompleto.1120: PROCESSO 98 A SER TRATADO: {'data': '02-01-2024', 'pi': '3771608', 'inv': '6207390', 'moeda': 'NOK', 'montante': '-538963.75', 'saldo': '4988464.15', 'nome': 'Ulmatec Skipservice AS', 'cod': None}
2024-02-23 13:52:48,999; INFO; functions.excelProcessoCompleto.1120: PROCESSO 99 A SER TRATADO: {'data': '02-01-2024', 'pi': '3771624', 'inv': '6207283', 'moeda': 'NOK', 'montante': '-67619.00', 'saldo': '27427.90', 'nome': 'Ulmatec Skipservice AS', 'cod': None}
2024-02-23 13:52:49,000; INFO; functions.excelProcessoCompleto.1120: PROCESSO 100 A SER TRATADO: {'data': '08-01-2024', 'pi': '3785683', 'inv': '13724', 'moeda': 'USD', 'montante': '-3806.00', 'saldo': '967831.37', 'nome': 'AXESS Networks Solutions Germany GmbH', 'cod': None}
2024-02-23 13:52:49,000; INFO; functions.excelProcessoCompleto.1120: PROCESSO 101 A SER TRATADO: {'data': '04-01-2024', 'pi': '3776769', 'inv': '004', 'moeda': 'LLC', 'montante': '-4500.00', 'saldo': '1396987.50', 'nome': 'Blue Gimbals Consultancy FZ-LLC', 'cod': None}
2024-02-23 13:52:49,001; INFO; functions.excelProcessoCompleto.1120: PROCESSO 102 A SER TRATADO: {'data': '04-01-2024', 'pi': '3776751', 'inv': '8001759', 'moeda': 'USD', 'montante': '-36252.00', 'saldo': '1401487.50', 'nome': 'Kongsberg Discovery AS', 'cod': None}
2024-02-23 13:52:49,001; INFO; functions.excelProcessoCompleto.1120: PROCESSO 103 A SER TRATADO: {'data': '03-01-2024', 'pi': '3774210', 'inv': None, 'moeda': 'USD', 'montante': '-600.00', 'saldo': '1437739.50', 'nome': 'Mackay Communication Inc', 'cod': None}
2024-02-23 13:52:49,002; INFO; functions.excelProcessoCompleto.1120: PROCESSO 104 A SER TRATADO: {'data': '03-01-2024', 'pi': '3774207', 'inv': '10721', 'moeda': 'USD', 'montante': '-90512.02', 'saldo': '1438339.50', 'nome': 'UNISEA', 'cod': None}
2024-02-23 13:52:49,003; INFO; functions.excelProcessoCompleto.1120: PROCESSO 105 A SER TRATADO: {'data': '03-01-2024', 'pi': '3774197', 'inv': '10790', 'moeda': 'USD', 'montante': '-1030000.00', 'saldo': '1528851.52', 'nome': 'Wikborg Rein Advokatfirma AS', 'cod': None}
2024-02-23 13:52:49,003; INFO; functions.excelProcessoCompleto.1120: PROCESSO 106 A SER TRATADO: {'data': '03-01-2024', 'pi': '3774196', 'inv': '10790', 'moeda': 'USD', 'montante': '-1650000.00', 'saldo': '2558851.52', 'nome': 'Wikborg Rein Advokatfirma AS', 'cod': None}
2024-02-23 13:52:49,004; INFO; functions.excelProcessoCompleto.1120: PROCESSO 107 A SER TRATADO: {'data': '03-01-2024', 'pi': '3774195', 'inv': '10790', 'moeda': 'USD', 'montante': '-1650000.00', 'saldo': '4208851.52', 'nome': 'Wikborg Rein Advokatfirma AS', 'cod': None}
2024-02-23 13:52:49,006; INFO; functions.excelProcessoCompleto.1120: PROCESSO 108 A SER TRATADO: {'data': '03-01-2024', 'pi': '3774175', 'inv': '10790', 'moeda': 'USD', 'montante': '-12850.00', 'saldo': '5858851.52', 'nome': 'MARIN TEKNIKK', 'cod': None}
2024-02-23 13:52:49,007; INFO; functions.excelProcessoCompleto.1120: PROCESSO 109 A SER TRATADO: {'data': '02-01-2024', 'pi': '3771658', 'inv': '6300085845', 'moeda': 'USD', 'montante': '-3325.88', 'saldo': '7538868.48', 'nome': 'Marlink SA', 'cod': None}
2024-02-23 13:52:49,007; INFO; functions.excelProcessoCompleto.1120: PROCESSO 110 A SER TRATADO: {'data': '02-01-2024', 'pi': '3771656', 'inv': '6300088124', 'moeda': 'USD', 'montante': '-3323.00', 'saldo': '7542194.36', 'nome': 'Marlink SA', 'cod': None}
2024-02-23 13:52:49,008; INFO; functions.excelProcessoCompleto.1120: PROCESSO 111 A SER TRATADO: {'data': '09-01-2024', 'pi': '3788647', 'inv': '433546', 'moeda': 'MAN', 'montante': '-495.00', 'saldo': '2561.41', 'nome': 'ISLE OF MAN - GOVERNMENT', 'cod': None}
2024-02-23 13:52:49,008; INFO; functions.excelProcessoCompleto.1120: PROCESSO 112 A SER TRATADO: {'data': '09-01-2024', 'pi': '3788646', 'inv': '439484', 'moeda': 'MAN', 'montante': '-4605.00', 'saldo': '3056.41', 'nome': 'ISLE OF MAN - GOVERNMENT', 'cod': None}
2024-02-23 13:52:49,009; INFO; functions.excelProcessoCompleto.1120: PROCESSO 113 A SER TRATADO: {'data': '09-01-2024', 'pi': '3788645', 'inv': '445085', 'moeda': 'MAN', 'montante': '-43.00', 'saldo': '7661.41', 'nome': 'ISLE OF MAN - GOVERNMENT', 'cod': None}
2024-02-23 13:52:49,009; INFO; functions.excelProcessoCompleto.1120: PROCESSO 114 A SER TRATADO: {'data': '09-01-2024', 'pi': '3788644', 'inv': '430719', 'moeda': 'MAN', 'montante': '-495.00', 'saldo': '7704.41', 'nome': 'ISLE OF MAN - GOVERNMENT', 'cod': None}
2024-02-23 13:52:49,010; INFO; functions.excelProcessoCompleto.1120: PROCESSO 115 A SER TRATADO: {'data': '09-01-2024', 'pi': '3788643', 'inv': '449315', 'moeda': 'MAN', 'montante': '-256.00', 'saldo': '8199.41', 'nome': 'ISLE OF MAN - GOVERNMENT', 'cod': None}
2024-02-23 13:52:49,010; INFO; functions.excelProcessoCompleto.1120: PROCESSO 116 A SER TRATADO: {'data': '09-01-2024', 'pi': '3788641', 'inv': '449314', 'moeda': 'MAN', 'montante': '-256.00', 'saldo': '8455.41', 'nome': 'ISLE OF MAN - GOVERNMENT', 'cod': None}
2024-02-23 13:52:49,011; INFO; functions.excelProcessoCompleto.1120: PROCESSO 117 A SER TRATADO: {'data': '09-01-2024', 'pi': '3788640', 'inv': '449527', 'moeda': 'MAN', 'montante': '-2669.57', 'saldo': '8711.41', 'nome': 'ISLE OF MAN - GOVERNMENT', 'cod': None}
2024-02-23 13:52:49,011; INFO; functions.excelProcessoCompleto.1120: PROCESSO 118 A SER TRATADO: {'data': '09-01-2024', 'pi': '3788639', 'inv': '449526', 'moeda': 'MAN', 'montante': '-3203.71', 'saldo': '11380.98', 'nome': 'ISLE OF MAN - GOVERNMENT', 'cod': None}
2024-02-23 13:52:49,012; INFO; functions.excelProcessoCompleto.1120: PROCESSO 119 A SER TRATADO: {'data': '09-01-2024', 'pi': '3788638', 'inv': '449528', 'moeda': 'MAN', 'montante': '-512.00', 'saldo': '14584.69', 'nome': 'ISLE OF MAN - GOVERNMENT', 'cod': None}
2024-02-23 13:52:49,012; INFO; functions.excelProcessoCompleto.1120: PROCESSO 120 A SER TRATADO: {'data': '09-01-2024', 'pi': '3788636', 'inv': '449987', 'moeda': 'MAN', 'montante': '-506.00', 'saldo': '15096.69', 'nome': 'ISLE OF MAN - GOVERNMENT', 'cod': None}
2024-02-23 13:52:49,013; INFO; functions.excelProcessoCompleto.1120: PROCESSO 121 A SER TRATADO: {'data': '09-01-2024', 'pi': '3788624', 'inv': '451837', 'moeda': 'MAN', 'montante': '-506.00', 'saldo': '15602.69', 'nome': 'ISLE OF MAN - GOVERNMENT', 'cod': None}
2024-02-23 13:52:49,013; INFO; functions.excelProcessoCompleto.1120: PROCESSO 122 A SER TRATADO: {'data': '09-01-2024', 'pi': '3788623', 'inv': '433547', 'moeda': 'MAN', 'montante': '-495.00', 'saldo': '16108.69', 'nome': 'ISLE OF MAN - GOVERNMENT', 'cod': None}
2024-02-23 13:52:49,014; INFO; functions.excelProcessoCompleto.1120: PROCESSO 123 A SER TRATADO: {'data': '09-01-2024', 'pi': '3788622', 'inv': '459386', 'moeda': 'MAN', 'montante': '-4840.00', 'saldo': '16603.69', 'nome': 'ISLE OF MAN - GOVERNMENT', 'cod': None}
2024-02-23 13:52:49,015; INFO; functions.excelProcessoCompleto.1120: PROCESSO 124 A SER TRATADO: {'data': '09-01-2024', 'pi': '3788621', 'inv': '459384', 'moeda': 'MAN', 'montante': '-4840.00', 'saldo': '21443.69', 'nome': 'ISLE OF MAN - GOVERNMENT', 'cod': None}
2024-02-23 13:52:49,015; INFO; functions.excelProcessoCompleto.1120: PROCESSO 125 A SER TRATADO: {'data': '09-01-2024', 'pi': '3788620', 'inv': '459385', 'moeda': 'MAN', 'montante': '-4840.00', 'saldo': '26283.69', 'nome': 'ISLE OF MAN - GOVERNMENT', 'cod': None}
2024-02-23 13:52:49,016; INFO; functions.excelProcessoCompleto.1120: PROCESSO 126 A SER TRATADO: {'data': '09-01-2024', 'pi': '3788619', 'inv': '459468', 'moeda': 'MAN', 'montante': '-4678.00', 'saldo': '31123.69', 'nome': 'ISLE OF MAN - GOVERNMENT', 'cod': None}
2024-02-23 13:52:49,016; INFO; functions.excelProcessoCompleto.1120: PROCESSO 127 A SER TRATADO: {'data': '09-01-2024', 'pi': '3788617', 'inv': '459466', 'moeda': 'MAN', 'montante': '-4230.00', 'saldo': '35801.69', 'nome': 'ISLE OF MAN - GOVERNMENT', 'cod': None}
2024-02-23 13:52:49,017; INFO; functions.excelProcessoCompleto.1120: PROCESSO 128 A SER TRATADO: {'data': '09-01-2024', 'pi': '3788616', 'inv': '459467', 'moeda': 'MAN', 'montante': '-4230.00', 'saldo': '40031.69', 'nome': 'ISLE OF MAN - GOVERNMENT', 'cod': None}
2024-02-23 13:52:49,017; INFO; functions.excelProcessoCompleto.1120: PROCESSO 129 A SER TRATADO: {'data': '09-01-2024', 'pi': '3788615', 'inv': '459653', 'moeda': 'MAN', 'montante': '-4840.00', 'saldo': '44261.69', 'nome': 'ISLE OF MAN - GOVERNMENT', 'cod': None}
2024-02-23 13:52:49,017; INFO; functions.excelProcessoCompleto.1120: PROCESSO 130 A SER TRATADO: {'data': '09-01-2024', 'pi': '3788614', 'inv': '459651', 'moeda': 'MAN', 'montante': '-4240.00', 'saldo': '49101.69', 'nome': 'ISLE OF MAN - GOVERNMENT', 'cod': None}
2024-02-23 13:52:49,018; INFO; functions.excelProcessoCompleto.1120: PROCESSO 131 A SER TRATADO: {'data': '09-01-2024', 'pi': '3788613', 'inv': '459652', 'moeda': 'MAN', 'montante': '-4240.00', 'saldo': '53341.69', 'nome': 'ISLE OF MAN - GOVERNMENT', 'cod': None}
2024-02-23 13:52:49,018; INFO; functions.excelProcessoCompleto.1120: PROCESSO 132 A SER TRATADO: {'data': '09-01-2024', 'pi': '3788611', 'inv': '469181', 'moeda': 'MAN', 'montante': '-101.00', 'saldo': '57581.69', 'nome': 'ISLE OF MAN - GOVERNMENT', 'cod': None}
2024-02-23 13:52:49,019; INFO; functions.excelProcessoCompleto.1120: PROCESSO 133 A SER TRATADO: {'data': '09-01-2024', 'pi': '3788610', 'inv': '439485', 'moeda': 'MAN', 'montante': '-4605.00', 'saldo': '57682.69', 'nome': 'ISLE OF MAN - GOVERNMENT', 'cod': None}
2024-02-23 13:52:49,019; INFO; functions.excelProcessoCompleto.1120: PROCESSO 134 A SER TRATADO: {'data': '09-01-2024', 'pi': '3788608', 'inv': '468314', 'moeda': 'MAN', 'montante': '-1222.14', 'saldo': '62287.69', 'nome': 'ISLE OF MAN - GOVERNMENT', 'cod': None}
2024-02-23 13:52:49,020; INFO; functions.excelProcessoCompleto.1120: PROCESSO 135 A SER TRATADO: {'data': '09-01-2024', 'pi': '3788607', 'inv': '470668', 'moeda': 'MAN', 'montante': '-533.00', 'saldo': '63509.83', 'nome': 'ISLE OF MAN - GOVERNMENT', 'cod': None}
2024-02-23 13:52:49,021; INFO; functions.excelProcessoCompleto.1120: PROCESSO 136 A SER TRATADO: {'data': '09-01-2024', 'pi': '3788609', 'inv': '466960', 'moeda': 'MAN', 'montante': '-101.00', 'saldo': '42.83', 'nome': 'ISLE OF MAN - GOVERNMENT', 'cod': None}
2024-02-23 13:52:49,022; INFO; functions.excelProcessoCompleto.1120: PROCESSO 137 A SER TRATADO: {'data': '09-01-2024', 'pi': '3788603', 'inv': '470834', 'moeda': 'MAN', 'montante': '-270.00', 'saldo': '143.83', 'nome': 'ISLE OF MAN - GOVERNMENT', 'cod': None}
2024-02-23 13:52:49,023; INFO; functions.excelProcessoCompleto.1120: PROCESSO 138 A SER TRATADO: {'data': '09-01-2024', 'pi': '3788602', 'inv': '470835', 'moeda': 'MAN', 'montante': '-270.00', 'saldo': '413.83', 'nome': 'ISLE OF MAN - GOVERNMENT', 'cod': None}
2024-02-23 13:52:49,023; INFO; functions.excelProcessoCompleto.1120: PROCESSO 139 A SER TRATADO: {'data': '09-01-2024', 'pi': '3788601', 'inv': '474618', 'moeda': 'MAN', 'montante': '-3819.72', 'saldo': '683.83', 'nome': 'ISLE OF MAN - GOVERNMENT', 'cod': None}
2024-02-23 13:52:49,024; INFO; functions.excelProcessoCompleto.1120: PROCESSO 140 A SER TRATADO: {'data': '02-01-2024', 'pi': '3771660', 'inv': '1189863', 'moeda': 'GBP', 'montante': '-155169.00', 'saldo': '4503.55', 'nome': 'European Management Marine Corp', 'cod': None}
2024-02-23 13:52:49,025; INFO; functions.excelProcessoCompleto.1120: PROCESSO 141 A SER TRATADO: {'data': '09-01-2024', 'pi': '3788567', 'inv': '2120023432', 'moeda': 'EUR', 'montante': '-185159.40', 'saldo': '14148.51', 'nome': 'KONGSBERG MARITIME AS', 'cod': None}
2024-02-23 13:52:49,026; INFO; functions.excelProcessoCompleto.1120: PROCESSO 142 A SER TRATADO: {'data': '09-01-2024', 'pi': '3788562', 'inv': '2120023432', 'moeda': 'EUR', 'montante': '-90.75', 'saldo': '14307.91', 'nome': 'Intertrust B.V.', 'cod': None}
2024-02-23 13:52:49,026; INFO; functions.excelProcessoCompleto.1120: PROCESSO 143 A SER TRATADO: {'data': '09-01-2024', 'pi': '3788560', 'inv': '2120019900', 'moeda': 'EUR', 'montante': '-166.38', 'saldo': '14398.66', 'nome': 'Intertrust B.V.', 'cod': None}
2024-02-23 13:52:49,027; INFO; functions.excelProcessoCompleto.1120: PROCESSO 144 A SER TRATADO: {'data': '08-01-2024', 'pi': '3784486', 'inv': '14240038', 'moeda': 'EUR', 'montante': '-1624.84', 'saldo': '14565.04', 'nome': 'AG Barista IV B.V.', 'cod': None}
2024-02-23 13:52:49,027; INFO; functions.excelProcessoCompleto.1120: PROCESSO 145 A SER TRATADO: {'data': '07-01-2024', 'pi': '3782176', 'inv': '2120023151', 'moeda': 'EUR', 'montante': '-13107.62', 'saldo': '11189.88', 'nome': 'Intertrust B.V.', 'cod': None}
2024-02-23 13:52:49,028; INFO; functions.excelProcessoCompleto.1120: PROCESSO 146 A SER TRATADO: {'data': '04-01-2024', 'pi': '3776948', 'inv': '410010690223', 'moeda': 'EUR', 'montante': '-361830.00', 'saldo': '24297.50', 'nome': 'Tschudi Ship Management AS', 'cod': None}
2024-02-23 13:52:49,028; INFO; functions.excelProcessoCompleto.1120: PROCESSO 147 A SER TRATADO: {'data': '03-01-2024', 'pi': '3774199', 'inv': '410010690223', 'moeda': 'DNV', 'montante': '-7510.67', 'saldo': '16127.50', 'nome': 'DNV AS', 'cod': None}
2024-02-23 13:52:49,029; INFO; functions.excelProcessoCompleto.1120: PROCESSO 148 A SER TRATADO: {'data': '02-01-2024', 'pi': '3771652', 'inv': '410010680855', 'moeda': 'DNV', 'montante': '-11494.80', 'saldo': '11638.17', 'nome': 'DNV AS', 'cod': None}
2024-02-23 13:52:49,097; INFO; main.process.30: PROCESSOS EXTRAIDOS COM ERRO: 3
2024-02-23 13:52:49,098; INFO; main.process.31: PROCESSOS COM ERRO: [{'data': '03-01-2024', 'pi': '3774197', 'inv': None, 'moeda': 'USD', 'montante': '-1030000.00', 'saldo': '1528851.52', 'nome': 'Wikborg Rein Advokatfirma AS', 'cod': None}, {'data': '03-01-2024', 'pi': '3774196', 'inv': None, 'moeda': 'USD', 'montante': '-1650000.00', 'saldo': '2558851.52', 'nome': 'Wikborg Rein Advokatfirma AS', 'cod': None}, {'data': '03-01-2024', 'pi': '3774210', 'inv': None, 'moeda': 'USD', 'montante': '-600.00', 'saldo': '1437739.50', 'nome': 'Mackay Communication Inc', 'cod': None}]
2024-02-23 13:52:49,099; INFO; functions.excelErro.1006: Adicionando aba de ERRO ao EXCEL existente
2024-02-23 13:52:49,137; INFO; functions.excelErro.1022: Aba de ERRO adicionada ao EXCEL existente
2024-02-23 13:52:49,137; INFO; functions.excelErro.1025: PROCESSO 1 A SER TRATADO: {'data': '03-01-2024', 'pi': '3774197', 'inv': None, 'moeda': 'USD', 'montante': '-1030000.00', 'saldo': '1528851.52', 'nome': 'Wikborg Rein Advokatfirma AS', 'cod': None}
2024-02-23 13:52:49,138; INFO; functions.excelErro.1025: PROCESSO 2 A SER TRATADO: {'data': '03-01-2024', 'pi': '3774196', 'inv': None, 'moeda': 'USD', 'montante': '-1650000.00', 'saldo': '2558851.52', 'nome': 'Wikborg Rein Advokatfirma AS', 'cod': None}
2024-02-23 13:52:49,138; INFO; functions.excelErro.1025: PROCESSO 3 A SER TRATADO: {'data': '03-01-2024', 'pi': '3774210', 'inv': None, 'moeda': 'USD', 'montante': '-600.00', 'saldo': '1437739.50', 'nome': 'Mackay Communication Inc', 'cod': None}
2024-02-23 13:52:49,139; INFO; main.process.34: PROCESSOS EXTRAIDOS CORRETAMENTE: 145
2024-02-23 13:52:49,140; INFO; main.process.35: PROCESSOS A SEREM TRATADOS: [{'data': '09-01-2024', 'pi': '3788647', 'inv': '433546', 'moeda': 'MAN', 'montante': '-495.00', 'saldo': '2561.41', 'nome': 'ISLE OF MAN - GOVERNMENT', 'cod': None}, {'data': '09-01-2024', 'pi': '3788646', 'inv': '439484', 'moeda': 'MAN', 'montante': '-4605.00', 'saldo': '3056.41', 'nome': 'ISLE OF MAN - GOVERNMENT', 'cod': None}, {'data': '09-01-2024', 'pi': '3788645', 'inv': '445085', 'moeda': 'MAN', 'montante': '-43.00', 'saldo': '7661.41', 'nome': 'ISLE OF MAN - GOVERNMENT', 'cod': None}, {'data': '09-01-2024', 'pi': '3788644', 'inv': '430719', 'moeda': 'MAN', 'montante': '-495.00', 'saldo': '7704.41', 'nome': 'ISLE OF MAN - GOVERNMENT', 'cod': None}, {'data': '09-01-2024', 'pi': '3788643', 'inv': '449315', 'moeda': 'MAN', 'montante': '-256.00', 'saldo': '8199.41', 'nome': 'ISLE OF MAN - GOVERNMENT', 'cod': None}, {'data': '09-01-2024', 'pi': '3788641', 'inv': '449314', 'moeda': 'MAN', 'montante': '-256.00', 'saldo': '8455.41', 'nome': 'ISLE OF MAN - GOVERNMENT', 'cod': None}, {'data': '09-01-2024', 'pi': '3788640', 'inv': '449527', 'moeda': 'MAN', 'montante': '-2669.57', 'saldo': '8711.41', 'nome': 'ISLE OF MAN - GOVERNMENT', 'cod': None}, {'data': '09-01-2024', 'pi': '3788639', 'inv': '449526', 'moeda': 'MAN', 'montante': '-3203.71', 'saldo': '11380.98', 'nome': 'ISLE OF MAN - GOVERNMENT', 'cod': None}, {'data': '09-01-2024', 'pi': '3788638', 'inv': '449528', 'moeda': 'MAN', 'montante': '-512.00', 'saldo': '14584.69', 'nome': 'ISLE OF MAN - GOVERNMENT', 'cod': None}, {'data': '09-01-2024', 'pi': '3788636', 'inv': '449987', 'moeda': 'MAN', 'montante': '-506.00', 'saldo': '15096.69', 'nome': 'ISLE OF MAN - GOVERNMENT', 'cod': None}, {'data': '09-01-2024', 'pi': '3788624', 'inv': '451837', 'moeda': 'MAN', 'montante': '-506.00', 'saldo': '15602.69', 'nome': 'ISLE OF MAN - GOVERNMENT', 'cod': None}, {'data': '09-01-2024', 'pi': '3788623', 'inv': '433547', 'moeda': 'MAN', 'montante': '-495.00', 'saldo': '16108.69', 'nome': 'ISLE OF MAN - GOVERNMENT', 'cod': None}, {'data': '09-01-2024', 'pi': '3788622', 'inv': '459386', 'moeda': 'MAN', 'montante': '-4840.00', 'saldo': '16603.69', 'nome': 'ISLE OF MAN - GOVERNMENT', 'cod': None}, {'data': '09-01-2024', 'pi': '3788621', 'inv': '459384', 'moeda': 'MAN', 'montante': '-4840.00', 'saldo': '21443.69', 'nome': 'ISLE OF MAN - GOVERNMENT', 'cod': None}, {'data': '09-01-2024', 'pi': '3788620', 'inv': '459385', 'moeda': 'MAN', 'montante': '-4840.00', 'saldo': '26283.69', 'nome': 'ISLE OF MAN - GOVERNMENT', 'cod': None}, {'data': '09-01-2024', 'pi': '3788619', 'inv': '459468', 'moeda': 'MAN', 'montante': '-4678.00', 'saldo': '31123.69', 'nome': 'ISLE OF MAN - GOVERNMENT', 'cod': None}, {'data': '09-01-2024', 'pi': '3788617', 'inv': '459466', 'moeda': 'MAN', 'montante': '-4230.00', 'saldo': '35801.69', 'nome': 'ISLE OF MAN - GOVERNMENT', 'cod': None}, {'data': '09-01-2024', 'pi': '3788616', 'inv': '459467', 'moeda': 'MAN', 'montante': '-4230.00', 'saldo': '40031.69', 'nome': 'ISLE OF MAN - GOVERNMENT', 'cod': None}, {'data': '09-01-2024', 'pi': '3788615', 'inv': '459653', 'moeda': 'MAN', 'montante': '-4840.00', 'saldo': '44261.69', 'nome': 'ISLE OF MAN - GOVERNMENT', 'cod': None}, {'data': '09-01-2024', 'pi': '3788614', 'inv': '459651', 'moeda': 'MAN', 'montante': '-4240.00', 'saldo': '49101.69', 'nome': 'ISLE OF MAN - GOVERNMENT', 'cod': None}, {'data': '09-01-2024', 'pi': '3788613', 'inv': '459652', 'moeda': 'MAN', 'montante': '-4240.00', 'saldo': '53341.69', 'nome': 'ISLE OF MAN - GOVERNMENT', 'cod': None}, {'data': '09-01-2024', 'pi': '3788611', 'inv': '469181', 'moeda': 'MAN', 'montante': '-101.00', 'saldo': '57581.69', 'nome': 'ISLE OF MAN - GOVERNMENT', 'cod': None}, {'data': '09-01-2024', 'pi': '3788610', 'inv': '439485', 'moeda': 'MAN', 'montante': '-4605.00', 'saldo': '57682.69', 'nome': 'ISLE OF MAN - GOVERNMENT', 'cod': None}, {'data': '09-01-2024', 'pi': '3788608', 'inv': '468314', 'moeda': 'MAN', 'montante': '-1222.14', 'saldo': '62287.69', 'nome': 'ISLE OF MAN - GOVERNMENT', 'cod': None}, {'data': '09-01-2024', 'pi': '3788607', 'inv': '470668', 'moeda': 'MAN', 'montante': '-533.00', 'saldo': '63509.83', 'nome': 'ISLE OF MAN - GOVERNMENT', 'cod': None}, {'data': '09-01-2024', 'pi': '3788567', 'inv': '2120023432', 'moeda': 'EUR', 'montante': '-185159.40', 'saldo': '14148.51', 'nome': 'KONGSBERG MARITIME AS', 'cod': None}, {'data': '09-01-2024', 'pi': '3788562', 'inv': '2120023432', 'moeda': 'EUR', 'montante': '-90.75', 'saldo': '14307.91', 'nome': 'Intertrust B.V.', 'cod': None}, {'data': '09-01-2024', 'pi': '3788560', 'inv': '2120019900', 'moeda': 'EUR', 'montante': '-166.38', 'saldo': '14398.66', 'nome': 'Intertrust B.V.', 'cod': None}, {'data': '09-01-2024', 'pi': '3788609', 'inv': '466960', 'moeda': 'MAN', 'montante': '-101.00', 'saldo': '42.83', 'nome': 'ISLE OF MAN - GOVERNMENT', 'cod': None}, {'data': '09-01-2024', 'pi': '3788603', 'inv': '470834', 'moeda': 'MAN', 'montante': '-270.00', 'saldo': '143.83', 'nome': 'ISLE OF MAN - GOVERNMENT', 'cod': None}, {'data': '09-01-2024', 'pi': '3788602', 'inv': '470835', 'moeda': 'MAN', 'montante': '-270.00', 'saldo': '413.83', 'nome': 'ISLE OF MAN - GOVERNMENT', 'cod': None}, {'data': '09-01-2024', 'pi': '3788601', 'inv': '474618', 'moeda': 'MAN', 'montante': '-3819.72', 'saldo': '683.83', 'nome': 'ISLE OF MAN - GOVERNMENT', 'cod': None}, {'data': '08-01-2024', 'pi': '3785674', 'inv': '023800126', 'moeda': 'NOK', 'montante': '-918750.00', 'saldo': '41663.26', 'nome': 'Brunvoll AS', 'cod': None}, {'data': '08-01-2024', 'pi': '3785683', 'inv': '13724', 'moeda': 'USD', 'montante': '-3806.00', 'saldo': '967831.37', 'nome': 'AXESS Networks Solutions Germany GmbH', 'cod': None}, {'data': '08-01-2024', 'pi': '3784486', 'inv': '14240038', 'moeda': 'EUR', 'montante': '-1624.84', 'saldo': '14565.04', 'nome': 'AG Barista IV B.V.', 'cod': None}, {'data': '07-01-2024', 'pi': '3782176', 'inv': '2120023151', 'moeda': 'EUR', 'montante': '-13107.62', 'saldo': '11189.88', 'nome': 'Intertrust B.V.', 'cod': None}, {'data': '04-01-2024', 'pi': '3779076', 'inv': '6207483', 'moeda': 'NOK', 'montante': '-857316.23', 'saldo': '30413.26', 'nome': 'Ulmatec Skipservice AS', 'cod': None}, {'data': '04-01-2024', 'pi': '3779073', 'inv': '6207488', 'moeda': 'NOK', 'montante': '-1351540.30', 'saldo': '887729.49', 'nome': 'Ulmatec Skipservice AS', 'cod': None}, {'data': '04-01-2024', 'pi': '3779068', 'inv': '6207480', 'moeda': 'NOK', 'montante': '-1836000.00', 'saldo': '2239269.79', 'nome': 'Ulmatec Skipservice AS', 'cod': None}, {'data': '04-01-2024', 'pi': '3779063', 'inv': '6207486', 'moeda': 'NOK', 'montante': '-1836000.00', 'saldo': '4075269.79', 'nome': 'Ulmatec Skipservice AS', 'cod': None}, {'data': '04-01-2024', 'pi': '3779061', 'inv': '6207475', 'moeda': 'NOK', 'montante': '-1836000.00', 'saldo': '5911269.79', 'nome': 'Ulmatec Skipservice AS', 'cod': None}, {'data': '04-01-2024', 'pi': '3778834', 'inv': '6207560', 'moeda': 'NOK', 'montante': '-364784.48', 'saldo': '22269.79', 'nome': 'Ulmatec Skipservice AS', 'cod': None}, {'data': '04-01-2024', 'pi': '3778831', 'inv': '6207563', 'moeda': 'NOK', 'montante': '-456380.96', 'saldo': '387054.27', 'nome': 'Ulmatec Skipservice AS', 'cod': None}, {'data': '04-01-2024', 'pi': '3778829', 'inv': '6207565', 'moeda': 'NOK', 'montante': '-621458.50', 'saldo': '843435.23', 'nome': 'Ulmatec Skipservice AS', 'cod': None}, {'data': '04-01-2024', 'pi': '3778827', 'inv': '6207573', 'moeda': 'NOK', 'montante': '-140007.07', 'saldo': '1464893.73', 'nome': 'Ulmatec Skipservice AS', 'cod': None}, {'data': '04-01-2024', 'pi': '3779070', 'inv': '6207453', 'moeda': 'NOK', 'montante': '-8944.32', 'saldo': '24900.80', 'nome': 'Ulmatec Skipservice AS', 'cod': None}, {'data': '04-01-2024', 'pi': '3776948', 'inv': '004', 'moeda': 'EUR', 'montante': '-361830.00', 'saldo': '24297.50', 'nome': 'Tschudi Ship Management AS', 'cod': None}, {'data': '04-01-2024', 'pi': '3776769', 'inv': '004', 'moeda': 'LLC', 'montante': '-4500.00', 'saldo': '1396987.50', 'nome': 'Blue Gimbals Consultancy FZ-LLC', 'cod': None}, {'data': '04-01-2024', 'pi': '3776751', 'inv': '8001759', 'moeda': 'USD', 'montante': '-36252.00', 'saldo': '1401487.50', 'nome': 'Kongsberg Discovery AS', 'cod': None}, {'data': '03-01-2024', 'pi': '3774216', 'inv': '361844', 'moeda': 'NOK', 'montante': '-2305504.00', 'saldo': '33845.12', 'nome': 'Green Yard Kleven AS', 'cod': None}, {'data': '03-01-2024', 'pi': '3774214', 'inv': '361845', 'moeda': 'NOK', 'montante': '-7143684.98', 'saldo': '2339349.12', 'nome': 'Green Yard Kleven AS', 'cod': None}, {'data': '03-01-2024', 'pi': '3774208', 'inv': '6207211', 'moeda': 'NOK', 'montante': '-604810.00', 'saldo': '183034.10', 'nome': 'Ulmatec Skipservice AS', 'cod': None}, {'data': '03-01-2024', 'pi': '3774204', 'inv': '1027781', 'moeda': 'NOK', 'montante': '-125960.90', 'saldo': '787844.10', 'nome': 'DIMO', 'cod': None}, {'data': '03-01-2024', 'pi': '3774202', 'inv': '6207389', 'moeda': 'NOK', 'montante': '-150210.00', 'saldo': '913805.00', 'nome': 'Ulmatec Skipservice AS', 'cod': None}, {'data': '03-01-2024', 'pi': '3774158', 'inv': '10787', 'moeda': 'NOK', 'montante': '-20738.00', 'saldo': '1064015.00', 'nome': 'Marin Teknikk AS', 'cod': None}, {'data': '03-01-2024', 'pi': '3774156', 'inv': '10785', 'moeda': 'NOK', 'montante': '-81000.00', 'saldo': '1084753.00', 'nome': 'Marin Teknikk AS', 'cod': None}, {'data': '03-01-2024', 'pi': '3774210', 'inv': '10721', 'moeda': 'USD', 'montante': '-600.00', 'saldo': '1437739.50', 'nome': 'Mackay Communication Inc', 'cod': None}, {'data': '03-01-2024', 'pi': '3774207', 'inv': '10721', 'moeda': 'USD', 'montante': '-90512.02', 'saldo': '1438339.50', 'nome': 'UNISEA', 'cod': None}, {'data': '03-01-2024', 'pi': '3774195', 'inv': '10790', 'moeda': 'USD', 'montante': '-1650000.00', 'saldo': '4208851.52', 'nome': 'Wikborg Rein Advokatfirma AS', 'cod': None}, {'data': '03-01-2024', 'pi': '3774175', 'inv': '10790', 'moeda': 'USD', 'montante': '-12850.00', 'saldo': '5858851.52', 'nome': 'MARIN TEKNIKK', 'cod': None}, {'data': '03-01-2024', 'pi': '3774199', 'inv': '410010690223', 'moeda': 'DNV', 'montante': '-7510.67', 'saldo': '16127.50', 'nome': 'DNV AS', 'cod': None}, {'data': '02-01-2024', 'pi': '3771660', 'inv': '1189863', 'moeda': 'GBP', 'montante': '-155169.00', 'saldo': '4503.55', 'nome': 'European Management Marine Corp', 'cod': None}, {'data': '02-01-2024', 'pi': '3771632', 'inv': '6207287', 'moeda': 'NOK', 'montante': '-1110419.00', 'saldo': '1165753.00', 'nome': 'Ulmatec Skipservice AS', 'cod': None}, {'data': '02-01-2024', 'pi': '3771627', 'inv': '6207285', 'moeda': 'NOK', 'montante': '-1110419.00', 'saldo': '2276172.00', 'nome': 'Ulmatec Skipservice AS', 'cod': None}, {'data': '02-01-2024', 'pi': '3771620', 'inv': '6207397', 'moeda': 'NOK', 'montante': '-707339.15', 'saldo': '3386591.00', 'nome': 'Ulmatec Skipservice AS', 'cod': None}, {'data': '02-01-2024', 'pi': '3771613', 'inv': '6207395', 'moeda': 'NOK', 'montante': '-465748.00', 'saldo': '4093930.15', 'nome': 'Ulmatec Skipservice AS', 'cod': None}, {'data': '02-01-2024', 'pi': '3771611', 'inv': '6207393', 'moeda': 'NOK', 'montante': '-428786.00', 'saldo': '4559678.15', 'nome': 'Ulmatec Skipservice AS', 'cod': None}, {'data': '02-01-2024', 'pi': '3771608', 'inv': '6207390', 'moeda': 'NOK', 'montante': '-538963.75', 'saldo': '4988464.15', 'nome': 'Ulmatec Skipservice AS', 'cod': None}, {'data': '02-01-2024', 'pi': '3771624', 'inv': '6207283', 'moeda': 'NOK', 'montante': '-67619.00', 'saldo': '27427.90', 'nome': 'Ulmatec Skipservice AS', 'cod': None}, {'data': '02-01-2024', 'pi': '3771652', 'inv': '410010680855', 'moeda': 'DNV', 'montante': '-11494.80', 'saldo': '11638.17', 'nome': 'DNV AS', 'cod': None}, {'data': '02-01-2024', 'pi': '3771658', 'inv': '6300085845', 'moeda': 'USD', 'montante': '-3325.88', 'saldo': '7538868.48', 'nome': 'Marlink SA', 'cod': None}, {'data': '02-01-2024', 'pi': '3771656', 'inv': '6300088124', 'moeda': 'USD', 'montante': '-3323.00', 'saldo': '7542194.36', 'nome': 'Marlink SA', 'cod': None}, {'data': '08-01-2024', 'pi': '3785674', 'inv': '023800126', 'moeda': 'NOK', 'montante': '-918750.00', 'saldo': '41663.26', 'nome': 'Brunvoll AS', 'cod': None}, {'data': '04-01-2024', 'pi': '3779076', 'inv': '6207483', 'moeda': 'NOK', 'montante': '-857316.23', 'saldo': '30413.26', 'nome': 'Ulmatec Skipservice AS', 'cod': None}, {'data': '04-01-2024', 'pi': '3779073', 'inv': '6207488', 'moeda': 'NOK', 'montante': '-1351540.30', 'saldo': '887729.49', 'nome': 'Ulmatec Skipservice AS', 'cod': None}, {'data': '04-01-2024', 'pi': '3779068', 'inv': '6207480', 'moeda': 'NOK', 'montante': '-1836000.00', 'saldo': '2239269.79', 'nome': 'Ulmatec Skipservice AS', 'cod': None}, {'data': '04-01-2024', 'pi': '3779063', 'inv': '6207486', 'moeda': 'NOK', 'montante': '-1836000.00', 'saldo': '4075269.79', 'nome': 'Ulmatec Skipservice AS', 'cod': None}, {'data': '04-01-2024', 'pi': '3779061', 'inv': '6207475', 'moeda': 'NOK', 'montante': '-1836000.00', 'saldo': '5911269.79', 'nome': 'Ulmatec Skipservice AS', 'cod': None}, {'data': '04-01-2024', 'pi': '3778834', 'inv': '6207560', 'moeda': 'NOK', 'montante': '-364784.48', 'saldo': '22269.79', 'nome': 'Ulmatec Skipservice AS', 'cod': None}, {'data': '04-01-2024', 'pi': '3778831', 'inv': '6207563', 'moeda': 'NOK', 'montante': '-456380.96', 'saldo': '387054.27', 'nome': 'Ulmatec Skipservice AS', 'cod': None}, {'data': '04-01-2024', 'pi': '3778829', 'inv': '6207565', 'moeda': 'NOK', 'montante': '-621458.50', 'saldo': '843435.23', 'nome': 'Ulmatec Skipservice AS', 'cod': None}, {'data': '04-01-2024', 'pi': '3778827', 'inv': '6207573', 'moeda': 'NOK', 'montante': '-140007.07', 'saldo': '1464893.73', 'nome': 'Ulmatec Skipservice AS', 'cod': None}, {'data': '04-01-2024', 'pi': '3779070', 'inv': '6207453', 'moeda': 'NOK', 'montante': '-8944.32', 'saldo': '24900.80', 'nome': 'Ulmatec Skipservice AS', 'cod': None}, {'data': '03-01-2024', 'pi': '3774216', 'inv': '361844', 'moeda': 'NOK', 'montante': '-2305504.00', 'saldo': '33845.12', 'nome': 'Green Yard Kleven AS', 'cod': None}, {'data': '03-01-2024', 'pi': '3774214', 'inv': '361845', 'moeda': 'NOK', 'montante': '-7143684.98', 'saldo': '2339349.12', 'nome': 'Green Yard Kleven AS', 'cod': None}, {'data': '03-01-2024', 'pi': '3774208', 'inv': '6207211', 'moeda': 'NOK', 'montante': '-604810.00', 'saldo': '183034.10', 'nome': 'Ulmatec Skipservice AS', 'cod': None}, {'data': '03-01-2024', 'pi': '3774204', 'inv': '1027781', 'moeda': 'NOK', 'montante': '-125960.90', 'saldo': '787844.10', 'nome': 'DIMO', 'cod': None}, {'data': '03-01-2024', 'pi': '3774202', 'inv': '6207389', 'moeda': 'NOK', 'montante': '-150210.00', 'saldo': '913805.00', 'nome': 'Ulmatec Skipservice AS', 'cod': None}, {'data': '03-01-2024', 'pi': '3774158', 'inv': '10787', 'moeda': 'NOK', 'montante': '-20738.00', 'saldo': '1064015.00', 'nome': 'Marin Teknikk AS', 'cod': None}, {'data': '03-01-2024', 'pi': '3774156', 'inv': '10785', 'moeda': 'NOK', 'montante': '-81000.00', 'saldo': '1084753.00', 'nome': 'Marin Teknikk AS', 'cod': None}, {'data': '02-01-2024', 'pi': '3771632', 'inv': '6207287', 'moeda': 'NOK', 'montante': '-1110419.00', 'saldo': '1165753.00', 'nome': 'Ulmatec Skipservice AS', 'cod': None}, {'data': '02-01-2024', 'pi': '3771627', 'inv': '6207285', 'moeda': 'NOK', 'montante': '-1110419.00', 'saldo': '2276172.00', 'nome': 'Ulmatec Skipservice AS', 'cod': None}, {'data': '02-01-2024', 'pi': '3771620', 'inv': '6207397', 'moeda': 'NOK', 'montante': '-707339.15', 'saldo': '3386591.00', 'nome': 'Ulmatec Skipservice AS', 'cod': None}, {'data': '02-01-2024', 'pi': '3771613', 'inv': '6207395', 'moeda': 'NOK', 'montante': '-465748.00', 'saldo': '4093930.15', 'nome': 'Ulmatec Skipservice AS', 'cod': None}, {'data': '02-01-2024', 'pi': '3771611', 'inv': '6207393', 'moeda': 'NOK', 'montante': '-428786.00', 'saldo': '4559678.15', 'nome': 'Ulmatec Skipservice AS', 'cod': None}, {'data': '02-01-2024', 'pi': '3771608', 'inv': '6207390', 'moeda': 'NOK', 'montante': '-538963.75', 'saldo': '4988464.15', 'nome': 'Ulmatec Skipservice AS', 'cod': None}, {'data': '02-01-2024', 'pi': '3771624', 'inv': '6207283', 'moeda': 'NOK', 'montante': '-67619.00', 'saldo': '27427.90', 'nome': 'Ulmatec Skipservice AS', 'cod': None}, {'data': '08-01-2024', 'pi': '3785683', 'inv': '13724', 'moeda': 'USD', 'montante': '-3806.00', 'saldo': '967831.37', 'nome': 'AXESS Networks Solutions Germany GmbH', 'cod': None}, {'data': '04-01-2024', 'pi': '3776769', 'inv': '004', 'moeda': 'LLC', 'montante': '-4500.00', 'saldo': '1396987.50', 'nome': 'Blue Gimbals Consultancy FZ-LLC', 'cod': None}, {'data': '04-01-2024', 'pi': '3776751', 'inv': '8001759', 'moeda': 'USD', 'montante': '-36252.00', 'saldo': '1401487.50', 'nome': 'Kongsberg Discovery AS', 'cod': None}, {'data': '03-01-2024', 'pi': '3774207', 'inv': '10721', 'moeda': 'USD', 'montante': '-90512.02', 'saldo': '1438339.50', 'nome': 'UNISEA', 'cod': None}, {'data': '03-01-2024', 'pi': '3774197', 'inv': '10790', 'moeda': 'USD', 'montante': '-1030000.00', 'saldo': '1528851.52', 'nome': 'Wikborg Rein Advokatfirma AS', 'cod': None}, {'data': '03-01-2024', 'pi': '3774196', 'inv': '10790', 'moeda': 'USD', 'montante': '-1650000.00', 'saldo': '2558851.52', 'nome': 'Wikborg Rein Advokatfirma AS', 'cod': None}, {'data': '03-01-2024', 'pi': '3774195', 'inv': '10790', 'moeda': 'USD', 'montante': '-1650000.00', 'saldo': '4208851.52', 'nome': 'Wikborg Rein Advokatfirma AS', 'cod': None}, {'data': '03-01-2024', 'pi': '3774175', 'inv': '10790', 'moeda': 'USD', 'montante': '-12850.00', 'saldo': '5858851.52', 'nome': 'MARIN TEKNIKK', 'cod': None}, {'data': '02-01-2024', 'pi': '3771658', 'inv': '6300085845', 'moeda': 'USD', 'montante': '-3325.88', 'saldo': '7538868.48', 'nome': 'Marlink SA', 'cod': None}, {'data': '02-01-2024', 'pi': '3771656', 'inv': '6300088124', 'moeda': 'USD', 'montante': '-3323.00', 'saldo': '7542194.36', 'nome': 'Marlink SA', 'cod': None}, {'data': '09-01-2024', 'pi': '3788647', 'inv': '433546', 'moeda': 'MAN', 'montante': '-495.00', 'saldo': '2561.41', 'nome': 'ISLE OF MAN - GOVERNMENT', 'cod': None}, {'data': '09-01-2024', 'pi': '3788646', 'inv': '439484', 'moeda': 'MAN', 'montante': '-4605.00', 'saldo': '3056.41', 'nome': 'ISLE OF MAN - GOVERNMENT', 'cod': None}, {'data': '09-01-2024', 'pi': '3788645', 'inv': '445085', 'moeda': 'MAN', 'montante': '-43.00', 'saldo': '7661.41', 'nome': 'ISLE OF MAN - GOVERNMENT', 'cod': None}, {'data': '09-01-2024', 'pi': '3788644', 'inv': '430719', 'moeda': 'MAN', 'montante': '-495.00', 'saldo': '7704.41', 'nome': 'ISLE OF MAN - GOVERNMENT', 'cod': None}, {'data': '09-01-2024', 'pi': '3788643', 'inv': '449315', 'moeda': 'MAN', 'montante': '-256.00', 'saldo': '8199.41', 'nome': 'ISLE OF MAN - GOVERNMENT', 'cod': None}, {'data': '09-01-2024', 'pi': '3788641', 'inv': '449314', 'moeda': 'MAN', 'montante': '-256.00', 'saldo': '8455.41', 'nome': 'ISLE OF MAN - GOVERNMENT', 'cod': None}, {'data': '09-01-2024', 'pi': '3788640', 'inv': '449527', 'moeda': 'MAN', 'montante': '-2669.57', 'saldo': '8711.41', 'nome': 'ISLE OF MAN - GOVERNMENT', 'cod': None}, {'data': '09-01-2024', 'pi': '3788639', 'inv': '449526', 'moeda': 'MAN', 'montante': '-3203.71', 'saldo': '11380.98', 'nome': 'ISLE OF MAN - GOVERNMENT', 'cod': None}, {'data': '09-01-2024', 'pi': '3788638', 'inv': '449528', 'moeda': 'MAN', 'montante': '-512.00', 'saldo': '14584.69', 'nome': 'ISLE OF MAN - GOVERNMENT', 'cod': None}, {'data': '09-01-2024', 'pi': '3788636', 'inv': '449987', 'moeda': 'MAN', 'montante': '-506.00', 'saldo': '15096.69', 'nome': 'ISLE OF MAN - GOVERNMENT', 'cod': None}, {'data': '09-01-2024', 'pi': '3788624', 'inv': '451837', 'moeda': 'MAN', 'montante': '-506.00', 'saldo': '15602.69', 'nome': 'ISLE OF MAN - GOVERNMENT', 'cod': None}, {'data': '09-01-2024', 'pi': '3788623', 'inv': '433547', 'moeda': 'MAN', 'montante': '-495.00', 'saldo': '16108.69', 'nome': 'ISLE OF MAN - GOVERNMENT', 'cod': None}, {'data': '09-01-2024', 'pi': '3788622', 'inv': '459386', 'moeda': 'MAN', 'montante': '-4840.00', 'saldo': '16603.69', 'nome': 'ISLE OF MAN - GOVERNMENT', 'cod': None}, {'data': '09-01-2024', 'pi': '3788621', 'inv': '459384', 'moeda': 'MAN', 'montante': '-4840.00', 'saldo': '21443.69', 'nome': 'ISLE OF MAN - GOVERNMENT', 'cod': None}, {'data': '09-01-2024', 'pi': '3788620', 'inv': '459385', 'moeda': 'MAN', 'montante': '-4840.00', 'saldo': '26283.69', 'nome': 'ISLE OF MAN - GOVERNMENT', 'cod': None}, {'data': '09-01-2024', 'pi': '3788619', 'inv': '459468', 'moeda': 'MAN', 'montante': '-4678.00', 'saldo': '31123.69', 'nome': 'ISLE OF MAN - GOVERNMENT', 'cod': None}, {'data': '09-01-2024', 'pi': '3788617', 'inv': '459466', 'moeda': 'MAN', 'montante': '-4230.00', 'saldo': '35801.69', 'nome': 'ISLE OF MAN - GOVERNMENT', 'cod': None}, {'data': '09-01-2024', 'pi': '3788616', 'inv': '459467', 'moeda': 'MAN', 'montante': '-4230.00', 'saldo': '40031.69', 'nome': 'ISLE OF MAN - GOVERNMENT', 'cod': None}, {'data': '09-01-2024', 'pi': '3788615', 'inv': '459653', 'moeda': 'MAN', 'montante': '-4840.00', 'saldo': '44261.69', 'nome': 'ISLE OF MAN - GOVERNMENT', 'cod': None}, {'data': '09-01-2024', 'pi': '3788614', 'inv': '459651', 'moeda': 'MAN', 'montante': '-4240.00', 'saldo': '49101.69', 'nome': 'ISLE OF MAN - GOVERNMENT', 'cod': None}, {'data': '09-01-2024', 'pi': '3788613', 'inv': '459652', 'moeda': 'MAN', 'montante': '-4240.00', 'saldo': '53341.69', 'nome': 'ISLE OF MAN - GOVERNMENT', 'cod': None}, {'data': '09-01-2024', 'pi': '3788611', 'inv': '469181', 'moeda': 'MAN', 'montante': '-101.00', 'saldo': '57581.69', 'nome': 'ISLE OF MAN - GOVERNMENT', 'cod': None}, {'data': '09-01-2024', 'pi': '3788610', 'inv': '439485', 'moeda': 'MAN', 'montante': '-4605.00', 'saldo': '57682.69', 'nome': 'ISLE OF MAN - GOVERNMENT', 'cod': None}, {'data': '09-01-2024', 'pi': '3788608', 'inv': '468314', 'moeda': 'MAN', 'montante': '-1222.14', 'saldo': '62287.69', 'nome': 'ISLE OF MAN - GOVERNMENT', 'cod': None}, {'data': '09-01-2024', 'pi': '3788607', 'inv': '470668', 'moeda': 'MAN', 'montante': '-533.00', 'saldo': '63509.83', 'nome': 'ISLE OF MAN - GOVERNMENT', 'cod': None}, {'data': '09-01-2024', 'pi': '3788609', 'inv': '466960', 'moeda': 'MAN', 'montante': '-101.00', 'saldo': '42.83', 'nome': 'ISLE OF MAN - GOVERNMENT', 'cod': None}, {'data': '09-01-2024', 'pi': '3788603', 'inv': '470834', 'moeda': 'MAN', 'montante': '-270.00', 'saldo': '143.83', 'nome': 'ISLE OF MAN - GOVERNMENT', 'cod': None}, {'data': '09-01-2024', 'pi': '3788602', 'inv': '470835', 'moeda': 'MAN', 'montante': '-270.00', 'saldo': '413.83', 'nome': 'ISLE OF MAN - GOVERNMENT', 'cod': None}, {'data': '09-01-2024', 'pi': '3788601', 'inv': '474618', 'moeda': 'MAN', 'montante': '-3819.72', 'saldo': '683.83', 'nome': 'ISLE OF MAN - GOVERNMENT', 'cod': None}, {'data': '02-01-2024', 'pi': '3771660', 'inv': '1189863', 'moeda': 'GBP', 'montante': '-155169.00', 'saldo': '4503.55', 'nome': 'European Management Marine Corp', 'cod': None}, {'data': '09-01-2024', 'pi': '3788567', 'inv': '2120023432', 'moeda': 'EUR', 'montante': '-185159.40', 'saldo': '14148.51', 'nome': 'KONGSBERG MARITIME AS', 'cod': None}, {'data': '09-01-2024', 'pi': '3788562', 'inv': '2120023432', 'moeda': 'EUR', 'montante': '-90.75', 'saldo': '14307.91', 'nome': 'Intertrust B.V.', 'cod': None}, {'data': '09-01-2024', 'pi': '3788560', 'inv': '2120019900', 'moeda': 'EUR', 'montante': '-166.38', 'saldo': '14398.66', 'nome': 'Intertrust B.V.', 'cod': None}, {'data': '08-01-2024', 'pi': '3784486', 'inv': '14240038', 'moeda': 'EUR', 'montante': '-1624.84', 'saldo': '14565.04', 'nome': 'AG Barista IV B.V.', 'cod': None}, {'data': '07-01-2024', 'pi': '3782176', 'inv': '2120023151', 'moeda': 'EUR', 'montante': '-13107.62', 'saldo': '11189.88', 'nome': 'Intertrust B.V.', 'cod': None}, {'data': '04-01-2024', 'pi': '3776948', 'inv': '410010690223', 'moeda': 'EUR', 'montante': '-361830.00', 'saldo': '24297.50', 'nome': 'Tschudi Ship Management AS', 'cod': None}, {'data': '03-01-2024', 'pi': '3774199', 'inv': '410010690223', 'moeda': 'DNV', 'montante': '-7510.67', 'saldo': '16127.50', 'nome': 'DNV AS', 'cod': None}, {'data': '02-01-2024', 'pi': '3771652', 'inv': '410010680855', 'moeda': 'DNV', 'montante': '-11494.80', 'saldo': '11638.17', 'nome': 'DNV AS', 'cod': None}]
2024-02-23 13:52:49,214; INFO; functions.encerra_prog.319: Fechando Excel...
2024-02-23 13:52:49,290; INFO; functions.getPid.925: Dentro função GetPid

2024-02-23 13:52:49,536; INFO; functions.encerra_prog.324: RM ENCERRADO
2024-02-23 13:52:50,801; WARNING; errorhandler.__handle.104: Property: Unknown Property name. [1:203: -ms-interpolation-mode]
2024-02-23 13:52:50,817; WARNING; errorhandler.__handle.104: Property: Unknown Property name. [1:353: -webkit-font-smoothing]
2024-02-23 13:52:50,828; WARNING; errorhandler.__handle.104: Property: Unknown Property name. [1:483: -ms-text-size-adjust]
2024-02-23 13:52:50,829; WARNING; errorhandler.__handle.104: Property: Unknown Property name. [1:518: -webkit-text-size-adjust]
2024-02-23 13:52:50,830; WARNING; errorhandler.__handle.104: Property: Unknown Property name. [1:612: mso-table-lspace]
2024-02-23 13:52:50,831; WARNING; errorhandler.__handle.104: Property: Unknown Property name. [1:642: mso-table-rspace]
2024-02-23 13:52:50,883; WARNING; errorhandler.__handle.104: Property: Unknown Property name. [1:4734: mso-hide]
2024-02-23 13:52:50,914; WARNING; errorhandler.__handle.104: Property: Unknown Property name. [1:13: -ms-interpolation-mode]
2024-02-23 13:52:50,915; WARNING; errorhandler.__handle.104: Property: Unknown Property name. [1:49: -webkit-font-smoothing]
2024-02-23 13:52:50,917; WARNING; errorhandler.__handle.104: Property: Unknown Property name. [1:134: -ms-text-size-adjust]
2024-02-23 13:52:50,917; WARNING; errorhandler.__handle.104: Property: Unknown Property name. [1:160: -webkit-text-size-adjust]
2024-02-23 13:52:50,918; WARNING; errorhandler.__handle.104: Property: Unknown Property name. [1:26: mso-table-lspace]
2024-02-23 13:52:50,919; WARNING; errorhandler.__handle.104: Property: Unknown Property name. [1:45: mso-table-rspace]
2024-02-23 13:52:50,934; WARNING; errorhandler.__handle.104: Property: Unknown Property name. [1:92: mso-hide]
2024-02-23 13:52:50,938; ERROR; errorhandler.__handle.104: Property: No ":" after name found: align-center [1:1: align-center]
2024-02-23 13:52:50,939; ERROR; errorhandler.__handle.104: Property: No property value found: align-center [1:1: align-center]
2024-02-23 13:52:50,940; ERROR; errorhandler.__handle.104: CSSStyleDeclaration: Syntax Error in Property: align-center
2024-02-23 13:52:50,941; WARNING; errorhandler.__handle.104: Property: Unknown Property name. [1:14: -ms-interpolation-mode]
2024-02-23 13:52:53,590; INFO; functions.emailSuccess.863: Success e-mail sent.
