2024-02-23 14:44:46,180; INFO; functions.getPid.927: Dentro função GetPid

2024-02-23 14:44:46,493; INFO; functions.bot_text_art.7:     ____   
2024-02-23 14:44:46,494; INFO; functions.bot_text_art.8:    [____]    
2024-02-23 14:44:46,494; INFO; functions.bot_text_art.9:  |=]()()[=|  
2024-02-23 14:44:46,495; INFO; functions.bot_text_art.10:    _\==/__    _____    ____     _        _____    ___   _  __
2024-02-23 14:44:46,495; INFO; functions.bot_text_art.11:  |__|   |_|  |  _  \  / ___|   | |      |_   _| / ___| | |/ /
2024-02-23 14:44:46,495; INFO; functions.bot_text_art.12:  |_|_/\_|_|  | |  | | | |      | |        | |   | |    | ' / 
2024-02-23 14:44:46,496; INFO; functions.bot_text_art.13:  | | __ | |  | |  | | | |      | |        | |   | |    |  <  
2024-02-23 14:44:46,497; INFO; functions.bot_text_art.14:  |_|[  ]|_|  | |__| | | |____  | |____   _| |_  | |__  | . \ 
2024-02-23 14:44:46,497; INFO; functions.bot_text_art.15:  \_|_||_|_/  |_____/   \_____| |______| |_____| \ ___| |_|\_\
2024-02-23 14:44:46,497; INFO; functions.bot_text_art.16:    |_||_|                                                     
2024-02-23 14:44:46,498; INFO; functions.bot_text_art.17:    | ||_|_   
2024-02-23 14:44:46,498; INFO; functions.bot_text_art.18:  |___||___|  
2024-02-23 14:44:46,498; INFO; functions.bot_text_art.19:              
2024-02-23 14:44:46,498; INFO; functions.headerExcel.881: Criando EXCEL
2024-02-23 14:44:46,500; INFO; functions.headerExcel.901: EXCEL iniciado
2024-02-23 14:44:46,502; INFO; teste2.process.433: SERÃO TRATADOS 1 ARQUIVOS.
2024-02-23 14:44:46,502; INFO; teste2.process.438: ARQUIVO A SER TRATADO: \\Riofs\dados\Documentos Financeiro\Extratos bancarios\Ebury\2024\01 - Janeiro\TESTES\2\Parcial até 11-01.pdf
2024-02-23 14:44:48,004; INFO; functions.excelProcessoCompleto.1103: Adicionando aba de PROCESSOS EXTRAÍDOS ao EXCEL existente
2024-02-23 14:44:48,004; INFO; functions.excelProcessoCompleto.1118: Aba de ERRO adicionada ao EXCEL existente
2024-02-23 14:44:48,023; INFO; teste2.process.448: PROCESSOS EXTRAIDOS COM ERRO: 3
2024-02-23 14:44:48,024; INFO; teste2.process.449: PROCESSOS COM ERRO: [{'data': '03-01-2024', 'pi': '3774197', 'inv': None, 'moeda': 'USD', 'montante': '-1030000.00', 'saldo': '1528851.52', 'nome': 'Wikborg Rein Advokatfirma AS', 'cod': None}, {'data': '03-01-2024', 'pi': '3774196', 'inv': None, 'moeda': 'USD', 'montante': '-1650000.00', 'saldo': '2558851.52', 'nome': 'Wikborg Rein Advokatfirma AS', 'cod': None}, {'data': '03-01-2024', 'pi': '3774210', 'inv': None, 'moeda': 'USD', 'montante': '-600.00', 'saldo': '1437739.50', 'nome': 'Mackay Communication Inc', 'cod': None}]
2024-02-23 14:44:48,025; INFO; functions.excelErro.1008: Adicionando aba de ERRO ao EXCEL existente
2024-02-23 14:44:48,025; INFO; functions.excelErro.1024: Aba de ERRO adicionada ao EXCEL existente
2024-02-23 14:44:48,026; INFO; teste2.process.452: PROCESSOS EXTRAIDOS CORRETAMENTE: 145
2024-02-23 14:44:48,026; INFO; teste2.process.465: PROCESSO 1 A SER TRATADO: {'data': '09-01-2024', 'pi': '3788647', 'inv': '433546', 'moeda': 'MAN', 'montante': '-495.00', 'saldo': '2561.41', 'nome': 'ISLE OF MAN - GOVERNMENT', 'cod': None}
2024-02-23 14:44:48,026; INFO; teste2.process.476: inv original 433546. tamanho 6
2024-02-23 14:44:48,027; INFO; teste2.process.480: inv TRATADA 00043354601. tamanho 11
2024-02-23 14:44:48,027; INFO; functions.createRowExcel.905: Criando linha do EXCEL 3788647 - 09012024 - 433546 - MAN - 495,00 - ISLE OF MAN - GOVERNMENT - None - 00 - 00
2024-02-23 14:44:48,028; INFO; teste2.process.462: PASSANDO PARA PROXIMO PROCESSO
2024-02-23 14:44:48,028; INFO; teste2.process.465: PROCESSO 2 A SER TRATADO: {'data': '09-01-2024', 'pi': '3788646', 'inv': '439484', 'moeda': 'MAN', 'montante': '-4605.00', 'saldo': '3056.41', 'nome': 'ISLE OF MAN - GOVERNMENT', 'cod': None}
2024-02-23 14:44:48,028; INFO; teste2.process.476: inv original 439484. tamanho 6
2024-02-23 14:44:48,029; INFO; teste2.process.480: inv TRATADA 00043948401. tamanho 11
2024-02-23 14:44:48,029; INFO; functions.createRowExcel.905: Criando linha do EXCEL 3788646 - 09012024 - 439484 - MAN - 4605,00 - ISLE OF MAN - GOVERNMENT - None - 00 - 00
2024-02-23 14:44:48,030; INFO; teste2.process.462: PASSANDO PARA PROXIMO PROCESSO
2024-02-23 14:44:48,030; INFO; teste2.process.465: PROCESSO 3 A SER TRATADO: {'data': '09-01-2024', 'pi': '3788645', 'inv': '445085', 'moeda': 'MAN', 'montante': '-43.00', 'saldo': '7661.41', 'nome': 'ISLE OF MAN - GOVERNMENT', 'cod': None}
2024-02-23 14:44:48,031; INFO; teste2.process.476: inv original 445085. tamanho 6
2024-02-23 14:44:48,031; INFO; teste2.process.480: inv TRATADA 00044508501. tamanho 11
2024-02-23 14:44:48,031; INFO; functions.createRowExcel.905: Criando linha do EXCEL 3788645 - 09012024 - 445085 - MAN - 43,00 - ISLE OF MAN - GOVERNMENT - None - 00 - 00
2024-02-23 14:44:48,032; INFO; teste2.process.462: PASSANDO PARA PROXIMO PROCESSO
2024-02-23 14:44:48,032; INFO; teste2.process.465: PROCESSO 4 A SER TRATADO: {'data': '09-01-2024', 'pi': '3788644', 'inv': '430719', 'moeda': 'MAN', 'montante': '-495.00', 'saldo': '7704.41', 'nome': 'ISLE OF MAN - GOVERNMENT', 'cod': None}
2024-02-23 14:44:48,033; INFO; teste2.process.476: inv original 430719. tamanho 6
2024-02-23 14:44:48,033; INFO; teste2.process.480: inv TRATADA 00043071901. tamanho 11
2024-02-23 14:44:48,034; INFO; functions.createRowExcel.905: Criando linha do EXCEL 3788644 - 09012024 - 430719 - MAN - 495,00 - ISLE OF MAN - GOVERNMENT - None - 00 - 00
2024-02-23 14:44:48,034; INFO; teste2.process.462: PASSANDO PARA PROXIMO PROCESSO
2024-02-23 14:44:48,034; INFO; teste2.process.465: PROCESSO 5 A SER TRATADO: {'data': '09-01-2024', 'pi': '3788643', 'inv': '449315', 'moeda': 'MAN', 'montante': '-256.00', 'saldo': '8199.41', 'nome': 'ISLE OF MAN - GOVERNMENT', 'cod': None}
2024-02-23 14:44:48,035; INFO; teste2.process.476: inv original 449315. tamanho 6
2024-02-23 14:44:48,035; INFO; teste2.process.480: inv TRATADA 00044931501. tamanho 11
2024-02-23 14:44:48,035; INFO; functions.createRowExcel.905: Criando linha do EXCEL 3788643 - 09012024 - 449315 - MAN - 256,00 - ISLE OF MAN - GOVERNMENT - None - 00 - 00
2024-02-23 14:44:48,036; INFO; teste2.process.462: PASSANDO PARA PROXIMO PROCESSO
2024-02-23 14:44:48,036; INFO; teste2.process.465: PROCESSO 6 A SER TRATADO: {'data': '09-01-2024', 'pi': '3788641', 'inv': '449314', 'moeda': 'MAN', 'montante': '-256.00', 'saldo': '8455.41', 'nome': 'ISLE OF MAN - GOVERNMENT', 'cod': None}
2024-02-23 14:44:48,036; INFO; teste2.process.476: inv original 449314. tamanho 6
2024-02-23 14:44:48,036; INFO; teste2.process.480: inv TRATADA 00044931401. tamanho 11
2024-02-23 14:44:48,037; INFO; functions.createRowExcel.905: Criando linha do EXCEL 3788641 - 09012024 - 449314 - MAN - 256,00 - ISLE OF MAN - GOVERNMENT - None - 00 - 00
2024-02-23 14:44:48,037; INFO; teste2.process.462: PASSANDO PARA PROXIMO PROCESSO
2024-02-23 14:44:48,038; INFO; teste2.process.465: PROCESSO 7 A SER TRATADO: {'data': '09-01-2024', 'pi': '3788640', 'inv': '449527', 'moeda': 'MAN', 'montante': '-2669.57', 'saldo': '8711.41', 'nome': 'ISLE OF MAN - GOVERNMENT', 'cod': None}
2024-02-23 14:44:48,038; INFO; teste2.process.476: inv original 449527. tamanho 6
2024-02-23 14:44:48,038; INFO; teste2.process.480: inv TRATADA 00044952701. tamanho 11
2024-02-23 14:44:48,039; INFO; functions.createRowExcel.905: Criando linha do EXCEL 3788640 - 09012024 - 449527 - MAN - 2669,57 - ISLE OF MAN - GOVERNMENT - None - 00 - 00
2024-02-23 14:44:48,039; INFO; teste2.process.462: PASSANDO PARA PROXIMO PROCESSO
2024-02-23 14:44:48,039; INFO; teste2.process.465: PROCESSO 8 A SER TRATADO: {'data': '09-01-2024', 'pi': '3788639', 'inv': '449526', 'moeda': 'MAN', 'montante': '-3203.71', 'saldo': '11380.98', 'nome': 'ISLE OF MAN - GOVERNMENT', 'cod': None}
2024-02-23 14:44:48,040; INFO; teste2.process.476: inv original 449526. tamanho 6
2024-02-23 14:44:48,040; INFO; teste2.process.480: inv TRATADA 00044952601. tamanho 11
2024-02-23 14:44:48,040; INFO; functions.createRowExcel.905: Criando linha do EXCEL 3788639 - 09012024 - 449526 - MAN - 3203,71 - ISLE OF MAN - GOVERNMENT - None - 00 - 00
2024-02-23 14:44:48,041; INFO; teste2.process.462: PASSANDO PARA PROXIMO PROCESSO
2024-02-23 14:44:48,041; INFO; teste2.process.465: PROCESSO 9 A SER TRATADO: {'data': '09-01-2024', 'pi': '3788638', 'inv': '449528', 'moeda': 'MAN', 'montante': '-512.00', 'saldo': '14584.69', 'nome': 'ISLE OF MAN - GOVERNMENT', 'cod': None}
2024-02-23 14:44:48,041; INFO; teste2.process.476: inv original 449528. tamanho 6
2024-02-23 14:44:48,042; INFO; teste2.process.480: inv TRATADA 00044952801. tamanho 11
2024-02-23 14:44:48,042; INFO; functions.createRowExcel.905: Criando linha do EXCEL 3788638 - 09012024 - 449528 - MAN - 512,00 - ISLE OF MAN - GOVERNMENT - None - 00 - 00
2024-02-23 14:44:48,042; INFO; teste2.process.462: PASSANDO PARA PROXIMO PROCESSO
2024-02-23 14:44:48,043; INFO; teste2.process.465: PROCESSO 10 A SER TRATADO: {'data': '09-01-2024', 'pi': '3788636', 'inv': '449987', 'moeda': 'MAN', 'montante': '-506.00', 'saldo': '15096.69', 'nome': 'ISLE OF MAN - GOVERNMENT', 'cod': None}
2024-02-23 14:44:48,043; INFO; teste2.process.476: inv original 449987. tamanho 6
2024-02-23 14:44:48,043; INFO; teste2.process.480: inv TRATADA 00044998701. tamanho 11
2024-02-23 14:44:48,044; INFO; functions.createRowExcel.905: Criando linha do EXCEL 3788636 - 09012024 - 449987 - MAN - 506,00 - ISLE OF MAN - GOVERNMENT - None - 00 - 00
2024-02-23 14:44:48,044; INFO; teste2.process.462: PASSANDO PARA PROXIMO PROCESSO
2024-02-23 14:44:48,045; INFO; teste2.process.465: PROCESSO 11 A SER TRATADO: {'data': '09-01-2024', 'pi': '3788624', 'inv': '451837', 'moeda': 'MAN', 'montante': '-506.00', 'saldo': '15602.69', 'nome': 'ISLE OF MAN - GOVERNMENT', 'cod': None}
2024-02-23 14:44:48,045; INFO; teste2.process.476: inv original 451837. tamanho 6
2024-02-23 14:44:48,045; INFO; teste2.process.480: inv TRATADA 00045183701. tamanho 11
2024-02-23 14:44:48,045; INFO; functions.createRowExcel.905: Criando linha do EXCEL 3788624 - 09012024 - 451837 - MAN - 506,00 - ISLE OF MAN - GOVERNMENT - None - 00 - 00
2024-02-23 14:44:48,046; INFO; teste2.process.462: PASSANDO PARA PROXIMO PROCESSO
2024-02-23 14:44:48,046; INFO; teste2.process.465: PROCESSO 12 A SER TRATADO: {'data': '09-01-2024', 'pi': '3788623', 'inv': '433547', 'moeda': 'MAN', 'montante': '-495.00', 'saldo': '16108.69', 'nome': 'ISLE OF MAN - GOVERNMENT', 'cod': None}
2024-02-23 14:44:48,047; INFO; teste2.process.476: inv original 433547. tamanho 6
2024-02-23 14:44:48,047; INFO; teste2.process.480: inv TRATADA 00043354701. tamanho 11
2024-02-23 14:44:48,047; INFO; functions.createRowExcel.905: Criando linha do EXCEL 3788623 - 09012024 - 433547 - MAN - 495,00 - ISLE OF MAN - GOVERNMENT - None - 00 - 00
2024-02-23 14:44:48,047; INFO; teste2.process.462: PASSANDO PARA PROXIMO PROCESSO
2024-02-23 14:44:48,048; INFO; teste2.process.465: PROCESSO 13 A SER TRATADO: {'data': '09-01-2024', 'pi': '3788622', 'inv': '459386', 'moeda': 'MAN', 'montante': '-4840.00', 'saldo': '16603.69', 'nome': 'ISLE OF MAN - GOVERNMENT', 'cod': None}
2024-02-23 14:44:48,048; INFO; teste2.process.476: inv original 459386. tamanho 6
2024-02-23 14:44:48,048; INFO; teste2.process.480: inv TRATADA 00045938601. tamanho 11
2024-02-23 14:44:48,049; INFO; functions.createRowExcel.905: Criando linha do EXCEL 3788622 - 09012024 - 459386 - MAN - 4840,00 - ISLE OF MAN - GOVERNMENT - None - 00 - 00
2024-02-23 14:44:48,049; INFO; teste2.process.462: PASSANDO PARA PROXIMO PROCESSO
2024-02-23 14:44:48,050; INFO; teste2.process.465: PROCESSO 14 A SER TRATADO: {'data': '09-01-2024', 'pi': '3788621', 'inv': '459384', 'moeda': 'MAN', 'montante': '-4840.00', 'saldo': '21443.69', 'nome': 'ISLE OF MAN - GOVERNMENT', 'cod': None}
2024-02-23 14:44:48,050; INFO; teste2.process.476: inv original 459384. tamanho 6
2024-02-23 14:44:48,050; INFO; teste2.process.480: inv TRATADA 00045938401. tamanho 11
2024-02-23 14:44:48,050; INFO; functions.createRowExcel.905: Criando linha do EXCEL 3788621 - 09012024 - 459384 - MAN - 4840,00 - ISLE OF MAN - GOVERNMENT - None - 00 - 00
2024-02-23 14:44:48,051; INFO; teste2.process.462: PASSANDO PARA PROXIMO PROCESSO
2024-02-23 14:44:48,051; INFO; teste2.process.465: PROCESSO 15 A SER TRATADO: {'data': '09-01-2024', 'pi': '3788620', 'inv': '459385', 'moeda': 'MAN', 'montante': '-4840.00', 'saldo': '26283.69', 'nome': 'ISLE OF MAN - GOVERNMENT', 'cod': None}
2024-02-23 14:44:48,052; INFO; teste2.process.476: inv original 459385. tamanho 6
2024-02-23 14:44:48,053; INFO; teste2.process.480: inv TRATADA 00045938501. tamanho 11
2024-02-23 14:44:48,053; INFO; functions.createRowExcel.905: Criando linha do EXCEL 3788620 - 09012024 - 459385 - MAN - 4840,00 - ISLE OF MAN - GOVERNMENT - None - 00 - 00
2024-02-23 14:44:48,054; INFO; teste2.process.462: PASSANDO PARA PROXIMO PROCESSO
2024-02-23 14:44:48,055; INFO; teste2.process.465: PROCESSO 16 A SER TRATADO: {'data': '09-01-2024', 'pi': '3788619', 'inv': '459468', 'moeda': 'MAN', 'montante': '-4678.00', 'saldo': '31123.69', 'nome': 'ISLE OF MAN - GOVERNMENT', 'cod': None}
2024-02-23 14:44:48,055; INFO; teste2.process.476: inv original 459468. tamanho 6
2024-02-23 14:44:48,055; INFO; teste2.process.480: inv TRATADA 00045946801. tamanho 11
2024-02-23 14:44:48,056; INFO; functions.createRowExcel.905: Criando linha do EXCEL 3788619 - 09012024 - 459468 - MAN - 4678,00 - ISLE OF MAN - GOVERNMENT - None - 00 - 00
2024-02-23 14:44:48,056; INFO; teste2.process.462: PASSANDO PARA PROXIMO PROCESSO
2024-02-23 14:44:48,056; INFO; teste2.process.465: PROCESSO 17 A SER TRATADO: {'data': '09-01-2024', 'pi': '3788617', 'inv': '459466', 'moeda': 'MAN', 'montante': '-4230.00', 'saldo': '35801.69', 'nome': 'ISLE OF MAN - GOVERNMENT', 'cod': None}
2024-02-23 14:44:48,057; INFO; teste2.process.476: inv original 459466. tamanho 6
2024-02-23 14:44:48,057; INFO; teste2.process.480: inv TRATADA 00045946601. tamanho 11
2024-02-23 14:44:48,057; INFO; functions.createRowExcel.905: Criando linha do EXCEL 3788617 - 09012024 - 459466 - MAN - 4230,00 - ISLE OF MAN - GOVERNMENT - None - 00 - 00
2024-02-23 14:44:48,058; INFO; teste2.process.462: PASSANDO PARA PROXIMO PROCESSO
2024-02-23 14:44:48,058; INFO; teste2.process.465: PROCESSO 18 A SER TRATADO: {'data': '09-01-2024', 'pi': '3788616', 'inv': '459467', 'moeda': 'MAN', 'montante': '-4230.00', 'saldo': '40031.69', 'nome': 'ISLE OF MAN - GOVERNMENT', 'cod': None}
2024-02-23 14:44:48,059; INFO; teste2.process.476: inv original 459467. tamanho 6
2024-02-23 14:44:48,060; INFO; teste2.process.480: inv TRATADA 00045946701. tamanho 11
2024-02-23 14:44:48,060; INFO; functions.createRowExcel.905: Criando linha do EXCEL 3788616 - 09012024 - 459467 - MAN - 4230,00 - ISLE OF MAN - GOVERNMENT - None - 00 - 00
2024-02-23 14:44:48,061; INFO; teste2.process.462: PASSANDO PARA PROXIMO PROCESSO
2024-02-23 14:44:48,061; INFO; teste2.process.465: PROCESSO 19 A SER TRATADO: {'data': '09-01-2024', 'pi': '3788615', 'inv': '459653', 'moeda': 'MAN', 'montante': '-4840.00', 'saldo': '44261.69', 'nome': 'ISLE OF MAN - GOVERNMENT', 'cod': None}
2024-02-23 14:44:48,061; INFO; teste2.process.476: inv original 459653. tamanho 6
2024-02-23 14:44:48,062; INFO; teste2.process.480: inv TRATADA 00045965301. tamanho 11
2024-02-23 14:44:48,062; INFO; functions.createRowExcel.905: Criando linha do EXCEL 3788615 - 09012024 - 459653 - MAN - 4840,00 - ISLE OF MAN - GOVERNMENT - None - 00 - 00
2024-02-23 14:44:48,062; INFO; teste2.process.462: PASSANDO PARA PROXIMO PROCESSO
2024-02-23 14:44:48,063; INFO; teste2.process.465: PROCESSO 20 A SER TRATADO: {'data': '09-01-2024', 'pi': '3788614', 'inv': '459651', 'moeda': 'MAN', 'montante': '-4240.00', 'saldo': '49101.69', 'nome': 'ISLE OF MAN - GOVERNMENT', 'cod': None}
2024-02-23 14:44:48,063; INFO; teste2.process.476: inv original 459651. tamanho 6
2024-02-23 14:44:48,063; INFO; teste2.process.480: inv TRATADA 00045965101. tamanho 11
2024-02-23 14:44:48,064; INFO; functions.createRowExcel.905: Criando linha do EXCEL 3788614 - 09012024 - 459651 - MAN - 4240,00 - ISLE OF MAN - GOVERNMENT - None - 00 - 00
2024-02-23 14:44:48,064; INFO; teste2.process.462: PASSANDO PARA PROXIMO PROCESSO
2024-02-23 14:44:48,064; INFO; teste2.process.465: PROCESSO 21 A SER TRATADO: {'data': '09-01-2024', 'pi': '3788613', 'inv': '459652', 'moeda': 'MAN', 'montante': '-4240.00', 'saldo': '53341.69', 'nome': 'ISLE OF MAN - GOVERNMENT', 'cod': None}
2024-02-23 14:44:48,065; INFO; teste2.process.476: inv original 459652. tamanho 6
2024-02-23 14:44:48,065; INFO; teste2.process.480: inv TRATADA 00045965201. tamanho 11
2024-02-23 14:44:48,065; INFO; functions.createRowExcel.905: Criando linha do EXCEL 3788613 - 09012024 - 459652 - MAN - 4240,00 - ISLE OF MAN - GOVERNMENT - None - 00 - 00
2024-02-23 14:44:48,066; INFO; teste2.process.462: PASSANDO PARA PROXIMO PROCESSO
2024-02-23 14:44:48,066; INFO; teste2.process.465: PROCESSO 22 A SER TRATADO: {'data': '09-01-2024', 'pi': '3788611', 'inv': '469181', 'moeda': 'MAN', 'montante': '-101.00', 'saldo': '57581.69', 'nome': 'ISLE OF MAN - GOVERNMENT', 'cod': None}
2024-02-23 14:44:48,066; INFO; teste2.process.476: inv original 469181. tamanho 6
2024-02-23 14:44:48,066; INFO; teste2.process.480: inv TRATADA 00046918101. tamanho 11
2024-02-23 14:44:48,067; INFO; functions.createRowExcel.905: Criando linha do EXCEL 3788611 - 09012024 - 469181 - MAN - 101,00 - ISLE OF MAN - GOVERNMENT - None - 00 - 00
2024-02-23 14:44:48,067; INFO; teste2.process.462: PASSANDO PARA PROXIMO PROCESSO
2024-02-23 14:44:48,067; INFO; teste2.process.465: PROCESSO 23 A SER TRATADO: {'data': '09-01-2024', 'pi': '3788610', 'inv': '439485', 'moeda': 'MAN', 'montante': '-4605.00', 'saldo': '57682.69', 'nome': 'ISLE OF MAN - GOVERNMENT', 'cod': None}
2024-02-23 14:44:48,068; INFO; teste2.process.476: inv original 439485. tamanho 6
2024-02-23 14:44:48,068; INFO; teste2.process.480: inv TRATADA 00043948501. tamanho 11
2024-02-23 14:44:48,068; INFO; functions.createRowExcel.905: Criando linha do EXCEL 3788610 - 09012024 - 439485 - MAN - 4605,00 - ISLE OF MAN - GOVERNMENT - None - 00 - 00
2024-02-23 14:44:48,069; INFO; teste2.process.462: PASSANDO PARA PROXIMO PROCESSO
2024-02-23 14:44:48,069; INFO; teste2.process.465: PROCESSO 24 A SER TRATADO: {'data': '09-01-2024', 'pi': '3788608', 'inv': '468314', 'moeda': 'MAN', 'montante': '-1222.14', 'saldo': '62287.69', 'nome': 'ISLE OF MAN - GOVERNMENT', 'cod': None}
2024-02-23 14:44:48,070; INFO; teste2.process.476: inv original 468314. tamanho 6
2024-02-23 14:44:48,070; INFO; teste2.process.480: inv TRATADA 00046831401. tamanho 11
2024-02-23 14:44:48,070; INFO; functions.createRowExcel.905: Criando linha do EXCEL 3788608 - 09012024 - 468314 - MAN - 1222,14 - ISLE OF MAN - GOVERNMENT - None - 00 - 00
2024-02-23 14:44:48,071; INFO; teste2.process.462: PASSANDO PARA PROXIMO PROCESSO
2024-02-23 14:44:48,071; INFO; teste2.process.465: PROCESSO 25 A SER TRATADO: {'data': '09-01-2024', 'pi': '3788607', 'inv': '470668', 'moeda': 'MAN', 'montante': '-533.00', 'saldo': '63509.83', 'nome': 'ISLE OF MAN - GOVERNMENT', 'cod': None}
2024-02-23 14:44:48,071; INFO; teste2.process.476: inv original 470668. tamanho 6
2024-02-23 14:44:48,071; INFO; teste2.process.480: inv TRATADA 00047066801. tamanho 11
2024-02-23 14:44:48,072; INFO; functions.createRowExcel.905: Criando linha do EXCEL 3788607 - 09012024 - 470668 - MAN - 533,00 - ISLE OF MAN - GOVERNMENT - None - 00 - 00
2024-02-23 14:44:48,072; INFO; teste2.process.462: PASSANDO PARA PROXIMO PROCESSO
2024-02-23 14:44:48,072; INFO; teste2.process.465: PROCESSO 26 A SER TRATADO: {'data': '09-01-2024', 'pi': '3788567', 'inv': '2120023432', 'moeda': 'EUR', 'montante': '-185159.40', 'saldo': '14148.51', 'nome': 'KONGSBERG MARITIME AS', 'cod': None}
2024-02-23 14:44:48,073; INFO; teste2.process.476: inv original 2120023432. tamanho 10
2024-02-23 14:44:48,073; INFO; teste2.process.480: inv TRATADA 212002343201. tamanho 12
2024-02-23 14:44:48,073; INFO; functions.createRowExcel.905: Criando linha do EXCEL 3788567 - 09012024 - 2120023432 - EUR - 185159,40 - KONGSBERG MARITIME AS - None - 00 - 00
2024-02-23 14:44:48,074; INFO; teste2.process.462: PASSANDO PARA PROXIMO PROCESSO
2024-02-23 14:44:48,074; INFO; teste2.process.465: PROCESSO 27 A SER TRATADO: {'data': '09-01-2024', 'pi': '3788562', 'inv': '2120023432', 'moeda': 'EUR', 'montante': '-90.75', 'saldo': '14307.91', 'nome': 'Intertrust B.V.', 'cod': None}
2024-02-23 14:44:48,074; INFO; teste2.process.476: inv original 2120023432. tamanho 10
2024-02-23 14:44:48,075; INFO; teste2.process.480: inv TRATADA 212002343201. tamanho 12
2024-02-23 14:44:48,075; INFO; functions.createRowExcel.905: Criando linha do EXCEL 3788562 - 09012024 - 2120023432 - EUR - 90,75 - Intertrust B.V. - None - 00 - 00
2024-02-23 14:44:48,075; INFO; teste2.process.462: PASSANDO PARA PROXIMO PROCESSO
2024-02-23 14:44:48,075; INFO; teste2.process.465: PROCESSO 28 A SER TRATADO: {'data': '09-01-2024', 'pi': '3788560', 'inv': '2120019900', 'moeda': 'EUR', 'montante': '-166.38', 'saldo': '14398.66', 'nome': 'Intertrust B.V.', 'cod': None}
2024-02-23 14:44:48,076; INFO; teste2.process.476: inv original 2120019900. tamanho 10
2024-02-23 14:44:48,076; INFO; teste2.process.480: inv TRATADA 212001990001. tamanho 12
2024-02-23 14:44:48,076; INFO; functions.createRowExcel.905: Criando linha do EXCEL 3788560 - 09012024 - 2120019900 - EUR - 166,38 - Intertrust B.V. - None - 00 - 00
2024-02-23 14:44:48,077; INFO; teste2.process.462: PASSANDO PARA PROXIMO PROCESSO
2024-02-23 14:44:48,077; INFO; teste2.process.465: PROCESSO 29 A SER TRATADO: {'data': '09-01-2024', 'pi': '3788609', 'inv': '466960', 'moeda': 'MAN', 'montante': '-101.00', 'saldo': '42.83', 'nome': 'ISLE OF MAN - GOVERNMENT', 'cod': None}
2024-02-23 14:44:48,077; INFO; teste2.process.476: inv original 466960. tamanho 6
2024-02-23 14:44:48,078; INFO; teste2.process.480: inv TRATADA 00046696001. tamanho 11
2024-02-23 14:44:48,078; INFO; functions.createRowExcel.905: Criando linha do EXCEL 3788609 - 09012024 - 466960 - MAN - 101,00 - ISLE OF MAN - GOVERNMENT - None - 00 - 00
2024-02-23 14:44:48,078; INFO; teste2.process.462: PASSANDO PARA PROXIMO PROCESSO
2024-02-23 14:44:48,079; INFO; teste2.process.465: PROCESSO 30 A SER TRATADO: {'data': '09-01-2024', 'pi': '3788603', 'inv': '470834', 'moeda': 'MAN', 'montante': '-270.00', 'saldo': '143.83', 'nome': 'ISLE OF MAN - GOVERNMENT', 'cod': None}
2024-02-23 14:44:48,079; INFO; teste2.process.476: inv original 470834. tamanho 6
2024-02-23 14:44:48,079; INFO; teste2.process.480: inv TRATADA 00047083401. tamanho 11
2024-02-23 14:44:48,080; INFO; functions.createRowExcel.905: Criando linha do EXCEL 3788603 - 09012024 - 470834 - MAN - 270,00 - ISLE OF MAN - GOVERNMENT - None - 00 - 00
2024-02-23 14:44:48,080; INFO; teste2.process.462: PASSANDO PARA PROXIMO PROCESSO
2024-02-23 14:44:48,080; INFO; teste2.process.465: PROCESSO 31 A SER TRATADO: {'data': '09-01-2024', 'pi': '3788602', 'inv': '470835', 'moeda': 'MAN', 'montante': '-270.00', 'saldo': '413.83', 'nome': 'ISLE OF MAN - GOVERNMENT', 'cod': None}
2024-02-23 14:44:48,081; INFO; teste2.process.476: inv original 470835. tamanho 6
2024-02-23 14:44:48,081; INFO; teste2.process.480: inv TRATADA 00047083501. tamanho 11
2024-02-23 14:44:48,081; INFO; functions.createRowExcel.905: Criando linha do EXCEL 3788602 - 09012024 - 470835 - MAN - 270,00 - ISLE OF MAN - GOVERNMENT - None - 00 - 00
2024-02-23 14:44:48,081; INFO; teste2.process.462: PASSANDO PARA PROXIMO PROCESSO
2024-02-23 14:44:48,082; INFO; teste2.process.465: PROCESSO 32 A SER TRATADO: {'data': '09-01-2024', 'pi': '3788601', 'inv': '474618', 'moeda': 'MAN', 'montante': '-3819.72', 'saldo': '683.83', 'nome': 'ISLE OF MAN - GOVERNMENT', 'cod': None}
2024-02-23 14:44:48,082; INFO; teste2.process.476: inv original 474618. tamanho 6
2024-02-23 14:44:48,082; INFO; teste2.process.480: inv TRATADA 00047461801. tamanho 11
2024-02-23 14:44:48,082; INFO; functions.createRowExcel.905: Criando linha do EXCEL 3788601 - 09012024 - 474618 - MAN - 3819,72 - ISLE OF MAN - GOVERNMENT - None - 00 - 00
2024-02-23 14:44:48,084; INFO; teste2.process.462: PASSANDO PARA PROXIMO PROCESSO
2024-02-23 14:44:48,085; INFO; teste2.process.465: PROCESSO 33 A SER TRATADO: {'data': '08-01-2024', 'pi': '3785674', 'inv': '023800126', 'moeda': 'NOK', 'montante': '-918750.00', 'saldo': '41663.26', 'nome': 'Brunvoll AS', 'cod': None}
2024-02-23 14:44:48,085; INFO; teste2.process.476: inv original 023800126. tamanho 9
2024-02-23 14:44:48,086; INFO; teste2.process.480: inv TRATADA 02380012601. tamanho 11
2024-02-23 14:44:48,086; INFO; functions.createRowExcel.905: Criando linha do EXCEL 3785674 - 08012024 - 023800126 - NOK - 918750,00 - Brunvoll AS - None - 00 - 00
2024-02-23 14:44:48,086; INFO; teste2.process.462: PASSANDO PARA PROXIMO PROCESSO
2024-02-23 14:44:48,087; INFO; teste2.process.465: PROCESSO 34 A SER TRATADO: {'data': '08-01-2024', 'pi': '3785683', 'inv': '13724', 'moeda': 'USD', 'montante': '-3806.00', 'saldo': '967831.37', 'nome': 'AXESS Networks Solutions Germany GmbH', 'cod': None}
2024-02-23 14:44:48,087; INFO; teste2.process.476: inv original 13724. tamanho 5
2024-02-23 14:44:48,088; INFO; teste2.process.480: inv TRATADA 00001372401. tamanho 11
2024-02-23 14:44:48,088; INFO; functions.createRowExcel.905: Criando linha do EXCEL 3785683 - 08012024 - 13724 - USD - 3806,00 - AXESS Networks Solutions Germany GmbH - None - 00 - 00
2024-02-23 14:44:48,088; INFO; teste2.process.462: PASSANDO PARA PROXIMO PROCESSO
2024-02-23 14:44:48,089; INFO; teste2.process.465: PROCESSO 35 A SER TRATADO: {'data': '08-01-2024', 'pi': '3784486', 'inv': '14240038', 'moeda': 'EUR', 'montante': '-1624.84', 'saldo': '14565.04', 'nome': 'AG Barista IV B.V.', 'cod': None}
2024-02-23 14:44:48,090; INFO; teste2.process.476: inv original 14240038. tamanho 8
2024-02-23 14:44:48,090; INFO; teste2.process.480: inv TRATADA 01424003801. tamanho 11
2024-02-23 14:44:48,090; INFO; functions.createRowExcel.905: Criando linha do EXCEL 3784486 - 08012024 - 14240038 - EUR - 1624,84 - AG Barista IV B.V. - None - 00 - 00
2024-02-23 14:44:48,091; INFO; teste2.process.462: PASSANDO PARA PROXIMO PROCESSO
2024-02-23 14:44:48,091; INFO; teste2.process.465: PROCESSO 36 A SER TRATADO: {'data': '07-01-2024', 'pi': '3782176', 'inv': '2120023151', 'moeda': 'EUR', 'montante': '-13107.62', 'saldo': '11189.88', 'nome': 'Intertrust B.V.', 'cod': None}
2024-02-23 14:44:48,095; INFO; teste2.process.476: inv original 2120023151. tamanho 10
2024-02-23 14:44:48,096; INFO; teste2.process.480: inv TRATADA 212002315101. tamanho 12
2024-02-23 14:44:48,096; INFO; functions.createRowExcel.905: Criando linha do EXCEL 3782176 - 07012024 - 2120023151 - EUR - 13107,62 - Intertrust B.V. - None - 00 - 00
2024-02-23 14:44:48,097; INFO; teste2.process.462: PASSANDO PARA PROXIMO PROCESSO
2024-02-23 14:44:48,097; INFO; teste2.process.465: PROCESSO 37 A SER TRATADO: {'data': '04-01-2024', 'pi': '3779076', 'inv': '6207483', 'moeda': 'NOK', 'montante': '-857316.23', 'saldo': '30413.26', 'nome': 'Ulmatec Skipservice AS', 'cod': None}
2024-02-23 14:44:48,098; INFO; teste2.process.476: inv original 6207483. tamanho 7
2024-02-23 14:44:48,098; INFO; teste2.process.480: inv TRATADA 00620748301. tamanho 11
2024-02-23 14:44:48,098; INFO; functions.createRowExcel.905: Criando linha do EXCEL 3779076 - 04012024 - 6207483 - NOK - 857316,23 - Ulmatec Skipservice AS - None - 00 - 00
2024-02-23 14:44:48,099; INFO; teste2.process.462: PASSANDO PARA PROXIMO PROCESSO
2024-02-23 14:44:48,099; INFO; teste2.process.465: PROCESSO 38 A SER TRATADO: {'data': '04-01-2024', 'pi': '3779073', 'inv': '6207488', 'moeda': 'NOK', 'montante': '-1351540.30', 'saldo': '887729.49', 'nome': 'Ulmatec Skipservice AS', 'cod': None}
2024-02-23 14:44:48,099; INFO; teste2.process.476: inv original 6207488. tamanho 7
2024-02-23 14:44:48,100; INFO; teste2.process.480: inv TRATADA 00620748801. tamanho 11
2024-02-23 14:44:48,100; INFO; functions.createRowExcel.905: Criando linha do EXCEL 3779073 - 04012024 - 6207488 - NOK - 1351540,30 - Ulmatec Skipservice AS - None - 00 - 00
2024-02-23 14:44:48,101; INFO; teste2.process.462: PASSANDO PARA PROXIMO PROCESSO
2024-02-23 14:44:48,101; INFO; teste2.process.465: PROCESSO 39 A SER TRATADO: {'data': '04-01-2024', 'pi': '3779068', 'inv': '6207480', 'moeda': 'NOK', 'montante': '-1836000.00', 'saldo': '2239269.79', 'nome': 'Ulmatec Skipservice AS', 'cod': None}
2024-02-23 14:44:48,101; INFO; teste2.process.476: inv original 6207480. tamanho 7
2024-02-23 14:44:48,101; INFO; teste2.process.480: inv TRATADA 00620748001. tamanho 11
2024-02-23 14:44:48,101; INFO; functions.createRowExcel.905: Criando linha do EXCEL 3779068 - 04012024 - 6207480 - NOK - 1836000,00 - Ulmatec Skipservice AS - None - 00 - 00
2024-02-23 14:44:48,104; INFO; teste2.process.462: PASSANDO PARA PROXIMO PROCESSO
2024-02-23 14:44:48,104; INFO; teste2.process.465: PROCESSO 40 A SER TRATADO: {'data': '04-01-2024', 'pi': '3779063', 'inv': '6207486', 'moeda': 'NOK', 'montante': '-1836000.00', 'saldo': '4075269.79', 'nome': 'Ulmatec Skipservice AS', 'cod': None}
2024-02-23 14:44:48,105; INFO; teste2.process.476: inv original 6207486. tamanho 7
2024-02-23 14:44:48,105; INFO; teste2.process.480: inv TRATADA 00620748601. tamanho 11
2024-02-23 14:44:48,105; INFO; functions.createRowExcel.905: Criando linha do EXCEL 3779063 - 04012024 - 6207486 - NOK - 1836000,00 - Ulmatec Skipservice AS - None - 00 - 00
2024-02-23 14:44:48,106; INFO; teste2.process.462: PASSANDO PARA PROXIMO PROCESSO
2024-02-23 14:44:48,106; INFO; teste2.process.465: PROCESSO 41 A SER TRATADO: {'data': '04-01-2024', 'pi': '3779061', 'inv': '6207475', 'moeda': 'NOK', 'montante': '-1836000.00', 'saldo': '5911269.79', 'nome': 'Ulmatec Skipservice AS', 'cod': None}
2024-02-23 14:44:48,106; INFO; teste2.process.476: inv original 6207475. tamanho 7
2024-02-23 14:44:48,107; INFO; teste2.process.480: inv TRATADA 00620747501. tamanho 11
2024-02-23 14:44:48,107; INFO; functions.createRowExcel.905: Criando linha do EXCEL 3779061 - 04012024 - 6207475 - NOK - 1836000,00 - Ulmatec Skipservice AS - None - 00 - 00
2024-02-23 14:44:48,108; INFO; teste2.process.462: PASSANDO PARA PROXIMO PROCESSO
2024-02-23 14:44:48,108; INFO; teste2.process.465: PROCESSO 42 A SER TRATADO: {'data': '04-01-2024', 'pi': '3778834', 'inv': '6207560', 'moeda': 'NOK', 'montante': '-364784.48', 'saldo': '22269.79', 'nome': 'Ulmatec Skipservice AS', 'cod': None}
2024-02-23 14:44:48,108; INFO; teste2.process.476: inv original 6207560. tamanho 7
2024-02-23 14:44:48,108; INFO; teste2.process.480: inv TRATADA 00620756001. tamanho 11
2024-02-23 14:44:48,109; INFO; functions.createRowExcel.905: Criando linha do EXCEL 3778834 - 04012024 - 6207560 - NOK - 364784,48 - Ulmatec Skipservice AS - None - 00 - 00
2024-02-23 14:44:48,109; INFO; teste2.process.462: PASSANDO PARA PROXIMO PROCESSO
2024-02-23 14:44:48,110; INFO; teste2.process.465: PROCESSO 43 A SER TRATADO: {'data': '04-01-2024', 'pi': '3778831', 'inv': '6207563', 'moeda': 'NOK', 'montante': '-456380.96', 'saldo': '387054.27', 'nome': 'Ulmatec Skipservice AS', 'cod': None}
2024-02-23 14:44:48,110; INFO; teste2.process.476: inv original 6207563. tamanho 7
2024-02-23 14:44:48,110; INFO; teste2.process.480: inv TRATADA 00620756301. tamanho 11
2024-02-23 14:44:48,110; INFO; functions.createRowExcel.905: Criando linha do EXCEL 3778831 - 04012024 - 6207563 - NOK - 456380,96 - Ulmatec Skipservice AS - None - 00 - 00
2024-02-23 14:44:48,111; INFO; teste2.process.462: PASSANDO PARA PROXIMO PROCESSO
2024-02-23 14:44:48,111; INFO; teste2.process.465: PROCESSO 44 A SER TRATADO: {'data': '04-01-2024', 'pi': '3778829', 'inv': '6207565', 'moeda': 'NOK', 'montante': '-621458.50', 'saldo': '843435.23', 'nome': 'Ulmatec Skipservice AS', 'cod': None}
2024-02-23 14:44:48,112; INFO; teste2.process.476: inv original 6207565. tamanho 7
2024-02-23 14:44:48,112; INFO; teste2.process.480: inv TRATADA 00620756501. tamanho 11
2024-02-23 14:44:48,112; INFO; functions.createRowExcel.905: Criando linha do EXCEL 3778829 - 04012024 - 6207565 - NOK - 621458,50 - Ulmatec Skipservice AS - None - 00 - 00
2024-02-23 14:44:48,113; INFO; teste2.process.462: PASSANDO PARA PROXIMO PROCESSO
2024-02-23 14:44:48,113; INFO; teste2.process.465: PROCESSO 45 A SER TRATADO: {'data': '04-01-2024', 'pi': '3778827', 'inv': '6207573', 'moeda': 'NOK', 'montante': '-140007.07', 'saldo': '1464893.73', 'nome': 'Ulmatec Skipservice AS', 'cod': None}
2024-02-23 14:44:48,113; INFO; teste2.process.476: inv original 6207573. tamanho 7
2024-02-23 14:44:48,113; INFO; teste2.process.480: inv TRATADA 00620757301. tamanho 11
2024-02-23 14:44:48,114; INFO; functions.createRowExcel.905: Criando linha do EXCEL 3778827 - 04012024 - 6207573 - NOK - 140007,07 - Ulmatec Skipservice AS - None - 00 - 00
2024-02-23 14:44:48,114; INFO; teste2.process.462: PASSANDO PARA PROXIMO PROCESSO
2024-02-23 14:44:48,115; INFO; teste2.process.465: PROCESSO 46 A SER TRATADO: {'data': '04-01-2024', 'pi': '3779070', 'inv': '6207453', 'moeda': 'NOK', 'montante': '-8944.32', 'saldo': '24900.80', 'nome': 'Ulmatec Skipservice AS', 'cod': None}
2024-02-23 14:44:48,116; INFO; teste2.process.476: inv original 6207453. tamanho 7
2024-02-23 14:44:48,117; INFO; teste2.process.480: inv TRATADA 00620745301. tamanho 11
2024-02-23 14:44:48,117; INFO; functions.createRowExcel.905: Criando linha do EXCEL 3779070 - 04012024 - 6207453 - NOK - 8944,32 - Ulmatec Skipservice AS - None - 00 - 00
2024-02-23 14:44:48,118; INFO; teste2.process.462: PASSANDO PARA PROXIMO PROCESSO
2024-02-23 14:44:48,118; INFO; teste2.process.465: PROCESSO 47 A SER TRATADO: {'data': '04-01-2024', 'pi': '3776948', 'inv': '004', 'moeda': 'EUR', 'montante': '-361830.00', 'saldo': '24297.50', 'nome': 'Tschudi Ship Management AS', 'cod': None}
2024-02-23 14:44:48,119; INFO; teste2.process.476: inv original 004. tamanho 3
2024-02-23 14:44:48,119; INFO; teste2.process.480: inv TRATADA 00000000401. tamanho 11
2024-02-23 14:44:48,120; INFO; functions.createRowExcel.905: Criando linha do EXCEL 3776948 - 04012024 - 004 - EUR - 361830,00 - Tschudi Ship Management AS - None - 00 - 00
2024-02-23 14:44:48,120; INFO; teste2.process.462: PASSANDO PARA PROXIMO PROCESSO
2024-02-23 14:44:48,121; INFO; teste2.process.465: PROCESSO 48 A SER TRATADO: {'data': '04-01-2024', 'pi': '3776769', 'inv': '004', 'moeda': 'LLC', 'montante': '-4500.00', 'saldo': '1396987.50', 'nome': 'Blue Gimbals Consultancy FZ-LLC', 'cod': None}
2024-02-23 14:44:48,121; INFO; teste2.process.476: inv original 004. tamanho 3
2024-02-23 14:44:48,122; INFO; teste2.process.480: inv TRATADA 00000000401. tamanho 11
2024-02-23 14:44:48,122; INFO; functions.createRowExcel.905: Criando linha do EXCEL 3776769 - 04012024 - 004 - LLC - 4500,00 - Blue Gimbals Consultancy FZ-LLC - None - 00 - 00
2024-02-23 14:44:48,122; INFO; teste2.process.462: PASSANDO PARA PROXIMO PROCESSO
2024-02-23 14:44:48,123; INFO; teste2.process.465: PROCESSO 49 A SER TRATADO: {'data': '04-01-2024', 'pi': '3776751', 'inv': '8001759', 'moeda': 'USD', 'montante': '-36252.00', 'saldo': '1401487.50', 'nome': 'Kongsberg Discovery AS', 'cod': None}
2024-02-23 14:44:48,123; INFO; teste2.process.476: inv original 8001759. tamanho 7
2024-02-23 14:44:48,123; INFO; teste2.process.480: inv TRATADA 00800175901. tamanho 11
2024-02-23 14:44:48,124; INFO; functions.createRowExcel.905: Criando linha do EXCEL 3776751 - 04012024 - 8001759 - USD - 36252,00 - Kongsberg Discovery AS - None - 00 - 00
2024-02-23 14:44:48,125; INFO; teste2.process.462: PASSANDO PARA PROXIMO PROCESSO
2024-02-23 14:44:48,125; INFO; teste2.process.465: PROCESSO 50 A SER TRATADO: {'data': '03-01-2024', 'pi': '3774216', 'inv': '361844', 'moeda': 'NOK', 'montante': '-2305504.00', 'saldo': '33845.12', 'nome': 'Green Yard Kleven AS', 'cod': None}
2024-02-23 14:44:48,125; INFO; teste2.process.476: inv original 361844. tamanho 6
2024-02-23 14:44:48,126; INFO; teste2.process.480: inv TRATADA 00036184401. tamanho 11
2024-02-23 14:44:48,126; INFO; functions.createRowExcel.905: Criando linha do EXCEL 3774216 - 03012024 - 361844 - NOK - 2305504,00 - Green Yard Kleven AS - None - 00 - 00
2024-02-23 14:44:48,126; INFO; teste2.process.462: PASSANDO PARA PROXIMO PROCESSO
2024-02-23 14:44:48,126; INFO; teste2.process.465: PROCESSO 51 A SER TRATADO: {'data': '03-01-2024', 'pi': '3774214', 'inv': '361845', 'moeda': 'NOK', 'montante': '-7143684.98', 'saldo': '2339349.12', 'nome': 'Green Yard Kleven AS', 'cod': None}
2024-02-23 14:44:48,126; INFO; teste2.process.476: inv original 361845. tamanho 6
2024-02-23 14:44:48,126; INFO; teste2.process.480: inv TRATADA 00036184501. tamanho 11
2024-02-23 14:44:48,126; INFO; functions.createRowExcel.905: Criando linha do EXCEL 3774214 - 03012024 - 361845 - NOK - 7143684,98 - Green Yard Kleven AS - None - 00 - 00
2024-02-23 14:44:48,129; INFO; teste2.process.462: PASSANDO PARA PROXIMO PROCESSO
2024-02-23 14:44:48,129; INFO; teste2.process.465: PROCESSO 52 A SER TRATADO: {'data': '03-01-2024', 'pi': '3774208', 'inv': '6207211', 'moeda': 'NOK', 'montante': '-604810.00', 'saldo': '183034.10', 'nome': 'Ulmatec Skipservice AS', 'cod': None}
2024-02-23 14:44:48,129; INFO; teste2.process.476: inv original 6207211. tamanho 7
2024-02-23 14:44:48,130; INFO; teste2.process.480: inv TRATADA 00620721101. tamanho 11
2024-02-23 14:44:48,130; INFO; functions.createRowExcel.905: Criando linha do EXCEL 3774208 - 03012024 - 6207211 - NOK - 604810,00 - Ulmatec Skipservice AS - None - 00 - 00
2024-02-23 14:44:48,130; INFO; teste2.process.462: PASSANDO PARA PROXIMO PROCESSO
2024-02-23 14:44:48,131; INFO; teste2.process.465: PROCESSO 53 A SER TRATADO: {'data': '03-01-2024', 'pi': '3774204', 'inv': '1027781', 'moeda': 'NOK', 'montante': '-125960.90', 'saldo': '787844.10', 'nome': 'DIMO', 'cod': None}
2024-02-23 14:44:48,131; INFO; teste2.process.476: inv original 1027781. tamanho 7
2024-02-23 14:44:48,131; INFO; teste2.process.480: inv TRATADA 00102778101. tamanho 11
2024-02-23 14:44:48,132; INFO; functions.createRowExcel.905: Criando linha do EXCEL 3774204 - 03012024 - 1027781 - NOK - 125960,90 - DIMO - None - 00 - 00
2024-02-23 14:44:48,132; INFO; teste2.process.462: PASSANDO PARA PROXIMO PROCESSO
2024-02-23 14:44:48,132; INFO; teste2.process.465: PROCESSO 54 A SER TRATADO: {'data': '03-01-2024', 'pi': '3774202', 'inv': '6207389', 'moeda': 'NOK', 'montante': '-150210.00', 'saldo': '913805.00', 'nome': 'Ulmatec Skipservice AS', 'cod': None}
2024-02-23 14:44:48,133; INFO; teste2.process.476: inv original 6207389. tamanho 7
2024-02-23 14:44:48,133; INFO; teste2.process.480: inv TRATADA 00620738901. tamanho 11
2024-02-23 14:44:48,133; INFO; functions.createRowExcel.905: Criando linha do EXCEL 3774202 - 03012024 - 6207389 - NOK - 150210,00 - Ulmatec Skipservice AS - None - 00 - 00
2024-02-23 14:44:48,134; INFO; teste2.process.462: PASSANDO PARA PROXIMO PROCESSO
2024-02-23 14:44:48,134; INFO; teste2.process.465: PROCESSO 55 A SER TRATADO: {'data': '03-01-2024', 'pi': '3774158', 'inv': '10787', 'moeda': 'NOK', 'montante': '-20738.00', 'saldo': '1064015.00', 'nome': 'Marin Teknikk AS', 'cod': None}
2024-02-23 14:44:48,134; INFO; teste2.process.476: inv original 10787. tamanho 5
2024-02-23 14:44:48,134; INFO; teste2.process.480: inv TRATADA 00001078701. tamanho 11
2024-02-23 14:44:48,135; INFO; functions.createRowExcel.905: Criando linha do EXCEL 3774158 - 03012024 - 10787 - NOK - 20738,00 - Marin Teknikk AS - None - 00 - 00
2024-02-23 14:44:48,135; INFO; teste2.process.462: PASSANDO PARA PROXIMO PROCESSO
2024-02-23 14:44:48,135; INFO; teste2.process.465: PROCESSO 56 A SER TRATADO: {'data': '03-01-2024', 'pi': '3774156', 'inv': '10785', 'moeda': 'NOK', 'montante': '-81000.00', 'saldo': '1084753.00', 'nome': 'Marin Teknikk AS', 'cod': None}
2024-02-23 14:44:48,136; INFO; teste2.process.476: inv original 10785. tamanho 5
2024-02-23 14:44:48,136; INFO; teste2.process.480: inv TRATADA 00001078501. tamanho 11
2024-02-23 14:44:48,136; INFO; functions.createRowExcel.905: Criando linha do EXCEL 3774156 - 03012024 - 10785 - NOK - 81000,00 - Marin Teknikk AS - None - 00 - 00
2024-02-23 14:44:48,137; INFO; teste2.process.462: PASSANDO PARA PROXIMO PROCESSO
2024-02-23 14:44:48,137; INFO; teste2.process.465: PROCESSO 57 A SER TRATADO: {'data': '03-01-2024', 'pi': '3774210', 'inv': '10721', 'moeda': 'USD', 'montante': '-600.00', 'saldo': '1437739.50', 'nome': 'Mackay Communication Inc', 'cod': None}
2024-02-23 14:44:48,137; INFO; teste2.process.476: inv original 10721. tamanho 5
2024-02-23 14:44:48,137; INFO; teste2.process.480: inv TRATADA 00001072101. tamanho 11
2024-02-23 14:44:48,138; INFO; functions.createRowExcel.905: Criando linha do EXCEL 3774210 - 03012024 - 10721 - USD - 600,00 - Mackay Communication Inc - None - 00 - 00
2024-02-23 14:44:48,138; INFO; teste2.process.462: PASSANDO PARA PROXIMO PROCESSO
2024-02-23 14:44:48,139; INFO; teste2.process.465: PROCESSO 58 A SER TRATADO: {'data': '03-01-2024', 'pi': '3774207', 'inv': '10721', 'moeda': 'USD', 'montante': '-90512.02', 'saldo': '1438339.50', 'nome': 'UNISEA', 'cod': None}
2024-02-23 14:44:48,139; INFO; teste2.process.476: inv original 10721. tamanho 5
2024-02-23 14:44:48,139; INFO; teste2.process.480: inv TRATADA 00001072101. tamanho 11
2024-02-23 14:44:48,139; INFO; functions.createRowExcel.905: Criando linha do EXCEL 3774207 - 03012024 - 10721 - USD - 90512,02 - UNISEA - None - 00 - 00
2024-02-23 14:44:48,140; INFO; teste2.process.462: PASSANDO PARA PROXIMO PROCESSO
2024-02-23 14:44:48,140; INFO; teste2.process.465: PROCESSO 59 A SER TRATADO: {'data': '03-01-2024', 'pi': '3774195', 'inv': '10790', 'moeda': 'USD', 'montante': '-1650000.00', 'saldo': '4208851.52', 'nome': 'Wikborg Rein Advokatfirma AS', 'cod': None}
2024-02-23 14:44:48,140; INFO; teste2.process.476: inv original 10790. tamanho 5
2024-02-23 14:44:48,141; INFO; teste2.process.480: inv TRATADA 00001079001. tamanho 11
2024-02-23 14:44:48,141; INFO; functions.createRowExcel.905: Criando linha do EXCEL 3774195 - 03012024 - 10790 - USD - 1650000,00 - Wikborg Rein Advokatfirma AS - None - 00 - 00
2024-02-23 14:44:48,141; INFO; teste2.process.462: PASSANDO PARA PROXIMO PROCESSO
2024-02-23 14:44:48,142; INFO; teste2.process.465: PROCESSO 60 A SER TRATADO: {'data': '03-01-2024', 'pi': '3774175', 'inv': '10790', 'moeda': 'USD', 'montante': '-12850.00', 'saldo': '5858851.52', 'nome': 'MARIN TEKNIKK', 'cod': None}
2024-02-23 14:44:48,142; INFO; teste2.process.476: inv original 10790. tamanho 5
2024-02-23 14:44:48,142; INFO; teste2.process.480: inv TRATADA 00001079001. tamanho 11
2024-02-23 14:44:48,143; INFO; functions.createRowExcel.905: Criando linha do EXCEL 3774175 - 03012024 - 10790 - USD - 12850,00 - MARIN TEKNIKK - None - 00 - 00
2024-02-23 14:44:48,143; INFO; teste2.process.462: PASSANDO PARA PROXIMO PROCESSO
2024-02-23 14:44:48,143; INFO; teste2.process.465: PROCESSO 61 A SER TRATADO: {'data': '03-01-2024', 'pi': '3774199', 'inv': '410010690223', 'moeda': 'DNV', 'montante': '-7510.67', 'saldo': '16127.50', 'nome': 'DNV AS', 'cod': None}
2024-02-23 14:44:48,144; INFO; teste2.process.476: inv original 410010690223. tamanho 12
2024-02-23 14:44:48,144; INFO; teste2.process.480: inv TRATADA 41001069022301. tamanho 14
2024-02-23 14:44:48,144; INFO; functions.createRowExcel.905: Criando linha do EXCEL 3774199 - 03012024 - 410010690223 - DNV - 7510,67 - DNV AS - None - 00 - 00
2024-02-23 14:44:48,145; INFO; teste2.process.462: PASSANDO PARA PROXIMO PROCESSO
2024-02-23 14:44:48,145; INFO; teste2.process.465: PROCESSO 62 A SER TRATADO: {'data': '02-01-2024', 'pi': '3771660', 'inv': '1189863', 'moeda': 'GBP', 'montante': '-155169.00', 'saldo': '4503.55', 'nome': 'European Management Marine Corp', 'cod': None}
2024-02-23 14:44:48,145; INFO; teste2.process.476: inv original 1189863. tamanho 7
2024-02-23 14:44:48,146; INFO; teste2.process.480: inv TRATADA 00118986301. tamanho 11
2024-02-23 14:44:48,146; INFO; functions.createRowExcel.905: Criando linha do EXCEL 3771660 - 02012024 - 1189863 - GBP - 155169,00 - European Management Marine Corp - None - 00 - 00
2024-02-23 14:44:48,148; INFO; teste2.process.462: PASSANDO PARA PROXIMO PROCESSO
2024-02-23 14:44:48,148; INFO; teste2.process.465: PROCESSO 63 A SER TRATADO: {'data': '02-01-2024', 'pi': '3771632', 'inv': '6207287', 'moeda': 'NOK', 'montante': '-1110419.00', 'saldo': '1165753.00', 'nome': 'Ulmatec Skipservice AS', 'cod': None}
2024-02-23 14:44:48,149; INFO; teste2.process.476: inv original 6207287. tamanho 7
2024-02-23 14:44:48,149; INFO; teste2.process.480: inv TRATADA 00620728701. tamanho 11
2024-02-23 14:44:48,149; INFO; functions.createRowExcel.905: Criando linha do EXCEL 3771632 - 02012024 - 6207287 - NOK - 1110419,00 - Ulmatec Skipservice AS - None - 00 - 00
2024-02-23 14:44:48,150; INFO; teste2.process.462: PASSANDO PARA PROXIMO PROCESSO
2024-02-23 14:44:48,150; INFO; teste2.process.465: PROCESSO 64 A SER TRATADO: {'data': '02-01-2024', 'pi': '3771627', 'inv': '6207285', 'moeda': 'NOK', 'montante': '-1110419.00', 'saldo': '2276172.00', 'nome': 'Ulmatec Skipservice AS', 'cod': None}
2024-02-23 14:44:48,150; INFO; teste2.process.476: inv original 6207285. tamanho 7
2024-02-23 14:44:48,151; INFO; teste2.process.480: inv TRATADA 00620728501. tamanho 11
2024-02-23 14:44:48,151; INFO; functions.createRowExcel.905: Criando linha do EXCEL 3771627 - 02012024 - 6207285 - NOK - 1110419,00 - Ulmatec Skipservice AS - None - 00 - 00
2024-02-23 14:44:48,151; INFO; teste2.process.462: PASSANDO PARA PROXIMO PROCESSO
2024-02-23 14:44:48,152; INFO; teste2.process.465: PROCESSO 65 A SER TRATADO: {'data': '02-01-2024', 'pi': '3771620', 'inv': '6207397', 'moeda': 'NOK', 'montante': '-707339.15', 'saldo': '3386591.00', 'nome': 'Ulmatec Skipservice AS', 'cod': None}
2024-02-23 14:44:48,152; INFO; teste2.process.476: inv original 6207397. tamanho 7
2024-02-23 14:44:48,152; INFO; teste2.process.480: inv TRATADA 00620739701. tamanho 11
2024-02-23 14:44:48,153; INFO; functions.createRowExcel.905: Criando linha do EXCEL 3771620 - 02012024 - 6207397 - NOK - 707339,15 - Ulmatec Skipservice AS - None - 00 - 00
2024-02-23 14:44:48,153; INFO; teste2.process.462: PASSANDO PARA PROXIMO PROCESSO
2024-02-23 14:44:48,154; INFO; teste2.process.465: PROCESSO 66 A SER TRATADO: {'data': '02-01-2024', 'pi': '3771613', 'inv': '6207395', 'moeda': 'NOK', 'montante': '-465748.00', 'saldo': '4093930.15', 'nome': 'Ulmatec Skipservice AS', 'cod': None}
2024-02-23 14:44:48,154; INFO; teste2.process.476: inv original 6207395. tamanho 7
2024-02-23 14:44:48,154; INFO; teste2.process.480: inv TRATADA 00620739501. tamanho 11
2024-02-23 14:44:48,155; INFO; functions.createRowExcel.905: Criando linha do EXCEL 3771613 - 02012024 - 6207395 - NOK - 465748,00 - Ulmatec Skipservice AS - None - 00 - 00
2024-02-23 14:44:48,155; INFO; teste2.process.462: PASSANDO PARA PROXIMO PROCESSO
2024-02-23 14:44:48,155; INFO; teste2.process.465: PROCESSO 67 A SER TRATADO: {'data': '02-01-2024', 'pi': '3771611', 'inv': '6207393', 'moeda': 'NOK', 'montante': '-428786.00', 'saldo': '4559678.15', 'nome': 'Ulmatec Skipservice AS', 'cod': None}
2024-02-23 14:44:48,156; INFO; teste2.process.476: inv original 6207393. tamanho 7
2024-02-23 14:44:48,156; INFO; teste2.process.480: inv TRATADA 00620739301. tamanho 11
2024-02-23 14:44:48,156; INFO; functions.createRowExcel.905: Criando linha do EXCEL 3771611 - 02012024 - 6207393 - NOK - 428786,00 - Ulmatec Skipservice AS - None - 00 - 00
2024-02-23 14:44:48,158; INFO; teste2.process.462: PASSANDO PARA PROXIMO PROCESSO
2024-02-23 14:44:48,160; INFO; teste2.process.465: PROCESSO 68 A SER TRATADO: {'data': '02-01-2024', 'pi': '3771608', 'inv': '6207390', 'moeda': 'NOK', 'montante': '-538963.75', 'saldo': '4988464.15', 'nome': 'Ulmatec Skipservice AS', 'cod': None}
2024-02-23 14:44:48,160; INFO; teste2.process.476: inv original 6207390. tamanho 7
2024-02-23 14:44:48,161; INFO; teste2.process.480: inv TRATADA 00620739001. tamanho 11
2024-02-23 14:44:48,161; INFO; functions.createRowExcel.905: Criando linha do EXCEL 3771608 - 02012024 - 6207390 - NOK - 538963,75 - Ulmatec Skipservice AS - None - 00 - 00
2024-02-23 14:44:48,162; INFO; teste2.process.462: PASSANDO PARA PROXIMO PROCESSO
2024-02-23 14:44:48,162; INFO; teste2.process.465: PROCESSO 69 A SER TRATADO: {'data': '02-01-2024', 'pi': '3771624', 'inv': '6207283', 'moeda': 'NOK', 'montante': '-67619.00', 'saldo': '27427.90', 'nome': 'Ulmatec Skipservice AS', 'cod': None}
2024-02-23 14:44:48,162; INFO; teste2.process.476: inv original 6207283. tamanho 7
2024-02-23 14:44:48,163; INFO; teste2.process.480: inv TRATADA 00620728301. tamanho 11
2024-02-23 14:44:48,163; INFO; functions.createRowExcel.905: Criando linha do EXCEL 3771624 - 02012024 - 6207283 - NOK - 67619,00 - Ulmatec Skipservice AS - None - 00 - 00
2024-02-23 14:44:48,163; INFO; teste2.process.462: PASSANDO PARA PROXIMO PROCESSO
2024-02-23 14:44:48,164; INFO; teste2.process.465: PROCESSO 70 A SER TRATADO: {'data': '02-01-2024', 'pi': '3771652', 'inv': '410010680855', 'moeda': 'DNV', 'montante': '-11494.80', 'saldo': '11638.17', 'nome': 'DNV AS', 'cod': None}
2024-02-23 14:44:48,164; INFO; teste2.process.476: inv original 410010680855. tamanho 12
2024-02-23 14:44:48,164; INFO; teste2.process.480: inv TRATADA 41001068085501. tamanho 14
2024-02-23 14:44:48,164; INFO; functions.createRowExcel.905: Criando linha do EXCEL 3771652 - 02012024 - 410010680855 - DNV - 11494,80 - DNV AS - None - 00 - 00
2024-02-23 14:44:48,165; INFO; teste2.process.462: PASSANDO PARA PROXIMO PROCESSO
2024-02-23 14:44:48,165; INFO; teste2.process.465: PROCESSO 71 A SER TRATADO: {'data': '02-01-2024', 'pi': '3771658', 'inv': '6300085845', 'moeda': 'USD', 'montante': '-3325.88', 'saldo': '7538868.48', 'nome': 'Marlink SA', 'cod': None}
2024-02-23 14:44:48,165; INFO; teste2.process.476: inv original 6300085845. tamanho 10
2024-02-23 14:44:48,166; INFO; teste2.process.480: inv TRATADA 630008584501. tamanho 12
2024-02-23 14:44:48,166; INFO; functions.createRowExcel.905: Criando linha do EXCEL 3771658 - 02012024 - 6300085845 - USD - 3325,88 - Marlink SA - None - 00 - 00
2024-02-23 14:44:48,166; INFO; teste2.process.462: PASSANDO PARA PROXIMO PROCESSO
2024-02-23 14:44:48,167; INFO; teste2.process.465: PROCESSO 72 A SER TRATADO: {'data': '02-01-2024', 'pi': '3771656', 'inv': '6300088124', 'moeda': 'USD', 'montante': '-3323.00', 'saldo': '7542194.36', 'nome': 'Marlink SA', 'cod': None}
2024-02-23 14:44:48,167; INFO; teste2.process.476: inv original 6300088124. tamanho 10
2024-02-23 14:44:48,167; INFO; teste2.process.480: inv TRATADA 630008812401. tamanho 12
2024-02-23 14:44:48,168; INFO; functions.createRowExcel.905: Criando linha do EXCEL 3771656 - 02012024 - 6300088124 - USD - 3323,00 - Marlink SA - None - 00 - 00
2024-02-23 14:44:48,168; INFO; teste2.process.462: PASSANDO PARA PROXIMO PROCESSO
2024-02-23 14:44:48,168; INFO; teste2.process.465: PROCESSO 73 A SER TRATADO: {'data': '08-01-2024', 'pi': '3785674', 'inv': '023800126', 'moeda': 'NOK', 'montante': '-918750.00', 'saldo': '41663.26', 'nome': 'Brunvoll AS', 'cod': None}
2024-02-23 14:44:48,169; INFO; teste2.process.476: inv original 023800126. tamanho 9
2024-02-23 14:44:48,169; INFO; teste2.process.480: inv TRATADA 02380012601. tamanho 11
2024-02-23 14:44:48,169; INFO; functions.createRowExcel.905: Criando linha do EXCEL 3785674 - 08012024 - 023800126 - NOK - 918750,00 - Brunvoll AS - None - 00 - 00
2024-02-23 14:44:48,170; INFO; teste2.process.462: PASSANDO PARA PROXIMO PROCESSO
2024-02-23 14:44:48,170; INFO; teste2.process.465: PROCESSO 74 A SER TRATADO: {'data': '04-01-2024', 'pi': '3779076', 'inv': '6207483', 'moeda': 'NOK', 'montante': '-857316.23', 'saldo': '30413.26', 'nome': 'Ulmatec Skipservice AS', 'cod': None}
2024-02-23 14:44:48,170; INFO; teste2.process.476: inv original 6207483. tamanho 7
2024-02-23 14:44:48,170; INFO; teste2.process.480: inv TRATADA 00620748301. tamanho 11
2024-02-23 14:44:48,171; INFO; functions.createRowExcel.905: Criando linha do EXCEL 3779076 - 04012024 - 6207483 - NOK - 857316,23 - Ulmatec Skipservice AS - None - 00 - 00
2024-02-23 14:44:48,171; INFO; teste2.process.462: PASSANDO PARA PROXIMO PROCESSO
2024-02-23 14:44:48,171; INFO; teste2.process.465: PROCESSO 75 A SER TRATADO: {'data': '04-01-2024', 'pi': '3779073', 'inv': '6207488', 'moeda': 'NOK', 'montante': '-1351540.30', 'saldo': '887729.49', 'nome': 'Ulmatec Skipservice AS', 'cod': None}
2024-02-23 14:44:48,172; INFO; teste2.process.476: inv original 6207488. tamanho 7
2024-02-23 14:44:48,172; INFO; teste2.process.480: inv TRATADA 00620748801. tamanho 11
2024-02-23 14:44:48,172; INFO; functions.createRowExcel.905: Criando linha do EXCEL 3779073 - 04012024 - 6207488 - NOK - 1351540,30 - Ulmatec Skipservice AS - None - 00 - 00
2024-02-23 14:44:48,173; INFO; teste2.process.462: PASSANDO PARA PROXIMO PROCESSO
2024-02-23 14:44:48,173; INFO; teste2.process.465: PROCESSO 76 A SER TRATADO: {'data': '04-01-2024', 'pi': '3779068', 'inv': '6207480', 'moeda': 'NOK', 'montante': '-1836000.00', 'saldo': '2239269.79', 'nome': 'Ulmatec Skipservice AS', 'cod': None}
2024-02-23 14:44:48,173; INFO; teste2.process.476: inv original 6207480. tamanho 7
2024-02-23 14:44:48,174; INFO; teste2.process.480: inv TRATADA 00620748001. tamanho 11
2024-02-23 14:44:48,174; INFO; functions.createRowExcel.905: Criando linha do EXCEL 3779068 - 04012024 - 6207480 - NOK - 1836000,00 - Ulmatec Skipservice AS - None - 00 - 00
2024-02-23 14:44:48,174; INFO; teste2.process.462: PASSANDO PARA PROXIMO PROCESSO
2024-02-23 14:44:48,175; INFO; teste2.process.465: PROCESSO 77 A SER TRATADO: {'data': '04-01-2024', 'pi': '3779063', 'inv': '6207486', 'moeda': 'NOK', 'montante': '-1836000.00', 'saldo': '4075269.79', 'nome': 'Ulmatec Skipservice AS', 'cod': None}
2024-02-23 14:44:48,175; INFO; teste2.process.476: inv original 6207486. tamanho 7
2024-02-23 14:44:48,175; INFO; teste2.process.480: inv TRATADA 00620748601. tamanho 11
2024-02-23 14:44:48,175; INFO; functions.createRowExcel.905: Criando linha do EXCEL 3779063 - 04012024 - 6207486 - NOK - 1836000,00 - Ulmatec Skipservice AS - None - 00 - 00
2024-02-23 14:44:48,176; INFO; teste2.process.462: PASSANDO PARA PROXIMO PROCESSO
2024-02-23 14:44:48,177; INFO; teste2.process.465: PROCESSO 78 A SER TRATADO: {'data': '04-01-2024', 'pi': '3779061', 'inv': '6207475', 'moeda': 'NOK', 'montante': '-1836000.00', 'saldo': '5911269.79', 'nome': 'Ulmatec Skipservice AS', 'cod': None}
2024-02-23 14:44:48,178; INFO; teste2.process.476: inv original 6207475. tamanho 7
2024-02-23 14:44:48,178; INFO; teste2.process.480: inv TRATADA 00620747501. tamanho 11
2024-02-23 14:44:48,179; INFO; functions.createRowExcel.905: Criando linha do EXCEL 3779061 - 04012024 - 6207475 - NOK - 1836000,00 - Ulmatec Skipservice AS - None - 00 - 00
2024-02-23 14:44:48,179; INFO; teste2.process.462: PASSANDO PARA PROXIMO PROCESSO
2024-02-23 14:44:48,180; INFO; teste2.process.465: PROCESSO 79 A SER TRATADO: {'data': '04-01-2024', 'pi': '3778834', 'inv': '6207560', 'moeda': 'NOK', 'montante': '-364784.48', 'saldo': '22269.79', 'nome': 'Ulmatec Skipservice AS', 'cod': None}
2024-02-23 14:44:48,180; INFO; teste2.process.476: inv original 6207560. tamanho 7
2024-02-23 14:44:48,180; INFO; teste2.process.480: inv TRATADA 00620756001. tamanho 11
2024-02-23 14:44:48,181; INFO; functions.createRowExcel.905: Criando linha do EXCEL 3778834 - 04012024 - 6207560 - NOK - 364784,48 - Ulmatec Skipservice AS - None - 00 - 00
2024-02-23 14:44:48,181; INFO; teste2.process.462: PASSANDO PARA PROXIMO PROCESSO
2024-02-23 14:44:48,182; INFO; teste2.process.465: PROCESSO 80 A SER TRATADO: {'data': '04-01-2024', 'pi': '3778831', 'inv': '6207563', 'moeda': 'NOK', 'montante': '-456380.96', 'saldo': '387054.27', 'nome': 'Ulmatec Skipservice AS', 'cod': None}
2024-02-23 14:44:48,182; INFO; teste2.process.476: inv original 6207563. tamanho 7
2024-02-23 14:44:48,183; INFO; teste2.process.480: inv TRATADA 00620756301. tamanho 11
2024-02-23 14:44:48,183; INFO; functions.createRowExcel.905: Criando linha do EXCEL 3778831 - 04012024 - 6207563 - NOK - 456380,96 - Ulmatec Skipservice AS - None - 00 - 00
2024-02-23 14:44:48,184; INFO; teste2.process.462: PASSANDO PARA PROXIMO PROCESSO
2024-02-23 14:44:48,184; INFO; teste2.process.465: PROCESSO 81 A SER TRATADO: {'data': '04-01-2024', 'pi': '3778829', 'inv': '6207565', 'moeda': 'NOK', 'montante': '-621458.50', 'saldo': '843435.23', 'nome': 'Ulmatec Skipservice AS', 'cod': None}
2024-02-23 14:44:48,184; INFO; teste2.process.476: inv original 6207565. tamanho 7
2024-02-23 14:44:48,185; INFO; teste2.process.480: inv TRATADA 00620756501. tamanho 11
2024-02-23 14:44:48,185; INFO; functions.createRowExcel.905: Criando linha do EXCEL 3778829 - 04012024 - 6207565 - NOK - 621458,50 - Ulmatec Skipservice AS - None - 00 - 00
2024-02-23 14:44:48,185; INFO; teste2.process.462: PASSANDO PARA PROXIMO PROCESSO
2024-02-23 14:44:48,186; INFO; teste2.process.465: PROCESSO 82 A SER TRATADO: {'data': '04-01-2024', 'pi': '3778827', 'inv': '6207573', 'moeda': 'NOK', 'montante': '-140007.07', 'saldo': '1464893.73', 'nome': 'Ulmatec Skipservice AS', 'cod': None}
2024-02-23 14:44:48,186; INFO; teste2.process.476: inv original 6207573. tamanho 7
2024-02-23 14:44:48,237; INFO; teste2.process.480: inv TRATADA 00620757301. tamanho 11
2024-02-23 14:44:48,255; INFO; functions.createRowExcel.905: Criando linha do EXCEL 3778827 - 04012024 - 6207573 - NOK - 140007,07 - Ulmatec Skipservice AS - None - 00 - 00
2024-02-23 14:44:48,257; INFO; teste2.process.462: PASSANDO PARA PROXIMO PROCESSO
2024-02-23 14:44:48,257; INFO; teste2.process.465: PROCESSO 83 A SER TRATADO: {'data': '04-01-2024', 'pi': '3779070', 'inv': '6207453', 'moeda': 'NOK', 'montante': '-8944.32', 'saldo': '24900.80', 'nome': 'Ulmatec Skipservice AS', 'cod': None}
2024-02-23 14:44:48,257; INFO; teste2.process.476: inv original 6207453. tamanho 7
2024-02-23 14:44:48,258; INFO; teste2.process.480: inv TRATADA 00620745301. tamanho 11
2024-02-23 14:44:48,258; INFO; functions.createRowExcel.905: Criando linha do EXCEL 3779070 - 04012024 - 6207453 - NOK - 8944,32 - Ulmatec Skipservice AS - None - 00 - 00
2024-02-23 14:44:48,259; INFO; teste2.process.462: PASSANDO PARA PROXIMO PROCESSO
2024-02-23 14:44:48,259; INFO; teste2.process.465: PROCESSO 84 A SER TRATADO: {'data': '03-01-2024', 'pi': '3774216', 'inv': '361844', 'moeda': 'NOK', 'montante': '-2305504.00', 'saldo': '33845.12', 'nome': 'Green Yard Kleven AS', 'cod': None}
2024-02-23 14:44:48,259; INFO; teste2.process.476: inv original 361844. tamanho 6
2024-02-23 14:44:48,260; INFO; teste2.process.480: inv TRATADA 00036184401. tamanho 11
2024-02-23 14:44:48,260; INFO; functions.createRowExcel.905: Criando linha do EXCEL 3774216 - 03012024 - 361844 - NOK - 2305504,00 - Green Yard Kleven AS - None - 00 - 00
2024-02-23 14:44:48,261; INFO; teste2.process.462: PASSANDO PARA PROXIMO PROCESSO
2024-02-23 14:44:48,280; INFO; teste2.process.465: PROCESSO 85 A SER TRATADO: {'data': '03-01-2024', 'pi': '3774214', 'inv': '361845', 'moeda': 'NOK', 'montante': '-7143684.98', 'saldo': '2339349.12', 'nome': 'Green Yard Kleven AS', 'cod': None}
2024-02-23 14:44:48,280; INFO; teste2.process.476: inv original 361845. tamanho 6
2024-02-23 14:44:48,281; INFO; teste2.process.480: inv TRATADA 00036184501. tamanho 11
2024-02-23 14:44:48,281; INFO; functions.createRowExcel.905: Criando linha do EXCEL 3774214 - 03012024 - 361845 - NOK - 7143684,98 - Green Yard Kleven AS - None - 00 - 00
2024-02-23 14:44:48,281; INFO; teste2.process.462: PASSANDO PARA PROXIMO PROCESSO
2024-02-23 14:44:48,282; INFO; teste2.process.465: PROCESSO 86 A SER TRATADO: {'data': '03-01-2024', 'pi': '3774208', 'inv': '6207211', 'moeda': 'NOK', 'montante': '-604810.00', 'saldo': '183034.10', 'nome': 'Ulmatec Skipservice AS', 'cod': None}
2024-02-23 14:44:48,282; INFO; teste2.process.476: inv original 6207211. tamanho 7
2024-02-23 14:44:48,283; INFO; teste2.process.480: inv TRATADA 00620721101. tamanho 11
2024-02-23 14:44:48,283; INFO; functions.createRowExcel.905: Criando linha do EXCEL 3774208 - 03012024 - 6207211 - NOK - 604810,00 - Ulmatec Skipservice AS - None - 00 - 00
2024-02-23 14:44:48,284; INFO; teste2.process.462: PASSANDO PARA PROXIMO PROCESSO
2024-02-23 14:44:48,284; INFO; teste2.process.465: PROCESSO 87 A SER TRATADO: {'data': '03-01-2024', 'pi': '3774204', 'inv': '1027781', 'moeda': 'NOK', 'montante': '-125960.90', 'saldo': '787844.10', 'nome': 'DIMO', 'cod': None}
2024-02-23 14:44:48,289; INFO; teste2.process.476: inv original 1027781. tamanho 7
2024-02-23 14:44:48,289; INFO; teste2.process.480: inv TRATADA 00102778101. tamanho 11
2024-02-23 14:44:48,290; INFO; functions.createRowExcel.905: Criando linha do EXCEL 3774204 - 03012024 - 1027781 - NOK - 125960,90 - DIMO - None - 00 - 00
2024-02-23 14:44:48,290; INFO; teste2.process.462: PASSANDO PARA PROXIMO PROCESSO
2024-02-23 14:44:48,290; INFO; teste2.process.465: PROCESSO 88 A SER TRATADO: {'data': '03-01-2024', 'pi': '3774202', 'inv': '6207389', 'moeda': 'NOK', 'montante': '-150210.00', 'saldo': '913805.00', 'nome': 'Ulmatec Skipservice AS', 'cod': None}
2024-02-23 14:44:48,291; INFO; teste2.process.476: inv original 6207389. tamanho 7
2024-02-23 14:44:48,291; INFO; teste2.process.480: inv TRATADA 00620738901. tamanho 11
2024-02-23 14:44:48,291; INFO; functions.createRowExcel.905: Criando linha do EXCEL 3774202 - 03012024 - 6207389 - NOK - 150210,00 - Ulmatec Skipservice AS - None - 00 - 00
2024-02-23 14:44:48,292; INFO; teste2.process.462: PASSANDO PARA PROXIMO PROCESSO
2024-02-23 14:44:48,292; INFO; teste2.process.465: PROCESSO 89 A SER TRATADO: {'data': '03-01-2024', 'pi': '3774158', 'inv': '10787', 'moeda': 'NOK', 'montante': '-20738.00', 'saldo': '1064015.00', 'nome': 'Marin Teknikk AS', 'cod': None}
2024-02-23 14:44:48,293; INFO; teste2.process.476: inv original 10787. tamanho 5
2024-02-23 14:44:48,293; INFO; teste2.process.480: inv TRATADA 00001078701. tamanho 11
2024-02-23 14:44:48,293; INFO; functions.createRowExcel.905: Criando linha do EXCEL 3774158 - 03012024 - 10787 - NOK - 20738,00 - Marin Teknikk AS - None - 00 - 00
2024-02-23 14:44:48,294; INFO; teste2.process.462: PASSANDO PARA PROXIMO PROCESSO
2024-02-23 14:44:48,294; INFO; teste2.process.465: PROCESSO 90 A SER TRATADO: {'data': '03-01-2024', 'pi': '3774156', 'inv': '10785', 'moeda': 'NOK', 'montante': '-81000.00', 'saldo': '1084753.00', 'nome': 'Marin Teknikk AS', 'cod': None}
2024-02-23 14:44:48,294; INFO; teste2.process.476: inv original 10785. tamanho 5
2024-02-23 14:44:48,295; INFO; teste2.process.480: inv TRATADA 00001078501. tamanho 11
2024-02-23 14:44:48,295; INFO; functions.createRowExcel.905: Criando linha do EXCEL 3774156 - 03012024 - 10785 - NOK - 81000,00 - Marin Teknikk AS - None - 00 - 00
2024-02-23 14:44:48,296; INFO; teste2.process.462: PASSANDO PARA PROXIMO PROCESSO
2024-02-23 14:44:48,296; INFO; teste2.process.465: PROCESSO 91 A SER TRATADO: {'data': '02-01-2024', 'pi': '3771632', 'inv': '6207287', 'moeda': 'NOK', 'montante': '-1110419.00', 'saldo': '1165753.00', 'nome': 'Ulmatec Skipservice AS', 'cod': None}
2024-02-23 14:44:48,296; INFO; teste2.process.476: inv original 6207287. tamanho 7
2024-02-23 14:44:48,297; INFO; teste2.process.480: inv TRATADA 00620728701. tamanho 11
2024-02-23 14:44:48,297; INFO; functions.createRowExcel.905: Criando linha do EXCEL 3771632 - 02012024 - 6207287 - NOK - 1110419,00 - Ulmatec Skipservice AS - None - 00 - 00
2024-02-23 14:44:48,297; INFO; teste2.process.462: PASSANDO PARA PROXIMO PROCESSO
2024-02-23 14:44:48,298; INFO; teste2.process.465: PROCESSO 92 A SER TRATADO: {'data': '02-01-2024', 'pi': '3771627', 'inv': '6207285', 'moeda': 'NOK', 'montante': '-1110419.00', 'saldo': '2276172.00', 'nome': 'Ulmatec Skipservice AS', 'cod': None}
2024-02-23 14:44:48,298; INFO; teste2.process.476: inv original 6207285. tamanho 7
2024-02-23 14:44:48,299; INFO; teste2.process.480: inv TRATADA 00620728501. tamanho 11
2024-02-23 14:44:48,299; INFO; functions.createRowExcel.905: Criando linha do EXCEL 3771627 - 02012024 - 6207285 - NOK - 1110419,00 - Ulmatec Skipservice AS - None - 00 - 00
2024-02-23 14:44:48,299; INFO; teste2.process.462: PASSANDO PARA PROXIMO PROCESSO
2024-02-23 14:44:48,300; INFO; teste2.process.465: PROCESSO 93 A SER TRATADO: {'data': '02-01-2024', 'pi': '3771620', 'inv': '6207397', 'moeda': 'NOK', 'montante': '-707339.15', 'saldo': '3386591.00', 'nome': 'Ulmatec Skipservice AS', 'cod': None}
2024-02-23 14:44:48,300; INFO; teste2.process.476: inv original 6207397. tamanho 7
2024-02-23 14:44:48,301; INFO; teste2.process.480: inv TRATADA 00620739701. tamanho 11
2024-02-23 14:44:48,301; INFO; functions.createRowExcel.905: Criando linha do EXCEL 3771620 - 02012024 - 6207397 - NOK - 707339,15 - Ulmatec Skipservice AS - None - 00 - 00
2024-02-23 14:44:48,301; INFO; teste2.process.462: PASSANDO PARA PROXIMO PROCESSO
2024-02-23 14:44:48,302; INFO; teste2.process.465: PROCESSO 94 A SER TRATADO: {'data': '02-01-2024', 'pi': '3771613', 'inv': '6207395', 'moeda': 'NOK', 'montante': '-465748.00', 'saldo': '4093930.15', 'nome': 'Ulmatec Skipservice AS', 'cod': None}
2024-02-23 14:44:48,302; INFO; teste2.process.476: inv original 6207395. tamanho 7
2024-02-23 14:44:48,302; INFO; teste2.process.480: inv TRATADA 00620739501. tamanho 11
2024-02-23 14:44:48,303; INFO; functions.createRowExcel.905: Criando linha do EXCEL 3771613 - 02012024 - 6207395 - NOK - 465748,00 - Ulmatec Skipservice AS - None - 00 - 00
2024-02-23 14:44:48,304; INFO; teste2.process.462: PASSANDO PARA PROXIMO PROCESSO
2024-02-23 14:44:48,305; INFO; teste2.process.465: PROCESSO 95 A SER TRATADO: {'data': '02-01-2024', 'pi': '3771611', 'inv': '6207393', 'moeda': 'NOK', 'montante': '-428786.00', 'saldo': '4559678.15', 'nome': 'Ulmatec Skipservice AS', 'cod': None}
2024-02-23 14:44:48,305; INFO; teste2.process.476: inv original 6207393. tamanho 7
2024-02-23 14:44:48,305; INFO; teste2.process.480: inv TRATADA 00620739301. tamanho 11
2024-02-23 14:44:48,306; INFO; functions.createRowExcel.905: Criando linha do EXCEL 3771611 - 02012024 - 6207393 - NOK - 428786,00 - Ulmatec Skipservice AS - None - 00 - 00
2024-02-23 14:44:48,306; INFO; teste2.process.462: PASSANDO PARA PROXIMO PROCESSO
2024-02-23 14:44:48,306; INFO; teste2.process.465: PROCESSO 96 A SER TRATADO: {'data': '02-01-2024', 'pi': '3771608', 'inv': '6207390', 'moeda': 'NOK', 'montante': '-538963.75', 'saldo': '4988464.15', 'nome': 'Ulmatec Skipservice AS', 'cod': None}
2024-02-23 14:44:48,308; INFO; teste2.process.476: inv original 6207390. tamanho 7
2024-02-23 14:44:48,308; INFO; teste2.process.480: inv TRATADA 00620739001. tamanho 11
2024-02-23 14:44:48,309; INFO; functions.createRowExcel.905: Criando linha do EXCEL 3771608 - 02012024 - 6207390 - NOK - 538963,75 - Ulmatec Skipservice AS - None - 00 - 00
2024-02-23 14:44:48,310; INFO; teste2.process.462: PASSANDO PARA PROXIMO PROCESSO
2024-02-23 14:44:48,311; INFO; teste2.process.465: PROCESSO 97 A SER TRATADO: {'data': '02-01-2024', 'pi': '3771624', 'inv': '6207283', 'moeda': 'NOK', 'montante': '-67619.00', 'saldo': '27427.90', 'nome': 'Ulmatec Skipservice AS', 'cod': None}
2024-02-23 14:44:48,311; INFO; teste2.process.476: inv original 6207283. tamanho 7
2024-02-23 14:44:48,311; INFO; teste2.process.480: inv TRATADA 00620728301. tamanho 11
2024-02-23 14:44:48,312; INFO; functions.createRowExcel.905: Criando linha do EXCEL 3771624 - 02012024 - 6207283 - NOK - 67619,00 - Ulmatec Skipservice AS - None - 00 - 00
2024-02-23 14:44:48,312; INFO; teste2.process.462: PASSANDO PARA PROXIMO PROCESSO
2024-02-23 14:44:48,312; INFO; teste2.process.465: PROCESSO 98 A SER TRATADO: {'data': '08-01-2024', 'pi': '3785683', 'inv': '13724', 'moeda': 'USD', 'montante': '-3806.00', 'saldo': '967831.37', 'nome': 'AXESS Networks Solutions Germany GmbH', 'cod': None}
2024-02-23 14:44:48,313; INFO; teste2.process.476: inv original 13724. tamanho 5
2024-02-23 14:44:48,313; INFO; teste2.process.480: inv TRATADA 00001372401. tamanho 11
2024-02-23 14:44:48,313; INFO; functions.createRowExcel.905: Criando linha do EXCEL 3785683 - 08012024 - 13724 - USD - 3806,00 - AXESS Networks Solutions Germany GmbH - None - 00 - 00
2024-02-23 14:44:48,314; INFO; teste2.process.462: PASSANDO PARA PROXIMO PROCESSO
2024-02-23 14:44:48,315; INFO; teste2.process.465: PROCESSO 99 A SER TRATADO: {'data': '04-01-2024', 'pi': '3776769', 'inv': '004', 'moeda': 'LLC', 'montante': '-4500.00', 'saldo': '1396987.50', 'nome': 'Blue Gimbals Consultancy FZ-LLC', 'cod': None}
2024-02-23 14:44:48,315; INFO; teste2.process.476: inv original 004. tamanho 3
2024-02-23 14:44:48,315; INFO; teste2.process.480: inv TRATADA 00000000401. tamanho 11
2024-02-23 14:44:48,316; INFO; functions.createRowExcel.905: Criando linha do EXCEL 3776769 - 04012024 - 004 - LLC - 4500,00 - Blue Gimbals Consultancy FZ-LLC - None - 00 - 00
2024-02-23 14:44:48,316; INFO; teste2.process.462: PASSANDO PARA PROXIMO PROCESSO
2024-02-23 14:44:48,316; INFO; teste2.process.465: PROCESSO 100 A SER TRATADO: {'data': '04-01-2024', 'pi': '3776751', 'inv': '8001759', 'moeda': 'USD', 'montante': '-36252.00', 'saldo': '1401487.50', 'nome': 'Kongsberg Discovery AS', 'cod': None}
2024-02-23 14:44:48,317; INFO; teste2.process.476: inv original 8001759. tamanho 7
2024-02-23 14:44:48,317; INFO; teste2.process.480: inv TRATADA 00800175901. tamanho 11
2024-02-23 14:44:48,317; INFO; functions.createRowExcel.905: Criando linha do EXCEL 3776751 - 04012024 - 8001759 - USD - 36252,00 - Kongsberg Discovery AS - None - 00 - 00
2024-02-23 14:44:48,318; INFO; teste2.process.462: PASSANDO PARA PROXIMO PROCESSO
2024-02-23 14:44:48,318; INFO; teste2.process.465: PROCESSO 101 A SER TRATADO: {'data': '03-01-2024', 'pi': '3774207', 'inv': '10721', 'moeda': 'USD', 'montante': '-90512.02', 'saldo': '1438339.50', 'nome': 'UNISEA', 'cod': None}
2024-02-23 14:44:48,319; INFO; teste2.process.476: inv original 10721. tamanho 5
2024-02-23 14:44:48,319; INFO; teste2.process.480: inv TRATADA 00001072101. tamanho 11
2024-02-23 14:44:48,319; INFO; functions.createRowExcel.905: Criando linha do EXCEL 3774207 - 03012024 - 10721 - USD - 90512,02 - UNISEA - None - 00 - 00
2024-02-23 14:44:48,320; INFO; teste2.process.462: PASSANDO PARA PROXIMO PROCESSO
2024-02-23 14:44:48,320; INFO; teste2.process.465: PROCESSO 102 A SER TRATADO: {'data': '03-01-2024', 'pi': '3774197', 'inv': '10790', 'moeda': 'USD', 'montante': '-1030000.00', 'saldo': '1528851.52', 'nome': 'Wikborg Rein Advokatfirma AS', 'cod': None}
2024-02-23 14:44:48,320; INFO; teste2.process.476: inv original 10790. tamanho 5
2024-02-23 14:44:48,320; INFO; teste2.process.480: inv TRATADA 00001079001. tamanho 11
2024-02-23 14:44:48,321; INFO; functions.createRowExcel.905: Criando linha do EXCEL 3774197 - 03012024 - 10790 - USD - 1030000,00 - Wikborg Rein Advokatfirma AS - None - 00 - 00
2024-02-23 14:44:48,321; INFO; teste2.process.462: PASSANDO PARA PROXIMO PROCESSO
2024-02-23 14:44:48,321; INFO; teste2.process.465: PROCESSO 103 A SER TRATADO: {'data': '03-01-2024', 'pi': '3774196', 'inv': '10790', 'moeda': 'USD', 'montante': '-1650000.00', 'saldo': '2558851.52', 'nome': 'Wikborg Rein Advokatfirma AS', 'cod': None}
2024-02-23 14:44:48,322; INFO; teste2.process.476: inv original 10790. tamanho 5
2024-02-23 14:44:48,322; INFO; teste2.process.480: inv TRATADA 00001079001. tamanho 11
2024-02-23 14:44:48,322; INFO; functions.createRowExcel.905: Criando linha do EXCEL 3774196 - 03012024 - 10790 - USD - 1650000,00 - Wikborg Rein Advokatfirma AS - None - 00 - 00
2024-02-23 14:44:48,323; INFO; teste2.process.462: PASSANDO PARA PROXIMO PROCESSO
2024-02-23 14:44:48,323; INFO; teste2.process.465: PROCESSO 104 A SER TRATADO: {'data': '03-01-2024', 'pi': '3774195', 'inv': '10790', 'moeda': 'USD', 'montante': '-1650000.00', 'saldo': '4208851.52', 'nome': 'Wikborg Rein Advokatfirma AS', 'cod': None}
2024-02-23 14:44:48,323; INFO; teste2.process.476: inv original 10790. tamanho 5
2024-02-23 14:44:48,324; INFO; teste2.process.480: inv TRATADA 00001079001. tamanho 11
2024-02-23 14:44:48,324; INFO; functions.createRowExcel.905: Criando linha do EXCEL 3774195 - 03012024 - 10790 - USD - 1650000,00 - Wikborg Rein Advokatfirma AS - None - 00 - 00
2024-02-23 14:44:48,325; INFO; teste2.process.462: PASSANDO PARA PROXIMO PROCESSO
2024-02-23 14:44:48,325; INFO; teste2.process.465: PROCESSO 105 A SER TRATADO: {'data': '03-01-2024', 'pi': '3774175', 'inv': '10790', 'moeda': 'USD', 'montante': '-12850.00', 'saldo': '5858851.52', 'nome': 'MARIN TEKNIKK', 'cod': None}
2024-02-23 14:44:48,325; INFO; teste2.process.476: inv original 10790. tamanho 5
2024-02-23 14:44:48,325; INFO; teste2.process.480: inv TRATADA 00001079001. tamanho 11
2024-02-23 14:44:48,326; INFO; functions.createRowExcel.905: Criando linha do EXCEL 3774175 - 03012024 - 10790 - USD - 12850,00 - MARIN TEKNIKK - None - 00 - 00
2024-02-23 14:44:48,326; INFO; teste2.process.462: PASSANDO PARA PROXIMO PROCESSO
2024-02-23 14:44:48,326; INFO; teste2.process.465: PROCESSO 106 A SER TRATADO: {'data': '02-01-2024', 'pi': '3771658', 'inv': '6300085845', 'moeda': 'USD', 'montante': '-3325.88', 'saldo': '7538868.48', 'nome': 'Marlink SA', 'cod': None}
2024-02-23 14:44:48,327; INFO; teste2.process.476: inv original 6300085845. tamanho 10
2024-02-23 14:44:48,327; INFO; teste2.process.480: inv TRATADA 630008584501. tamanho 12
2024-02-23 14:44:48,327; INFO; functions.createRowExcel.905: Criando linha do EXCEL 3771658 - 02012024 - 6300085845 - USD - 3325,88 - Marlink SA - None - 00 - 00
2024-02-23 14:44:48,327; INFO; teste2.process.462: PASSANDO PARA PROXIMO PROCESSO
2024-02-23 14:44:48,328; INFO; teste2.process.465: PROCESSO 107 A SER TRATADO: {'data': '02-01-2024', 'pi': '3771656', 'inv': '6300088124', 'moeda': 'USD', 'montante': '-3323.00', 'saldo': '7542194.36', 'nome': 'Marlink SA', 'cod': None}
2024-02-23 14:44:48,328; INFO; teste2.process.476: inv original 6300088124. tamanho 10
2024-02-23 14:44:48,328; INFO; teste2.process.480: inv TRATADA 630008812401. tamanho 12
2024-02-23 14:44:48,329; INFO; functions.createRowExcel.905: Criando linha do EXCEL 3771656 - 02012024 - 6300088124 - USD - 3323,00 - Marlink SA - None - 00 - 00
2024-02-23 14:44:48,329; INFO; teste2.process.462: PASSANDO PARA PROXIMO PROCESSO
2024-02-23 14:44:48,329; INFO; teste2.process.465: PROCESSO 108 A SER TRATADO: {'data': '09-01-2024', 'pi': '3788647', 'inv': '433546', 'moeda': 'MAN', 'montante': '-495.00', 'saldo': '2561.41', 'nome': 'ISLE OF MAN - GOVERNMENT', 'cod': None}
2024-02-23 14:44:48,330; INFO; teste2.process.476: inv original 433546. tamanho 6
2024-02-23 14:44:48,330; INFO; teste2.process.480: inv TRATADA 00043354601. tamanho 11
2024-02-23 14:44:48,330; INFO; functions.createRowExcel.905: Criando linha do EXCEL 3788647 - 09012024 - 433546 - MAN - 495,00 - ISLE OF MAN - GOVERNMENT - None - 00 - 00
2024-02-23 14:44:48,331; INFO; teste2.process.462: PASSANDO PARA PROXIMO PROCESSO
2024-02-23 14:44:48,331; INFO; teste2.process.465: PROCESSO 109 A SER TRATADO: {'data': '09-01-2024', 'pi': '3788646', 'inv': '439484', 'moeda': 'MAN', 'montante': '-4605.00', 'saldo': '3056.41', 'nome': 'ISLE OF MAN - GOVERNMENT', 'cod': None}
2024-02-23 14:44:48,331; INFO; teste2.process.476: inv original 439484. tamanho 6
2024-02-23 14:44:48,331; INFO; teste2.process.480: inv TRATADA 00043948401. tamanho 11
2024-02-23 14:44:48,332; INFO; functions.createRowExcel.905: Criando linha do EXCEL 3788646 - 09012024 - 439484 - MAN - 4605,00 - ISLE OF MAN - GOVERNMENT - None - 00 - 00
2024-02-23 14:44:48,332; INFO; teste2.process.462: PASSANDO PARA PROXIMO PROCESSO
2024-02-23 14:44:48,332; INFO; teste2.process.465: PROCESSO 110 A SER TRATADO: {'data': '09-01-2024', 'pi': '3788645', 'inv': '445085', 'moeda': 'MAN', 'montante': '-43.00', 'saldo': '7661.41', 'nome': 'ISLE OF MAN - GOVERNMENT', 'cod': None}
2024-02-23 14:44:48,333; INFO; teste2.process.476: inv original 445085. tamanho 6
2024-02-23 14:44:48,334; INFO; teste2.process.480: inv TRATADA 00044508501. tamanho 11
2024-02-23 14:44:48,334; INFO; functions.createRowExcel.905: Criando linha do EXCEL 3788645 - 09012024 - 445085 - MAN - 43,00 - ISLE OF MAN - GOVERNMENT - None - 00 - 00
2024-02-23 14:44:48,335; INFO; teste2.process.462: PASSANDO PARA PROXIMO PROCESSO
2024-02-23 14:44:48,335; INFO; teste2.process.465: PROCESSO 111 A SER TRATADO: {'data': '09-01-2024', 'pi': '3788644', 'inv': '430719', 'moeda': 'MAN', 'montante': '-495.00', 'saldo': '7704.41', 'nome': 'ISLE OF MAN - GOVERNMENT', 'cod': None}
2024-02-23 14:44:48,336; INFO; teste2.process.476: inv original 430719. tamanho 6
2024-02-23 14:44:48,336; INFO; teste2.process.480: inv TRATADA 00043071901. tamanho 11
2024-02-23 14:44:48,336; INFO; functions.createRowExcel.905: Criando linha do EXCEL 3788644 - 09012024 - 430719 - MAN - 495,00 - ISLE OF MAN - GOVERNMENT - None - 00 - 00
2024-02-23 14:44:48,337; INFO; teste2.process.462: PASSANDO PARA PROXIMO PROCESSO
2024-02-23 14:44:48,337; INFO; teste2.process.465: PROCESSO 112 A SER TRATADO: {'data': '09-01-2024', 'pi': '3788643', 'inv': '449315', 'moeda': 'MAN', 'montante': '-256.00', 'saldo': '8199.41', 'nome': 'ISLE OF MAN - GOVERNMENT', 'cod': None}
2024-02-23 14:44:48,338; INFO; teste2.process.476: inv original 449315. tamanho 6
2024-02-23 14:44:48,338; INFO; teste2.process.480: inv TRATADA 00044931501. tamanho 11
2024-02-23 14:44:48,338; INFO; functions.createRowExcel.905: Criando linha do EXCEL 3788643 - 09012024 - 449315 - MAN - 256,00 - ISLE OF MAN - GOVERNMENT - None - 00 - 00
2024-02-23 14:44:48,339; INFO; teste2.process.462: PASSANDO PARA PROXIMO PROCESSO
2024-02-23 14:44:48,339; INFO; teste2.process.465: PROCESSO 113 A SER TRATADO: {'data': '09-01-2024', 'pi': '3788641', 'inv': '449314', 'moeda': 'MAN', 'montante': '-256.00', 'saldo': '8455.41', 'nome': 'ISLE OF MAN - GOVERNMENT', 'cod': None}
2024-02-23 14:44:48,340; INFO; teste2.process.476: inv original 449314. tamanho 6
2024-02-23 14:44:48,340; INFO; teste2.process.480: inv TRATADA 00044931401. tamanho 11
2024-02-23 14:44:48,340; INFO; functions.createRowExcel.905: Criando linha do EXCEL 3788641 - 09012024 - 449314 - MAN - 256,00 - ISLE OF MAN - GOVERNMENT - None - 00 - 00
2024-02-23 14:44:48,341; INFO; teste2.process.462: PASSANDO PARA PROXIMO PROCESSO
2024-02-23 14:44:48,341; INFO; teste2.process.465: PROCESSO 114 A SER TRATADO: {'data': '09-01-2024', 'pi': '3788640', 'inv': '449527', 'moeda': 'MAN', 'montante': '-2669.57', 'saldo': '8711.41', 'nome': 'ISLE OF MAN - GOVERNMENT', 'cod': None}
2024-02-23 14:44:48,341; INFO; teste2.process.476: inv original 449527. tamanho 6
2024-02-23 14:44:48,342; INFO; teste2.process.480: inv TRATADA 00044952701. tamanho 11
2024-02-23 14:44:48,342; INFO; functions.createRowExcel.905: Criando linha do EXCEL 3788640 - 09012024 - 449527 - MAN - 2669,57 - ISLE OF MAN - GOVERNMENT - None - 00 - 00
2024-02-23 14:44:48,342; INFO; teste2.process.462: PASSANDO PARA PROXIMO PROCESSO
2024-02-23 14:44:48,343; INFO; teste2.process.465: PROCESSO 115 A SER TRATADO: {'data': '09-01-2024', 'pi': '3788639', 'inv': '449526', 'moeda': 'MAN', 'montante': '-3203.71', 'saldo': '11380.98', 'nome': 'ISLE OF MAN - GOVERNMENT', 'cod': None}
2024-02-23 14:44:48,344; INFO; teste2.process.476: inv original 449526. tamanho 6
2024-02-23 14:44:48,344; INFO; teste2.process.480: inv TRATADA 00044952601. tamanho 11
2024-02-23 14:44:48,344; INFO; functions.createRowExcel.905: Criando linha do EXCEL 3788639 - 09012024 - 449526 - MAN - 3203,71 - ISLE OF MAN - GOVERNMENT - None - 00 - 00
2024-02-23 14:44:48,345; INFO; teste2.process.462: PASSANDO PARA PROXIMO PROCESSO
2024-02-23 14:44:48,346; INFO; teste2.process.465: PROCESSO 116 A SER TRATADO: {'data': '09-01-2024', 'pi': '3788638', 'inv': '449528', 'moeda': 'MAN', 'montante': '-512.00', 'saldo': '14584.69', 'nome': 'ISLE OF MAN - GOVERNMENT', 'cod': None}
2024-02-23 14:44:48,347; INFO; teste2.process.476: inv original 449528. tamanho 6
2024-02-23 14:44:48,347; INFO; teste2.process.480: inv TRATADA 00044952801. tamanho 11
2024-02-23 14:44:48,347; INFO; functions.createRowExcel.905: Criando linha do EXCEL 3788638 - 09012024 - 449528 - MAN - 512,00 - ISLE OF MAN - GOVERNMENT - None - 00 - 00
2024-02-23 14:44:48,348; INFO; teste2.process.462: PASSANDO PARA PROXIMO PROCESSO
2024-02-23 14:44:48,349; INFO; teste2.process.465: PROCESSO 117 A SER TRATADO: {'data': '09-01-2024', 'pi': '3788636', 'inv': '449987', 'moeda': 'MAN', 'montante': '-506.00', 'saldo': '15096.69', 'nome': 'ISLE OF MAN - GOVERNMENT', 'cod': None}
2024-02-23 14:44:48,349; INFO; teste2.process.476: inv original 449987. tamanho 6
2024-02-23 14:44:48,350; INFO; teste2.process.480: inv TRATADA 00044998701. tamanho 11
2024-02-23 14:44:48,350; INFO; functions.createRowExcel.905: Criando linha do EXCEL 3788636 - 09012024 - 449987 - MAN - 506,00 - ISLE OF MAN - GOVERNMENT - None - 00 - 00
2024-02-23 14:44:48,351; INFO; teste2.process.462: PASSANDO PARA PROXIMO PROCESSO
2024-02-23 14:44:48,351; INFO; teste2.process.465: PROCESSO 118 A SER TRATADO: {'data': '09-01-2024', 'pi': '3788624', 'inv': '451837', 'moeda': 'MAN', 'montante': '-506.00', 'saldo': '15602.69', 'nome': 'ISLE OF MAN - GOVERNMENT', 'cod': None}
2024-02-23 14:44:48,351; INFO; teste2.process.476: inv original 451837. tamanho 6
2024-02-23 14:44:48,352; INFO; teste2.process.480: inv TRATADA 00045183701. tamanho 11
2024-02-23 14:44:48,352; INFO; functions.createRowExcel.905: Criando linha do EXCEL 3788624 - 09012024 - 451837 - MAN - 506,00 - ISLE OF MAN - GOVERNMENT - None - 00 - 00
2024-02-23 14:44:48,352; INFO; teste2.process.462: PASSANDO PARA PROXIMO PROCESSO
2024-02-23 14:44:48,352; INFO; teste2.process.465: PROCESSO 119 A SER TRATADO: {'data': '09-01-2024', 'pi': '3788623', 'inv': '433547', 'moeda': 'MAN', 'montante': '-495.00', 'saldo': '16108.69', 'nome': 'ISLE OF MAN - GOVERNMENT', 'cod': None}
2024-02-23 14:44:48,353; INFO; teste2.process.476: inv original 433547. tamanho 6
2024-02-23 14:44:48,353; INFO; teste2.process.480: inv TRATADA 00043354701. tamanho 11
2024-02-23 14:44:48,354; INFO; functions.createRowExcel.905: Criando linha do EXCEL 3788623 - 09012024 - 433547 - MAN - 495,00 - ISLE OF MAN - GOVERNMENT - None - 00 - 00
2024-02-23 14:44:48,354; INFO; teste2.process.462: PASSANDO PARA PROXIMO PROCESSO
2024-02-23 14:44:48,354; INFO; teste2.process.465: PROCESSO 120 A SER TRATADO: {'data': '09-01-2024', 'pi': '3788622', 'inv': '459386', 'moeda': 'MAN', 'montante': '-4840.00', 'saldo': '16603.69', 'nome': 'ISLE OF MAN - GOVERNMENT', 'cod': None}
2024-02-23 14:44:48,355; INFO; teste2.process.476: inv original 459386. tamanho 6
2024-02-23 14:44:48,355; INFO; teste2.process.480: inv TRATADA 00045938601. tamanho 11
2024-02-23 14:44:48,355; INFO; functions.createRowExcel.905: Criando linha do EXCEL 3788622 - 09012024 - 459386 - MAN - 4840,00 - ISLE OF MAN - GOVERNMENT - None - 00 - 00
2024-02-23 14:44:48,356; INFO; teste2.process.462: PASSANDO PARA PROXIMO PROCESSO
2024-02-23 14:44:48,356; INFO; teste2.process.465: PROCESSO 121 A SER TRATADO: {'data': '09-01-2024', 'pi': '3788621', 'inv': '459384', 'moeda': 'MAN', 'montante': '-4840.00', 'saldo': '21443.69', 'nome': 'ISLE OF MAN - GOVERNMENT', 'cod': None}
2024-02-23 14:44:48,356; INFO; teste2.process.476: inv original 459384. tamanho 6
2024-02-23 14:44:48,356; INFO; teste2.process.480: inv TRATADA 00045938401. tamanho 11
2024-02-23 14:44:48,357; INFO; functions.createRowExcel.905: Criando linha do EXCEL 3788621 - 09012024 - 459384 - MAN - 4840,00 - ISLE OF MAN - GOVERNMENT - None - 00 - 00
2024-02-23 14:44:48,357; INFO; teste2.process.462: PASSANDO PARA PROXIMO PROCESSO
2024-02-23 14:44:48,357; INFO; teste2.process.465: PROCESSO 122 A SER TRATADO: {'data': '09-01-2024', 'pi': '3788620', 'inv': '459385', 'moeda': 'MAN', 'montante': '-4840.00', 'saldo': '26283.69', 'nome': 'ISLE OF MAN - GOVERNMENT', 'cod': None}
2024-02-23 14:44:48,358; INFO; teste2.process.476: inv original 459385. tamanho 6
2024-02-23 14:44:48,358; INFO; teste2.process.480: inv TRATADA 00045938501. tamanho 11
2024-02-23 14:44:48,358; INFO; functions.createRowExcel.905: Criando linha do EXCEL 3788620 - 09012024 - 459385 - MAN - 4840,00 - ISLE OF MAN - GOVERNMENT - None - 00 - 00
2024-02-23 14:44:48,359; INFO; teste2.process.462: PASSANDO PARA PROXIMO PROCESSO
2024-02-23 14:44:48,359; INFO; teste2.process.465: PROCESSO 123 A SER TRATADO: {'data': '09-01-2024', 'pi': '3788619', 'inv': '459468', 'moeda': 'MAN', 'montante': '-4678.00', 'saldo': '31123.69', 'nome': 'ISLE OF MAN - GOVERNMENT', 'cod': None}
2024-02-23 14:44:48,360; INFO; teste2.process.476: inv original 459468. tamanho 6
2024-02-23 14:44:48,360; INFO; teste2.process.480: inv TRATADA 00045946801. tamanho 11
2024-02-23 14:44:48,360; INFO; functions.createRowExcel.905: Criando linha do EXCEL 3788619 - 09012024 - 459468 - MAN - 4678,00 - ISLE OF MAN - GOVERNMENT - None - 00 - 00
2024-02-23 14:44:48,361; INFO; teste2.process.462: PASSANDO PARA PROXIMO PROCESSO
2024-02-23 14:44:48,361; INFO; teste2.process.465: PROCESSO 124 A SER TRATADO: {'data': '09-01-2024', 'pi': '3788617', 'inv': '459466', 'moeda': 'MAN', 'montante': '-4230.00', 'saldo': '35801.69', 'nome': 'ISLE OF MAN - GOVERNMENT', 'cod': None}
2024-02-23 14:44:48,361; INFO; teste2.process.476: inv original 459466. tamanho 6
2024-02-23 14:44:48,361; INFO; teste2.process.480: inv TRATADA 00045946601. tamanho 11
2024-02-23 14:44:48,362; INFO; functions.createRowExcel.905: Criando linha do EXCEL 3788617 - 09012024 - 459466 - MAN - 4230,00 - ISLE OF MAN - GOVERNMENT - None - 00 - 00
2024-02-23 14:44:48,362; INFO; teste2.process.462: PASSANDO PARA PROXIMO PROCESSO
2024-02-23 14:44:48,362; INFO; teste2.process.465: PROCESSO 125 A SER TRATADO: {'data': '09-01-2024', 'pi': '3788616', 'inv': '459467', 'moeda': 'MAN', 'montante': '-4230.00', 'saldo': '40031.69', 'nome': 'ISLE OF MAN - GOVERNMENT', 'cod': None}
2024-02-23 14:44:48,363; INFO; teste2.process.476: inv original 459467. tamanho 6
2024-02-23 14:44:48,363; INFO; teste2.process.480: inv TRATADA 00045946701. tamanho 11
2024-02-23 14:44:48,363; INFO; functions.createRowExcel.905: Criando linha do EXCEL 3788616 - 09012024 - 459467 - MAN - 4230,00 - ISLE OF MAN - GOVERNMENT - None - 00 - 00
2024-02-23 14:44:48,365; INFO; teste2.process.462: PASSANDO PARA PROXIMO PROCESSO
2024-02-23 14:44:48,366; INFO; teste2.process.465: PROCESSO 126 A SER TRATADO: {'data': '09-01-2024', 'pi': '3788615', 'inv': '459653', 'moeda': 'MAN', 'montante': '-4840.00', 'saldo': '44261.69', 'nome': 'ISLE OF MAN - GOVERNMENT', 'cod': None}
2024-02-23 14:44:48,367; INFO; teste2.process.476: inv original 459653. tamanho 6
2024-02-23 14:44:48,367; INFO; teste2.process.480: inv TRATADA 00045965301. tamanho 11
2024-02-23 14:44:48,368; INFO; functions.createRowExcel.905: Criando linha do EXCEL 3788615 - 09012024 - 459653 - MAN - 4840,00 - ISLE OF MAN - GOVERNMENT - None - 00 - 00
2024-02-23 14:44:48,369; INFO; teste2.process.462: PASSANDO PARA PROXIMO PROCESSO
2024-02-23 14:44:48,370; INFO; teste2.process.465: PROCESSO 127 A SER TRATADO: {'data': '09-01-2024', 'pi': '3788614', 'inv': '459651', 'moeda': 'MAN', 'montante': '-4240.00', 'saldo': '49101.69', 'nome': 'ISLE OF MAN - GOVERNMENT', 'cod': None}
2024-02-23 14:44:48,370; INFO; teste2.process.476: inv original 459651. tamanho 6
2024-02-23 14:44:48,370; INFO; teste2.process.480: inv TRATADA 00045965101. tamanho 11
2024-02-23 14:44:48,371; INFO; functions.createRowExcel.905: Criando linha do EXCEL 3788614 - 09012024 - 459651 - MAN - 4240,00 - ISLE OF MAN - GOVERNMENT - None - 00 - 00
2024-02-23 14:44:48,371; INFO; teste2.process.462: PASSANDO PARA PROXIMO PROCESSO
2024-02-23 14:44:48,371; INFO; teste2.process.465: PROCESSO 128 A SER TRATADO: {'data': '09-01-2024', 'pi': '3788613', 'inv': '459652', 'moeda': 'MAN', 'montante': '-4240.00', 'saldo': '53341.69', 'nome': 'ISLE OF MAN - GOVERNMENT', 'cod': None}
2024-02-23 14:44:48,372; INFO; teste2.process.476: inv original 459652. tamanho 6
2024-02-23 14:44:48,372; INFO; teste2.process.480: inv TRATADA 00045965201. tamanho 11
2024-02-23 14:44:48,373; INFO; functions.createRowExcel.905: Criando linha do EXCEL 3788613 - 09012024 - 459652 - MAN - 4240,00 - ISLE OF MAN - GOVERNMENT - None - 00 - 00
2024-02-23 14:44:48,373; INFO; teste2.process.462: PASSANDO PARA PROXIMO PROCESSO
2024-02-23 14:44:48,374; INFO; teste2.process.465: PROCESSO 129 A SER TRATADO: {'data': '09-01-2024', 'pi': '3788611', 'inv': '469181', 'moeda': 'MAN', 'montante': '-101.00', 'saldo': '57581.69', 'nome': 'ISLE OF MAN - GOVERNMENT', 'cod': None}
2024-02-23 14:44:48,374; INFO; teste2.process.476: inv original 469181. tamanho 6
2024-02-23 14:44:48,375; INFO; teste2.process.480: inv TRATADA 00046918101. tamanho 11
2024-02-23 14:44:48,375; INFO; functions.createRowExcel.905: Criando linha do EXCEL 3788611 - 09012024 - 469181 - MAN - 101,00 - ISLE OF MAN - GOVERNMENT - None - 00 - 00
2024-02-23 14:44:48,375; INFO; teste2.process.462: PASSANDO PARA PROXIMO PROCESSO
2024-02-23 14:44:48,376; INFO; teste2.process.465: PROCESSO 130 A SER TRATADO: {'data': '09-01-2024', 'pi': '3788610', 'inv': '439485', 'moeda': 'MAN', 'montante': '-4605.00', 'saldo': '57682.69', 'nome': 'ISLE OF MAN - GOVERNMENT', 'cod': None}
2024-02-23 14:44:48,376; INFO; teste2.process.476: inv original 439485. tamanho 6
2024-02-23 14:44:48,376; INFO; teste2.process.480: inv TRATADA 00043948501. tamanho 11
2024-02-23 14:44:48,377; INFO; functions.createRowExcel.905: Criando linha do EXCEL 3788610 - 09012024 - 439485 - MAN - 4605,00 - ISLE OF MAN - GOVERNMENT - None - 00 - 00
2024-02-23 14:44:48,377; INFO; teste2.process.462: PASSANDO PARA PROXIMO PROCESSO
2024-02-23 14:44:48,377; INFO; teste2.process.465: PROCESSO 131 A SER TRATADO: {'data': '09-01-2024', 'pi': '3788608', 'inv': '468314', 'moeda': 'MAN', 'montante': '-1222.14', 'saldo': '62287.69', 'nome': 'ISLE OF MAN - GOVERNMENT', 'cod': None}
2024-02-23 14:44:48,378; INFO; teste2.process.476: inv original 468314. tamanho 6
2024-02-23 14:44:48,378; INFO; teste2.process.480: inv TRATADA 00046831401. tamanho 11
2024-02-23 14:44:48,378; INFO; functions.createRowExcel.905: Criando linha do EXCEL 3788608 - 09012024 - 468314 - MAN - 1222,14 - ISLE OF MAN - GOVERNMENT - None - 00 - 00
2024-02-23 14:44:48,379; INFO; teste2.process.462: PASSANDO PARA PROXIMO PROCESSO
2024-02-23 14:44:48,379; INFO; teste2.process.465: PROCESSO 132 A SER TRATADO: {'data': '09-01-2024', 'pi': '3788607', 'inv': '470668', 'moeda': 'MAN', 'montante': '-533.00', 'saldo': '63509.83', 'nome': 'ISLE OF MAN - GOVERNMENT', 'cod': None}
2024-02-23 14:44:48,379; INFO; teste2.process.476: inv original 470668. tamanho 6
2024-02-23 14:44:48,380; INFO; teste2.process.480: inv TRATADA 00047066801. tamanho 11
2024-02-23 14:44:48,380; INFO; functions.createRowExcel.905: Criando linha do EXCEL 3788607 - 09012024 - 470668 - MAN - 533,00 - ISLE OF MAN - GOVERNMENT - None - 00 - 00
2024-02-23 14:44:48,380; INFO; teste2.process.462: PASSANDO PARA PROXIMO PROCESSO
2024-02-23 14:44:48,381; INFO; teste2.process.465: PROCESSO 133 A SER TRATADO: {'data': '09-01-2024', 'pi': '3788609', 'inv': '466960', 'moeda': 'MAN', 'montante': '-101.00', 'saldo': '42.83', 'nome': 'ISLE OF MAN - GOVERNMENT', 'cod': None}
2024-02-23 14:44:48,381; INFO; teste2.process.476: inv original 466960. tamanho 6
2024-02-23 14:44:48,381; INFO; teste2.process.480: inv TRATADA 00046696001. tamanho 11
2024-02-23 14:44:48,381; INFO; functions.createRowExcel.905: Criando linha do EXCEL 3788609 - 09012024 - 466960 - MAN - 101,00 - ISLE OF MAN - GOVERNMENT - None - 00 - 00
2024-02-23 14:44:48,382; INFO; teste2.process.462: PASSANDO PARA PROXIMO PROCESSO
2024-02-23 14:44:48,382; INFO; teste2.process.465: PROCESSO 134 A SER TRATADO: {'data': '09-01-2024', 'pi': '3788603', 'inv': '470834', 'moeda': 'MAN', 'montante': '-270.00', 'saldo': '143.83', 'nome': 'ISLE OF MAN - GOVERNMENT', 'cod': None}
2024-02-23 14:44:48,382; INFO; teste2.process.476: inv original 470834. tamanho 6
2024-02-23 14:44:48,383; INFO; teste2.process.480: inv TRATADA 00047083401. tamanho 11
2024-02-23 14:44:48,383; INFO; functions.createRowExcel.905: Criando linha do EXCEL 3788603 - 09012024 - 470834 - MAN - 270,00 - ISLE OF MAN - GOVERNMENT - None - 00 - 00
2024-02-23 14:44:48,383; INFO; teste2.process.462: PASSANDO PARA PROXIMO PROCESSO
2024-02-23 14:44:48,384; INFO; teste2.process.465: PROCESSO 135 A SER TRATADO: {'data': '09-01-2024', 'pi': '3788602', 'inv': '470835', 'moeda': 'MAN', 'montante': '-270.00', 'saldo': '413.83', 'nome': 'ISLE OF MAN - GOVERNMENT', 'cod': None}
2024-02-23 14:44:48,384; INFO; teste2.process.476: inv original 470835. tamanho 6
2024-02-23 14:44:48,385; INFO; teste2.process.480: inv TRATADA 00047083501. tamanho 11
2024-02-23 14:44:48,385; INFO; functions.createRowExcel.905: Criando linha do EXCEL 3788602 - 09012024 - 470835 - MAN - 270,00 - ISLE OF MAN - GOVERNMENT - None - 00 - 00
2024-02-23 14:44:48,386; INFO; teste2.process.462: PASSANDO PARA PROXIMO PROCESSO
2024-02-23 14:44:48,387; INFO; teste2.process.465: PROCESSO 136 A SER TRATADO: {'data': '09-01-2024', 'pi': '3788601', 'inv': '474618', 'moeda': 'MAN', 'montante': '-3819.72', 'saldo': '683.83', 'nome': 'ISLE OF MAN - GOVERNMENT', 'cod': None}
2024-02-23 14:44:48,387; INFO; teste2.process.476: inv original 474618. tamanho 6
2024-02-23 14:44:48,387; INFO; teste2.process.480: inv TRATADA 00047461801. tamanho 11
2024-02-23 14:44:48,387; INFO; functions.createRowExcel.905: Criando linha do EXCEL 3788601 - 09012024 - 474618 - MAN - 3819,72 - ISLE OF MAN - GOVERNMENT - None - 00 - 00
2024-02-23 14:44:48,388; INFO; teste2.process.462: PASSANDO PARA PROXIMO PROCESSO
2024-02-23 14:44:48,388; INFO; teste2.process.465: PROCESSO 137 A SER TRATADO: {'data': '02-01-2024', 'pi': '3771660', 'inv': '1189863', 'moeda': 'GBP', 'montante': '-155169.00', 'saldo': '4503.55', 'nome': 'European Management Marine Corp', 'cod': None}
2024-02-23 14:44:48,388; INFO; teste2.process.476: inv original 1189863. tamanho 7
2024-02-23 14:44:48,389; INFO; teste2.process.480: inv TRATADA 00118986301. tamanho 11
2024-02-23 14:44:48,389; INFO; functions.createRowExcel.905: Criando linha do EXCEL 3771660 - 02012024 - 1189863 - GBP - 155169,00 - European Management Marine Corp - None - 00 - 00
2024-02-23 14:44:48,390; INFO; teste2.process.462: PASSANDO PARA PROXIMO PROCESSO
2024-02-23 14:44:48,390; INFO; teste2.process.465: PROCESSO 138 A SER TRATADO: {'data': '09-01-2024', 'pi': '3788567', 'inv': '2120023432', 'moeda': 'EUR', 'montante': '-185159.40', 'saldo': '14148.51', 'nome': 'KONGSBERG MARITIME AS', 'cod': None}
2024-02-23 14:44:48,390; INFO; teste2.process.476: inv original 2120023432. tamanho 10
2024-02-23 14:44:48,391; INFO; teste2.process.480: inv TRATADA 212002343201. tamanho 12
2024-02-23 14:44:48,391; INFO; functions.createRowExcel.905: Criando linha do EXCEL 3788567 - 09012024 - 2120023432 - EUR - 185159,40 - KONGSBERG MARITIME AS - None - 00 - 00
2024-02-23 14:44:48,391; INFO; teste2.process.462: PASSANDO PARA PROXIMO PROCESSO
2024-02-23 14:44:48,391; INFO; teste2.process.465: PROCESSO 139 A SER TRATADO: {'data': '09-01-2024', 'pi': '3788562', 'inv': '2120023432', 'moeda': 'EUR', 'montante': '-90.75', 'saldo': '14307.91', 'nome': 'Intertrust B.V.', 'cod': None}
2024-02-23 14:44:48,392; INFO; teste2.process.476: inv original 2120023432. tamanho 10
2024-02-23 14:44:48,392; INFO; teste2.process.480: inv TRATADA 212002343201. tamanho 12
2024-02-23 14:44:48,392; INFO; functions.createRowExcel.905: Criando linha do EXCEL 3788562 - 09012024 - 2120023432 - EUR - 90,75 - Intertrust B.V. - None - 00 - 00
2024-02-23 14:44:48,393; INFO; teste2.process.462: PASSANDO PARA PROXIMO PROCESSO
2024-02-23 14:44:48,393; INFO; teste2.process.465: PROCESSO 140 A SER TRATADO: {'data': '09-01-2024', 'pi': '3788560', 'inv': '2120019900', 'moeda': 'EUR', 'montante': '-166.38', 'saldo': '14398.66', 'nome': 'Intertrust B.V.', 'cod': None}
2024-02-23 14:44:48,394; INFO; teste2.process.476: inv original 2120019900. tamanho 10
2024-02-23 14:44:48,394; INFO; teste2.process.480: inv TRATADA 212001990001. tamanho 12
2024-02-23 14:44:48,394; INFO; functions.createRowExcel.905: Criando linha do EXCEL 3788560 - 09012024 - 2120019900 - EUR - 166,38 - Intertrust B.V. - None - 00 - 00
2024-02-23 14:44:48,394; INFO; teste2.process.462: PASSANDO PARA PROXIMO PROCESSO
2024-02-23 14:44:48,396; INFO; teste2.process.465: PROCESSO 141 A SER TRATADO: {'data': '08-01-2024', 'pi': '3784486', 'inv': '14240038', 'moeda': 'EUR', 'montante': '-1624.84', 'saldo': '14565.04', 'nome': 'AG Barista IV B.V.', 'cod': None}
2024-02-23 14:44:48,396; INFO; teste2.process.476: inv original 14240038. tamanho 8
2024-02-23 14:44:48,397; INFO; teste2.process.480: inv TRATADA 01424003801. tamanho 11
2024-02-23 14:44:48,397; INFO; functions.createRowExcel.905: Criando linha do EXCEL 3784486 - 08012024 - 14240038 - EUR - 1624,84 - AG Barista IV B.V. - None - 00 - 00
2024-02-23 14:44:48,398; INFO; teste2.process.462: PASSANDO PARA PROXIMO PROCESSO
2024-02-23 14:44:48,398; INFO; teste2.process.465: PROCESSO 142 A SER TRATADO: {'data': '07-01-2024', 'pi': '3782176', 'inv': '2120023151', 'moeda': 'EUR', 'montante': '-13107.62', 'saldo': '11189.88', 'nome': 'Intertrust B.V.', 'cod': None}
2024-02-23 14:44:48,399; INFO; teste2.process.476: inv original 2120023151. tamanho 10
2024-02-23 14:44:48,399; INFO; teste2.process.480: inv TRATADA 212002315101. tamanho 12
2024-02-23 14:44:48,399; INFO; functions.createRowExcel.905: Criando linha do EXCEL 3782176 - 07012024 - 2120023151 - EUR - 13107,62 - Intertrust B.V. - None - 00 - 00
2024-02-23 14:44:48,400; INFO; teste2.process.462: PASSANDO PARA PROXIMO PROCESSO
2024-02-23 14:44:48,401; INFO; teste2.process.465: PROCESSO 143 A SER TRATADO: {'data': '04-01-2024', 'pi': '3776948', 'inv': '410010690223', 'moeda': 'EUR', 'montante': '-361830.00', 'saldo': '24297.50', 'nome': 'Tschudi Ship Management AS', 'cod': None}
2024-02-23 14:44:48,401; INFO; teste2.process.476: inv original 410010690223. tamanho 12
2024-02-23 14:44:48,401; INFO; teste2.process.480: inv TRATADA 41001069022301. tamanho 14
2024-02-23 14:44:48,402; INFO; functions.createRowExcel.905: Criando linha do EXCEL 3776948 - 04012024 - 410010690223 - EUR - 361830,00 - Tschudi Ship Management AS - None - 00 - 00
2024-02-23 14:44:48,402; INFO; teste2.process.462: PASSANDO PARA PROXIMO PROCESSO
2024-02-23 14:44:48,403; INFO; teste2.process.465: PROCESSO 144 A SER TRATADO: {'data': '03-01-2024', 'pi': '3774199', 'inv': '410010690223', 'moeda': 'DNV', 'montante': '-7510.67', 'saldo': '16127.50', 'nome': 'DNV AS', 'cod': None}
2024-02-23 14:44:48,403; INFO; teste2.process.476: inv original 410010690223. tamanho 12
2024-02-23 14:44:48,403; INFO; teste2.process.480: inv TRATADA 41001069022301. tamanho 14
2024-02-23 14:44:48,404; INFO; functions.createRowExcel.905: Criando linha do EXCEL 3774199 - 03012024 - 410010690223 - DNV - 7510,67 - DNV AS - None - 00 - 00
2024-02-23 14:44:48,404; INFO; teste2.process.462: PASSANDO PARA PROXIMO PROCESSO
2024-02-23 14:44:48,406; INFO; teste2.process.465: PROCESSO 145 A SER TRATADO: {'data': '02-01-2024', 'pi': '3771652', 'inv': '410010680855', 'moeda': 'DNV', 'montante': '-11494.80', 'saldo': '11638.17', 'nome': 'DNV AS', 'cod': None}
2024-02-23 14:44:48,406; INFO; teste2.process.476: inv original 410010680855. tamanho 12
2024-02-23 14:44:48,407; INFO; teste2.process.480: inv TRATADA 41001068085501. tamanho 14
2024-02-23 14:44:48,407; INFO; functions.createRowExcel.905: Criando linha do EXCEL 3771652 - 02012024 - 410010680855 - DNV - 11494,80 - DNV AS - None - 00 - 00
2024-02-23 14:44:48,407; INFO; functions.encerra_prog.319: Fechando Excel...
2024-02-23 14:44:48,498; INFO; functions.getPid.927: Dentro função GetPid

2024-02-23 14:44:48,786; INFO; functions.encerra_prog.325: RM ENCERRADO
