2024-02-23 14:55:45,106; INFO; functions.getPid.927: Dentro função GetPid

2024-02-23 14:55:45,450; INFO; functions.bot_text_art.7:     ____   
2024-02-23 14:55:45,450; INFO; functions.bot_text_art.8:    [____]    
2024-02-23 14:55:45,451; INFO; functions.bot_text_art.9:  |=]()()[=|  
2024-02-23 14:55:45,451; INFO; functions.bot_text_art.10:    _\==/__    _____    ____     _        _____    ___   _  __
2024-02-23 14:55:45,452; INFO; functions.bot_text_art.11:  |__|   |_|  |  _  \  / ___|   | |      |_   _| / ___| | |/ /
2024-02-23 14:55:45,452; INFO; functions.bot_text_art.12:  |_|_/\_|_|  | |  | | | |      | |        | |   | |    | ' / 
2024-02-23 14:55:45,452; INFO; functions.bot_text_art.13:  | | __ | |  | |  | | | |      | |        | |   | |    |  <  
2024-02-23 14:55:45,453; INFO; functions.bot_text_art.14:  |_|[  ]|_|  | |__| | | |____  | |____   _| |_  | |__  | . \ 
2024-02-23 14:55:45,454; INFO; functions.bot_text_art.15:  \_|_||_|_/  |_____/   \_____| |______| |_____| \ ___| |_|\_\
2024-02-23 14:55:45,454; INFO; functions.bot_text_art.16:    |_||_|                                                     
2024-02-23 14:55:45,454; INFO; functions.bot_text_art.17:    | ||_|_   
2024-02-23 14:55:45,454; INFO; functions.bot_text_art.18:  |___||___|  
2024-02-23 14:55:45,455; INFO; functions.bot_text_art.19:              
2024-02-23 14:55:45,455; INFO; functions.headerExcel.881: Criando EXCEL
2024-02-23 14:55:45,456; INFO; functions.headerExcel.901: EXCEL iniciado
2024-02-23 14:55:45,458; INFO; teste2.process.433: SERÃO TRATADOS 2 ARQUIVOS.
2024-02-23 14:55:45,459; INFO; teste2.process.438: ARQUIVO A SER TRATADO: \\Riofs\dados\Documentos Financeiro\Extratos bancarios\Ebury\2024\01 - Janeiro\Ebury - Completo.pdf
2024-02-23 14:55:47,724; INFO; functions.excelProcessoCompleto.1103: Adicionando aba de PROCESSOS EXTRAÍDOS ao EXCEL existente
2024-02-23 14:55:47,725; INFO; functions.excelProcessoCompleto.1118: Aba de ERRO adicionada ao EXCEL existente
2024-02-23 14:55:47,735; INFO; teste2.process.448: PROCESSOS EXTRAIDOS COM ERRO: 11
2024-02-23 14:55:47,735; INFO; functions.excelErro.1008: Adicionando aba de ERRO ao EXCEL existente
2024-02-23 14:55:47,736; INFO; functions.excelErro.1024: Aba de ERRO adicionada ao EXCEL existente
2024-02-23 14:55:47,737; INFO; teste2.process.452: PROCESSOS EXTRAIDOS CORRETAMENTE: 185
2024-02-23 14:55:47,752; INFO; teste2.process.438: ARQUIVO A SER TRATADO: \\Riofs\dados\Documentos Financeiro\Extratos bancarios\Ebury\2024\01 - Janeiro\Parcial até 11-01.pdf
2024-02-23 14:55:49,379; INFO; functions.excelProcessoCompleto.1103: Adicionando aba de PROCESSOS EXTRAÍDOS ao EXCEL existente
2024-02-23 14:55:49,379; INFO; functions.excelProcessoCompleto.1118: Aba de ERRO adicionada ao EXCEL existente
2024-02-23 14:55:49,395; INFO; teste2.process.448: PROCESSOS EXTRAIDOS COM ERRO: 3
2024-02-23 14:55:49,395; INFO; functions.excelErro.1008: Adicionando aba de ERRO ao EXCEL existente
2024-02-23 14:55:49,402; INFO; functions.excelErro.1024: Aba de ERRO adicionada ao EXCEL existente
2024-02-23 14:55:49,402; INFO; teste2.process.452: PROCESSOS EXTRAIDOS CORRETAMENTE: 145
2024-02-23 14:55:49,410; INFO; functions.encerra_prog.319: Fechando Excel...
2024-02-23 14:55:49,532; INFO; functions.getPid.927: Dentro função GetPid

2024-02-23 14:55:49,848; INFO; functions.encerra_prog.325: RM ENCERRADO
