2024-02-23 15:17:41,061; INFO; functions.getPid.948: Dentro função GetPid

2024-02-23 15:17:41,379; INFO; functions.bot_text_art.7:     ____   
2024-02-23 15:17:41,379; INFO; functions.bot_text_art.8:    [____]    
2024-02-23 15:17:41,379; INFO; functions.bot_text_art.9:  |=]()()[=|  
2024-02-23 15:17:41,380; INFO; functions.bot_text_art.10:    _\==/__    _____    ____     _        _____    ___   _  __
2024-02-23 15:17:41,380; INFO; functions.bot_text_art.11:  |__|   |_|  |  _  \  / ___|   | |      |_   _| / ___| | |/ /
2024-02-23 15:17:41,380; INFO; functions.bot_text_art.12:  |_|_/\_|_|  | |  | | | |      | |        | |   | |    | ' / 
2024-02-23 15:17:41,380; INFO; functions.bot_text_art.13:  | | __ | |  | |  | | | |      | |        | |   | |    |  <  
2024-02-23 15:17:41,382; INFO; functions.bot_text_art.14:  |_|[  ]|_|  | |__| | | |____  | |____   _| |_  | |__  | . \ 
2024-02-23 15:17:41,382; INFO; functions.bot_text_art.15:  \_|_||_|_/  |_____/   \_____| |______| |_____| \ ___| |_|\_\
2024-02-23 15:17:41,382; INFO; functions.bot_text_art.16:    |_||_|                                                     
2024-02-23 15:17:41,382; INFO; functions.bot_text_art.17:    | ||_|_   
2024-02-23 15:17:41,382; INFO; functions.bot_text_art.18:  |___||___|  
2024-02-23 15:17:41,382; INFO; functions.bot_text_art.19:              
2024-02-23 15:17:41,382; INFO; functions.headerExcel.881: Criando EXCEL
2024-02-23 15:17:41,384; INFO; functions.headerExcel.901: EXCEL iniciado
2024-02-23 15:17:41,385; INFO; main.process.15: SERÃO TRATADOS 2 ARQUIVOS.
2024-02-23 15:17:41,385; ERROR; functions.show_exception_and_exit.24: cannot access local variable 'texto_msg' where it is not associated with a value
Traceback (most recent call last):
  File "c:\Projetos\Retornos\Retorno_Pg_Moeda_Estrangeira\main.py", line 149, in <module>
    process()
  File "c:\Projetos\Retornos\Retorno_Pg_Moeda_Estrangeira\main.py", line 17, in process
    texto_msg = f'{texto_msg} Foram tratados seguintes arquivos:'
                   ^^^^^^^^^
UnboundLocalError: cannot access local variable 'texto_msg' where it is not associated with a value
2024-02-23 15:17:42,563; INFO; functions.encerra_prog.319: Fechando Excel...
2024-02-23 15:17:42,563; INFO; functions.getPid.948: Dentro função GetPid

2024-02-23 15:17:42,910; INFO; functions.encerra_prog.325: RM ENCERRADO
2024-02-23 15:17:45,458; WARNING; errorhandler.__handle.104: Property: Unknown Property name. [1:203: -ms-interpolation-mode]
2024-02-23 15:17:45,474; WARNING; errorhandler.__handle.104: Property: Unknown Property name. [1:353: -webkit-font-smoothing]
2024-02-23 15:17:45,478; WARNING; errorhandler.__handle.104: Property: Unknown Property name. [1:483: -ms-text-size-adjust]
2024-02-23 15:17:45,479; WARNING; errorhandler.__handle.104: Property: Unknown Property name. [1:518: -webkit-text-size-adjust]
2024-02-23 15:17:45,481; WARNING; errorhandler.__handle.104: Property: Unknown Property name. [1:612: mso-table-lspace]
2024-02-23 15:17:45,481; WARNING; errorhandler.__handle.104: Property: Unknown Property name. [1:642: mso-table-rspace]
2024-02-23 15:17:45,534; WARNING; errorhandler.__handle.104: Property: Unknown Property name. [1:4734: mso-hide]
2024-02-23 15:17:45,570; WARNING; errorhandler.__handle.104: Property: Unknown Property name. [1:13: -ms-interpolation-mode]
2024-02-23 15:17:45,572; WARNING; errorhandler.__handle.104: Property: Unknown Property name. [1:49: -webkit-font-smoothing]
2024-02-23 15:17:45,574; WARNING; errorhandler.__handle.104: Property: Unknown Property name. [1:134: -ms-text-size-adjust]
2024-02-23 15:17:45,575; WARNING; errorhandler.__handle.104: Property: Unknown Property name. [1:160: -webkit-text-size-adjust]
2024-02-23 15:17:45,577; WARNING; errorhandler.__handle.104: Property: Unknown Property name. [1:26: mso-table-lspace]
2024-02-23 15:17:45,578; WARNING; errorhandler.__handle.104: Property: Unknown Property name. [1:45: mso-table-rspace]
2024-02-23 15:17:45,590; WARNING; errorhandler.__handle.104: Property: Unknown Property name. [1:92: mso-hide]
2024-02-23 15:17:45,597; ERROR; errorhandler.__handle.104: Property: No ":" after name found: align-center [1:1: align-center]
2024-02-23 15:17:45,598; ERROR; errorhandler.__handle.104: Property: No property value found: align-center [1:1: align-center]
2024-02-23 15:17:45,599; ERROR; errorhandler.__handle.104: CSSStyleDeclaration: Syntax Error in Property: align-center
2024-02-23 15:17:45,602; WARNING; errorhandler.__handle.104: Property: Unknown Property name. [1:14: -ms-interpolation-mode]
