2024-05-10 18:10:50,732; INFO; parameters.<module>.103: Pasta local: \\Riofs\dados\Documentos Financeiro\Extratos bancarios\Ebury\2024\05 - Maio
2024-05-10 18:10:50,732; INFO; functions.getPid.1086: Dentro função GetPid

2024-05-10 18:10:50,919; INFO; functions.bot_text_art.7:     ____   
2024-05-10 18:10:50,919; INFO; functions.bot_text_art.8:    [____]    
2024-05-10 18:10:50,919; INFO; functions.bot_text_art.9:  |=]()()[=|  
2024-05-10 18:10:50,919; INFO; functions.bot_text_art.10:    _\==/__    _____    ____     _        _____    ___   _  __
2024-05-10 18:10:50,919; INFO; functions.bot_text_art.11:  |__|   |_|  |  _  \  / ___|   | |      |_   _| / ___| | |/ /
2024-05-10 18:10:50,919; INFO; functions.bot_text_art.12:  |_|_/\_|_|  | |  | | | |      | |        | |   | |    | ' / 
2024-05-10 18:10:50,919; INFO; functions.bot_text_art.13:  | | __ | |  | |  | | | |      | |        | |   | |    |  <  
2024-05-10 18:10:50,919; INFO; functions.bot_text_art.14:  |_|[  ]|_|  | |__| | | |____  | |____   _| |_  | |__  | . \ 
2024-05-10 18:10:50,919; INFO; functions.bot_text_art.15:  \_|_||_|_/  |_____/   \_____| |______| |_____| \ ___| |_|\_\
2024-05-10 18:10:50,919; INFO; functions.bot_text_art.16:    |_||_|                                                     
2024-05-10 18:10:50,919; INFO; functions.bot_text_art.17:    | ||_|_   
2024-05-10 18:10:50,919; INFO; functions.bot_text_art.18:  |___||___|  
2024-05-10 18:10:50,919; INFO; functions.bot_text_art.19:              
2024-05-10 18:10:50,919; INFO; functions.headerExcel.1019: Criando EXCEL
2024-05-10 18:10:50,919; INFO; functions.headerExcel.1039: EXCEL iniciado
2024-05-10 18:10:50,919; INFO; main.process.15: TODOS ARQUIVOS NA PASTA [].
2024-05-10 18:10:50,919; INFO; main.process.23: SERÃO TRATADOS 0 ARQUIVOS.
2024-05-10 18:10:50,919; INFO; main.process.24: ARQUIVOS: []
2024-05-10 18:10:50,919; INFO; main.process.28: NENHUM PDF "PARCIAL" DISPONÍVEL
2024-05-10 18:10:50,919; INFO; functions.encerra_prog.383: Fechando Excel...
2024-05-10 18:10:50,935; INFO; functions.getPid.1086: Dentro função GetPid

2024-05-10 18:10:51,122; INFO; functions.encerra_prog.389: RM ENCERRADO
2024-05-10 18:10:52,781; WARNING; errorhandler.__handle.104: Property: Unknown Property name. [1:203: -ms-interpolation-mode]
2024-05-10 18:10:52,797; WARNING; errorhandler.__handle.104: Property: Unknown Property name. [1:353: -webkit-font-smoothing]
2024-05-10 18:10:52,797; WARNING; errorhandler.__handle.104: Property: Unknown Property name. [1:483: -ms-text-size-adjust]
2024-05-10 18:10:52,797; WARNING; errorhandler.__handle.104: Property: Unknown Property name. [1:518: -webkit-text-size-adjust]
2024-05-10 18:10:52,797; WARNING; errorhandler.__handle.104: Property: Unknown Property name. [1:612: mso-table-lspace]
2024-05-10 18:10:52,797; WARNING; errorhandler.__handle.104: Property: Unknown Property name. [1:642: mso-table-rspace]
2024-05-10 18:10:52,844; WARNING; errorhandler.__handle.104: Property: Unknown Property name. [1:4734: mso-hide]
2024-05-10 18:10:52,875; WARNING; errorhandler.__handle.104: Property: Unknown Property name. [1:13: -ms-interpolation-mode]
2024-05-10 18:10:52,875; WARNING; errorhandler.__handle.104: Property: Unknown Property name. [1:49: -webkit-font-smoothing]
2024-05-10 18:10:52,875; WARNING; errorhandler.__handle.104: Property: Unknown Property name. [1:134: -ms-text-size-adjust]
2024-05-10 18:10:52,875; WARNING; errorhandler.__handle.104: Property: Unknown Property name. [1:160: -webkit-text-size-adjust]
2024-05-10 18:10:52,875; WARNING; errorhandler.__handle.104: Property: Unknown Property name. [1:26: mso-table-lspace]
2024-05-10 18:10:52,875; WARNING; errorhandler.__handle.104: Property: Unknown Property name. [1:45: mso-table-rspace]
2024-05-10 18:10:52,875; WARNING; errorhandler.__handle.104: Property: Unknown Property name. [1:92: mso-hide]
2024-05-10 18:10:52,891; ERROR; errorhandler.__handle.104: Property: No ":" after name found: align-center [1:1: align-center]
2024-05-10 18:10:52,891; ERROR; errorhandler.__handle.104: Property: No property value found: align-center [1:1: align-center]
2024-05-10 18:10:52,891; ERROR; errorhandler.__handle.104: CSSStyleDeclaration: Syntax Error in Property: align-center
2024-05-10 18:10:52,891; WARNING; errorhandler.__handle.104: Property: Unknown Property name. [1:14: -ms-interpolation-mode]
2024-05-10 18:10:55,266; INFO; functions.emailErro.1009: Warning e-mail sent.
