2024-05-10 23:09:33,163; INFO; parameters.<module>.103: Pasta local: \\Riofs\dados\Documentos Financeiro\Extratos bancarios\Ebury\2024\05 - Maio
2024-05-10 23:09:33,163; INFO; functions.getPid.1086: Dentro função GetPid

2024-05-10 23:09:33,335; INFO; functions.bot_text_art.7:     ____   
2024-05-10 23:09:33,335; INFO; functions.bot_text_art.8:    [____]    
2024-05-10 23:09:33,335; INFO; functions.bot_text_art.9:  |=]()()[=|  
2024-05-10 23:09:33,335; INFO; functions.bot_text_art.10:    _\==/__    _____    ____     _        _____    ___   _  __
2024-05-10 23:09:33,335; INFO; functions.bot_text_art.11:  |__|   |_|  |  _  \  / ___|   | |      |_   _| / ___| | |/ /
2024-05-10 23:09:33,335; INFO; functions.bot_text_art.12:  |_|_/\_|_|  | |  | | | |      | |        | |   | |    | ' / 
2024-05-10 23:09:33,335; INFO; functions.bot_text_art.13:  | | __ | |  | |  | | | |      | |        | |   | |    |  <  
2024-05-10 23:09:33,335; INFO; functions.bot_text_art.14:  |_|[  ]|_|  | |__| | | |____  | |____   _| |_  | |__  | . \ 
2024-05-10 23:09:33,335; INFO; functions.bot_text_art.15:  \_|_||_|_/  |_____/   \_____| |______| |_____| \ ___| |_|\_\
2024-05-10 23:09:33,335; INFO; functions.bot_text_art.16:    |_||_|                                                     
2024-05-10 23:09:33,335; INFO; functions.bot_text_art.17:    | ||_|_   
2024-05-10 23:09:33,335; INFO; functions.bot_text_art.18:  |___||___|  
2024-05-10 23:09:33,335; INFO; functions.bot_text_art.19:              
2024-05-10 23:09:33,335; INFO; functions.headerExcel.1019: Criando EXCEL
2024-05-10 23:09:33,335; INFO; functions.headerExcel.1039: EXCEL iniciado
2024-05-10 23:09:33,335; INFO; main.process.15: TODOS ARQUIVOS NA PASTA ['\\\\Riofs\\dados\\Documentos Financeiro\\Extratos bancarios\\Ebury\\2024\\05 - Maio\\Ebury - Parcial até 09-05.pdf'].
2024-05-10 23:09:33,335; INFO; main.process.23: SERÃO TRATADOS 1 ARQUIVOS.
2024-05-10 23:09:33,335; INFO; main.process.24: ARQUIVOS: ['\\\\Riofs\\dados\\Documentos Financeiro\\Extratos bancarios\\Ebury\\2024\\05 - Maio\\Ebury - Parcial até 09-05.pdf']
2024-05-10 23:09:33,335; INFO; main.process.33: INICIO DO PROCESSAMENTO DO ARQUIVO 1: \\Riofs\dados\Documentos Financeiro\Extratos bancarios\Ebury\2024\05 - Maio\Ebury - Parcial até 09-05.pdf
2024-05-10 23:09:33,414; INFO; functions.informacoes_extraidas.657: texto: Oceanica Netherlands B.V.
Mr. Andre Ponce de Leon Arruda
Apollolaan 151
Extracto de Conta
Período do extrato: 01-05-2024 00:00 - 31-05-2024 23:59
Registo de instrução: 09-05-2024 13:02
Moeda: Todos
Resumo
Conta de Moeda
Saldo Inicial Fundos recebidos A sair Saldo final
Estrangeira
USD 480311.89 1000000.00 -592229.19 888082.70
NOK 48958.66 1029000.00 -1074000.00 3958.66
MXN 0.00 0.00 0.00 0.00
GBP 0.00 16000.00 -15270.00 730.00
SGD 362.78 53000.00 -52144.58 1218.20
EUR 7059.90 325000.00 -326315.89 5744.01
Obrigado por escolher Ebury.
Se tiver alguma dúvida entre em contato com o seu gestor de conta através do +31 (0) 20 795 6690.
Página 1 de 12
2024-05-10 23:09:33,492; INFO; functions.informacoes_extraidas.657: texto: Movimentos: Todas as moedas
Registo de
Descrição Montante Saldo
operação
Pagamento PI4066307 DNV AS
07-05-2024
Payment for identifiable services - Oceanica Netherlands B.V. EUR -900.00 EUR 5744.01
20:04
PI4066307 10736430
Pagamento PI4066306 DNV AS
07-05-2024
Payment for identifiable services - Oceanica Netherlands B.V. EUR -6075.00 EUR 6644.01
20:04
PI4066306 10716137
Pagamento PI4062216 ISLE OF MAN - GOVERNMENT
06-05-2024
Payment for identifiable services - Oceanica Netherlands B.V. GBP -5090.00 GBP 730.00
20:25
PI4062216 483684
Pagamento PI4062213 ISLE OF MAN - GOVERNMENT
06-05-2024
Payment for identifiable services - Oceanica Netherlands B.V. GBP -5090.00 GBP 5820.00
20:25
PI4062213 483683
Pagamento PI4062227 Ocean Electronics AS
06-05-2024
Payment for identifiable services - Oceanica Netherlands B.V. NOK -204000.00 NOK 3958.66
20:25
PI4062227 20068
Pagamento PI4062237 PT. LABROY SHIPBUILDING ENGINEERING
06-05-2024
Payment for identifiable services - Oceanica Netherlands B.V. SGD -3750.00 SGD 1218.20
20:25
PI4062237 20240405
Pagamento PI4062211 ISLE OF MAN - GOVERNMENT
06-05-2024
Payment for identifiable services - Oceanica Netherlands B.V. GBP -5090.00 GBP 10910.00
20:25
PI4062211 483682
Pagamento PI4062219 Marin Teknikk AS
06-05-2024
Payment for identifiable services - Oceanica Netherlands B.V. NOK -580000.00 NOK 207958.66
20:25
PI4062219 10857
Pagamento PI4062236 PT. LABROY SHIPBUILDING ENGINEERING
06-05-2024
Payment for identifiable services - Oceanica Netherlands B.V. SGD -33053.58 SGD 4968.20
20:25
PI4062236 20240404
Pagamento PI4062209 Holland Accommodation Rentals VOF
06-05-2024
Payment for identifiable services - Oceanica Netherlands B.V. EUR -21038.31 EUR 12719.01
20:25
PI4062209 241450007
06-05-2024 Comprado SGD EBPOTR3421669
SGD 37000.00 SGD 38021.78
20:25 USDSGD1.330414Compra/Venda de moeda
06-05-2024 Comprado GBP EBPOTR3421658
GBP 16000.00 GBP 16000.00
20:25 GBPUSD1.275599Compra/Venda de moeda
Obrigado por escolher Ebury.
Se tiver alguma dúvida entre em contato com o seu gestor de conta através do +31 (0) 20 795 6690.
Página 2 de 12
2024-05-10 23:09:33,570; INFO; functions.informacoes_extraidas.657: texto: 06-05-2024 Comprado NOK EBPOTR3421665
NOK 784000.00 NOK 787958.66
20:25 USDNOK10.661644Compra/Venda de moeda.
06-05-2024 Comprado EUR EBPOTR3421654
EUR 30000.00 EUR 33757.32
20:25 EURUSD1.093690Compra/Venda de moeda
Pagamento PI4062232 PT. SNEPAC SHIPPING
06-05-2024
Payment for identifiable services - Oceanica Netherlands B.V. USD -390.00 USD 888082.70
20:06
PI4062232 10001602
Pagamento PI4062231 PT. SNEPAC SHIPPING
06-05-2024
Payment for identifiable services - Oceanica Netherlands B.V. USD -3542.65 USD 888472.70
20:06
PI4062231 1000185
Pagamento PI4062229 INCHCAPE SHIPPING SERVICES
06-05-2024
Payment for identifiable services - Oceanica Netherlands B.V. USD -23143.48 USD 892015.35
20:06
PI4062229 11042024
Pagamento PI4062228 Alatas Americas, Inc.
06-05-2024
Payment for identifiable services - Oceanica Netherlands B.V. USD -10734.60 USD 915158.83
20:06
PI4062228 1545901
06-05-2024 Vendido USD EBPOTR3421669
USD -27810.89 USD 925893.43
20:06 USDSGD1.330414Compra/Venda de moeda
06-05-2024 Vendido USD EBPOTR3421665
USD -73534.63 USD 953704.32
20:06 USDNOK10.661644Compra/Venda de moeda.
06-05-2024 Vendido USD EBPOTR3421658
USD -20409.58 USD 1027238.95
20:06 GBPUSD1.275599Compra/Venda de moeda
06-05-2024 Vendido USD EBPOTR3421654
USD -32810.70 USD 1047648.53
20:06 EURUSD1.093690Compra/Venda de moeda
Pagamento PI4062210 Wesmans AS
06-05-2024
Payment for identifiable services - Oceanica Netherlands B.V. EUR -6000.00 EUR 3757.32
20:05
PI4062210 133291
Fundos OCEANICA ENGENHARIA E CONSULTO
06-05-2024
BR6960701190032120000026755C1 - - NL66EBUR2845860862 - USD 1000000.00 USD 1080459.23
12:48
2024050600409807
Pagamento PI4058154 Tschudi Ship Management AS
06-05-2024
Payment for identifiable services - Oceanica Netherlands B.V. EUR -32413.79 EUR 9757.32
07:49
PI4058154 2024237
Pagamento PI4058153 Tschudi Ship Management AS
06-05-2024
Payment for identifiable services - Oceanica Netherlands B.V. EUR -32413.79 EUR 42171.11
07:49
PI4058153 2024236
Obrigado por escolher Ebury.
Se tiver alguma dúvida entre em contato com o seu gestor de conta através do +31 (0) 20 795 6690.
Página 3 de 12
2024-05-10 23:09:33,648; INFO; functions.informacoes_extraidas.657: texto: Pagamento PI4058151 Tschudi Ship Management AS
06-05-2024
Payment for identifiable services - Oceanica Netherlands B.V. EUR -18635.00 EUR 74584.90
07:49
PI4058151 2024235
Pagamento PI4058150 Tschudi Ship Management AS
06-05-2024
Payment for identifiable services - Oceanica Netherlands B.V. EUR -29450.00 EUR 93219.90
07:49
PI4058150 2024234
06-05-2024 Comprado EUR EBPOTR3420712
EUR 115000.00 EUR 122669.90
07:49 EURUSD1.093325Compra/Venda de moeda
06-05-2024 Vendido USD EBPOTR3420712
USD -125732.38 USD 80459.23
07:49 EURUSD1.093325Compra/Venda de moeda
Pagamento PI4057536 PT. LABROY SHIPBUILDING ENGINEERING
05-05-2024
Payment for identifiable services - Oceanica Netherlands B.V. SGD -1500.00 SGD 1021.78
20:22
PI4057536 2402014
Pagamento PI4057521 Marin Teknikk AS
05-05-2024
Payment for identifiable services - Oceanica Netherlands B.V. NOK -290000.00 NOK 3958.66
20:22
PI4057521 10858
Pagamento PI4057533 PT. LABROY SHIPBUILDING ENGINEERING
05-05-2024
Payment for identifiable services - Oceanica Netherlands B.V. SGD -13841.00 SGD 2521.78
20:22
PI4057533 2402013
05-05-2024 Comprado NOK EBPOTR3419224
NOK 245000.00 NOK 293958.66
20:22 USDNOK10.683678Compra/Venda de moeda.
05-05-2024 Comprado SGD EBPOTR3419226
SGD 16000.00 SGD 16362.78
20:22 USDSGD1.328451Compra/venda de moeda
Pagamento PI4058159 SOLANA AGENCIA MARITIMA LTDA.
05-05-2024
Payment for identifiable services - Oceanica Netherlands B.V. USD -7049.00 USD 206191.61
20:03
PI4058159 124
05-05-2024 Vendido USD EBPOTR3419226
USD -12044.10 USD 213240.61
20:03 USDSGD1.328451Compra/venda de moeda
05-05-2024 Vendido USD EBPOTR3419224
USD -22932.18 USD 225284.71
20:03 USDNOK10.683678Compra/Venda de moeda.
Pagamento PI4057480 SKF MARINE SINGAPORE PTE. LTD.
05-05-2024
Payment for identifiable services - Oceanica Netherlands B.V. EUR -81350.00 EUR 7669.90
20:03
PI4057480 9814765/121080 - FAR SCIMITAR
Pagamento PI4057474 SKF MARINE SINGAPORE PTE. LTD.
05-05-2024
Payment for identifiable services - Oceanica Netherlands B.V. EUR -81350.00 EUR 89019.90
20:03
PI4057474 9814764/121080
Obrigado por escolher Ebury.
Se tiver alguma dúvida entre em contato com o seu gestor de conta através do +31 (0) 20 795 6690.
Página 4 de 12
2024-05-10 23:09:33,695; INFO; functions.informacoes_extraidas.657: texto: 03-05-2024 Comprado EUR EBPOTR3419176
EUR 163000.00 EUR 170369.90
10:29 EURUSD1.094662Compra/Venda de moeda
03-05-2024 Vendido USD EBPOTR3419176
USD -178429.91 USD 248216.89
10:29 EURUSD1.094662Compra/Venda de moeda
Pagamento PI4054212 ASP Crew Management
02-05-2024
Payment for identifiable services - Oceanica Netherlands B.V. USD -35242.80 USD 426646.80
10:31
PI4054212 001824
Pagamento PI4049572 Leonardo Duran
01-05-2024
Salário / folha de pagamentos - Oceanica Netherlands B.V. EUR -16690.00 EUR 7369.90
20:24
PI4049572 pgto. Abril-24
01-05-2024 Comprado EUR EBPOTR3414442
EUR 17000.00 EUR 24059.90
20:24 EURUSD1.083664Compra/Venda de moeda
01-05-2024 Vendido USD EBPOTR3414442
USD -18422.29 USD 461889.60
20:05 EURUSD1.083664Compra/Venda de moeda
Obrigado por escolher Ebury.
Se tiver alguma dúvida entre em contato com o seu gestor de conta através do +31 (0) 20 795 6690.
Página 5 de 12
2024-05-10 23:09:33,757; INFO; functions.informacoes_extraidas.657: texto: Movimentos: USD Conta
Registo de
Descrição Montante Saldo
operação
Pagamento PI4062232 PT. SNEPAC SHIPPING
06-05-2024
Payment for identifiable services - Oceanica Netherlands B.V. USD -390.00 USD 888082.70
20:06
PI4062232 10001602
Pagamento PI4062231 PT. SNEPAC SHIPPING
06-05-2024
Payment for identifiable services - Oceanica Netherlands B.V. USD -3542.65 USD 888472.70
20:06
PI4062231 1000185
Pagamento PI4062229 INCHCAPE SHIPPING SERVICES
06-05-2024
Payment for identifiable services - Oceanica Netherlands B.V. USD -23143.48 USD 892015.35
20:06
PI4062229 11042024
Pagamento PI4062228 Alatas Americas, Inc.
06-05-2024
Payment for identifiable services - Oceanica Netherlands B.V. USD -10734.60 USD 915158.83
20:06
PI4062228 1545901
06-05-2024 Vendido USD EBPOTR3421669
USD -27810.89 USD 925893.43
20:06 USDSGD1.330414Compra/Venda de moeda
06-05-2024 Vendido USD EBPOTR3421665
USD -73534.63 USD 953704.32
20:06 USDNOK10.661644Compra/Venda de moeda.
06-05-2024 Vendido USD EBPOTR3421658
USD -20409.58 USD 1027238.95
20:06 GBPUSD1.275599Compra/Venda de moeda
06-05-2024 Vendido USD EBPOTR3421654
USD -32810.70 USD 1047648.53
20:06 EURUSD1.093690Compra/Venda de moeda
Fundos OCEANICA ENGENHARIA E CONSULTO
06-05-2024
BR6960701190032120000026755C1 - - NL66EBUR2845860862 - USD 1000000.00 USD 1080459.23
12:48
2024050600409807
06-05-2024 Vendido USD EBPOTR3420712
USD -125732.38 USD 80459.23
07:49 EURUSD1.093325Compra/Venda de moeda
Pagamento PI4058159 SOLANA AGENCIA MARITIMA LTDA.
05-05-2024
Payment for identifiable services - Oceanica Netherlands B.V. USD -7049.00 USD 206191.61
20:03
PI4058159 124
05-05-2024 Vendido USD EBPOTR3419226
USD -12044.10 USD 213240.61
20:03 USDSGD1.328451Compra/venda de moeda
05-05-2024 Vendido USD EBPOTR3419224
USD -22932.18 USD 225284.71
20:03 USDNOK10.683678Compra/Venda de moeda.
Obrigado por escolher Ebury.
Se tiver alguma dúvida entre em contato com o seu gestor de conta através do +31 (0) 20 795 6690.
Página 6 de 12
2024-05-10 23:09:33,788; INFO; functions.informacoes_extraidas.657: texto: 03-05-2024 Vendido USD EBPOTR3419176
USD -178429.91 USD 248216.89
10:29 EURUSD1.094662Compra/Venda de moeda
Pagamento PI4054212 ASP Crew Management
02-05-2024
Payment for identifiable services - Oceanica Netherlands B.V. USD -35242.80 USD 426646.80
10:31
PI4054212 001824
01-05-2024 Vendido USD EBPOTR3414442
USD -18422.29 USD 461889.60
20:05 EURUSD1.083664Compra/Venda de moeda
Obrigado por escolher Ebury.
Se tiver alguma dúvida entre em contato com o seu gestor de conta através do +31 (0) 20 795 6690.
Página 7 de 12
2024-05-10 23:09:33,820; INFO; functions.informacoes_extraidas.657: texto: Movimentos: NOK Conta
Registo de
Descrição Montante Saldo
operação
Pagamento PI4062227 Ocean Electronics AS
06-05-2024
Payment for identifiable services - Oceanica Netherlands B.V. NOK -204000.00 NOK 3958.66
20:25
PI4062227 20068
Pagamento PI4062219 Marin Teknikk AS
06-05-2024
Payment for identifiable services - Oceanica Netherlands B.V. NOK -580000.00 NOK 207958.66
20:25
PI4062219 10857
06-05-2024 Comprado NOK EBPOTR3421665
NOK 784000.00 NOK 787958.66
20:25 USDNOK10.661644Compra/Venda de moeda.
Pagamento PI4057521 Marin Teknikk AS
05-05-2024
Payment for identifiable services - Oceanica Netherlands B.V. NOK -290000.00 NOK 3958.66
20:22
PI4057521 10858
05-05-2024 Comprado NOK EBPOTR3419224
NOK 245000.00 NOK 293958.66
20:22 USDNOK10.683678Compra/Venda de moeda.
Obrigado por escolher Ebury.
Se tiver alguma dúvida entre em contato com o seu gestor de conta através do +31 (0) 20 795 6690.
Página 8 de 12
2024-05-10 23:09:33,882; INFO; functions.informacoes_extraidas.657: texto: Movimentos: GBP Conta
Registo de
Descrição Montante Saldo
operação
Pagamento PI4062216 ISLE OF MAN - GOVERNMENT
06-05-2024
Payment for identifiable services - Oceanica Netherlands B.V. GBP -5090.00 GBP 730.00
20:25
PI4062216 483684
Pagamento PI4062213 ISLE OF MAN - GOVERNMENT
06-05-2024
Payment for identifiable services - Oceanica Netherlands B.V. GBP -5090.00 GBP 5820.00
20:25
PI4062213 483683
Pagamento PI4062211 ISLE OF MAN - GOVERNMENT
06-05-2024
Payment for identifiable services - Oceanica Netherlands B.V. GBP -5090.00 GBP 10910.00
20:25
PI4062211 483682
06-05-2024 Comprado GBP EBPOTR3421658
GBP 16000.00 GBP 16000.00
20:25 GBPUSD1.275599Compra/Venda de moeda
Obrigado por escolher Ebury.
Se tiver alguma dúvida entre em contato com o seu gestor de conta através do +31 (0) 20 795 6690.
Página 9 de 12
2024-05-10 23:09:33,929; INFO; functions.informacoes_extraidas.657: texto: Movimentos: SGD Conta
Registo de
Descrição Montante Saldo
operação
Pagamento PI4062237 PT. LABROY SHIPBUILDING ENGINEERING
06-05-2024
Payment for identifiable services - Oceanica Netherlands B.V. SGD -3750.00 SGD 1218.20
20:25
PI4062237 20240405
Pagamento PI4062236 PT. LABROY SHIPBUILDING ENGINEERING
06-05-2024
Payment for identifiable services - Oceanica Netherlands B.V. SGD -33053.58 SGD 4968.20
20:25
PI4062236 20240404
06-05-2024 Comprado SGD EBPOTR3421669
SGD 37000.00 SGD 38021.78
20:25 USDSGD1.330414Compra/Venda de moeda
Pagamento PI4057536 PT. LABROY SHIPBUILDING ENGINEERING
05-05-2024
Payment for identifiable services - Oceanica Netherlands B.V. SGD -1500.00 SGD 1021.78
20:22
PI4057536 2402014
Pagamento PI4057533 PT. LABROY SHIPBUILDING ENGINEERING
05-05-2024
Payment for identifiable services - Oceanica Netherlands B.V. SGD -13841.00 SGD 2521.78
20:22
PI4057533 2402013
05-05-2024 Comprado SGD EBPOTR3419226
SGD 16000.00 SGD 16362.78
20:22 USDSGD1.328451Compra/venda de moeda
Obrigado por escolher Ebury.
Se tiver alguma dúvida entre em contato com o seu gestor de conta através do +31 (0) 20 795 6690.
Página 10 de 12
2024-05-10 23:09:33,992; INFO; functions.informacoes_extraidas.657: texto: Movimentos: EUR Conta
Registo de
Descrição Montante Saldo
operação
Pagamento PI4066307 DNV AS
07-05-2024
Payment for identifiable services - Oceanica Netherlands B.V. EUR -900.00 EUR 5744.01
20:04
PI4066307 10736430
Pagamento PI4066306 DNV AS
07-05-2024
Payment for identifiable services - Oceanica Netherlands B.V. EUR -6075.00 EUR 6644.01
20:04
PI4066306 10716137
Pagamento PI4062209 Holland Accommodation Rentals VOF
06-05-2024
Payment for identifiable services - Oceanica Netherlands B.V. EUR -21038.31 EUR 12719.01
20:25
PI4062209 241450007
06-05-2024 Comprado EUR EBPOTR3421654
EUR 30000.00 EUR 33757.32
20:25 EURUSD1.093690Compra/Venda de moeda
Pagamento PI4062210 Wesmans AS
06-05-2024
Payment for identifiable services - Oceanica Netherlands B.V. EUR -6000.00 EUR 3757.32
20:05
PI4062210 133291
Pagamento PI4058154 Tschudi Ship Management AS
06-05-2024
Payment for identifiable services - Oceanica Netherlands B.V. EUR -32413.79 EUR 9757.32
07:49
PI4058154 2024237
Pagamento PI4058153 Tschudi Ship Management AS
06-05-2024
Payment for identifiable services - Oceanica Netherlands B.V. EUR -32413.79 EUR 42171.11
07:49
PI4058153 2024236
Pagamento PI4058151 Tschudi Ship Management AS
06-05-2024
Payment for identifiable services - Oceanica Netherlands B.V. EUR -18635.00 EUR 74584.90
07:49
PI4058151 2024235
Pagamento PI4058150 Tschudi Ship Management AS
06-05-2024
Payment for identifiable services - Oceanica Netherlands B.V. EUR -29450.00 EUR 93219.90
07:49
PI4058150 2024234
06-05-2024 Comprado EUR EBPOTR3420712
EUR 115000.00 EUR 122669.90
07:49 EURUSD1.093325Compra/Venda de moeda
Pagamento PI4057480 SKF MARINE SINGAPORE PTE. LTD.
05-05-2024
Payment for identifiable services - Oceanica Netherlands B.V. EUR -81350.00 EUR 7669.90
20:03
PI4057480 9814765/121080 - FAR SCIMITAR
Pagamento PI4057474 SKF MARINE SINGAPORE PTE. LTD.
05-05-2024
Payment for identifiable services - Oceanica Netherlands B.V. EUR -81350.00 EUR 89019.90
20:03
PI4057474 9814764/121080
Obrigado por escolher Ebury.
Se tiver alguma dúvida entre em contato com o seu gestor de conta através do +31 (0) 20 795 6690.
Página 11 de 12
2024-05-10 23:09:34,023; INFO; functions.informacoes_extraidas.657: texto: 03-05-2024 Comprado EUR EBPOTR3419176
EUR 163000.00 EUR 170369.90
10:29 EURUSD1.094662Compra/Venda de moeda
Pagamento PI4049572 Leonardo Duran
01-05-2024
Salário / folha de pagamentos - Oceanica Netherlands B.V. EUR -16690.00 EUR 7369.90
20:24
PI4049572 pgto. Abril-24
01-05-2024 Comprado EUR EBPOTR3414442
EUR 17000.00 EUR 24059.90
20:24 EURUSD1.083664Compra/Venda de moeda
Obrigado por escolher Ebury.
Se tiver alguma dúvida entre em contato com o seu gestor de conta através do +31 (0) 20 795 6690.
Página 12 de 12
2024-05-10 23:09:34,023; INFO; functions.excelProcessoCompleto.1164: Adicionando aba de PROCESSOS EXTRAÍDOS ao EXCEL existente
2024-05-10 23:09:34,023; INFO; functions.excelProcessoCompleto.1178: Aba de TODOS EXTRAÍDOS ao EXCEL existente
2024-05-10 23:09:34,023; INFO; main.process.42: PROCESSOS EXTRAIDOS COM ERRO: 10
2024-05-10 23:09:34,023; INFO; main.process.43: PROCESSOS COM ERRO: [{'data': '06-05-2024', 'pi': '4062237', 'inv': '20240405', 'moeda': 'SGD', 'montante': '-3750.00', 'saldo': '1218.20', 'nome': 'PT. LABROY SHIPBUILDING ENGINEERING', 'cod': None}, {'data': '06-05-2024', 'pi': '4062236', 'inv': '20240404', 'moeda': 'SGD', 'montante': '-33053.58', 'saldo': '4968.20', 'nome': 'PT. LABROY SHIPBUILDING ENGINEERING', 'cod': None}, {'data': '05-05-2024', 'pi': '4057536', 'inv': '2402014', 'moeda': 'SGD', 'montante': '-1500.00', 'saldo': '1021.78', 'nome': 'PT. LABROY SHIPBUILDING ENGINEERING', 'cod': None}, {'data': '05-05-2024', 'pi': '4057533', 'inv': '2402013', 'moeda': 'SGD', 'montante': '-13841.00', 'saldo': '2521.78', 'nome': 'PT. LABROY SHIPBUILDING ENGINEERING', 'cod': None}, {'data': '01-05-2024', 'pi': '4049572', 'inv': None, 'moeda': 'EUR', 'montante': '-16690.00', 'saldo': '7369.90', 'nome': 'Leonardo Duran', 'cod': None}, {'data': '06-05-2024', 'pi': '4062237', 'inv': '20240405', 'moeda': 'SGD', 'montante': '-3750.00', 'saldo': '1218.20', 'nome': 'PT. LABROY SHIPBUILDING ENGINEERING', 'cod': None}, {'data': '06-05-2024', 'pi': '4062236', 'inv': '20240404', 'moeda': 'SGD', 'montante': '-33053.58', 'saldo': '4968.20', 'nome': 'PT. LABROY SHIPBUILDING ENGINEERING', 'cod': None}, {'data': '05-05-2024', 'pi': '4057536', 'inv': '2402014', 'moeda': 'SGD', 'montante': '-1500.00', 'saldo': '1021.78', 'nome': 'PT. LABROY SHIPBUILDING ENGINEERING', 'cod': None}, {'data': '05-05-2024', 'pi': '4057533', 'inv': '2402013', 'moeda': 'SGD', 'montante': '-13841.00', 'saldo': '2521.78', 'nome': 'PT. LABROY SHIPBUILDING ENGINEERING', 'cod': None}, {'data': '01-05-2024', 'pi': '4049572', 'inv': None, 'moeda': 'EUR', 'montante': '-16690.00', 'saldo': '7369.90', 'nome': 'Leonardo Duran', 'cod': None}]
2024-05-10 23:09:34,023; INFO; functions.excelErro.1114: Adicionando aba de ERRO ao EXCEL existente
2024-05-10 23:09:34,023; INFO; functions.excelErro.1130: Aba de ERRO adicionada ao EXCEL existente
2024-05-10 23:09:34,023; INFO; main.process.46: PROCESSOS EXTRAIDOS CORRETAMENTE: 44
2024-05-10 23:09:34,023; INFO; main.process.47: PROCESSOS A SEREM TRATADOS: [{'data': '07-05-2024', 'pi': '4066307', 'inv': '10736430', 'moeda': 'EUR', 'montante': '-900.00', 'saldo': '5744.01', 'nome': 'DNV AS', 'cod': None}, {'data': '07-05-2024', 'pi': '4066306', 'inv': '10716137', 'moeda': 'EUR', 'montante': '-6075.00', 'saldo': '6644.01', 'nome': 'DNV AS', 'cod': None}, {'data': '06-05-2024', 'pi': '4062216', 'inv': '483684', 'moeda': 'GBP', 'montante': '-5090.00', 'saldo': '730.00', 'nome': 'ISLE OF MAN - GOVERNMENT', 'cod': None}, {'data': '06-05-2024', 'pi': '4062213', 'inv': '483683', 'moeda': 'GBP', 'montante': '-5090.00', 'saldo': '5820.00', 'nome': 'ISLE OF MAN - GOVERNMENT', 'cod': None}, {'data': '06-05-2024', 'pi': '4062227', 'inv': '20068', 'moeda': 'NOK', 'montante': '-204000.00', 'saldo': '3958.66', 'nome': 'Ocean Electronics AS', 'cod': None}, {'data': '06-05-2024', 'pi': '4062211', 'inv': '483682', 'moeda': 'GBP', 'montante': '-5090.00', 'saldo': '10910.00', 'nome': 'ISLE OF MAN - GOVERNMENT', 'cod': None}, {'data': '06-05-2024', 'pi': '4062219', 'inv': '10857', 'moeda': 'NOK', 'montante': '-580000.00', 'saldo': '207958.66', 'nome': 'Marin Teknikk AS', 'cod': None}, {'data': '06-05-2024', 'pi': '4062209', 'inv': '241450007', 'moeda': 'EUR', 'montante': '-21038.31', 'saldo': '12719.01', 'nome': 'Holland Accommodation Rentals VOF', 'cod': None}, {'data': '06-05-2024', 'pi': '4062232', 'inv': '10001602', 'moeda': 'USD', 'montante': '-390.00', 'saldo': '888082.70', 'nome': 'PT. SNEPAC SHIPPING', 'cod': None}, {'data': '06-05-2024', 'pi': '4062231', 'inv': '1000185', 'moeda': 'USD', 'montante': '-3542.65', 'saldo': '888472.70', 'nome': 'PT. SNEPAC SHIPPING', 'cod': None}, {'data': '06-05-2024', 'pi': '4062229', 'inv': '11042024', 'moeda': 'USD', 'montante': '-23143.48', 'saldo': '892015.35', 'nome': 'INCHCAPE SHIPPING SERVICES', 'cod': None}, {'data': '06-05-2024', 'pi': '4062228', 'inv': '1545901', 'moeda': 'USD', 'montante': '-10734.60', 'saldo': '915158.83', 'nome': 'Alatas Americas, Inc.', 'cod': None}, {'data': '06-05-2024', 'pi': '4062210', 'inv': '133291', 'moeda': 'EUR', 'montante': '-6000.00', 'saldo': '3757.32', 'nome': 'Wesmans AS', 'cod': None}, {'data': '06-05-2024', 'pi': '4058154', 'inv': '2024237', 'moeda': 'EUR', 'montante': '-32413.79', 'saldo': '9757.32', 'nome': 'Tschudi Ship Management AS', 'cod': None}, {'data': '06-05-2024', 'pi': '4058153', 'inv': '2024236', 'moeda': 'EUR', 'montante': '-32413.79', 'saldo': '42171.11', 'nome': 'Tschudi Ship Management AS', 'cod': None}, {'data': '06-05-2024', 'pi': '4058151', 'inv': '2024235', 'moeda': 'EUR', 'montante': '-18635.00', 'saldo': '74584.90', 'nome': 'Tschudi Ship Management AS', 'cod': None}, {'data': '06-05-2024', 'pi': '4058150', 'inv': '2024234', 'moeda': 'EUR', 'montante': '-29450.00', 'saldo': '93219.90', 'nome': 'Tschudi Ship Management AS', 'cod': None}, {'data': '05-05-2024', 'pi': '4057521', 'inv': '10858', 'moeda': 'NOK', 'montante': '-290000.00', 'saldo': '3958.66', 'nome': 'Marin Teknikk AS', 'cod': None}, {'data': '05-05-2024', 'pi': '4058159', 'inv': '124', 'moeda': 'USD', 'montante': '-7049.00', 'saldo': '206191.61', 'nome': 'SOLANA AGENCIA MARITIMA LTDA.', 'cod': None}, {'data': '05-05-2024', 'pi': '4057480', 'inv': '9814765', 'moeda': 'EUR', 'montante': '-81350.00', 'saldo': '7669.90', 'nome': 'SKF MARINE SINGAPORE PTE. LTD.', 'cod': None}, {'data': '05-05-2024', 'pi': '4057474', 'inv': '9814764', 'moeda': 'EUR', 'montante': '-81350.00', 'saldo': '89019.90', 'nome': 'SKF MARINE SINGAPORE PTE. LTD.', 'cod': None}, {'data': '02-05-2024', 'pi': '4054212', 'inv': '001824', 'moeda': 'USD', 'montante': '-35242.80', 'saldo': '426646.80', 'nome': 'ASP Crew Management', 'cod': None}, {'data': '06-05-2024', 'pi': '4062232', 'inv': '10001602', 'moeda': 'USD', 'montante': '-390.00', 'saldo': '888082.70', 'nome': 'PT. SNEPAC SHIPPING', 'cod': None}, {'data': '06-05-2024', 'pi': '4062231', 'inv': '1000185', 'moeda': 'USD', 'montante': '-3542.65', 'saldo': '888472.70', 'nome': 'PT. SNEPAC SHIPPING', 'cod': None}, {'data': '06-05-2024', 'pi': '4062229', 'inv': '11042024', 'moeda': 'USD', 'montante': '-23143.48', 'saldo': '892015.35', 'nome': 'INCHCAPE SHIPPING SERVICES', 'cod': None}, {'data': '06-05-2024', 'pi': '4062228', 'inv': '1545901', 'moeda': 'USD', 'montante': '-10734.60', 'saldo': '915158.83', 'nome': 'Alatas Americas, Inc.', 'cod': None}, {'data': '05-05-2024', 'pi': '4058159', 'inv': '124', 'moeda': 'USD', 'montante': '-7049.00', 'saldo': '206191.61', 'nome': 'SOLANA AGENCIA MARITIMA LTDA.', 'cod': None}, {'data': '02-05-2024', 'pi': '4054212', 'inv': '001824', 'moeda': 'USD', 'montante': '-35242.80', 'saldo': '426646.80', 'nome': 'ASP Crew Management', 'cod': None}, {'data': '06-05-2024', 'pi': '4062227', 'inv': '20068', 'moeda': 'NOK', 'montante': '-204000.00', 'saldo': '3958.66', 'nome': 'Ocean Electronics AS', 'cod': None}, {'data': '06-05-2024', 'pi': '4062219', 'inv': '10857', 'moeda': 'NOK', 'montante': '-580000.00', 'saldo': '207958.66', 'nome': 'Marin Teknikk AS', 'cod': None}, {'data': '05-05-2024', 'pi': '4057521', 'inv': '10858', 'moeda': 'NOK', 'montante': '-290000.00', 'saldo': '3958.66', 'nome': 'Marin Teknikk AS', 'cod': None}, {'data': '06-05-2024', 'pi': '4062216', 'inv': '483684', 'moeda': 'GBP', 'montante': '-5090.00', 'saldo': '730.00', 'nome': 'ISLE OF MAN - GOVERNMENT', 'cod': None}, {'data': '06-05-2024', 'pi': '4062213', 'inv': '483683', 'moeda': 'GBP', 'montante': '-5090.00', 'saldo': '5820.00', 'nome': 'ISLE OF MAN - GOVERNMENT', 'cod': None}, {'data': '06-05-2024', 'pi': '4062211', 'inv': '483682', 'moeda': 'GBP', 'montante': '-5090.00', 'saldo': '10910.00', 'nome': 'ISLE OF MAN - GOVERNMENT', 'cod': None}, {'data': '07-05-2024', 'pi': '4066307', 'inv': '10736430', 'moeda': 'EUR', 'montante': '-900.00', 'saldo': '5744.01', 'nome': 'DNV AS', 'cod': None}, {'data': '07-05-2024', 'pi': '4066306', 'inv': '10716137', 'moeda': 'EUR', 'montante': '-6075.00', 'saldo': '6644.01', 'nome': 'DNV AS', 'cod': None}, {'data': '06-05-2024', 'pi': '4062209', 'inv': '241450007', 'moeda': 'EUR', 'montante': '-21038.31', 'saldo': '12719.01', 'nome': 'Holland Accommodation Rentals VOF', 'cod': None}, {'data': '06-05-2024', 'pi': '4062210', 'inv': '133291', 'moeda': 'EUR', 'montante': '-6000.00', 'saldo': '3757.32', 'nome': 'Wesmans AS', 'cod': None}, {'data': '06-05-2024', 'pi': '4058154', 'inv': '2024237', 'moeda': 'EUR', 'montante': '-32413.79', 'saldo': '9757.32', 'nome': 'Tschudi Ship Management AS', 'cod': None}, {'data': '06-05-2024', 'pi': '4058153', 'inv': '2024236', 'moeda': 'EUR', 'montante': '-32413.79', 'saldo': '42171.11', 'nome': 'Tschudi Ship Management AS', 'cod': None}, {'data': '06-05-2024', 'pi': '4058151', 'inv': '2024235', 'moeda': 'EUR', 'montante': '-18635.00', 'saldo': '74584.90', 'nome': 'Tschudi Ship Management AS', 'cod': None}, {'data': '06-05-2024', 'pi': '4058150', 'inv': '2024234', 'moeda': 'EUR', 'montante': '-29450.00', 'saldo': '93219.90', 'nome': 'Tschudi Ship Management AS', 'cod': None}, {'data': '05-05-2024', 'pi': '4057480', 'inv': '9814765', 'moeda': 'EUR', 'montante': '-81350.00', 'saldo': '7669.90', 'nome': 'SKF MARINE SINGAPORE PTE. LTD.', 'cod': None}, {'data': '05-05-2024', 'pi': '4057474', 'inv': '9814764', 'moeda': 'EUR', 'montante': '-81350.00', 'saldo': '89019.90', 'nome': 'SKF MARINE SINGAPORE PTE. LTD.', 'cod': None}]
2024-05-10 23:09:34,023; INFO; functions.mover_para_lidos.1230: MOVENDO ARQUIVO Ebury - Parcial até 09-05.pdf.
2024-05-10 23:09:34,023; INFO; functions.mover_para_lidos.1238: Pasta "Lidos" já existe
2024-05-10 23:09:34,023; INFO; functions.mover_para_lidos.1255: ARQUIVO Ebury - Parcial até 09-05.pdf MOVIDO PARA LIDOS.
2024-05-10 23:09:34,038; INFO; functions.open_RM.50: OPEN PROGRAM RM
2024-05-10 23:09:42,135; INFO; functions.loggin_RM.65: ENTER USER_NAME
2024-05-10 23:09:42,962; INFO; functions.loggin_RM.70: ENTER PASSWORD
2024-05-10 23:09:43,712; INFO; functions.loggin_RM.74: ENTER RM
2024-05-10 23:10:23,778; INFO; functions.waitForImage.982: LICENCAS EXCEDIDAS image not found.
2024-05-10 23:10:24,465; INFO; functions.enter_coligada.96: CLICK CONTEXTO
2024-05-10 23:10:25,899; INFO; functions.enter_coligada.99: CLICK COLIGADA 2
2024-05-10 23:10:29,126; INFO; functions.enter_coligada.103: INSERE O COLIGADA CODE = 2
2024-05-10 23:10:29,228; INFO; functions.enter_coligada.105: APERTA TAB PARA PREENCHER O CAMPO COM A STRING: OCEANICA ENGENHARIA E CONSULTORIA S.A.
2024-05-10 23:10:31,771; INFO; functions.enter_coligada.108: CLICK AVANÇAR NOVAMENTE
2024-05-10 23:10:35,029; INFO; functions.enter_coligada.112: CLICK CONCLUIR
2024-05-10 23:10:56,122; INFO; functions.enter_coligada.115: POP UP COLIGADA CLICADO PARA DESAPARECER
2024-05-10 23:10:58,625; INFO; functions.enter_contas_a_pagar.126: CLICK - TOTVS - LINHA RM
2024-05-10 23:11:01,316; INFO; functions.enter_contas_a_pagar.131: CLICK - BACK OFFICE
2024-05-10 23:11:03,896; INFO; functions.enter_contas_a_pagar.136: CLICK - GESTAO FINANCEIRA
2024-05-10 23:11:09,200; INFO; functions.enter_contas_a_pagar.141: CLICK - CONTAS A PAGAR
2024-05-10 23:11:09,383; INFO; functions.waitForImage.951: LANÇAMENTOS image found.
2024-05-10 23:11:09,495; INFO; functions.enter_contas_a_pagar.156: CLICA EM LANÇAMENTOS
2024-05-10 23:11:34,497; INFO; functions.waitForImage.982: LICENCAS EXCEDIDAS image not found.
2024-05-10 23:11:34,497; INFO; main.process.64: extrato_list_nao_tratado processo 0
2024-05-10 23:11:34,497; INFO; main.process.71: PROCESSO 1 de 44 A SER TRATADO: {'data': '07-05-2024', 'pi': '4066307', 'inv': '10736430', 'moeda': 'EUR', 'montante': '-900.00', 'saldo': '5744.01', 'nome': 'DNV AS', 'cod': None}
2024-05-10 23:11:34,497; INFO; main.process.82: inv original 10736430. tamanho 8
2024-05-10 23:11:34,497; INFO; main.process.87: inv TRATADA 01073643001. tamanho 11
2024-05-10 23:11:34,497; INFO; main.process.99: data: 07052024 <class 'str'>

                        pi: 4066307 <class 'str'>

                        inv: 01073643001 <class 'str'>

                        moeda: EUR <class 'str'>

                        montante: 900,00 <class 'str'>

                        saldo: 5744.01 <class 'str'>

                        nome: DNV AS <class 'str'>

                        cod: None <class 'NoneType'>
2024-05-10 23:11:34,497; INFO; main.process.111: Tratado em execução anterior do BOT
2024-05-10 23:11:34,497; INFO; main.process.64: extrato_list_nao_tratado processo 1
2024-05-10 23:11:34,497; INFO; main.process.68: PASSANDO PARA PROXIMO PROCESSO
2024-05-10 23:11:34,497; INFO; main.process.71: PROCESSO 2 de 44 A SER TRATADO: {'data': '07-05-2024', 'pi': '4066306', 'inv': '10716137', 'moeda': 'EUR', 'montante': '-6075.00', 'saldo': '6644.01', 'nome': 'DNV AS', 'cod': None}
2024-05-10 23:11:34,497; INFO; main.process.82: inv original 10716137. tamanho 8
2024-05-10 23:11:34,497; INFO; main.process.87: inv TRATADA 01071613701. tamanho 11
2024-05-10 23:11:34,497; INFO; main.process.99: data: 07052024 <class 'str'>

                        pi: 4066306 <class 'str'>

                        inv: 01071613701 <class 'str'>

                        moeda: EUR <class 'str'>

                        montante: 6075,00 <class 'str'>

                        saldo: 6644.01 <class 'str'>

                        nome: DNV AS <class 'str'>

                        cod: None <class 'NoneType'>
2024-05-10 23:11:34,497; INFO; main.process.111: Tratado em execução anterior do BOT
2024-05-10 23:11:34,497; INFO; main.process.64: extrato_list_nao_tratado processo 2
2024-05-10 23:11:34,497; INFO; main.process.68: PASSANDO PARA PROXIMO PROCESSO
2024-05-10 23:11:34,497; INFO; main.process.71: PROCESSO 3 de 44 A SER TRATADO: {'data': '06-05-2024', 'pi': '4062216', 'inv': '483684', 'moeda': 'GBP', 'montante': '-5090.00', 'saldo': '730.00', 'nome': 'ISLE OF MAN - GOVERNMENT', 'cod': None}
2024-05-10 23:11:34,497; INFO; main.process.82: inv original 483684. tamanho 6
2024-05-10 23:11:34,497; INFO; main.process.87: inv TRATADA 00048368401. tamanho 11
2024-05-10 23:11:34,497; INFO; main.process.99: data: 06052024 <class 'str'>

                        pi: 4062216 <class 'str'>

                        inv: 00048368401 <class 'str'>

                        moeda: GBP <class 'str'>

                        montante: 5090,00 <class 'str'>

                        saldo: 730.00 <class 'str'>

                        nome: ISLE OF MAN - GOVERNMENT <class 'str'>

                        cod: None <class 'NoneType'>
2024-05-10 23:11:34,497; INFO; main.process.111: Tratado em execução anterior do BOT
2024-05-10 23:11:34,497; INFO; main.process.64: extrato_list_nao_tratado processo 3
2024-05-10 23:11:34,497; INFO; main.process.68: PASSANDO PARA PROXIMO PROCESSO
2024-05-10 23:11:34,497; INFO; main.process.71: PROCESSO 4 de 44 A SER TRATADO: {'data': '06-05-2024', 'pi': '4062213', 'inv': '483683', 'moeda': 'GBP', 'montante': '-5090.00', 'saldo': '5820.00', 'nome': 'ISLE OF MAN - GOVERNMENT', 'cod': None}
2024-05-10 23:11:34,497; INFO; main.process.82: inv original 483683. tamanho 6
2024-05-10 23:11:34,497; INFO; main.process.87: inv TRATADA 00048368301. tamanho 11
2024-05-10 23:11:34,497; INFO; main.process.99: data: 06052024 <class 'str'>

                        pi: 4062213 <class 'str'>

                        inv: 00048368301 <class 'str'>

                        moeda: GBP <class 'str'>

                        montante: 5090,00 <class 'str'>

                        saldo: 5820.00 <class 'str'>

                        nome: ISLE OF MAN - GOVERNMENT <class 'str'>

                        cod: None <class 'NoneType'>
2024-05-10 23:11:34,497; INFO; main.process.111: Tratado em execução anterior do BOT
2024-05-10 23:11:34,497; INFO; main.process.64: extrato_list_nao_tratado processo 4
2024-05-10 23:11:34,497; INFO; main.process.68: PASSANDO PARA PROXIMO PROCESSO
2024-05-10 23:11:34,497; INFO; main.process.71: PROCESSO 5 de 44 A SER TRATADO: {'data': '06-05-2024', 'pi': '4062227', 'inv': '20068', 'moeda': 'NOK', 'montante': '-204000.00', 'saldo': '3958.66', 'nome': 'Ocean Electronics AS', 'cod': None}
2024-05-10 23:11:34,497; INFO; main.process.82: inv original 20068. tamanho 5
2024-05-10 23:11:34,513; INFO; main.process.87: inv TRATADA 00002006801. tamanho 11
2024-05-10 23:11:34,513; INFO; main.process.99: data: 06052024 <class 'str'>

                        pi: 4062227 <class 'str'>

                        inv: 00002006801 <class 'str'>

                        moeda: NOK <class 'str'>

                        montante: 204000,00 <class 'str'>

                        saldo: 3958.66 <class 'str'>

                        nome: Ocean Electronics AS <class 'str'>

                        cod: None <class 'NoneType'>
2024-05-10 23:11:34,513; INFO; main.process.111: Tratado em execução anterior do BOT
2024-05-10 23:11:34,513; INFO; main.process.64: extrato_list_nao_tratado processo 5
2024-05-10 23:11:34,513; INFO; main.process.68: PASSANDO PARA PROXIMO PROCESSO
2024-05-10 23:11:34,513; INFO; main.process.71: PROCESSO 6 de 44 A SER TRATADO: {'data': '06-05-2024', 'pi': '4062211', 'inv': '483682', 'moeda': 'GBP', 'montante': '-5090.00', 'saldo': '10910.00', 'nome': 'ISLE OF MAN - GOVERNMENT', 'cod': None}
2024-05-10 23:11:34,513; INFO; main.process.82: inv original 483682. tamanho 6
2024-05-10 23:11:34,513; INFO; main.process.87: inv TRATADA 00048368201. tamanho 11
2024-05-10 23:11:34,513; INFO; main.process.99: data: 06052024 <class 'str'>

                        pi: 4062211 <class 'str'>

                        inv: 00048368201 <class 'str'>

                        moeda: GBP <class 'str'>

                        montante: 5090,00 <class 'str'>

                        saldo: 10910.00 <class 'str'>

                        nome: ISLE OF MAN - GOVERNMENT <class 'str'>

                        cod: None <class 'NoneType'>
2024-05-10 23:11:34,513; INFO; main.process.111: Tratado em execução anterior do BOT
2024-05-10 23:11:34,513; INFO; main.process.64: extrato_list_nao_tratado processo 6
2024-05-10 23:11:34,513; INFO; main.process.68: PASSANDO PARA PROXIMO PROCESSO
2024-05-10 23:11:34,513; INFO; main.process.71: PROCESSO 7 de 44 A SER TRATADO: {'data': '06-05-2024', 'pi': '4062219', 'inv': '10857', 'moeda': 'NOK', 'montante': '-580000.00', 'saldo': '207958.66', 'nome': 'Marin Teknikk AS', 'cod': None}
2024-05-10 23:11:34,513; INFO; main.process.82: inv original 10857. tamanho 5
2024-05-10 23:11:34,513; INFO; main.process.87: inv TRATADA 00001085701. tamanho 11
2024-05-10 23:11:34,513; INFO; main.process.99: data: 06052024 <class 'str'>

                        pi: 4062219 <class 'str'>

                        inv: 00001085701 <class 'str'>

                        moeda: NOK <class 'str'>

                        montante: 580000,00 <class 'str'>

                        saldo: 207958.66 <class 'str'>

                        nome: Marin Teknikk AS <class 'str'>

                        cod: None <class 'NoneType'>
2024-05-10 23:11:34,513; INFO; main.process.111: Tratado em execução anterior do BOT
2024-05-10 23:11:34,513; INFO; main.process.64: extrato_list_nao_tratado processo 7
2024-05-10 23:11:34,513; INFO; main.process.68: PASSANDO PARA PROXIMO PROCESSO
2024-05-10 23:11:34,513; INFO; main.process.71: PROCESSO 8 de 44 A SER TRATADO: {'data': '06-05-2024', 'pi': '4062209', 'inv': '241450007', 'moeda': 'EUR', 'montante': '-21038.31', 'saldo': '12719.01', 'nome': 'Holland Accommodation Rentals VOF', 'cod': None}
2024-05-10 23:11:34,513; INFO; main.process.82: inv original 241450007. tamanho 9
2024-05-10 23:11:34,513; INFO; main.process.87: inv TRATADA 24145000701. tamanho 11
2024-05-10 23:11:34,513; INFO; main.process.99: data: 06052024 <class 'str'>

                        pi: 4062209 <class 'str'>

                        inv: 24145000701 <class 'str'>

                        moeda: EUR <class 'str'>

                        montante: 21038,31 <class 'str'>

                        saldo: 12719.01 <class 'str'>

                        nome: Holland Accommodation Rentals VOF <class 'str'>

                        cod: None <class 'NoneType'>
2024-05-10 23:11:34,513; INFO; functions.filter_lancamento.196: filter_lancamento : 1
2024-05-10 23:11:44,731; INFO; functions.filter_lancamento.223: ESCREVE Número do documento NO FILTRO
2024-05-10 23:11:46,325; INFO; functions.filter_lancamento.228: CLICK - BOTÃO DE SELECAO DE FILTRO
2024-05-10 23:11:48,305; INFO; functions.filter_lancamento.253: VALOR DE 24145000701 FILTRO
2024-05-10 23:11:48,930; INFO; functions.filter_lancamento.258: CLICK - BOTÃO DE EXECUTAR O FILTRO
2024-05-10 23:11:53,605; INFO; functions.desmark_filter.315: CLICK CHECKBOX LANÇAMENTOS A RECEBER
2024-05-10 23:11:54,390; INFO; functions.desmark_filter.319: CLICK CHECKBOX LANÇAMENTOS BAIXADOS
2024-05-10 23:11:55,193; INFO; functions.desmark_filter.323: CLICK CHECKBOX LANÇAMENTOS CANCELADOS
2024-05-10 23:11:56,048; INFO; functions.desmark_filter.327: CLICK CHECKBOX LANÇAMENTOS FATURADOS
2024-05-10 23:11:56,935; INFO; functions.desmark_filter.331: ATUALIZA O FILTRO
2024-05-10 23:11:57,071; INFO; functions.waitForImage.951: FILTER CLEAN image found.
2024-05-10 23:11:57,179; INFO; functions.filter_clean.266: CLICA NO BOTÃO X DO LIMPA FILTRO - TENTATIVA 1
2024-05-10 23:12:09,319; INFO; functions.waitForImage.982: FILTER CLEAN image not found.
2024-05-10 23:12:09,319; INFO; functions.filter_clean.269: BOTÃO X DO LIMPA FILTRO NÃO ENCONTRADO - TENTATIVA 2
2024-05-10 23:12:19,471; INFO; functions.waitForImage.982: FILTER CLEAN image not found.
2024-05-10 23:12:19,471; INFO; functions.filter_clean.269: BOTÃO X DO LIMPA FILTRO NÃO ENCONTRADO - TENTATIVA 3
2024-05-10 23:12:20,299; INFO; functions.select_tipo_documento.276: NOME DA COLUNA: Tipo de Documento
2024-05-10 23:12:21,520; INFO; functions.select_tipo_documento.280: HOVER NOME DA COLUNA: Tipo de Documento
2024-05-10 23:12:23,097; INFO; functions.select_tipo_documento.292: CLICA NO FILTRO PERSONALIZAR
2024-05-10 23:12:23,932; INFO; functions.select_tipo_documento.296: CLICA PARA SELECIONAR OPÇÕES DO FILTRO
2024-05-10 23:12:30,955; INFO; functions.select_tipo_documento.308: CLICK BUTTON CONFIRMAR FILTRO
2024-05-10 23:12:30,955; INFO; functions.check_table_record.336: VERIFICANDO SE A TABELA ESTÁ VAZIA
2024-05-10 23:12:31,783; INFO; functions.check_table_record.340: VERIFICAdo
2024-05-10 23:12:39,863; INFO; functions.check_table_record.346: CTRL+G
2024-05-10 23:12:40,441; INFO; functions.check_table_record.350: Para este processo é necessário que existam registros na visão.
2024-05-10 23:12:43,448; INFO; functions.check_table_record.357: SEM REGISTROS ENCONTRADOS
2024-05-10 23:12:43,549; INFO; main.process.134: Nenhuma INV encontrada
2024-05-10 23:12:43,549; INFO; main.process.64: extrato_list_nao_tratado processo 8
2024-05-10 23:12:43,549; INFO; main.process.68: PASSANDO PARA PROXIMO PROCESSO
2024-05-10 23:12:43,549; INFO; main.process.71: PROCESSO 9 de 44 A SER TRATADO: {'data': '06-05-2024', 'pi': '4062232', 'inv': '10001602', 'moeda': 'USD', 'montante': '-390.00', 'saldo': '888082.70', 'nome': 'PT. SNEPAC SHIPPING', 'cod': None}
2024-05-10 23:12:43,549; INFO; main.process.82: inv original 10001602. tamanho 8
2024-05-10 23:12:43,549; INFO; main.process.87: inv TRATADA 01000160201. tamanho 11
2024-05-10 23:12:43,549; INFO; main.process.99: data: 06052024 <class 'str'>

                        pi: 4062232 <class 'str'>

                        inv: 01000160201 <class 'str'>

                        moeda: USD <class 'str'>

                        montante: 390,00 <class 'str'>

                        saldo: 888082.70 <class 'str'>

                        nome: PT. SNEPAC SHIPPING <class 'str'>

                        cod: None <class 'NoneType'>
2024-05-10 23:12:43,549; INFO; main.process.111: Tratado em execução anterior do BOT
2024-05-10 23:12:43,549; INFO; main.process.64: extrato_list_nao_tratado processo 9
2024-05-10 23:12:43,549; INFO; main.process.68: PASSANDO PARA PROXIMO PROCESSO
2024-05-10 23:12:43,549; INFO; main.process.71: PROCESSO 10 de 44 A SER TRATADO: {'data': '06-05-2024', 'pi': '4062231', 'inv': '1000185', 'moeda': 'USD', 'montante': '-3542.65', 'saldo': '888472.70', 'nome': 'PT. SNEPAC SHIPPING', 'cod': None}
2024-05-10 23:12:43,549; INFO; main.process.82: inv original 1000185. tamanho 7
2024-05-10 23:12:43,549; INFO; main.process.87: inv TRATADA 00100018501. tamanho 11
2024-05-10 23:12:43,549; INFO; main.process.99: data: 06052024 <class 'str'>

                        pi: 4062231 <class 'str'>

                        inv: 00100018501 <class 'str'>

                        moeda: USD <class 'str'>

                        montante: 3542,65 <class 'str'>

                        saldo: 888472.70 <class 'str'>

                        nome: PT. SNEPAC SHIPPING <class 'str'>

                        cod: None <class 'NoneType'>
2024-05-10 23:12:43,549; INFO; main.process.111: Tratado em execução anterior do BOT
2024-05-10 23:12:43,549; INFO; main.process.64: extrato_list_nao_tratado processo 10
2024-05-10 23:12:43,549; INFO; main.process.68: PASSANDO PARA PROXIMO PROCESSO
2024-05-10 23:12:43,549; INFO; main.process.71: PROCESSO 11 de 44 A SER TRATADO: {'data': '06-05-2024', 'pi': '4062229', 'inv': '11042024', 'moeda': 'USD', 'montante': '-23143.48', 'saldo': '892015.35', 'nome': 'INCHCAPE SHIPPING SERVICES', 'cod': None}
2024-05-10 23:12:43,549; INFO; main.process.82: inv original 11042024. tamanho 8
2024-05-10 23:12:43,549; INFO; main.process.87: inv TRATADA 01104202401. tamanho 11
2024-05-10 23:12:43,549; INFO; main.process.99: data: 06052024 <class 'str'>

                        pi: 4062229 <class 'str'>

                        inv: 01104202401 <class 'str'>

                        moeda: USD <class 'str'>

                        montante: 23143,48 <class 'str'>

                        saldo: 892015.35 <class 'str'>

                        nome: INCHCAPE SHIPPING SERVICES <class 'str'>

                        cod: None <class 'NoneType'>
2024-05-10 23:12:43,549; INFO; functions.filter_lancamento.231: filter_lancamento : 2
2024-05-10 23:12:45,324; INFO; functions.waitForImage.951: NOVO FILTRO image found.
2024-05-10 23:12:45,451; INFO; functions.filter_lancamento.240: CLICK - BOTÃO DE NOVA SELECAO DE FILTRO
2024-05-10 23:12:47,143; INFO; functions.filter_lancamento.253: VALOR DE 01104202401 FILTRO
2024-05-10 23:12:47,737; INFO; functions.filter_lancamento.258: CLICK - BOTÃO DE EXECUTAR O FILTRO
2024-05-10 23:12:47,753; INFO; functions.check_table_record.336: VERIFICANDO SE A TABELA ESTÁ VAZIA
2024-05-10 23:12:49,908; INFO; functions.check_table_record.340: VERIFICAdo
2024-05-10 23:12:50,668; INFO; functions.check_table_record.346: CTRL+G
2024-05-10 23:12:51,278; INFO; functions.check_table_record.350: ATENÇÃO: 

Este processo exige que seja selecionado ao menos um registro para sua execução.
Como não foi feita nenhuma seleção, você deseja executá-lo para TODOS os 1 registros?
2024-05-10 23:12:53,286; INFO; functions.check_table_record.364: NUMERO DE REGISTROS ENCONTRADOS: 1
2024-05-10 23:12:54,983; INFO; functions.check_table_record.370: CLICK NÃO
2024-05-10 23:12:56,984; INFO; functions.check_inv.468: MOVIDO PRA CIMA 1 VEZES
2024-05-10 23:12:57,899; INFO; functions.check_inv.475: PRIMEIRA CELULA CLICADA
2024-05-10 23:13:01,428; INFO; functions.check_inv.479: 35 PASSOS PARA ESQUERDA
2024-05-10 23:13:03,243; INFO; functions.check_inv.484: 18 PASSOS PARA DIREITA
2024-05-10 23:13:05,244; INFO; functions.check_inv.490: BUSCA NA LINHA: 1
2024-05-10 23:13:05,244; INFO; functions.check_inv.496: ctrl c
2024-05-10 23:13:05,846; ERROR; functions.show_exception_and_exit.24: cannot access local variable 'inv_number' where it is not associated with a value
Traceback (most recent call last):
  File "C:\Projetos_Retornos\Retorno_Pg_Moeda_Estrangeira\main.py", line 174, in <module>
    process()
  File "C:\Projetos_Retornos\Retorno_Pg_Moeda_Estrangeira\main.py", line 140, in process
    erro = check_inv(inv, nome, valor)
           ^^^^^^^^^^^^^^^^^^^^^^^^^^^
  File "C:\Projetos_Retornos\Retorno_Pg_Moeda_Estrangeira\SUBPROGRAMS\functions.py", line 500, in check_inv
    logging.info(f'Buscando: {inv_number} - {vetor_coligada}')
                              ^^^^^^^^^^
UnboundLocalError: cannot access local variable 'inv_number' where it is not associated with a value
2024-05-10 23:13:06,143; INFO; functions.show_exception_and_exit.31: PRINT SALVO
2024-05-10 23:13:07,155; INFO; functions.encerra_prog.383: Fechando Excel...
2024-05-10 23:13:07,186; INFO; functions.getPid.1086: Dentro função GetPid

2024-05-10 23:13:07,327; INFO; functions.getPid.1096: Process RM.exe / PID: 13652 found.
2024-05-10 23:13:07,327; INFO; functions.pidKillFinish.1107: Process RM.exe / PID: 13652 killed.
2024-05-10 23:13:07,327; INFO; functions.encerra_prog.389: RM ENCERRADO
2024-05-10 23:13:08,845; WARNING; errorhandler.__handle.104: Property: Unknown Property name. [1:203: -ms-interpolation-mode]
2024-05-10 23:13:08,845; WARNING; errorhandler.__handle.104: Property: Unknown Property name. [1:353: -webkit-font-smoothing]
2024-05-10 23:13:08,845; WARNING; errorhandler.__handle.104: Property: Unknown Property name. [1:483: -ms-text-size-adjust]
2024-05-10 23:13:08,845; WARNING; errorhandler.__handle.104: Property: Unknown Property name. [1:518: -webkit-text-size-adjust]
2024-05-10 23:13:08,845; WARNING; errorhandler.__handle.104: Property: Unknown Property name. [1:612: mso-table-lspace]
2024-05-10 23:13:08,845; WARNING; errorhandler.__handle.104: Property: Unknown Property name. [1:642: mso-table-rspace]
2024-05-10 23:13:08,892; WARNING; errorhandler.__handle.104: Property: Unknown Property name. [1:4734: mso-hide]
2024-05-10 23:13:08,923; WARNING; errorhandler.__handle.104: Property: Unknown Property name. [1:13: -ms-interpolation-mode]
2024-05-10 23:13:08,923; WARNING; errorhandler.__handle.104: Property: Unknown Property name. [1:49: -webkit-font-smoothing]
2024-05-10 23:13:08,923; WARNING; errorhandler.__handle.104: Property: Unknown Property name. [1:134: -ms-text-size-adjust]
2024-05-10 23:13:08,923; WARNING; errorhandler.__handle.104: Property: Unknown Property name. [1:160: -webkit-text-size-adjust]
2024-05-10 23:13:08,923; WARNING; errorhandler.__handle.104: Property: Unknown Property name. [1:26: mso-table-lspace]
2024-05-10 23:13:08,923; WARNING; errorhandler.__handle.104: Property: Unknown Property name. [1:45: mso-table-rspace]
2024-05-10 23:13:08,923; WARNING; errorhandler.__handle.104: Property: Unknown Property name. [1:92: mso-hide]
2024-05-10 23:13:08,938; ERROR; errorhandler.__handle.104: Property: No ":" after name found: align-center [1:1: align-center]
2024-05-10 23:13:08,938; ERROR; errorhandler.__handle.104: Property: No property value found: align-center [1:1: align-center]
2024-05-10 23:13:08,938; ERROR; errorhandler.__handle.104: CSSStyleDeclaration: Syntax Error in Property: align-center
2024-05-10 23:13:08,938; WARNING; errorhandler.__handle.104: Property: Unknown Property name. [1:14: -ms-interpolation-mode]
